[2024-07-10T09:13:51.551+0000] {local_task_job_runner.py:120} INFO - ::group::Pre task execution logs
[2024-07-10T09:13:51.651+0000] {taskinstance.py:2076} INFO - Dependencies all met for dep_context=non-requeueable deps ti=<TaskInstance: market_etl.create_fact_table scheduled__2024-06-27T06:15:00+00:00 [queued]>
[2024-07-10T09:13:51.658+0000] {taskinstance.py:2076} INFO - Dependencies all met for dep_context=requeueable deps ti=<TaskInstance: market_etl.create_fact_table scheduled__2024-06-27T06:15:00+00:00 [queued]>
[2024-07-10T09:13:51.658+0000] {taskinstance.py:2306} INFO - Starting attempt 1 of 4
[2024-07-10T09:13:51.667+0000] {taskinstance.py:2330} INFO - Executing <Task(_PythonDecoratedOperator): create_fact_table> on 2024-06-27 06:15:00+00:00
[2024-07-10T09:13:51.680+0000] {warnings.py:112} WARNING - /home/airflow/.local/lib/python3.12/site-packages/airflow/task/task_runner/standard_task_runner.py:61: DeprecationWarning: This process (pid=311) is multi-threaded, use of fork() may lead to deadlocks in the child.
  pid = os.fork()

[2024-07-10T09:13:51.685+0000] {standard_task_runner.py:63} INFO - Started process 321 to run task
[2024-07-10T09:13:51.685+0000] {standard_task_runner.py:90} INFO - Running: ['airflow', 'tasks', 'run', 'market_etl', 'create_fact_table', 'scheduled__2024-06-27T06:15:00+00:00', '--job-id', '311', '--raw', '--subdir', 'DAGS_FOLDER/etl.py', '--cfg-path', '/tmp/tmpsxdfkz0t']
[2024-07-10T09:13:51.688+0000] {standard_task_runner.py:91} INFO - Job 311: Subtask create_fact_table
[2024-07-10T09:13:51.774+0000] {task_command.py:426} INFO - Running <TaskInstance: market_etl.create_fact_table scheduled__2024-06-27T06:15:00+00:00 [running]> on host 514b016b59c3
[2024-07-10T09:13:52.166+0000] {taskinstance.py:2648} INFO - Exporting env vars: AIRFLOW_CTX_DAG_OWNER='airflow' AIRFLOW_CTX_DAG_ID='market_etl' AIRFLOW_CTX_TASK_ID='create_fact_table' AIRFLOW_CTX_EXECUTION_DATE='2024-06-27T06:15:00+00:00' AIRFLOW_CTX_TRY_NUMBER='1' AIRFLOW_CTX_DAG_RUN_ID='scheduled__2024-06-27T06:15:00+00:00'
[2024-07-10T09:13:52.170+0000] {taskinstance.py:430} INFO - ::endgroup::
[2024-07-10T09:13:52.185+0000] {python.py:237} INFO - Done. Returned value was:     SECURITY_ID BUSINESS_DATE  ...  AVERAGE_TRADED_PRICE          STOCK_ID
0          ADBL    2024-07-09  ...                285.25   ADBL_2024-07-09
1           AHL    2024-07-09  ...                518.39    AHL_2024-07-09
2          AHPC    2024-07-09  ...                154.33   AHPC_2024-07-09
3         AKJCL    2024-07-09  ...                221.13  AKJCL_2024-07-09
4          AKPL    2024-07-09  ...                163.25   AKPL_2024-07-09
..          ...           ...  ...                   ...               ...
310        USHL    2024-07-09  ...                580.62   USHL_2024-07-09
311        USLB    2024-07-09  ...               1748.07   USLB_2024-07-09
312        VLBS    2024-07-09  ...               1044.35   VLBS_2024-07-09
313       VLUCL    2024-07-09  ...                511.52  VLUCL_2024-07-09
314        WNLB    2024-07-09  ...               1511.85   WNLB_2024-07-09

[315 rows x 8 columns]
[2024-07-10T09:13:52.209+0000] {taskinstance.py:441} INFO - ::group::Post task execution logs
[2024-07-10T09:13:52.266+0000] {taskinstance.py:1206} INFO - Marking task as SUCCESS. dag_id=market_etl, task_id=create_fact_table, run_id=scheduled__2024-06-27T06:15:00+00:00, execution_date=20240627T061500, start_date=20240710T091351, end_date=20240710T091352
[2024-07-10T09:13:52.320+0000] {local_task_job_runner.py:240} INFO - Task exited with return code 0
[2024-07-10T09:13:52.357+0000] {taskinstance.py:3503} INFO - 0 downstream tasks scheduled from follow-on schedule check
[2024-07-10T09:13:52.359+0000] {local_task_job_runner.py:222} INFO - ::endgroup::
[2024-07-10T09:23:00.423+0000] {local_task_job_runner.py:120} INFO - ::group::Pre task execution logs
[2024-07-10T09:23:00.446+0000] {taskinstance.py:2076} INFO - Dependencies all met for dep_context=non-requeueable deps ti=<TaskInstance: market_etl.create_fact_table scheduled__2024-06-27T06:15:00+00:00 [queued]>
[2024-07-10T09:23:00.454+0000] {taskinstance.py:2076} INFO - Dependencies all met for dep_context=requeueable deps ti=<TaskInstance: market_etl.create_fact_table scheduled__2024-06-27T06:15:00+00:00 [queued]>
[2024-07-10T09:23:00.454+0000] {taskinstance.py:2306} INFO - Starting attempt 1 of 4
[2024-07-10T09:23:00.476+0000] {taskinstance.py:2330} INFO - Executing <Task(_PythonDecoratedOperator): create_fact_table> on 2024-06-27 06:15:00+00:00
[2024-07-10T09:23:00.496+0000] {warnings.py:112} WARNING - /home/airflow/.local/lib/python3.12/site-packages/airflow/task/task_runner/standard_task_runner.py:61: DeprecationWarning: This process (pid=317) is multi-threaded, use of fork() may lead to deadlocks in the child.
  pid = os.fork()

[2024-07-10T09:23:00.500+0000] {standard_task_runner.py:63} INFO - Started process 327 to run task
[2024-07-10T09:23:00.501+0000] {standard_task_runner.py:90} INFO - Running: ['airflow', 'tasks', 'run', 'market_etl', 'create_fact_table', 'scheduled__2024-06-27T06:15:00+00:00', '--job-id', '433', '--raw', '--subdir', 'DAGS_FOLDER/etl.py', '--cfg-path', '/tmp/tmp5ippc280']
[2024-07-10T09:23:00.505+0000] {standard_task_runner.py:91} INFO - Job 433: Subtask create_fact_table
[2024-07-10T09:23:00.580+0000] {task_command.py:426} INFO - Running <TaskInstance: market_etl.create_fact_table scheduled__2024-06-27T06:15:00+00:00 [running]> on host 514b016b59c3
[2024-07-10T09:23:00.892+0000] {taskinstance.py:2648} INFO - Exporting env vars: AIRFLOW_CTX_DAG_OWNER='airflow' AIRFLOW_CTX_DAG_ID='market_etl' AIRFLOW_CTX_TASK_ID='create_fact_table' AIRFLOW_CTX_EXECUTION_DATE='2024-06-27T06:15:00+00:00' AIRFLOW_CTX_TRY_NUMBER='1' AIRFLOW_CTX_DAG_RUN_ID='scheduled__2024-06-27T06:15:00+00:00'
[2024-07-10T09:23:00.895+0000] {taskinstance.py:430} INFO - ::endgroup::
[2024-07-10T09:23:00.911+0000] {python.py:237} INFO - Done. Returned value was:     SECURITY_ID BUSINESS_DATE  ...          STOCK_ID                   PRICE_ID
0          ADBL    2024-07-09  ...   ADBL_2024-07-09   ADBL_2024-07-09 00:00:00
1           AHL    2024-07-09  ...    AHL_2024-07-09    AHL_2024-07-09 00:00:00
2          AHPC    2024-07-09  ...   AHPC_2024-07-09   AHPC_2024-07-09 00:00:00
3         AKJCL    2024-07-09  ...  AKJCL_2024-07-09  AKJCL_2024-07-09 00:00:00
4          AKPL    2024-07-09  ...   AKPL_2024-07-09   AKPL_2024-07-09 00:00:00
..          ...           ...  ...               ...                        ...
310        USHL    2024-07-09  ...   USHL_2024-07-09   USHL_2024-07-09 00:00:00
311        USLB    2024-07-09  ...   USLB_2024-07-09   USLB_2024-07-09 00:00:00
312        VLBS    2024-07-09  ...   VLBS_2024-07-09   VLBS_2024-07-09 00:00:00
313       VLUCL    2024-07-09  ...  VLUCL_2024-07-09  VLUCL_2024-07-09 00:00:00
314        WNLB    2024-07-09  ...   WNLB_2024-07-09   WNLB_2024-07-09 00:00:00

[315 rows x 9 columns]
[2024-07-10T09:23:00.926+0000] {taskinstance.py:441} INFO - ::group::Post task execution logs
[2024-07-10T09:23:00.986+0000] {taskinstance.py:1206} INFO - Marking task as SUCCESS. dag_id=market_etl, task_id=create_fact_table, run_id=scheduled__2024-06-27T06:15:00+00:00, execution_date=20240627T061500, start_date=20240710T092300, end_date=20240710T092300
[2024-07-10T09:23:01.011+0000] {local_task_job_runner.py:240} INFO - Task exited with return code 0
[2024-07-10T09:23:01.043+0000] {local_task_job_runner.py:222} INFO - ::endgroup::
[2024-07-10T09:31:20.159+0000] {local_task_job_runner.py:120} INFO - ::group::Pre task execution logs
[2024-07-10T09:31:20.212+0000] {taskinstance.py:2076} INFO - Dependencies all met for dep_context=non-requeueable deps ti=<TaskInstance: market_etl.create_fact_table scheduled__2024-06-27T06:15:00+00:00 [queued]>
[2024-07-10T09:31:20.221+0000] {taskinstance.py:2076} INFO - Dependencies all met for dep_context=requeueable deps ti=<TaskInstance: market_etl.create_fact_table scheduled__2024-06-27T06:15:00+00:00 [queued]>
[2024-07-10T09:31:20.222+0000] {taskinstance.py:2306} INFO - Starting attempt 1 of 4
[2024-07-10T09:31:20.244+0000] {taskinstance.py:2330} INFO - Executing <Task(_PythonDecoratedOperator): create_fact_table> on 2024-06-27 06:15:00+00:00
[2024-07-10T09:31:20.280+0000] {warnings.py:112} WARNING - /home/airflow/.local/lib/python3.12/site-packages/airflow/task/task_runner/standard_task_runner.py:61: DeprecationWarning: This process (pid=310) is multi-threaded, use of fork() may lead to deadlocks in the child.
  pid = os.fork()

[2024-07-10T09:31:20.286+0000] {standard_task_runner.py:63} INFO - Started process 316 to run task
[2024-07-10T09:31:20.282+0000] {standard_task_runner.py:90} INFO - Running: ['airflow', 'tasks', 'run', 'market_etl', 'create_fact_table', 'scheduled__2024-06-27T06:15:00+00:00', '--job-id', '502', '--raw', '--subdir', 'DAGS_FOLDER/etl.py', '--cfg-path', '/tmp/tmp2eg22fub']
[2024-07-10T09:31:20.292+0000] {standard_task_runner.py:91} INFO - Job 502: Subtask create_fact_table
[2024-07-10T09:31:20.511+0000] {task_command.py:426} INFO - Running <TaskInstance: market_etl.create_fact_table scheduled__2024-06-27T06:15:00+00:00 [running]> on host 514b016b59c3
[2024-07-10T09:31:20.888+0000] {taskinstance.py:2648} INFO - Exporting env vars: AIRFLOW_CTX_DAG_OWNER='airflow' AIRFLOW_CTX_DAG_ID='market_etl' AIRFLOW_CTX_TASK_ID='create_fact_table' AIRFLOW_CTX_EXECUTION_DATE='2024-06-27T06:15:00+00:00' AIRFLOW_CTX_TRY_NUMBER='1' AIRFLOW_CTX_DAG_RUN_ID='scheduled__2024-06-27T06:15:00+00:00'
[2024-07-10T09:31:20.892+0000] {taskinstance.py:430} INFO - ::endgroup::
[2024-07-10T09:31:20.904+0000] {python.py:237} INFO - Done. Returned value was:     SECURITY_ID BUSINESS_DATE  ...          STOCK_ID          PRICE_ID
0          ADBL    2024-07-09  ...   ADBL_2024-07-09   ADBL_2024-07-09
1           AHL    2024-07-09  ...    AHL_2024-07-09    AHL_2024-07-09
2          AHPC    2024-07-09  ...   AHPC_2024-07-09   AHPC_2024-07-09
3         AKJCL    2024-07-09  ...  AKJCL_2024-07-09  AKJCL_2024-07-09
4          AKPL    2024-07-09  ...   AKPL_2024-07-09   AKPL_2024-07-09
..          ...           ...  ...               ...               ...
310        USHL    2024-07-09  ...   USHL_2024-07-09   USHL_2024-07-09
311        USLB    2024-07-09  ...   USLB_2024-07-09   USLB_2024-07-09
312        VLBS    2024-07-09  ...   VLBS_2024-07-09   VLBS_2024-07-09
313       VLUCL    2024-07-09  ...  VLUCL_2024-07-09  VLUCL_2024-07-09
314        WNLB    2024-07-09  ...   WNLB_2024-07-09   WNLB_2024-07-09

[315 rows x 9 columns]
[2024-07-10T09:31:20.917+0000] {taskinstance.py:441} INFO - ::group::Post task execution logs
[2024-07-10T09:31:20.990+0000] {taskinstance.py:1206} INFO - Marking task as SUCCESS. dag_id=market_etl, task_id=create_fact_table, run_id=scheduled__2024-06-27T06:15:00+00:00, execution_date=20240627T061500, start_date=20240710T093120, end_date=20240710T093120
[2024-07-10T09:31:21.056+0000] {local_task_job_runner.py:240} INFO - Task exited with return code 0
[2024-07-10T09:31:21.122+0000] {taskinstance.py:3503} INFO - 0 downstream tasks scheduled from follow-on schedule check
[2024-07-10T09:31:21.124+0000] {local_task_job_runner.py:222} INFO - ::endgroup::
[2024-07-10T09:52:41.653+0000] {local_task_job_runner.py:120} INFO - ::group::Pre task execution logs
[2024-07-10T09:52:41.669+0000] {taskinstance.py:2076} INFO - Dependencies all met for dep_context=non-requeueable deps ti=<TaskInstance: market_etl.create_fact_table scheduled__2024-06-27T06:15:00+00:00 [queued]>
[2024-07-10T09:52:41.675+0000] {taskinstance.py:2076} INFO - Dependencies all met for dep_context=requeueable deps ti=<TaskInstance: market_etl.create_fact_table scheduled__2024-06-27T06:15:00+00:00 [queued]>
[2024-07-10T09:52:41.676+0000] {taskinstance.py:2306} INFO - Starting attempt 1 of 4
[2024-07-10T09:52:41.683+0000] {taskinstance.py:2330} INFO - Executing <Task(_PythonDecoratedOperator): create_fact_table> on 2024-06-27 06:15:00+00:00
[2024-07-10T09:52:41.688+0000] {warnings.py:112} WARNING - /home/airflow/.local/lib/python3.12/site-packages/airflow/task/task_runner/standard_task_runner.py:61: DeprecationWarning: This process (pid=311) is multi-threaded, use of fork() may lead to deadlocks in the child.
  pid = os.fork()

[2024-07-10T09:52:41.690+0000] {standard_task_runner.py:63} INFO - Started process 316 to run task
[2024-07-10T09:52:41.691+0000] {standard_task_runner.py:90} INFO - Running: ['airflow', 'tasks', 'run', 'market_etl', 'create_fact_table', 'scheduled__2024-06-27T06:15:00+00:00', '--job-id', '560', '--raw', '--subdir', 'DAGS_FOLDER/etl.py', '--cfg-path', '/tmp/tmp6x3h0lc2']
[2024-07-10T09:52:41.693+0000] {standard_task_runner.py:91} INFO - Job 560: Subtask create_fact_table
[2024-07-10T09:52:41.741+0000] {task_command.py:426} INFO - Running <TaskInstance: market_etl.create_fact_table scheduled__2024-06-27T06:15:00+00:00 [running]> on host 514b016b59c3
[2024-07-10T09:52:41.921+0000] {taskinstance.py:2648} INFO - Exporting env vars: AIRFLOW_CTX_DAG_OWNER='airflow' AIRFLOW_CTX_DAG_ID='market_etl' AIRFLOW_CTX_TASK_ID='create_fact_table' AIRFLOW_CTX_EXECUTION_DATE='2024-06-27T06:15:00+00:00' AIRFLOW_CTX_TRY_NUMBER='1' AIRFLOW_CTX_DAG_RUN_ID='scheduled__2024-06-27T06:15:00+00:00'
[2024-07-10T09:52:41.923+0000] {taskinstance.py:430} INFO - ::endgroup::
[2024-07-10T09:52:41.930+0000] {python.py:237} INFO - Done. Returned value was:     SECURITY_ID BUSINESS_DATE  ...          STOCK_ID          PRICE_ID
0          ADBL    2024-07-09  ...   ADBL_2024-07-09   ADBL_2024-07-09
1           AHL    2024-07-09  ...    AHL_2024-07-09    AHL_2024-07-09
2          AHPC    2024-07-09  ...   AHPC_2024-07-09   AHPC_2024-07-09
3         AKJCL    2024-07-09  ...  AKJCL_2024-07-09  AKJCL_2024-07-09
4          AKPL    2024-07-09  ...   AKPL_2024-07-09   AKPL_2024-07-09
..          ...           ...  ...               ...               ...
310        USHL    2024-07-09  ...   USHL_2024-07-09   USHL_2024-07-09
311        USLB    2024-07-09  ...   USLB_2024-07-09   USLB_2024-07-09
312        VLBS    2024-07-09  ...   VLBS_2024-07-09   VLBS_2024-07-09
313       VLUCL    2024-07-09  ...  VLUCL_2024-07-09  VLUCL_2024-07-09
314        WNLB    2024-07-09  ...   WNLB_2024-07-09   WNLB_2024-07-09

[315 rows x 9 columns]
[2024-07-10T09:52:41.945+0000] {taskinstance.py:441} INFO - ::group::Post task execution logs
[2024-07-10T09:52:41.979+0000] {taskinstance.py:1206} INFO - Marking task as SUCCESS. dag_id=market_etl, task_id=create_fact_table, run_id=scheduled__2024-06-27T06:15:00+00:00, execution_date=20240627T061500, start_date=20240710T095241, end_date=20240710T095241
[2024-07-10T09:52:41.996+0000] {local_task_job_runner.py:240} INFO - Task exited with return code 0
[2024-07-10T09:52:42.022+0000] {taskinstance.py:3503} INFO - 0 downstream tasks scheduled from follow-on schedule check
[2024-07-10T09:52:42.024+0000] {local_task_job_runner.py:222} INFO - ::endgroup::
[2024-07-10T10:02:39.180+0000] {local_task_job_runner.py:120} INFO - ::group::Pre task execution logs
[2024-07-10T10:02:39.266+0000] {taskinstance.py:2076} INFO - Dependencies all met for dep_context=non-requeueable deps ti=<TaskInstance: market_etl.create_fact_table scheduled__2024-06-27T06:15:00+00:00 [queued]>
[2024-07-10T10:02:39.289+0000] {taskinstance.py:2076} INFO - Dependencies all met for dep_context=requeueable deps ti=<TaskInstance: market_etl.create_fact_table scheduled__2024-06-27T06:15:00+00:00 [queued]>
[2024-07-10T10:02:39.290+0000] {taskinstance.py:2306} INFO - Starting attempt 1 of 4
[2024-07-10T10:02:39.316+0000] {taskinstance.py:2330} INFO - Executing <Task(_PythonDecoratedOperator): create_fact_table> on 2024-06-27 06:15:00+00:00
[2024-07-10T10:02:39.326+0000] {warnings.py:112} WARNING - /home/airflow/.local/lib/python3.12/site-packages/airflow/task/task_runner/standard_task_runner.py:61: DeprecationWarning: This process (pid=318) is multi-threaded, use of fork() may lead to deadlocks in the child.
  pid = os.fork()

[2024-07-10T10:02:39.328+0000] {standard_task_runner.py:63} INFO - Started process 324 to run task
[2024-07-10T10:02:39.330+0000] {standard_task_runner.py:90} INFO - Running: ['airflow', 'tasks', 'run', 'market_etl', 'create_fact_table', 'scheduled__2024-06-27T06:15:00+00:00', '--job-id', '646', '--raw', '--subdir', 'DAGS_FOLDER/etl.py', '--cfg-path', '/tmp/tmpl2890p06']
[2024-07-10T10:02:39.334+0000] {standard_task_runner.py:91} INFO - Job 646: Subtask create_fact_table
[2024-07-10T10:02:39.435+0000] {task_command.py:426} INFO - Running <TaskInstance: market_etl.create_fact_table scheduled__2024-06-27T06:15:00+00:00 [running]> on host 514b016b59c3
[2024-07-10T10:02:39.744+0000] {taskinstance.py:2648} INFO - Exporting env vars: AIRFLOW_CTX_DAG_OWNER='airflow' AIRFLOW_CTX_DAG_ID='market_etl' AIRFLOW_CTX_TASK_ID='create_fact_table' AIRFLOW_CTX_EXECUTION_DATE='2024-06-27T06:15:00+00:00' AIRFLOW_CTX_TRY_NUMBER='1' AIRFLOW_CTX_DAG_RUN_ID='scheduled__2024-06-27T06:15:00+00:00'
[2024-07-10T10:02:39.748+0000] {taskinstance.py:430} INFO - ::endgroup::
[2024-07-10T10:02:39.756+0000] {python.py:237} INFO - Done. Returned value was:     SECURITY_ID  ...                                           PRICE_ID
0          ADBL  ...  ADBL_<bound method Timestamp.date of Timestamp...
1           AHL  ...  AHL_<bound method Timestamp.date of Timestamp(...
2          AHPC  ...  AHPC_<bound method Timestamp.date of Timestamp...
3         AKJCL  ...  AKJCL_<bound method Timestamp.date of Timestam...
4          AKPL  ...  AKPL_<bound method Timestamp.date of Timestamp...
..          ...  ...                                                ...
310        USHL  ...  USHL_<bound method Timestamp.date of Timestamp...
311        USLB  ...  USLB_<bound method Timestamp.date of Timestamp...
312        VLBS  ...  VLBS_<bound method Timestamp.date of Timestamp...
313       VLUCL  ...  VLUCL_<bound method Timestamp.date of Timestam...
314        WNLB  ...  WNLB_<bound method Timestamp.date of Timestamp...

[315 rows x 9 columns]
[2024-07-10T10:02:39.765+0000] {taskinstance.py:441} INFO - ::group::Post task execution logs
[2024-07-10T10:02:39.823+0000] {taskinstance.py:1206} INFO - Marking task as SUCCESS. dag_id=market_etl, task_id=create_fact_table, run_id=scheduled__2024-06-27T06:15:00+00:00, execution_date=20240627T061500, start_date=20240710T100239, end_date=20240710T100239
[2024-07-10T10:02:39.883+0000] {local_task_job_runner.py:240} INFO - Task exited with return code 0
[2024-07-10T10:02:39.924+0000] {taskinstance.py:3503} INFO - 0 downstream tasks scheduled from follow-on schedule check
[2024-07-10T10:02:39.925+0000] {local_task_job_runner.py:222} INFO - ::endgroup::
[2024-07-10T11:02:18.404+0000] {local_task_job_runner.py:120} INFO - ::group::Pre task execution logs
[2024-07-10T11:02:18.421+0000] {taskinstance.py:2076} INFO - Dependencies all met for dep_context=non-requeueable deps ti=<TaskInstance: market_etl.create_fact_table scheduled__2024-06-27T06:15:00+00:00 [queued]>
[2024-07-10T11:02:18.439+0000] {taskinstance.py:2076} INFO - Dependencies all met for dep_context=requeueable deps ti=<TaskInstance: market_etl.create_fact_table scheduled__2024-06-27T06:15:00+00:00 [queued]>
[2024-07-10T11:02:18.440+0000] {taskinstance.py:2306} INFO - Starting attempt 1 of 4
[2024-07-10T11:02:18.463+0000] {taskinstance.py:2330} INFO - Executing <Task(_PythonDecoratedOperator): create_fact_table> on 2024-06-27 06:15:00+00:00
[2024-07-10T11:02:18.472+0000] {warnings.py:112} WARNING - /home/airflow/.local/lib/python3.12/site-packages/airflow/task/task_runner/standard_task_runner.py:61: DeprecationWarning: This process (pid=348) is multi-threaded, use of fork() may lead to deadlocks in the child.
  pid = os.fork()

[2024-07-10T11:02:18.477+0000] {standard_task_runner.py:63} INFO - Started process 355 to run task
[2024-07-10T11:02:18.479+0000] {standard_task_runner.py:90} INFO - Running: ['airflow', 'tasks', 'run', 'market_etl', 'create_fact_table', 'scheduled__2024-06-27T06:15:00+00:00', '--job-id', '712', '--raw', '--subdir', 'DAGS_FOLDER/etl.py', '--cfg-path', '/tmp/tmpywcpqvp6']
[2024-07-10T11:02:18.484+0000] {standard_task_runner.py:91} INFO - Job 712: Subtask create_fact_table
[2024-07-10T11:02:18.574+0000] {task_command.py:426} INFO - Running <TaskInstance: market_etl.create_fact_table scheduled__2024-06-27T06:15:00+00:00 [running]> on host 514b016b59c3
[2024-07-10T11:02:18.815+0000] {taskinstance.py:2648} INFO - Exporting env vars: AIRFLOW_CTX_DAG_OWNER='airflow' AIRFLOW_CTX_DAG_ID='market_etl' AIRFLOW_CTX_TASK_ID='create_fact_table' AIRFLOW_CTX_EXECUTION_DATE='2024-06-27T06:15:00+00:00' AIRFLOW_CTX_TRY_NUMBER='1' AIRFLOW_CTX_DAG_RUN_ID='scheduled__2024-06-27T06:15:00+00:00'
[2024-07-10T11:02:18.817+0000] {taskinstance.py:430} INFO - ::endgroup::
[2024-07-10T11:02:18.826+0000] {python.py:237} INFO - Done. Returned value was:     SECURITY_ID  ...                                           PRICE_ID
0          ADBL  ...  ADBL_<bound method Timestamp.date of Timestamp...
1           AHL  ...  AHL_<bound method Timestamp.date of Timestamp(...
2          AHPC  ...  AHPC_<bound method Timestamp.date of Timestamp...
3         AKJCL  ...  AKJCL_<bound method Timestamp.date of Timestam...
4          AKPL  ...  AKPL_<bound method Timestamp.date of Timestamp...
..          ...  ...                                                ...
310        USHL  ...  USHL_<bound method Timestamp.date of Timestamp...
311        USLB  ...  USLB_<bound method Timestamp.date of Timestamp...
312        VLBS  ...  VLBS_<bound method Timestamp.date of Timestamp...
313       VLUCL  ...  VLUCL_<bound method Timestamp.date of Timestam...
314        WNLB  ...  WNLB_<bound method Timestamp.date of Timestamp...

[315 rows x 9 columns]
[2024-07-10T11:02:18.835+0000] {taskinstance.py:441} INFO - ::group::Post task execution logs
[2024-07-10T11:02:18.869+0000] {taskinstance.py:1206} INFO - Marking task as SUCCESS. dag_id=market_etl, task_id=create_fact_table, run_id=scheduled__2024-06-27T06:15:00+00:00, execution_date=20240627T061500, start_date=20240710T110218, end_date=20240710T110218
[2024-07-10T11:02:18.907+0000] {local_task_job_runner.py:240} INFO - Task exited with return code 0
[2024-07-10T11:02:18.925+0000] {local_task_job_runner.py:222} INFO - ::endgroup::
[2024-07-11T06:59:30.020+0000] {local_task_job_runner.py:120} INFO - ::group::Pre task execution logs
[2024-07-11T06:59:30.035+0000] {taskinstance.py:2076} INFO - Dependencies all met for dep_context=non-requeueable deps ti=<TaskInstance: market_etl.create_fact_table scheduled__2024-06-27T06:15:00+00:00 [queued]>
[2024-07-11T06:59:30.041+0000] {taskinstance.py:2076} INFO - Dependencies all met for dep_context=requeueable deps ti=<TaskInstance: market_etl.create_fact_table scheduled__2024-06-27T06:15:00+00:00 [queued]>
[2024-07-11T06:59:30.041+0000] {taskinstance.py:2306} INFO - Starting attempt 1 of 4
[2024-07-11T06:59:30.047+0000] {taskinstance.py:2330} INFO - Executing <Task(_PythonDecoratedOperator): create_fact_table> on 2024-06-27 06:15:00+00:00
[2024-07-11T06:59:30.058+0000] {warnings.py:112} WARNING - /home/airflow/.local/lib/python3.12/site-packages/airflow/task/task_runner/standard_task_runner.py:61: DeprecationWarning: This process (pid=351) is multi-threaded, use of fork() may lead to deadlocks in the child.
  pid = os.fork()

[2024-07-11T06:59:30.059+0000] {standard_task_runner.py:63} INFO - Started process 376 to run task
[2024-07-11T06:59:30.060+0000] {standard_task_runner.py:90} INFO - Running: ['airflow', 'tasks', 'run', 'market_etl', 'create_fact_table', 'scheduled__2024-06-27T06:15:00+00:00', '--job-id', '940', '--raw', '--subdir', 'DAGS_FOLDER/etl.py', '--cfg-path', '/tmp/tmpwg438lxr']
[2024-07-11T06:59:30.062+0000] {standard_task_runner.py:91} INFO - Job 940: Subtask create_fact_table
[2024-07-11T06:59:30.123+0000] {task_command.py:426} INFO - Running <TaskInstance: market_etl.create_fact_table scheduled__2024-06-27T06:15:00+00:00 [running]> on host aa283b53dd54
[2024-07-11T06:59:30.271+0000] {taskinstance.py:2648} INFO - Exporting env vars: AIRFLOW_CTX_DAG_OWNER='airflow' AIRFLOW_CTX_DAG_ID='market_etl' AIRFLOW_CTX_TASK_ID='create_fact_table' AIRFLOW_CTX_EXECUTION_DATE='2024-06-27T06:15:00+00:00' AIRFLOW_CTX_TRY_NUMBER='1' AIRFLOW_CTX_DAG_RUN_ID='scheduled__2024-06-27T06:15:00+00:00'
[2024-07-11T06:59:30.272+0000] {taskinstance.py:430} INFO - ::endgroup::
[2024-07-11T06:59:30.278+0000] {python.py:237} INFO - Done. Returned value was:     SECURITY_ID BUSINESS_DATE  ...            STOCK_ID            PRICE_ID
0          ADBL    2024-07-10  ...     ADBL_2024-07-10     ADBL_2024-07-10
1       ADBLD83    2024-07-10  ...  ADBLD83_2024-07-10  ADBLD83_2024-07-10
2           AHL    2024-07-10  ...      AHL_2024-07-10      AHL_2024-07-10
3          AHPC    2024-07-10  ...     AHPC_2024-07-10     AHPC_2024-07-10
4         AKJCL    2024-07-10  ...    AKJCL_2024-07-10    AKJCL_2024-07-10
..          ...           ...  ...                 ...                 ...
316        USHL    2024-07-10  ...     USHL_2024-07-10     USHL_2024-07-10
317        USLB    2024-07-10  ...     USLB_2024-07-10     USLB_2024-07-10
318        VLBS    2024-07-10  ...     VLBS_2024-07-10     VLBS_2024-07-10
319       VLUCL    2024-07-10  ...    VLUCL_2024-07-10    VLUCL_2024-07-10
320        WNLB    2024-07-10  ...     WNLB_2024-07-10     WNLB_2024-07-10

[321 rows x 9 columns]
[2024-07-11T06:59:30.290+0000] {taskinstance.py:441} INFO - ::group::Post task execution logs
[2024-07-11T06:59:30.390+0000] {taskinstance.py:1206} INFO - Marking task as SUCCESS. dag_id=market_etl, task_id=create_fact_table, run_id=scheduled__2024-06-27T06:15:00+00:00, execution_date=20240627T061500, start_date=20240711T065930, end_date=20240711T065930
[2024-07-11T06:59:30.448+0000] {local_task_job_runner.py:240} INFO - Task exited with return code 0
[2024-07-11T06:59:30.476+0000] {taskinstance.py:3503} INFO - 0 downstream tasks scheduled from follow-on schedule check
[2024-07-11T06:59:30.478+0000] {local_task_job_runner.py:222} INFO - ::endgroup::
[2024-07-11T08:14:44.998+0000] {local_task_job_runner.py:120} INFO - ::group::Pre task execution logs
[2024-07-11T08:14:45.030+0000] {taskinstance.py:2076} INFO - Dependencies all met for dep_context=non-requeueable deps ti=<TaskInstance: market_etl.create_fact_table scheduled__2024-06-27T06:15:00+00:00 [queued]>
[2024-07-11T08:14:45.047+0000] {taskinstance.py:2076} INFO - Dependencies all met for dep_context=requeueable deps ti=<TaskInstance: market_etl.create_fact_table scheduled__2024-06-27T06:15:00+00:00 [queued]>
[2024-07-11T08:14:45.047+0000] {taskinstance.py:2306} INFO - Starting attempt 1 of 4
[2024-07-11T08:14:45.060+0000] {taskinstance.py:2330} INFO - Executing <Task(_PythonDecoratedOperator): create_fact_table> on 2024-06-27 06:15:00+00:00
[2024-07-11T08:14:45.093+0000] {warnings.py:112} WARNING - /home/airflow/.local/lib/python3.12/site-packages/airflow/task/task_runner/standard_task_runner.py:61: DeprecationWarning: This process (pid=1495) is multi-threaded, use of fork() may lead to deadlocks in the child.
  pid = os.fork()

[2024-07-11T08:14:45.096+0000] {standard_task_runner.py:63} INFO - Started process 1500 to run task
[2024-07-11T08:14:45.096+0000] {standard_task_runner.py:90} INFO - Running: ['airflow', 'tasks', 'run', 'market_etl', 'create_fact_table', 'scheduled__2024-06-27T06:15:00+00:00', '--job-id', '1074', '--raw', '--subdir', 'DAGS_FOLDER/etl.py', '--cfg-path', '/tmp/tmpmfxp66e3']
[2024-07-11T08:14:45.102+0000] {standard_task_runner.py:91} INFO - Job 1074: Subtask create_fact_table
[2024-07-11T08:14:45.272+0000] {task_command.py:426} INFO - Running <TaskInstance: market_etl.create_fact_table scheduled__2024-06-27T06:15:00+00:00 [running]> on host aa283b53dd54
[2024-07-11T08:14:45.764+0000] {taskinstance.py:2648} INFO - Exporting env vars: AIRFLOW_CTX_DAG_OWNER='airflow' AIRFLOW_CTX_DAG_ID='market_etl' AIRFLOW_CTX_TASK_ID='create_fact_table' AIRFLOW_CTX_EXECUTION_DATE='2024-06-27T06:15:00+00:00' AIRFLOW_CTX_TRY_NUMBER='1' AIRFLOW_CTX_DAG_RUN_ID='scheduled__2024-06-27T06:15:00+00:00'
[2024-07-11T08:14:45.767+0000] {taskinstance.py:430} INFO - ::endgroup::
[2024-07-11T08:14:45.776+0000] {python.py:237} INFO - Done. Returned value was:     SECURITY_ID BUSINESS_DATE  ...            STOCK_ID            PRICE_ID
0          ADBL    2024-07-10  ...     ADBL_2024-07-10     ADBL_2024-07-10
1       ADBLD83    2024-07-10  ...  ADBLD83_2024-07-10  ADBLD83_2024-07-10
2           AHL    2024-07-10  ...      AHL_2024-07-10      AHL_2024-07-10
3          AHPC    2024-07-10  ...     AHPC_2024-07-10     AHPC_2024-07-10
4         AKJCL    2024-07-10  ...    AKJCL_2024-07-10    AKJCL_2024-07-10
..          ...           ...  ...                 ...                 ...
316        USHL    2024-07-10  ...     USHL_2024-07-10     USHL_2024-07-10
317        USLB    2024-07-10  ...     USLB_2024-07-10     USLB_2024-07-10
318        VLBS    2024-07-10  ...     VLBS_2024-07-10     VLBS_2024-07-10
319       VLUCL    2024-07-10  ...    VLUCL_2024-07-10    VLUCL_2024-07-10
320        WNLB    2024-07-10  ...     WNLB_2024-07-10     WNLB_2024-07-10

[321 rows x 9 columns]
[2024-07-11T08:14:45.804+0000] {taskinstance.py:441} INFO - ::group::Post task execution logs
[2024-07-11T08:14:46.022+0000] {taskinstance.py:1206} INFO - Marking task as SUCCESS. dag_id=market_etl, task_id=create_fact_table, run_id=scheduled__2024-06-27T06:15:00+00:00, execution_date=20240627T061500, start_date=20240711T081445, end_date=20240711T081446
[2024-07-11T08:14:46.068+0000] {local_task_job_runner.py:240} INFO - Task exited with return code 0
[2024-07-11T08:14:46.132+0000] {local_task_job_runner.py:222} INFO - ::endgroup::
