[2024-07-10T09:16:41.644+0000] {local_task_job_runner.py:120} INFO - ::group::Pre task execution logs
[2024-07-10T09:16:41.663+0000] {taskinstance.py:2076} INFO - Dependencies all met for dep_context=non-requeueable deps ti=<TaskInstance: market_etl.load_data_to_postgres scheduled__2024-07-03T06:15:00+00:00 [queued]>
[2024-07-10T09:16:41.670+0000] {taskinstance.py:2076} INFO - Dependencies all met for dep_context=requeueable deps ti=<TaskInstance: market_etl.load_data_to_postgres scheduled__2024-07-03T06:15:00+00:00 [queued]>
[2024-07-10T09:16:41.671+0000] {taskinstance.py:2306} INFO - Starting attempt 1 of 4
[2024-07-10T09:16:41.681+0000] {taskinstance.py:2330} INFO - Executing <Task(_PythonDecoratedOperator): load_data_to_postgres> on 2024-07-03 06:15:00+00:00
[2024-07-10T09:16:41.692+0000] {warnings.py:112} WARNING - /home/airflow/.local/lib/python3.12/site-packages/airflow/task/task_runner/standard_task_runner.py:61: DeprecationWarning: This process (pid=873) is multi-threaded, use of fork() may lead to deadlocks in the child.
  pid = os.fork()

[2024-07-10T09:16:41.693+0000] {standard_task_runner.py:63} INFO - Started process 875 to run task
[2024-07-10T09:16:41.695+0000] {standard_task_runner.py:90} INFO - Running: ['airflow', 'tasks', 'run', 'market_etl', 'load_data_to_postgres', 'scheduled__2024-07-03T06:15:00+00:00', '--job-id', '362', '--raw', '--subdir', 'DAGS_FOLDER/etl.py', '--cfg-path', '/tmp/tmpvlqyu8qj']
[2024-07-10T09:16:41.702+0000] {standard_task_runner.py:91} INFO - Job 362: Subtask load_data_to_postgres
[2024-07-10T09:16:41.775+0000] {task_command.py:426} INFO - Running <TaskInstance: market_etl.load_data_to_postgres scheduled__2024-07-03T06:15:00+00:00 [running]> on host 514b016b59c3
[2024-07-10T09:16:42.128+0000] {taskinstance.py:2648} INFO - Exporting env vars: AIRFLOW_CTX_DAG_OWNER='airflow' AIRFLOW_CTX_DAG_ID='market_etl' AIRFLOW_CTX_TASK_ID='load_data_to_postgres' AIRFLOW_CTX_EXECUTION_DATE='2024-07-03T06:15:00+00:00' AIRFLOW_CTX_TRY_NUMBER='1' AIRFLOW_CTX_DAG_RUN_ID='scheduled__2024-07-03T06:15:00+00:00'
[2024-07-10T09:16:42.130+0000] {taskinstance.py:430} INFO - ::endgroup::
[2024-07-10T09:16:42.153+0000] {base.py:84} INFO - Using connection ID 'market_database_conn' for task execution.
[2024-07-10T09:16:42.272+0000] {python.py:237} INFO - Done. Returned value was: None
[2024-07-10T09:16:42.273+0000] {taskinstance.py:441} INFO - ::group::Post task execution logs
[2024-07-10T09:16:42.290+0000] {taskinstance.py:1206} INFO - Marking task as SUCCESS. dag_id=market_etl, task_id=load_data_to_postgres, run_id=scheduled__2024-07-03T06:15:00+00:00, execution_date=20240703T061500, start_date=20240710T091641, end_date=20240710T091642
[2024-07-10T09:16:42.338+0000] {local_task_job_runner.py:240} INFO - Task exited with return code 0
[2024-07-10T09:16:42.369+0000] {taskinstance.py:3503} INFO - 0 downstream tasks scheduled from follow-on schedule check
[2024-07-10T09:16:42.370+0000] {local_task_job_runner.py:222} INFO - ::endgroup::
[2024-07-10T11:37:35.209+0000] {local_task_job_runner.py:120} INFO - ::group::Pre task execution logs
[2024-07-10T11:37:35.229+0000] {taskinstance.py:2076} INFO - Dependencies all met for dep_context=non-requeueable deps ti=<TaskInstance: market_etl.load_data_to_postgres scheduled__2024-07-03T06:15:00+00:00 [queued]>
[2024-07-10T11:37:35.238+0000] {taskinstance.py:2076} INFO - Dependencies all met for dep_context=requeueable deps ti=<TaskInstance: market_etl.load_data_to_postgres scheduled__2024-07-03T06:15:00+00:00 [queued]>
[2024-07-10T11:37:35.239+0000] {taskinstance.py:2306} INFO - Starting attempt 1 of 4
[2024-07-10T11:37:35.264+0000] {taskinstance.py:2330} INFO - Executing <Task(_PythonDecoratedOperator): load_data_to_postgres> on 2024-07-03 06:15:00+00:00
[2024-07-10T11:37:35.280+0000] {warnings.py:112} WARNING - /home/airflow/.local/lib/python3.12/site-packages/airflow/task/task_runner/standard_task_runner.py:61: DeprecationWarning: This process (pid=992) is multi-threaded, use of fork() may lead to deadlocks in the child.
  pid = os.fork()

[2024-07-10T11:37:35.282+0000] {standard_task_runner.py:63} INFO - Started process 994 to run task
[2024-07-10T11:37:35.284+0000] {standard_task_runner.py:90} INFO - Running: ['airflow', 'tasks', 'run', 'market_etl', 'load_data_to_postgres', 'scheduled__2024-07-03T06:15:00+00:00', '--job-id', '765', '--raw', '--subdir', 'DAGS_FOLDER/etl.py', '--cfg-path', '/tmp/tmp0h9uuoaf']
[2024-07-10T11:37:35.287+0000] {standard_task_runner.py:91} INFO - Job 765: Subtask load_data_to_postgres
[2024-07-10T11:37:35.356+0000] {task_command.py:426} INFO - Running <TaskInstance: market_etl.load_data_to_postgres scheduled__2024-07-03T06:15:00+00:00 [running]> on host 514b016b59c3
[2024-07-10T11:37:35.658+0000] {taskinstance.py:2648} INFO - Exporting env vars: AIRFLOW_CTX_DAG_OWNER='airflow' AIRFLOW_CTX_DAG_ID='market_etl' AIRFLOW_CTX_TASK_ID='load_data_to_postgres' AIRFLOW_CTX_EXECUTION_DATE='2024-07-03T06:15:00+00:00' AIRFLOW_CTX_TRY_NUMBER='1' AIRFLOW_CTX_DAG_RUN_ID='scheduled__2024-07-03T06:15:00+00:00'
[2024-07-10T11:37:35.660+0000] {taskinstance.py:430} INFO - ::endgroup::
[2024-07-10T11:37:35.671+0000] {base.py:84} INFO - Using connection ID 'market_database_conn' for task execution.
[2024-07-10T11:37:35.761+0000] {python.py:237} INFO - Done. Returned value was: None
[2024-07-10T11:37:35.762+0000] {taskinstance.py:441} INFO - ::group::Post task execution logs
[2024-07-10T11:37:35.773+0000] {taskinstance.py:1206} INFO - Marking task as SUCCESS. dag_id=market_etl, task_id=load_data_to_postgres, run_id=scheduled__2024-07-03T06:15:00+00:00, execution_date=20240703T061500, start_date=20240710T113735, end_date=20240710T113735
[2024-07-10T11:37:35.801+0000] {local_task_job_runner.py:240} INFO - Task exited with return code 0
[2024-07-10T11:37:35.821+0000] {taskinstance.py:3503} INFO - 0 downstream tasks scheduled from follow-on schedule check
[2024-07-10T11:37:35.822+0000] {local_task_job_runner.py:222} INFO - ::endgroup::
[2024-07-11T08:20:34.526+0000] {local_task_job_runner.py:120} INFO - ::group::Pre task execution logs
[2024-07-11T08:20:34.541+0000] {taskinstance.py:2076} INFO - Dependencies all met for dep_context=non-requeueable deps ti=<TaskInstance: market_etl.load_data_to_postgres scheduled__2024-07-03T06:15:00+00:00 [queued]>
[2024-07-11T08:20:34.548+0000] {taskinstance.py:2076} INFO - Dependencies all met for dep_context=requeueable deps ti=<TaskInstance: market_etl.load_data_to_postgres scheduled__2024-07-03T06:15:00+00:00 [queued]>
[2024-07-11T08:20:34.549+0000] {taskinstance.py:2306} INFO - Starting attempt 1 of 4
[2024-07-11T08:20:34.557+0000] {taskinstance.py:2330} INFO - Executing <Task(_PythonDecoratedOperator): load_data_to_postgres> on 2024-07-03 06:15:00+00:00
[2024-07-11T08:20:34.566+0000] {warnings.py:112} WARNING - /home/airflow/.local/lib/python3.12/site-packages/airflow/task/task_runner/standard_task_runner.py:61: DeprecationWarning: This process (pid=948) is multi-threaded, use of fork() may lead to deadlocks in the child.
  pid = os.fork()

[2024-07-11T08:20:34.568+0000] {standard_task_runner.py:63} INFO - Started process 950 to run task
[2024-07-11T08:20:34.569+0000] {standard_task_runner.py:90} INFO - Running: ['airflow', 'tasks', 'run', 'market_etl', 'load_data_to_postgres', 'scheduled__2024-07-03T06:15:00+00:00', '--job-id', '1165', '--raw', '--subdir', 'DAGS_FOLDER/etl.py', '--cfg-path', '/tmp/tmpif9bis_s']
[2024-07-11T08:20:34.572+0000] {standard_task_runner.py:91} INFO - Job 1165: Subtask load_data_to_postgres
[2024-07-11T08:20:34.645+0000] {task_command.py:426} INFO - Running <TaskInstance: market_etl.load_data_to_postgres scheduled__2024-07-03T06:15:00+00:00 [running]> on host aa283b53dd54
[2024-07-11T08:20:34.902+0000] {taskinstance.py:2648} INFO - Exporting env vars: AIRFLOW_CTX_DAG_OWNER='airflow' AIRFLOW_CTX_DAG_ID='market_etl' AIRFLOW_CTX_TASK_ID='load_data_to_postgres' AIRFLOW_CTX_EXECUTION_DATE='2024-07-03T06:15:00+00:00' AIRFLOW_CTX_TRY_NUMBER='1' AIRFLOW_CTX_DAG_RUN_ID='scheduled__2024-07-03T06:15:00+00:00'
[2024-07-11T08:20:34.903+0000] {taskinstance.py:430} INFO - ::endgroup::
[2024-07-11T08:20:34.914+0000] {base.py:84} INFO - Using connection ID 'market_database_conn' for task execution.
[2024-07-11T08:20:34.985+0000] {python.py:237} INFO - Done. Returned value was: None
[2024-07-11T08:20:34.986+0000] {taskinstance.py:441} INFO - ::group::Post task execution logs
[2024-07-11T08:20:34.997+0000] {taskinstance.py:1206} INFO - Marking task as SUCCESS. dag_id=market_etl, task_id=load_data_to_postgres, run_id=scheduled__2024-07-03T06:15:00+00:00, execution_date=20240703T061500, start_date=20240711T082034, end_date=20240711T082034
[2024-07-11T08:20:35.044+0000] {local_task_job_runner.py:240} INFO - Task exited with return code 0
[2024-07-11T08:20:35.073+0000] {taskinstance.py:3503} INFO - 4 downstream tasks scheduled from follow-on schedule check
[2024-07-11T08:20:35.074+0000] {local_task_job_runner.py:222} INFO - ::endgroup::
