[2024-07-01T09:47:32.569+0000] {local_task_job_runner.py:120} INFO - ::group::Pre task execution logs
[2024-07-01T09:47:32.620+0000] {taskinstance.py:2076} INFO - Dependencies all met for dep_context=non-requeueable deps ti=<TaskInstance: market_etl.extract_positive_ltp_records manual__2024-07-01T09:46:35.632253+00:00 [queued]>
[2024-07-01T09:47:32.629+0000] {taskinstance.py:2076} INFO - Dependencies all met for dep_context=requeueable deps ti=<TaskInstance: market_etl.extract_positive_ltp_records manual__2024-07-01T09:46:35.632253+00:00 [queued]>
[2024-07-01T09:47:32.630+0000] {taskinstance.py:2306} INFO - Starting attempt 1 of 4
[2024-07-01T09:47:32.663+0000] {taskinstance.py:2330} INFO - Executing <Task(_PythonDecoratedOperator): extract_positive_ltp_records> on 2024-07-01 09:46:35.632253+00:00
[2024-07-01T09:47:32.676+0000] {warnings.py:112} WARNING - /home/airflow/.local/lib/python3.12/site-packages/airflow/task/task_runner/standard_task_runner.py:61: DeprecationWarning: This process (pid=108) is multi-threaded, use of fork() may lead to deadlocks in the child.
  pid = os.fork()

[2024-07-01T09:47:32.678+0000] {standard_task_runner.py:63} INFO - Started process 113 to run task
[2024-07-01T09:47:32.683+0000] {standard_task_runner.py:90} INFO - Running: ['airflow', 'tasks', 'run', 'market_etl', 'extract_positive_ltp_records', 'manual__2024-07-01T09:46:35.632253+00:00', '--job-id', '387', '--raw', '--subdir', 'DAGS_FOLDER/etl.py', '--cfg-path', '/tmp/tmps8t2ofo9']
[2024-07-01T09:47:32.687+0000] {standard_task_runner.py:91} INFO - Job 387: Subtask extract_positive_ltp_records
[2024-07-01T09:47:32.752+0000] {task_command.py:426} INFO - Running <TaskInstance: market_etl.extract_positive_ltp_records manual__2024-07-01T09:46:35.632253+00:00 [running]> on host 5eec0a067191
[2024-07-01T09:47:32.866+0000] {taskinstance.py:2648} INFO - Exporting env vars: AIRFLOW_CTX_DAG_OWNER='airflow' AIRFLOW_CTX_DAG_ID='market_etl' AIRFLOW_CTX_TASK_ID='extract_positive_ltp_records' AIRFLOW_CTX_EXECUTION_DATE='2024-07-01T09:46:35.632253+00:00' AIRFLOW_CTX_TRY_NUMBER='1' AIRFLOW_CTX_DAG_RUN_ID='manual__2024-07-01T09:46:35.632253+00:00'
[2024-07-01T09:47:32.867+0000] {taskinstance.py:430} INFO - ::endgroup::
[2024-07-01T09:47:32.882+0000] {base.py:84} INFO - Using connection ID 'aws_default' for task execution.
[2024-07-01T09:47:32.884+0000] {connection_wrapper.py:384} INFO - AWS Connection (conn_id='aws_default', conn_type='aws') credentials retrieved from login and password.
[2024-07-01T09:47:32.884+0000] {connection_wrapper.py:401} INFO - AWS Connection (conn_id='aws_default', conn_type='aws') session token retrieved from extra, please note you are responsible for renewing these.
[2024-07-01T09:47:48.947+0000] {python.py:237} INFO - Done. Returned value was: Symbol,Close_Price_Rs,Open_Price_Rs,High_Price_Rs,Low_Price_Rs,Total_Traded_Quantity,Total_Traded_Value,Total_Trades,LTP,Previous_Day_Close_Price_Rs,Average_Traded_Price_Rs,Fifty_Two_Week_High_Rs,Fifty_Two_Week_Low_Rs,Market_Capitalization_Rs__Amt_in_Millions,Close_Date

[2024-07-01T09:47:48.950+0000] {taskinstance.py:441} INFO - ::group::Post task execution logs
[2024-07-01T09:47:49.006+0000] {taskinstance.py:1206} INFO - Marking task as SUCCESS. dag_id=market_etl, task_id=extract_positive_ltp_records, run_id=manual__2024-07-01T09:46:35.632253+00:00, execution_date=20240701T094635, start_date=20240701T094732, end_date=20240701T094749
[2024-07-01T09:47:49.031+0000] {local_task_job_runner.py:240} INFO - Task exited with return code 0
[2024-07-01T09:47:49.071+0000] {taskinstance.py:3503} INFO - 1 downstream tasks scheduled from follow-on schedule check
[2024-07-01T09:47:49.072+0000] {local_task_job_runner.py:222} INFO - ::endgroup::
