[2024-07-11T08:23:33.001+0000] {local_task_job_runner.py:120} INFO - ::group::Pre task execution logs
[2024-07-11T08:23:33.016+0000] {taskinstance.py:2076} INFO - Dependencies all met for dep_context=non-requeueable deps ti=<TaskInstance: market_etl.upload_to_s3__1 scheduled__2024-07-09T06:15:00+00:00 [queued]>
[2024-07-11T08:23:33.022+0000] {taskinstance.py:2076} INFO - Dependencies all met for dep_context=requeueable deps ti=<TaskInstance: market_etl.upload_to_s3__1 scheduled__2024-07-09T06:15:00+00:00 [queued]>
[2024-07-11T08:23:33.023+0000] {taskinstance.py:2306} INFO - Starting attempt 1 of 4
[2024-07-11T08:23:33.067+0000] {taskinstance.py:2330} INFO - Executing <Task(_PythonDecoratedOperator): upload_to_s3__1> on 2024-07-09 06:15:00+00:00
[2024-07-11T08:23:33.073+0000] {warnings.py:112} WARNING - /home/airflow/.local/lib/python3.12/site-packages/airflow/task/task_runner/standard_task_runner.py:61: DeprecationWarning: This process (pid=1791) is multi-threaded, use of fork() may lead to deadlocks in the child.
  pid = os.fork()

[2024-07-11T08:23:33.078+0000] {standard_task_runner.py:63} INFO - Started process 1799 to run task
[2024-07-11T08:23:33.080+0000] {standard_task_runner.py:90} INFO - Running: ['airflow', 'tasks', 'run', 'market_etl', 'upload_to_s3__1', 'scheduled__2024-07-09T06:15:00+00:00', '--job-id', '1238', '--raw', '--subdir', 'DAGS_FOLDER/etl.py', '--cfg-path', '/tmp/tmpupwrywyj']
[2024-07-11T08:23:33.087+0000] {standard_task_runner.py:91} INFO - Job 1238: Subtask upload_to_s3__1
[2024-07-11T08:23:33.161+0000] {task_command.py:426} INFO - Running <TaskInstance: market_etl.upload_to_s3__1 scheduled__2024-07-09T06:15:00+00:00 [running]> on host aa283b53dd54
[2024-07-11T08:23:33.399+0000] {taskinstance.py:2648} INFO - Exporting env vars: AIRFLOW_CTX_DAG_OWNER='airflow' AIRFLOW_CTX_DAG_ID='market_etl' AIRFLOW_CTX_TASK_ID='upload_to_s3__1' AIRFLOW_CTX_EXECUTION_DATE='2024-07-09T06:15:00+00:00' AIRFLOW_CTX_TRY_NUMBER='1' AIRFLOW_CTX_DAG_RUN_ID='scheduled__2024-07-09T06:15:00+00:00'
[2024-07-11T08:23:33.404+0000] {taskinstance.py:430} INFO - ::endgroup::
[2024-07-11T08:23:33.445+0000] {base.py:84} INFO - Using connection ID 'aws_default' for task execution.
[2024-07-11T08:23:33.447+0000] {connection_wrapper.py:384} INFO - AWS Connection (conn_id='aws_default', conn_type='aws') credentials retrieved from login and password.
[2024-07-11T08:23:33.448+0000] {connection_wrapper.py:401} INFO - AWS Connection (conn_id='aws_default', conn_type='aws') session token retrieved from extra, please note you are responsible for renewing these.
[2024-07-11T08:23:35.429+0000] {python.py:237} INFO - Done. Returned value was: nepse_security_dimension_2024-07-09.csv
[2024-07-11T08:23:35.431+0000] {taskinstance.py:441} INFO - ::group::Post task execution logs
[2024-07-11T08:23:35.482+0000] {taskinstance.py:1206} INFO - Marking task as SUCCESS. dag_id=market_etl, task_id=upload_to_s3__1, run_id=scheduled__2024-07-09T06:15:00+00:00, execution_date=20240709T061500, start_date=20240711T082333, end_date=20240711T082335
[2024-07-11T08:23:35.542+0000] {local_task_job_runner.py:240} INFO - Task exited with return code 0
[2024-07-11T08:23:35.588+0000] {taskinstance.py:3503} INFO - 0 downstream tasks scheduled from follow-on schedule check
[2024-07-11T08:23:35.589+0000] {local_task_job_runner.py:222} INFO - ::endgroup::
