[2024-07-11T07:26:33.284+0000] {local_task_job_runner.py:120} INFO - ::group::Pre task execution logs
[2024-07-11T07:26:33.298+0000] {taskinstance.py:2076} INFO - Dependencies all met for dep_context=non-requeueable deps ti=<TaskInstance: market_etl.create_date_dimension manual__2024-07-11T07:10:19.817387+00:00 [queued]>
[2024-07-11T07:26:33.304+0000] {taskinstance.py:2076} INFO - Dependencies all met for dep_context=requeueable deps ti=<TaskInstance: market_etl.create_date_dimension manual__2024-07-11T07:10:19.817387+00:00 [queued]>
[2024-07-11T07:26:33.304+0000] {taskinstance.py:2306} INFO - Starting attempt 1 of 4
[2024-07-11T07:26:33.311+0000] {taskinstance.py:2330} INFO - Executing <Task(_PythonDecoratedOperator): create_date_dimension> on 2024-07-11 07:10:19.817387+00:00
[2024-07-11T07:26:33.320+0000] {warnings.py:112} WARNING - /home/airflow/.local/lib/python3.12/site-packages/airflow/task/task_runner/standard_task_runner.py:61: DeprecationWarning: This process (pid=595) is multi-threaded, use of fork() may lead to deadlocks in the child.
  pid = os.fork()

[2024-07-11T07:26:33.322+0000] {standard_task_runner.py:63} INFO - Started process 601 to run task
[2024-07-11T07:26:33.325+0000] {standard_task_runner.py:90} INFO - Running: ['airflow', 'tasks', 'run', 'market_etl', 'create_date_dimension', 'manual__2024-07-11T07:10:19.817387+00:00', '--job-id', '980', '--raw', '--subdir', 'DAGS_FOLDER/etl.py', '--cfg-path', '/tmp/tmpg2ed6f0a']
[2024-07-11T07:26:33.328+0000] {standard_task_runner.py:91} INFO - Job 980: Subtask create_date_dimension
[2024-07-11T07:26:33.396+0000] {task_command.py:426} INFO - Running <TaskInstance: market_etl.create_date_dimension manual__2024-07-11T07:10:19.817387+00:00 [running]> on host aa283b53dd54
[2024-07-11T07:26:33.571+0000] {taskinstance.py:2648} INFO - Exporting env vars: AIRFLOW_CTX_DAG_OWNER='airflow' AIRFLOW_CTX_DAG_ID='market_etl' AIRFLOW_CTX_TASK_ID='create_date_dimension' AIRFLOW_CTX_EXECUTION_DATE='2024-07-11T07:10:19.817387+00:00' AIRFLOW_CTX_TRY_NUMBER='1' AIRFLOW_CTX_DAG_RUN_ID='manual__2024-07-11T07:10:19.817387+00:00'
[2024-07-11T07:26:33.572+0000] {taskinstance.py:430} INFO - ::endgroup::
[2024-07-11T07:26:33.579+0000] {python.py:237} INFO - Done. Returned value was:   BUSINESS_DATE  YEAR  MONTH  WEEK  DAY
0    2024-07-10  2024      7    28   10
[2024-07-11T07:26:33.583+0000] {taskinstance.py:441} INFO - ::group::Post task execution logs
[2024-07-11T07:26:33.653+0000] {taskinstance.py:1206} INFO - Marking task as SUCCESS. dag_id=market_etl, task_id=create_date_dimension, run_id=manual__2024-07-11T07:10:19.817387+00:00, execution_date=20240711T071019, start_date=20240711T072633, end_date=20240711T072633
[2024-07-11T07:26:33.669+0000] {local_task_job_runner.py:240} INFO - Task exited with return code 0
[2024-07-11T07:26:33.711+0000] {taskinstance.py:3503} INFO - 0 downstream tasks scheduled from follow-on schedule check
[2024-07-11T07:26:33.716+0000] {local_task_job_runner.py:222} INFO - ::endgroup::
