[2024-07-10T09:18:37.545+0000] {local_task_job_runner.py:120} INFO - ::group::Pre task execution logs
[2024-07-10T09:18:37.560+0000] {taskinstance.py:2076} INFO - Dependencies all met for dep_context=non-requeueable deps ti=<TaskInstance: market_etl.flatten_market_data scheduled__2024-07-06T06:15:00+00:00 [queued]>
[2024-07-10T09:18:37.580+0000] {taskinstance.py:2076} INFO - Dependencies all met for dep_context=requeueable deps ti=<TaskInstance: market_etl.flatten_market_data scheduled__2024-07-06T06:15:00+00:00 [queued]>
[2024-07-10T09:18:37.581+0000] {taskinstance.py:2306} INFO - Starting attempt 1 of 4
[2024-07-10T09:18:37.591+0000] {taskinstance.py:2330} INFO - Executing <Task(_PythonDecoratedOperator): flatten_market_data> on 2024-07-06 06:15:00+00:00
[2024-07-10T09:18:37.601+0000] {warnings.py:112} WARNING - /home/airflow/.local/lib/python3.12/site-packages/airflow/task/task_runner/standard_task_runner.py:61: DeprecationWarning: This process (pid=217) is multi-threaded, use of fork() may lead to deadlocks in the child.
  pid = os.fork()

[2024-07-10T09:18:37.602+0000] {standard_task_runner.py:63} INFO - Started process 219 to run task
[2024-07-10T09:18:37.603+0000] {standard_task_runner.py:90} INFO - Running: ['airflow', 'tasks', 'run', 'market_etl', 'flatten_market_data', 'scheduled__2024-07-06T06:15:00+00:00', '--job-id', '382', '--raw', '--subdir', 'DAGS_FOLDER/etl.py', '--cfg-path', '/tmp/tmpktu92izs']
[2024-07-10T09:18:37.606+0000] {standard_task_runner.py:91} INFO - Job 382: Subtask flatten_market_data
[2024-07-10T09:18:37.664+0000] {task_command.py:426} INFO - Running <TaskInstance: market_etl.flatten_market_data scheduled__2024-07-06T06:15:00+00:00 [running]> on host 514b016b59c3
[2024-07-10T09:18:37.799+0000] {taskinstance.py:2648} INFO - Exporting env vars: AIRFLOW_CTX_DAG_OWNER='airflow' AIRFLOW_CTX_DAG_ID='market_etl' AIRFLOW_CTX_TASK_ID='flatten_market_data' AIRFLOW_CTX_EXECUTION_DATE='2024-07-06T06:15:00+00:00' AIRFLOW_CTX_TRY_NUMBER='1' AIRFLOW_CTX_DAG_RUN_ID='scheduled__2024-07-06T06:15:00+00:00'
[2024-07-10T09:18:37.801+0000] {taskinstance.py:430} INFO - ::endgroup::
[2024-07-10T09:18:37.809+0000] {python.py:237} INFO - Done. Returned value was:      Symbol  ...  Close_Date
0      ADBL  ...  2024-07-09
1   ADBLD83  ...  2024-07-09
2       AHL  ...  2024-07-09
3      AHPC  ...  2024-07-09
4     AKJCL  ...  2024-07-09
5      AKPL  ...  2024-07-09
6     ALBSL  ...  2024-07-09
7     ALICL  ...  2024-07-09
8      ANLB  ...  2024-07-09
9       API  ...  2024-07-09
10    AVYAN  ...  2024-07-09
11    BARUN  ...  2024-07-09
12      BBC  ...  2024-07-09
13     BEDC  ...  2024-07-09
14      BFC  ...  2024-07-09
15     BGWT  ...  2024-07-09
16     BHDC  ...  2024-07-09
17      BHL  ...  2024-07-09
18     BHPL  ...  2024-07-09

[19 rows x 15 columns]
[2024-07-10T09:18:37.826+0000] {taskinstance.py:441} INFO - ::group::Post task execution logs
[2024-07-10T09:18:37.878+0000] {taskinstance.py:1206} INFO - Marking task as SUCCESS. dag_id=market_etl, task_id=flatten_market_data, run_id=scheduled__2024-07-06T06:15:00+00:00, execution_date=20240706T061500, start_date=20240710T091837, end_date=20240710T091837
[2024-07-10T09:18:37.908+0000] {local_task_job_runner.py:240} INFO - Task exited with return code 0
[2024-07-10T09:18:37.934+0000] {taskinstance.py:3503} INFO - 4 downstream tasks scheduled from follow-on schedule check
[2024-07-10T09:18:37.936+0000] {local_task_job_runner.py:222} INFO - ::endgroup::
[2024-07-10T14:20:21.180+0000] {local_task_job_runner.py:120} INFO - ::group::Pre task execution logs
[2024-07-10T14:20:21.195+0000] {taskinstance.py:2076} INFO - Dependencies all met for dep_context=non-requeueable deps ti=<TaskInstance: market_etl.flatten_market_data scheduled__2024-07-06T06:15:00+00:00 [queued]>
[2024-07-10T14:20:21.201+0000] {taskinstance.py:2076} INFO - Dependencies all met for dep_context=requeueable deps ti=<TaskInstance: market_etl.flatten_market_data scheduled__2024-07-06T06:15:00+00:00 [queued]>
[2024-07-10T14:20:21.201+0000] {taskinstance.py:2306} INFO - Starting attempt 1 of 4
[2024-07-10T14:20:21.209+0000] {taskinstance.py:2330} INFO - Executing <Task(_PythonDecoratedOperator): flatten_market_data> on 2024-07-06 06:15:00+00:00
[2024-07-10T14:20:21.214+0000] {warnings.py:112} WARNING - /home/airflow/.local/lib/python3.12/site-packages/airflow/task/task_runner/standard_task_runner.py:61: DeprecationWarning: This process (pid=289) is multi-threaded, use of fork() may lead to deadlocks in the child.
  pid = os.fork()

[2024-07-10T14:20:21.214+0000] {standard_task_runner.py:63} INFO - Started process 291 to run task
[2024-07-10T14:20:21.215+0000] {standard_task_runner.py:90} INFO - Running: ['airflow', 'tasks', 'run', 'market_etl', 'flatten_market_data', 'scheduled__2024-07-06T06:15:00+00:00', '--job-id', '786', '--raw', '--subdir', 'DAGS_FOLDER/etl.py', '--cfg-path', '/tmp/tmp3b_vkftb']
[2024-07-10T14:20:21.216+0000] {standard_task_runner.py:91} INFO - Job 786: Subtask flatten_market_data
[2024-07-10T14:20:21.251+0000] {task_command.py:426} INFO - Running <TaskInstance: market_etl.flatten_market_data scheduled__2024-07-06T06:15:00+00:00 [running]> on host 514b016b59c3
[2024-07-10T14:20:21.341+0000] {taskinstance.py:2648} INFO - Exporting env vars: AIRFLOW_CTX_DAG_OWNER='airflow' AIRFLOW_CTX_DAG_ID='market_etl' AIRFLOW_CTX_TASK_ID='flatten_market_data' AIRFLOW_CTX_EXECUTION_DATE='2024-07-06T06:15:00+00:00' AIRFLOW_CTX_TRY_NUMBER='1' AIRFLOW_CTX_DAG_RUN_ID='scheduled__2024-07-06T06:15:00+00:00'
[2024-07-10T14:20:21.342+0000] {taskinstance.py:430} INFO - ::endgroup::
[2024-07-10T14:20:21.348+0000] {python.py:237} INFO - Done. Returned value was:     Symbol  ...  Close_Date
0     ADBL  ...  2024-07-09
1      AHL  ...  2024-07-09
2     AHPC  ...  2024-07-09
3    AKJCL  ...  2024-07-09
4     AKPL  ...  2024-07-09
..     ...  ...         ...
310   USHL  ...  2024-07-09
311   USLB  ...  2024-07-09
312   VLBS  ...  2024-07-09
313  VLUCL  ...  2024-07-09
314   WNLB  ...  2024-07-09

[315 rows x 15 columns]
[2024-07-10T14:20:21.361+0000] {taskinstance.py:441} INFO - ::group::Post task execution logs
[2024-07-10T14:20:21.409+0000] {taskinstance.py:1206} INFO - Marking task as SUCCESS. dag_id=market_etl, task_id=flatten_market_data, run_id=scheduled__2024-07-06T06:15:00+00:00, execution_date=20240706T061500, start_date=20240710T142021, end_date=20240710T142021
[2024-07-10T14:20:21.444+0000] {local_task_job_runner.py:240} INFO - Task exited with return code 0
[2024-07-10T14:20:21.473+0000] {taskinstance.py:3503} INFO - 3 downstream tasks scheduled from follow-on schedule check
[2024-07-10T14:20:21.474+0000] {local_task_job_runner.py:222} INFO - ::endgroup::
[2024-07-11T08:21:57.010+0000] {local_task_job_runner.py:120} INFO - ::group::Pre task execution logs
[2024-07-11T08:21:57.027+0000] {taskinstance.py:2076} INFO - Dependencies all met for dep_context=non-requeueable deps ti=<TaskInstance: market_etl.flatten_market_data scheduled__2024-07-06T06:15:00+00:00 [queued]>
[2024-07-11T08:21:57.033+0000] {taskinstance.py:2076} INFO - Dependencies all met for dep_context=requeueable deps ti=<TaskInstance: market_etl.flatten_market_data scheduled__2024-07-06T06:15:00+00:00 [queued]>
[2024-07-11T08:21:57.034+0000] {taskinstance.py:2306} INFO - Starting attempt 1 of 4
[2024-07-11T08:21:57.042+0000] {taskinstance.py:2330} INFO - Executing <Task(_PythonDecoratedOperator): flatten_market_data> on 2024-07-06 06:15:00+00:00
[2024-07-11T08:21:57.048+0000] {warnings.py:112} WARNING - /home/airflow/.local/lib/python3.12/site-packages/airflow/task/task_runner/standard_task_runner.py:61: DeprecationWarning: This process (pid=1299) is multi-threaded, use of fork() may lead to deadlocks in the child.
  pid = os.fork()

[2024-07-11T08:21:57.049+0000] {standard_task_runner.py:63} INFO - Started process 1301 to run task
[2024-07-11T08:21:57.049+0000] {standard_task_runner.py:90} INFO - Running: ['airflow', 'tasks', 'run', 'market_etl', 'flatten_market_data', 'scheduled__2024-07-06T06:15:00+00:00', '--job-id', '1195', '--raw', '--subdir', 'DAGS_FOLDER/etl.py', '--cfg-path', '/tmp/tmpck8a3pjz']
[2024-07-11T08:21:57.051+0000] {standard_task_runner.py:91} INFO - Job 1195: Subtask flatten_market_data
[2024-07-11T08:21:57.125+0000] {task_command.py:426} INFO - Running <TaskInstance: market_etl.flatten_market_data scheduled__2024-07-06T06:15:00+00:00 [running]> on host aa283b53dd54
[2024-07-11T08:21:57.246+0000] {taskinstance.py:2648} INFO - Exporting env vars: AIRFLOW_CTX_DAG_OWNER='airflow' AIRFLOW_CTX_DAG_ID='market_etl' AIRFLOW_CTX_TASK_ID='flatten_market_data' AIRFLOW_CTX_EXECUTION_DATE='2024-07-06T06:15:00+00:00' AIRFLOW_CTX_TRY_NUMBER='1' AIRFLOW_CTX_DAG_RUN_ID='scheduled__2024-07-06T06:15:00+00:00'
[2024-07-11T08:21:57.248+0000] {taskinstance.py:430} INFO - ::endgroup::
[2024-07-11T08:21:57.259+0000] {python.py:237} INFO - Done. Returned value was:       Symbol  ...  Close_Date
0       ADBL  ...  2024-07-10
1    ADBLD83  ...  2024-07-10
2        AHL  ...  2024-07-10
3       AHPC  ...  2024-07-10
4      AKJCL  ...  2024-07-10
..       ...  ...         ...
316     USHL  ...  2024-07-10
317     USLB  ...  2024-07-10
318     VLBS  ...  2024-07-10
319    VLUCL  ...  2024-07-10
320     WNLB  ...  2024-07-10

[321 rows x 15 columns]
[2024-07-11T08:21:57.274+0000] {taskinstance.py:441} INFO - ::group::Post task execution logs
[2024-07-11T08:21:57.344+0000] {taskinstance.py:1206} INFO - Marking task as SUCCESS. dag_id=market_etl, task_id=flatten_market_data, run_id=scheduled__2024-07-06T06:15:00+00:00, execution_date=20240706T061500, start_date=20240711T082157, end_date=20240711T082157
[2024-07-11T08:21:57.398+0000] {local_task_job_runner.py:240} INFO - Task exited with return code 0
[2024-07-11T08:21:57.434+0000] {taskinstance.py:3503} INFO - 3 downstream tasks scheduled from follow-on schedule check
[2024-07-11T08:21:57.436+0000] {local_task_job_runner.py:222} INFO - ::endgroup::
