[2024-07-09T06:39:18.703+0000] {local_task_job_runner.py:120} INFO - ::group::Pre task execution logs
[2024-07-09T06:39:18.718+0000] {taskinstance.py:2076} INFO - Dependencies all met for dep_context=non-requeueable deps ti=<TaskInstance: market_etl.create_fact_table scheduled__2024-06-25T00:00:00+00:00 [queued]>
[2024-07-09T06:39:18.740+0000] {taskinstance.py:2076} INFO - Dependencies all met for dep_context=requeueable deps ti=<TaskInstance: market_etl.create_fact_table scheduled__2024-06-25T00:00:00+00:00 [queued]>
[2024-07-09T06:39:18.742+0000] {taskinstance.py:2306} INFO - Starting attempt 1 of 4
[2024-07-09T06:39:18.753+0000] {taskinstance.py:2330} INFO - Executing <Task(_PythonDecoratedOperator): create_fact_table> on 2024-06-25 00:00:00+00:00
[2024-07-09T06:39:18.767+0000] {warnings.py:112} WARNING - /home/airflow/.local/lib/python3.12/site-packages/airflow/task/task_runner/standard_task_runner.py:61: DeprecationWarning: This process (pid=79) is multi-threaded, use of fork() may lead to deadlocks in the child.
  pid = os.fork()

[2024-07-09T06:39:18.768+0000] {standard_task_runner.py:63} INFO - Started process 103 to run task
[2024-07-09T06:39:18.769+0000] {standard_task_runner.py:90} INFO - Running: ['airflow', 'tasks', 'run', 'market_etl', 'create_fact_table', 'scheduled__2024-06-25T00:00:00+00:00', '--job-id', '11', '--raw', '--subdir', 'DAGS_FOLDER/etl.py', '--cfg-path', '/tmp/tmpy9xuss7p']
[2024-07-09T06:39:18.773+0000] {standard_task_runner.py:91} INFO - Job 11: Subtask create_fact_table
[2024-07-09T06:39:18.837+0000] {task_command.py:426} INFO - Running <TaskInstance: market_etl.create_fact_table scheduled__2024-06-25T00:00:00+00:00 [running]> on host e3bf5389da5f
[2024-07-09T06:39:19.156+0000] {taskinstance.py:2648} INFO - Exporting env vars: AIRFLOW_CTX_DAG_OWNER='airflow' AIRFLOW_CTX_DAG_ID='market_etl' AIRFLOW_CTX_TASK_ID='create_fact_table' AIRFLOW_CTX_EXECUTION_DATE='2024-06-25T00:00:00+00:00' AIRFLOW_CTX_TRY_NUMBER='1' AIRFLOW_CTX_DAG_RUN_ID='scheduled__2024-06-25T00:00:00+00:00'
[2024-07-09T06:39:19.159+0000] {taskinstance.py:430} INFO - ::endgroup::
[2024-07-09T06:39:19.160+0000] {taskinstance.py:441} INFO - ::group::Post task execution logs
[2024-07-09T06:39:19.160+0000] {taskinstance.py:2905} ERROR - Task failed with exception
Traceback (most recent call last):
  File "/home/airflow/.local/lib/python3.12/site-packages/airflow/models/taskinstance.py", line 465, in _execute_task
    result = _execute_callable(context=context, **execute_callable_kwargs)
             ^^^^^^^^^^^^^^^^^^^^^^^^^^^^^^^^^^^^^^^^^^^^^^^^^^^^^^^^^^^^^
  File "/home/airflow/.local/lib/python3.12/site-packages/airflow/models/taskinstance.py", line 432, in _execute_callable
    return execute_callable(context=context, **execute_callable_kwargs)
           ^^^^^^^^^^^^^^^^^^^^^^^^^^^^^^^^^^^^^^^^^^^^^^^^^^^^^^^^^^^^
  File "/home/airflow/.local/lib/python3.12/site-packages/airflow/models/baseoperator.py", line 401, in wrapper
    return func(self, *args, **kwargs)
           ^^^^^^^^^^^^^^^^^^^^^^^^^^^
  File "/home/airflow/.local/lib/python3.12/site-packages/airflow/decorators/base.py", line 265, in execute
    return_value = super().execute(context)
                   ^^^^^^^^^^^^^^^^^^^^^^^^
  File "/home/airflow/.local/lib/python3.12/site-packages/airflow/models/baseoperator.py", line 401, in wrapper
    return func(self, *args, **kwargs)
           ^^^^^^^^^^^^^^^^^^^^^^^^^^^
  File "/home/airflow/.local/lib/python3.12/site-packages/airflow/operators/python.py", line 235, in execute
    return_value = self.execute_callable()
                   ^^^^^^^^^^^^^^^^^^^^^^^
  File "/home/airflow/.local/lib/python3.12/site-packages/airflow/operators/python.py", line 252, in execute_callable
    return self.python_callable(*self.op_args, **self.op_kwargs)
           ^^^^^^^^^^^^^^^^^^^^^^^^^^^^^^^^^^^^^^^^^^^^^^^^^^^^^
  File "/opt/airflow/dags/etl.py", line 51, in create_fact_table
    fact_table = df[['SECURITY_ID', 'Close_Date', 'TOTAL_TRADED_QUANTITY', 'CLOSE_PRICE', 'LAST_UPDATED_PRICE', 'TOTAL_TRADES', 'AVERAGE_TRADED_PRICE']].copy()
                 ~~^^^^^^^^^^^^^^^^^^^^^^^^^^^^^^^^^^^^^^^^^^^^^^^^^^^^^^^^^^^^^^^^^^^^^^^^^^^^^^^^^^^^^^^^^^^^^^^^^^^^^^^^^^^^^^^^^^^^^^^^^^^^^^^^^^^^^
  File "/home/airflow/.local/lib/python3.12/site-packages/pandas/core/frame.py", line 3899, in __getitem__
    indexer = self.columns._get_indexer_strict(key, "columns")[1]
              ^^^^^^^^^^^^^^^^^^^^^^^^^^^^^^^^^^^^^^^^^^^^^^^^
  File "/home/airflow/.local/lib/python3.12/site-packages/pandas/core/indexes/base.py", line 6115, in _get_indexer_strict
    self._raise_if_missing(keyarr, indexer, axis_name)
  File "/home/airflow/.local/lib/python3.12/site-packages/pandas/core/indexes/base.py", line 6179, in _raise_if_missing
    raise KeyError(f"{not_found} not in index")
KeyError: "['SECURITY_ID', 'TOTAL_TRADED_QUANTITY', 'CLOSE_PRICE', 'LAST_UPDATED_PRICE', 'TOTAL_TRADES', 'AVERAGE_TRADED_PRICE'] not in index"
[2024-07-09T06:39:19.189+0000] {taskinstance.py:1206} INFO - Marking task as UP_FOR_RETRY. dag_id=market_etl, task_id=create_fact_table, run_id=scheduled__2024-06-25T00:00:00+00:00, execution_date=20240625T000000, start_date=20240709T063918, end_date=20240709T063919
[2024-07-09T06:39:19.204+0000] {standard_task_runner.py:110} ERROR - Failed to execute job 11 for task create_fact_table ("['SECURITY_ID', 'TOTAL_TRADED_QUANTITY', 'CLOSE_PRICE', 'LAST_UPDATED_PRICE', 'TOTAL_TRADES', 'AVERAGE_TRADED_PRICE'] not in index"; 103)
[2024-07-09T06:39:19.243+0000] {local_task_job_runner.py:240} INFO - Task exited with return code 1
[2024-07-09T06:39:19.286+0000] {taskinstance.py:3503} INFO - 0 downstream tasks scheduled from follow-on schedule check
[2024-07-09T06:39:19.288+0000] {local_task_job_runner.py:222} INFO - ::endgroup::
[2024-07-09T06:50:37.242+0000] {local_task_job_runner.py:120} INFO - ::group::Pre task execution logs
[2024-07-09T06:50:37.261+0000] {taskinstance.py:2076} INFO - Dependencies all met for dep_context=non-requeueable deps ti=<TaskInstance: market_etl.create_fact_table scheduled__2024-06-25T00:00:00+00:00 [queued]>
[2024-07-09T06:50:37.272+0000] {taskinstance.py:2076} INFO - Dependencies all met for dep_context=requeueable deps ti=<TaskInstance: market_etl.create_fact_table scheduled__2024-06-25T00:00:00+00:00 [queued]>
[2024-07-09T06:50:37.273+0000] {taskinstance.py:2306} INFO - Starting attempt 1 of 4
[2024-07-09T06:50:37.285+0000] {taskinstance.py:2330} INFO - Executing <Task(_PythonDecoratedOperator): create_fact_table> on 2024-06-25 00:00:00+00:00
[2024-07-09T06:50:37.298+0000] {warnings.py:112} WARNING - /home/airflow/.local/lib/python3.12/site-packages/airflow/task/task_runner/standard_task_runner.py:61: DeprecationWarning: This process (pid=101) is multi-threaded, use of fork() may lead to deadlocks in the child.
  pid = os.fork()

[2024-07-09T06:50:37.300+0000] {standard_task_runner.py:63} INFO - Started process 125 to run task
[2024-07-09T06:50:37.300+0000] {standard_task_runner.py:90} INFO - Running: ['airflow', 'tasks', 'run', 'market_etl', 'create_fact_table', 'scheduled__2024-06-25T00:00:00+00:00', '--job-id', '28', '--raw', '--subdir', 'DAGS_FOLDER/etl.py', '--cfg-path', '/tmp/tmp7njd2_tg']
[2024-07-09T06:50:37.302+0000] {standard_task_runner.py:91} INFO - Job 28: Subtask create_fact_table
[2024-07-09T06:50:37.374+0000] {task_command.py:426} INFO - Running <TaskInstance: market_etl.create_fact_table scheduled__2024-06-25T00:00:00+00:00 [running]> on host db136e5a2a84
[2024-07-09T06:50:37.560+0000] {taskinstance.py:2648} INFO - Exporting env vars: AIRFLOW_CTX_DAG_OWNER='airflow' AIRFLOW_CTX_DAG_ID='market_etl' AIRFLOW_CTX_TASK_ID='create_fact_table' AIRFLOW_CTX_EXECUTION_DATE='2024-06-25T00:00:00+00:00' AIRFLOW_CTX_TRY_NUMBER='1' AIRFLOW_CTX_DAG_RUN_ID='scheduled__2024-06-25T00:00:00+00:00'
[2024-07-09T06:50:37.569+0000] {taskinstance.py:430} INFO - ::endgroup::
[2024-07-09T06:50:37.571+0000] {taskinstance.py:441} INFO - ::group::Post task execution logs
[2024-07-09T06:50:37.572+0000] {taskinstance.py:2905} ERROR - Task failed with exception
Traceback (most recent call last):
  File "/home/airflow/.local/lib/python3.12/site-packages/airflow/models/taskinstance.py", line 465, in _execute_task
    result = _execute_callable(context=context, **execute_callable_kwargs)
             ^^^^^^^^^^^^^^^^^^^^^^^^^^^^^^^^^^^^^^^^^^^^^^^^^^^^^^^^^^^^^
  File "/home/airflow/.local/lib/python3.12/site-packages/airflow/models/taskinstance.py", line 432, in _execute_callable
    return execute_callable(context=context, **execute_callable_kwargs)
           ^^^^^^^^^^^^^^^^^^^^^^^^^^^^^^^^^^^^^^^^^^^^^^^^^^^^^^^^^^^^
  File "/home/airflow/.local/lib/python3.12/site-packages/airflow/models/baseoperator.py", line 401, in wrapper
    return func(self, *args, **kwargs)
           ^^^^^^^^^^^^^^^^^^^^^^^^^^^
  File "/home/airflow/.local/lib/python3.12/site-packages/airflow/decorators/base.py", line 265, in execute
    return_value = super().execute(context)
                   ^^^^^^^^^^^^^^^^^^^^^^^^
  File "/home/airflow/.local/lib/python3.12/site-packages/airflow/models/baseoperator.py", line 401, in wrapper
    return func(self, *args, **kwargs)
           ^^^^^^^^^^^^^^^^^^^^^^^^^^^
  File "/home/airflow/.local/lib/python3.12/site-packages/airflow/operators/python.py", line 235, in execute
    return_value = self.execute_callable()
                   ^^^^^^^^^^^^^^^^^^^^^^^
  File "/home/airflow/.local/lib/python3.12/site-packages/airflow/operators/python.py", line 252, in execute_callable
    return self.python_callable(*self.op_args, **self.op_kwargs)
           ^^^^^^^^^^^^^^^^^^^^^^^^^^^^^^^^^^^^^^^^^^^^^^^^^^^^^
  File "/opt/airflow/dags/etl.py", line 54, in create_fact_table
    fact_table = df[['SECURITY_ID', 'Close_Date', 'TOTAL_TRADED_QUANTITY', 'CLOSE_PRICE', 'LAST_UPDATED_PRICE', 'TOTAL_TRADES', 'AVERAGE_TRADED_PRICE']].copy()
                 ~~^^^^^^^^^^^^^^^^^^^^^^^^^^^^^^^^^^^^^^^^^^^^^^^^^^^^^^^^^^^^^^^^^^^^^^^^^^^^^^^^^^^^^^^^^^^^^^^^^^^^^^^^^^^^^^^^^^^^^^^^^^^^^^^^^^^^^
  File "/home/airflow/.local/lib/python3.12/site-packages/pandas/core/frame.py", line 3899, in __getitem__
    indexer = self.columns._get_indexer_strict(key, "columns")[1]
              ^^^^^^^^^^^^^^^^^^^^^^^^^^^^^^^^^^^^^^^^^^^^^^^^
  File "/home/airflow/.local/lib/python3.12/site-packages/pandas/core/indexes/base.py", line 6115, in _get_indexer_strict
    self._raise_if_missing(keyarr, indexer, axis_name)
  File "/home/airflow/.local/lib/python3.12/site-packages/pandas/core/indexes/base.py", line 6179, in _raise_if_missing
    raise KeyError(f"{not_found} not in index")
KeyError: "['SECURITY_ID', 'TOTAL_TRADED_QUANTITY', 'CLOSE_PRICE', 'LAST_UPDATED_PRICE', 'TOTAL_TRADES', 'AVERAGE_TRADED_PRICE'] not in index"
[2024-07-09T06:50:37.594+0000] {taskinstance.py:1206} INFO - Marking task as UP_FOR_RETRY. dag_id=market_etl, task_id=create_fact_table, run_id=scheduled__2024-06-25T00:00:00+00:00, execution_date=20240625T000000, start_date=20240709T065037, end_date=20240709T065037
[2024-07-09T06:50:37.626+0000] {standard_task_runner.py:110} ERROR - Failed to execute job 28 for task create_fact_table ("['SECURITY_ID', 'TOTAL_TRADED_QUANTITY', 'CLOSE_PRICE', 'LAST_UPDATED_PRICE', 'TOTAL_TRADES', 'AVERAGE_TRADED_PRICE'] not in index"; 125)
[2024-07-09T06:50:37.656+0000] {local_task_job_runner.py:240} INFO - Task exited with return code 1
[2024-07-09T06:50:37.727+0000] {taskinstance.py:3503} INFO - 0 downstream tasks scheduled from follow-on schedule check
[2024-07-09T06:50:37.729+0000] {local_task_job_runner.py:222} INFO - ::endgroup::
[2024-07-09T07:04:01.667+0000] {local_task_job_runner.py:120} INFO - ::group::Pre task execution logs
[2024-07-09T07:04:01.685+0000] {taskinstance.py:2076} INFO - Dependencies all met for dep_context=non-requeueable deps ti=<TaskInstance: market_etl.create_fact_table scheduled__2024-06-25T00:00:00+00:00 [queued]>
[2024-07-09T07:04:01.691+0000] {taskinstance.py:2076} INFO - Dependencies all met for dep_context=requeueable deps ti=<TaskInstance: market_etl.create_fact_table scheduled__2024-06-25T00:00:00+00:00 [queued]>
[2024-07-09T07:04:01.691+0000] {taskinstance.py:2306} INFO - Starting attempt 1 of 4
[2024-07-09T07:04:01.702+0000] {taskinstance.py:2330} INFO - Executing <Task(_PythonDecoratedOperator): create_fact_table> on 2024-06-25 00:00:00+00:00
[2024-07-09T07:04:01.710+0000] {warnings.py:112} WARNING - /home/airflow/.local/lib/python3.12/site-packages/airflow/task/task_runner/standard_task_runner.py:61: DeprecationWarning: This process (pid=62) is multi-threaded, use of fork() may lead to deadlocks in the child.
  pid = os.fork()

[2024-07-09T07:04:01.711+0000] {standard_task_runner.py:63} INFO - Started process 68 to run task
[2024-07-09T07:04:01.712+0000] {standard_task_runner.py:90} INFO - Running: ['airflow', 'tasks', 'run', 'market_etl', 'create_fact_table', 'scheduled__2024-06-25T00:00:00+00:00', '--job-id', '44', '--raw', '--subdir', 'DAGS_FOLDER/etl.py', '--cfg-path', '/tmp/tmpisck4y9p']
[2024-07-09T07:04:01.716+0000] {standard_task_runner.py:91} INFO - Job 44: Subtask create_fact_table
[2024-07-09T07:04:01.765+0000] {task_command.py:426} INFO - Running <TaskInstance: market_etl.create_fact_table scheduled__2024-06-25T00:00:00+00:00 [running]> on host 2e2a7ed5b072
[2024-07-09T07:04:02.020+0000] {taskinstance.py:2648} INFO - Exporting env vars: AIRFLOW_CTX_DAG_OWNER='airflow' AIRFLOW_CTX_DAG_ID='market_etl' AIRFLOW_CTX_TASK_ID='create_fact_table' AIRFLOW_CTX_EXECUTION_DATE='2024-06-25T00:00:00+00:00' AIRFLOW_CTX_TRY_NUMBER='1' AIRFLOW_CTX_DAG_RUN_ID='scheduled__2024-06-25T00:00:00+00:00'
[2024-07-09T07:04:02.021+0000] {taskinstance.py:430} INFO - ::endgroup::
[2024-07-09T07:04:02.026+0000] {python.py:237} INFO - Done. Returned value was:     SECURITY_ID  ...                     PRICE_ID
0          ADBL  ...     ADBL_2024-07-08 00:00:00
1       ADBLD83  ...  ADBLD83_2024-07-08 00:00:00
2           AHL  ...      AHL_2024-07-08 00:00:00
3          AHPC  ...     AHPC_2024-07-08 00:00:00
4         AKJCL  ...    AKJCL_2024-07-08 00:00:00
..          ...  ...                          ...
318        USHL  ...     USHL_2024-07-08 00:00:00
319        USLB  ...     USLB_2024-07-08 00:00:00
320        VLBS  ...     VLBS_2024-07-08 00:00:00
321       VLUCL  ...    VLUCL_2024-07-08 00:00:00
322        WNLB  ...     WNLB_2024-07-08 00:00:00

[323 rows x 8 columns]
[2024-07-09T07:04:02.034+0000] {taskinstance.py:441} INFO - ::group::Post task execution logs
[2024-07-09T07:04:02.082+0000] {taskinstance.py:1206} INFO - Marking task as SUCCESS. dag_id=market_etl, task_id=create_fact_table, run_id=scheduled__2024-06-25T00:00:00+00:00, execution_date=20240625T000000, start_date=20240709T070401, end_date=20240709T070402
[2024-07-09T07:04:02.137+0000] {local_task_job_runner.py:240} INFO - Task exited with return code 0
[2024-07-09T07:04:02.161+0000] {taskinstance.py:3503} INFO - 0 downstream tasks scheduled from follow-on schedule check
[2024-07-09T07:04:02.162+0000] {local_task_job_runner.py:222} INFO - ::endgroup::
[2024-07-09T07:07:27.501+0000] {local_task_job_runner.py:120} INFO - ::group::Pre task execution logs
[2024-07-09T07:07:27.532+0000] {taskinstance.py:2076} INFO - Dependencies all met for dep_context=non-requeueable deps ti=<TaskInstance: market_etl.create_fact_table scheduled__2024-06-25T00:00:00+00:00 [queued]>
[2024-07-09T07:07:27.556+0000] {taskinstance.py:2076} INFO - Dependencies all met for dep_context=requeueable deps ti=<TaskInstance: market_etl.create_fact_table scheduled__2024-06-25T00:00:00+00:00 [queued]>
[2024-07-09T07:07:27.556+0000] {taskinstance.py:2306} INFO - Starting attempt 1 of 4
[2024-07-09T07:07:27.589+0000] {taskinstance.py:2330} INFO - Executing <Task(_PythonDecoratedOperator): create_fact_table> on 2024-06-25 00:00:00+00:00
[2024-07-09T07:07:27.610+0000] {warnings.py:112} WARNING - /home/airflow/.local/lib/python3.12/site-packages/airflow/task/task_runner/standard_task_runner.py:61: DeprecationWarning: This process (pid=64) is multi-threaded, use of fork() may lead to deadlocks in the child.
  pid = os.fork()

[2024-07-09T07:07:27.615+0000] {standard_task_runner.py:63} INFO - Started process 71 to run task
[2024-07-09T07:07:27.612+0000] {standard_task_runner.py:90} INFO - Running: ['airflow', 'tasks', 'run', 'market_etl', 'create_fact_table', 'scheduled__2024-06-25T00:00:00+00:00', '--job-id', '53', '--raw', '--subdir', 'DAGS_FOLDER/etl.py', '--cfg-path', '/tmp/tmpbfi_fk3h']
[2024-07-09T07:07:27.616+0000] {standard_task_runner.py:91} INFO - Job 53: Subtask create_fact_table
[2024-07-09T07:07:27.711+0000] {task_command.py:426} INFO - Running <TaskInstance: market_etl.create_fact_table scheduled__2024-06-25T00:00:00+00:00 [running]> on host 476be1a8a233
[2024-07-09T07:07:28.168+0000] {taskinstance.py:2648} INFO - Exporting env vars: AIRFLOW_CTX_DAG_OWNER='airflow' AIRFLOW_CTX_DAG_ID='market_etl' AIRFLOW_CTX_TASK_ID='create_fact_table' AIRFLOW_CTX_EXECUTION_DATE='2024-06-25T00:00:00+00:00' AIRFLOW_CTX_TRY_NUMBER='1' AIRFLOW_CTX_DAG_RUN_ID='scheduled__2024-06-25T00:00:00+00:00'
[2024-07-09T07:07:28.171+0000] {taskinstance.py:430} INFO - ::endgroup::
[2024-07-09T07:07:28.179+0000] {python.py:237} INFO - Done. Returned value was:     SECURITY_ID  ...                     PRICE_ID
0          ADBL  ...     ADBL_2024-07-08 00:00:00
1       ADBLD83  ...  ADBLD83_2024-07-08 00:00:00
2           AHL  ...      AHL_2024-07-08 00:00:00
3          AHPC  ...     AHPC_2024-07-08 00:00:00
4         AKJCL  ...    AKJCL_2024-07-08 00:00:00
..          ...  ...                          ...
318        USHL  ...     USHL_2024-07-08 00:00:00
319        USLB  ...     USLB_2024-07-08 00:00:00
320        VLBS  ...     VLBS_2024-07-08 00:00:00
321       VLUCL  ...    VLUCL_2024-07-08 00:00:00
322        WNLB  ...     WNLB_2024-07-08 00:00:00

[323 rows x 8 columns]
[2024-07-09T07:07:28.189+0000] {taskinstance.py:441} INFO - ::group::Post task execution logs
[2024-07-09T07:07:28.253+0000] {taskinstance.py:1206} INFO - Marking task as SUCCESS. dag_id=market_etl, task_id=create_fact_table, run_id=scheduled__2024-06-25T00:00:00+00:00, execution_date=20240625T000000, start_date=20240709T070727, end_date=20240709T070728
[2024-07-09T07:07:28.292+0000] {local_task_job_runner.py:240} INFO - Task exited with return code 0
[2024-07-09T07:07:28.310+0000] {local_task_job_runner.py:222} INFO - ::endgroup::
[2024-07-09T07:51:24.650+0000] {local_task_job_runner.py:120} INFO - ::group::Pre task execution logs
[2024-07-09T07:51:24.719+0000] {taskinstance.py:2076} INFO - Dependencies all met for dep_context=non-requeueable deps ti=<TaskInstance: market_etl.create_fact_table scheduled__2024-06-25T00:00:00+00:00 [queued]>
[2024-07-09T07:51:24.734+0000] {taskinstance.py:2076} INFO - Dependencies all met for dep_context=requeueable deps ti=<TaskInstance: market_etl.create_fact_table scheduled__2024-06-25T00:00:00+00:00 [queued]>
[2024-07-09T07:51:24.734+0000] {taskinstance.py:2306} INFO - Starting attempt 1 of 4
[2024-07-09T07:51:24.764+0000] {taskinstance.py:2330} INFO - Executing <Task(_PythonDecoratedOperator): create_fact_table> on 2024-06-25 00:00:00+00:00
[2024-07-09T07:51:24.780+0000] {warnings.py:112} WARNING - /home/airflow/.local/lib/python3.12/site-packages/airflow/task/task_runner/standard_task_runner.py:61: DeprecationWarning: This process (pid=73) is multi-threaded, use of fork() may lead to deadlocks in the child.
  pid = os.fork()

[2024-07-09T07:51:24.781+0000] {standard_task_runner.py:63} INFO - Started process 97 to run task
[2024-07-09T07:51:24.783+0000] {standard_task_runner.py:90} INFO - Running: ['airflow', 'tasks', 'run', 'market_etl', 'create_fact_table', 'scheduled__2024-06-25T00:00:00+00:00', '--job-id', '66', '--raw', '--subdir', 'DAGS_FOLDER/etl.py', '--cfg-path', '/tmp/tmpb8ryqxtx']
[2024-07-09T07:51:24.785+0000] {standard_task_runner.py:91} INFO - Job 66: Subtask create_fact_table
[2024-07-09T07:51:25.012+0000] {task_command.py:426} INFO - Running <TaskInstance: market_etl.create_fact_table scheduled__2024-06-25T00:00:00+00:00 [running]> on host c28bfc7b9d3e
[2024-07-09T07:51:25.314+0000] {taskinstance.py:2648} INFO - Exporting env vars: AIRFLOW_CTX_DAG_OWNER='airflow' AIRFLOW_CTX_DAG_ID='market_etl' AIRFLOW_CTX_TASK_ID='create_fact_table' AIRFLOW_CTX_EXECUTION_DATE='2024-06-25T00:00:00+00:00' AIRFLOW_CTX_TRY_NUMBER='1' AIRFLOW_CTX_DAG_RUN_ID='scheduled__2024-06-25T00:00:00+00:00'
[2024-07-09T07:51:25.316+0000] {taskinstance.py:430} INFO - ::endgroup::
[2024-07-09T07:51:25.321+0000] {python.py:237} INFO - Done. Returned value was:     SECURITY_ID  ...                     PRICE_ID
0          ADBL  ...     ADBL_2024-07-08 00:00:00
1       ADBLD83  ...  ADBLD83_2024-07-08 00:00:00
2           AHL  ...      AHL_2024-07-08 00:00:00
3          AHPC  ...     AHPC_2024-07-08 00:00:00
4         AKJCL  ...    AKJCL_2024-07-08 00:00:00
..          ...  ...                          ...
318        USHL  ...     USHL_2024-07-08 00:00:00
319        USLB  ...     USLB_2024-07-08 00:00:00
320        VLBS  ...     VLBS_2024-07-08 00:00:00
321       VLUCL  ...    VLUCL_2024-07-08 00:00:00
322        WNLB  ...     WNLB_2024-07-08 00:00:00

[323 rows x 8 columns]
[2024-07-09T07:51:25.346+0000] {taskinstance.py:441} INFO - ::group::Post task execution logs
[2024-07-09T07:51:25.388+0000] {taskinstance.py:1206} INFO - Marking task as SUCCESS. dag_id=market_etl, task_id=create_fact_table, run_id=scheduled__2024-06-25T00:00:00+00:00, execution_date=20240625T000000, start_date=20240709T075124, end_date=20240709T075125
[2024-07-09T07:51:25.430+0000] {local_task_job_runner.py:240} INFO - Task exited with return code 0
[2024-07-09T07:51:25.474+0000] {taskinstance.py:3503} INFO - 1 downstream tasks scheduled from follow-on schedule check
[2024-07-09T07:51:25.475+0000] {local_task_job_runner.py:222} INFO - ::endgroup::
[2024-07-09T08:02:28.547+0000] {local_task_job_runner.py:120} INFO - ::group::Pre task execution logs
[2024-07-09T08:02:28.578+0000] {taskinstance.py:2076} INFO - Dependencies all met for dep_context=non-requeueable deps ti=<TaskInstance: market_etl.create_fact_table scheduled__2024-06-25T00:00:00+00:00 [queued]>
[2024-07-09T08:02:28.598+0000] {taskinstance.py:2076} INFO - Dependencies all met for dep_context=requeueable deps ti=<TaskInstance: market_etl.create_fact_table scheduled__2024-06-25T00:00:00+00:00 [queued]>
[2024-07-09T08:02:28.598+0000] {taskinstance.py:2306} INFO - Starting attempt 1 of 4
[2024-07-09T08:02:28.619+0000] {taskinstance.py:2330} INFO - Executing <Task(_PythonDecoratedOperator): create_fact_table> on 2024-06-25 00:00:00+00:00
[2024-07-09T08:02:28.629+0000] {warnings.py:112} WARNING - /home/airflow/.local/lib/python3.12/site-packages/airflow/task/task_runner/standard_task_runner.py:61: DeprecationWarning: This process (pid=63) is multi-threaded, use of fork() may lead to deadlocks in the child.
  pid = os.fork()

[2024-07-09T08:02:28.631+0000] {standard_task_runner.py:63} INFO - Started process 69 to run task
[2024-07-09T08:02:28.632+0000] {standard_task_runner.py:90} INFO - Running: ['airflow', 'tasks', 'run', 'market_etl', 'create_fact_table', 'scheduled__2024-06-25T00:00:00+00:00', '--job-id', '77', '--raw', '--subdir', 'DAGS_FOLDER/etl.py', '--cfg-path', '/tmp/tmpoc4mq7qc']
[2024-07-09T08:02:28.635+0000] {standard_task_runner.py:91} INFO - Job 77: Subtask create_fact_table
[2024-07-09T08:02:28.698+0000] {task_command.py:426} INFO - Running <TaskInstance: market_etl.create_fact_table scheduled__2024-06-25T00:00:00+00:00 [running]> on host 85b7a2421f63
[2024-07-09T08:02:28.855+0000] {taskinstance.py:2648} INFO - Exporting env vars: AIRFLOW_CTX_DAG_OWNER='airflow' AIRFLOW_CTX_DAG_ID='market_etl' AIRFLOW_CTX_TASK_ID='create_fact_table' AIRFLOW_CTX_EXECUTION_DATE='2024-06-25T00:00:00+00:00' AIRFLOW_CTX_TRY_NUMBER='1' AIRFLOW_CTX_DAG_RUN_ID='scheduled__2024-06-25T00:00:00+00:00'
[2024-07-09T08:02:28.858+0000] {taskinstance.py:430} INFO - ::endgroup::
[2024-07-09T08:02:28.863+0000] {python.py:237} INFO - Done. Returned value was:     SECURITY_ID  ...                     PRICE_ID
0          ADBL  ...     ADBL_2024-07-08 00:00:00
1       ADBLD83  ...  ADBLD83_2024-07-08 00:00:00
2           AHL  ...      AHL_2024-07-08 00:00:00
3          AHPC  ...     AHPC_2024-07-08 00:00:00
4         AKJCL  ...    AKJCL_2024-07-08 00:00:00
..          ...  ...                          ...
318        USHL  ...     USHL_2024-07-08 00:00:00
319        USLB  ...     USLB_2024-07-08 00:00:00
320        VLBS  ...     VLBS_2024-07-08 00:00:00
321       VLUCL  ...    VLUCL_2024-07-08 00:00:00
322        WNLB  ...     WNLB_2024-07-08 00:00:00

[323 rows x 8 columns]
[2024-07-09T08:02:28.872+0000] {taskinstance.py:441} INFO - ::group::Post task execution logs
[2024-07-09T08:02:28.905+0000] {taskinstance.py:1206} INFO - Marking task as SUCCESS. dag_id=market_etl, task_id=create_fact_table, run_id=scheduled__2024-06-25T00:00:00+00:00, execution_date=20240625T000000, start_date=20240709T080228, end_date=20240709T080228
[2024-07-09T08:02:28.935+0000] {local_task_job_runner.py:240} INFO - Task exited with return code 0
[2024-07-09T08:02:28.961+0000] {taskinstance.py:3503} INFO - 0 downstream tasks scheduled from follow-on schedule check
[2024-07-09T08:02:28.962+0000] {local_task_job_runner.py:222} INFO - ::endgroup::
[2024-07-09T08:36:17.374+0000] {local_task_job_runner.py:120} INFO - ::group::Pre task execution logs
[2024-07-09T08:36:17.406+0000] {taskinstance.py:2076} INFO - Dependencies all met for dep_context=non-requeueable deps ti=<TaskInstance: market_etl.create_fact_table scheduled__2024-06-25T00:00:00+00:00 [queued]>
[2024-07-09T08:36:17.411+0000] {taskinstance.py:2076} INFO - Dependencies all met for dep_context=requeueable deps ti=<TaskInstance: market_etl.create_fact_table scheduled__2024-06-25T00:00:00+00:00 [queued]>
[2024-07-09T08:36:17.412+0000] {taskinstance.py:2306} INFO - Starting attempt 1 of 4
[2024-07-09T08:36:17.442+0000] {taskinstance.py:2330} INFO - Executing <Task(_PythonDecoratedOperator): create_fact_table> on 2024-06-25 00:00:00+00:00
[2024-07-09T08:36:17.448+0000] {warnings.py:112} WARNING - /home/airflow/.local/lib/python3.12/site-packages/airflow/task/task_runner/standard_task_runner.py:61: DeprecationWarning: This process (pid=63) is multi-threaded, use of fork() may lead to deadlocks in the child.
  pid = os.fork()

[2024-07-09T08:36:17.449+0000] {standard_task_runner.py:63} INFO - Started process 78 to run task
[2024-07-09T08:36:17.450+0000] {standard_task_runner.py:90} INFO - Running: ['airflow', 'tasks', 'run', 'market_etl', 'create_fact_table', 'scheduled__2024-06-25T00:00:00+00:00', '--job-id', '90', '--raw', '--subdir', 'DAGS_FOLDER/etl.py', '--cfg-path', '/tmp/tmpyy3gjpxg']
[2024-07-09T08:36:17.452+0000] {standard_task_runner.py:91} INFO - Job 90: Subtask create_fact_table
[2024-07-09T08:36:17.523+0000] {task_command.py:426} INFO - Running <TaskInstance: market_etl.create_fact_table scheduled__2024-06-25T00:00:00+00:00 [running]> on host 9d8da6717a55
[2024-07-09T08:36:17.682+0000] {taskinstance.py:2648} INFO - Exporting env vars: AIRFLOW_CTX_DAG_OWNER='airflow' AIRFLOW_CTX_DAG_ID='market_etl' AIRFLOW_CTX_TASK_ID='create_fact_table' AIRFLOW_CTX_EXECUTION_DATE='2024-06-25T00:00:00+00:00' AIRFLOW_CTX_TRY_NUMBER='1' AIRFLOW_CTX_DAG_RUN_ID='scheduled__2024-06-25T00:00:00+00:00'
[2024-07-09T08:36:17.683+0000] {taskinstance.py:430} INFO - ::endgroup::
[2024-07-09T08:36:17.688+0000] {python.py:237} INFO - Done. Returned value was:     SECURITY_ID  ...                     PRICE_ID
0          ADBL  ...     ADBL_2024-07-08 00:00:00
1       ADBLD83  ...  ADBLD83_2024-07-08 00:00:00
2           AHL  ...      AHL_2024-07-08 00:00:00
3          AHPC  ...     AHPC_2024-07-08 00:00:00
4         AKJCL  ...    AKJCL_2024-07-08 00:00:00
..          ...  ...                          ...
318        USHL  ...     USHL_2024-07-08 00:00:00
319        USLB  ...     USLB_2024-07-08 00:00:00
320        VLBS  ...     VLBS_2024-07-08 00:00:00
321       VLUCL  ...    VLUCL_2024-07-08 00:00:00
322        WNLB  ...     WNLB_2024-07-08 00:00:00

[323 rows x 8 columns]
[2024-07-09T08:36:17.696+0000] {taskinstance.py:441} INFO - ::group::Post task execution logs
[2024-07-09T08:36:17.743+0000] {taskinstance.py:1206} INFO - Marking task as SUCCESS. dag_id=market_etl, task_id=create_fact_table, run_id=scheduled__2024-06-25T00:00:00+00:00, execution_date=20240625T000000, start_date=20240709T083617, end_date=20240709T083617
[2024-07-09T08:36:17.754+0000] {local_task_job_runner.py:240} INFO - Task exited with return code 0
[2024-07-09T08:36:17.772+0000] {taskinstance.py:3503} INFO - 0 downstream tasks scheduled from follow-on schedule check
[2024-07-09T08:36:17.772+0000] {local_task_job_runner.py:222} INFO - ::endgroup::
[2024-07-09T08:41:05.099+0000] {local_task_job_runner.py:120} INFO - ::group::Pre task execution logs
[2024-07-09T08:41:05.126+0000] {taskinstance.py:2076} INFO - Dependencies all met for dep_context=non-requeueable deps ti=<TaskInstance: market_etl.create_fact_table scheduled__2024-06-25T00:00:00+00:00 [queued]>
[2024-07-09T08:41:05.133+0000] {taskinstance.py:2076} INFO - Dependencies all met for dep_context=requeueable deps ti=<TaskInstance: market_etl.create_fact_table scheduled__2024-06-25T00:00:00+00:00 [queued]>
[2024-07-09T08:41:05.133+0000] {taskinstance.py:2306} INFO - Starting attempt 1 of 4
[2024-07-09T08:41:05.159+0000] {taskinstance.py:2330} INFO - Executing <Task(_PythonDecoratedOperator): create_fact_table> on 2024-06-25 00:00:00+00:00
[2024-07-09T08:41:05.165+0000] {warnings.py:112} WARNING - /home/airflow/.local/lib/python3.12/site-packages/airflow/task/task_runner/standard_task_runner.py:61: DeprecationWarning: This process (pid=63) is multi-threaded, use of fork() may lead to deadlocks in the child.
  pid = os.fork()

[2024-07-09T08:41:05.168+0000] {standard_task_runner.py:63} INFO - Started process 68 to run task
[2024-07-09T08:41:05.167+0000] {standard_task_runner.py:90} INFO - Running: ['airflow', 'tasks', 'run', 'market_etl', 'create_fact_table', 'scheduled__2024-06-25T00:00:00+00:00', '--job-id', '99', '--raw', '--subdir', 'DAGS_FOLDER/etl.py', '--cfg-path', '/tmp/tmpd312mbv1']
[2024-07-09T08:41:05.169+0000] {standard_task_runner.py:91} INFO - Job 99: Subtask create_fact_table
[2024-07-09T08:41:05.245+0000] {task_command.py:426} INFO - Running <TaskInstance: market_etl.create_fact_table scheduled__2024-06-25T00:00:00+00:00 [running]> on host 7aa01bd35230
[2024-07-09T08:41:05.458+0000] {taskinstance.py:2648} INFO - Exporting env vars: AIRFLOW_CTX_DAG_OWNER='airflow' AIRFLOW_CTX_DAG_ID='market_etl' AIRFLOW_CTX_TASK_ID='create_fact_table' AIRFLOW_CTX_EXECUTION_DATE='2024-06-25T00:00:00+00:00' AIRFLOW_CTX_TRY_NUMBER='1' AIRFLOW_CTX_DAG_RUN_ID='scheduled__2024-06-25T00:00:00+00:00'
[2024-07-09T08:41:05.460+0000] {taskinstance.py:430} INFO - ::endgroup::
[2024-07-09T08:41:05.467+0000] {python.py:237} INFO - Done. Returned value was:     SECURITY_ID  ...                     PRICE_ID
0          ADBL  ...     ADBL_2024-07-08 00:00:00
1       ADBLD83  ...  ADBLD83_2024-07-08 00:00:00
2           AHL  ...      AHL_2024-07-08 00:00:00
3          AHPC  ...     AHPC_2024-07-08 00:00:00
4         AKJCL  ...    AKJCL_2024-07-08 00:00:00
..          ...  ...                          ...
318        USHL  ...     USHL_2024-07-08 00:00:00
319        USLB  ...     USLB_2024-07-08 00:00:00
320        VLBS  ...     VLBS_2024-07-08 00:00:00
321       VLUCL  ...    VLUCL_2024-07-08 00:00:00
322        WNLB  ...     WNLB_2024-07-08 00:00:00

[323 rows x 8 columns]
[2024-07-09T08:41:05.477+0000] {taskinstance.py:441} INFO - ::group::Post task execution logs
[2024-07-09T08:41:05.529+0000] {taskinstance.py:1206} INFO - Marking task as SUCCESS. dag_id=market_etl, task_id=create_fact_table, run_id=scheduled__2024-06-25T00:00:00+00:00, execution_date=20240625T000000, start_date=20240709T084105, end_date=20240709T084105
[2024-07-09T08:41:05.596+0000] {local_task_job_runner.py:240} INFO - Task exited with return code 0
[2024-07-09T08:41:05.609+0000] {local_task_job_runner.py:222} INFO - ::endgroup::
