[2024-07-10T09:14:21.611+0000] {local_task_job_runner.py:120} INFO - ::group::Pre task execution logs
[2024-07-10T09:14:21.627+0000] {taskinstance.py:2076} INFO - Dependencies all met for dep_context=non-requeueable deps ti=<TaskInstance: market_etl.create_security_dimension scheduled__2024-06-28T06:15:00+00:00 [queued]>
[2024-07-10T09:14:21.633+0000] {taskinstance.py:2076} INFO - Dependencies all met for dep_context=requeueable deps ti=<TaskInstance: market_etl.create_security_dimension scheduled__2024-06-28T06:15:00+00:00 [queued]>
[2024-07-10T09:14:21.633+0000] {taskinstance.py:2306} INFO - Starting attempt 1 of 4
[2024-07-10T09:14:21.641+0000] {taskinstance.py:2330} INFO - Executing <Task(_PythonDecoratedOperator): create_security_dimension> on 2024-06-28 06:15:00+00:00
[2024-07-10T09:14:21.648+0000] {warnings.py:112} WARNING - /home/airflow/.local/lib/python3.12/site-packages/airflow/task/task_runner/standard_task_runner.py:61: DeprecationWarning: This process (pid=443) is multi-threaded, use of fork() may lead to deadlocks in the child.
  pid = os.fork()

[2024-07-10T09:14:21.649+0000] {standard_task_runner.py:63} INFO - Started process 445 to run task
[2024-07-10T09:14:21.650+0000] {standard_task_runner.py:90} INFO - Running: ['airflow', 'tasks', 'run', 'market_etl', 'create_security_dimension', 'scheduled__2024-06-28T06:15:00+00:00', '--job-id', '321', '--raw', '--subdir', 'DAGS_FOLDER/etl.py', '--cfg-path', '/tmp/tmpz9slekp2']
[2024-07-10T09:14:21.651+0000] {standard_task_runner.py:91} INFO - Job 321: Subtask create_security_dimension
[2024-07-10T09:14:21.707+0000] {task_command.py:426} INFO - Running <TaskInstance: market_etl.create_security_dimension scheduled__2024-06-28T06:15:00+00:00 [running]> on host 514b016b59c3
[2024-07-10T09:14:21.936+0000] {taskinstance.py:2648} INFO - Exporting env vars: AIRFLOW_CTX_DAG_OWNER='airflow' AIRFLOW_CTX_DAG_ID='market_etl' AIRFLOW_CTX_TASK_ID='create_security_dimension' AIRFLOW_CTX_EXECUTION_DATE='2024-06-28T06:15:00+00:00' AIRFLOW_CTX_TRY_NUMBER='1' AIRFLOW_CTX_DAG_RUN_ID='scheduled__2024-06-28T06:15:00+00:00'
[2024-07-10T09:14:21.937+0000] {taskinstance.py:430} INFO - ::endgroup::
[2024-07-10T09:14:21.941+0000] {python.py:237} INFO - Done. Returned value was:     SECURITY_ID  MARKET_CAPITALIZATION  ...  FIFTY_TWO_WEEKS_LOW  SECURITY_STOCK_ID
0          ADBL               38364.17  ...                220.5    ADBL_2024-07-09
1           AHL                1772.42  ...                273.1     AHL_2024-07-09
2          AHPC                5783.21  ...                149.0    AHPC_2024-07-09
3         AKJCL                1768.00  ...                141.3   AKJCL_2024-07-09
4          AKPL                6389.35  ...                152.4    AKPL_2024-07-09
..          ...                    ...  ...                  ...                ...
310        USHL                1266.54  ...                253.6    USHL_2024-07-09
311        USLB                4438.40  ...                591.1    USLB_2024-07-09
312        VLBS                7822.92  ...                546.1    VLBS_2024-07-09
313       VLUCL                9811.13  ...                365.3   VLUCL_2024-07-09
314        WNLB                1205.60  ...                680.0    WNLB_2024-07-09

[315 rows x 5 columns]
[2024-07-10T09:14:21.947+0000] {taskinstance.py:441} INFO - ::group::Post task execution logs
[2024-07-10T09:14:21.978+0000] {taskinstance.py:1206} INFO - Marking task as SUCCESS. dag_id=market_etl, task_id=create_security_dimension, run_id=scheduled__2024-06-28T06:15:00+00:00, execution_date=20240628T061500, start_date=20240710T091421, end_date=20240710T091421
[2024-07-10T09:14:22.038+0000] {local_task_job_runner.py:240} INFO - Task exited with return code 0
[2024-07-10T09:14:22.060+0000] {taskinstance.py:3503} INFO - 1 downstream tasks scheduled from follow-on schedule check
[2024-07-10T09:14:22.061+0000] {local_task_job_runner.py:222} INFO - ::endgroup::
[2024-07-10T09:23:26.475+0000] {local_task_job_runner.py:120} INFO - ::group::Pre task execution logs
[2024-07-10T09:23:26.491+0000] {taskinstance.py:2076} INFO - Dependencies all met for dep_context=non-requeueable deps ti=<TaskInstance: market_etl.create_security_dimension scheduled__2024-06-28T06:15:00+00:00 [queued]>
[2024-07-10T09:23:26.514+0000] {taskinstance.py:2076} INFO - Dependencies all met for dep_context=requeueable deps ti=<TaskInstance: market_etl.create_security_dimension scheduled__2024-06-28T06:15:00+00:00 [queued]>
[2024-07-10T09:23:26.515+0000] {taskinstance.py:2306} INFO - Starting attempt 1 of 4
[2024-07-10T09:23:26.526+0000] {taskinstance.py:2330} INFO - Executing <Task(_PythonDecoratedOperator): create_security_dimension> on 2024-06-28 06:15:00+00:00
[2024-07-10T09:23:26.534+0000] {warnings.py:112} WARNING - /home/airflow/.local/lib/python3.12/site-packages/airflow/task/task_runner/standard_task_runner.py:61: DeprecationWarning: This process (pid=449) is multi-threaded, use of fork() may lead to deadlocks in the child.
  pid = os.fork()

[2024-07-10T09:23:26.536+0000] {standard_task_runner.py:63} INFO - Started process 451 to run task
[2024-07-10T09:23:26.537+0000] {standard_task_runner.py:90} INFO - Running: ['airflow', 'tasks', 'run', 'market_etl', 'create_security_dimension', 'scheduled__2024-06-28T06:15:00+00:00', '--job-id', '444', '--raw', '--subdir', 'DAGS_FOLDER/etl.py', '--cfg-path', '/tmp/tmp9k6h2tpi']
[2024-07-10T09:23:26.540+0000] {standard_task_runner.py:91} INFO - Job 444: Subtask create_security_dimension
[2024-07-10T09:23:26.611+0000] {task_command.py:426} INFO - Running <TaskInstance: market_etl.create_security_dimension scheduled__2024-06-28T06:15:00+00:00 [running]> on host 514b016b59c3
[2024-07-10T09:23:26.839+0000] {taskinstance.py:2648} INFO - Exporting env vars: AIRFLOW_CTX_DAG_OWNER='airflow' AIRFLOW_CTX_DAG_ID='market_etl' AIRFLOW_CTX_TASK_ID='create_security_dimension' AIRFLOW_CTX_EXECUTION_DATE='2024-06-28T06:15:00+00:00' AIRFLOW_CTX_TRY_NUMBER='1' AIRFLOW_CTX_DAG_RUN_ID='scheduled__2024-06-28T06:15:00+00:00'
[2024-07-10T09:23:26.841+0000] {taskinstance.py:430} INFO - ::endgroup::
[2024-07-10T09:23:26.844+0000] {python.py:237} INFO - Done. Returned value was:     SECURITY_ID  MARKET_CAPITALIZATION  ...  FIFTY_TWO_WEEKS_LOW  SECURITY_STOCK_ID
0          ADBL               38364.17  ...                220.5    ADBL_2024-07-09
1           AHL                1772.42  ...                273.1     AHL_2024-07-09
2          AHPC                5783.21  ...                149.0    AHPC_2024-07-09
3         AKJCL                1768.00  ...                141.3   AKJCL_2024-07-09
4          AKPL                6389.35  ...                152.4    AKPL_2024-07-09
..          ...                    ...  ...                  ...                ...
310        USHL                1266.54  ...                253.6    USHL_2024-07-09
311        USLB                4438.40  ...                591.1    USLB_2024-07-09
312        VLBS                7822.92  ...                546.1    VLBS_2024-07-09
313       VLUCL                9811.13  ...                365.3   VLUCL_2024-07-09
314        WNLB                1205.60  ...                680.0    WNLB_2024-07-09

[315 rows x 5 columns]
[2024-07-10T09:23:26.851+0000] {taskinstance.py:441} INFO - ::group::Post task execution logs
[2024-07-10T09:23:26.879+0000] {taskinstance.py:1206} INFO - Marking task as SUCCESS. dag_id=market_etl, task_id=create_security_dimension, run_id=scheduled__2024-06-28T06:15:00+00:00, execution_date=20240628T061500, start_date=20240710T092326, end_date=20240710T092326
[2024-07-10T09:23:26.932+0000] {local_task_job_runner.py:240} INFO - Task exited with return code 0
[2024-07-10T09:23:26.954+0000] {taskinstance.py:3503} INFO - 1 downstream tasks scheduled from follow-on schedule check
[2024-07-10T09:23:26.955+0000] {local_task_job_runner.py:222} INFO - ::endgroup::
[2024-07-10T09:53:10.981+0000] {local_task_job_runner.py:120} INFO - ::group::Pre task execution logs
[2024-07-10T09:53:11.000+0000] {taskinstance.py:2076} INFO - Dependencies all met for dep_context=non-requeueable deps ti=<TaskInstance: market_etl.create_security_dimension scheduled__2024-06-28T06:15:00+00:00 [queued]>
[2024-07-10T09:53:11.007+0000] {taskinstance.py:2076} INFO - Dependencies all met for dep_context=requeueable deps ti=<TaskInstance: market_etl.create_security_dimension scheduled__2024-06-28T06:15:00+00:00 [queued]>
[2024-07-10T09:53:11.007+0000] {taskinstance.py:2306} INFO - Starting attempt 1 of 4
[2024-07-10T09:53:11.017+0000] {taskinstance.py:2330} INFO - Executing <Task(_PythonDecoratedOperator): create_security_dimension> on 2024-06-28 06:15:00+00:00
[2024-07-10T09:53:11.060+0000] {warnings.py:112} WARNING - /home/airflow/.local/lib/python3.12/site-packages/airflow/task/task_runner/standard_task_runner.py:61: DeprecationWarning: This process (pid=431) is multi-threaded, use of fork() may lead to deadlocks in the child.
  pid = os.fork()

[2024-07-10T09:53:11.065+0000] {standard_task_runner.py:63} INFO - Started process 435 to run task
[2024-07-10T09:53:11.065+0000] {standard_task_runner.py:90} INFO - Running: ['airflow', 'tasks', 'run', 'market_etl', 'create_security_dimension', 'scheduled__2024-06-28T06:15:00+00:00', '--job-id', '570', '--raw', '--subdir', 'DAGS_FOLDER/etl.py', '--cfg-path', '/tmp/tmp3013sru3']
[2024-07-10T09:53:11.068+0000] {standard_task_runner.py:91} INFO - Job 570: Subtask create_security_dimension
[2024-07-10T09:53:11.196+0000] {task_command.py:426} INFO - Running <TaskInstance: market_etl.create_security_dimension scheduled__2024-06-28T06:15:00+00:00 [running]> on host 514b016b59c3
[2024-07-10T09:53:11.458+0000] {taskinstance.py:2648} INFO - Exporting env vars: AIRFLOW_CTX_DAG_OWNER='airflow' AIRFLOW_CTX_DAG_ID='market_etl' AIRFLOW_CTX_TASK_ID='create_security_dimension' AIRFLOW_CTX_EXECUTION_DATE='2024-06-28T06:15:00+00:00' AIRFLOW_CTX_TRY_NUMBER='1' AIRFLOW_CTX_DAG_RUN_ID='scheduled__2024-06-28T06:15:00+00:00'
[2024-07-10T09:53:11.460+0000] {taskinstance.py:430} INFO - ::endgroup::
[2024-07-10T09:53:11.466+0000] {python.py:237} INFO - Done. Returned value was:     SECURITY_ID  MARKET_CAPITALIZATION  ...  FIFTY_TWO_WEEKS_LOW  SECURITY_STOCK_ID
0          ADBL               38364.17  ...                220.5    ADBL_2024-07-09
1           AHL                1772.42  ...                273.1     AHL_2024-07-09
2          AHPC                5783.21  ...                149.0    AHPC_2024-07-09
3         AKJCL                1768.00  ...                141.3   AKJCL_2024-07-09
4          AKPL                6389.35  ...                152.4    AKPL_2024-07-09
..          ...                    ...  ...                  ...                ...
310        USHL                1266.54  ...                253.6    USHL_2024-07-09
311        USLB                4438.40  ...                591.1    USLB_2024-07-09
312        VLBS                7822.92  ...                546.1    VLBS_2024-07-09
313       VLUCL                9811.13  ...                365.3   VLUCL_2024-07-09
314        WNLB                1205.60  ...                680.0    WNLB_2024-07-09

[315 rows x 5 columns]
[2024-07-10T09:53:11.473+0000] {taskinstance.py:441} INFO - ::group::Post task execution logs
[2024-07-10T09:53:11.500+0000] {taskinstance.py:1206} INFO - Marking task as SUCCESS. dag_id=market_etl, task_id=create_security_dimension, run_id=scheduled__2024-06-28T06:15:00+00:00, execution_date=20240628T061500, start_date=20240710T095311, end_date=20240710T095311
[2024-07-10T09:53:11.539+0000] {local_task_job_runner.py:240} INFO - Task exited with return code 0
[2024-07-10T09:53:11.563+0000] {taskinstance.py:3503} INFO - 1 downstream tasks scheduled from follow-on schedule check
[2024-07-10T09:53:11.564+0000] {local_task_job_runner.py:222} INFO - ::endgroup::
[2024-07-10T10:03:07.225+0000] {local_task_job_runner.py:120} INFO - ::group::Pre task execution logs
[2024-07-10T10:03:07.241+0000] {taskinstance.py:2076} INFO - Dependencies all met for dep_context=non-requeueable deps ti=<TaskInstance: market_etl.create_security_dimension scheduled__2024-06-28T06:15:00+00:00 [queued]>
[2024-07-10T10:03:07.247+0000] {taskinstance.py:2076} INFO - Dependencies all met for dep_context=requeueable deps ti=<TaskInstance: market_etl.create_security_dimension scheduled__2024-06-28T06:15:00+00:00 [queued]>
[2024-07-10T10:03:07.248+0000] {taskinstance.py:2306} INFO - Starting attempt 1 of 4
[2024-07-10T10:03:07.255+0000] {taskinstance.py:2330} INFO - Executing <Task(_PythonDecoratedOperator): create_security_dimension> on 2024-06-28 06:15:00+00:00
[2024-07-10T10:03:07.264+0000] {warnings.py:112} WARNING - /home/airflow/.local/lib/python3.12/site-packages/airflow/task/task_runner/standard_task_runner.py:61: DeprecationWarning: This process (pid=437) is multi-threaded, use of fork() may lead to deadlocks in the child.
  pid = os.fork()

[2024-07-10T10:03:07.266+0000] {standard_task_runner.py:63} INFO - Started process 442 to run task
[2024-07-10T10:03:07.267+0000] {standard_task_runner.py:90} INFO - Running: ['airflow', 'tasks', 'run', 'market_etl', 'create_security_dimension', 'scheduled__2024-06-28T06:15:00+00:00', '--job-id', '655', '--raw', '--subdir', 'DAGS_FOLDER/etl.py', '--cfg-path', '/tmp/tmpx7v8ebuz']
[2024-07-10T10:03:07.269+0000] {standard_task_runner.py:91} INFO - Job 655: Subtask create_security_dimension
[2024-07-10T10:03:07.331+0000] {task_command.py:426} INFO - Running <TaskInstance: market_etl.create_security_dimension scheduled__2024-06-28T06:15:00+00:00 [running]> on host 514b016b59c3
[2024-07-10T10:03:07.606+0000] {taskinstance.py:2648} INFO - Exporting env vars: AIRFLOW_CTX_DAG_OWNER='airflow' AIRFLOW_CTX_DAG_ID='market_etl' AIRFLOW_CTX_TASK_ID='create_security_dimension' AIRFLOW_CTX_EXECUTION_DATE='2024-06-28T06:15:00+00:00' AIRFLOW_CTX_TRY_NUMBER='1' AIRFLOW_CTX_DAG_RUN_ID='scheduled__2024-06-28T06:15:00+00:00'
[2024-07-10T10:03:07.608+0000] {taskinstance.py:430} INFO - ::endgroup::
[2024-07-10T10:03:07.617+0000] {python.py:237} INFO - Done. Returned value was:     SECURITY_ID  MARKET_CAPITALIZATION  ...  FIFTY_TWO_WEEKS_LOW  SECURITY_STOCK_ID
0          ADBL               38364.17  ...                220.5    ADBL_2024-07-09
1           AHL                1772.42  ...                273.1     AHL_2024-07-09
2          AHPC                5783.21  ...                149.0    AHPC_2024-07-09
3         AKJCL                1768.00  ...                141.3   AKJCL_2024-07-09
4          AKPL                6389.35  ...                152.4    AKPL_2024-07-09
..          ...                    ...  ...                  ...                ...
310        USHL                1266.54  ...                253.6    USHL_2024-07-09
311        USLB                4438.40  ...                591.1    USLB_2024-07-09
312        VLBS                7822.92  ...                546.1    VLBS_2024-07-09
313       VLUCL                9811.13  ...                365.3   VLUCL_2024-07-09
314        WNLB                1205.60  ...                680.0    WNLB_2024-07-09

[315 rows x 5 columns]
[2024-07-10T10:03:07.635+0000] {taskinstance.py:441} INFO - ::group::Post task execution logs
[2024-07-10T10:03:07.679+0000] {taskinstance.py:1206} INFO - Marking task as SUCCESS. dag_id=market_etl, task_id=create_security_dimension, run_id=scheduled__2024-06-28T06:15:00+00:00, execution_date=20240628T061500, start_date=20240710T100307, end_date=20240710T100307
[2024-07-10T10:03:07.744+0000] {local_task_job_runner.py:240} INFO - Task exited with return code 0
[2024-07-10T10:03:07.781+0000] {local_task_job_runner.py:222} INFO - ::endgroup::
[2024-07-10T11:18:36.374+0000] {local_task_job_runner.py:120} INFO - ::group::Pre task execution logs
[2024-07-10T11:18:36.410+0000] {taskinstance.py:2076} INFO - Dependencies all met for dep_context=non-requeueable deps ti=<TaskInstance: market_etl.create_security_dimension scheduled__2024-06-28T06:15:00+00:00 [queued]>
[2024-07-10T11:18:36.465+0000] {taskinstance.py:2076} INFO - Dependencies all met for dep_context=requeueable deps ti=<TaskInstance: market_etl.create_security_dimension scheduled__2024-06-28T06:15:00+00:00 [queued]>
[2024-07-10T11:18:36.469+0000] {taskinstance.py:2306} INFO - Starting attempt 1 of 4
[2024-07-10T11:18:36.528+0000] {taskinstance.py:2330} INFO - Executing <Task(_PythonDecoratedOperator): create_security_dimension> on 2024-06-28 06:15:00+00:00
[2024-07-10T11:18:36.614+0000] {warnings.py:112} WARNING - /home/airflow/.local/lib/python3.12/site-packages/airflow/task/task_runner/standard_task_runner.py:61: DeprecationWarning: This process (pid=468) is multi-threaded, use of fork() may lead to deadlocks in the child.
  pid = os.fork()

[2024-07-10T11:18:36.625+0000] {standard_task_runner.py:63} INFO - Started process 472 to run task
[2024-07-10T11:18:36.630+0000] {standard_task_runner.py:90} INFO - Running: ['airflow', 'tasks', 'run', 'market_etl', 'create_security_dimension', 'scheduled__2024-06-28T06:15:00+00:00', '--job-id', '721', '--raw', '--subdir', 'DAGS_FOLDER/etl.py', '--cfg-path', '/tmp/tmpo_d5gbn5']
[2024-07-10T11:18:36.647+0000] {standard_task_runner.py:91} INFO - Job 721: Subtask create_security_dimension
[2024-07-10T11:18:36.813+0000] {task_command.py:426} INFO - Running <TaskInstance: market_etl.create_security_dimension scheduled__2024-06-28T06:15:00+00:00 [running]> on host 514b016b59c3
[2024-07-10T11:18:37.385+0000] {taskinstance.py:2648} INFO - Exporting env vars: AIRFLOW_CTX_DAG_OWNER='airflow' AIRFLOW_CTX_DAG_ID='market_etl' AIRFLOW_CTX_TASK_ID='create_security_dimension' AIRFLOW_CTX_EXECUTION_DATE='2024-06-28T06:15:00+00:00' AIRFLOW_CTX_TRY_NUMBER='1' AIRFLOW_CTX_DAG_RUN_ID='scheduled__2024-06-28T06:15:00+00:00'
[2024-07-10T11:18:37.389+0000] {taskinstance.py:430} INFO - ::endgroup::
[2024-07-10T11:18:37.402+0000] {python.py:237} INFO - Done. Returned value was:     SECURITY_ID  MARKET_CAPITALIZATION  ...  FIFTY_TWO_WEEKS_LOW  SECURITY_STOCK_ID
0          ADBL               38364.17  ...                220.5    ADBL_2024-07-09
1           AHL                1772.42  ...                273.1     AHL_2024-07-09
2          AHPC                5783.21  ...                149.0    AHPC_2024-07-09
3         AKJCL                1768.00  ...                141.3   AKJCL_2024-07-09
4          AKPL                6389.35  ...                152.4    AKPL_2024-07-09
..          ...                    ...  ...                  ...                ...
310        USHL                1266.54  ...                253.6    USHL_2024-07-09
311        USLB                4438.40  ...                591.1    USLB_2024-07-09
312        VLBS                7822.92  ...                546.1    VLBS_2024-07-09
313       VLUCL                9811.13  ...                365.3   VLUCL_2024-07-09
314        WNLB                1205.60  ...                680.0    WNLB_2024-07-09

[315 rows x 5 columns]
[2024-07-10T11:18:37.440+0000] {taskinstance.py:441} INFO - ::group::Post task execution logs
[2024-07-10T11:18:37.501+0000] {taskinstance.py:1206} INFO - Marking task as SUCCESS. dag_id=market_etl, task_id=create_security_dimension, run_id=scheduled__2024-06-28T06:15:00+00:00, execution_date=20240628T061500, start_date=20240710T111836, end_date=20240710T111837
[2024-07-10T11:18:37.611+0000] {local_task_job_runner.py:240} INFO - Task exited with return code 0
[2024-07-10T11:18:37.675+0000] {local_task_job_runner.py:222} INFO - ::endgroup::
[2024-07-11T08:17:23.786+0000] {local_task_job_runner.py:120} INFO - ::group::Pre task execution logs
[2024-07-11T08:17:23.807+0000] {taskinstance.py:2076} INFO - Dependencies all met for dep_context=non-requeueable deps ti=<TaskInstance: market_etl.create_security_dimension scheduled__2024-06-28T06:15:00+00:00 [queued]>
[2024-07-11T08:17:23.814+0000] {taskinstance.py:2076} INFO - Dependencies all met for dep_context=requeueable deps ti=<TaskInstance: market_etl.create_security_dimension scheduled__2024-06-28T06:15:00+00:00 [queued]>
[2024-07-11T08:17:23.815+0000] {taskinstance.py:2306} INFO - Starting attempt 1 of 4
[2024-07-11T08:17:23.823+0000] {taskinstance.py:2330} INFO - Executing <Task(_PythonDecoratedOperator): create_security_dimension> on 2024-06-28 06:15:00+00:00
[2024-07-11T08:17:23.829+0000] {warnings.py:112} WARNING - /home/airflow/.local/lib/python3.12/site-packages/airflow/task/task_runner/standard_task_runner.py:61: DeprecationWarning: This process (pid=96) is multi-threaded, use of fork() may lead to deadlocks in the child.
  pid = os.fork()

[2024-07-11T08:17:23.831+0000] {standard_task_runner.py:63} INFO - Started process 100 to run task
[2024-07-11T08:17:23.831+0000] {standard_task_runner.py:90} INFO - Running: ['airflow', 'tasks', 'run', 'market_etl', 'create_security_dimension', 'scheduled__2024-06-28T06:15:00+00:00', '--job-id', '1092', '--raw', '--subdir', 'DAGS_FOLDER/etl.py', '--cfg-path', '/tmp/tmp2e9fk3dx']
[2024-07-11T08:17:23.833+0000] {standard_task_runner.py:91} INFO - Job 1092: Subtask create_security_dimension
[2024-07-11T08:17:23.908+0000] {task_command.py:426} INFO - Running <TaskInstance: market_etl.create_security_dimension scheduled__2024-06-28T06:15:00+00:00 [running]> on host aa283b53dd54
[2024-07-11T08:17:24.144+0000] {taskinstance.py:2648} INFO - Exporting env vars: AIRFLOW_CTX_DAG_OWNER='airflow' AIRFLOW_CTX_DAG_ID='market_etl' AIRFLOW_CTX_TASK_ID='create_security_dimension' AIRFLOW_CTX_EXECUTION_DATE='2024-06-28T06:15:00+00:00' AIRFLOW_CTX_TRY_NUMBER='1' AIRFLOW_CTX_DAG_RUN_ID='scheduled__2024-06-28T06:15:00+00:00'
[2024-07-11T08:17:24.146+0000] {taskinstance.py:430} INFO - ::endgroup::
[2024-07-11T08:17:24.149+0000] {python.py:237} INFO - Done. Returned value was:    SECURITY_ID  MARKET_CAPITALIZATION  ...  FIFTY_TWO_WEEKS_LOW   SECURITY_STOCK_ID
0         ADBL                    0.0  ...                220.5     ADBL_2024-07-10
1      ADBLD83                    0.0  ...                941.0  ADBLD83_2024-07-10
2          AHL                    0.0  ...                273.1      AHL_2024-07-10
3         AHPC                    0.0  ...                149.0     AHPC_2024-07-10
4        AKJCL                    0.0  ...                141.3    AKJCL_2024-07-10
5         AKPL                    0.0  ...                152.4     AKPL_2024-07-10
6        ALBSL                    0.0  ...                543.0    ALBSL_2024-07-10
7        ALICL                    0.0  ...                523.0    ALICL_2024-07-10
8         ANLB                    0.0  ...               1550.0     ANLB_2024-07-10
9          API                    0.0  ...                154.7      API_2024-07-10
10       AVYAN                    0.0  ...                550.0    AVYAN_2024-07-10
11       BARUN                    0.0  ...                191.1    BARUN_2024-07-10
12         BBC                    0.0  ...               3341.0      BBC_2024-07-10
13        BEDC                    0.0  ...                170.0     BEDC_2024-07-10
14         BFC                    0.0  ...                284.0      BFC_2024-07-10
15        BGWT                    0.0  ...                352.0     BGWT_2024-07-10
16        BHDC                    0.0  ...                286.5     BHDC_2024-07-10
17         BHL                    0.0  ...                192.7      BHL_2024-07-10
18        BHPL                    0.0  ...                304.1     BHPL_2024-07-10

[19 rows x 5 columns]
[2024-07-11T08:17:24.155+0000] {taskinstance.py:441} INFO - ::group::Post task execution logs
[2024-07-11T08:17:24.282+0000] {taskinstance.py:1206} INFO - Marking task as SUCCESS. dag_id=market_etl, task_id=create_security_dimension, run_id=scheduled__2024-06-28T06:15:00+00:00, execution_date=20240628T061500, start_date=20240711T081723, end_date=20240711T081724
[2024-07-11T08:17:24.350+0000] {local_task_job_runner.py:240} INFO - Task exited with return code 0
[2024-07-11T08:17:24.408+0000] {taskinstance.py:3503} INFO - 1 downstream tasks scheduled from follow-on schedule check
[2024-07-11T08:17:24.410+0000] {local_task_job_runner.py:222} INFO - ::endgroup::
