[2024-07-10T04:38:12.677+0000] {local_task_job_runner.py:120} INFO - ::group::Pre task execution logs
[2024-07-10T04:38:12.747+0000] {taskinstance.py:2076} INFO - Dependencies all met for dep_context=non-requeueable deps ti=<TaskInstance: market_etl.create_security_dimension manual__2024-07-10T04:37:45.734809+00:00 [queued]>
[2024-07-10T04:38:12.780+0000] {taskinstance.py:2076} INFO - Dependencies all met for dep_context=requeueable deps ti=<TaskInstance: market_etl.create_security_dimension manual__2024-07-10T04:37:45.734809+00:00 [queued]>
[2024-07-10T04:38:12.782+0000] {taskinstance.py:2306} INFO - Starting attempt 1 of 4
[2024-07-10T04:38:12.817+0000] {taskinstance.py:2330} INFO - Executing <Task(_PythonDecoratedOperator): create_security_dimension> on 2024-07-10 04:37:45.734809+00:00
[2024-07-10T04:38:12.886+0000] {warnings.py:112} WARNING - /home/airflow/.local/lib/python3.12/site-packages/airflow/task/task_runner/standard_task_runner.py:61: DeprecationWarning: This process (pid=199) is multi-threaded, use of fork() may lead to deadlocks in the child.
  pid = os.fork()

[2024-07-10T04:38:12.889+0000] {standard_task_runner.py:63} INFO - Started process 230 to run task
[2024-07-10T04:38:12.894+0000] {standard_task_runner.py:90} INFO - Running: ['airflow', 'tasks', 'run', 'market_etl', 'create_security_dimension', 'manual__2024-07-10T04:37:45.734809+00:00', '--job-id', '225', '--raw', '--subdir', 'DAGS_FOLDER/etl.py', '--cfg-path', '/tmp/tmpuq312idg']
[2024-07-10T04:38:12.911+0000] {standard_task_runner.py:91} INFO - Job 225: Subtask create_security_dimension
[2024-07-10T04:38:13.154+0000] {task_command.py:426} INFO - Running <TaskInstance: market_etl.create_security_dimension manual__2024-07-10T04:37:45.734809+00:00 [running]> on host 72ddc95a1902
[2024-07-10T04:38:13.540+0000] {taskinstance.py:2648} INFO - Exporting env vars: AIRFLOW_CTX_DAG_OWNER='airflow' AIRFLOW_CTX_DAG_ID='market_etl' AIRFLOW_CTX_TASK_ID='create_security_dimension' AIRFLOW_CTX_EXECUTION_DATE='2024-07-10T04:37:45.734809+00:00' AIRFLOW_CTX_TRY_NUMBER='1' AIRFLOW_CTX_DAG_RUN_ID='manual__2024-07-10T04:37:45.734809+00:00'
[2024-07-10T04:38:13.541+0000] {taskinstance.py:430} INFO - ::endgroup::
[2024-07-10T04:38:13.544+0000] {python.py:237} INFO - Done. Returned value was:     SECURITY_ID  ...  FIFTY_TWO_WEEKS_LOW
0          ADBL  ...                220.5
1           AHL  ...                273.1
2          AHPC  ...                149.0
3         AKJCL  ...                141.3
4          AKPL  ...                152.4
..          ...  ...                  ...
310        USHL  ...                253.6
311        USLB  ...                591.1
312        VLBS  ...                546.1
313       VLUCL  ...                365.3
314        WNLB  ...                680.0

[315 rows x 4 columns]
[2024-07-10T04:38:13.551+0000] {taskinstance.py:441} INFO - ::group::Post task execution logs
[2024-07-10T04:38:13.590+0000] {taskinstance.py:1206} INFO - Marking task as SUCCESS. dag_id=market_etl, task_id=create_security_dimension, run_id=manual__2024-07-10T04:37:45.734809+00:00, execution_date=20240710T043745, start_date=20240710T043812, end_date=20240710T043813
[2024-07-10T04:38:13.637+0000] {local_task_job_runner.py:240} INFO - Task exited with return code 0
[2024-07-10T04:38:13.678+0000] {taskinstance.py:3503} INFO - 0 downstream tasks scheduled from follow-on schedule check
[2024-07-10T04:38:13.679+0000] {local_task_job_runner.py:222} INFO - ::endgroup::
