[2024-07-10T09:14:46.113+0000] {local_task_job_runner.py:120} INFO - ::group::Pre task execution logs
[2024-07-10T09:14:46.152+0000] {taskinstance.py:2076} INFO - Dependencies all met for dep_context=non-requeueable deps ti=<TaskInstance: market_etl.create_price_dimension scheduled__2024-06-29T06:15:00+00:00 [queued]>
[2024-07-10T09:14:46.164+0000] {taskinstance.py:2076} INFO - Dependencies all met for dep_context=requeueable deps ti=<TaskInstance: market_etl.create_price_dimension scheduled__2024-06-29T06:15:00+00:00 [queued]>
[2024-07-10T09:14:46.164+0000] {taskinstance.py:2306} INFO - Starting attempt 1 of 4
[2024-07-10T09:14:46.181+0000] {taskinstance.py:2330} INFO - Executing <Task(_PythonDecoratedOperator): create_price_dimension> on 2024-06-29 06:15:00+00:00
[2024-07-10T09:14:46.223+0000] {warnings.py:112} WARNING - /home/airflow/.local/lib/python3.12/site-packages/airflow/task/task_runner/standard_task_runner.py:61: DeprecationWarning: This process (pid=481) is multi-threaded, use of fork() may lead to deadlocks in the child.
  pid = os.fork()

[2024-07-10T09:14:46.226+0000] {standard_task_runner.py:90} INFO - Running: ['airflow', 'tasks', 'run', 'market_etl', 'create_price_dimension', 'scheduled__2024-06-29T06:15:00+00:00', '--job-id', '326', '--raw', '--subdir', 'DAGS_FOLDER/etl.py', '--cfg-path', '/tmp/tmp0gjxengs']
[2024-07-10T09:14:46.298+0000] {standard_task_runner.py:63} INFO - Started process 488 to run task
[2024-07-10T09:14:46.298+0000] {standard_task_runner.py:91} INFO - Job 326: Subtask create_price_dimension
[2024-07-10T09:14:46.549+0000] {task_command.py:426} INFO - Running <TaskInstance: market_etl.create_price_dimension scheduled__2024-06-29T06:15:00+00:00 [running]> on host 514b016b59c3
[2024-07-10T09:14:47.089+0000] {taskinstance.py:2648} INFO - Exporting env vars: AIRFLOW_CTX_DAG_OWNER='airflow' AIRFLOW_CTX_DAG_ID='market_etl' AIRFLOW_CTX_TASK_ID='create_price_dimension' AIRFLOW_CTX_EXECUTION_DATE='2024-06-29T06:15:00+00:00' AIRFLOW_CTX_TRY_NUMBER='1' AIRFLOW_CTX_DAG_RUN_ID='scheduled__2024-06-29T06:15:00+00:00'
[2024-07-10T09:14:47.093+0000] {taskinstance.py:430} INFO - ::endgroup::
[2024-07-10T09:14:47.108+0000] {python.py:237} INFO - Done. Returned value was:     SECURITY_ID  OPEN_PRICE  ...  Close_Date                   PRICE_ID
0          ADBL       286.1  ...  2024-07-09   ADBL_2024-07-09 00:00:00
1           AHL       520.0  ...  2024-07-09    AHL_2024-07-09 00:00:00
2          AHPC       157.2  ...  2024-07-09   AHPC_2024-07-09 00:00:00
3         AKJCL       220.2  ...  2024-07-09  AKJCL_2024-07-09 00:00:00
4          AKPL       162.6  ...  2024-07-09   AKPL_2024-07-09 00:00:00
..          ...         ...  ...         ...                        ...
310        USHL       588.0  ...  2024-07-09   USHL_2024-07-09 00:00:00
311        USLB      1765.0  ...  2024-07-09   USLB_2024-07-09 00:00:00
312        VLBS      1050.0  ...  2024-07-09   VLBS_2024-07-09 00:00:00
313       VLUCL       508.0  ...  2024-07-09  VLUCL_2024-07-09 00:00:00
314        WNLB      1441.0  ...  2024-07-09   WNLB_2024-07-09 00:00:00

[315 rows x 9 columns]
[2024-07-10T09:14:47.121+0000] {taskinstance.py:441} INFO - ::group::Post task execution logs
[2024-07-10T09:14:47.200+0000] {taskinstance.py:1206} INFO - Marking task as SUCCESS. dag_id=market_etl, task_id=create_price_dimension, run_id=scheduled__2024-06-29T06:15:00+00:00, execution_date=20240629T061500, start_date=20240710T091446, end_date=20240710T091447
[2024-07-10T09:14:47.264+0000] {local_task_job_runner.py:240} INFO - Task exited with return code 0
[2024-07-10T09:14:47.301+0000] {local_task_job_runner.py:222} INFO - ::endgroup::
[2024-07-10T09:23:48.296+0000] {local_task_job_runner.py:120} INFO - ::group::Pre task execution logs
[2024-07-10T09:23:48.326+0000] {taskinstance.py:2076} INFO - Dependencies all met for dep_context=non-requeueable deps ti=<TaskInstance: market_etl.create_price_dimension scheduled__2024-06-29T06:15:00+00:00 [queued]>
[2024-07-10T09:23:48.334+0000] {taskinstance.py:2076} INFO - Dependencies all met for dep_context=requeueable deps ti=<TaskInstance: market_etl.create_price_dimension scheduled__2024-06-29T06:15:00+00:00 [queued]>
[2024-07-10T09:23:48.335+0000] {taskinstance.py:2306} INFO - Starting attempt 1 of 4
[2024-07-10T09:23:48.346+0000] {taskinstance.py:2330} INFO - Executing <Task(_PythonDecoratedOperator): create_price_dimension> on 2024-06-29 06:15:00+00:00
[2024-07-10T09:23:48.358+0000] {warnings.py:112} WARNING - /home/airflow/.local/lib/python3.12/site-packages/airflow/task/task_runner/standard_task_runner.py:61: DeprecationWarning: This process (pid=489) is multi-threaded, use of fork() may lead to deadlocks in the child.
  pid = os.fork()

[2024-07-10T09:23:48.363+0000] {standard_task_runner.py:90} INFO - Running: ['airflow', 'tasks', 'run', 'market_etl', 'create_price_dimension', 'scheduled__2024-06-29T06:15:00+00:00', '--job-id', '451', '--raw', '--subdir', 'DAGS_FOLDER/etl.py', '--cfg-path', '/tmp/tmporv98c6e']
[2024-07-10T09:23:48.365+0000] {standard_task_runner.py:63} INFO - Started process 495 to run task
[2024-07-10T09:23:48.365+0000] {standard_task_runner.py:91} INFO - Job 451: Subtask create_price_dimension
[2024-07-10T09:23:48.448+0000] {task_command.py:426} INFO - Running <TaskInstance: market_etl.create_price_dimension scheduled__2024-06-29T06:15:00+00:00 [running]> on host 514b016b59c3
[2024-07-10T09:23:48.725+0000] {taskinstance.py:2648} INFO - Exporting env vars: AIRFLOW_CTX_DAG_OWNER='airflow' AIRFLOW_CTX_DAG_ID='market_etl' AIRFLOW_CTX_TASK_ID='create_price_dimension' AIRFLOW_CTX_EXECUTION_DATE='2024-06-29T06:15:00+00:00' AIRFLOW_CTX_TRY_NUMBER='1' AIRFLOW_CTX_DAG_RUN_ID='scheduled__2024-06-29T06:15:00+00:00'
[2024-07-10T09:23:48.729+0000] {taskinstance.py:430} INFO - ::endgroup::
[2024-07-10T09:23:48.740+0000] {python.py:237} INFO - Done. Returned value was:     SECURITY_ID  OPEN_PRICE  ...  Close_Date                   PRICE_ID
0          ADBL       286.1  ...  2024-07-09   ADBL_2024-07-09 00:00:00
1           AHL       520.0  ...  2024-07-09    AHL_2024-07-09 00:00:00
2          AHPC       157.2  ...  2024-07-09   AHPC_2024-07-09 00:00:00
3         AKJCL       220.2  ...  2024-07-09  AKJCL_2024-07-09 00:00:00
4          AKPL       162.6  ...  2024-07-09   AKPL_2024-07-09 00:00:00
..          ...         ...  ...         ...                        ...
310        USHL       588.0  ...  2024-07-09   USHL_2024-07-09 00:00:00
311        USLB      1765.0  ...  2024-07-09   USLB_2024-07-09 00:00:00
312        VLBS      1050.0  ...  2024-07-09   VLBS_2024-07-09 00:00:00
313       VLUCL       508.0  ...  2024-07-09  VLUCL_2024-07-09 00:00:00
314        WNLB      1441.0  ...  2024-07-09   WNLB_2024-07-09 00:00:00

[315 rows x 9 columns]
[2024-07-10T09:23:48.753+0000] {taskinstance.py:441} INFO - ::group::Post task execution logs
[2024-07-10T09:23:48.814+0000] {taskinstance.py:1206} INFO - Marking task as SUCCESS. dag_id=market_etl, task_id=create_price_dimension, run_id=scheduled__2024-06-29T06:15:00+00:00, execution_date=20240629T061500, start_date=20240710T092348, end_date=20240710T092348
[2024-07-10T09:23:48.876+0000] {local_task_job_runner.py:240} INFO - Task exited with return code 0
[2024-07-10T09:23:48.908+0000] {local_task_job_runner.py:222} INFO - ::endgroup::
[2024-07-10T09:53:36.481+0000] {local_task_job_runner.py:120} INFO - ::group::Pre task execution logs
[2024-07-10T09:53:36.506+0000] {taskinstance.py:2076} INFO - Dependencies all met for dep_context=non-requeueable deps ti=<TaskInstance: market_etl.create_price_dimension scheduled__2024-06-29T06:15:00+00:00 [queued]>
[2024-07-10T09:53:36.512+0000] {taskinstance.py:2076} INFO - Dependencies all met for dep_context=requeueable deps ti=<TaskInstance: market_etl.create_price_dimension scheduled__2024-06-29T06:15:00+00:00 [queued]>
[2024-07-10T09:53:36.512+0000] {taskinstance.py:2306} INFO - Starting attempt 1 of 4
[2024-07-10T09:53:36.520+0000] {taskinstance.py:2330} INFO - Executing <Task(_PythonDecoratedOperator): create_price_dimension> on 2024-06-29 06:15:00+00:00
[2024-07-10T09:53:36.531+0000] {warnings.py:112} WARNING - /home/airflow/.local/lib/python3.12/site-packages/airflow/task/task_runner/standard_task_runner.py:61: DeprecationWarning: This process (pid=515) is multi-threaded, use of fork() may lead to deadlocks in the child.
  pid = os.fork()

[2024-07-10T09:53:36.533+0000] {standard_task_runner.py:63} INFO - Started process 520 to run task
[2024-07-10T09:53:36.534+0000] {standard_task_runner.py:90} INFO - Running: ['airflow', 'tasks', 'run', 'market_etl', 'create_price_dimension', 'scheduled__2024-06-29T06:15:00+00:00', '--job-id', '578', '--raw', '--subdir', 'DAGS_FOLDER/etl.py', '--cfg-path', '/tmp/tmp604phid2']
[2024-07-10T09:53:36.536+0000] {standard_task_runner.py:91} INFO - Job 578: Subtask create_price_dimension
[2024-07-10T09:53:36.613+0000] {task_command.py:426} INFO - Running <TaskInstance: market_etl.create_price_dimension scheduled__2024-06-29T06:15:00+00:00 [running]> on host 514b016b59c3
[2024-07-10T09:53:36.900+0000] {taskinstance.py:2648} INFO - Exporting env vars: AIRFLOW_CTX_DAG_OWNER='airflow' AIRFLOW_CTX_DAG_ID='market_etl' AIRFLOW_CTX_TASK_ID='create_price_dimension' AIRFLOW_CTX_EXECUTION_DATE='2024-06-29T06:15:00+00:00' AIRFLOW_CTX_TRY_NUMBER='1' AIRFLOW_CTX_DAG_RUN_ID='scheduled__2024-06-29T06:15:00+00:00'
[2024-07-10T09:53:36.901+0000] {taskinstance.py:430} INFO - ::endgroup::
[2024-07-10T09:53:36.906+0000] {python.py:237} INFO - Done. Returned value was:     SECURITY_ID  OPEN_PRICE  ...  PREVIOUS_DAY_PRICE          PRICE_ID
0          ADBL       286.1  ...               280.5   ADBL_2024-07-09
1           AHL       520.0  ...               517.0    AHL_2024-07-09
2          AHPC       157.2  ...               155.0   AHPC_2024-07-09
3         AKJCL       220.2  ...               224.0  AKJCL_2024-07-09
4          AKPL       162.6  ...               162.5   AKPL_2024-07-09
..          ...         ...  ...                 ...               ...
310        USHL       588.0  ...               582.0   USHL_2024-07-09
311        USLB      1765.0  ...              1731.9   USLB_2024-07-09
312        VLBS      1050.0  ...              1030.0   VLBS_2024-07-09
313       VLUCL       508.0  ...               508.8  VLUCL_2024-07-09
314        WNLB      1441.0  ...              1449.0   WNLB_2024-07-09

[315 rows x 8 columns]
[2024-07-10T09:53:36.914+0000] {taskinstance.py:441} INFO - ::group::Post task execution logs
[2024-07-10T09:53:36.961+0000] {taskinstance.py:1206} INFO - Marking task as SUCCESS. dag_id=market_etl, task_id=create_price_dimension, run_id=scheduled__2024-06-29T06:15:00+00:00, execution_date=20240629T061500, start_date=20240710T095336, end_date=20240710T095336
[2024-07-10T09:53:37.004+0000] {local_task_job_runner.py:240} INFO - Task exited with return code 0
[2024-07-10T09:53:37.050+0000] {taskinstance.py:3503} INFO - 1 downstream tasks scheduled from follow-on schedule check
[2024-07-10T09:53:37.051+0000] {local_task_job_runner.py:222} INFO - ::endgroup::
[2024-07-10T11:35:36.456+0000] {local_task_job_runner.py:120} INFO - ::group::Pre task execution logs
[2024-07-10T11:35:36.499+0000] {taskinstance.py:2076} INFO - Dependencies all met for dep_context=non-requeueable deps ti=<TaskInstance: market_etl.create_price_dimension scheduled__2024-06-29T06:15:00+00:00 [queued]>
[2024-07-10T11:35:36.518+0000] {taskinstance.py:2076} INFO - Dependencies all met for dep_context=requeueable deps ti=<TaskInstance: market_etl.create_price_dimension scheduled__2024-06-29T06:15:00+00:00 [queued]>
[2024-07-10T11:35:36.520+0000] {taskinstance.py:2306} INFO - Starting attempt 1 of 4
[2024-07-10T11:35:36.556+0000] {taskinstance.py:2330} INFO - Executing <Task(_PythonDecoratedOperator): create_price_dimension> on 2024-06-29 06:15:00+00:00
[2024-07-10T11:35:36.570+0000] {warnings.py:112} WARNING - /home/airflow/.local/lib/python3.12/site-packages/airflow/task/task_runner/standard_task_runner.py:61: DeprecationWarning: This process (pid=636) is multi-threaded, use of fork() may lead to deadlocks in the child.
  pid = os.fork()

[2024-07-10T11:35:36.573+0000] {standard_task_runner.py:63} INFO - Started process 640 to run task
[2024-07-10T11:35:36.578+0000] {standard_task_runner.py:90} INFO - Running: ['airflow', 'tasks', 'run', 'market_etl', 'create_price_dimension', 'scheduled__2024-06-29T06:15:00+00:00', '--job-id', '731', '--raw', '--subdir', 'DAGS_FOLDER/etl.py', '--cfg-path', '/tmp/tmpjdzplxiu']
[2024-07-10T11:35:36.589+0000] {standard_task_runner.py:91} INFO - Job 731: Subtask create_price_dimension
[2024-07-10T11:35:36.700+0000] {task_command.py:426} INFO - Running <TaskInstance: market_etl.create_price_dimension scheduled__2024-06-29T06:15:00+00:00 [running]> on host 514b016b59c3
[2024-07-10T11:35:37.245+0000] {taskinstance.py:2648} INFO - Exporting env vars: AIRFLOW_CTX_DAG_OWNER='airflow' AIRFLOW_CTX_DAG_ID='market_etl' AIRFLOW_CTX_TASK_ID='create_price_dimension' AIRFLOW_CTX_EXECUTION_DATE='2024-06-29T06:15:00+00:00' AIRFLOW_CTX_TRY_NUMBER='1' AIRFLOW_CTX_DAG_RUN_ID='scheduled__2024-06-29T06:15:00+00:00'
[2024-07-10T11:35:37.249+0000] {taskinstance.py:430} INFO - ::endgroup::
[2024-07-10T11:35:37.266+0000] {python.py:237} INFO - Done. Returned value was:     SECURITY_ID  OPEN_PRICE  ...  PREVIOUS_DAY_PRICE          PRICE_ID
0          ADBL       286.1  ...               280.5   ADBL_2024-07-09
1           AHL       520.0  ...               517.0    AHL_2024-07-09
2          AHPC       157.2  ...               155.0   AHPC_2024-07-09
3         AKJCL       220.2  ...               224.0  AKJCL_2024-07-09
4          AKPL       162.6  ...               162.5   AKPL_2024-07-09
..          ...         ...  ...                 ...               ...
310        USHL       588.0  ...               582.0   USHL_2024-07-09
311        USLB      1765.0  ...              1731.9   USLB_2024-07-09
312        VLBS      1050.0  ...              1030.0   VLBS_2024-07-09
313       VLUCL       508.0  ...               508.8  VLUCL_2024-07-09
314        WNLB      1441.0  ...              1449.0   WNLB_2024-07-09

[315 rows x 8 columns]
[2024-07-10T11:35:37.297+0000] {taskinstance.py:441} INFO - ::group::Post task execution logs
[2024-07-10T11:35:37.380+0000] {taskinstance.py:1206} INFO - Marking task as SUCCESS. dag_id=market_etl, task_id=create_price_dimension, run_id=scheduled__2024-06-29T06:15:00+00:00, execution_date=20240629T061500, start_date=20240710T113536, end_date=20240710T113537
[2024-07-10T11:35:37.455+0000] {local_task_job_runner.py:240} INFO - Task exited with return code 0
[2024-07-10T11:35:37.537+0000] {taskinstance.py:3503} INFO - 0 downstream tasks scheduled from follow-on schedule check
[2024-07-10T11:35:37.540+0000] {local_task_job_runner.py:222} INFO - ::endgroup::
[2024-07-11T08:18:31.502+0000] {local_task_job_runner.py:120} INFO - ::group::Pre task execution logs
[2024-07-11T08:18:31.541+0000] {taskinstance.py:2076} INFO - Dependencies all met for dep_context=non-requeueable deps ti=<TaskInstance: market_etl.create_price_dimension scheduled__2024-06-29T06:15:00+00:00 [queued]>
[2024-07-11T08:18:31.547+0000] {taskinstance.py:2076} INFO - Dependencies all met for dep_context=requeueable deps ti=<TaskInstance: market_etl.create_price_dimension scheduled__2024-06-29T06:15:00+00:00 [queued]>
[2024-07-11T08:18:31.550+0000] {taskinstance.py:2306} INFO - Starting attempt 1 of 4
[2024-07-11T08:18:31.559+0000] {taskinstance.py:2330} INFO - Executing <Task(_PythonDecoratedOperator): create_price_dimension> on 2024-06-29 06:15:00+00:00
[2024-07-11T08:18:31.572+0000] {warnings.py:112} WARNING - /home/airflow/.local/lib/python3.12/site-packages/airflow/task/task_runner/standard_task_runner.py:61: DeprecationWarning: This process (pid=372) is multi-threaded, use of fork() may lead to deadlocks in the child.
  pid = os.fork()

[2024-07-11T08:18:31.577+0000] {standard_task_runner.py:63} INFO - Started process 376 to run task
[2024-07-11T08:18:31.584+0000] {standard_task_runner.py:90} INFO - Running: ['airflow', 'tasks', 'run', 'market_etl', 'create_price_dimension', 'scheduled__2024-06-29T06:15:00+00:00', '--job-id', '1115', '--raw', '--subdir', 'DAGS_FOLDER/etl.py', '--cfg-path', '/tmp/tmp665f6z_3']
[2024-07-11T08:18:31.592+0000] {standard_task_runner.py:91} INFO - Job 1115: Subtask create_price_dimension
[2024-07-11T08:18:31.674+0000] {task_command.py:426} INFO - Running <TaskInstance: market_etl.create_price_dimension scheduled__2024-06-29T06:15:00+00:00 [running]> on host aa283b53dd54
[2024-07-11T08:18:31.891+0000] {taskinstance.py:2648} INFO - Exporting env vars: AIRFLOW_CTX_DAG_OWNER='airflow' AIRFLOW_CTX_DAG_ID='market_etl' AIRFLOW_CTX_TASK_ID='create_price_dimension' AIRFLOW_CTX_EXECUTION_DATE='2024-06-29T06:15:00+00:00' AIRFLOW_CTX_TRY_NUMBER='1' AIRFLOW_CTX_DAG_RUN_ID='scheduled__2024-06-29T06:15:00+00:00'
[2024-07-11T08:18:31.892+0000] {taskinstance.py:430} INFO - ::endgroup::
[2024-07-11T08:18:31.898+0000] {python.py:237} INFO - Done. Returned value was:     SECURITY_ID  OPEN_PRICE  ...  PREVIOUS_DAY_PRICE            PRICE_ID
0          ADBL       283.0  ...               285.2     ADBL_2024-07-10
1       ADBLD83      1118.0  ...              1138.5  ADBLD83_2024-07-10
2           AHL       530.9  ...               521.3      AHL_2024-07-10
3          AHPC       154.0  ...               154.8     AHPC_2024-07-10
4         AKJCL       224.0  ...               221.0    AKJCL_2024-07-10
..          ...         ...  ...                 ...                 ...
316        USHL       580.0  ...               575.7     USHL_2024-07-10
317        USLB      1833.0  ...              1797.9     USLB_2024-07-10
318        VLBS      1060.0  ...              1050.0     VLBS_2024-07-10
319       VLUCL       520.0  ...               513.0    VLUCL_2024-07-10
320        WNLB      1550.0  ...              1522.0     WNLB_2024-07-10

[321 rows x 8 columns]
[2024-07-11T08:18:31.906+0000] {taskinstance.py:441} INFO - ::group::Post task execution logs
[2024-07-11T08:18:31.992+0000] {taskinstance.py:1206} INFO - Marking task as SUCCESS. dag_id=market_etl, task_id=create_price_dimension, run_id=scheduled__2024-06-29T06:15:00+00:00, execution_date=20240629T061500, start_date=20240711T081831, end_date=20240711T081831
[2024-07-11T08:18:32.052+0000] {local_task_job_runner.py:240} INFO - Task exited with return code 0
[2024-07-11T08:18:32.091+0000] {taskinstance.py:3503} INFO - 0 downstream tasks scheduled from follow-on schedule check
[2024-07-11T08:18:32.094+0000] {local_task_job_runner.py:222} INFO - ::endgroup::
