[2024-07-10T09:17:52.090+0000] {local_task_job_runner.py:120} INFO - ::group::Pre task execution logs
[2024-07-10T09:17:52.111+0000] {taskinstance.py:2076} INFO - Dependencies all met for dep_context=non-requeueable deps ti=<TaskInstance: market_etl.create_fact_table scheduled__2024-07-04T06:15:00+00:00 [queued]>
[2024-07-10T09:17:52.118+0000] {taskinstance.py:2076} INFO - Dependencies all met for dep_context=requeueable deps ti=<TaskInstance: market_etl.create_fact_table scheduled__2024-07-04T06:15:00+00:00 [queued]>
[2024-07-10T09:17:52.119+0000] {taskinstance.py:2306} INFO - Starting attempt 1 of 4
[2024-07-10T09:17:52.130+0000] {taskinstance.py:2330} INFO - Executing <Task(_PythonDecoratedOperator): create_fact_table> on 2024-07-04 06:15:00+00:00
[2024-07-10T09:17:52.162+0000] {warnings.py:112} WARNING - /home/airflow/.local/lib/python3.12/site-packages/airflow/task/task_runner/standard_task_runner.py:61: DeprecationWarning: This process (pid=52) is multi-threaded, use of fork() may lead to deadlocks in the child.
  pid = os.fork()

[2024-07-10T09:17:52.168+0000] {standard_task_runner.py:63} INFO - Started process 60 to run task
[2024-07-10T09:17:52.167+0000] {standard_task_runner.py:90} INFO - Running: ['airflow', 'tasks', 'run', 'market_etl', 'create_fact_table', 'scheduled__2024-07-04T06:15:00+00:00', '--job-id', '369', '--raw', '--subdir', 'DAGS_FOLDER/etl.py', '--cfg-path', '/tmp/tmprdca4rqb']
[2024-07-10T09:17:52.172+0000] {standard_task_runner.py:91} INFO - Job 369: Subtask create_fact_table
[2024-07-10T09:17:52.340+0000] {task_command.py:426} INFO - Running <TaskInstance: market_etl.create_fact_table scheduled__2024-07-04T06:15:00+00:00 [running]> on host 514b016b59c3
[2024-07-10T09:17:52.654+0000] {taskinstance.py:2648} INFO - Exporting env vars: AIRFLOW_CTX_DAG_OWNER='airflow' AIRFLOW_CTX_DAG_ID='market_etl' AIRFLOW_CTX_TASK_ID='create_fact_table' AIRFLOW_CTX_EXECUTION_DATE='2024-07-04T06:15:00+00:00' AIRFLOW_CTX_TRY_NUMBER='1' AIRFLOW_CTX_DAG_RUN_ID='scheduled__2024-07-04T06:15:00+00:00'
[2024-07-10T09:17:52.655+0000] {taskinstance.py:430} INFO - ::endgroup::
[2024-07-10T09:17:52.662+0000] {python.py:237} INFO - Done. Returned value was:     SECURITY_ID BUSINESS_DATE  ...          STOCK_ID                   PRICE_ID
0          ADBL    2024-07-09  ...   ADBL_2024-07-09   ADBL_2024-07-09 00:00:00
1           AHL    2024-07-09  ...    AHL_2024-07-09    AHL_2024-07-09 00:00:00
2          AHPC    2024-07-09  ...   AHPC_2024-07-09   AHPC_2024-07-09 00:00:00
3         AKJCL    2024-07-09  ...  AKJCL_2024-07-09  AKJCL_2024-07-09 00:00:00
4          AKPL    2024-07-09  ...   AKPL_2024-07-09   AKPL_2024-07-09 00:00:00
..          ...           ...  ...               ...                        ...
310        USHL    2024-07-09  ...   USHL_2024-07-09   USHL_2024-07-09 00:00:00
311        USLB    2024-07-09  ...   USLB_2024-07-09   USLB_2024-07-09 00:00:00
312        VLBS    2024-07-09  ...   VLBS_2024-07-09   VLBS_2024-07-09 00:00:00
313       VLUCL    2024-07-09  ...  VLUCL_2024-07-09  VLUCL_2024-07-09 00:00:00
314        WNLB    2024-07-09  ...   WNLB_2024-07-09   WNLB_2024-07-09 00:00:00

[315 rows x 9 columns]
[2024-07-10T09:17:52.671+0000] {taskinstance.py:441} INFO - ::group::Post task execution logs
[2024-07-10T09:17:52.799+0000] {taskinstance.py:1206} INFO - Marking task as SUCCESS. dag_id=market_etl, task_id=create_fact_table, run_id=scheduled__2024-07-04T06:15:00+00:00, execution_date=20240704T061500, start_date=20240710T091752, end_date=20240710T091752
[2024-07-10T09:17:52.847+0000] {local_task_job_runner.py:240} INFO - Task exited with return code 0
[2024-07-10T09:17:52.894+0000] {local_task_job_runner.py:222} INFO - ::endgroup::
[2024-07-10T14:19:39.967+0000] {local_task_job_runner.py:120} INFO - ::group::Pre task execution logs
[2024-07-10T14:19:39.990+0000] {taskinstance.py:2076} INFO - Dependencies all met for dep_context=non-requeueable deps ti=<TaskInstance: market_etl.create_fact_table scheduled__2024-07-04T06:15:00+00:00 [queued]>
[2024-07-10T14:19:40.000+0000] {taskinstance.py:2076} INFO - Dependencies all met for dep_context=requeueable deps ti=<TaskInstance: market_etl.create_fact_table scheduled__2024-07-04T06:15:00+00:00 [queued]>
[2024-07-10T14:19:40.000+0000] {taskinstance.py:2306} INFO - Starting attempt 1 of 4
[2024-07-10T14:19:40.009+0000] {taskinstance.py:2330} INFO - Executing <Task(_PythonDecoratedOperator): create_fact_table> on 2024-07-04 06:15:00+00:00
[2024-07-10T14:19:40.014+0000] {warnings.py:112} WARNING - /home/airflow/.local/lib/python3.12/site-packages/airflow/task/task_runner/standard_task_runner.py:61: DeprecationWarning: This process (pid=123) is multi-threaded, use of fork() may lead to deadlocks in the child.
  pid = os.fork()

[2024-07-10T14:19:40.016+0000] {standard_task_runner.py:63} INFO - Started process 129 to run task
[2024-07-10T14:19:40.019+0000] {standard_task_runner.py:90} INFO - Running: ['airflow', 'tasks', 'run', 'market_etl', 'create_fact_table', 'scheduled__2024-07-04T06:15:00+00:00', '--job-id', '772', '--raw', '--subdir', 'DAGS_FOLDER/etl.py', '--cfg-path', '/tmp/tmpybg3o454']
[2024-07-10T14:19:40.022+0000] {standard_task_runner.py:91} INFO - Job 772: Subtask create_fact_table
[2024-07-10T14:19:40.075+0000] {task_command.py:426} INFO - Running <TaskInstance: market_etl.create_fact_table scheduled__2024-07-04T06:15:00+00:00 [running]> on host 514b016b59c3
[2024-07-10T14:19:40.327+0000] {taskinstance.py:2648} INFO - Exporting env vars: AIRFLOW_CTX_DAG_OWNER='airflow' AIRFLOW_CTX_DAG_ID='market_etl' AIRFLOW_CTX_TASK_ID='create_fact_table' AIRFLOW_CTX_EXECUTION_DATE='2024-07-04T06:15:00+00:00' AIRFLOW_CTX_TRY_NUMBER='1' AIRFLOW_CTX_DAG_RUN_ID='scheduled__2024-07-04T06:15:00+00:00'
[2024-07-10T14:19:40.328+0000] {taskinstance.py:430} INFO - ::endgroup::
[2024-07-10T14:19:40.335+0000] {python.py:237} INFO - Done. Returned value was:     SECURITY_ID  ...                                           PRICE_ID
0          ADBL  ...  ADBL_<bound method Timestamp.date of Timestamp...
1           AHL  ...  AHL_<bound method Timestamp.date of Timestamp(...
2          AHPC  ...  AHPC_<bound method Timestamp.date of Timestamp...
3         AKJCL  ...  AKJCL_<bound method Timestamp.date of Timestam...
4          AKPL  ...  AKPL_<bound method Timestamp.date of Timestamp...
..          ...  ...                                                ...
310        USHL  ...  USHL_<bound method Timestamp.date of Timestamp...
311        USLB  ...  USLB_<bound method Timestamp.date of Timestamp...
312        VLBS  ...  VLBS_<bound method Timestamp.date of Timestamp...
313       VLUCL  ...  VLUCL_<bound method Timestamp.date of Timestam...
314        WNLB  ...  WNLB_<bound method Timestamp.date of Timestamp...

[315 rows x 9 columns]
[2024-07-10T14:19:40.342+0000] {taskinstance.py:441} INFO - ::group::Post task execution logs
[2024-07-10T14:19:40.368+0000] {taskinstance.py:1206} INFO - Marking task as SUCCESS. dag_id=market_etl, task_id=create_fact_table, run_id=scheduled__2024-07-04T06:15:00+00:00, execution_date=20240704T061500, start_date=20240710T141939, end_date=20240710T141940
[2024-07-10T14:19:40.404+0000] {local_task_job_runner.py:240} INFO - Task exited with return code 0
[2024-07-10T14:19:40.413+0000] {local_task_job_runner.py:222} INFO - ::endgroup::
[2024-07-11T08:20:59.165+0000] {local_task_job_runner.py:120} INFO - ::group::Pre task execution logs
[2024-07-11T08:20:59.184+0000] {taskinstance.py:2076} INFO - Dependencies all met for dep_context=non-requeueable deps ti=<TaskInstance: market_etl.create_fact_table scheduled__2024-07-04T06:15:00+00:00 [queued]>
[2024-07-11T08:20:59.203+0000] {taskinstance.py:2076} INFO - Dependencies all met for dep_context=requeueable deps ti=<TaskInstance: market_etl.create_fact_table scheduled__2024-07-04T06:15:00+00:00 [queued]>
[2024-07-11T08:20:59.204+0000] {taskinstance.py:2306} INFO - Starting attempt 1 of 4
[2024-07-11T08:20:59.213+0000] {taskinstance.py:2330} INFO - Executing <Task(_PythonDecoratedOperator): create_fact_table> on 2024-07-04 06:15:00+00:00
[2024-07-11T08:20:59.229+0000] {warnings.py:112} WARNING - /home/airflow/.local/lib/python3.12/site-packages/airflow/task/task_runner/standard_task_runner.py:61: DeprecationWarning: This process (pid=1026) is multi-threaded, use of fork() may lead to deadlocks in the child.
  pid = os.fork()

[2024-07-11T08:20:59.231+0000] {standard_task_runner.py:63} INFO - Started process 1033 to run task
[2024-07-11T08:20:59.232+0000] {standard_task_runner.py:90} INFO - Running: ['airflow', 'tasks', 'run', 'market_etl', 'create_fact_table', 'scheduled__2024-07-04T06:15:00+00:00', '--job-id', '1173', '--raw', '--subdir', 'DAGS_FOLDER/etl.py', '--cfg-path', '/tmp/tmpmej028tu']
[2024-07-11T08:20:59.236+0000] {standard_task_runner.py:91} INFO - Job 1173: Subtask create_fact_table
[2024-07-11T08:20:59.296+0000] {task_command.py:426} INFO - Running <TaskInstance: market_etl.create_fact_table scheduled__2024-07-04T06:15:00+00:00 [running]> on host aa283b53dd54
[2024-07-11T08:20:59.502+0000] {taskinstance.py:2648} INFO - Exporting env vars: AIRFLOW_CTX_DAG_OWNER='airflow' AIRFLOW_CTX_DAG_ID='market_etl' AIRFLOW_CTX_TASK_ID='create_fact_table' AIRFLOW_CTX_EXECUTION_DATE='2024-07-04T06:15:00+00:00' AIRFLOW_CTX_TRY_NUMBER='1' AIRFLOW_CTX_DAG_RUN_ID='scheduled__2024-07-04T06:15:00+00:00'
[2024-07-11T08:20:59.504+0000] {taskinstance.py:430} INFO - ::endgroup::
[2024-07-11T08:20:59.512+0000] {python.py:237} INFO - Done. Returned value was:     SECURITY_ID BUSINESS_DATE  ...            STOCK_ID            PRICE_ID
0          ADBL    2024-07-10  ...     ADBL_2024-07-10     ADBL_2024-07-10
1       ADBLD83    2024-07-10  ...  ADBLD83_2024-07-10  ADBLD83_2024-07-10
2           AHL    2024-07-10  ...      AHL_2024-07-10      AHL_2024-07-10
3          AHPC    2024-07-10  ...     AHPC_2024-07-10     AHPC_2024-07-10
4         AKJCL    2024-07-10  ...    AKJCL_2024-07-10    AKJCL_2024-07-10
..          ...           ...  ...                 ...                 ...
316        USHL    2024-07-10  ...     USHL_2024-07-10     USHL_2024-07-10
317        USLB    2024-07-10  ...     USLB_2024-07-10     USLB_2024-07-10
318        VLBS    2024-07-10  ...     VLBS_2024-07-10     VLBS_2024-07-10
319       VLUCL    2024-07-10  ...    VLUCL_2024-07-10    VLUCL_2024-07-10
320        WNLB    2024-07-10  ...     WNLB_2024-07-10     WNLB_2024-07-10

[321 rows x 9 columns]
[2024-07-11T08:20:59.533+0000] {taskinstance.py:441} INFO - ::group::Post task execution logs
[2024-07-11T08:20:59.570+0000] {taskinstance.py:1206} INFO - Marking task as SUCCESS. dag_id=market_etl, task_id=create_fact_table, run_id=scheduled__2024-07-04T06:15:00+00:00, execution_date=20240704T061500, start_date=20240711T082059, end_date=20240711T082059
[2024-07-11T08:20:59.616+0000] {local_task_job_runner.py:240} INFO - Task exited with return code 0
[2024-07-11T08:20:59.644+0000] {taskinstance.py:3503} INFO - 0 downstream tasks scheduled from follow-on schedule check
[2024-07-11T08:20:59.646+0000] {local_task_job_runner.py:222} INFO - ::endgroup::
