[2024-07-09T08:42:31.804+0000] {local_task_job_runner.py:120} INFO - ::group::Pre task execution logs
[2024-07-09T08:42:31.840+0000] {taskinstance.py:2076} INFO - Dependencies all met for dep_context=non-requeueable deps ti=<TaskInstance: market_etl.create_date_dimension scheduled__2024-06-27T00:00:00+00:00 [queued]>
[2024-07-09T08:42:31.851+0000] {taskinstance.py:2076} INFO - Dependencies all met for dep_context=requeueable deps ti=<TaskInstance: market_etl.create_date_dimension scheduled__2024-06-27T00:00:00+00:00 [queued]>
[2024-07-09T08:42:31.852+0000] {taskinstance.py:2306} INFO - Starting attempt 1 of 4
[2024-07-09T08:42:31.868+0000] {taskinstance.py:2330} INFO - Executing <Task(_PythonDecoratedOperator): create_date_dimension> on 2024-06-27 00:00:00+00:00
[2024-07-09T08:42:31.876+0000] {warnings.py:112} WARNING - /home/airflow/.local/lib/python3.12/site-packages/airflow/task/task_runner/standard_task_runner.py:61: DeprecationWarning: This process (pid=281) is multi-threaded, use of fork() may lead to deadlocks in the child.
  pid = os.fork()

[2024-07-09T08:42:31.879+0000] {standard_task_runner.py:63} INFO - Started process 292 to run task
[2024-07-09T08:42:31.878+0000] {standard_task_runner.py:90} INFO - Running: ['airflow', 'tasks', 'run', 'market_etl', 'create_date_dimension', 'scheduled__2024-06-27T00:00:00+00:00', '--job-id', '121', '--raw', '--subdir', 'DAGS_FOLDER/etl.py', '--cfg-path', '/tmp/tmpu7p3e96l']
[2024-07-09T08:42:31.881+0000] {standard_task_runner.py:91} INFO - Job 121: Subtask create_date_dimension
[2024-07-09T08:42:32.055+0000] {task_command.py:426} INFO - Running <TaskInstance: market_etl.create_date_dimension scheduled__2024-06-27T00:00:00+00:00 [running]> on host 7aa01bd35230
[2024-07-09T08:42:32.423+0000] {taskinstance.py:2648} INFO - Exporting env vars: AIRFLOW_CTX_DAG_OWNER='airflow' AIRFLOW_CTX_DAG_ID='market_etl' AIRFLOW_CTX_TASK_ID='create_date_dimension' AIRFLOW_CTX_EXECUTION_DATE='2024-06-27T00:00:00+00:00' AIRFLOW_CTX_TRY_NUMBER='1' AIRFLOW_CTX_DAG_RUN_ID='scheduled__2024-06-27T00:00:00+00:00'
[2024-07-09T08:42:32.425+0000] {taskinstance.py:430} INFO - ::endgroup::
[2024-07-09T08:42:32.434+0000] {python.py:237} INFO - Done. Returned value was:   BUSINESS_DATE  YEAR  MONTH  WEEK  DAY
0    2024-07-08  2024      7    28    8
[2024-07-09T08:42:32.439+0000] {taskinstance.py:441} INFO - ::group::Post task execution logs
[2024-07-09T08:42:32.469+0000] {taskinstance.py:1206} INFO - Marking task as SUCCESS. dag_id=market_etl, task_id=create_date_dimension, run_id=scheduled__2024-06-27T00:00:00+00:00, execution_date=20240627T000000, start_date=20240709T084231, end_date=20240709T084232
[2024-07-09T08:42:32.513+0000] {local_task_job_runner.py:240} INFO - Task exited with return code 0
[2024-07-09T08:42:32.551+0000] {taskinstance.py:3503} INFO - 0 downstream tasks scheduled from follow-on schedule check
[2024-07-09T08:42:32.554+0000] {local_task_job_runner.py:222} INFO - ::endgroup::
