[2024-07-09T09:24:08.400+0000] {local_task_job_runner.py:120} INFO - ::group::Pre task execution logs
[2024-07-09T09:24:08.431+0000] {taskinstance.py:2076} INFO - Dependencies all met for dep_context=non-requeueable deps ti=<TaskInstance: market_etl.create_fact_table scheduled__2024-07-08T06:15:00+00:00 [queued]>
[2024-07-09T09:24:08.467+0000] {taskinstance.py:2076} INFO - Dependencies all met for dep_context=requeueable deps ti=<TaskInstance: market_etl.create_fact_table scheduled__2024-07-08T06:15:00+00:00 [queued]>
[2024-07-09T09:24:08.470+0000] {taskinstance.py:2306} INFO - Starting attempt 1 of 4
[2024-07-09T09:24:08.501+0000] {taskinstance.py:2330} INFO - Executing <Task(_PythonDecoratedOperator): create_fact_table> on 2024-07-08 06:15:00+00:00
[2024-07-09T09:24:08.514+0000] {warnings.py:112} WARNING - /home/airflow/.local/lib/python3.12/site-packages/airflow/task/task_runner/standard_task_runner.py:61: DeprecationWarning: This process (pid=191) is multi-threaded, use of fork() may lead to deadlocks in the child.
  pid = os.fork()

[2024-07-09T09:24:08.517+0000] {standard_task_runner.py:63} INFO - Started process 199 to run task
[2024-07-09T09:24:08.518+0000] {standard_task_runner.py:90} INFO - Running: ['airflow', 'tasks', 'run', 'market_etl', 'create_fact_table', 'scheduled__2024-07-08T06:15:00+00:00', '--job-id', '214', '--raw', '--subdir', 'DAGS_FOLDER/etl.py', '--cfg-path', '/tmp/tmp1v0_2wio']
[2024-07-09T09:24:08.525+0000] {standard_task_runner.py:91} INFO - Job 214: Subtask create_fact_table
[2024-07-09T09:24:08.629+0000] {task_command.py:426} INFO - Running <TaskInstance: market_etl.create_fact_table scheduled__2024-07-08T06:15:00+00:00 [running]> on host 7aa01bd35230
[2024-07-09T09:24:09.018+0000] {taskinstance.py:2648} INFO - Exporting env vars: AIRFLOW_CTX_DAG_OWNER='airflow' AIRFLOW_CTX_DAG_ID='market_etl' AIRFLOW_CTX_TASK_ID='create_fact_table' AIRFLOW_CTX_EXECUTION_DATE='2024-07-08T06:15:00+00:00' AIRFLOW_CTX_TRY_NUMBER='1' AIRFLOW_CTX_DAG_RUN_ID='scheduled__2024-07-08T06:15:00+00:00'
[2024-07-09T09:24:09.022+0000] {taskinstance.py:430} INFO - ::endgroup::
[2024-07-09T09:24:09.043+0000] {python.py:237} INFO - Done. Returned value was:     SECURITY_ID  ...                     PRICE_ID
0          ADBL  ...     ADBL_2024-07-08 00:00:00
1       ADBLD83  ...  ADBLD83_2024-07-08 00:00:00
2           AHL  ...      AHL_2024-07-08 00:00:00
3          AHPC  ...     AHPC_2024-07-08 00:00:00
4         AKJCL  ...    AKJCL_2024-07-08 00:00:00
..          ...  ...                          ...
318        USHL  ...     USHL_2024-07-08 00:00:00
319        USLB  ...     USLB_2024-07-08 00:00:00
320        VLBS  ...     VLBS_2024-07-08 00:00:00
321       VLUCL  ...    VLUCL_2024-07-08 00:00:00
322        WNLB  ...     WNLB_2024-07-08 00:00:00

[323 rows x 8 columns]
[2024-07-09T09:24:09.054+0000] {taskinstance.py:441} INFO - ::group::Post task execution logs
[2024-07-09T09:24:09.118+0000] {taskinstance.py:1206} INFO - Marking task as SUCCESS. dag_id=market_etl, task_id=create_fact_table, run_id=scheduled__2024-07-08T06:15:00+00:00, execution_date=20240708T061500, start_date=20240709T092408, end_date=20240709T092409
[2024-07-09T09:24:09.156+0000] {local_task_job_runner.py:240} INFO - Task exited with return code 0
[2024-07-09T09:24:09.192+0000] {local_task_job_runner.py:222} INFO - ::endgroup::
[2024-07-10T09:19:27.733+0000] {local_task_job_runner.py:120} INFO - ::group::Pre task execution logs
[2024-07-10T09:19:27.752+0000] {taskinstance.py:2076} INFO - Dependencies all met for dep_context=non-requeueable deps ti=<TaskInstance: market_etl.create_fact_table scheduled__2024-07-08T06:15:00+00:00 [queued]>
[2024-07-10T09:19:27.770+0000] {taskinstance.py:2076} INFO - Dependencies all met for dep_context=requeueable deps ti=<TaskInstance: market_etl.create_fact_table scheduled__2024-07-08T06:15:00+00:00 [queued]>
[2024-07-10T09:19:27.771+0000] {taskinstance.py:2306} INFO - Starting attempt 1 of 4
[2024-07-10T09:19:27.783+0000] {taskinstance.py:2330} INFO - Executing <Task(_PythonDecoratedOperator): create_fact_table> on 2024-07-08 06:15:00+00:00
[2024-07-10T09:19:27.791+0000] {warnings.py:112} WARNING - /home/airflow/.local/lib/python3.12/site-packages/airflow/task/task_runner/standard_task_runner.py:61: DeprecationWarning: This process (pid=385) is multi-threaded, use of fork() may lead to deadlocks in the child.
  pid = os.fork()

[2024-07-10T09:19:27.796+0000] {standard_task_runner.py:63} INFO - Started process 393 to run task
[2024-07-10T09:19:27.794+0000] {standard_task_runner.py:90} INFO - Running: ['airflow', 'tasks', 'run', 'market_etl', 'create_fact_table', 'scheduled__2024-07-08T06:15:00+00:00', '--job-id', '399', '--raw', '--subdir', 'DAGS_FOLDER/etl.py', '--cfg-path', '/tmp/tmps3p_k8ty']
[2024-07-10T09:19:27.797+0000] {standard_task_runner.py:91} INFO - Job 399: Subtask create_fact_table
[2024-07-10T09:19:27.887+0000] {task_command.py:426} INFO - Running <TaskInstance: market_etl.create_fact_table scheduled__2024-07-08T06:15:00+00:00 [running]> on host 514b016b59c3
[2024-07-10T09:19:28.114+0000] {taskinstance.py:2648} INFO - Exporting env vars: AIRFLOW_CTX_DAG_OWNER='airflow' AIRFLOW_CTX_DAG_ID='market_etl' AIRFLOW_CTX_TASK_ID='create_fact_table' AIRFLOW_CTX_EXECUTION_DATE='2024-07-08T06:15:00+00:00' AIRFLOW_CTX_TRY_NUMBER='1' AIRFLOW_CTX_DAG_RUN_ID='scheduled__2024-07-08T06:15:00+00:00'
[2024-07-10T09:19:28.115+0000] {taskinstance.py:430} INFO - ::endgroup::
[2024-07-10T09:19:28.123+0000] {python.py:237} INFO - Done. Returned value was:     SECURITY_ID BUSINESS_DATE  ...          STOCK_ID                   PRICE_ID
0          ADBL    2024-07-09  ...   ADBL_2024-07-09   ADBL_2024-07-09 00:00:00
1           AHL    2024-07-09  ...    AHL_2024-07-09    AHL_2024-07-09 00:00:00
2          AHPC    2024-07-09  ...   AHPC_2024-07-09   AHPC_2024-07-09 00:00:00
3         AKJCL    2024-07-09  ...  AKJCL_2024-07-09  AKJCL_2024-07-09 00:00:00
4          AKPL    2024-07-09  ...   AKPL_2024-07-09   AKPL_2024-07-09 00:00:00
..          ...           ...  ...               ...                        ...
310        USHL    2024-07-09  ...   USHL_2024-07-09   USHL_2024-07-09 00:00:00
311        USLB    2024-07-09  ...   USLB_2024-07-09   USLB_2024-07-09 00:00:00
312        VLBS    2024-07-09  ...   VLBS_2024-07-09   VLBS_2024-07-09 00:00:00
313       VLUCL    2024-07-09  ...  VLUCL_2024-07-09  VLUCL_2024-07-09 00:00:00
314        WNLB    2024-07-09  ...   WNLB_2024-07-09   WNLB_2024-07-09 00:00:00

[315 rows x 9 columns]
[2024-07-10T09:19:28.134+0000] {taskinstance.py:441} INFO - ::group::Post task execution logs
[2024-07-10T09:19:28.251+0000] {taskinstance.py:1206} INFO - Marking task as SUCCESS. dag_id=market_etl, task_id=create_fact_table, run_id=scheduled__2024-07-08T06:15:00+00:00, execution_date=20240708T061500, start_date=20240710T091927, end_date=20240710T091928
[2024-07-10T09:19:28.306+0000] {local_task_job_runner.py:240} INFO - Task exited with return code 0
[2024-07-10T09:19:28.341+0000] {taskinstance.py:3503} INFO - 0 downstream tasks scheduled from follow-on schedule check
[2024-07-10T09:19:28.342+0000] {local_task_job_runner.py:222} INFO - ::endgroup::
[2024-07-10T14:21:01.704+0000] {local_task_job_runner.py:120} INFO - ::group::Pre task execution logs
[2024-07-10T14:21:01.719+0000] {taskinstance.py:2076} INFO - Dependencies all met for dep_context=non-requeueable deps ti=<TaskInstance: market_etl.create_fact_table scheduled__2024-07-08T06:15:00+00:00 [queued]>
[2024-07-10T14:21:01.725+0000] {taskinstance.py:2076} INFO - Dependencies all met for dep_context=requeueable deps ti=<TaskInstance: market_etl.create_fact_table scheduled__2024-07-08T06:15:00+00:00 [queued]>
[2024-07-10T14:21:01.726+0000] {taskinstance.py:2306} INFO - Starting attempt 1 of 4
[2024-07-10T14:21:01.740+0000] {taskinstance.py:2330} INFO - Executing <Task(_PythonDecoratedOperator): create_fact_table> on 2024-07-08 06:15:00+00:00
[2024-07-10T14:21:01.745+0000] {warnings.py:112} WARNING - /home/airflow/.local/lib/python3.12/site-packages/airflow/task/task_runner/standard_task_runner.py:61: DeprecationWarning: This process (pid=457) is multi-threaded, use of fork() may lead to deadlocks in the child.
  pid = os.fork()

[2024-07-10T14:21:01.746+0000] {standard_task_runner.py:63} INFO - Started process 463 to run task
[2024-07-10T14:21:01.747+0000] {standard_task_runner.py:90} INFO - Running: ['airflow', 'tasks', 'run', 'market_etl', 'create_fact_table', 'scheduled__2024-07-08T06:15:00+00:00', '--job-id', '805', '--raw', '--subdir', 'DAGS_FOLDER/etl.py', '--cfg-path', '/tmp/tmp24ze6g7k']
[2024-07-10T14:21:01.748+0000] {standard_task_runner.py:91} INFO - Job 805: Subtask create_fact_table
[2024-07-10T14:21:01.810+0000] {task_command.py:426} INFO - Running <TaskInstance: market_etl.create_fact_table scheduled__2024-07-08T06:15:00+00:00 [running]> on host 514b016b59c3
[2024-07-10T14:21:01.994+0000] {taskinstance.py:2648} INFO - Exporting env vars: AIRFLOW_CTX_DAG_OWNER='airflow' AIRFLOW_CTX_DAG_ID='market_etl' AIRFLOW_CTX_TASK_ID='create_fact_table' AIRFLOW_CTX_EXECUTION_DATE='2024-07-08T06:15:00+00:00' AIRFLOW_CTX_TRY_NUMBER='1' AIRFLOW_CTX_DAG_RUN_ID='scheduled__2024-07-08T06:15:00+00:00'
[2024-07-10T14:21:01.995+0000] {taskinstance.py:430} INFO - ::endgroup::
[2024-07-10T14:21:02.001+0000] {python.py:237} INFO - Done. Returned value was:     SECURITY_ID  ...                                           PRICE_ID
0          ADBL  ...  ADBL_<bound method Timestamp.date of Timestamp...
1           AHL  ...  AHL_<bound method Timestamp.date of Timestamp(...
2          AHPC  ...  AHPC_<bound method Timestamp.date of Timestamp...
3         AKJCL  ...  AKJCL_<bound method Timestamp.date of Timestam...
4          AKPL  ...  AKPL_<bound method Timestamp.date of Timestamp...
..          ...  ...                                                ...
310        USHL  ...  USHL_<bound method Timestamp.date of Timestamp...
311        USLB  ...  USLB_<bound method Timestamp.date of Timestamp...
312        VLBS  ...  VLBS_<bound method Timestamp.date of Timestamp...
313       VLUCL  ...  VLUCL_<bound method Timestamp.date of Timestam...
314        WNLB  ...  WNLB_<bound method Timestamp.date of Timestamp...

[315 rows x 9 columns]
[2024-07-10T14:21:02.009+0000] {taskinstance.py:441} INFO - ::group::Post task execution logs
[2024-07-10T14:21:02.037+0000] {taskinstance.py:1206} INFO - Marking task as SUCCESS. dag_id=market_etl, task_id=create_fact_table, run_id=scheduled__2024-07-08T06:15:00+00:00, execution_date=20240708T061500, start_date=20240710T142101, end_date=20240710T142102
[2024-07-10T14:21:02.052+0000] {local_task_job_runner.py:240} INFO - Task exited with return code 0
[2024-07-10T14:21:02.079+0000] {taskinstance.py:3503} INFO - 0 downstream tasks scheduled from follow-on schedule check
[2024-07-10T14:21:02.080+0000] {local_task_job_runner.py:222} INFO - ::endgroup::
[2024-07-11T08:22:54.781+0000] {local_task_job_runner.py:120} INFO - ::group::Pre task execution logs
[2024-07-11T08:22:54.801+0000] {taskinstance.py:2076} INFO - Dependencies all met for dep_context=non-requeueable deps ti=<TaskInstance: market_etl.create_fact_table scheduled__2024-07-08T06:15:00+00:00 [queued]>
[2024-07-11T08:22:54.811+0000] {taskinstance.py:2076} INFO - Dependencies all met for dep_context=requeueable deps ti=<TaskInstance: market_etl.create_fact_table scheduled__2024-07-08T06:15:00+00:00 [queued]>
[2024-07-11T08:22:54.812+0000] {taskinstance.py:2306} INFO - Starting attempt 1 of 4
[2024-07-11T08:22:54.828+0000] {taskinstance.py:2330} INFO - Executing <Task(_PythonDecoratedOperator): create_fact_table> on 2024-07-08 06:15:00+00:00
[2024-07-11T08:22:54.842+0000] {warnings.py:112} WARNING - /home/airflow/.local/lib/python3.12/site-packages/airflow/task/task_runner/standard_task_runner.py:61: DeprecationWarning: This process (pid=1580) is multi-threaded, use of fork() may lead to deadlocks in the child.
  pid = os.fork()

[2024-07-11T08:22:54.843+0000] {standard_task_runner.py:63} INFO - Started process 1584 to run task
[2024-07-11T08:22:54.845+0000] {standard_task_runner.py:90} INFO - Running: ['airflow', 'tasks', 'run', 'market_etl', 'create_fact_table', 'scheduled__2024-07-08T06:15:00+00:00', '--job-id', '1220', '--raw', '--subdir', 'DAGS_FOLDER/etl.py', '--cfg-path', '/tmp/tmprbgmh2qb']
[2024-07-11T08:22:54.848+0000] {standard_task_runner.py:91} INFO - Job 1220: Subtask create_fact_table
[2024-07-11T08:22:55.000+0000] {task_command.py:426} INFO - Running <TaskInstance: market_etl.create_fact_table scheduled__2024-07-08T06:15:00+00:00 [running]> on host aa283b53dd54
[2024-07-11T08:22:55.247+0000] {taskinstance.py:2648} INFO - Exporting env vars: AIRFLOW_CTX_DAG_OWNER='airflow' AIRFLOW_CTX_DAG_ID='market_etl' AIRFLOW_CTX_TASK_ID='create_fact_table' AIRFLOW_CTX_EXECUTION_DATE='2024-07-08T06:15:00+00:00' AIRFLOW_CTX_TRY_NUMBER='1' AIRFLOW_CTX_DAG_RUN_ID='scheduled__2024-07-08T06:15:00+00:00'
[2024-07-11T08:22:55.249+0000] {taskinstance.py:430} INFO - ::endgroup::
[2024-07-11T08:22:55.256+0000] {python.py:237} INFO - Done. Returned value was:     SECURITY_ID BUSINESS_DATE  ...            STOCK_ID            PRICE_ID
0          ADBL    2024-07-10  ...     ADBL_2024-07-10     ADBL_2024-07-10
1       ADBLD83    2024-07-10  ...  ADBLD83_2024-07-10  ADBLD83_2024-07-10
2           AHL    2024-07-10  ...      AHL_2024-07-10      AHL_2024-07-10
3          AHPC    2024-07-10  ...     AHPC_2024-07-10     AHPC_2024-07-10
4         AKJCL    2024-07-10  ...    AKJCL_2024-07-10    AKJCL_2024-07-10
..          ...           ...  ...                 ...                 ...
316        USHL    2024-07-10  ...     USHL_2024-07-10     USHL_2024-07-10
317        USLB    2024-07-10  ...     USLB_2024-07-10     USLB_2024-07-10
318        VLBS    2024-07-10  ...     VLBS_2024-07-10     VLBS_2024-07-10
319       VLUCL    2024-07-10  ...    VLUCL_2024-07-10    VLUCL_2024-07-10
320        WNLB    2024-07-10  ...     WNLB_2024-07-10     WNLB_2024-07-10

[321 rows x 9 columns]
[2024-07-11T08:22:55.266+0000] {taskinstance.py:441} INFO - ::group::Post task execution logs
[2024-07-11T08:22:55.327+0000] {taskinstance.py:1206} INFO - Marking task as SUCCESS. dag_id=market_etl, task_id=create_fact_table, run_id=scheduled__2024-07-08T06:15:00+00:00, execution_date=20240708T061500, start_date=20240711T082254, end_date=20240711T082255
[2024-07-11T08:22:55.513+0000] {local_task_job_runner.py:240} INFO - Task exited with return code 0
[2024-07-11T08:22:55.618+0000] {local_task_job_runner.py:222} INFO - ::endgroup::
