[2024-07-06T12:51:23.852+0000] {local_task_job_runner.py:120} INFO - ::group::Pre task execution logs
[2024-07-06T12:51:23.866+0000] {taskinstance.py:2076} INFO - Dependencies all met for dep_context=non-requeueable deps ti=<TaskInstance: market_etl.load_market_data scheduled__2024-07-01T00:00:00+00:00 [queued]>
[2024-07-06T12:51:23.872+0000] {taskinstance.py:2076} INFO - Dependencies all met for dep_context=requeueable deps ti=<TaskInstance: market_etl.load_market_data scheduled__2024-07-01T00:00:00+00:00 [queued]>
[2024-07-06T12:51:23.873+0000] {taskinstance.py:2306} INFO - Starting attempt 1 of 4
[2024-07-06T12:51:23.880+0000] {taskinstance.py:2330} INFO - Executing <Task(_PythonDecoratedOperator): load_market_data> on 2024-07-01 00:00:00+00:00
[2024-07-06T12:51:23.885+0000] {warnings.py:112} WARNING - /home/***/.local/lib/python3.12/site-packages/***/task/task_runner/standard_task_runner.py:61: DeprecationWarning: This process (pid=343) is multi-threaded, use of fork() may lead to deadlocks in the child.
  pid = os.fork()

[2024-07-06T12:51:23.886+0000] {standard_task_runner.py:63} INFO - Started process 345 to run task
[2024-07-06T12:51:23.887+0000] {standard_task_runner.py:90} INFO - Running: ['***', 'tasks', 'run', 'market_etl', 'load_market_data', 'scheduled__2024-07-01T00:00:00+00:00', '--job-id', '28', '--raw', '--subdir', 'DAGS_FOLDER/etl.py', '--cfg-path', '/tmp/tmpotz1ufv8']
[2024-07-06T12:51:23.889+0000] {standard_task_runner.py:91} INFO - Job 28: Subtask load_market_data
[2024-07-06T12:51:23.914+0000] {task_command.py:426} INFO - Running <TaskInstance: market_etl.load_market_data scheduled__2024-07-01T00:00:00+00:00 [running]> on host 03e268ada1a3
[2024-07-06T12:51:24.001+0000] {taskinstance.py:2648} INFO - Exporting env vars: AIRFLOW_CTX_DAG_OWNER='***' AIRFLOW_CTX_DAG_ID='market_etl' AIRFLOW_CTX_TASK_ID='load_market_data' AIRFLOW_CTX_EXECUTION_DATE='2024-07-01T00:00:00+00:00' AIRFLOW_CTX_TRY_NUMBER='1' AIRFLOW_CTX_DAG_RUN_ID='scheduled__2024-07-01T00:00:00+00:00'
[2024-07-06T12:51:24.002+0000] {taskinstance.py:430} INFO - ::endgroup::
[2024-07-06T12:51:24.007+0000] {base.py:84} INFO - Using connection ID 'market_database_conn' for task execution.
[2024-07-06T12:51:24.017+0000] {python.py:237} INFO - Done. Returned value was:    Symbol  Close_Price_Rs  ...  Market_Capitalization_Rs__Amt_in_Millions  Close_Date
0    ADBL           272.9  ...                                   36709.62  2024-07-05
1     AHL           516.6  ...                                    1756.44  2024-07-05
2    AHPC           155.0  ...                                    5790.68  2024-07-05
3   AKJCL           227.7  ...                                    1821.60  2024-07-05
4    AKPL           163.0  ...                                    6350.39  2024-07-05
5   ALBSL           975.0  ...                                    6255.76  2024-07-05
6   ALICL           588.0  ...                                   19991.04  2024-07-05
7    ANLB          2400.0  ...                                    1645.72  2024-07-05
8     API           171.0  ...                                    9895.08  2024-07-05
9   AVYAN           949.9  ...                                    2374.75  2024-07-05
10  BARUN           296.9  ...                                    1590.83  2024-07-05
11    BBC          4050.0  ...                                    1990.17  2024-07-05
12   BEDC           431.0  ...                                    2344.87  2024-07-05
13    BFC           503.4  ...                                    4303.15  2024-07-05
14   BGWT           898.0  ...                                    5137.14  2024-07-05
15   BHDC           582.9  ...                                    6120.45  2024-07-05
16    BHL           360.0  ...                                    6580.69  2024-07-05
17   BHPL           620.0  ...                                    1550.00  2024-07-05
18   BNHC           640.4  ...                                    2561.60  2024-07-05

[19 rows x 15 columns]
[2024-07-06T12:51:24.028+0000] {taskinstance.py:441} INFO - ::group::Post task execution logs
[2024-07-06T12:51:24.041+0000] {taskinstance.py:1206} INFO - Marking task as SUCCESS. dag_id=market_etl, task_id=load_market_data, run_id=scheduled__2024-07-01T00:00:00+00:00, execution_date=20240701T000000, start_date=20240706T125123, end_date=20240706T125124
[2024-07-06T12:51:24.068+0000] {local_task_job_runner.py:240} INFO - Task exited with return code 0
[2024-07-06T12:51:24.076+0000] {taskinstance.py:3503} INFO - 0 downstream tasks scheduled from follow-on schedule check
[2024-07-06T12:51:24.077+0000] {local_task_job_runner.py:222} INFO - ::endgroup::
