[2024-07-11T06:32:53.626+0000] {local_task_job_runner.py:120} INFO - ::group::Pre task execution logs
[2024-07-11T06:32:53.642+0000] {taskinstance.py:2076} INFO - Dependencies all met for dep_context=non-requeueable deps ti=<TaskInstance: market_etl.flatten_market_data scheduled__2024-07-10T06:15:00+00:00 [queued]>
[2024-07-11T06:32:53.648+0000] {taskinstance.py:2076} INFO - Dependencies all met for dep_context=requeueable deps ti=<TaskInstance: market_etl.flatten_market_data scheduled__2024-07-10T06:15:00+00:00 [queued]>
[2024-07-11T06:32:53.649+0000] {taskinstance.py:2306} INFO - Starting attempt 1 of 4
[2024-07-11T06:32:53.658+0000] {taskinstance.py:2330} INFO - Executing <Task(_PythonDecoratedOperator): flatten_market_data> on 2024-07-10 06:15:00+00:00
[2024-07-11T06:32:53.668+0000] {warnings.py:112} WARNING - /home/airflow/.local/lib/python3.12/site-packages/airflow/task/task_runner/standard_task_runner.py:61: DeprecationWarning: This process (pid=705) is multi-threaded, use of fork() may lead to deadlocks in the child.
  pid = os.fork()

[2024-07-11T06:32:53.670+0000] {standard_task_runner.py:63} INFO - Started process 707 to run task
[2024-07-11T06:32:53.670+0000] {standard_task_runner.py:90} INFO - Running: ['airflow', 'tasks', 'run', 'market_etl', 'flatten_market_data', 'scheduled__2024-07-10T06:15:00+00:00', '--job-id', '877', '--raw', '--subdir', 'DAGS_FOLDER/etl.py', '--cfg-path', '/tmp/tmpn3bkxrkb']
[2024-07-11T06:32:53.672+0000] {standard_task_runner.py:91} INFO - Job 877: Subtask flatten_market_data
[2024-07-11T06:32:53.747+0000] {task_command.py:426} INFO - Running <TaskInstance: market_etl.flatten_market_data scheduled__2024-07-10T06:15:00+00:00 [running]> on host aa283b53dd54
[2024-07-11T06:32:53.878+0000] {taskinstance.py:2648} INFO - Exporting env vars: AIRFLOW_CTX_DAG_OWNER='airflow' AIRFLOW_CTX_DAG_ID='market_etl' AIRFLOW_CTX_TASK_ID='flatten_market_data' AIRFLOW_CTX_EXECUTION_DATE='2024-07-10T06:15:00+00:00' AIRFLOW_CTX_TRY_NUMBER='1' AIRFLOW_CTX_DAG_RUN_ID='scheduled__2024-07-10T06:15:00+00:00'
[2024-07-11T06:32:53.879+0000] {taskinstance.py:430} INFO - ::endgroup::
[2024-07-11T06:32:53.909+0000] {python.py:237} INFO - Done. Returned value was:       Symbol  ...  Close_Date
0       ADBL  ...  2024-07-10
1    ADBLD83  ...  2024-07-10
2        AHL  ...  2024-07-10
3       AHPC  ...  2024-07-10
4      AKJCL  ...  2024-07-10
..       ...  ...         ...
316     USHL  ...  2024-07-10
317     USLB  ...  2024-07-10
318     VLBS  ...  2024-07-10
319    VLUCL  ...  2024-07-10
320     WNLB  ...  2024-07-10

[321 rows x 15 columns]
[2024-07-11T06:32:53.965+0000] {taskinstance.py:441} INFO - ::group::Post task execution logs
[2024-07-11T06:32:54.066+0000] {taskinstance.py:1206} INFO - Marking task as SUCCESS. dag_id=market_etl, task_id=flatten_market_data, run_id=scheduled__2024-07-10T06:15:00+00:00, execution_date=20240710T061500, start_date=20240711T063253, end_date=20240711T063254
[2024-07-11T06:32:54.096+0000] {local_task_job_runner.py:240} INFO - Task exited with return code 0
[2024-07-11T06:32:54.128+0000] {taskinstance.py:3503} INFO - 3 downstream tasks scheduled from follow-on schedule check
[2024-07-11T06:32:54.129+0000] {local_task_job_runner.py:222} INFO - ::endgroup::
[2024-07-11T08:23:52.693+0000] {local_task_job_runner.py:120} INFO - ::group::Pre task execution logs
[2024-07-11T08:23:52.706+0000] {taskinstance.py:2076} INFO - Dependencies all met for dep_context=non-requeueable deps ti=<TaskInstance: market_etl.flatten_market_data scheduled__2024-07-10T06:15:00+00:00 [queued]>
[2024-07-11T08:23:52.711+0000] {taskinstance.py:2076} INFO - Dependencies all met for dep_context=requeueable deps ti=<TaskInstance: market_etl.flatten_market_data scheduled__2024-07-10T06:15:00+00:00 [queued]>
[2024-07-11T08:23:52.711+0000] {taskinstance.py:2306} INFO - Starting attempt 1 of 4
[2024-07-11T08:23:52.718+0000] {taskinstance.py:2330} INFO - Executing <Task(_PythonDecoratedOperator): flatten_market_data> on 2024-07-10 06:15:00+00:00
[2024-07-11T08:23:52.724+0000] {warnings.py:112} WARNING - /home/airflow/.local/lib/python3.12/site-packages/airflow/task/task_runner/standard_task_runner.py:61: DeprecationWarning: This process (pid=1844) is multi-threaded, use of fork() may lead to deadlocks in the child.
  pid = os.fork()

[2024-07-11T08:23:52.725+0000] {standard_task_runner.py:63} INFO - Started process 1846 to run task
[2024-07-11T08:23:52.726+0000] {standard_task_runner.py:90} INFO - Running: ['airflow', 'tasks', 'run', 'market_etl', 'flatten_market_data', 'scheduled__2024-07-10T06:15:00+00:00', '--job-id', '1243', '--raw', '--subdir', 'DAGS_FOLDER/etl.py', '--cfg-path', '/tmp/tmpacdlvbvm']
[2024-07-11T08:23:52.728+0000] {standard_task_runner.py:91} INFO - Job 1243: Subtask flatten_market_data
[2024-07-11T08:23:52.789+0000] {task_command.py:426} INFO - Running <TaskInstance: market_etl.flatten_market_data scheduled__2024-07-10T06:15:00+00:00 [running]> on host aa283b53dd54
[2024-07-11T08:23:52.926+0000] {taskinstance.py:2648} INFO - Exporting env vars: AIRFLOW_CTX_DAG_OWNER='airflow' AIRFLOW_CTX_DAG_ID='market_etl' AIRFLOW_CTX_TASK_ID='flatten_market_data' AIRFLOW_CTX_EXECUTION_DATE='2024-07-10T06:15:00+00:00' AIRFLOW_CTX_TRY_NUMBER='1' AIRFLOW_CTX_DAG_RUN_ID='scheduled__2024-07-10T06:15:00+00:00'
[2024-07-11T08:23:52.927+0000] {taskinstance.py:430} INFO - ::endgroup::
[2024-07-11T08:23:52.937+0000] {python.py:237} INFO - Done. Returned value was:       Symbol  ...  Close_Date
0       ADBL  ...  2024-07-10
1    ADBLD83  ...  2024-07-10
2        AHL  ...  2024-07-10
3       AHPC  ...  2024-07-10
4      AKJCL  ...  2024-07-10
..       ...  ...         ...
316     USHL  ...  2024-07-10
317     USLB  ...  2024-07-10
318     VLBS  ...  2024-07-10
319    VLUCL  ...  2024-07-10
320     WNLB  ...  2024-07-10

[321 rows x 15 columns]
[2024-07-11T08:23:52.956+0000] {taskinstance.py:441} INFO - ::group::Post task execution logs
[2024-07-11T08:23:53.020+0000] {taskinstance.py:1206} INFO - Marking task as SUCCESS. dag_id=market_etl, task_id=flatten_market_data, run_id=scheduled__2024-07-10T06:15:00+00:00, execution_date=20240710T061500, start_date=20240711T082352, end_date=20240711T082353
[2024-07-11T08:23:53.077+0000] {local_task_job_runner.py:240} INFO - Task exited with return code 0
[2024-07-11T08:23:53.121+0000] {taskinstance.py:3503} INFO - 3 downstream tasks scheduled from follow-on schedule check
[2024-07-11T08:23:53.123+0000] {local_task_job_runner.py:222} INFO - ::endgroup::
