[2024-07-10T09:14:46.139+0000] {local_task_job_runner.py:120} INFO - ::group::Pre task execution logs
[2024-07-10T09:14:46.182+0000] {taskinstance.py:2076} INFO - Dependencies all met for dep_context=non-requeueable deps ti=<TaskInstance: market_etl.get_business_date scheduled__2024-06-29T06:15:00+00:00 [queued]>
[2024-07-10T09:14:46.193+0000] {taskinstance.py:2076} INFO - Dependencies all met for dep_context=requeueable deps ti=<TaskInstance: market_etl.get_business_date scheduled__2024-06-29T06:15:00+00:00 [queued]>
[2024-07-10T09:14:46.197+0000] {taskinstance.py:2306} INFO - Starting attempt 1 of 4
[2024-07-10T09:14:46.266+0000] {taskinstance.py:2330} INFO - Executing <Task(_PythonDecoratedOperator): get_business_date> on 2024-06-29 06:15:00+00:00
[2024-07-10T09:14:46.305+0000] {warnings.py:112} WARNING - /home/airflow/.local/lib/python3.12/site-packages/airflow/task/task_runner/standard_task_runner.py:61: DeprecationWarning: This process (pid=482) is multi-threaded, use of fork() may lead to deadlocks in the child.
  pid = os.fork()

[2024-07-10T09:14:46.310+0000] {standard_task_runner.py:90} INFO - Running: ['airflow', 'tasks', 'run', 'market_etl', 'get_business_date', 'scheduled__2024-06-29T06:15:00+00:00', '--job-id', '328', '--raw', '--subdir', 'DAGS_FOLDER/etl.py', '--cfg-path', '/tmp/tmp507ldvr2']
[2024-07-10T09:14:46.323+0000] {standard_task_runner.py:91} INFO - Job 328: Subtask get_business_date
[2024-07-10T09:14:46.322+0000] {standard_task_runner.py:63} INFO - Started process 491 to run task
[2024-07-10T09:14:46.448+0000] {task_command.py:426} INFO - Running <TaskInstance: market_etl.get_business_date scheduled__2024-06-29T06:15:00+00:00 [running]> on host 514b016b59c3
[2024-07-10T09:14:47.086+0000] {taskinstance.py:2648} INFO - Exporting env vars: AIRFLOW_CTX_DAG_OWNER='airflow' AIRFLOW_CTX_DAG_ID='market_etl' AIRFLOW_CTX_TASK_ID='get_business_date' AIRFLOW_CTX_EXECUTION_DATE='2024-06-29T06:15:00+00:00' AIRFLOW_CTX_TRY_NUMBER='1' AIRFLOW_CTX_DAG_RUN_ID='scheduled__2024-06-29T06:15:00+00:00'
[2024-07-10T09:14:47.093+0000] {taskinstance.py:430} INFO - ::endgroup::
[2024-07-10T09:14:47.097+0000] {python.py:237} INFO - Done. Returned value was: 2024-07-09
[2024-07-10T09:14:47.099+0000] {taskinstance.py:441} INFO - ::group::Post task execution logs
[2024-07-10T09:14:47.147+0000] {taskinstance.py:1206} INFO - Marking task as SUCCESS. dag_id=market_etl, task_id=get_business_date, run_id=scheduled__2024-06-29T06:15:00+00:00, execution_date=20240629T061500, start_date=20240710T091446, end_date=20240710T091447
[2024-07-10T09:14:47.207+0000] {local_task_job_runner.py:240} INFO - Task exited with return code 0
[2024-07-10T09:14:47.297+0000] {taskinstance.py:3503} INFO - 1 downstream tasks scheduled from follow-on schedule check
[2024-07-10T09:14:47.300+0000] {local_task_job_runner.py:222} INFO - ::endgroup::
[2024-07-10T09:23:48.296+0000] {local_task_job_runner.py:120} INFO - ::group::Pre task execution logs
[2024-07-10T09:23:48.327+0000] {taskinstance.py:2076} INFO - Dependencies all met for dep_context=non-requeueable deps ti=<TaskInstance: market_etl.get_business_date scheduled__2024-06-29T06:15:00+00:00 [queued]>
[2024-07-10T09:23:48.334+0000] {taskinstance.py:2076} INFO - Dependencies all met for dep_context=requeueable deps ti=<TaskInstance: market_etl.get_business_date scheduled__2024-06-29T06:15:00+00:00 [queued]>
[2024-07-10T09:23:48.335+0000] {taskinstance.py:2306} INFO - Starting attempt 1 of 4
[2024-07-10T09:23:48.347+0000] {taskinstance.py:2330} INFO - Executing <Task(_PythonDecoratedOperator): get_business_date> on 2024-06-29 06:15:00+00:00
[2024-07-10T09:23:48.358+0000] {warnings.py:112} WARNING - /home/airflow/.local/lib/python3.12/site-packages/airflow/task/task_runner/standard_task_runner.py:61: DeprecationWarning: This process (pid=488) is multi-threaded, use of fork() may lead to deadlocks in the child.
  pid = os.fork()

[2024-07-10T09:23:48.362+0000] {standard_task_runner.py:90} INFO - Running: ['airflow', 'tasks', 'run', 'market_etl', 'get_business_date', 'scheduled__2024-06-29T06:15:00+00:00', '--job-id', '450', '--raw', '--subdir', 'DAGS_FOLDER/etl.py', '--cfg-path', '/tmp/tmp1_z1cgg0']
[2024-07-10T09:23:48.365+0000] {standard_task_runner.py:63} INFO - Started process 494 to run task
[2024-07-10T09:23:48.365+0000] {standard_task_runner.py:91} INFO - Job 450: Subtask get_business_date
[2024-07-10T09:23:48.448+0000] {task_command.py:426} INFO - Running <TaskInstance: market_etl.get_business_date scheduled__2024-06-29T06:15:00+00:00 [running]> on host 514b016b59c3
[2024-07-10T09:23:48.742+0000] {taskinstance.py:2648} INFO - Exporting env vars: AIRFLOW_CTX_DAG_OWNER='airflow' AIRFLOW_CTX_DAG_ID='market_etl' AIRFLOW_CTX_TASK_ID='get_business_date' AIRFLOW_CTX_EXECUTION_DATE='2024-06-29T06:15:00+00:00' AIRFLOW_CTX_TRY_NUMBER='1' AIRFLOW_CTX_DAG_RUN_ID='scheduled__2024-06-29T06:15:00+00:00'
[2024-07-10T09:23:48.746+0000] {taskinstance.py:430} INFO - ::endgroup::
[2024-07-10T09:23:48.748+0000] {python.py:237} INFO - Done. Returned value was: 2024-07-09
[2024-07-10T09:23:48.749+0000] {taskinstance.py:441} INFO - ::group::Post task execution logs
[2024-07-10T09:23:48.812+0000] {taskinstance.py:1206} INFO - Marking task as SUCCESS. dag_id=market_etl, task_id=get_business_date, run_id=scheduled__2024-06-29T06:15:00+00:00, execution_date=20240629T061500, start_date=20240710T092348, end_date=20240710T092348
[2024-07-10T09:23:48.878+0000] {local_task_job_runner.py:240} INFO - Task exited with return code 0
[2024-07-10T09:23:48.911+0000] {local_task_job_runner.py:222} INFO - ::endgroup::
[2024-07-10T09:53:33.767+0000] {local_task_job_runner.py:120} INFO - ::group::Pre task execution logs
[2024-07-10T09:53:33.787+0000] {taskinstance.py:2076} INFO - Dependencies all met for dep_context=non-requeueable deps ti=<TaskInstance: market_etl.get_business_date scheduled__2024-06-29T06:15:00+00:00 [queued]>
[2024-07-10T09:53:33.797+0000] {taskinstance.py:2076} INFO - Dependencies all met for dep_context=requeueable deps ti=<TaskInstance: market_etl.get_business_date scheduled__2024-06-29T06:15:00+00:00 [queued]>
[2024-07-10T09:53:33.798+0000] {taskinstance.py:2306} INFO - Starting attempt 1 of 4
[2024-07-10T09:53:33.810+0000] {taskinstance.py:2330} INFO - Executing <Task(_PythonDecoratedOperator): get_business_date> on 2024-06-29 06:15:00+00:00
[2024-07-10T09:53:33.821+0000] {warnings.py:112} WARNING - /home/airflow/.local/lib/python3.12/site-packages/airflow/task/task_runner/standard_task_runner.py:61: DeprecationWarning: This process (pid=481) is multi-threaded, use of fork() may lead to deadlocks in the child.
  pid = os.fork()

[2024-07-10T09:53:33.823+0000] {standard_task_runner.py:63} INFO - Started process 485 to run task
[2024-07-10T09:53:33.825+0000] {standard_task_runner.py:90} INFO - Running: ['airflow', 'tasks', 'run', 'market_etl', 'get_business_date', 'scheduled__2024-06-29T06:15:00+00:00', '--job-id', '574', '--raw', '--subdir', 'DAGS_FOLDER/etl.py', '--cfg-path', '/tmp/tmp7k3k9uc5']
[2024-07-10T09:53:33.831+0000] {standard_task_runner.py:91} INFO - Job 574: Subtask get_business_date
[2024-07-10T09:53:33.910+0000] {task_command.py:426} INFO - Running <TaskInstance: market_etl.get_business_date scheduled__2024-06-29T06:15:00+00:00 [running]> on host 514b016b59c3
[2024-07-10T09:53:34.228+0000] {taskinstance.py:2648} INFO - Exporting env vars: AIRFLOW_CTX_DAG_OWNER='airflow' AIRFLOW_CTX_DAG_ID='market_etl' AIRFLOW_CTX_TASK_ID='get_business_date' AIRFLOW_CTX_EXECUTION_DATE='2024-06-29T06:15:00+00:00' AIRFLOW_CTX_TRY_NUMBER='1' AIRFLOW_CTX_DAG_RUN_ID='scheduled__2024-06-29T06:15:00+00:00'
[2024-07-10T09:53:34.230+0000] {taskinstance.py:430} INFO - ::endgroup::
[2024-07-10T09:53:34.232+0000] {python.py:237} INFO - Done. Returned value was: 2024-07-09
[2024-07-10T09:53:34.232+0000] {taskinstance.py:441} INFO - ::group::Post task execution logs
[2024-07-10T09:53:34.268+0000] {taskinstance.py:1206} INFO - Marking task as SUCCESS. dag_id=market_etl, task_id=get_business_date, run_id=scheduled__2024-06-29T06:15:00+00:00, execution_date=20240629T061500, start_date=20240710T095333, end_date=20240710T095334
[2024-07-10T09:53:34.295+0000] {local_task_job_runner.py:240} INFO - Task exited with return code 0
[2024-07-10T09:53:34.327+0000] {taskinstance.py:3503} INFO - 2 downstream tasks scheduled from follow-on schedule check
[2024-07-10T09:53:34.328+0000] {local_task_job_runner.py:222} INFO - ::endgroup::
[2024-07-10T11:35:32.123+0000] {local_task_job_runner.py:120} INFO - ::group::Pre task execution logs
[2024-07-10T11:35:32.205+0000] {taskinstance.py:2076} INFO - Dependencies all met for dep_context=non-requeueable deps ti=<TaskInstance: market_etl.get_business_date scheduled__2024-06-29T06:15:00+00:00 [queued]>
[2024-07-10T11:35:32.253+0000] {taskinstance.py:2076} INFO - Dependencies all met for dep_context=requeueable deps ti=<TaskInstance: market_etl.get_business_date scheduled__2024-06-29T06:15:00+00:00 [queued]>
[2024-07-10T11:35:32.254+0000] {taskinstance.py:2306} INFO - Starting attempt 1 of 4
[2024-07-10T11:35:32.296+0000] {taskinstance.py:2330} INFO - Executing <Task(_PythonDecoratedOperator): get_business_date> on 2024-06-29 06:15:00+00:00
[2024-07-10T11:35:32.315+0000] {warnings.py:112} WARNING - /home/airflow/.local/lib/python3.12/site-packages/airflow/task/task_runner/standard_task_runner.py:61: DeprecationWarning: This process (pid=594) is multi-threaded, use of fork() may lead to deadlocks in the child.
  pid = os.fork()

[2024-07-10T11:35:32.321+0000] {standard_task_runner.py:63} INFO - Started process 607 to run task
[2024-07-10T11:35:32.339+0000] {standard_task_runner.py:90} INFO - Running: ['airflow', 'tasks', 'run', 'market_etl', 'get_business_date', 'scheduled__2024-06-29T06:15:00+00:00', '--job-id', '730', '--raw', '--subdir', 'DAGS_FOLDER/etl.py', '--cfg-path', '/tmp/tmp31pv2ff8']
[2024-07-10T11:35:32.345+0000] {standard_task_runner.py:91} INFO - Job 730: Subtask get_business_date
[2024-07-10T11:35:32.556+0000] {task_command.py:426} INFO - Running <TaskInstance: market_etl.get_business_date scheduled__2024-06-29T06:15:00+00:00 [running]> on host 514b016b59c3
[2024-07-10T11:35:33.001+0000] {taskinstance.py:2648} INFO - Exporting env vars: AIRFLOW_CTX_DAG_OWNER='airflow' AIRFLOW_CTX_DAG_ID='market_etl' AIRFLOW_CTX_TASK_ID='get_business_date' AIRFLOW_CTX_EXECUTION_DATE='2024-06-29T06:15:00+00:00' AIRFLOW_CTX_TRY_NUMBER='1' AIRFLOW_CTX_DAG_RUN_ID='scheduled__2024-06-29T06:15:00+00:00'
[2024-07-10T11:35:33.004+0000] {taskinstance.py:430} INFO - ::endgroup::
[2024-07-10T11:35:33.006+0000] {python.py:237} INFO - Done. Returned value was: 2024-07-09
[2024-07-10T11:35:33.007+0000] {taskinstance.py:441} INFO - ::group::Post task execution logs
[2024-07-10T11:35:33.086+0000] {taskinstance.py:1206} INFO - Marking task as SUCCESS. dag_id=market_etl, task_id=get_business_date, run_id=scheduled__2024-06-29T06:15:00+00:00, execution_date=20240629T061500, start_date=20240710T113532, end_date=20240710T113533
[2024-07-10T11:35:33.151+0000] {local_task_job_runner.py:240} INFO - Task exited with return code 0
[2024-07-10T11:35:33.292+0000] {taskinstance.py:3503} INFO - 2 downstream tasks scheduled from follow-on schedule check
[2024-07-10T11:35:33.294+0000] {local_task_job_runner.py:222} INFO - ::endgroup::
[2024-07-11T08:18:28.995+0000] {local_task_job_runner.py:120} INFO - ::group::Pre task execution logs
[2024-07-11T08:18:29.011+0000] {taskinstance.py:2076} INFO - Dependencies all met for dep_context=non-requeueable deps ti=<TaskInstance: market_etl.get_business_date scheduled__2024-06-29T06:15:00+00:00 [queued]>
[2024-07-11T08:18:29.017+0000] {taskinstance.py:2076} INFO - Dependencies all met for dep_context=requeueable deps ti=<TaskInstance: market_etl.get_business_date scheduled__2024-06-29T06:15:00+00:00 [queued]>
[2024-07-11T08:18:29.018+0000] {taskinstance.py:2306} INFO - Starting attempt 1 of 4
[2024-07-11T08:18:29.028+0000] {taskinstance.py:2330} INFO - Executing <Task(_PythonDecoratedOperator): get_business_date> on 2024-06-29 06:15:00+00:00
[2024-07-11T08:18:29.038+0000] {warnings.py:112} WARNING - /home/airflow/.local/lib/python3.12/site-packages/airflow/task/task_runner/standard_task_runner.py:61: DeprecationWarning: This process (pid=337) is multi-threaded, use of fork() may lead to deadlocks in the child.
  pid = os.fork()

[2024-07-11T08:18:29.040+0000] {standard_task_runner.py:63} INFO - Started process 342 to run task
[2024-07-11T08:18:29.040+0000] {standard_task_runner.py:90} INFO - Running: ['airflow', 'tasks', 'run', 'market_etl', 'get_business_date', 'scheduled__2024-06-29T06:15:00+00:00', '--job-id', '1114', '--raw', '--subdir', 'DAGS_FOLDER/etl.py', '--cfg-path', '/tmp/tmpk4lfiord']
[2024-07-11T08:18:29.045+0000] {standard_task_runner.py:91} INFO - Job 1114: Subtask get_business_date
[2024-07-11T08:18:29.164+0000] {task_command.py:426} INFO - Running <TaskInstance: market_etl.get_business_date scheduled__2024-06-29T06:15:00+00:00 [running]> on host aa283b53dd54
[2024-07-11T08:18:29.386+0000] {taskinstance.py:2648} INFO - Exporting env vars: AIRFLOW_CTX_DAG_OWNER='airflow' AIRFLOW_CTX_DAG_ID='market_etl' AIRFLOW_CTX_TASK_ID='get_business_date' AIRFLOW_CTX_EXECUTION_DATE='2024-06-29T06:15:00+00:00' AIRFLOW_CTX_TRY_NUMBER='1' AIRFLOW_CTX_DAG_RUN_ID='scheduled__2024-06-29T06:15:00+00:00'
[2024-07-11T08:18:29.388+0000] {taskinstance.py:430} INFO - ::endgroup::
[2024-07-11T08:18:29.389+0000] {python.py:237} INFO - Done. Returned value was: 2024-07-10
[2024-07-11T08:18:29.391+0000] {taskinstance.py:441} INFO - ::group::Post task execution logs
[2024-07-11T08:18:29.413+0000] {taskinstance.py:1206} INFO - Marking task as SUCCESS. dag_id=market_etl, task_id=get_business_date, run_id=scheduled__2024-06-29T06:15:00+00:00, execution_date=20240629T061500, start_date=20240711T081829, end_date=20240711T081829
[2024-07-11T08:18:29.517+0000] {local_task_job_runner.py:240} INFO - Task exited with return code 0
[2024-07-11T08:18:29.550+0000] {taskinstance.py:3503} INFO - 2 downstream tasks scheduled from follow-on schedule check
[2024-07-11T08:18:29.551+0000] {local_task_job_runner.py:222} INFO - ::endgroup::
