[2024-07-11T06:33:00.767+0000] {local_task_job_runner.py:120} INFO - ::group::Pre task execution logs
[2024-07-11T06:33:00.851+0000] {taskinstance.py:2066} INFO - Dependencies not met for <TaskInstance: market_etl.upload_to_s3 scheduled__2024-07-10T06:15:00+00:00 [queued]>, dependency 'Trigger Rule' FAILED: Task's trigger rule 'all_success' requires all upstream tasks to have succeeded, but found 1 non-success(es). upstream_states=_UpstreamTIStates(success=1, skipped=0, failed=0, upstream_failed=0, removed=0, done=1, success_setup=0, skipped_setup=0), upstream_task_ids={'create_fact_table', 'load_data_to_postgres'}
[2024-07-11T06:33:00.857+0000] {local_task_job_runner.py:163} INFO - Task is not able to be run
[2024-07-11T08:24:03.070+0000] {local_task_job_runner.py:120} INFO - ::group::Pre task execution logs
[2024-07-11T08:24:03.086+0000] {taskinstance.py:2076} INFO - Dependencies all met for dep_context=non-requeueable deps ti=<TaskInstance: market_etl.upload_to_s3 scheduled__2024-07-10T06:15:00+00:00 [queued]>
[2024-07-11T08:24:03.104+0000] {taskinstance.py:2076} INFO - Dependencies all met for dep_context=requeueable deps ti=<TaskInstance: market_etl.upload_to_s3 scheduled__2024-07-10T06:15:00+00:00 [queued]>
[2024-07-11T08:24:03.104+0000] {taskinstance.py:2306} INFO - Starting attempt 1 of 4
[2024-07-11T08:24:03.114+0000] {taskinstance.py:2330} INFO - Executing <Task(_PythonDecoratedOperator): upload_to_s3> on 2024-07-10 06:15:00+00:00
[2024-07-11T08:24:03.125+0000] {warnings.py:112} WARNING - /home/airflow/.local/lib/python3.12/site-packages/airflow/task/task_runner/standard_task_runner.py:61: DeprecationWarning: This process (pid=1926) is multi-threaded, use of fork() may lead to deadlocks in the child.
  pid = os.fork()

[2024-07-11T08:24:03.130+0000] {standard_task_runner.py:63} INFO - Started process 1934 to run task
[2024-07-11T08:24:03.129+0000] {standard_task_runner.py:90} INFO - Running: ['airflow', 'tasks', 'run', 'market_etl', 'upload_to_s3', 'scheduled__2024-07-10T06:15:00+00:00', '--job-id', '1253', '--raw', '--subdir', 'DAGS_FOLDER/etl.py', '--cfg-path', '/tmp/tmph_u3_ek4']
[2024-07-11T08:24:03.137+0000] {standard_task_runner.py:91} INFO - Job 1253: Subtask upload_to_s3
[2024-07-11T08:24:03.265+0000] {task_command.py:426} INFO - Running <TaskInstance: market_etl.upload_to_s3 scheduled__2024-07-10T06:15:00+00:00 [running]> on host aa283b53dd54
[2024-07-11T08:24:03.555+0000] {taskinstance.py:2648} INFO - Exporting env vars: AIRFLOW_CTX_DAG_OWNER='airflow' AIRFLOW_CTX_DAG_ID='market_etl' AIRFLOW_CTX_TASK_ID='upload_to_s3' AIRFLOW_CTX_EXECUTION_DATE='2024-07-10T06:15:00+00:00' AIRFLOW_CTX_TRY_NUMBER='1' AIRFLOW_CTX_DAG_RUN_ID='scheduled__2024-07-10T06:15:00+00:00'
[2024-07-11T08:24:03.558+0000] {taskinstance.py:430} INFO - ::endgroup::
[2024-07-11T08:24:03.575+0000] {base.py:84} INFO - Using connection ID 'aws_default' for task execution.
[2024-07-11T08:24:03.576+0000] {connection_wrapper.py:384} INFO - AWS Connection (conn_id='aws_default', conn_type='aws') credentials retrieved from login and password.
[2024-07-11T08:24:03.577+0000] {connection_wrapper.py:401} INFO - AWS Connection (conn_id='aws_default', conn_type='aws') session token retrieved from extra, please note you are responsible for renewing these.
[2024-07-11T08:24:06.173+0000] {python.py:237} INFO - Done. Returned value was: nepse_fact_table_2024-07-10.csv
[2024-07-11T08:24:06.176+0000] {taskinstance.py:441} INFO - ::group::Post task execution logs
[2024-07-11T08:24:06.249+0000] {taskinstance.py:1206} INFO - Marking task as SUCCESS. dag_id=market_etl, task_id=upload_to_s3, run_id=scheduled__2024-07-10T06:15:00+00:00, execution_date=20240710T061500, start_date=20240711T082403, end_date=20240711T082406
[2024-07-11T08:24:06.293+0000] {local_task_job_runner.py:240} INFO - Task exited with return code 0
[2024-07-11T08:24:06.339+0000] {taskinstance.py:3503} INFO - 0 downstream tasks scheduled from follow-on schedule check
[2024-07-11T08:24:06.340+0000] {local_task_job_runner.py:222} INFO - ::endgroup::
