[2024-06-26T09:04:30.792+0000] {local_task_job_runner.py:120} INFO - ::group::Pre task execution logs
[2024-06-26T09:04:30.815+0000] {taskinstance.py:2076} INFO - Dependencies all met for dep_context=non-requeueable deps ti=<TaskInstance: market_etl.load_market_data manual__2024-06-26T09:04:21.721008+00:00 [queued]>
[2024-06-26T09:04:30.834+0000] {taskinstance.py:2076} INFO - Dependencies all met for dep_context=requeueable deps ti=<TaskInstance: market_etl.load_market_data manual__2024-06-26T09:04:21.721008+00:00 [queued]>
[2024-06-26T09:04:30.835+0000] {taskinstance.py:2306} INFO - Starting attempt 1 of 4
[2024-06-26T09:04:30.848+0000] {taskinstance.py:2330} INFO - Executing <Task(_PythonDecoratedOperator): load_market_data> on 2024-06-26 09:04:21.721008+00:00
[2024-06-26T09:04:30.868+0000] {warnings.py:112} WARNING - /home/airflow/.local/lib/python3.12/site-packages/airflow/task/task_runner/standard_task_runner.py:61: DeprecationWarning: This process (pid=60) is multi-threaded, use of fork() may lead to deadlocks in the child.
  pid = os.fork()

[2024-06-26T09:04:30.870+0000] {standard_task_runner.py:63} INFO - Started process 62 to run task
[2024-06-26T09:04:30.873+0000] {standard_task_runner.py:90} INFO - Running: ['airflow', 'tasks', 'run', 'market_etl', 'load_market_data', 'manual__2024-06-26T09:04:21.721008+00:00', '--job-id', '149', '--raw', '--subdir', 'DAGS_FOLDER/etl.py', '--cfg-path', '/tmp/tmp2y6t2k1u']
[2024-06-26T09:04:30.875+0000] {standard_task_runner.py:91} INFO - Job 149: Subtask load_market_data
[2024-06-26T09:04:30.941+0000] {task_command.py:426} INFO - Running <TaskInstance: market_etl.load_market_data manual__2024-06-26T09:04:21.721008+00:00 [running]> on host f3f48f0457b9
[2024-06-26T09:04:31.322+0000] {taskinstance.py:2648} INFO - Exporting env vars: AIRFLOW_CTX_DAG_OWNER='airflow' AIRFLOW_CTX_DAG_ID='market_etl' AIRFLOW_CTX_TASK_ID='load_market_data' AIRFLOW_CTX_EXECUTION_DATE='2024-06-26T09:04:21.721008+00:00' AIRFLOW_CTX_TRY_NUMBER='1' AIRFLOW_CTX_DAG_RUN_ID='manual__2024-06-26T09:04:21.721008+00:00'
[2024-06-26T09:04:31.330+0000] {taskinstance.py:430} INFO - ::endgroup::
[2024-06-26T09:04:31.352+0000] {base.py:84} INFO - Using connection ID 'market_database_conn' for task execution.
[2024-06-26T09:04:31.383+0000] {python.py:237} INFO - Done. Returned value was:        volume  volume_weighted  ...  number_of_transactions  symbol
0  44586537.0           186.97  ...                  382026    AMZN

[1 rows x 9 columns]
[2024-06-26T09:04:31.397+0000] {taskinstance.py:441} INFO - ::group::Post task execution logs
[2024-06-26T09:04:31.450+0000] {taskinstance.py:1206} INFO - Marking task as SUCCESS. dag_id=market_etl, task_id=load_market_data, run_id=manual__2024-06-26T09:04:21.721008+00:00, execution_date=20240626T090421, start_date=20240626T090430, end_date=20240626T090431
[2024-06-26T09:04:31.508+0000] {local_task_job_runner.py:240} INFO - Task exited with return code 0
[2024-06-26T09:04:31.564+0000] {taskinstance.py:3503} INFO - 1 downstream tasks scheduled from follow-on schedule check
[2024-06-26T09:04:31.567+0000] {local_task_job_runner.py:222} INFO - ::endgroup::
