[2024-06-25T05:41:17.829+0000] {processor.py:161} INFO - Started process (PID=49) to work on /home/airflow/.local/lib/python3.12/site-packages/airflow/example_dags/example_branch_python_dop_operator_3.py
[2024-06-25T05:41:17.830+0000] {processor.py:830} INFO - Processing file /home/airflow/.local/lib/python3.12/site-packages/airflow/example_dags/example_branch_python_dop_operator_3.py for tasks to queue
[2024-06-25T05:41:17.832+0000] {logging_mixin.py:188} INFO - [2024-06-25T05:41:17.831+0000] {dagbag.py:545} INFO - Filling up the DagBag from /home/airflow/.local/lib/python3.12/site-packages/airflow/example_dags/example_branch_python_dop_operator_3.py
[2024-06-25T05:41:17.839+0000] {processor.py:840} INFO - DAG(s) 'example_branch_dop_operator_v3' retrieved from /home/airflow/.local/lib/python3.12/site-packages/airflow/example_dags/example_branch_python_dop_operator_3.py
[2024-06-25T05:41:17.851+0000] {logging_mixin.py:188} INFO - [2024-06-25T05:41:17.851+0000] {dag.py:3096} INFO - Sync 1 DAGs
[2024-06-25T05:41:17.867+0000] {logging_mixin.py:188} INFO - [2024-06-25T05:41:17.867+0000] {dag.py:3954} INFO - Setting next_dagrun for example_branch_dop_operator_v3 to 2024-06-25 05:40:00+00:00, run_after=2024-06-25 05:41:00+00:00
[2024-06-25T05:41:17.882+0000] {processor.py:183} INFO - Processing /home/airflow/.local/lib/python3.12/site-packages/airflow/example_dags/example_branch_python_dop_operator_3.py took 0.058 seconds
[2024-06-25T05:41:48.550+0000] {processor.py:161} INFO - Started process (PID=107) to work on /home/airflow/.local/lib/python3.12/site-packages/airflow/example_dags/example_branch_python_dop_operator_3.py
[2024-06-25T05:41:48.551+0000] {processor.py:830} INFO - Processing file /home/airflow/.local/lib/python3.12/site-packages/airflow/example_dags/example_branch_python_dop_operator_3.py for tasks to queue
[2024-06-25T05:41:48.552+0000] {logging_mixin.py:188} INFO - [2024-06-25T05:41:48.552+0000] {dagbag.py:545} INFO - Filling up the DagBag from /home/airflow/.local/lib/python3.12/site-packages/airflow/example_dags/example_branch_python_dop_operator_3.py
[2024-06-25T05:41:48.557+0000] {processor.py:840} INFO - DAG(s) 'example_branch_dop_operator_v3' retrieved from /home/airflow/.local/lib/python3.12/site-packages/airflow/example_dags/example_branch_python_dop_operator_3.py
[2024-06-25T05:41:48.601+0000] {logging_mixin.py:188} INFO - [2024-06-25T05:41:48.601+0000] {dag.py:3096} INFO - Sync 1 DAGs
[2024-06-25T05:41:48.611+0000] {logging_mixin.py:188} INFO - [2024-06-25T05:41:48.611+0000] {dag.py:3954} INFO - Setting next_dagrun for example_branch_dop_operator_v3 to 2024-06-25 05:40:00+00:00, run_after=2024-06-25 05:41:00+00:00
[2024-06-25T05:41:48.620+0000] {processor.py:183} INFO - Processing /home/airflow/.local/lib/python3.12/site-packages/airflow/example_dags/example_branch_python_dop_operator_3.py took 0.072 seconds
[2024-06-25T05:42:18.712+0000] {processor.py:161} INFO - Started process (PID=165) to work on /home/airflow/.local/lib/python3.12/site-packages/airflow/example_dags/example_branch_python_dop_operator_3.py
[2024-06-25T05:42:18.713+0000] {processor.py:830} INFO - Processing file /home/airflow/.local/lib/python3.12/site-packages/airflow/example_dags/example_branch_python_dop_operator_3.py for tasks to queue
[2024-06-25T05:42:18.714+0000] {logging_mixin.py:188} INFO - [2024-06-25T05:42:18.714+0000] {dagbag.py:545} INFO - Filling up the DagBag from /home/airflow/.local/lib/python3.12/site-packages/airflow/example_dags/example_branch_python_dop_operator_3.py
[2024-06-25T05:42:18.719+0000] {processor.py:840} INFO - DAG(s) 'example_branch_dop_operator_v3' retrieved from /home/airflow/.local/lib/python3.12/site-packages/airflow/example_dags/example_branch_python_dop_operator_3.py
[2024-06-25T05:42:18.728+0000] {logging_mixin.py:188} INFO - [2024-06-25T05:42:18.728+0000] {dag.py:3096} INFO - Sync 1 DAGs
[2024-06-25T05:42:18.740+0000] {logging_mixin.py:188} INFO - [2024-06-25T05:42:18.740+0000] {dag.py:3954} INFO - Setting next_dagrun for example_branch_dop_operator_v3 to 2024-06-25 05:41:00+00:00, run_after=2024-06-25 05:42:00+00:00
[2024-06-25T05:42:18.749+0000] {processor.py:183} INFO - Processing /home/airflow/.local/lib/python3.12/site-packages/airflow/example_dags/example_branch_python_dop_operator_3.py took 0.040 seconds
[2024-06-25T05:42:49.171+0000] {processor.py:161} INFO - Started process (PID=223) to work on /home/airflow/.local/lib/python3.12/site-packages/airflow/example_dags/example_branch_python_dop_operator_3.py
[2024-06-25T05:42:49.172+0000] {processor.py:830} INFO - Processing file /home/airflow/.local/lib/python3.12/site-packages/airflow/example_dags/example_branch_python_dop_operator_3.py for tasks to queue
[2024-06-25T05:42:49.173+0000] {logging_mixin.py:188} INFO - [2024-06-25T05:42:49.173+0000] {dagbag.py:545} INFO - Filling up the DagBag from /home/airflow/.local/lib/python3.12/site-packages/airflow/example_dags/example_branch_python_dop_operator_3.py
[2024-06-25T05:42:49.178+0000] {processor.py:840} INFO - DAG(s) 'example_branch_dop_operator_v3' retrieved from /home/airflow/.local/lib/python3.12/site-packages/airflow/example_dags/example_branch_python_dop_operator_3.py
[2024-06-25T05:42:49.187+0000] {logging_mixin.py:188} INFO - [2024-06-25T05:42:49.187+0000] {dag.py:3096} INFO - Sync 1 DAGs
[2024-06-25T05:42:49.198+0000] {logging_mixin.py:188} INFO - [2024-06-25T05:42:49.198+0000] {dag.py:3954} INFO - Setting next_dagrun for example_branch_dop_operator_v3 to 2024-06-25 05:41:00+00:00, run_after=2024-06-25 05:42:00+00:00
[2024-06-25T05:42:49.206+0000] {processor.py:183} INFO - Processing /home/airflow/.local/lib/python3.12/site-packages/airflow/example_dags/example_branch_python_dop_operator_3.py took 0.038 seconds
[2024-06-25T05:43:19.662+0000] {processor.py:161} INFO - Started process (PID=48) to work on /home/airflow/.local/lib/python3.12/site-packages/airflow/example_dags/example_branch_python_dop_operator_3.py
[2024-06-25T05:43:19.663+0000] {processor.py:830} INFO - Processing file /home/airflow/.local/lib/python3.12/site-packages/airflow/example_dags/example_branch_python_dop_operator_3.py for tasks to queue
[2024-06-25T05:43:19.665+0000] {logging_mixin.py:188} INFO - [2024-06-25T05:43:19.665+0000] {dagbag.py:545} INFO - Filling up the DagBag from /home/airflow/.local/lib/python3.12/site-packages/airflow/example_dags/example_branch_python_dop_operator_3.py
[2024-06-25T05:43:19.679+0000] {processor.py:840} INFO - DAG(s) 'example_branch_dop_operator_v3' retrieved from /home/airflow/.local/lib/python3.12/site-packages/airflow/example_dags/example_branch_python_dop_operator_3.py
[2024-06-25T05:43:19.695+0000] {logging_mixin.py:188} INFO - [2024-06-25T05:43:19.695+0000] {dag.py:3096} INFO - Sync 1 DAGs
[2024-06-25T05:43:19.714+0000] {logging_mixin.py:188} INFO - [2024-06-25T05:43:19.713+0000] {dag.py:3954} INFO - Setting next_dagrun for example_branch_dop_operator_v3 to 2024-06-25 05:42:00+00:00, run_after=2024-06-25 05:43:00+00:00
[2024-06-25T05:43:19.731+0000] {processor.py:183} INFO - Processing /home/airflow/.local/lib/python3.12/site-packages/airflow/example_dags/example_branch_python_dop_operator_3.py took 0.075 seconds
[2024-06-25T05:43:50.643+0000] {processor.py:161} INFO - Started process (PID=106) to work on /home/airflow/.local/lib/python3.12/site-packages/airflow/example_dags/example_branch_python_dop_operator_3.py
[2024-06-25T05:43:50.644+0000] {processor.py:830} INFO - Processing file /home/airflow/.local/lib/python3.12/site-packages/airflow/example_dags/example_branch_python_dop_operator_3.py for tasks to queue
[2024-06-25T05:43:50.645+0000] {logging_mixin.py:188} INFO - [2024-06-25T05:43:50.645+0000] {dagbag.py:545} INFO - Filling up the DagBag from /home/airflow/.local/lib/python3.12/site-packages/airflow/example_dags/example_branch_python_dop_operator_3.py
[2024-06-25T05:43:50.649+0000] {processor.py:840} INFO - DAG(s) 'example_branch_dop_operator_v3' retrieved from /home/airflow/.local/lib/python3.12/site-packages/airflow/example_dags/example_branch_python_dop_operator_3.py
[2024-06-25T05:43:50.654+0000] {logging_mixin.py:188} INFO - [2024-06-25T05:43:50.654+0000] {dag.py:3096} INFO - Sync 1 DAGs
[2024-06-25T05:43:50.665+0000] {logging_mixin.py:188} INFO - [2024-06-25T05:43:50.665+0000] {dag.py:3954} INFO - Setting next_dagrun for example_branch_dop_operator_v3 to 2024-06-25 05:42:00+00:00, run_after=2024-06-25 05:43:00+00:00
[2024-06-25T05:43:50.672+0000] {processor.py:183} INFO - Processing /home/airflow/.local/lib/python3.12/site-packages/airflow/example_dags/example_branch_python_dop_operator_3.py took 0.031 seconds
[2024-06-25T05:44:21.597+0000] {processor.py:161} INFO - Started process (PID=164) to work on /home/airflow/.local/lib/python3.12/site-packages/airflow/example_dags/example_branch_python_dop_operator_3.py
[2024-06-25T05:44:21.597+0000] {processor.py:830} INFO - Processing file /home/airflow/.local/lib/python3.12/site-packages/airflow/example_dags/example_branch_python_dop_operator_3.py for tasks to queue
[2024-06-25T05:44:21.598+0000] {logging_mixin.py:188} INFO - [2024-06-25T05:44:21.598+0000] {dagbag.py:545} INFO - Filling up the DagBag from /home/airflow/.local/lib/python3.12/site-packages/airflow/example_dags/example_branch_python_dop_operator_3.py
[2024-06-25T05:44:21.603+0000] {processor.py:840} INFO - DAG(s) 'example_branch_dop_operator_v3' retrieved from /home/airflow/.local/lib/python3.12/site-packages/airflow/example_dags/example_branch_python_dop_operator_3.py
[2024-06-25T05:44:21.646+0000] {logging_mixin.py:188} INFO - [2024-06-25T05:44:21.646+0000] {dag.py:3096} INFO - Sync 1 DAGs
[2024-06-25T05:44:21.655+0000] {logging_mixin.py:188} INFO - [2024-06-25T05:44:21.655+0000] {dag.py:3954} INFO - Setting next_dagrun for example_branch_dop_operator_v3 to 2024-06-25 05:43:00+00:00, run_after=2024-06-25 05:44:00+00:00
[2024-06-25T05:44:21.663+0000] {processor.py:183} INFO - Processing /home/airflow/.local/lib/python3.12/site-packages/airflow/example_dags/example_branch_python_dop_operator_3.py took 0.069 seconds
[2024-06-25T05:44:51.698+0000] {processor.py:161} INFO - Started process (PID=222) to work on /home/airflow/.local/lib/python3.12/site-packages/airflow/example_dags/example_branch_python_dop_operator_3.py
[2024-06-25T05:44:51.698+0000] {processor.py:830} INFO - Processing file /home/airflow/.local/lib/python3.12/site-packages/airflow/example_dags/example_branch_python_dop_operator_3.py for tasks to queue
[2024-06-25T05:44:51.699+0000] {logging_mixin.py:188} INFO - [2024-06-25T05:44:51.699+0000] {dagbag.py:545} INFO - Filling up the DagBag from /home/airflow/.local/lib/python3.12/site-packages/airflow/example_dags/example_branch_python_dop_operator_3.py
[2024-06-25T05:44:51.704+0000] {processor.py:840} INFO - DAG(s) 'example_branch_dop_operator_v3' retrieved from /home/airflow/.local/lib/python3.12/site-packages/airflow/example_dags/example_branch_python_dop_operator_3.py
[2024-06-25T05:44:51.714+0000] {logging_mixin.py:188} INFO - [2024-06-25T05:44:51.713+0000] {dag.py:3096} INFO - Sync 1 DAGs
[2024-06-25T05:44:51.724+0000] {logging_mixin.py:188} INFO - [2024-06-25T05:44:51.724+0000] {dag.py:3954} INFO - Setting next_dagrun for example_branch_dop_operator_v3 to 2024-06-25 05:43:00+00:00, run_after=2024-06-25 05:44:00+00:00
[2024-06-25T05:44:51.732+0000] {processor.py:183} INFO - Processing /home/airflow/.local/lib/python3.12/site-packages/airflow/example_dags/example_branch_python_dop_operator_3.py took 0.037 seconds
[2024-06-25T05:45:22.387+0000] {processor.py:161} INFO - Started process (PID=279) to work on /home/airflow/.local/lib/python3.12/site-packages/airflow/example_dags/example_branch_python_dop_operator_3.py
[2024-06-25T05:45:22.388+0000] {processor.py:830} INFO - Processing file /home/airflow/.local/lib/python3.12/site-packages/airflow/example_dags/example_branch_python_dop_operator_3.py for tasks to queue
[2024-06-25T05:45:22.389+0000] {logging_mixin.py:188} INFO - [2024-06-25T05:45:22.389+0000] {dagbag.py:545} INFO - Filling up the DagBag from /home/airflow/.local/lib/python3.12/site-packages/airflow/example_dags/example_branch_python_dop_operator_3.py
[2024-06-25T05:45:22.394+0000] {processor.py:840} INFO - DAG(s) 'example_branch_dop_operator_v3' retrieved from /home/airflow/.local/lib/python3.12/site-packages/airflow/example_dags/example_branch_python_dop_operator_3.py
[2024-06-25T05:45:22.403+0000] {logging_mixin.py:188} INFO - [2024-06-25T05:45:22.403+0000] {dag.py:3096} INFO - Sync 1 DAGs
[2024-06-25T05:45:22.413+0000] {logging_mixin.py:188} INFO - [2024-06-25T05:45:22.413+0000] {dag.py:3954} INFO - Setting next_dagrun for example_branch_dop_operator_v3 to 2024-06-25 05:44:00+00:00, run_after=2024-06-25 05:45:00+00:00
[2024-06-25T05:45:22.423+0000] {processor.py:183} INFO - Processing /home/airflow/.local/lib/python3.12/site-packages/airflow/example_dags/example_branch_python_dop_operator_3.py took 0.039 seconds
[2024-06-25T05:45:53.092+0000] {processor.py:161} INFO - Started process (PID=337) to work on /home/airflow/.local/lib/python3.12/site-packages/airflow/example_dags/example_branch_python_dop_operator_3.py
[2024-06-25T05:45:53.093+0000] {processor.py:830} INFO - Processing file /home/airflow/.local/lib/python3.12/site-packages/airflow/example_dags/example_branch_python_dop_operator_3.py for tasks to queue
[2024-06-25T05:45:53.094+0000] {logging_mixin.py:188} INFO - [2024-06-25T05:45:53.094+0000] {dagbag.py:545} INFO - Filling up the DagBag from /home/airflow/.local/lib/python3.12/site-packages/airflow/example_dags/example_branch_python_dop_operator_3.py
[2024-06-25T05:45:53.098+0000] {processor.py:840} INFO - DAG(s) 'example_branch_dop_operator_v3' retrieved from /home/airflow/.local/lib/python3.12/site-packages/airflow/example_dags/example_branch_python_dop_operator_3.py
[2024-06-25T05:45:53.107+0000] {logging_mixin.py:188} INFO - [2024-06-25T05:45:53.107+0000] {dag.py:3096} INFO - Sync 1 DAGs
[2024-06-25T05:45:53.117+0000] {logging_mixin.py:188} INFO - [2024-06-25T05:45:53.117+0000] {dag.py:3954} INFO - Setting next_dagrun for example_branch_dop_operator_v3 to 2024-06-25 05:44:00+00:00, run_after=2024-06-25 05:45:00+00:00
[2024-06-25T05:45:53.124+0000] {processor.py:183} INFO - Processing /home/airflow/.local/lib/python3.12/site-packages/airflow/example_dags/example_branch_python_dop_operator_3.py took 0.034 seconds
[2024-06-25T05:46:23.724+0000] {processor.py:161} INFO - Started process (PID=395) to work on /home/airflow/.local/lib/python3.12/site-packages/airflow/example_dags/example_branch_python_dop_operator_3.py
[2024-06-25T05:46:23.725+0000] {processor.py:830} INFO - Processing file /home/airflow/.local/lib/python3.12/site-packages/airflow/example_dags/example_branch_python_dop_operator_3.py for tasks to queue
[2024-06-25T05:46:23.726+0000] {logging_mixin.py:188} INFO - [2024-06-25T05:46:23.726+0000] {dagbag.py:545} INFO - Filling up the DagBag from /home/airflow/.local/lib/python3.12/site-packages/airflow/example_dags/example_branch_python_dop_operator_3.py
[2024-06-25T05:46:23.730+0000] {processor.py:840} INFO - DAG(s) 'example_branch_dop_operator_v3' retrieved from /home/airflow/.local/lib/python3.12/site-packages/airflow/example_dags/example_branch_python_dop_operator_3.py
[2024-06-25T05:46:23.740+0000] {logging_mixin.py:188} INFO - [2024-06-25T05:46:23.740+0000] {dag.py:3096} INFO - Sync 1 DAGs
[2024-06-25T05:46:23.750+0000] {logging_mixin.py:188} INFO - [2024-06-25T05:46:23.750+0000] {dag.py:3954} INFO - Setting next_dagrun for example_branch_dop_operator_v3 to 2024-06-25 05:45:00+00:00, run_after=2024-06-25 05:46:00+00:00
[2024-06-25T05:46:23.758+0000] {processor.py:183} INFO - Processing /home/airflow/.local/lib/python3.12/site-packages/airflow/example_dags/example_branch_python_dop_operator_3.py took 0.037 seconds
[2024-06-25T05:46:54.174+0000] {processor.py:161} INFO - Started process (PID=453) to work on /home/airflow/.local/lib/python3.12/site-packages/airflow/example_dags/example_branch_python_dop_operator_3.py
[2024-06-25T05:46:54.178+0000] {processor.py:830} INFO - Processing file /home/airflow/.local/lib/python3.12/site-packages/airflow/example_dags/example_branch_python_dop_operator_3.py for tasks to queue
[2024-06-25T05:46:54.179+0000] {logging_mixin.py:188} INFO - [2024-06-25T05:46:54.179+0000] {dagbag.py:545} INFO - Filling up the DagBag from /home/airflow/.local/lib/python3.12/site-packages/airflow/example_dags/example_branch_python_dop_operator_3.py
[2024-06-25T05:46:54.183+0000] {processor.py:840} INFO - DAG(s) 'example_branch_dop_operator_v3' retrieved from /home/airflow/.local/lib/python3.12/site-packages/airflow/example_dags/example_branch_python_dop_operator_3.py
[2024-06-25T05:46:54.193+0000] {logging_mixin.py:188} INFO - [2024-06-25T05:46:54.193+0000] {dag.py:3096} INFO - Sync 1 DAGs
[2024-06-25T05:46:54.204+0000] {logging_mixin.py:188} INFO - [2024-06-25T05:46:54.204+0000] {dag.py:3954} INFO - Setting next_dagrun for example_branch_dop_operator_v3 to 2024-06-25 05:45:00+00:00, run_after=2024-06-25 05:46:00+00:00
[2024-06-25T05:46:54.213+0000] {processor.py:183} INFO - Processing /home/airflow/.local/lib/python3.12/site-packages/airflow/example_dags/example_branch_python_dop_operator_3.py took 0.041 seconds
[2024-06-25T05:47:33.638+0000] {processor.py:161} INFO - Started process (PID=510) to work on /home/airflow/.local/lib/python3.12/site-packages/airflow/example_dags/example_branch_python_dop_operator_3.py
[2024-06-25T05:47:33.641+0000] {processor.py:830} INFO - Processing file /home/airflow/.local/lib/python3.12/site-packages/airflow/example_dags/example_branch_python_dop_operator_3.py for tasks to queue
[2024-06-25T05:47:33.646+0000] {logging_mixin.py:188} INFO - [2024-06-25T05:47:33.645+0000] {dagbag.py:545} INFO - Filling up the DagBag from /home/airflow/.local/lib/python3.12/site-packages/airflow/example_dags/example_branch_python_dop_operator_3.py
[2024-06-25T05:47:33.656+0000] {processor.py:840} INFO - DAG(s) 'example_branch_dop_operator_v3' retrieved from /home/airflow/.local/lib/python3.12/site-packages/airflow/example_dags/example_branch_python_dop_operator_3.py
[2024-06-25T05:47:33.675+0000] {logging_mixin.py:188} INFO - [2024-06-25T05:47:33.675+0000] {dag.py:3096} INFO - Sync 1 DAGs
[2024-06-25T05:47:33.690+0000] {logging_mixin.py:188} INFO - [2024-06-25T05:47:33.690+0000] {dag.py:3954} INFO - Setting next_dagrun for example_branch_dop_operator_v3 to 2024-06-25 05:46:00+00:00, run_after=2024-06-25 05:47:00+00:00
[2024-06-25T05:47:33.704+0000] {processor.py:183} INFO - Processing /home/airflow/.local/lib/python3.12/site-packages/airflow/example_dags/example_branch_python_dop_operator_3.py took 0.070 seconds
[2024-06-25T05:48:03.976+0000] {processor.py:161} INFO - Started process (PID=569) to work on /home/airflow/.local/lib/python3.12/site-packages/airflow/example_dags/example_branch_python_dop_operator_3.py
[2024-06-25T05:48:03.977+0000] {processor.py:830} INFO - Processing file /home/airflow/.local/lib/python3.12/site-packages/airflow/example_dags/example_branch_python_dop_operator_3.py for tasks to queue
[2024-06-25T05:48:03.978+0000] {logging_mixin.py:188} INFO - [2024-06-25T05:48:03.978+0000] {dagbag.py:545} INFO - Filling up the DagBag from /home/airflow/.local/lib/python3.12/site-packages/airflow/example_dags/example_branch_python_dop_operator_3.py
[2024-06-25T05:48:03.983+0000] {processor.py:840} INFO - DAG(s) 'example_branch_dop_operator_v3' retrieved from /home/airflow/.local/lib/python3.12/site-packages/airflow/example_dags/example_branch_python_dop_operator_3.py
[2024-06-25T05:48:03.995+0000] {logging_mixin.py:188} INFO - [2024-06-25T05:48:03.995+0000] {dag.py:3096} INFO - Sync 1 DAGs
[2024-06-25T05:48:04.008+0000] {logging_mixin.py:188} INFO - [2024-06-25T05:48:04.008+0000] {dag.py:3954} INFO - Setting next_dagrun for example_branch_dop_operator_v3 to 2024-06-25 05:47:00+00:00, run_after=2024-06-25 05:48:00+00:00
[2024-06-25T05:48:04.018+0000] {processor.py:183} INFO - Processing /home/airflow/.local/lib/python3.12/site-packages/airflow/example_dags/example_branch_python_dop_operator_3.py took 0.045 seconds
[2024-06-25T05:48:34.469+0000] {processor.py:161} INFO - Started process (PID=627) to work on /home/airflow/.local/lib/python3.12/site-packages/airflow/example_dags/example_branch_python_dop_operator_3.py
[2024-06-25T05:48:34.470+0000] {processor.py:830} INFO - Processing file /home/airflow/.local/lib/python3.12/site-packages/airflow/example_dags/example_branch_python_dop_operator_3.py for tasks to queue
[2024-06-25T05:48:34.471+0000] {logging_mixin.py:188} INFO - [2024-06-25T05:48:34.471+0000] {dagbag.py:545} INFO - Filling up the DagBag from /home/airflow/.local/lib/python3.12/site-packages/airflow/example_dags/example_branch_python_dop_operator_3.py
[2024-06-25T05:48:34.476+0000] {processor.py:840} INFO - DAG(s) 'example_branch_dop_operator_v3' retrieved from /home/airflow/.local/lib/python3.12/site-packages/airflow/example_dags/example_branch_python_dop_operator_3.py
[2024-06-25T05:48:34.488+0000] {logging_mixin.py:188} INFO - [2024-06-25T05:48:34.488+0000] {dag.py:3096} INFO - Sync 1 DAGs
[2024-06-25T05:48:34.502+0000] {logging_mixin.py:188} INFO - [2024-06-25T05:48:34.502+0000] {dag.py:3954} INFO - Setting next_dagrun for example_branch_dop_operator_v3 to 2024-06-25 05:47:00+00:00, run_after=2024-06-25 05:48:00+00:00
[2024-06-25T05:48:34.511+0000] {processor.py:183} INFO - Processing /home/airflow/.local/lib/python3.12/site-packages/airflow/example_dags/example_branch_python_dop_operator_3.py took 0.045 seconds
[2024-06-25T05:49:05.343+0000] {processor.py:161} INFO - Started process (PID=685) to work on /home/airflow/.local/lib/python3.12/site-packages/airflow/example_dags/example_branch_python_dop_operator_3.py
[2024-06-25T05:49:05.344+0000] {processor.py:830} INFO - Processing file /home/airflow/.local/lib/python3.12/site-packages/airflow/example_dags/example_branch_python_dop_operator_3.py for tasks to queue
[2024-06-25T05:49:05.345+0000] {logging_mixin.py:188} INFO - [2024-06-25T05:49:05.345+0000] {dagbag.py:545} INFO - Filling up the DagBag from /home/airflow/.local/lib/python3.12/site-packages/airflow/example_dags/example_branch_python_dop_operator_3.py
[2024-06-25T05:49:05.351+0000] {processor.py:840} INFO - DAG(s) 'example_branch_dop_operator_v3' retrieved from /home/airflow/.local/lib/python3.12/site-packages/airflow/example_dags/example_branch_python_dop_operator_3.py
[2024-06-25T05:49:05.363+0000] {logging_mixin.py:188} INFO - [2024-06-25T05:49:05.363+0000] {dag.py:3096} INFO - Sync 1 DAGs
[2024-06-25T05:49:05.377+0000] {logging_mixin.py:188} INFO - [2024-06-25T05:49:05.377+0000] {dag.py:3954} INFO - Setting next_dagrun for example_branch_dop_operator_v3 to 2024-06-25 05:48:00+00:00, run_after=2024-06-25 05:49:00+00:00
[2024-06-25T05:49:05.387+0000] {processor.py:183} INFO - Processing /home/airflow/.local/lib/python3.12/site-packages/airflow/example_dags/example_branch_python_dop_operator_3.py took 0.047 seconds
[2024-06-25T05:49:35.584+0000] {processor.py:161} INFO - Started process (PID=743) to work on /home/airflow/.local/lib/python3.12/site-packages/airflow/example_dags/example_branch_python_dop_operator_3.py
[2024-06-25T05:49:35.585+0000] {processor.py:830} INFO - Processing file /home/airflow/.local/lib/python3.12/site-packages/airflow/example_dags/example_branch_python_dop_operator_3.py for tasks to queue
[2024-06-25T05:49:35.586+0000] {logging_mixin.py:188} INFO - [2024-06-25T05:49:35.585+0000] {dagbag.py:545} INFO - Filling up the DagBag from /home/airflow/.local/lib/python3.12/site-packages/airflow/example_dags/example_branch_python_dop_operator_3.py
[2024-06-25T05:49:35.590+0000] {processor.py:840} INFO - DAG(s) 'example_branch_dop_operator_v3' retrieved from /home/airflow/.local/lib/python3.12/site-packages/airflow/example_dags/example_branch_python_dop_operator_3.py
[2024-06-25T05:49:35.600+0000] {logging_mixin.py:188} INFO - [2024-06-25T05:49:35.600+0000] {dag.py:3096} INFO - Sync 1 DAGs
[2024-06-25T05:49:35.612+0000] {logging_mixin.py:188} INFO - [2024-06-25T05:49:35.611+0000] {dag.py:3954} INFO - Setting next_dagrun for example_branch_dop_operator_v3 to 2024-06-25 05:48:00+00:00, run_after=2024-06-25 05:49:00+00:00
[2024-06-25T05:49:35.620+0000] {processor.py:183} INFO - Processing /home/airflow/.local/lib/python3.12/site-packages/airflow/example_dags/example_branch_python_dop_operator_3.py took 0.039 seconds
[2024-06-25T05:50:05.805+0000] {processor.py:161} INFO - Started process (PID=801) to work on /home/airflow/.local/lib/python3.12/site-packages/airflow/example_dags/example_branch_python_dop_operator_3.py
[2024-06-25T05:50:05.806+0000] {processor.py:830} INFO - Processing file /home/airflow/.local/lib/python3.12/site-packages/airflow/example_dags/example_branch_python_dop_operator_3.py for tasks to queue
[2024-06-25T05:50:05.806+0000] {logging_mixin.py:188} INFO - [2024-06-25T05:50:05.806+0000] {dagbag.py:545} INFO - Filling up the DagBag from /home/airflow/.local/lib/python3.12/site-packages/airflow/example_dags/example_branch_python_dop_operator_3.py
[2024-06-25T05:50:05.811+0000] {processor.py:840} INFO - DAG(s) 'example_branch_dop_operator_v3' retrieved from /home/airflow/.local/lib/python3.12/site-packages/airflow/example_dags/example_branch_python_dop_operator_3.py
[2024-06-25T05:50:05.819+0000] {logging_mixin.py:188} INFO - [2024-06-25T05:50:05.819+0000] {dag.py:3096} INFO - Sync 1 DAGs
[2024-06-25T05:50:05.831+0000] {logging_mixin.py:188} INFO - [2024-06-25T05:50:05.830+0000] {dag.py:3954} INFO - Setting next_dagrun for example_branch_dop_operator_v3 to 2024-06-25 05:49:00+00:00, run_after=2024-06-25 05:50:00+00:00
[2024-06-25T05:50:05.839+0000] {processor.py:183} INFO - Processing /home/airflow/.local/lib/python3.12/site-packages/airflow/example_dags/example_branch_python_dop_operator_3.py took 0.036 seconds
[2024-06-25T05:50:35.936+0000] {processor.py:161} INFO - Started process (PID=859) to work on /home/airflow/.local/lib/python3.12/site-packages/airflow/example_dags/example_branch_python_dop_operator_3.py
[2024-06-25T05:50:35.937+0000] {processor.py:830} INFO - Processing file /home/airflow/.local/lib/python3.12/site-packages/airflow/example_dags/example_branch_python_dop_operator_3.py for tasks to queue
[2024-06-25T05:50:35.938+0000] {logging_mixin.py:188} INFO - [2024-06-25T05:50:35.937+0000] {dagbag.py:545} INFO - Filling up the DagBag from /home/airflow/.local/lib/python3.12/site-packages/airflow/example_dags/example_branch_python_dop_operator_3.py
[2024-06-25T05:50:35.942+0000] {processor.py:840} INFO - DAG(s) 'example_branch_dop_operator_v3' retrieved from /home/airflow/.local/lib/python3.12/site-packages/airflow/example_dags/example_branch_python_dop_operator_3.py
[2024-06-25T05:50:35.952+0000] {logging_mixin.py:188} INFO - [2024-06-25T05:50:35.951+0000] {dag.py:3096} INFO - Sync 1 DAGs
[2024-06-25T05:50:35.962+0000] {logging_mixin.py:188} INFO - [2024-06-25T05:50:35.962+0000] {dag.py:3954} INFO - Setting next_dagrun for example_branch_dop_operator_v3 to 2024-06-25 05:49:00+00:00, run_after=2024-06-25 05:50:00+00:00
[2024-06-25T05:50:35.969+0000] {processor.py:183} INFO - Processing /home/airflow/.local/lib/python3.12/site-packages/airflow/example_dags/example_branch_python_dop_operator_3.py took 0.036 seconds
[2024-06-25T05:51:06.070+0000] {processor.py:161} INFO - Started process (PID=917) to work on /home/airflow/.local/lib/python3.12/site-packages/airflow/example_dags/example_branch_python_dop_operator_3.py
[2024-06-25T05:51:06.074+0000] {processor.py:830} INFO - Processing file /home/airflow/.local/lib/python3.12/site-packages/airflow/example_dags/example_branch_python_dop_operator_3.py for tasks to queue
[2024-06-25T05:51:06.075+0000] {logging_mixin.py:188} INFO - [2024-06-25T05:51:06.075+0000] {dagbag.py:545} INFO - Filling up the DagBag from /home/airflow/.local/lib/python3.12/site-packages/airflow/example_dags/example_branch_python_dop_operator_3.py
[2024-06-25T05:51:06.079+0000] {processor.py:840} INFO - DAG(s) 'example_branch_dop_operator_v3' retrieved from /home/airflow/.local/lib/python3.12/site-packages/airflow/example_dags/example_branch_python_dop_operator_3.py
[2024-06-25T05:51:06.089+0000] {logging_mixin.py:188} INFO - [2024-06-25T05:51:06.089+0000] {dag.py:3096} INFO - Sync 1 DAGs
[2024-06-25T05:51:06.100+0000] {logging_mixin.py:188} INFO - [2024-06-25T05:51:06.100+0000] {dag.py:3954} INFO - Setting next_dagrun for example_branch_dop_operator_v3 to 2024-06-25 05:50:00+00:00, run_after=2024-06-25 05:51:00+00:00
[2024-06-25T05:51:06.108+0000] {processor.py:183} INFO - Processing /home/airflow/.local/lib/python3.12/site-packages/airflow/example_dags/example_branch_python_dop_operator_3.py took 0.041 seconds
[2024-06-25T05:51:36.852+0000] {processor.py:161} INFO - Started process (PID=975) to work on /home/airflow/.local/lib/python3.12/site-packages/airflow/example_dags/example_branch_python_dop_operator_3.py
[2024-06-25T05:51:36.853+0000] {processor.py:830} INFO - Processing file /home/airflow/.local/lib/python3.12/site-packages/airflow/example_dags/example_branch_python_dop_operator_3.py for tasks to queue
[2024-06-25T05:51:36.855+0000] {logging_mixin.py:188} INFO - [2024-06-25T05:51:36.855+0000] {dagbag.py:545} INFO - Filling up the DagBag from /home/airflow/.local/lib/python3.12/site-packages/airflow/example_dags/example_branch_python_dop_operator_3.py
[2024-06-25T05:51:36.867+0000] {processor.py:840} INFO - DAG(s) 'example_branch_dop_operator_v3' retrieved from /home/airflow/.local/lib/python3.12/site-packages/airflow/example_dags/example_branch_python_dop_operator_3.py
[2024-06-25T05:51:36.880+0000] {logging_mixin.py:188} INFO - [2024-06-25T05:51:36.879+0000] {dag.py:3096} INFO - Sync 1 DAGs
[2024-06-25T05:51:36.891+0000] {logging_mixin.py:188} INFO - [2024-06-25T05:51:36.891+0000] {dag.py:3954} INFO - Setting next_dagrun for example_branch_dop_operator_v3 to 2024-06-25 05:50:00+00:00, run_after=2024-06-25 05:51:00+00:00
[2024-06-25T05:51:36.901+0000] {processor.py:183} INFO - Processing /home/airflow/.local/lib/python3.12/site-packages/airflow/example_dags/example_branch_python_dop_operator_3.py took 0.053 seconds
[2024-06-25T05:52:07.009+0000] {processor.py:161} INFO - Started process (PID=1033) to work on /home/airflow/.local/lib/python3.12/site-packages/airflow/example_dags/example_branch_python_dop_operator_3.py
[2024-06-25T05:52:07.009+0000] {processor.py:830} INFO - Processing file /home/airflow/.local/lib/python3.12/site-packages/airflow/example_dags/example_branch_python_dop_operator_3.py for tasks to queue
[2024-06-25T05:52:07.010+0000] {logging_mixin.py:188} INFO - [2024-06-25T05:52:07.010+0000] {dagbag.py:545} INFO - Filling up the DagBag from /home/airflow/.local/lib/python3.12/site-packages/airflow/example_dags/example_branch_python_dop_operator_3.py
[2024-06-25T05:52:07.014+0000] {processor.py:840} INFO - DAG(s) 'example_branch_dop_operator_v3' retrieved from /home/airflow/.local/lib/python3.12/site-packages/airflow/example_dags/example_branch_python_dop_operator_3.py
[2024-06-25T05:52:07.023+0000] {logging_mixin.py:188} INFO - [2024-06-25T05:52:07.023+0000] {dag.py:3096} INFO - Sync 1 DAGs
[2024-06-25T05:52:07.034+0000] {logging_mixin.py:188} INFO - [2024-06-25T05:52:07.034+0000] {dag.py:3954} INFO - Setting next_dagrun for example_branch_dop_operator_v3 to 2024-06-25 05:51:00+00:00, run_after=2024-06-25 05:52:00+00:00
[2024-06-25T05:52:07.041+0000] {processor.py:183} INFO - Processing /home/airflow/.local/lib/python3.12/site-packages/airflow/example_dags/example_branch_python_dop_operator_3.py took 0.036 seconds
[2024-06-25T05:52:37.688+0000] {processor.py:161} INFO - Started process (PID=1091) to work on /home/airflow/.local/lib/python3.12/site-packages/airflow/example_dags/example_branch_python_dop_operator_3.py
[2024-06-25T05:52:37.689+0000] {processor.py:830} INFO - Processing file /home/airflow/.local/lib/python3.12/site-packages/airflow/example_dags/example_branch_python_dop_operator_3.py for tasks to queue
[2024-06-25T05:52:37.690+0000] {logging_mixin.py:188} INFO - [2024-06-25T05:52:37.690+0000] {dagbag.py:545} INFO - Filling up the DagBag from /home/airflow/.local/lib/python3.12/site-packages/airflow/example_dags/example_branch_python_dop_operator_3.py
[2024-06-25T05:52:37.695+0000] {processor.py:840} INFO - DAG(s) 'example_branch_dop_operator_v3' retrieved from /home/airflow/.local/lib/python3.12/site-packages/airflow/example_dags/example_branch_python_dop_operator_3.py
[2024-06-25T05:52:37.704+0000] {logging_mixin.py:188} INFO - [2024-06-25T05:52:37.704+0000] {dag.py:3096} INFO - Sync 1 DAGs
[2024-06-25T05:52:37.716+0000] {logging_mixin.py:188} INFO - [2024-06-25T05:52:37.716+0000] {dag.py:3954} INFO - Setting next_dagrun for example_branch_dop_operator_v3 to 2024-06-25 05:51:00+00:00, run_after=2024-06-25 05:52:00+00:00
[2024-06-25T05:52:37.724+0000] {processor.py:183} INFO - Processing /home/airflow/.local/lib/python3.12/site-packages/airflow/example_dags/example_branch_python_dop_operator_3.py took 0.038 seconds
[2024-06-25T05:53:08.359+0000] {processor.py:161} INFO - Started process (PID=1149) to work on /home/airflow/.local/lib/python3.12/site-packages/airflow/example_dags/example_branch_python_dop_operator_3.py
[2024-06-25T05:53:08.359+0000] {processor.py:830} INFO - Processing file /home/airflow/.local/lib/python3.12/site-packages/airflow/example_dags/example_branch_python_dop_operator_3.py for tasks to queue
[2024-06-25T05:53:08.360+0000] {logging_mixin.py:188} INFO - [2024-06-25T05:53:08.360+0000] {dagbag.py:545} INFO - Filling up the DagBag from /home/airflow/.local/lib/python3.12/site-packages/airflow/example_dags/example_branch_python_dop_operator_3.py
[2024-06-25T05:53:08.364+0000] {processor.py:840} INFO - DAG(s) 'example_branch_dop_operator_v3' retrieved from /home/airflow/.local/lib/python3.12/site-packages/airflow/example_dags/example_branch_python_dop_operator_3.py
[2024-06-25T05:53:08.372+0000] {logging_mixin.py:188} INFO - [2024-06-25T05:53:08.372+0000] {dag.py:3096} INFO - Sync 1 DAGs
[2024-06-25T05:53:08.382+0000] {logging_mixin.py:188} INFO - [2024-06-25T05:53:08.382+0000] {dag.py:3954} INFO - Setting next_dagrun for example_branch_dop_operator_v3 to 2024-06-25 05:52:00+00:00, run_after=2024-06-25 05:53:00+00:00
[2024-06-25T05:53:08.391+0000] {processor.py:183} INFO - Processing /home/airflow/.local/lib/python3.12/site-packages/airflow/example_dags/example_branch_python_dop_operator_3.py took 0.034 seconds
[2024-06-25T05:53:38.560+0000] {processor.py:161} INFO - Started process (PID=1207) to work on /home/airflow/.local/lib/python3.12/site-packages/airflow/example_dags/example_branch_python_dop_operator_3.py
[2024-06-25T05:53:38.561+0000] {processor.py:830} INFO - Processing file /home/airflow/.local/lib/python3.12/site-packages/airflow/example_dags/example_branch_python_dop_operator_3.py for tasks to queue
[2024-06-25T05:53:38.562+0000] {logging_mixin.py:188} INFO - [2024-06-25T05:53:38.562+0000] {dagbag.py:545} INFO - Filling up the DagBag from /home/airflow/.local/lib/python3.12/site-packages/airflow/example_dags/example_branch_python_dop_operator_3.py
[2024-06-25T05:53:38.566+0000] {processor.py:840} INFO - DAG(s) 'example_branch_dop_operator_v3' retrieved from /home/airflow/.local/lib/python3.12/site-packages/airflow/example_dags/example_branch_python_dop_operator_3.py
[2024-06-25T05:53:38.575+0000] {logging_mixin.py:188} INFO - [2024-06-25T05:53:38.574+0000] {dag.py:3096} INFO - Sync 1 DAGs
[2024-06-25T05:53:38.585+0000] {logging_mixin.py:188} INFO - [2024-06-25T05:53:38.585+0000] {dag.py:3954} INFO - Setting next_dagrun for example_branch_dop_operator_v3 to 2024-06-25 05:52:00+00:00, run_after=2024-06-25 05:53:00+00:00
[2024-06-25T05:53:38.594+0000] {processor.py:183} INFO - Processing /home/airflow/.local/lib/python3.12/site-packages/airflow/example_dags/example_branch_python_dop_operator_3.py took 0.036 seconds
[2024-06-25T05:54:09.431+0000] {processor.py:161} INFO - Started process (PID=1265) to work on /home/airflow/.local/lib/python3.12/site-packages/airflow/example_dags/example_branch_python_dop_operator_3.py
[2024-06-25T05:54:09.432+0000] {processor.py:830} INFO - Processing file /home/airflow/.local/lib/python3.12/site-packages/airflow/example_dags/example_branch_python_dop_operator_3.py for tasks to queue
[2024-06-25T05:54:09.434+0000] {logging_mixin.py:188} INFO - [2024-06-25T05:54:09.434+0000] {dagbag.py:545} INFO - Filling up the DagBag from /home/airflow/.local/lib/python3.12/site-packages/airflow/example_dags/example_branch_python_dop_operator_3.py
[2024-06-25T05:54:09.439+0000] {processor.py:840} INFO - DAG(s) 'example_branch_dop_operator_v3' retrieved from /home/airflow/.local/lib/python3.12/site-packages/airflow/example_dags/example_branch_python_dop_operator_3.py
[2024-06-25T05:54:09.451+0000] {logging_mixin.py:188} INFO - [2024-06-25T05:54:09.451+0000] {dag.py:3096} INFO - Sync 1 DAGs
[2024-06-25T05:54:09.469+0000] {logging_mixin.py:188} INFO - [2024-06-25T05:54:09.469+0000] {dag.py:3954} INFO - Setting next_dagrun for example_branch_dop_operator_v3 to 2024-06-25 05:53:00+00:00, run_after=2024-06-25 05:54:00+00:00
[2024-06-25T05:54:09.482+0000] {processor.py:183} INFO - Processing /home/airflow/.local/lib/python3.12/site-packages/airflow/example_dags/example_branch_python_dop_operator_3.py took 0.055 seconds
[2024-06-25T05:54:39.574+0000] {processor.py:161} INFO - Started process (PID=1322) to work on /home/airflow/.local/lib/python3.12/site-packages/airflow/example_dags/example_branch_python_dop_operator_3.py
[2024-06-25T05:54:39.574+0000] {processor.py:830} INFO - Processing file /home/airflow/.local/lib/python3.12/site-packages/airflow/example_dags/example_branch_python_dop_operator_3.py for tasks to queue
[2024-06-25T05:54:39.575+0000] {logging_mixin.py:188} INFO - [2024-06-25T05:54:39.575+0000] {dagbag.py:545} INFO - Filling up the DagBag from /home/airflow/.local/lib/python3.12/site-packages/airflow/example_dags/example_branch_python_dop_operator_3.py
[2024-06-25T05:54:39.580+0000] {processor.py:840} INFO - DAG(s) 'example_branch_dop_operator_v3' retrieved from /home/airflow/.local/lib/python3.12/site-packages/airflow/example_dags/example_branch_python_dop_operator_3.py
[2024-06-25T05:54:39.589+0000] {logging_mixin.py:188} INFO - [2024-06-25T05:54:39.589+0000] {dag.py:3096} INFO - Sync 1 DAGs
[2024-06-25T05:54:39.600+0000] {logging_mixin.py:188} INFO - [2024-06-25T05:54:39.600+0000] {dag.py:3954} INFO - Setting next_dagrun for example_branch_dop_operator_v3 to 2024-06-25 05:53:00+00:00, run_after=2024-06-25 05:54:00+00:00
[2024-06-25T05:54:39.610+0000] {processor.py:183} INFO - Processing /home/airflow/.local/lib/python3.12/site-packages/airflow/example_dags/example_branch_python_dop_operator_3.py took 0.039 seconds
[2024-06-25T05:55:09.683+0000] {processor.py:161} INFO - Started process (PID=1380) to work on /home/airflow/.local/lib/python3.12/site-packages/airflow/example_dags/example_branch_python_dop_operator_3.py
[2024-06-25T05:55:09.684+0000] {processor.py:830} INFO - Processing file /home/airflow/.local/lib/python3.12/site-packages/airflow/example_dags/example_branch_python_dop_operator_3.py for tasks to queue
[2024-06-25T05:55:09.685+0000] {logging_mixin.py:188} INFO - [2024-06-25T05:55:09.685+0000] {dagbag.py:545} INFO - Filling up the DagBag from /home/airflow/.local/lib/python3.12/site-packages/airflow/example_dags/example_branch_python_dop_operator_3.py
[2024-06-25T05:55:09.689+0000] {processor.py:840} INFO - DAG(s) 'example_branch_dop_operator_v3' retrieved from /home/airflow/.local/lib/python3.12/site-packages/airflow/example_dags/example_branch_python_dop_operator_3.py
[2024-06-25T05:55:09.699+0000] {logging_mixin.py:188} INFO - [2024-06-25T05:55:09.699+0000] {dag.py:3096} INFO - Sync 1 DAGs
[2024-06-25T05:55:09.709+0000] {logging_mixin.py:188} INFO - [2024-06-25T05:55:09.709+0000] {dag.py:3954} INFO - Setting next_dagrun for example_branch_dop_operator_v3 to 2024-06-25 05:54:00+00:00, run_after=2024-06-25 05:55:00+00:00
[2024-06-25T05:55:09.717+0000] {processor.py:183} INFO - Processing /home/airflow/.local/lib/python3.12/site-packages/airflow/example_dags/example_branch_python_dop_operator_3.py took 0.037 seconds
[2024-06-25T05:55:40.617+0000] {processor.py:161} INFO - Started process (PID=1438) to work on /home/airflow/.local/lib/python3.12/site-packages/airflow/example_dags/example_branch_python_dop_operator_3.py
[2024-06-25T05:55:40.618+0000] {processor.py:830} INFO - Processing file /home/airflow/.local/lib/python3.12/site-packages/airflow/example_dags/example_branch_python_dop_operator_3.py for tasks to queue
[2024-06-25T05:55:40.619+0000] {logging_mixin.py:188} INFO - [2024-06-25T05:55:40.619+0000] {dagbag.py:545} INFO - Filling up the DagBag from /home/airflow/.local/lib/python3.12/site-packages/airflow/example_dags/example_branch_python_dop_operator_3.py
[2024-06-25T05:55:40.623+0000] {processor.py:840} INFO - DAG(s) 'example_branch_dop_operator_v3' retrieved from /home/airflow/.local/lib/python3.12/site-packages/airflow/example_dags/example_branch_python_dop_operator_3.py
[2024-06-25T05:55:40.632+0000] {logging_mixin.py:188} INFO - [2024-06-25T05:55:40.632+0000] {dag.py:3096} INFO - Sync 1 DAGs
[2024-06-25T05:55:40.643+0000] {logging_mixin.py:188} INFO - [2024-06-25T05:55:40.642+0000] {dag.py:3954} INFO - Setting next_dagrun for example_branch_dop_operator_v3 to 2024-06-25 05:54:00+00:00, run_after=2024-06-25 05:55:00+00:00
[2024-06-25T05:55:40.651+0000] {processor.py:183} INFO - Processing /home/airflow/.local/lib/python3.12/site-packages/airflow/example_dags/example_branch_python_dop_operator_3.py took 0.037 seconds
[2024-06-25T05:56:10.879+0000] {processor.py:161} INFO - Started process (PID=1496) to work on /home/airflow/.local/lib/python3.12/site-packages/airflow/example_dags/example_branch_python_dop_operator_3.py
[2024-06-25T05:56:10.879+0000] {processor.py:830} INFO - Processing file /home/airflow/.local/lib/python3.12/site-packages/airflow/example_dags/example_branch_python_dop_operator_3.py for tasks to queue
[2024-06-25T05:56:10.880+0000] {logging_mixin.py:188} INFO - [2024-06-25T05:56:10.880+0000] {dagbag.py:545} INFO - Filling up the DagBag from /home/airflow/.local/lib/python3.12/site-packages/airflow/example_dags/example_branch_python_dop_operator_3.py
[2024-06-25T05:56:10.884+0000] {processor.py:840} INFO - DAG(s) 'example_branch_dop_operator_v3' retrieved from /home/airflow/.local/lib/python3.12/site-packages/airflow/example_dags/example_branch_python_dop_operator_3.py
[2024-06-25T05:56:10.893+0000] {logging_mixin.py:188} INFO - [2024-06-25T05:56:10.893+0000] {dag.py:3096} INFO - Sync 1 DAGs
[2024-06-25T05:56:10.903+0000] {logging_mixin.py:188} INFO - [2024-06-25T05:56:10.903+0000] {dag.py:3954} INFO - Setting next_dagrun for example_branch_dop_operator_v3 to 2024-06-25 05:55:00+00:00, run_after=2024-06-25 05:56:00+00:00
[2024-06-25T05:56:10.911+0000] {processor.py:183} INFO - Processing /home/airflow/.local/lib/python3.12/site-packages/airflow/example_dags/example_branch_python_dop_operator_3.py took 0.035 seconds
[2024-06-25T05:56:41.603+0000] {processor.py:161} INFO - Started process (PID=1554) to work on /home/airflow/.local/lib/python3.12/site-packages/airflow/example_dags/example_branch_python_dop_operator_3.py
[2024-06-25T05:56:41.604+0000] {processor.py:830} INFO - Processing file /home/airflow/.local/lib/python3.12/site-packages/airflow/example_dags/example_branch_python_dop_operator_3.py for tasks to queue
[2024-06-25T05:56:41.605+0000] {logging_mixin.py:188} INFO - [2024-06-25T05:56:41.604+0000] {dagbag.py:545} INFO - Filling up the DagBag from /home/airflow/.local/lib/python3.12/site-packages/airflow/example_dags/example_branch_python_dop_operator_3.py
[2024-06-25T05:56:41.609+0000] {processor.py:840} INFO - DAG(s) 'example_branch_dop_operator_v3' retrieved from /home/airflow/.local/lib/python3.12/site-packages/airflow/example_dags/example_branch_python_dop_operator_3.py
[2024-06-25T05:56:41.618+0000] {logging_mixin.py:188} INFO - [2024-06-25T05:56:41.618+0000] {dag.py:3096} INFO - Sync 1 DAGs
[2024-06-25T05:56:41.628+0000] {logging_mixin.py:188} INFO - [2024-06-25T05:56:41.628+0000] {dag.py:3954} INFO - Setting next_dagrun for example_branch_dop_operator_v3 to 2024-06-25 05:55:00+00:00, run_after=2024-06-25 05:56:00+00:00
[2024-06-25T05:56:41.637+0000] {processor.py:183} INFO - Processing /home/airflow/.local/lib/python3.12/site-packages/airflow/example_dags/example_branch_python_dop_operator_3.py took 0.037 seconds
[2024-06-25T05:57:12.329+0000] {processor.py:161} INFO - Started process (PID=1612) to work on /home/airflow/.local/lib/python3.12/site-packages/airflow/example_dags/example_branch_python_dop_operator_3.py
[2024-06-25T05:57:12.330+0000] {processor.py:830} INFO - Processing file /home/airflow/.local/lib/python3.12/site-packages/airflow/example_dags/example_branch_python_dop_operator_3.py for tasks to queue
[2024-06-25T05:57:12.331+0000] {logging_mixin.py:188} INFO - [2024-06-25T05:57:12.331+0000] {dagbag.py:545} INFO - Filling up the DagBag from /home/airflow/.local/lib/python3.12/site-packages/airflow/example_dags/example_branch_python_dop_operator_3.py
[2024-06-25T05:57:12.335+0000] {processor.py:840} INFO - DAG(s) 'example_branch_dop_operator_v3' retrieved from /home/airflow/.local/lib/python3.12/site-packages/airflow/example_dags/example_branch_python_dop_operator_3.py
[2024-06-25T05:57:12.345+0000] {logging_mixin.py:188} INFO - [2024-06-25T05:57:12.344+0000] {dag.py:3096} INFO - Sync 1 DAGs
[2024-06-25T05:57:12.355+0000] {logging_mixin.py:188} INFO - [2024-06-25T05:57:12.355+0000] {dag.py:3954} INFO - Setting next_dagrun for example_branch_dop_operator_v3 to 2024-06-25 05:56:00+00:00, run_after=2024-06-25 05:57:00+00:00
[2024-06-25T05:57:12.362+0000] {processor.py:183} INFO - Processing /home/airflow/.local/lib/python3.12/site-packages/airflow/example_dags/example_branch_python_dop_operator_3.py took 0.035 seconds
[2024-06-25T05:57:43.036+0000] {processor.py:161} INFO - Started process (PID=1670) to work on /home/airflow/.local/lib/python3.12/site-packages/airflow/example_dags/example_branch_python_dop_operator_3.py
[2024-06-25T05:57:43.039+0000] {processor.py:830} INFO - Processing file /home/airflow/.local/lib/python3.12/site-packages/airflow/example_dags/example_branch_python_dop_operator_3.py for tasks to queue
[2024-06-25T05:57:43.040+0000] {logging_mixin.py:188} INFO - [2024-06-25T05:57:43.040+0000] {dagbag.py:545} INFO - Filling up the DagBag from /home/airflow/.local/lib/python3.12/site-packages/airflow/example_dags/example_branch_python_dop_operator_3.py
[2024-06-25T05:57:43.045+0000] {processor.py:840} INFO - DAG(s) 'example_branch_dop_operator_v3' retrieved from /home/airflow/.local/lib/python3.12/site-packages/airflow/example_dags/example_branch_python_dop_operator_3.py
[2024-06-25T05:57:43.054+0000] {logging_mixin.py:188} INFO - [2024-06-25T05:57:43.054+0000] {dag.py:3096} INFO - Sync 1 DAGs
[2024-06-25T05:57:43.064+0000] {logging_mixin.py:188} INFO - [2024-06-25T05:57:43.064+0000] {dag.py:3954} INFO - Setting next_dagrun for example_branch_dop_operator_v3 to 2024-06-25 05:56:00+00:00, run_after=2024-06-25 05:57:00+00:00
[2024-06-25T05:57:43.073+0000] {processor.py:183} INFO - Processing /home/airflow/.local/lib/python3.12/site-packages/airflow/example_dags/example_branch_python_dop_operator_3.py took 0.039 seconds
