[2024-06-25T05:41:17.310+0000] {processor.py:161} INFO - Started process (PID=40) to work on /home/airflow/.local/lib/python3.12/site-packages/airflow/example_dags/example_sla_dag.py
[2024-06-25T05:41:17.311+0000] {processor.py:830} INFO - Processing file /home/airflow/.local/lib/python3.12/site-packages/airflow/example_dags/example_sla_dag.py for tasks to queue
[2024-06-25T05:41:17.312+0000] {logging_mixin.py:188} INFO - [2024-06-25T05:41:17.312+0000] {dagbag.py:545} INFO - Filling up the DagBag from /home/airflow/.local/lib/python3.12/site-packages/airflow/example_dags/example_sla_dag.py
[2024-06-25T05:41:17.319+0000] {processor.py:840} INFO - DAG(s) 'example_sla_dag' retrieved from /home/airflow/.local/lib/python3.12/site-packages/airflow/example_dags/example_sla_dag.py
[2024-06-25T05:41:17.329+0000] {logging_mixin.py:188} INFO - [2024-06-25T05:41:17.328+0000] {dag.py:3096} INFO - Sync 1 DAGs
[2024-06-25T05:41:17.343+0000] {logging_mixin.py:188} INFO - [2024-06-25T05:41:17.343+0000] {dag.py:3954} INFO - Setting next_dagrun for example_sla_dag to 2024-06-25 05:38:00+00:00, run_after=2024-06-25 05:40:00+00:00
[2024-06-25T05:41:17.353+0000] {processor.py:183} INFO - Processing /home/airflow/.local/lib/python3.12/site-packages/airflow/example_dags/example_sla_dag.py took 0.047 seconds
[2024-06-25T05:41:48.175+0000] {processor.py:161} INFO - Started process (PID=98) to work on /home/airflow/.local/lib/python3.12/site-packages/airflow/example_dags/example_sla_dag.py
[2024-06-25T05:41:48.176+0000] {processor.py:830} INFO - Processing file /home/airflow/.local/lib/python3.12/site-packages/airflow/example_dags/example_sla_dag.py for tasks to queue
[2024-06-25T05:41:48.178+0000] {logging_mixin.py:188} INFO - [2024-06-25T05:41:48.177+0000] {dagbag.py:545} INFO - Filling up the DagBag from /home/airflow/.local/lib/python3.12/site-packages/airflow/example_dags/example_sla_dag.py
[2024-06-25T05:41:48.182+0000] {processor.py:840} INFO - DAG(s) 'example_sla_dag' retrieved from /home/airflow/.local/lib/python3.12/site-packages/airflow/example_dags/example_sla_dag.py
[2024-06-25T05:41:48.229+0000] {logging_mixin.py:188} INFO - [2024-06-25T05:41:48.229+0000] {dag.py:3096} INFO - Sync 1 DAGs
[2024-06-25T05:41:48.239+0000] {logging_mixin.py:188} INFO - [2024-06-25T05:41:48.239+0000] {dag.py:3954} INFO - Setting next_dagrun for example_sla_dag to 2024-06-25 05:38:00+00:00, run_after=2024-06-25 05:40:00+00:00
[2024-06-25T05:41:48.247+0000] {processor.py:183} INFO - Processing /home/airflow/.local/lib/python3.12/site-packages/airflow/example_dags/example_sla_dag.py took 0.075 seconds
[2024-06-25T05:42:18.489+0000] {processor.py:161} INFO - Started process (PID=156) to work on /home/airflow/.local/lib/python3.12/site-packages/airflow/example_dags/example_sla_dag.py
[2024-06-25T05:42:18.491+0000] {processor.py:830} INFO - Processing file /home/airflow/.local/lib/python3.12/site-packages/airflow/example_dags/example_sla_dag.py for tasks to queue
[2024-06-25T05:42:18.492+0000] {logging_mixin.py:188} INFO - [2024-06-25T05:42:18.492+0000] {dagbag.py:545} INFO - Filling up the DagBag from /home/airflow/.local/lib/python3.12/site-packages/airflow/example_dags/example_sla_dag.py
[2024-06-25T05:42:18.497+0000] {processor.py:840} INFO - DAG(s) 'example_sla_dag' retrieved from /home/airflow/.local/lib/python3.12/site-packages/airflow/example_dags/example_sla_dag.py
[2024-06-25T05:42:18.507+0000] {logging_mixin.py:188} INFO - [2024-06-25T05:42:18.506+0000] {dag.py:3096} INFO - Sync 1 DAGs
[2024-06-25T05:42:18.518+0000] {logging_mixin.py:188} INFO - [2024-06-25T05:42:18.518+0000] {dag.py:3954} INFO - Setting next_dagrun for example_sla_dag to 2024-06-25 05:40:00+00:00, run_after=2024-06-25 05:42:00+00:00
[2024-06-25T05:42:18.527+0000] {processor.py:183} INFO - Processing /home/airflow/.local/lib/python3.12/site-packages/airflow/example_dags/example_sla_dag.py took 0.040 seconds
[2024-06-25T05:42:48.957+0000] {processor.py:161} INFO - Started process (PID=214) to work on /home/airflow/.local/lib/python3.12/site-packages/airflow/example_dags/example_sla_dag.py
[2024-06-25T05:42:48.957+0000] {processor.py:830} INFO - Processing file /home/airflow/.local/lib/python3.12/site-packages/airflow/example_dags/example_sla_dag.py for tasks to queue
[2024-06-25T05:42:48.958+0000] {logging_mixin.py:188} INFO - [2024-06-25T05:42:48.958+0000] {dagbag.py:545} INFO - Filling up the DagBag from /home/airflow/.local/lib/python3.12/site-packages/airflow/example_dags/example_sla_dag.py
[2024-06-25T05:42:48.963+0000] {processor.py:840} INFO - DAG(s) 'example_sla_dag' retrieved from /home/airflow/.local/lib/python3.12/site-packages/airflow/example_dags/example_sla_dag.py
[2024-06-25T05:42:48.972+0000] {logging_mixin.py:188} INFO - [2024-06-25T05:42:48.972+0000] {dag.py:3096} INFO - Sync 1 DAGs
[2024-06-25T05:42:48.984+0000] {logging_mixin.py:188} INFO - [2024-06-25T05:42:48.984+0000] {dag.py:3954} INFO - Setting next_dagrun for example_sla_dag to 2024-06-25 05:40:00+00:00, run_after=2024-06-25 05:42:00+00:00
[2024-06-25T05:42:48.993+0000] {processor.py:183} INFO - Processing /home/airflow/.local/lib/python3.12/site-packages/airflow/example_dags/example_sla_dag.py took 0.039 seconds
[2024-06-25T05:43:19.143+0000] {processor.py:161} INFO - Started process (PID=39) to work on /home/airflow/.local/lib/python3.12/site-packages/airflow/example_dags/example_sla_dag.py
[2024-06-25T05:43:19.144+0000] {processor.py:830} INFO - Processing file /home/airflow/.local/lib/python3.12/site-packages/airflow/example_dags/example_sla_dag.py for tasks to queue
[2024-06-25T05:43:19.146+0000] {logging_mixin.py:188} INFO - [2024-06-25T05:43:19.146+0000] {dagbag.py:545} INFO - Filling up the DagBag from /home/airflow/.local/lib/python3.12/site-packages/airflow/example_dags/example_sla_dag.py
[2024-06-25T05:43:19.154+0000] {processor.py:840} INFO - DAG(s) 'example_sla_dag' retrieved from /home/airflow/.local/lib/python3.12/site-packages/airflow/example_dags/example_sla_dag.py
[2024-06-25T05:43:19.183+0000] {logging_mixin.py:188} INFO - [2024-06-25T05:43:19.182+0000] {dag.py:3096} INFO - Sync 1 DAGs
[2024-06-25T05:43:19.219+0000] {logging_mixin.py:188} INFO - [2024-06-25T05:43:19.219+0000] {dag.py:3954} INFO - Setting next_dagrun for example_sla_dag to 2024-06-25 05:40:00+00:00, run_after=2024-06-25 05:42:00+00:00
[2024-06-25T05:43:19.232+0000] {processor.py:183} INFO - Processing /home/airflow/.local/lib/python3.12/site-packages/airflow/example_dags/example_sla_dag.py took 0.092 seconds
[2024-06-25T05:43:49.423+0000] {processor.py:161} INFO - Started process (PID=97) to work on /home/airflow/.local/lib/python3.12/site-packages/airflow/example_dags/example_sla_dag.py
[2024-06-25T05:43:49.424+0000] {processor.py:830} INFO - Processing file /home/airflow/.local/lib/python3.12/site-packages/airflow/example_dags/example_sla_dag.py for tasks to queue
[2024-06-25T05:43:49.425+0000] {logging_mixin.py:188} INFO - [2024-06-25T05:43:49.425+0000] {dagbag.py:545} INFO - Filling up the DagBag from /home/airflow/.local/lib/python3.12/site-packages/airflow/example_dags/example_sla_dag.py
[2024-06-25T05:43:49.429+0000] {processor.py:840} INFO - DAG(s) 'example_sla_dag' retrieved from /home/airflow/.local/lib/python3.12/site-packages/airflow/example_dags/example_sla_dag.py
[2024-06-25T05:43:49.434+0000] {logging_mixin.py:188} INFO - [2024-06-25T05:43:49.434+0000] {dag.py:3096} INFO - Sync 1 DAGs
[2024-06-25T05:43:49.446+0000] {logging_mixin.py:188} INFO - [2024-06-25T05:43:49.446+0000] {dag.py:3954} INFO - Setting next_dagrun for example_sla_dag to 2024-06-25 05:40:00+00:00, run_after=2024-06-25 05:42:00+00:00
[2024-06-25T05:43:49.454+0000] {processor.py:183} INFO - Processing /home/airflow/.local/lib/python3.12/site-packages/airflow/example_dags/example_sla_dag.py took 0.033 seconds
[2024-06-25T05:44:20.217+0000] {processor.py:161} INFO - Started process (PID=155) to work on /home/airflow/.local/lib/python3.12/site-packages/airflow/example_dags/example_sla_dag.py
[2024-06-25T05:44:20.218+0000] {processor.py:830} INFO - Processing file /home/airflow/.local/lib/python3.12/site-packages/airflow/example_dags/example_sla_dag.py for tasks to queue
[2024-06-25T05:44:20.219+0000] {logging_mixin.py:188} INFO - [2024-06-25T05:44:20.219+0000] {dagbag.py:545} INFO - Filling up the DagBag from /home/airflow/.local/lib/python3.12/site-packages/airflow/example_dags/example_sla_dag.py
[2024-06-25T05:44:20.223+0000] {processor.py:840} INFO - DAG(s) 'example_sla_dag' retrieved from /home/airflow/.local/lib/python3.12/site-packages/airflow/example_dags/example_sla_dag.py
[2024-06-25T05:44:20.267+0000] {logging_mixin.py:188} INFO - [2024-06-25T05:44:20.267+0000] {dag.py:3096} INFO - Sync 1 DAGs
[2024-06-25T05:44:20.275+0000] {logging_mixin.py:188} INFO - [2024-06-25T05:44:20.275+0000] {dag.py:3954} INFO - Setting next_dagrun for example_sla_dag to 2024-06-25 05:42:00+00:00, run_after=2024-06-25 05:44:00+00:00
[2024-06-25T05:44:20.283+0000] {processor.py:183} INFO - Processing /home/airflow/.local/lib/python3.12/site-packages/airflow/example_dags/example_sla_dag.py took 0.069 seconds
[2024-06-25T05:44:50.462+0000] {processor.py:161} INFO - Started process (PID=213) to work on /home/airflow/.local/lib/python3.12/site-packages/airflow/example_dags/example_sla_dag.py
[2024-06-25T05:44:50.463+0000] {processor.py:830} INFO - Processing file /home/airflow/.local/lib/python3.12/site-packages/airflow/example_dags/example_sla_dag.py for tasks to queue
[2024-06-25T05:44:50.464+0000] {logging_mixin.py:188} INFO - [2024-06-25T05:44:50.464+0000] {dagbag.py:545} INFO - Filling up the DagBag from /home/airflow/.local/lib/python3.12/site-packages/airflow/example_dags/example_sla_dag.py
[2024-06-25T05:44:50.468+0000] {processor.py:840} INFO - DAG(s) 'example_sla_dag' retrieved from /home/airflow/.local/lib/python3.12/site-packages/airflow/example_dags/example_sla_dag.py
[2024-06-25T05:44:50.478+0000] {logging_mixin.py:188} INFO - [2024-06-25T05:44:50.478+0000] {dag.py:3096} INFO - Sync 1 DAGs
[2024-06-25T05:44:50.489+0000] {logging_mixin.py:188} INFO - [2024-06-25T05:44:50.489+0000] {dag.py:3954} INFO - Setting next_dagrun for example_sla_dag to 2024-06-25 05:42:00+00:00, run_after=2024-06-25 05:44:00+00:00
[2024-06-25T05:44:50.497+0000] {processor.py:183} INFO - Processing /home/airflow/.local/lib/python3.12/site-packages/airflow/example_dags/example_sla_dag.py took 0.037 seconds
[2024-06-25T05:45:21.140+0000] {processor.py:161} INFO - Started process (PID=270) to work on /home/airflow/.local/lib/python3.12/site-packages/airflow/example_dags/example_sla_dag.py
[2024-06-25T05:45:21.140+0000] {processor.py:830} INFO - Processing file /home/airflow/.local/lib/python3.12/site-packages/airflow/example_dags/example_sla_dag.py for tasks to queue
[2024-06-25T05:45:21.141+0000] {logging_mixin.py:188} INFO - [2024-06-25T05:45:21.141+0000] {dagbag.py:545} INFO - Filling up the DagBag from /home/airflow/.local/lib/python3.12/site-packages/airflow/example_dags/example_sla_dag.py
[2024-06-25T05:45:21.145+0000] {processor.py:840} INFO - DAG(s) 'example_sla_dag' retrieved from /home/airflow/.local/lib/python3.12/site-packages/airflow/example_dags/example_sla_dag.py
[2024-06-25T05:45:21.154+0000] {logging_mixin.py:188} INFO - [2024-06-25T05:45:21.154+0000] {dag.py:3096} INFO - Sync 1 DAGs
[2024-06-25T05:45:21.165+0000] {logging_mixin.py:188} INFO - [2024-06-25T05:45:21.165+0000] {dag.py:3954} INFO - Setting next_dagrun for example_sla_dag to 2024-06-25 05:42:00+00:00, run_after=2024-06-25 05:44:00+00:00
[2024-06-25T05:45:21.174+0000] {processor.py:183} INFO - Processing /home/airflow/.local/lib/python3.12/site-packages/airflow/example_dags/example_sla_dag.py took 0.038 seconds
[2024-06-25T05:45:51.813+0000] {processor.py:161} INFO - Started process (PID=328) to work on /home/airflow/.local/lib/python3.12/site-packages/airflow/example_dags/example_sla_dag.py
[2024-06-25T05:45:51.814+0000] {processor.py:830} INFO - Processing file /home/airflow/.local/lib/python3.12/site-packages/airflow/example_dags/example_sla_dag.py for tasks to queue
[2024-06-25T05:45:51.815+0000] {logging_mixin.py:188} INFO - [2024-06-25T05:45:51.815+0000] {dagbag.py:545} INFO - Filling up the DagBag from /home/airflow/.local/lib/python3.12/site-packages/airflow/example_dags/example_sla_dag.py
[2024-06-25T05:45:51.820+0000] {processor.py:840} INFO - DAG(s) 'example_sla_dag' retrieved from /home/airflow/.local/lib/python3.12/site-packages/airflow/example_dags/example_sla_dag.py
[2024-06-25T05:45:51.828+0000] {logging_mixin.py:188} INFO - [2024-06-25T05:45:51.828+0000] {dag.py:3096} INFO - Sync 1 DAGs
[2024-06-25T05:45:51.840+0000] {logging_mixin.py:188} INFO - [2024-06-25T05:45:51.840+0000] {dag.py:3954} INFO - Setting next_dagrun for example_sla_dag to 2024-06-25 05:42:00+00:00, run_after=2024-06-25 05:44:00+00:00
[2024-06-25T05:45:51.848+0000] {processor.py:183} INFO - Processing /home/airflow/.local/lib/python3.12/site-packages/airflow/example_dags/example_sla_dag.py took 0.038 seconds
[2024-06-25T05:46:22.478+0000] {processor.py:161} INFO - Started process (PID=386) to work on /home/airflow/.local/lib/python3.12/site-packages/airflow/example_dags/example_sla_dag.py
[2024-06-25T05:46:22.479+0000] {processor.py:830} INFO - Processing file /home/airflow/.local/lib/python3.12/site-packages/airflow/example_dags/example_sla_dag.py for tasks to queue
[2024-06-25T05:46:22.480+0000] {logging_mixin.py:188} INFO - [2024-06-25T05:46:22.480+0000] {dagbag.py:545} INFO - Filling up the DagBag from /home/airflow/.local/lib/python3.12/site-packages/airflow/example_dags/example_sla_dag.py
[2024-06-25T05:46:22.484+0000] {processor.py:840} INFO - DAG(s) 'example_sla_dag' retrieved from /home/airflow/.local/lib/python3.12/site-packages/airflow/example_dags/example_sla_dag.py
[2024-06-25T05:46:22.493+0000] {logging_mixin.py:188} INFO - [2024-06-25T05:46:22.493+0000] {dag.py:3096} INFO - Sync 1 DAGs
[2024-06-25T05:46:22.503+0000] {logging_mixin.py:188} INFO - [2024-06-25T05:46:22.503+0000] {dag.py:3954} INFO - Setting next_dagrun for example_sla_dag to 2024-06-25 05:44:00+00:00, run_after=2024-06-25 05:46:00+00:00
[2024-06-25T05:46:22.512+0000] {processor.py:183} INFO - Processing /home/airflow/.local/lib/python3.12/site-packages/airflow/example_dags/example_sla_dag.py took 0.036 seconds
[2024-06-25T05:46:52.866+0000] {processor.py:161} INFO - Started process (PID=444) to work on /home/airflow/.local/lib/python3.12/site-packages/airflow/example_dags/example_sla_dag.py
[2024-06-25T05:46:52.867+0000] {processor.py:830} INFO - Processing file /home/airflow/.local/lib/python3.12/site-packages/airflow/example_dags/example_sla_dag.py for tasks to queue
[2024-06-25T05:46:52.868+0000] {logging_mixin.py:188} INFO - [2024-06-25T05:46:52.868+0000] {dagbag.py:545} INFO - Filling up the DagBag from /home/airflow/.local/lib/python3.12/site-packages/airflow/example_dags/example_sla_dag.py
[2024-06-25T05:46:52.873+0000] {processor.py:840} INFO - DAG(s) 'example_sla_dag' retrieved from /home/airflow/.local/lib/python3.12/site-packages/airflow/example_dags/example_sla_dag.py
[2024-06-25T05:46:52.884+0000] {logging_mixin.py:188} INFO - [2024-06-25T05:46:52.883+0000] {dag.py:3096} INFO - Sync 1 DAGs
[2024-06-25T05:46:52.896+0000] {logging_mixin.py:188} INFO - [2024-06-25T05:46:52.896+0000] {dag.py:3954} INFO - Setting next_dagrun for example_sla_dag to 2024-06-25 05:44:00+00:00, run_after=2024-06-25 05:46:00+00:00
[2024-06-25T05:46:52.904+0000] {processor.py:183} INFO - Processing /home/airflow/.local/lib/python3.12/site-packages/airflow/example_dags/example_sla_dag.py took 0.041 seconds
[2024-06-25T05:47:32.979+0000] {processor.py:161} INFO - Started process (PID=501) to work on /home/airflow/.local/lib/python3.12/site-packages/airflow/example_dags/example_sla_dag.py
[2024-06-25T05:47:32.981+0000] {processor.py:830} INFO - Processing file /home/airflow/.local/lib/python3.12/site-packages/airflow/example_dags/example_sla_dag.py for tasks to queue
[2024-06-25T05:47:32.982+0000] {logging_mixin.py:188} INFO - [2024-06-25T05:47:32.982+0000] {dagbag.py:545} INFO - Filling up the DagBag from /home/airflow/.local/lib/python3.12/site-packages/airflow/example_dags/example_sla_dag.py
[2024-06-25T05:47:32.987+0000] {processor.py:840} INFO - DAG(s) 'example_sla_dag' retrieved from /home/airflow/.local/lib/python3.12/site-packages/airflow/example_dags/example_sla_dag.py
[2024-06-25T05:47:33.020+0000] {logging_mixin.py:188} INFO - [2024-06-25T05:47:33.020+0000] {dag.py:3096} INFO - Sync 1 DAGs
[2024-06-25T05:47:33.037+0000] {logging_mixin.py:188} INFO - [2024-06-25T05:47:33.037+0000] {dag.py:3954} INFO - Setting next_dagrun for example_sla_dag to 2024-06-25 05:44:00+00:00, run_after=2024-06-25 05:46:00+00:00
[2024-06-25T05:47:33.050+0000] {processor.py:183} INFO - Processing /home/airflow/.local/lib/python3.12/site-packages/airflow/example_dags/example_sla_dag.py took 0.074 seconds
[2024-06-25T05:48:03.589+0000] {processor.py:161} INFO - Started process (PID=560) to work on /home/airflow/.local/lib/python3.12/site-packages/airflow/example_dags/example_sla_dag.py
[2024-06-25T05:48:03.591+0000] {processor.py:830} INFO - Processing file /home/airflow/.local/lib/python3.12/site-packages/airflow/example_dags/example_sla_dag.py for tasks to queue
[2024-06-25T05:48:03.591+0000] {logging_mixin.py:188} INFO - [2024-06-25T05:48:03.591+0000] {dagbag.py:545} INFO - Filling up the DagBag from /home/airflow/.local/lib/python3.12/site-packages/airflow/example_dags/example_sla_dag.py
[2024-06-25T05:48:03.596+0000] {processor.py:840} INFO - DAG(s) 'example_sla_dag' retrieved from /home/airflow/.local/lib/python3.12/site-packages/airflow/example_dags/example_sla_dag.py
[2024-06-25T05:48:03.608+0000] {logging_mixin.py:188} INFO - [2024-06-25T05:48:03.608+0000] {dag.py:3096} INFO - Sync 1 DAGs
[2024-06-25T05:48:03.620+0000] {logging_mixin.py:188} INFO - [2024-06-25T05:48:03.620+0000] {dag.py:3954} INFO - Setting next_dagrun for example_sla_dag to 2024-06-25 05:46:00+00:00, run_after=2024-06-25 05:48:00+00:00
[2024-06-25T05:48:03.630+0000] {processor.py:183} INFO - Processing /home/airflow/.local/lib/python3.12/site-packages/airflow/example_dags/example_sla_dag.py took 0.045 seconds
[2024-06-25T05:48:34.029+0000] {processor.py:161} INFO - Started process (PID=618) to work on /home/airflow/.local/lib/python3.12/site-packages/airflow/example_dags/example_sla_dag.py
[2024-06-25T05:48:34.031+0000] {processor.py:830} INFO - Processing file /home/airflow/.local/lib/python3.12/site-packages/airflow/example_dags/example_sla_dag.py for tasks to queue
[2024-06-25T05:48:34.034+0000] {logging_mixin.py:188} INFO - [2024-06-25T05:48:34.034+0000] {dagbag.py:545} INFO - Filling up the DagBag from /home/airflow/.local/lib/python3.12/site-packages/airflow/example_dags/example_sla_dag.py
[2024-06-25T05:48:34.044+0000] {processor.py:840} INFO - DAG(s) 'example_sla_dag' retrieved from /home/airflow/.local/lib/python3.12/site-packages/airflow/example_dags/example_sla_dag.py
[2024-06-25T05:48:34.068+0000] {logging_mixin.py:188} INFO - [2024-06-25T05:48:34.068+0000] {dag.py:3096} INFO - Sync 1 DAGs
[2024-06-25T05:48:34.103+0000] {logging_mixin.py:188} INFO - [2024-06-25T05:48:34.103+0000] {dag.py:3954} INFO - Setting next_dagrun for example_sla_dag to 2024-06-25 05:46:00+00:00, run_after=2024-06-25 05:48:00+00:00
[2024-06-25T05:48:34.127+0000] {processor.py:183} INFO - Processing /home/airflow/.local/lib/python3.12/site-packages/airflow/example_dags/example_sla_dag.py took 0.103 seconds
[2024-06-25T05:49:05.019+0000] {processor.py:161} INFO - Started process (PID=676) to work on /home/airflow/.local/lib/python3.12/site-packages/airflow/example_dags/example_sla_dag.py
[2024-06-25T05:49:05.020+0000] {processor.py:830} INFO - Processing file /home/airflow/.local/lib/python3.12/site-packages/airflow/example_dags/example_sla_dag.py for tasks to queue
[2024-06-25T05:49:05.022+0000] {logging_mixin.py:188} INFO - [2024-06-25T05:49:05.022+0000] {dagbag.py:545} INFO - Filling up the DagBag from /home/airflow/.local/lib/python3.12/site-packages/airflow/example_dags/example_sla_dag.py
[2024-06-25T05:49:05.027+0000] {processor.py:840} INFO - DAG(s) 'example_sla_dag' retrieved from /home/airflow/.local/lib/python3.12/site-packages/airflow/example_dags/example_sla_dag.py
[2024-06-25T05:49:05.047+0000] {logging_mixin.py:188} INFO - [2024-06-25T05:49:05.047+0000] {dag.py:3096} INFO - Sync 1 DAGs
[2024-06-25T05:49:05.068+0000] {logging_mixin.py:188} INFO - [2024-06-25T05:49:05.068+0000] {dag.py:3954} INFO - Setting next_dagrun for example_sla_dag to 2024-06-25 05:46:00+00:00, run_after=2024-06-25 05:48:00+00:00
[2024-06-25T05:49:05.090+0000] {processor.py:183} INFO - Processing /home/airflow/.local/lib/python3.12/site-packages/airflow/example_dags/example_sla_dag.py took 0.078 seconds
[2024-06-25T05:49:35.359+0000] {processor.py:161} INFO - Started process (PID=734) to work on /home/airflow/.local/lib/python3.12/site-packages/airflow/example_dags/example_sla_dag.py
[2024-06-25T05:49:35.360+0000] {processor.py:830} INFO - Processing file /home/airflow/.local/lib/python3.12/site-packages/airflow/example_dags/example_sla_dag.py for tasks to queue
[2024-06-25T05:49:35.361+0000] {logging_mixin.py:188} INFO - [2024-06-25T05:49:35.361+0000] {dagbag.py:545} INFO - Filling up the DagBag from /home/airflow/.local/lib/python3.12/site-packages/airflow/example_dags/example_sla_dag.py
[2024-06-25T05:49:35.365+0000] {processor.py:840} INFO - DAG(s) 'example_sla_dag' retrieved from /home/airflow/.local/lib/python3.12/site-packages/airflow/example_dags/example_sla_dag.py
[2024-06-25T05:49:35.375+0000] {logging_mixin.py:188} INFO - [2024-06-25T05:49:35.374+0000] {dag.py:3096} INFO - Sync 1 DAGs
[2024-06-25T05:49:35.385+0000] {logging_mixin.py:188} INFO - [2024-06-25T05:49:35.385+0000] {dag.py:3954} INFO - Setting next_dagrun for example_sla_dag to 2024-06-25 05:46:00+00:00, run_after=2024-06-25 05:48:00+00:00
[2024-06-25T05:49:35.394+0000] {processor.py:183} INFO - Processing /home/airflow/.local/lib/python3.12/site-packages/airflow/example_dags/example_sla_dag.py took 0.037 seconds
[2024-06-25T05:50:05.597+0000] {processor.py:161} INFO - Started process (PID=792) to work on /home/airflow/.local/lib/python3.12/site-packages/airflow/example_dags/example_sla_dag.py
[2024-06-25T05:50:05.598+0000] {processor.py:830} INFO - Processing file /home/airflow/.local/lib/python3.12/site-packages/airflow/example_dags/example_sla_dag.py for tasks to queue
[2024-06-25T05:50:05.599+0000] {logging_mixin.py:188} INFO - [2024-06-25T05:50:05.598+0000] {dagbag.py:545} INFO - Filling up the DagBag from /home/airflow/.local/lib/python3.12/site-packages/airflow/example_dags/example_sla_dag.py
[2024-06-25T05:50:05.603+0000] {processor.py:840} INFO - DAG(s) 'example_sla_dag' retrieved from /home/airflow/.local/lib/python3.12/site-packages/airflow/example_dags/example_sla_dag.py
[2024-06-25T05:50:05.611+0000] {logging_mixin.py:188} INFO - [2024-06-25T05:50:05.611+0000] {dag.py:3096} INFO - Sync 1 DAGs
[2024-06-25T05:50:05.621+0000] {logging_mixin.py:188} INFO - [2024-06-25T05:50:05.621+0000] {dag.py:3954} INFO - Setting next_dagrun for example_sla_dag to 2024-06-25 05:48:00+00:00, run_after=2024-06-25 05:50:00+00:00
[2024-06-25T05:50:05.628+0000] {processor.py:183} INFO - Processing /home/airflow/.local/lib/python3.12/site-packages/airflow/example_dags/example_sla_dag.py took 0.033 seconds
[2024-06-25T05:50:35.691+0000] {processor.py:161} INFO - Started process (PID=850) to work on /home/airflow/.local/lib/python3.12/site-packages/airflow/example_dags/example_sla_dag.py
[2024-06-25T05:50:35.692+0000] {processor.py:830} INFO - Processing file /home/airflow/.local/lib/python3.12/site-packages/airflow/example_dags/example_sla_dag.py for tasks to queue
[2024-06-25T05:50:35.692+0000] {logging_mixin.py:188} INFO - [2024-06-25T05:50:35.692+0000] {dagbag.py:545} INFO - Filling up the DagBag from /home/airflow/.local/lib/python3.12/site-packages/airflow/example_dags/example_sla_dag.py
[2024-06-25T05:50:35.696+0000] {processor.py:840} INFO - DAG(s) 'example_sla_dag' retrieved from /home/airflow/.local/lib/python3.12/site-packages/airflow/example_dags/example_sla_dag.py
[2024-06-25T05:50:35.706+0000] {logging_mixin.py:188} INFO - [2024-06-25T05:50:35.706+0000] {dag.py:3096} INFO - Sync 1 DAGs
[2024-06-25T05:50:35.715+0000] {logging_mixin.py:188} INFO - [2024-06-25T05:50:35.715+0000] {dag.py:3954} INFO - Setting next_dagrun for example_sla_dag to 2024-06-25 05:48:00+00:00, run_after=2024-06-25 05:50:00+00:00
[2024-06-25T05:50:35.723+0000] {processor.py:183} INFO - Processing /home/airflow/.local/lib/python3.12/site-packages/airflow/example_dags/example_sla_dag.py took 0.035 seconds
[2024-06-25T05:51:05.840+0000] {processor.py:161} INFO - Started process (PID=908) to work on /home/airflow/.local/lib/python3.12/site-packages/airflow/example_dags/example_sla_dag.py
[2024-06-25T05:51:05.841+0000] {processor.py:830} INFO - Processing file /home/airflow/.local/lib/python3.12/site-packages/airflow/example_dags/example_sla_dag.py for tasks to queue
[2024-06-25T05:51:05.842+0000] {logging_mixin.py:188} INFO - [2024-06-25T05:51:05.842+0000] {dagbag.py:545} INFO - Filling up the DagBag from /home/airflow/.local/lib/python3.12/site-packages/airflow/example_dags/example_sla_dag.py
[2024-06-25T05:51:05.847+0000] {processor.py:840} INFO - DAG(s) 'example_sla_dag' retrieved from /home/airflow/.local/lib/python3.12/site-packages/airflow/example_dags/example_sla_dag.py
[2024-06-25T05:51:05.856+0000] {logging_mixin.py:188} INFO - [2024-06-25T05:51:05.856+0000] {dag.py:3096} INFO - Sync 1 DAGs
[2024-06-25T05:51:05.868+0000] {logging_mixin.py:188} INFO - [2024-06-25T05:51:05.868+0000] {dag.py:3954} INFO - Setting next_dagrun for example_sla_dag to 2024-06-25 05:48:00+00:00, run_after=2024-06-25 05:50:00+00:00
[2024-06-25T05:51:05.883+0000] {processor.py:183} INFO - Processing /home/airflow/.local/lib/python3.12/site-packages/airflow/example_dags/example_sla_dag.py took 0.046 seconds
[2024-06-25T05:51:36.622+0000] {processor.py:161} INFO - Started process (PID=966) to work on /home/airflow/.local/lib/python3.12/site-packages/airflow/example_dags/example_sla_dag.py
[2024-06-25T05:51:36.623+0000] {processor.py:830} INFO - Processing file /home/airflow/.local/lib/python3.12/site-packages/airflow/example_dags/example_sla_dag.py for tasks to queue
[2024-06-25T05:51:36.624+0000] {logging_mixin.py:188} INFO - [2024-06-25T05:51:36.623+0000] {dagbag.py:545} INFO - Filling up the DagBag from /home/airflow/.local/lib/python3.12/site-packages/airflow/example_dags/example_sla_dag.py
[2024-06-25T05:51:36.628+0000] {processor.py:840} INFO - DAG(s) 'example_sla_dag' retrieved from /home/airflow/.local/lib/python3.12/site-packages/airflow/example_dags/example_sla_dag.py
[2024-06-25T05:51:36.637+0000] {logging_mixin.py:188} INFO - [2024-06-25T05:51:36.636+0000] {dag.py:3096} INFO - Sync 1 DAGs
[2024-06-25T05:51:36.647+0000] {logging_mixin.py:188} INFO - [2024-06-25T05:51:36.647+0000] {dag.py:3954} INFO - Setting next_dagrun for example_sla_dag to 2024-06-25 05:48:00+00:00, run_after=2024-06-25 05:50:00+00:00
[2024-06-25T05:51:36.656+0000] {processor.py:183} INFO - Processing /home/airflow/.local/lib/python3.12/site-packages/airflow/example_dags/example_sla_dag.py took 0.037 seconds
[2024-06-25T05:52:06.764+0000] {processor.py:161} INFO - Started process (PID=1024) to work on /home/airflow/.local/lib/python3.12/site-packages/airflow/example_dags/example_sla_dag.py
[2024-06-25T05:52:06.764+0000] {processor.py:830} INFO - Processing file /home/airflow/.local/lib/python3.12/site-packages/airflow/example_dags/example_sla_dag.py for tasks to queue
[2024-06-25T05:52:06.765+0000] {logging_mixin.py:188} INFO - [2024-06-25T05:52:06.765+0000] {dagbag.py:545} INFO - Filling up the DagBag from /home/airflow/.local/lib/python3.12/site-packages/airflow/example_dags/example_sla_dag.py
[2024-06-25T05:52:06.769+0000] {processor.py:840} INFO - DAG(s) 'example_sla_dag' retrieved from /home/airflow/.local/lib/python3.12/site-packages/airflow/example_dags/example_sla_dag.py
[2024-06-25T05:52:06.778+0000] {logging_mixin.py:188} INFO - [2024-06-25T05:52:06.777+0000] {dag.py:3096} INFO - Sync 1 DAGs
[2024-06-25T05:52:06.787+0000] {logging_mixin.py:188} INFO - [2024-06-25T05:52:06.787+0000] {dag.py:3954} INFO - Setting next_dagrun for example_sla_dag to 2024-06-25 05:50:00+00:00, run_after=2024-06-25 05:52:00+00:00
[2024-06-25T05:52:06.795+0000] {processor.py:183} INFO - Processing /home/airflow/.local/lib/python3.12/site-packages/airflow/example_dags/example_sla_dag.py took 0.034 seconds
[2024-06-25T05:52:37.467+0000] {processor.py:161} INFO - Started process (PID=1082) to work on /home/airflow/.local/lib/python3.12/site-packages/airflow/example_dags/example_sla_dag.py
[2024-06-25T05:52:37.467+0000] {processor.py:830} INFO - Processing file /home/airflow/.local/lib/python3.12/site-packages/airflow/example_dags/example_sla_dag.py for tasks to queue
[2024-06-25T05:52:37.468+0000] {logging_mixin.py:188} INFO - [2024-06-25T05:52:37.468+0000] {dagbag.py:545} INFO - Filling up the DagBag from /home/airflow/.local/lib/python3.12/site-packages/airflow/example_dags/example_sla_dag.py
[2024-06-25T05:52:37.472+0000] {processor.py:840} INFO - DAG(s) 'example_sla_dag' retrieved from /home/airflow/.local/lib/python3.12/site-packages/airflow/example_dags/example_sla_dag.py
[2024-06-25T05:52:37.483+0000] {logging_mixin.py:188} INFO - [2024-06-25T05:52:37.483+0000] {dag.py:3096} INFO - Sync 1 DAGs
[2024-06-25T05:52:37.494+0000] {logging_mixin.py:188} INFO - [2024-06-25T05:52:37.494+0000] {dag.py:3954} INFO - Setting next_dagrun for example_sla_dag to 2024-06-25 05:50:00+00:00, run_after=2024-06-25 05:52:00+00:00
[2024-06-25T05:52:37.504+0000] {processor.py:183} INFO - Processing /home/airflow/.local/lib/python3.12/site-packages/airflow/example_dags/example_sla_dag.py took 0.041 seconds
[2024-06-25T05:53:08.150+0000] {processor.py:161} INFO - Started process (PID=1140) to work on /home/airflow/.local/lib/python3.12/site-packages/airflow/example_dags/example_sla_dag.py
[2024-06-25T05:53:08.151+0000] {processor.py:830} INFO - Processing file /home/airflow/.local/lib/python3.12/site-packages/airflow/example_dags/example_sla_dag.py for tasks to queue
[2024-06-25T05:53:08.152+0000] {logging_mixin.py:188} INFO - [2024-06-25T05:53:08.152+0000] {dagbag.py:545} INFO - Filling up the DagBag from /home/airflow/.local/lib/python3.12/site-packages/airflow/example_dags/example_sla_dag.py
[2024-06-25T05:53:08.156+0000] {processor.py:840} INFO - DAG(s) 'example_sla_dag' retrieved from /home/airflow/.local/lib/python3.12/site-packages/airflow/example_dags/example_sla_dag.py
[2024-06-25T05:53:08.166+0000] {logging_mixin.py:188} INFO - [2024-06-25T05:53:08.166+0000] {dag.py:3096} INFO - Sync 1 DAGs
[2024-06-25T05:53:08.176+0000] {logging_mixin.py:188} INFO - [2024-06-25T05:53:08.176+0000] {dag.py:3954} INFO - Setting next_dagrun for example_sla_dag to 2024-06-25 05:50:00+00:00, run_after=2024-06-25 05:52:00+00:00
[2024-06-25T05:53:08.183+0000] {processor.py:183} INFO - Processing /home/airflow/.local/lib/python3.12/site-packages/airflow/example_dags/example_sla_dag.py took 0.036 seconds
[2024-06-25T05:53:38.345+0000] {processor.py:161} INFO - Started process (PID=1198) to work on /home/airflow/.local/lib/python3.12/site-packages/airflow/example_dags/example_sla_dag.py
[2024-06-25T05:53:38.345+0000] {processor.py:830} INFO - Processing file /home/airflow/.local/lib/python3.12/site-packages/airflow/example_dags/example_sla_dag.py for tasks to queue
[2024-06-25T05:53:38.346+0000] {logging_mixin.py:188} INFO - [2024-06-25T05:53:38.346+0000] {dagbag.py:545} INFO - Filling up the DagBag from /home/airflow/.local/lib/python3.12/site-packages/airflow/example_dags/example_sla_dag.py
[2024-06-25T05:53:38.350+0000] {processor.py:840} INFO - DAG(s) 'example_sla_dag' retrieved from /home/airflow/.local/lib/python3.12/site-packages/airflow/example_dags/example_sla_dag.py
[2024-06-25T05:53:38.360+0000] {logging_mixin.py:188} INFO - [2024-06-25T05:53:38.360+0000] {dag.py:3096} INFO - Sync 1 DAGs
[2024-06-25T05:53:38.373+0000] {logging_mixin.py:188} INFO - [2024-06-25T05:53:38.373+0000] {dag.py:3954} INFO - Setting next_dagrun for example_sla_dag to 2024-06-25 05:50:00+00:00, run_after=2024-06-25 05:52:00+00:00
[2024-06-25T05:53:38.383+0000] {processor.py:183} INFO - Processing /home/airflow/.local/lib/python3.12/site-packages/airflow/example_dags/example_sla_dag.py took 0.041 seconds
[2024-06-25T05:54:09.159+0000] {processor.py:161} INFO - Started process (PID=1256) to work on /home/airflow/.local/lib/python3.12/site-packages/airflow/example_dags/example_sla_dag.py
[2024-06-25T05:54:09.160+0000] {processor.py:830} INFO - Processing file /home/airflow/.local/lib/python3.12/site-packages/airflow/example_dags/example_sla_dag.py for tasks to queue
[2024-06-25T05:54:09.161+0000] {logging_mixin.py:188} INFO - [2024-06-25T05:54:09.161+0000] {dagbag.py:545} INFO - Filling up the DagBag from /home/airflow/.local/lib/python3.12/site-packages/airflow/example_dags/example_sla_dag.py
[2024-06-25T05:54:09.166+0000] {processor.py:840} INFO - DAG(s) 'example_sla_dag' retrieved from /home/airflow/.local/lib/python3.12/site-packages/airflow/example_dags/example_sla_dag.py
[2024-06-25T05:54:09.180+0000] {logging_mixin.py:188} INFO - [2024-06-25T05:54:09.179+0000] {dag.py:3096} INFO - Sync 1 DAGs
[2024-06-25T05:54:09.200+0000] {logging_mixin.py:188} INFO - [2024-06-25T05:54:09.200+0000] {dag.py:3954} INFO - Setting next_dagrun for example_sla_dag to 2024-06-25 05:52:00+00:00, run_after=2024-06-25 05:54:00+00:00
[2024-06-25T05:54:09.220+0000] {processor.py:183} INFO - Processing /home/airflow/.local/lib/python3.12/site-packages/airflow/example_dags/example_sla_dag.py took 0.064 seconds
[2024-06-25T05:54:39.355+0000] {processor.py:161} INFO - Started process (PID=1313) to work on /home/airflow/.local/lib/python3.12/site-packages/airflow/example_dags/example_sla_dag.py
[2024-06-25T05:54:39.355+0000] {processor.py:830} INFO - Processing file /home/airflow/.local/lib/python3.12/site-packages/airflow/example_dags/example_sla_dag.py for tasks to queue
[2024-06-25T05:54:39.356+0000] {logging_mixin.py:188} INFO - [2024-06-25T05:54:39.356+0000] {dagbag.py:545} INFO - Filling up the DagBag from /home/airflow/.local/lib/python3.12/site-packages/airflow/example_dags/example_sla_dag.py
[2024-06-25T05:54:39.360+0000] {processor.py:840} INFO - DAG(s) 'example_sla_dag' retrieved from /home/airflow/.local/lib/python3.12/site-packages/airflow/example_dags/example_sla_dag.py
[2024-06-25T05:54:39.369+0000] {logging_mixin.py:188} INFO - [2024-06-25T05:54:39.369+0000] {dag.py:3096} INFO - Sync 1 DAGs
[2024-06-25T05:54:39.380+0000] {logging_mixin.py:188} INFO - [2024-06-25T05:54:39.380+0000] {dag.py:3954} INFO - Setting next_dagrun for example_sla_dag to 2024-06-25 05:52:00+00:00, run_after=2024-06-25 05:54:00+00:00
[2024-06-25T05:54:39.389+0000] {processor.py:183} INFO - Processing /home/airflow/.local/lib/python3.12/site-packages/airflow/example_dags/example_sla_dag.py took 0.037 seconds
[2024-06-25T05:55:09.467+0000] {processor.py:161} INFO - Started process (PID=1371) to work on /home/airflow/.local/lib/python3.12/site-packages/airflow/example_dags/example_sla_dag.py
[2024-06-25T05:55:09.467+0000] {processor.py:830} INFO - Processing file /home/airflow/.local/lib/python3.12/site-packages/airflow/example_dags/example_sla_dag.py for tasks to queue
[2024-06-25T05:55:09.468+0000] {logging_mixin.py:188} INFO - [2024-06-25T05:55:09.468+0000] {dagbag.py:545} INFO - Filling up the DagBag from /home/airflow/.local/lib/python3.12/site-packages/airflow/example_dags/example_sla_dag.py
[2024-06-25T05:55:09.472+0000] {processor.py:840} INFO - DAG(s) 'example_sla_dag' retrieved from /home/airflow/.local/lib/python3.12/site-packages/airflow/example_dags/example_sla_dag.py
[2024-06-25T05:55:09.481+0000] {logging_mixin.py:188} INFO - [2024-06-25T05:55:09.481+0000] {dag.py:3096} INFO - Sync 1 DAGs
[2024-06-25T05:55:09.492+0000] {logging_mixin.py:188} INFO - [2024-06-25T05:55:09.492+0000] {dag.py:3954} INFO - Setting next_dagrun for example_sla_dag to 2024-06-25 05:52:00+00:00, run_after=2024-06-25 05:54:00+00:00
[2024-06-25T05:55:09.501+0000] {processor.py:183} INFO - Processing /home/airflow/.local/lib/python3.12/site-packages/airflow/example_dags/example_sla_dag.py took 0.037 seconds
[2024-06-25T05:55:40.402+0000] {processor.py:161} INFO - Started process (PID=1429) to work on /home/airflow/.local/lib/python3.12/site-packages/airflow/example_dags/example_sla_dag.py
[2024-06-25T05:55:40.402+0000] {processor.py:830} INFO - Processing file /home/airflow/.local/lib/python3.12/site-packages/airflow/example_dags/example_sla_dag.py for tasks to queue
[2024-06-25T05:55:40.403+0000] {logging_mixin.py:188} INFO - [2024-06-25T05:55:40.403+0000] {dagbag.py:545} INFO - Filling up the DagBag from /home/airflow/.local/lib/python3.12/site-packages/airflow/example_dags/example_sla_dag.py
[2024-06-25T05:55:40.407+0000] {processor.py:840} INFO - DAG(s) 'example_sla_dag' retrieved from /home/airflow/.local/lib/python3.12/site-packages/airflow/example_dags/example_sla_dag.py
[2024-06-25T05:55:40.417+0000] {logging_mixin.py:188} INFO - [2024-06-25T05:55:40.417+0000] {dag.py:3096} INFO - Sync 1 DAGs
[2024-06-25T05:55:40.427+0000] {logging_mixin.py:188} INFO - [2024-06-25T05:55:40.427+0000] {dag.py:3954} INFO - Setting next_dagrun for example_sla_dag to 2024-06-25 05:52:00+00:00, run_after=2024-06-25 05:54:00+00:00
[2024-06-25T05:55:40.436+0000] {processor.py:183} INFO - Processing /home/airflow/.local/lib/python3.12/site-packages/airflow/example_dags/example_sla_dag.py took 0.038 seconds
[2024-06-25T05:56:10.639+0000] {processor.py:161} INFO - Started process (PID=1487) to work on /home/airflow/.local/lib/python3.12/site-packages/airflow/example_dags/example_sla_dag.py
[2024-06-25T05:56:10.640+0000] {processor.py:830} INFO - Processing file /home/airflow/.local/lib/python3.12/site-packages/airflow/example_dags/example_sla_dag.py for tasks to queue
[2024-06-25T05:56:10.641+0000] {logging_mixin.py:188} INFO - [2024-06-25T05:56:10.640+0000] {dagbag.py:545} INFO - Filling up the DagBag from /home/airflow/.local/lib/python3.12/site-packages/airflow/example_dags/example_sla_dag.py
[2024-06-25T05:56:10.644+0000] {processor.py:840} INFO - DAG(s) 'example_sla_dag' retrieved from /home/airflow/.local/lib/python3.12/site-packages/airflow/example_dags/example_sla_dag.py
[2024-06-25T05:56:10.653+0000] {logging_mixin.py:188} INFO - [2024-06-25T05:56:10.653+0000] {dag.py:3096} INFO - Sync 1 DAGs
[2024-06-25T05:56:10.663+0000] {logging_mixin.py:188} INFO - [2024-06-25T05:56:10.663+0000] {dag.py:3954} INFO - Setting next_dagrun for example_sla_dag to 2024-06-25 05:54:00+00:00, run_after=2024-06-25 05:56:00+00:00
[2024-06-25T05:56:10.670+0000] {processor.py:183} INFO - Processing /home/airflow/.local/lib/python3.12/site-packages/airflow/example_dags/example_sla_dag.py took 0.033 seconds
[2024-06-25T05:56:41.397+0000] {processor.py:161} INFO - Started process (PID=1545) to work on /home/airflow/.local/lib/python3.12/site-packages/airflow/example_dags/example_sla_dag.py
[2024-06-25T05:56:41.397+0000] {processor.py:830} INFO - Processing file /home/airflow/.local/lib/python3.12/site-packages/airflow/example_dags/example_sla_dag.py for tasks to queue
[2024-06-25T05:56:41.398+0000] {logging_mixin.py:188} INFO - [2024-06-25T05:56:41.398+0000] {dagbag.py:545} INFO - Filling up the DagBag from /home/airflow/.local/lib/python3.12/site-packages/airflow/example_dags/example_sla_dag.py
[2024-06-25T05:56:41.402+0000] {processor.py:840} INFO - DAG(s) 'example_sla_dag' retrieved from /home/airflow/.local/lib/python3.12/site-packages/airflow/example_dags/example_sla_dag.py
[2024-06-25T05:56:41.411+0000] {logging_mixin.py:188} INFO - [2024-06-25T05:56:41.410+0000] {dag.py:3096} INFO - Sync 1 DAGs
[2024-06-25T05:56:41.420+0000] {logging_mixin.py:188} INFO - [2024-06-25T05:56:41.420+0000] {dag.py:3954} INFO - Setting next_dagrun for example_sla_dag to 2024-06-25 05:54:00+00:00, run_after=2024-06-25 05:56:00+00:00
[2024-06-25T05:56:41.428+0000] {processor.py:183} INFO - Processing /home/airflow/.local/lib/python3.12/site-packages/airflow/example_dags/example_sla_dag.py took 0.034 seconds
[2024-06-25T05:57:12.090+0000] {processor.py:161} INFO - Started process (PID=1603) to work on /home/airflow/.local/lib/python3.12/site-packages/airflow/example_dags/example_sla_dag.py
[2024-06-25T05:57:12.091+0000] {processor.py:830} INFO - Processing file /home/airflow/.local/lib/python3.12/site-packages/airflow/example_dags/example_sla_dag.py for tasks to queue
[2024-06-25T05:57:12.092+0000] {logging_mixin.py:188} INFO - [2024-06-25T05:57:12.091+0000] {dagbag.py:545} INFO - Filling up the DagBag from /home/airflow/.local/lib/python3.12/site-packages/airflow/example_dags/example_sla_dag.py
[2024-06-25T05:57:12.096+0000] {processor.py:840} INFO - DAG(s) 'example_sla_dag' retrieved from /home/airflow/.local/lib/python3.12/site-packages/airflow/example_dags/example_sla_dag.py
[2024-06-25T05:57:12.105+0000] {logging_mixin.py:188} INFO - [2024-06-25T05:57:12.105+0000] {dag.py:3096} INFO - Sync 1 DAGs
[2024-06-25T05:57:12.115+0000] {logging_mixin.py:188} INFO - [2024-06-25T05:57:12.115+0000] {dag.py:3954} INFO - Setting next_dagrun for example_sla_dag to 2024-06-25 05:54:00+00:00, run_after=2024-06-25 05:56:00+00:00
[2024-06-25T05:57:12.123+0000] {processor.py:183} INFO - Processing /home/airflow/.local/lib/python3.12/site-packages/airflow/example_dags/example_sla_dag.py took 0.036 seconds
[2024-06-25T05:57:42.816+0000] {processor.py:161} INFO - Started process (PID=1661) to work on /home/airflow/.local/lib/python3.12/site-packages/airflow/example_dags/example_sla_dag.py
[2024-06-25T05:57:42.817+0000] {processor.py:830} INFO - Processing file /home/airflow/.local/lib/python3.12/site-packages/airflow/example_dags/example_sla_dag.py for tasks to queue
[2024-06-25T05:57:42.818+0000] {logging_mixin.py:188} INFO - [2024-06-25T05:57:42.818+0000] {dagbag.py:545} INFO - Filling up the DagBag from /home/airflow/.local/lib/python3.12/site-packages/airflow/example_dags/example_sla_dag.py
[2024-06-25T05:57:42.822+0000] {processor.py:840} INFO - DAG(s) 'example_sla_dag' retrieved from /home/airflow/.local/lib/python3.12/site-packages/airflow/example_dags/example_sla_dag.py
[2024-06-25T05:57:42.833+0000] {logging_mixin.py:188} INFO - [2024-06-25T05:57:42.832+0000] {dag.py:3096} INFO - Sync 1 DAGs
[2024-06-25T05:57:42.843+0000] {logging_mixin.py:188} INFO - [2024-06-25T05:57:42.843+0000] {dag.py:3954} INFO - Setting next_dagrun for example_sla_dag to 2024-06-25 05:54:00+00:00, run_after=2024-06-25 05:56:00+00:00
[2024-06-25T05:57:42.851+0000] {processor.py:183} INFO - Processing /home/airflow/.local/lib/python3.12/site-packages/airflow/example_dags/example_sla_dag.py took 0.037 seconds
