[2024-06-25T05:41:19.079+0000] {processor.py:161} INFO - Started process (PID=65) to work on /home/airflow/.local/lib/python3.12/site-packages/airflow/example_dags/example_setup_teardown.py
[2024-06-25T05:41:19.080+0000] {processor.py:830} INFO - Processing file /home/airflow/.local/lib/python3.12/site-packages/airflow/example_dags/example_setup_teardown.py for tasks to queue
[2024-06-25T05:41:19.081+0000] {logging_mixin.py:188} INFO - [2024-06-25T05:41:19.081+0000] {dagbag.py:545} INFO - Filling up the DagBag from /home/airflow/.local/lib/python3.12/site-packages/airflow/example_dags/example_setup_teardown.py
[2024-06-25T05:41:19.087+0000] {processor.py:840} INFO - DAG(s) 'example_setup_teardown' retrieved from /home/airflow/.local/lib/python3.12/site-packages/airflow/example_dags/example_setup_teardown.py
[2024-06-25T05:41:19.096+0000] {logging_mixin.py:188} INFO - [2024-06-25T05:41:19.096+0000] {dag.py:3096} INFO - Sync 1 DAGs
[2024-06-25T05:41:19.112+0000] {logging_mixin.py:188} INFO - [2024-06-25T05:41:19.112+0000] {dag.py:3954} INFO - Setting next_dagrun for example_setup_teardown to 2024-06-24 00:00:00+00:00, run_after=2024-06-25 00:00:00+00:00
[2024-06-25T05:41:19.127+0000] {processor.py:183} INFO - Processing /home/airflow/.local/lib/python3.12/site-packages/airflow/example_dags/example_setup_teardown.py took 0.051 seconds
[2024-06-25T05:41:49.171+0000] {processor.py:161} INFO - Started process (PID=122) to work on /home/airflow/.local/lib/python3.12/site-packages/airflow/example_dags/example_setup_teardown.py
[2024-06-25T05:41:49.171+0000] {processor.py:830} INFO - Processing file /home/airflow/.local/lib/python3.12/site-packages/airflow/example_dags/example_setup_teardown.py for tasks to queue
[2024-06-25T05:41:49.172+0000] {logging_mixin.py:188} INFO - [2024-06-25T05:41:49.172+0000] {dagbag.py:545} INFO - Filling up the DagBag from /home/airflow/.local/lib/python3.12/site-packages/airflow/example_dags/example_setup_teardown.py
[2024-06-25T05:41:49.176+0000] {processor.py:840} INFO - DAG(s) 'example_setup_teardown' retrieved from /home/airflow/.local/lib/python3.12/site-packages/airflow/example_dags/example_setup_teardown.py
[2024-06-25T05:41:49.218+0000] {logging_mixin.py:188} INFO - [2024-06-25T05:41:49.218+0000] {dag.py:3096} INFO - Sync 1 DAGs
[2024-06-25T05:41:49.226+0000] {logging_mixin.py:188} INFO - [2024-06-25T05:41:49.226+0000] {dag.py:3954} INFO - Setting next_dagrun for example_setup_teardown to 2024-06-24 00:00:00+00:00, run_after=2024-06-25 00:00:00+00:00
[2024-06-25T05:41:49.234+0000] {processor.py:183} INFO - Processing /home/airflow/.local/lib/python3.12/site-packages/airflow/example_dags/example_setup_teardown.py took 0.066 seconds
[2024-06-25T05:42:19.283+0000] {processor.py:161} INFO - Started process (PID=180) to work on /home/airflow/.local/lib/python3.12/site-packages/airflow/example_dags/example_setup_teardown.py
[2024-06-25T05:42:19.283+0000] {processor.py:830} INFO - Processing file /home/airflow/.local/lib/python3.12/site-packages/airflow/example_dags/example_setup_teardown.py for tasks to queue
[2024-06-25T05:42:19.285+0000] {logging_mixin.py:188} INFO - [2024-06-25T05:42:19.284+0000] {dagbag.py:545} INFO - Filling up the DagBag from /home/airflow/.local/lib/python3.12/site-packages/airflow/example_dags/example_setup_teardown.py
[2024-06-25T05:42:19.288+0000] {processor.py:840} INFO - DAG(s) 'example_setup_teardown' retrieved from /home/airflow/.local/lib/python3.12/site-packages/airflow/example_dags/example_setup_teardown.py
[2024-06-25T05:42:19.302+0000] {logging_mixin.py:188} INFO - [2024-06-25T05:42:19.301+0000] {dag.py:3096} INFO - Sync 1 DAGs
[2024-06-25T05:42:19.314+0000] {logging_mixin.py:188} INFO - [2024-06-25T05:42:19.314+0000] {dag.py:3954} INFO - Setting next_dagrun for example_setup_teardown to 2024-06-24 00:00:00+00:00, run_after=2024-06-25 00:00:00+00:00
[2024-06-25T05:42:19.327+0000] {processor.py:183} INFO - Processing /home/airflow/.local/lib/python3.12/site-packages/airflow/example_dags/example_setup_teardown.py took 0.047 seconds
[2024-06-25T05:42:49.544+0000] {processor.py:161} INFO - Started process (PID=238) to work on /home/airflow/.local/lib/python3.12/site-packages/airflow/example_dags/example_setup_teardown.py
[2024-06-25T05:42:49.545+0000] {processor.py:830} INFO - Processing file /home/airflow/.local/lib/python3.12/site-packages/airflow/example_dags/example_setup_teardown.py for tasks to queue
[2024-06-25T05:42:49.546+0000] {logging_mixin.py:188} INFO - [2024-06-25T05:42:49.546+0000] {dagbag.py:545} INFO - Filling up the DagBag from /home/airflow/.local/lib/python3.12/site-packages/airflow/example_dags/example_setup_teardown.py
[2024-06-25T05:42:49.550+0000] {processor.py:840} INFO - DAG(s) 'example_setup_teardown' retrieved from /home/airflow/.local/lib/python3.12/site-packages/airflow/example_dags/example_setup_teardown.py
[2024-06-25T05:42:49.560+0000] {logging_mixin.py:188} INFO - [2024-06-25T05:42:49.559+0000] {dag.py:3096} INFO - Sync 1 DAGs
[2024-06-25T05:42:49.569+0000] {logging_mixin.py:188} INFO - [2024-06-25T05:42:49.569+0000] {dag.py:3954} INFO - Setting next_dagrun for example_setup_teardown to 2024-06-24 00:00:00+00:00, run_after=2024-06-25 00:00:00+00:00
[2024-06-25T05:42:49.577+0000] {processor.py:183} INFO - Processing /home/airflow/.local/lib/python3.12/site-packages/airflow/example_dags/example_setup_teardown.py took 0.036 seconds
[2024-06-25T05:43:21.098+0000] {processor.py:161} INFO - Started process (PID=64) to work on /home/airflow/.local/lib/python3.12/site-packages/airflow/example_dags/example_setup_teardown.py
[2024-06-25T05:43:21.100+0000] {processor.py:830} INFO - Processing file /home/airflow/.local/lib/python3.12/site-packages/airflow/example_dags/example_setup_teardown.py for tasks to queue
[2024-06-25T05:43:21.102+0000] {logging_mixin.py:188} INFO - [2024-06-25T05:43:21.101+0000] {dagbag.py:545} INFO - Filling up the DagBag from /home/airflow/.local/lib/python3.12/site-packages/airflow/example_dags/example_setup_teardown.py
[2024-06-25T05:43:21.109+0000] {processor.py:840} INFO - DAG(s) 'example_setup_teardown' retrieved from /home/airflow/.local/lib/python3.12/site-packages/airflow/example_dags/example_setup_teardown.py
[2024-06-25T05:43:21.136+0000] {logging_mixin.py:188} INFO - [2024-06-25T05:43:21.136+0000] {dag.py:3096} INFO - Sync 1 DAGs
[2024-06-25T05:43:21.157+0000] {logging_mixin.py:188} INFO - [2024-06-25T05:43:21.156+0000] {dag.py:3954} INFO - Setting next_dagrun for example_setup_teardown to 2024-06-24 00:00:00+00:00, run_after=2024-06-25 00:00:00+00:00
[2024-06-25T05:43:21.189+0000] {processor.py:183} INFO - Processing /home/airflow/.local/lib/python3.12/site-packages/airflow/example_dags/example_setup_teardown.py took 0.097 seconds
[2024-06-25T05:43:52.101+0000] {processor.py:161} INFO - Started process (PID=122) to work on /home/airflow/.local/lib/python3.12/site-packages/airflow/example_dags/example_setup_teardown.py
[2024-06-25T05:43:52.102+0000] {processor.py:830} INFO - Processing file /home/airflow/.local/lib/python3.12/site-packages/airflow/example_dags/example_setup_teardown.py for tasks to queue
[2024-06-25T05:43:52.103+0000] {logging_mixin.py:188} INFO - [2024-06-25T05:43:52.103+0000] {dagbag.py:545} INFO - Filling up the DagBag from /home/airflow/.local/lib/python3.12/site-packages/airflow/example_dags/example_setup_teardown.py
[2024-06-25T05:43:52.106+0000] {processor.py:840} INFO - DAG(s) 'example_setup_teardown' retrieved from /home/airflow/.local/lib/python3.12/site-packages/airflow/example_dags/example_setup_teardown.py
[2024-06-25T05:43:52.112+0000] {logging_mixin.py:188} INFO - [2024-06-25T05:43:52.112+0000] {dag.py:3096} INFO - Sync 1 DAGs
[2024-06-25T05:43:52.123+0000] {logging_mixin.py:188} INFO - [2024-06-25T05:43:52.123+0000] {dag.py:3954} INFO - Setting next_dagrun for example_setup_teardown to 2024-06-24 00:00:00+00:00, run_after=2024-06-25 00:00:00+00:00
[2024-06-25T05:43:52.133+0000] {processor.py:183} INFO - Processing /home/airflow/.local/lib/python3.12/site-packages/airflow/example_dags/example_setup_teardown.py took 0.034 seconds
[2024-06-25T05:44:22.352+0000] {processor.py:161} INFO - Started process (PID=180) to work on /home/airflow/.local/lib/python3.12/site-packages/airflow/example_dags/example_setup_teardown.py
[2024-06-25T05:44:22.353+0000] {processor.py:830} INFO - Processing file /home/airflow/.local/lib/python3.12/site-packages/airflow/example_dags/example_setup_teardown.py for tasks to queue
[2024-06-25T05:44:22.354+0000] {logging_mixin.py:188} INFO - [2024-06-25T05:44:22.353+0000] {dagbag.py:545} INFO - Filling up the DagBag from /home/airflow/.local/lib/python3.12/site-packages/airflow/example_dags/example_setup_teardown.py
[2024-06-25T05:44:22.357+0000] {processor.py:840} INFO - DAG(s) 'example_setup_teardown' retrieved from /home/airflow/.local/lib/python3.12/site-packages/airflow/example_dags/example_setup_teardown.py
[2024-06-25T05:44:22.401+0000] {logging_mixin.py:188} INFO - [2024-06-25T05:44:22.401+0000] {dag.py:3096} INFO - Sync 1 DAGs
[2024-06-25T05:44:22.410+0000] {logging_mixin.py:188} INFO - [2024-06-25T05:44:22.410+0000] {dag.py:3954} INFO - Setting next_dagrun for example_setup_teardown to 2024-06-24 00:00:00+00:00, run_after=2024-06-25 00:00:00+00:00
[2024-06-25T05:44:22.418+0000] {processor.py:183} INFO - Processing /home/airflow/.local/lib/python3.12/site-packages/airflow/example_dags/example_setup_teardown.py took 0.069 seconds
[2024-06-25T05:44:53.111+0000] {processor.py:161} INFO - Started process (PID=238) to work on /home/airflow/.local/lib/python3.12/site-packages/airflow/example_dags/example_setup_teardown.py
[2024-06-25T05:44:53.112+0000] {processor.py:830} INFO - Processing file /home/airflow/.local/lib/python3.12/site-packages/airflow/example_dags/example_setup_teardown.py for tasks to queue
[2024-06-25T05:44:53.112+0000] {logging_mixin.py:188} INFO - [2024-06-25T05:44:53.112+0000] {dagbag.py:545} INFO - Filling up the DagBag from /home/airflow/.local/lib/python3.12/site-packages/airflow/example_dags/example_setup_teardown.py
[2024-06-25T05:44:53.116+0000] {processor.py:840} INFO - DAG(s) 'example_setup_teardown' retrieved from /home/airflow/.local/lib/python3.12/site-packages/airflow/example_dags/example_setup_teardown.py
[2024-06-25T05:44:53.126+0000] {logging_mixin.py:188} INFO - [2024-06-25T05:44:53.126+0000] {dag.py:3096} INFO - Sync 1 DAGs
[2024-06-25T05:44:53.137+0000] {logging_mixin.py:188} INFO - [2024-06-25T05:44:53.137+0000] {dag.py:3954} INFO - Setting next_dagrun for example_setup_teardown to 2024-06-24 00:00:00+00:00, run_after=2024-06-25 00:00:00+00:00
[2024-06-25T05:44:53.146+0000] {processor.py:183} INFO - Processing /home/airflow/.local/lib/python3.12/site-packages/airflow/example_dags/example_setup_teardown.py took 0.038 seconds
[2024-06-25T05:45:23.928+0000] {processor.py:161} INFO - Started process (PID=295) to work on /home/airflow/.local/lib/python3.12/site-packages/airflow/example_dags/example_setup_teardown.py
[2024-06-25T05:45:23.929+0000] {processor.py:830} INFO - Processing file /home/airflow/.local/lib/python3.12/site-packages/airflow/example_dags/example_setup_teardown.py for tasks to queue
[2024-06-25T05:45:23.930+0000] {logging_mixin.py:188} INFO - [2024-06-25T05:45:23.930+0000] {dagbag.py:545} INFO - Filling up the DagBag from /home/airflow/.local/lib/python3.12/site-packages/airflow/example_dags/example_setup_teardown.py
[2024-06-25T05:45:23.933+0000] {processor.py:840} INFO - DAG(s) 'example_setup_teardown' retrieved from /home/airflow/.local/lib/python3.12/site-packages/airflow/example_dags/example_setup_teardown.py
[2024-06-25T05:45:23.943+0000] {logging_mixin.py:188} INFO - [2024-06-25T05:45:23.943+0000] {dag.py:3096} INFO - Sync 1 DAGs
[2024-06-25T05:45:23.953+0000] {logging_mixin.py:188} INFO - [2024-06-25T05:45:23.953+0000] {dag.py:3954} INFO - Setting next_dagrun for example_setup_teardown to 2024-06-24 00:00:00+00:00, run_after=2024-06-25 00:00:00+00:00
[2024-06-25T05:45:23.963+0000] {processor.py:183} INFO - Processing /home/airflow/.local/lib/python3.12/site-packages/airflow/example_dags/example_setup_teardown.py took 0.037 seconds
[2024-06-25T05:45:54.579+0000] {processor.py:161} INFO - Started process (PID=353) to work on /home/airflow/.local/lib/python3.12/site-packages/airflow/example_dags/example_setup_teardown.py
[2024-06-25T05:45:54.580+0000] {processor.py:830} INFO - Processing file /home/airflow/.local/lib/python3.12/site-packages/airflow/example_dags/example_setup_teardown.py for tasks to queue
[2024-06-25T05:45:54.580+0000] {logging_mixin.py:188} INFO - [2024-06-25T05:45:54.580+0000] {dagbag.py:545} INFO - Filling up the DagBag from /home/airflow/.local/lib/python3.12/site-packages/airflow/example_dags/example_setup_teardown.py
[2024-06-25T05:45:54.584+0000] {processor.py:840} INFO - DAG(s) 'example_setup_teardown' retrieved from /home/airflow/.local/lib/python3.12/site-packages/airflow/example_dags/example_setup_teardown.py
[2024-06-25T05:45:54.593+0000] {logging_mixin.py:188} INFO - [2024-06-25T05:45:54.593+0000] {dag.py:3096} INFO - Sync 1 DAGs
[2024-06-25T05:45:54.602+0000] {logging_mixin.py:188} INFO - [2024-06-25T05:45:54.602+0000] {dag.py:3954} INFO - Setting next_dagrun for example_setup_teardown to 2024-06-24 00:00:00+00:00, run_after=2024-06-25 00:00:00+00:00
[2024-06-25T05:45:54.610+0000] {processor.py:183} INFO - Processing /home/airflow/.local/lib/python3.12/site-packages/airflow/example_dags/example_setup_teardown.py took 0.034 seconds
[2024-06-25T05:46:25.236+0000] {processor.py:161} INFO - Started process (PID=411) to work on /home/airflow/.local/lib/python3.12/site-packages/airflow/example_dags/example_setup_teardown.py
[2024-06-25T05:46:25.238+0000] {processor.py:830} INFO - Processing file /home/airflow/.local/lib/python3.12/site-packages/airflow/example_dags/example_setup_teardown.py for tasks to queue
[2024-06-25T05:46:25.239+0000] {logging_mixin.py:188} INFO - [2024-06-25T05:46:25.239+0000] {dagbag.py:545} INFO - Filling up the DagBag from /home/airflow/.local/lib/python3.12/site-packages/airflow/example_dags/example_setup_teardown.py
[2024-06-25T05:46:25.242+0000] {processor.py:840} INFO - DAG(s) 'example_setup_teardown' retrieved from /home/airflow/.local/lib/python3.12/site-packages/airflow/example_dags/example_setup_teardown.py
[2024-06-25T05:46:25.254+0000] {logging_mixin.py:188} INFO - [2024-06-25T05:46:25.254+0000] {dag.py:3096} INFO - Sync 1 DAGs
[2024-06-25T05:46:25.266+0000] {logging_mixin.py:188} INFO - [2024-06-25T05:46:25.266+0000] {dag.py:3954} INFO - Setting next_dagrun for example_setup_teardown to 2024-06-24 00:00:00+00:00, run_after=2024-06-25 00:00:00+00:00
[2024-06-25T05:46:25.276+0000] {processor.py:183} INFO - Processing /home/airflow/.local/lib/python3.12/site-packages/airflow/example_dags/example_setup_teardown.py took 0.044 seconds
[2024-06-25T05:46:55.541+0000] {processor.py:161} INFO - Started process (PID=469) to work on /home/airflow/.local/lib/python3.12/site-packages/airflow/example_dags/example_setup_teardown.py
[2024-06-25T05:46:55.542+0000] {processor.py:830} INFO - Processing file /home/airflow/.local/lib/python3.12/site-packages/airflow/example_dags/example_setup_teardown.py for tasks to queue
[2024-06-25T05:46:55.543+0000] {logging_mixin.py:188} INFO - [2024-06-25T05:46:55.543+0000] {dagbag.py:545} INFO - Filling up the DagBag from /home/airflow/.local/lib/python3.12/site-packages/airflow/example_dags/example_setup_teardown.py
[2024-06-25T05:46:55.547+0000] {processor.py:840} INFO - DAG(s) 'example_setup_teardown' retrieved from /home/airflow/.local/lib/python3.12/site-packages/airflow/example_dags/example_setup_teardown.py
[2024-06-25T05:46:55.556+0000] {logging_mixin.py:188} INFO - [2024-06-25T05:46:55.556+0000] {dag.py:3096} INFO - Sync 1 DAGs
[2024-06-25T05:46:55.572+0000] {logging_mixin.py:188} INFO - [2024-06-25T05:46:55.571+0000] {dag.py:3954} INFO - Setting next_dagrun for example_setup_teardown to 2024-06-24 00:00:00+00:00, run_after=2024-06-25 00:00:00+00:00
[2024-06-25T05:46:55.587+0000] {processor.py:183} INFO - Processing /home/airflow/.local/lib/python3.12/site-packages/airflow/example_dags/example_setup_teardown.py took 0.048 seconds
[2024-06-25T05:47:34.518+0000] {processor.py:161} INFO - Started process (PID=526) to work on /home/airflow/.local/lib/python3.12/site-packages/airflow/example_dags/example_setup_teardown.py
[2024-06-25T05:47:34.521+0000] {processor.py:830} INFO - Processing file /home/airflow/.local/lib/python3.12/site-packages/airflow/example_dags/example_setup_teardown.py for tasks to queue
[2024-06-25T05:47:34.522+0000] {logging_mixin.py:188} INFO - [2024-06-25T05:47:34.522+0000] {dagbag.py:545} INFO - Filling up the DagBag from /home/airflow/.local/lib/python3.12/site-packages/airflow/example_dags/example_setup_teardown.py
[2024-06-25T05:47:34.529+0000] {processor.py:840} INFO - DAG(s) 'example_setup_teardown' retrieved from /home/airflow/.local/lib/python3.12/site-packages/airflow/example_dags/example_setup_teardown.py
[2024-06-25T05:47:34.542+0000] {logging_mixin.py:188} INFO - [2024-06-25T05:47:34.542+0000] {dag.py:3096} INFO - Sync 1 DAGs
[2024-06-25T05:47:34.554+0000] {logging_mixin.py:188} INFO - [2024-06-25T05:47:34.554+0000] {dag.py:3954} INFO - Setting next_dagrun for example_setup_teardown to 2024-06-24 00:00:00+00:00, run_after=2024-06-25 00:00:00+00:00
[2024-06-25T05:47:34.564+0000] {processor.py:183} INFO - Processing /home/airflow/.local/lib/python3.12/site-packages/airflow/example_dags/example_setup_teardown.py took 0.050 seconds
[2024-06-25T05:48:05.435+0000] {processor.py:161} INFO - Started process (PID=585) to work on /home/airflow/.local/lib/python3.12/site-packages/airflow/example_dags/example_setup_teardown.py
[2024-06-25T05:48:05.436+0000] {processor.py:830} INFO - Processing file /home/airflow/.local/lib/python3.12/site-packages/airflow/example_dags/example_setup_teardown.py for tasks to queue
[2024-06-25T05:48:05.437+0000] {logging_mixin.py:188} INFO - [2024-06-25T05:48:05.437+0000] {dagbag.py:545} INFO - Filling up the DagBag from /home/airflow/.local/lib/python3.12/site-packages/airflow/example_dags/example_setup_teardown.py
[2024-06-25T05:48:05.442+0000] {processor.py:840} INFO - DAG(s) 'example_setup_teardown' retrieved from /home/airflow/.local/lib/python3.12/site-packages/airflow/example_dags/example_setup_teardown.py
[2024-06-25T05:48:05.454+0000] {logging_mixin.py:188} INFO - [2024-06-25T05:48:05.454+0000] {dag.py:3096} INFO - Sync 1 DAGs
[2024-06-25T05:48:05.466+0000] {logging_mixin.py:188} INFO - [2024-06-25T05:48:05.466+0000] {dag.py:3954} INFO - Setting next_dagrun for example_setup_teardown to 2024-06-24 00:00:00+00:00, run_after=2024-06-25 00:00:00+00:00
[2024-06-25T05:48:05.477+0000] {processor.py:183} INFO - Processing /home/airflow/.local/lib/python3.12/site-packages/airflow/example_dags/example_setup_teardown.py took 0.046 seconds
[2024-06-25T05:48:36.766+0000] {processor.py:161} INFO - Started process (PID=643) to work on /home/airflow/.local/lib/python3.12/site-packages/airflow/example_dags/example_setup_teardown.py
[2024-06-25T05:48:36.767+0000] {processor.py:830} INFO - Processing file /home/airflow/.local/lib/python3.12/site-packages/airflow/example_dags/example_setup_teardown.py for tasks to queue
[2024-06-25T05:48:36.769+0000] {logging_mixin.py:188} INFO - [2024-06-25T05:48:36.769+0000] {dagbag.py:545} INFO - Filling up the DagBag from /home/airflow/.local/lib/python3.12/site-packages/airflow/example_dags/example_setup_teardown.py
[2024-06-25T05:48:36.778+0000] {processor.py:840} INFO - DAG(s) 'example_setup_teardown' retrieved from /home/airflow/.local/lib/python3.12/site-packages/airflow/example_dags/example_setup_teardown.py
[2024-06-25T05:48:36.799+0000] {logging_mixin.py:188} INFO - [2024-06-25T05:48:36.799+0000] {dag.py:3096} INFO - Sync 1 DAGs
[2024-06-25T05:48:36.834+0000] {logging_mixin.py:188} INFO - [2024-06-25T05:48:36.834+0000] {dag.py:3954} INFO - Setting next_dagrun for example_setup_teardown to 2024-06-24 00:00:00+00:00, run_after=2024-06-25 00:00:00+00:00
[2024-06-25T05:48:36.860+0000] {processor.py:183} INFO - Processing /home/airflow/.local/lib/python3.12/site-packages/airflow/example_dags/example_setup_teardown.py took 0.100 seconds
[2024-06-25T05:49:06.903+0000] {processor.py:161} INFO - Started process (PID=701) to work on /home/airflow/.local/lib/python3.12/site-packages/airflow/example_dags/example_setup_teardown.py
[2024-06-25T05:49:06.904+0000] {processor.py:830} INFO - Processing file /home/airflow/.local/lib/python3.12/site-packages/airflow/example_dags/example_setup_teardown.py for tasks to queue
[2024-06-25T05:49:06.905+0000] {logging_mixin.py:188} INFO - [2024-06-25T05:49:06.905+0000] {dagbag.py:545} INFO - Filling up the DagBag from /home/airflow/.local/lib/python3.12/site-packages/airflow/example_dags/example_setup_teardown.py
[2024-06-25T05:49:06.908+0000] {processor.py:840} INFO - DAG(s) 'example_setup_teardown' retrieved from /home/airflow/.local/lib/python3.12/site-packages/airflow/example_dags/example_setup_teardown.py
[2024-06-25T05:49:06.918+0000] {logging_mixin.py:188} INFO - [2024-06-25T05:49:06.918+0000] {dag.py:3096} INFO - Sync 1 DAGs
[2024-06-25T05:49:06.928+0000] {logging_mixin.py:188} INFO - [2024-06-25T05:49:06.928+0000] {dag.py:3954} INFO - Setting next_dagrun for example_setup_teardown to 2024-06-24 00:00:00+00:00, run_after=2024-06-25 00:00:00+00:00
[2024-06-25T05:49:06.936+0000] {processor.py:183} INFO - Processing /home/airflow/.local/lib/python3.12/site-packages/airflow/example_dags/example_setup_teardown.py took 0.035 seconds
[2024-06-25T05:49:37.172+0000] {processor.py:161} INFO - Started process (PID=759) to work on /home/airflow/.local/lib/python3.12/site-packages/airflow/example_dags/example_setup_teardown.py
[2024-06-25T05:49:37.174+0000] {processor.py:830} INFO - Processing file /home/airflow/.local/lib/python3.12/site-packages/airflow/example_dags/example_setup_teardown.py for tasks to queue
[2024-06-25T05:49:37.176+0000] {logging_mixin.py:188} INFO - [2024-06-25T05:49:37.176+0000] {dagbag.py:545} INFO - Filling up the DagBag from /home/airflow/.local/lib/python3.12/site-packages/airflow/example_dags/example_setup_teardown.py
[2024-06-25T05:49:37.180+0000] {processor.py:840} INFO - DAG(s) 'example_setup_teardown' retrieved from /home/airflow/.local/lib/python3.12/site-packages/airflow/example_dags/example_setup_teardown.py
[2024-06-25T05:49:37.192+0000] {logging_mixin.py:188} INFO - [2024-06-25T05:49:37.192+0000] {dag.py:3096} INFO - Sync 1 DAGs
[2024-06-25T05:49:37.202+0000] {logging_mixin.py:188} INFO - [2024-06-25T05:49:37.202+0000] {dag.py:3954} INFO - Setting next_dagrun for example_setup_teardown to 2024-06-24 00:00:00+00:00, run_after=2024-06-25 00:00:00+00:00
[2024-06-25T05:49:37.211+0000] {processor.py:183} INFO - Processing /home/airflow/.local/lib/python3.12/site-packages/airflow/example_dags/example_setup_teardown.py took 0.042 seconds
[2024-06-25T05:50:07.411+0000] {processor.py:161} INFO - Started process (PID=817) to work on /home/airflow/.local/lib/python3.12/site-packages/airflow/example_dags/example_setup_teardown.py
[2024-06-25T05:50:07.412+0000] {processor.py:830} INFO - Processing file /home/airflow/.local/lib/python3.12/site-packages/airflow/example_dags/example_setup_teardown.py for tasks to queue
[2024-06-25T05:50:07.412+0000] {logging_mixin.py:188} INFO - [2024-06-25T05:50:07.412+0000] {dagbag.py:545} INFO - Filling up the DagBag from /home/airflow/.local/lib/python3.12/site-packages/airflow/example_dags/example_setup_teardown.py
[2024-06-25T05:50:07.416+0000] {processor.py:840} INFO - DAG(s) 'example_setup_teardown' retrieved from /home/airflow/.local/lib/python3.12/site-packages/airflow/example_dags/example_setup_teardown.py
[2024-06-25T05:50:07.426+0000] {logging_mixin.py:188} INFO - [2024-06-25T05:50:07.426+0000] {dag.py:3096} INFO - Sync 1 DAGs
[2024-06-25T05:50:07.437+0000] {logging_mixin.py:188} INFO - [2024-06-25T05:50:07.437+0000] {dag.py:3954} INFO - Setting next_dagrun for example_setup_teardown to 2024-06-24 00:00:00+00:00, run_after=2024-06-25 00:00:00+00:00
[2024-06-25T05:50:07.445+0000] {processor.py:183} INFO - Processing /home/airflow/.local/lib/python3.12/site-packages/airflow/example_dags/example_setup_teardown.py took 0.037 seconds
[2024-06-25T05:50:38.339+0000] {processor.py:161} INFO - Started process (PID=875) to work on /home/airflow/.local/lib/python3.12/site-packages/airflow/example_dags/example_setup_teardown.py
[2024-06-25T05:50:38.340+0000] {processor.py:830} INFO - Processing file /home/airflow/.local/lib/python3.12/site-packages/airflow/example_dags/example_setup_teardown.py for tasks to queue
[2024-06-25T05:50:38.345+0000] {logging_mixin.py:188} INFO - [2024-06-25T05:50:38.345+0000] {dagbag.py:545} INFO - Filling up the DagBag from /home/airflow/.local/lib/python3.12/site-packages/airflow/example_dags/example_setup_teardown.py
[2024-06-25T05:50:38.355+0000] {processor.py:840} INFO - DAG(s) 'example_setup_teardown' retrieved from /home/airflow/.local/lib/python3.12/site-packages/airflow/example_dags/example_setup_teardown.py
[2024-06-25T05:50:38.373+0000] {logging_mixin.py:188} INFO - [2024-06-25T05:50:38.373+0000] {dag.py:3096} INFO - Sync 1 DAGs
[2024-06-25T05:50:38.389+0000] {logging_mixin.py:188} INFO - [2024-06-25T05:50:38.389+0000] {dag.py:3954} INFO - Setting next_dagrun for example_setup_teardown to 2024-06-24 00:00:00+00:00, run_after=2024-06-25 00:00:00+00:00
[2024-06-25T05:50:38.402+0000] {processor.py:183} INFO - Processing /home/airflow/.local/lib/python3.12/site-packages/airflow/example_dags/example_setup_teardown.py took 0.070 seconds
[2024-06-25T05:51:08.492+0000] {processor.py:161} INFO - Started process (PID=932) to work on /home/airflow/.local/lib/python3.12/site-packages/airflow/example_dags/example_setup_teardown.py
[2024-06-25T05:51:08.494+0000] {processor.py:830} INFO - Processing file /home/airflow/.local/lib/python3.12/site-packages/airflow/example_dags/example_setup_teardown.py for tasks to queue
[2024-06-25T05:51:08.498+0000] {logging_mixin.py:188} INFO - [2024-06-25T05:51:08.498+0000] {dagbag.py:545} INFO - Filling up the DagBag from /home/airflow/.local/lib/python3.12/site-packages/airflow/example_dags/example_setup_teardown.py
[2024-06-25T05:51:08.508+0000] {processor.py:840} INFO - DAG(s) 'example_setup_teardown' retrieved from /home/airflow/.local/lib/python3.12/site-packages/airflow/example_dags/example_setup_teardown.py
[2024-06-25T05:51:08.529+0000] {logging_mixin.py:188} INFO - [2024-06-25T05:51:08.529+0000] {dag.py:3096} INFO - Sync 1 DAGs
[2024-06-25T05:51:08.542+0000] {logging_mixin.py:188} INFO - [2024-06-25T05:51:08.541+0000] {dag.py:3954} INFO - Setting next_dagrun for example_setup_teardown to 2024-06-24 00:00:00+00:00, run_after=2024-06-25 00:00:00+00:00
[2024-06-25T05:51:08.550+0000] {processor.py:183} INFO - Processing /home/airflow/.local/lib/python3.12/site-packages/airflow/example_dags/example_setup_teardown.py took 0.070 seconds
[2024-06-25T05:51:39.287+0000] {processor.py:161} INFO - Started process (PID=991) to work on /home/airflow/.local/lib/python3.12/site-packages/airflow/example_dags/example_setup_teardown.py
[2024-06-25T05:51:39.288+0000] {processor.py:830} INFO - Processing file /home/airflow/.local/lib/python3.12/site-packages/airflow/example_dags/example_setup_teardown.py for tasks to queue
[2024-06-25T05:51:39.289+0000] {logging_mixin.py:188} INFO - [2024-06-25T05:51:39.289+0000] {dagbag.py:545} INFO - Filling up the DagBag from /home/airflow/.local/lib/python3.12/site-packages/airflow/example_dags/example_setup_teardown.py
[2024-06-25T05:51:39.296+0000] {processor.py:840} INFO - DAG(s) 'example_setup_teardown' retrieved from /home/airflow/.local/lib/python3.12/site-packages/airflow/example_dags/example_setup_teardown.py
[2024-06-25T05:51:39.313+0000] {logging_mixin.py:188} INFO - [2024-06-25T05:51:39.313+0000] {dag.py:3096} INFO - Sync 1 DAGs
[2024-06-25T05:51:39.326+0000] {logging_mixin.py:188} INFO - [2024-06-25T05:51:39.326+0000] {dag.py:3954} INFO - Setting next_dagrun for example_setup_teardown to 2024-06-24 00:00:00+00:00, run_after=2024-06-25 00:00:00+00:00
[2024-06-25T05:51:39.335+0000] {processor.py:183} INFO - Processing /home/airflow/.local/lib/python3.12/site-packages/airflow/example_dags/example_setup_teardown.py took 0.054 seconds
[2024-06-25T05:52:09.388+0000] {processor.py:161} INFO - Started process (PID=1048) to work on /home/airflow/.local/lib/python3.12/site-packages/airflow/example_dags/example_setup_teardown.py
[2024-06-25T05:52:09.390+0000] {processor.py:830} INFO - Processing file /home/airflow/.local/lib/python3.12/site-packages/airflow/example_dags/example_setup_teardown.py for tasks to queue
[2024-06-25T05:52:09.393+0000] {logging_mixin.py:188} INFO - [2024-06-25T05:52:09.393+0000] {dagbag.py:545} INFO - Filling up the DagBag from /home/airflow/.local/lib/python3.12/site-packages/airflow/example_dags/example_setup_teardown.py
[2024-06-25T05:52:09.402+0000] {processor.py:840} INFO - DAG(s) 'example_setup_teardown' retrieved from /home/airflow/.local/lib/python3.12/site-packages/airflow/example_dags/example_setup_teardown.py
[2024-06-25T05:52:09.421+0000] {logging_mixin.py:188} INFO - [2024-06-25T05:52:09.421+0000] {dag.py:3096} INFO - Sync 1 DAGs
[2024-06-25T05:52:09.435+0000] {logging_mixin.py:188} INFO - [2024-06-25T05:52:09.435+0000] {dag.py:3954} INFO - Setting next_dagrun for example_setup_teardown to 2024-06-24 00:00:00+00:00, run_after=2024-06-25 00:00:00+00:00
[2024-06-25T05:52:09.444+0000] {processor.py:183} INFO - Processing /home/airflow/.local/lib/python3.12/site-packages/airflow/example_dags/example_setup_teardown.py took 0.066 seconds
[2024-06-25T05:52:40.078+0000] {processor.py:161} INFO - Started process (PID=1106) to work on /home/airflow/.local/lib/python3.12/site-packages/airflow/example_dags/example_setup_teardown.py
[2024-06-25T05:52:40.079+0000] {processor.py:830} INFO - Processing file /home/airflow/.local/lib/python3.12/site-packages/airflow/example_dags/example_setup_teardown.py for tasks to queue
[2024-06-25T05:52:40.080+0000] {logging_mixin.py:188} INFO - [2024-06-25T05:52:40.080+0000] {dagbag.py:545} INFO - Filling up the DagBag from /home/airflow/.local/lib/python3.12/site-packages/airflow/example_dags/example_setup_teardown.py
[2024-06-25T05:52:40.084+0000] {processor.py:840} INFO - DAG(s) 'example_setup_teardown' retrieved from /home/airflow/.local/lib/python3.12/site-packages/airflow/example_dags/example_setup_teardown.py
[2024-06-25T05:52:40.095+0000] {logging_mixin.py:188} INFO - [2024-06-25T05:52:40.095+0000] {dag.py:3096} INFO - Sync 1 DAGs
[2024-06-25T05:52:40.105+0000] {logging_mixin.py:188} INFO - [2024-06-25T05:52:40.105+0000] {dag.py:3954} INFO - Setting next_dagrun for example_setup_teardown to 2024-06-24 00:00:00+00:00, run_after=2024-06-25 00:00:00+00:00
[2024-06-25T05:52:40.114+0000] {processor.py:183} INFO - Processing /home/airflow/.local/lib/python3.12/site-packages/airflow/example_dags/example_setup_teardown.py took 0.040 seconds
[2024-06-25T05:53:10.777+0000] {processor.py:161} INFO - Started process (PID=1164) to work on /home/airflow/.local/lib/python3.12/site-packages/airflow/example_dags/example_setup_teardown.py
[2024-06-25T05:53:10.780+0000] {processor.py:830} INFO - Processing file /home/airflow/.local/lib/python3.12/site-packages/airflow/example_dags/example_setup_teardown.py for tasks to queue
[2024-06-25T05:53:10.782+0000] {logging_mixin.py:188} INFO - [2024-06-25T05:53:10.782+0000] {dagbag.py:545} INFO - Filling up the DagBag from /home/airflow/.local/lib/python3.12/site-packages/airflow/example_dags/example_setup_teardown.py
[2024-06-25T05:53:10.791+0000] {processor.py:840} INFO - DAG(s) 'example_setup_teardown' retrieved from /home/airflow/.local/lib/python3.12/site-packages/airflow/example_dags/example_setup_teardown.py
[2024-06-25T05:53:10.813+0000] {logging_mixin.py:188} INFO - [2024-06-25T05:53:10.813+0000] {dag.py:3096} INFO - Sync 1 DAGs
[2024-06-25T05:53:10.827+0000] {logging_mixin.py:188} INFO - [2024-06-25T05:53:10.827+0000] {dag.py:3954} INFO - Setting next_dagrun for example_setup_teardown to 2024-06-24 00:00:00+00:00, run_after=2024-06-25 00:00:00+00:00
[2024-06-25T05:53:10.838+0000] {processor.py:183} INFO - Processing /home/airflow/.local/lib/python3.12/site-packages/airflow/example_dags/example_setup_teardown.py took 0.072 seconds
[2024-06-25T05:53:40.979+0000] {processor.py:161} INFO - Started process (PID=1222) to work on /home/airflow/.local/lib/python3.12/site-packages/airflow/example_dags/example_setup_teardown.py
[2024-06-25T05:53:40.981+0000] {processor.py:830} INFO - Processing file /home/airflow/.local/lib/python3.12/site-packages/airflow/example_dags/example_setup_teardown.py for tasks to queue
[2024-06-25T05:53:40.982+0000] {logging_mixin.py:188} INFO - [2024-06-25T05:53:40.982+0000] {dagbag.py:545} INFO - Filling up the DagBag from /home/airflow/.local/lib/python3.12/site-packages/airflow/example_dags/example_setup_teardown.py
[2024-06-25T05:53:40.986+0000] {processor.py:840} INFO - DAG(s) 'example_setup_teardown' retrieved from /home/airflow/.local/lib/python3.12/site-packages/airflow/example_dags/example_setup_teardown.py
[2024-06-25T05:53:40.997+0000] {logging_mixin.py:188} INFO - [2024-06-25T05:53:40.997+0000] {dag.py:3096} INFO - Sync 1 DAGs
[2024-06-25T05:53:41.008+0000] {logging_mixin.py:188} INFO - [2024-06-25T05:53:41.008+0000] {dag.py:3954} INFO - Setting next_dagrun for example_setup_teardown to 2024-06-24 00:00:00+00:00, run_after=2024-06-25 00:00:00+00:00
[2024-06-25T05:53:41.016+0000] {processor.py:183} INFO - Processing /home/airflow/.local/lib/python3.12/site-packages/airflow/example_dags/example_setup_teardown.py took 0.043 seconds
[2024-06-25T05:54:11.889+0000] {processor.py:161} INFO - Started process (PID=1280) to work on /home/airflow/.local/lib/python3.12/site-packages/airflow/example_dags/example_setup_teardown.py
[2024-06-25T05:54:11.892+0000] {processor.py:830} INFO - Processing file /home/airflow/.local/lib/python3.12/site-packages/airflow/example_dags/example_setup_teardown.py for tasks to queue
[2024-06-25T05:54:11.895+0000] {logging_mixin.py:188} INFO - [2024-06-25T05:54:11.894+0000] {dagbag.py:545} INFO - Filling up the DagBag from /home/airflow/.local/lib/python3.12/site-packages/airflow/example_dags/example_setup_teardown.py
[2024-06-25T05:54:11.900+0000] {processor.py:840} INFO - DAG(s) 'example_setup_teardown' retrieved from /home/airflow/.local/lib/python3.12/site-packages/airflow/example_dags/example_setup_teardown.py
[2024-06-25T05:54:11.916+0000] {logging_mixin.py:188} INFO - [2024-06-25T05:54:11.916+0000] {dag.py:3096} INFO - Sync 1 DAGs
[2024-06-25T05:54:11.938+0000] {logging_mixin.py:188} INFO - [2024-06-25T05:54:11.938+0000] {dag.py:3954} INFO - Setting next_dagrun for example_setup_teardown to 2024-06-24 00:00:00+00:00, run_after=2024-06-25 00:00:00+00:00
[2024-06-25T05:54:11.949+0000] {processor.py:183} INFO - Processing /home/airflow/.local/lib/python3.12/site-packages/airflow/example_dags/example_setup_teardown.py took 0.066 seconds
[2024-06-25T05:54:42.042+0000] {processor.py:161} INFO - Started process (PID=1337) to work on /home/airflow/.local/lib/python3.12/site-packages/airflow/example_dags/example_setup_teardown.py
[2024-06-25T05:54:42.043+0000] {processor.py:830} INFO - Processing file /home/airflow/.local/lib/python3.12/site-packages/airflow/example_dags/example_setup_teardown.py for tasks to queue
[2024-06-25T05:54:42.045+0000] {logging_mixin.py:188} INFO - [2024-06-25T05:54:42.045+0000] {dagbag.py:545} INFO - Filling up the DagBag from /home/airflow/.local/lib/python3.12/site-packages/airflow/example_dags/example_setup_teardown.py
[2024-06-25T05:54:42.051+0000] {processor.py:840} INFO - DAG(s) 'example_setup_teardown' retrieved from /home/airflow/.local/lib/python3.12/site-packages/airflow/example_dags/example_setup_teardown.py
[2024-06-25T05:54:42.070+0000] {logging_mixin.py:188} INFO - [2024-06-25T05:54:42.070+0000] {dag.py:3096} INFO - Sync 1 DAGs
[2024-06-25T05:54:42.086+0000] {logging_mixin.py:188} INFO - [2024-06-25T05:54:42.086+0000] {dag.py:3954} INFO - Setting next_dagrun for example_setup_teardown to 2024-06-24 00:00:00+00:00, run_after=2024-06-25 00:00:00+00:00
[2024-06-25T05:54:42.097+0000] {processor.py:183} INFO - Processing /home/airflow/.local/lib/python3.12/site-packages/airflow/example_dags/example_setup_teardown.py took 0.061 seconds
[2024-06-25T05:55:12.131+0000] {processor.py:161} INFO - Started process (PID=1395) to work on /home/airflow/.local/lib/python3.12/site-packages/airflow/example_dags/example_setup_teardown.py
[2024-06-25T05:55:12.133+0000] {processor.py:830} INFO - Processing file /home/airflow/.local/lib/python3.12/site-packages/airflow/example_dags/example_setup_teardown.py for tasks to queue
[2024-06-25T05:55:12.135+0000] {logging_mixin.py:188} INFO - [2024-06-25T05:55:12.134+0000] {dagbag.py:545} INFO - Filling up the DagBag from /home/airflow/.local/lib/python3.12/site-packages/airflow/example_dags/example_setup_teardown.py
[2024-06-25T05:55:12.139+0000] {processor.py:840} INFO - DAG(s) 'example_setup_teardown' retrieved from /home/airflow/.local/lib/python3.12/site-packages/airflow/example_dags/example_setup_teardown.py
[2024-06-25T05:55:12.150+0000] {logging_mixin.py:188} INFO - [2024-06-25T05:55:12.150+0000] {dag.py:3096} INFO - Sync 1 DAGs
[2024-06-25T05:55:12.160+0000] {logging_mixin.py:188} INFO - [2024-06-25T05:55:12.159+0000] {dag.py:3954} INFO - Setting next_dagrun for example_setup_teardown to 2024-06-24 00:00:00+00:00, run_after=2024-06-25 00:00:00+00:00
[2024-06-25T05:55:12.168+0000] {processor.py:183} INFO - Processing /home/airflow/.local/lib/python3.12/site-packages/airflow/example_dags/example_setup_teardown.py took 0.043 seconds
[2024-06-25T05:55:43.132+0000] {processor.py:161} INFO - Started process (PID=1453) to work on /home/airflow/.local/lib/python3.12/site-packages/airflow/example_dags/example_setup_teardown.py
[2024-06-25T05:55:43.134+0000] {processor.py:830} INFO - Processing file /home/airflow/.local/lib/python3.12/site-packages/airflow/example_dags/example_setup_teardown.py for tasks to queue
[2024-06-25T05:55:43.135+0000] {logging_mixin.py:188} INFO - [2024-06-25T05:55:43.135+0000] {dagbag.py:545} INFO - Filling up the DagBag from /home/airflow/.local/lib/python3.12/site-packages/airflow/example_dags/example_setup_teardown.py
[2024-06-25T05:55:43.140+0000] {processor.py:840} INFO - DAG(s) 'example_setup_teardown' retrieved from /home/airflow/.local/lib/python3.12/site-packages/airflow/example_dags/example_setup_teardown.py
[2024-06-25T05:55:43.156+0000] {logging_mixin.py:188} INFO - [2024-06-25T05:55:43.156+0000] {dag.py:3096} INFO - Sync 1 DAGs
[2024-06-25T05:55:43.166+0000] {logging_mixin.py:188} INFO - [2024-06-25T05:55:43.166+0000] {dag.py:3954} INFO - Setting next_dagrun for example_setup_teardown to 2024-06-24 00:00:00+00:00, run_after=2024-06-25 00:00:00+00:00
[2024-06-25T05:55:43.176+0000] {processor.py:183} INFO - Processing /home/airflow/.local/lib/python3.12/site-packages/airflow/example_dags/example_setup_teardown.py took 0.050 seconds
[2024-06-25T05:56:13.243+0000] {processor.py:161} INFO - Started process (PID=1511) to work on /home/airflow/.local/lib/python3.12/site-packages/airflow/example_dags/example_setup_teardown.py
[2024-06-25T05:56:13.244+0000] {processor.py:830} INFO - Processing file /home/airflow/.local/lib/python3.12/site-packages/airflow/example_dags/example_setup_teardown.py for tasks to queue
[2024-06-25T05:56:13.245+0000] {logging_mixin.py:188} INFO - [2024-06-25T05:56:13.245+0000] {dagbag.py:545} INFO - Filling up the DagBag from /home/airflow/.local/lib/python3.12/site-packages/airflow/example_dags/example_setup_teardown.py
[2024-06-25T05:56:13.248+0000] {processor.py:840} INFO - DAG(s) 'example_setup_teardown' retrieved from /home/airflow/.local/lib/python3.12/site-packages/airflow/example_dags/example_setup_teardown.py
[2024-06-25T05:56:13.259+0000] {logging_mixin.py:188} INFO - [2024-06-25T05:56:13.258+0000] {dag.py:3096} INFO - Sync 1 DAGs
[2024-06-25T05:56:13.268+0000] {logging_mixin.py:188} INFO - [2024-06-25T05:56:13.268+0000] {dag.py:3954} INFO - Setting next_dagrun for example_setup_teardown to 2024-06-24 00:00:00+00:00, run_after=2024-06-25 00:00:00+00:00
[2024-06-25T05:56:13.281+0000] {processor.py:183} INFO - Processing /home/airflow/.local/lib/python3.12/site-packages/airflow/example_dags/example_setup_teardown.py took 0.043 seconds
[2024-06-25T05:56:43.945+0000] {processor.py:161} INFO - Started process (PID=1575) to work on /home/airflow/.local/lib/python3.12/site-packages/airflow/example_dags/example_setup_teardown.py
[2024-06-25T05:56:43.946+0000] {processor.py:830} INFO - Processing file /home/airflow/.local/lib/python3.12/site-packages/airflow/example_dags/example_setup_teardown.py for tasks to queue
[2024-06-25T05:56:43.947+0000] {logging_mixin.py:188} INFO - [2024-06-25T05:56:43.947+0000] {dagbag.py:545} INFO - Filling up the DagBag from /home/airflow/.local/lib/python3.12/site-packages/airflow/example_dags/example_setup_teardown.py
[2024-06-25T05:56:43.950+0000] {processor.py:840} INFO - DAG(s) 'example_setup_teardown' retrieved from /home/airflow/.local/lib/python3.12/site-packages/airflow/example_dags/example_setup_teardown.py
[2024-06-25T05:56:43.960+0000] {logging_mixin.py:188} INFO - [2024-06-25T05:56:43.960+0000] {dag.py:3096} INFO - Sync 1 DAGs
[2024-06-25T05:56:43.971+0000] {logging_mixin.py:188} INFO - [2024-06-25T05:56:43.971+0000] {dag.py:3954} INFO - Setting next_dagrun for example_setup_teardown to 2024-06-24 00:00:00+00:00, run_after=2024-06-25 00:00:00+00:00
[2024-06-25T05:56:43.980+0000] {processor.py:183} INFO - Processing /home/airflow/.local/lib/python3.12/site-packages/airflow/example_dags/example_setup_teardown.py took 0.038 seconds
[2024-06-25T05:57:14.672+0000] {processor.py:161} INFO - Started process (PID=1633) to work on /home/airflow/.local/lib/python3.12/site-packages/airflow/example_dags/example_setup_teardown.py
[2024-06-25T05:57:14.673+0000] {processor.py:830} INFO - Processing file /home/airflow/.local/lib/python3.12/site-packages/airflow/example_dags/example_setup_teardown.py for tasks to queue
[2024-06-25T05:57:14.674+0000] {logging_mixin.py:188} INFO - [2024-06-25T05:57:14.674+0000] {dagbag.py:545} INFO - Filling up the DagBag from /home/airflow/.local/lib/python3.12/site-packages/airflow/example_dags/example_setup_teardown.py
[2024-06-25T05:57:14.677+0000] {processor.py:840} INFO - DAG(s) 'example_setup_teardown' retrieved from /home/airflow/.local/lib/python3.12/site-packages/airflow/example_dags/example_setup_teardown.py
[2024-06-25T05:57:14.691+0000] {logging_mixin.py:188} INFO - [2024-06-25T05:57:14.691+0000] {dag.py:3096} INFO - Sync 1 DAGs
[2024-06-25T05:57:14.701+0000] {logging_mixin.py:188} INFO - [2024-06-25T05:57:14.701+0000] {dag.py:3954} INFO - Setting next_dagrun for example_setup_teardown to 2024-06-24 00:00:00+00:00, run_after=2024-06-25 00:00:00+00:00
[2024-06-25T05:57:14.710+0000] {processor.py:183} INFO - Processing /home/airflow/.local/lib/python3.12/site-packages/airflow/example_dags/example_setup_teardown.py took 0.041 seconds
[2024-06-25T05:57:45.448+0000] {processor.py:161} INFO - Started process (PID=1691) to work on /home/airflow/.local/lib/python3.12/site-packages/airflow/example_dags/example_setup_teardown.py
[2024-06-25T05:57:45.450+0000] {processor.py:830} INFO - Processing file /home/airflow/.local/lib/python3.12/site-packages/airflow/example_dags/example_setup_teardown.py for tasks to queue
[2024-06-25T05:57:45.452+0000] {logging_mixin.py:188} INFO - [2024-06-25T05:57:45.451+0000] {dagbag.py:545} INFO - Filling up the DagBag from /home/airflow/.local/lib/python3.12/site-packages/airflow/example_dags/example_setup_teardown.py
[2024-06-25T05:57:45.455+0000] {processor.py:840} INFO - DAG(s) 'example_setup_teardown' retrieved from /home/airflow/.local/lib/python3.12/site-packages/airflow/example_dags/example_setup_teardown.py
[2024-06-25T05:57:45.466+0000] {logging_mixin.py:188} INFO - [2024-06-25T05:57:45.466+0000] {dag.py:3096} INFO - Sync 1 DAGs
[2024-06-25T05:57:45.476+0000] {logging_mixin.py:188} INFO - [2024-06-25T05:57:45.476+0000] {dag.py:3954} INFO - Setting next_dagrun for example_setup_teardown to 2024-06-24 00:00:00+00:00, run_after=2024-06-25 00:00:00+00:00
[2024-06-25T05:57:45.485+0000] {processor.py:183} INFO - Processing /home/airflow/.local/lib/python3.12/site-packages/airflow/example_dags/example_setup_teardown.py took 0.044 seconds
