[2024-06-25T05:41:18.475+0000] {processor.py:161} INFO - Started process (PID=55) to work on /home/airflow/.local/lib/python3.12/site-packages/airflow/example_dags/example_latest_only_with_trigger.py
[2024-06-25T05:41:18.477+0000] {processor.py:830} INFO - Processing file /home/airflow/.local/lib/python3.12/site-packages/airflow/example_dags/example_latest_only_with_trigger.py for tasks to queue
[2024-06-25T05:41:18.479+0000] {logging_mixin.py:188} INFO - [2024-06-25T05:41:18.479+0000] {dagbag.py:545} INFO - Filling up the DagBag from /home/airflow/.local/lib/python3.12/site-packages/airflow/example_dags/example_latest_only_with_trigger.py
[2024-06-25T05:41:18.518+0000] {processor.py:840} INFO - DAG(s) 'latest_only_with_trigger' retrieved from /home/airflow/.local/lib/python3.12/site-packages/airflow/example_dags/example_latest_only_with_trigger.py
[2024-06-25T05:41:18.538+0000] {logging_mixin.py:188} INFO - [2024-06-25T05:41:18.538+0000] {dag.py:3096} INFO - Sync 1 DAGs
[2024-06-25T05:41:18.578+0000] {logging_mixin.py:188} INFO - [2024-06-25T05:41:18.578+0000] {dag.py:3954} INFO - Setting next_dagrun for latest_only_with_trigger to 2024-06-25 00:00:00+00:00, run_after=2024-06-25 04:00:00+00:00
[2024-06-25T05:41:18.599+0000] {processor.py:183} INFO - Processing /home/airflow/.local/lib/python3.12/site-packages/airflow/example_dags/example_latest_only_with_trigger.py took 0.131 seconds
[2024-06-25T05:41:48.794+0000] {processor.py:161} INFO - Started process (PID=113) to work on /home/airflow/.local/lib/python3.12/site-packages/airflow/example_dags/example_latest_only_with_trigger.py
[2024-06-25T05:41:48.795+0000] {processor.py:830} INFO - Processing file /home/airflow/.local/lib/python3.12/site-packages/airflow/example_dags/example_latest_only_with_trigger.py for tasks to queue
[2024-06-25T05:41:48.796+0000] {logging_mixin.py:188} INFO - [2024-06-25T05:41:48.796+0000] {dagbag.py:545} INFO - Filling up the DagBag from /home/airflow/.local/lib/python3.12/site-packages/airflow/example_dags/example_latest_only_with_trigger.py
[2024-06-25T05:41:48.799+0000] {processor.py:840} INFO - DAG(s) 'latest_only_with_trigger' retrieved from /home/airflow/.local/lib/python3.12/site-packages/airflow/example_dags/example_latest_only_with_trigger.py
[2024-06-25T05:41:48.841+0000] {logging_mixin.py:188} INFO - [2024-06-25T05:41:48.841+0000] {dag.py:3096} INFO - Sync 1 DAGs
[2024-06-25T05:41:48.850+0000] {logging_mixin.py:188} INFO - [2024-06-25T05:41:48.850+0000] {dag.py:3954} INFO - Setting next_dagrun for latest_only_with_trigger to 2024-06-25 00:00:00+00:00, run_after=2024-06-25 04:00:00+00:00
[2024-06-25T05:41:48.859+0000] {processor.py:183} INFO - Processing /home/airflow/.local/lib/python3.12/site-packages/airflow/example_dags/example_latest_only_with_trigger.py took 0.068 seconds
[2024-06-25T05:42:18.912+0000] {processor.py:161} INFO - Started process (PID=171) to work on /home/airflow/.local/lib/python3.12/site-packages/airflow/example_dags/example_latest_only_with_trigger.py
[2024-06-25T05:42:18.913+0000] {processor.py:830} INFO - Processing file /home/airflow/.local/lib/python3.12/site-packages/airflow/example_dags/example_latest_only_with_trigger.py for tasks to queue
[2024-06-25T05:42:18.914+0000] {logging_mixin.py:188} INFO - [2024-06-25T05:42:18.914+0000] {dagbag.py:545} INFO - Filling up the DagBag from /home/airflow/.local/lib/python3.12/site-packages/airflow/example_dags/example_latest_only_with_trigger.py
[2024-06-25T05:42:18.916+0000] {processor.py:840} INFO - DAG(s) 'latest_only_with_trigger' retrieved from /home/airflow/.local/lib/python3.12/site-packages/airflow/example_dags/example_latest_only_with_trigger.py
[2024-06-25T05:42:18.926+0000] {logging_mixin.py:188} INFO - [2024-06-25T05:42:18.926+0000] {dag.py:3096} INFO - Sync 1 DAGs
[2024-06-25T05:42:18.938+0000] {logging_mixin.py:188} INFO - [2024-06-25T05:42:18.937+0000] {dag.py:3954} INFO - Setting next_dagrun for latest_only_with_trigger to 2024-06-25 00:00:00+00:00, run_after=2024-06-25 04:00:00+00:00
[2024-06-25T05:42:18.950+0000] {processor.py:183} INFO - Processing /home/airflow/.local/lib/python3.12/site-packages/airflow/example_dags/example_latest_only_with_trigger.py took 0.041 seconds
[2024-06-25T05:42:49.321+0000] {processor.py:161} INFO - Started process (PID=229) to work on /home/airflow/.local/lib/python3.12/site-packages/airflow/example_dags/example_latest_only_with_trigger.py
[2024-06-25T05:42:49.322+0000] {processor.py:830} INFO - Processing file /home/airflow/.local/lib/python3.12/site-packages/airflow/example_dags/example_latest_only_with_trigger.py for tasks to queue
[2024-06-25T05:42:49.323+0000] {logging_mixin.py:188} INFO - [2024-06-25T05:42:49.323+0000] {dagbag.py:545} INFO - Filling up the DagBag from /home/airflow/.local/lib/python3.12/site-packages/airflow/example_dags/example_latest_only_with_trigger.py
[2024-06-25T05:42:49.326+0000] {processor.py:840} INFO - DAG(s) 'latest_only_with_trigger' retrieved from /home/airflow/.local/lib/python3.12/site-packages/airflow/example_dags/example_latest_only_with_trigger.py
[2024-06-25T05:42:49.336+0000] {logging_mixin.py:188} INFO - [2024-06-25T05:42:49.336+0000] {dag.py:3096} INFO - Sync 1 DAGs
[2024-06-25T05:42:49.346+0000] {logging_mixin.py:188} INFO - [2024-06-25T05:42:49.346+0000] {dag.py:3954} INFO - Setting next_dagrun for latest_only_with_trigger to 2024-06-25 00:00:00+00:00, run_after=2024-06-25 04:00:00+00:00
[2024-06-25T05:42:49.355+0000] {processor.py:183} INFO - Processing /home/airflow/.local/lib/python3.12/site-packages/airflow/example_dags/example_latest_only_with_trigger.py took 0.037 seconds
[2024-06-25T05:43:20.037+0000] {processor.py:161} INFO - Started process (PID=54) to work on /home/airflow/.local/lib/python3.12/site-packages/airflow/example_dags/example_latest_only_with_trigger.py
[2024-06-25T05:43:20.042+0000] {processor.py:830} INFO - Processing file /home/airflow/.local/lib/python3.12/site-packages/airflow/example_dags/example_latest_only_with_trigger.py for tasks to queue
[2024-06-25T05:43:20.047+0000] {logging_mixin.py:188} INFO - [2024-06-25T05:43:20.047+0000] {dagbag.py:545} INFO - Filling up the DagBag from /home/airflow/.local/lib/python3.12/site-packages/airflow/example_dags/example_latest_only_with_trigger.py
[2024-06-25T05:43:20.060+0000] {processor.py:840} INFO - DAG(s) 'latest_only_with_trigger' retrieved from /home/airflow/.local/lib/python3.12/site-packages/airflow/example_dags/example_latest_only_with_trigger.py
[2024-06-25T05:43:20.091+0000] {logging_mixin.py:188} INFO - [2024-06-25T05:43:20.091+0000] {dag.py:3096} INFO - Sync 1 DAGs
[2024-06-25T05:43:20.111+0000] {logging_mixin.py:188} INFO - [2024-06-25T05:43:20.111+0000] {dag.py:3954} INFO - Setting next_dagrun for latest_only_with_trigger to 2024-06-25 00:00:00+00:00, run_after=2024-06-25 04:00:00+00:00
[2024-06-25T05:43:20.129+0000] {processor.py:183} INFO - Processing /home/airflow/.local/lib/python3.12/site-packages/airflow/example_dags/example_latest_only_with_trigger.py took 0.104 seconds
[2024-06-25T05:43:50.824+0000] {processor.py:161} INFO - Started process (PID=112) to work on /home/airflow/.local/lib/python3.12/site-packages/airflow/example_dags/example_latest_only_with_trigger.py
[2024-06-25T05:43:50.825+0000] {processor.py:830} INFO - Processing file /home/airflow/.local/lib/python3.12/site-packages/airflow/example_dags/example_latest_only_with_trigger.py for tasks to queue
[2024-06-25T05:43:50.825+0000] {logging_mixin.py:188} INFO - [2024-06-25T05:43:50.825+0000] {dagbag.py:545} INFO - Filling up the DagBag from /home/airflow/.local/lib/python3.12/site-packages/airflow/example_dags/example_latest_only_with_trigger.py
[2024-06-25T05:43:50.828+0000] {processor.py:840} INFO - DAG(s) 'latest_only_with_trigger' retrieved from /home/airflow/.local/lib/python3.12/site-packages/airflow/example_dags/example_latest_only_with_trigger.py
[2024-06-25T05:43:50.834+0000] {logging_mixin.py:188} INFO - [2024-06-25T05:43:50.834+0000] {dag.py:3096} INFO - Sync 1 DAGs
[2024-06-25T05:43:50.844+0000] {logging_mixin.py:188} INFO - [2024-06-25T05:43:50.844+0000] {dag.py:3954} INFO - Setting next_dagrun for latest_only_with_trigger to 2024-06-25 00:00:00+00:00, run_after=2024-06-25 04:00:00+00:00
[2024-06-25T05:43:50.852+0000] {processor.py:183} INFO - Processing /home/airflow/.local/lib/python3.12/site-packages/airflow/example_dags/example_latest_only_with_trigger.py took 0.031 seconds
[2024-06-25T05:44:21.831+0000] {processor.py:161} INFO - Started process (PID=170) to work on /home/airflow/.local/lib/python3.12/site-packages/airflow/example_dags/example_latest_only_with_trigger.py
[2024-06-25T05:44:21.832+0000] {processor.py:830} INFO - Processing file /home/airflow/.local/lib/python3.12/site-packages/airflow/example_dags/example_latest_only_with_trigger.py for tasks to queue
[2024-06-25T05:44:21.832+0000] {logging_mixin.py:188} INFO - [2024-06-25T05:44:21.832+0000] {dagbag.py:545} INFO - Filling up the DagBag from /home/airflow/.local/lib/python3.12/site-packages/airflow/example_dags/example_latest_only_with_trigger.py
[2024-06-25T05:44:21.835+0000] {processor.py:840} INFO - DAG(s) 'latest_only_with_trigger' retrieved from /home/airflow/.local/lib/python3.12/site-packages/airflow/example_dags/example_latest_only_with_trigger.py
[2024-06-25T05:44:21.877+0000] {logging_mixin.py:188} INFO - [2024-06-25T05:44:21.877+0000] {dag.py:3096} INFO - Sync 1 DAGs
[2024-06-25T05:44:21.885+0000] {logging_mixin.py:188} INFO - [2024-06-25T05:44:21.885+0000] {dag.py:3954} INFO - Setting next_dagrun for latest_only_with_trigger to 2024-06-25 00:00:00+00:00, run_after=2024-06-25 04:00:00+00:00
[2024-06-25T05:44:21.893+0000] {processor.py:183} INFO - Processing /home/airflow/.local/lib/python3.12/site-packages/airflow/example_dags/example_latest_only_with_trigger.py took 0.065 seconds
[2024-06-25T05:44:52.864+0000] {processor.py:161} INFO - Started process (PID=228) to work on /home/airflow/.local/lib/python3.12/site-packages/airflow/example_dags/example_latest_only_with_trigger.py
[2024-06-25T05:44:52.864+0000] {processor.py:830} INFO - Processing file /home/airflow/.local/lib/python3.12/site-packages/airflow/example_dags/example_latest_only_with_trigger.py for tasks to queue
[2024-06-25T05:44:52.866+0000] {logging_mixin.py:188} INFO - [2024-06-25T05:44:52.865+0000] {dagbag.py:545} INFO - Filling up the DagBag from /home/airflow/.local/lib/python3.12/site-packages/airflow/example_dags/example_latest_only_with_trigger.py
[2024-06-25T05:44:52.868+0000] {processor.py:840} INFO - DAG(s) 'latest_only_with_trigger' retrieved from /home/airflow/.local/lib/python3.12/site-packages/airflow/example_dags/example_latest_only_with_trigger.py
[2024-06-25T05:44:52.878+0000] {logging_mixin.py:188} INFO - [2024-06-25T05:44:52.878+0000] {dag.py:3096} INFO - Sync 1 DAGs
[2024-06-25T05:44:52.891+0000] {logging_mixin.py:188} INFO - [2024-06-25T05:44:52.891+0000] {dag.py:3954} INFO - Setting next_dagrun for latest_only_with_trigger to 2024-06-25 00:00:00+00:00, run_after=2024-06-25 04:00:00+00:00
[2024-06-25T05:44:52.901+0000] {processor.py:183} INFO - Processing /home/airflow/.local/lib/python3.12/site-packages/airflow/example_dags/example_latest_only_with_trigger.py took 0.040 seconds
[2024-06-25T05:45:23.544+0000] {processor.py:161} INFO - Started process (PID=285) to work on /home/airflow/.local/lib/python3.12/site-packages/airflow/example_dags/example_latest_only_with_trigger.py
[2024-06-25T05:45:23.545+0000] {processor.py:830} INFO - Processing file /home/airflow/.local/lib/python3.12/site-packages/airflow/example_dags/example_latest_only_with_trigger.py for tasks to queue
[2024-06-25T05:45:23.546+0000] {logging_mixin.py:188} INFO - [2024-06-25T05:45:23.546+0000] {dagbag.py:545} INFO - Filling up the DagBag from /home/airflow/.local/lib/python3.12/site-packages/airflow/example_dags/example_latest_only_with_trigger.py
[2024-06-25T05:45:23.548+0000] {processor.py:840} INFO - DAG(s) 'latest_only_with_trigger' retrieved from /home/airflow/.local/lib/python3.12/site-packages/airflow/example_dags/example_latest_only_with_trigger.py
[2024-06-25T05:45:23.557+0000] {logging_mixin.py:188} INFO - [2024-06-25T05:45:23.557+0000] {dag.py:3096} INFO - Sync 1 DAGs
[2024-06-25T05:45:23.569+0000] {logging_mixin.py:188} INFO - [2024-06-25T05:45:23.569+0000] {dag.py:3954} INFO - Setting next_dagrun for latest_only_with_trigger to 2024-06-25 00:00:00+00:00, run_after=2024-06-25 04:00:00+00:00
[2024-06-25T05:45:23.582+0000] {processor.py:183} INFO - Processing /home/airflow/.local/lib/python3.12/site-packages/airflow/example_dags/example_latest_only_with_trigger.py took 0.040 seconds
[2024-06-25T05:45:54.222+0000] {processor.py:161} INFO - Started process (PID=343) to work on /home/airflow/.local/lib/python3.12/site-packages/airflow/example_dags/example_latest_only_with_trigger.py
[2024-06-25T05:45:54.223+0000] {processor.py:830} INFO - Processing file /home/airflow/.local/lib/python3.12/site-packages/airflow/example_dags/example_latest_only_with_trigger.py for tasks to queue
[2024-06-25T05:45:54.224+0000] {logging_mixin.py:188} INFO - [2024-06-25T05:45:54.224+0000] {dagbag.py:545} INFO - Filling up the DagBag from /home/airflow/.local/lib/python3.12/site-packages/airflow/example_dags/example_latest_only_with_trigger.py
[2024-06-25T05:45:54.226+0000] {processor.py:840} INFO - DAG(s) 'latest_only_with_trigger' retrieved from /home/airflow/.local/lib/python3.12/site-packages/airflow/example_dags/example_latest_only_with_trigger.py
[2024-06-25T05:45:54.235+0000] {logging_mixin.py:188} INFO - [2024-06-25T05:45:54.235+0000] {dag.py:3096} INFO - Sync 1 DAGs
[2024-06-25T05:45:54.244+0000] {logging_mixin.py:188} INFO - [2024-06-25T05:45:54.244+0000] {dag.py:3954} INFO - Setting next_dagrun for latest_only_with_trigger to 2024-06-25 00:00:00+00:00, run_after=2024-06-25 04:00:00+00:00
[2024-06-25T05:45:54.252+0000] {processor.py:183} INFO - Processing /home/airflow/.local/lib/python3.12/site-packages/airflow/example_dags/example_latest_only_with_trigger.py took 0.032 seconds
[2024-06-25T05:46:24.838+0000] {processor.py:161} INFO - Started process (PID=401) to work on /home/airflow/.local/lib/python3.12/site-packages/airflow/example_dags/example_latest_only_with_trigger.py
[2024-06-25T05:46:24.839+0000] {processor.py:830} INFO - Processing file /home/airflow/.local/lib/python3.12/site-packages/airflow/example_dags/example_latest_only_with_trigger.py for tasks to queue
[2024-06-25T05:46:24.840+0000] {logging_mixin.py:188} INFO - [2024-06-25T05:46:24.840+0000] {dagbag.py:545} INFO - Filling up the DagBag from /home/airflow/.local/lib/python3.12/site-packages/airflow/example_dags/example_latest_only_with_trigger.py
[2024-06-25T05:46:24.843+0000] {processor.py:840} INFO - DAG(s) 'latest_only_with_trigger' retrieved from /home/airflow/.local/lib/python3.12/site-packages/airflow/example_dags/example_latest_only_with_trigger.py
[2024-06-25T05:46:24.855+0000] {logging_mixin.py:188} INFO - [2024-06-25T05:46:24.855+0000] {dag.py:3096} INFO - Sync 1 DAGs
[2024-06-25T05:46:24.865+0000] {logging_mixin.py:188} INFO - [2024-06-25T05:46:24.865+0000] {dag.py:3954} INFO - Setting next_dagrun for latest_only_with_trigger to 2024-06-25 00:00:00+00:00, run_after=2024-06-25 04:00:00+00:00
[2024-06-25T05:46:24.874+0000] {processor.py:183} INFO - Processing /home/airflow/.local/lib/python3.12/site-packages/airflow/example_dags/example_latest_only_with_trigger.py took 0.039 seconds
[2024-06-25T05:46:55.300+0000] {processor.py:161} INFO - Started process (PID=459) to work on /home/airflow/.local/lib/python3.12/site-packages/airflow/example_dags/example_latest_only_with_trigger.py
[2024-06-25T05:46:55.300+0000] {processor.py:830} INFO - Processing file /home/airflow/.local/lib/python3.12/site-packages/airflow/example_dags/example_latest_only_with_trigger.py for tasks to queue
[2024-06-25T05:46:55.301+0000] {logging_mixin.py:188} INFO - [2024-06-25T05:46:55.301+0000] {dagbag.py:545} INFO - Filling up the DagBag from /home/airflow/.local/lib/python3.12/site-packages/airflow/example_dags/example_latest_only_with_trigger.py
[2024-06-25T05:46:55.304+0000] {processor.py:840} INFO - DAG(s) 'latest_only_with_trigger' retrieved from /home/airflow/.local/lib/python3.12/site-packages/airflow/example_dags/example_latest_only_with_trigger.py
[2024-06-25T05:46:55.315+0000] {logging_mixin.py:188} INFO - [2024-06-25T05:46:55.314+0000] {dag.py:3096} INFO - Sync 1 DAGs
[2024-06-25T05:46:55.325+0000] {logging_mixin.py:188} INFO - [2024-06-25T05:46:55.325+0000] {dag.py:3954} INFO - Setting next_dagrun for latest_only_with_trigger to 2024-06-25 00:00:00+00:00, run_after=2024-06-25 04:00:00+00:00
[2024-06-25T05:46:55.333+0000] {processor.py:183} INFO - Processing /home/airflow/.local/lib/python3.12/site-packages/airflow/example_dags/example_latest_only_with_trigger.py took 0.036 seconds
[2024-06-25T05:47:33.895+0000] {processor.py:161} INFO - Started process (PID=516) to work on /home/airflow/.local/lib/python3.12/site-packages/airflow/example_dags/example_latest_only_with_trigger.py
[2024-06-25T05:47:33.899+0000] {processor.py:830} INFO - Processing file /home/airflow/.local/lib/python3.12/site-packages/airflow/example_dags/example_latest_only_with_trigger.py for tasks to queue
[2024-06-25T05:47:33.900+0000] {logging_mixin.py:188} INFO - [2024-06-25T05:47:33.900+0000] {dagbag.py:545} INFO - Filling up the DagBag from /home/airflow/.local/lib/python3.12/site-packages/airflow/example_dags/example_latest_only_with_trigger.py
[2024-06-25T05:47:33.905+0000] {processor.py:840} INFO - DAG(s) 'latest_only_with_trigger' retrieved from /home/airflow/.local/lib/python3.12/site-packages/airflow/example_dags/example_latest_only_with_trigger.py
[2024-06-25T05:47:33.915+0000] {logging_mixin.py:188} INFO - [2024-06-25T05:47:33.915+0000] {dag.py:3096} INFO - Sync 1 DAGs
[2024-06-25T05:47:33.925+0000] {logging_mixin.py:188} INFO - [2024-06-25T05:47:33.925+0000] {dag.py:3954} INFO - Setting next_dagrun for latest_only_with_trigger to 2024-06-25 00:00:00+00:00, run_after=2024-06-25 04:00:00+00:00
[2024-06-25T05:47:33.935+0000] {processor.py:183} INFO - Processing /home/airflow/.local/lib/python3.12/site-packages/airflow/example_dags/example_latest_only_with_trigger.py took 0.042 seconds
[2024-06-25T05:48:04.117+0000] {processor.py:161} INFO - Started process (PID=574) to work on /home/airflow/.local/lib/python3.12/site-packages/airflow/example_dags/example_latest_only_with_trigger.py
[2024-06-25T05:48:04.118+0000] {processor.py:830} INFO - Processing file /home/airflow/.local/lib/python3.12/site-packages/airflow/example_dags/example_latest_only_with_trigger.py for tasks to queue
[2024-06-25T05:48:04.120+0000] {logging_mixin.py:188} INFO - [2024-06-25T05:48:04.119+0000] {dagbag.py:545} INFO - Filling up the DagBag from /home/airflow/.local/lib/python3.12/site-packages/airflow/example_dags/example_latest_only_with_trigger.py
[2024-06-25T05:48:04.124+0000] {processor.py:840} INFO - DAG(s) 'latest_only_with_trigger' retrieved from /home/airflow/.local/lib/python3.12/site-packages/airflow/example_dags/example_latest_only_with_trigger.py
[2024-06-25T05:48:04.135+0000] {logging_mixin.py:188} INFO - [2024-06-25T05:48:04.135+0000] {dag.py:3096} INFO - Sync 1 DAGs
[2024-06-25T05:48:04.153+0000] {logging_mixin.py:188} INFO - [2024-06-25T05:48:04.153+0000] {dag.py:3954} INFO - Setting next_dagrun for latest_only_with_trigger to 2024-06-25 00:00:00+00:00, run_after=2024-06-25 04:00:00+00:00
[2024-06-25T05:48:04.166+0000] {processor.py:183} INFO - Processing /home/airflow/.local/lib/python3.12/site-packages/airflow/example_dags/example_latest_only_with_trigger.py took 0.053 seconds
[2024-06-25T05:48:34.683+0000] {processor.py:161} INFO - Started process (PID=633) to work on /home/airflow/.local/lib/python3.12/site-packages/airflow/example_dags/example_latest_only_with_trigger.py
[2024-06-25T05:48:34.684+0000] {processor.py:830} INFO - Processing file /home/airflow/.local/lib/python3.12/site-packages/airflow/example_dags/example_latest_only_with_trigger.py for tasks to queue
[2024-06-25T05:48:34.685+0000] {logging_mixin.py:188} INFO - [2024-06-25T05:48:34.684+0000] {dagbag.py:545} INFO - Filling up the DagBag from /home/airflow/.local/lib/python3.12/site-packages/airflow/example_dags/example_latest_only_with_trigger.py
[2024-06-25T05:48:34.691+0000] {processor.py:840} INFO - DAG(s) 'latest_only_with_trigger' retrieved from /home/airflow/.local/lib/python3.12/site-packages/airflow/example_dags/example_latest_only_with_trigger.py
[2024-06-25T05:48:34.713+0000] {logging_mixin.py:188} INFO - [2024-06-25T05:48:34.713+0000] {dag.py:3096} INFO - Sync 1 DAGs
[2024-06-25T05:48:34.731+0000] {logging_mixin.py:188} INFO - [2024-06-25T05:48:34.731+0000] {dag.py:3954} INFO - Setting next_dagrun for latest_only_with_trigger to 2024-06-25 00:00:00+00:00, run_after=2024-06-25 04:00:00+00:00
[2024-06-25T05:48:34.742+0000] {processor.py:183} INFO - Processing /home/airflow/.local/lib/python3.12/site-packages/airflow/example_dags/example_latest_only_with_trigger.py took 0.062 seconds
[2024-06-25T05:49:05.502+0000] {processor.py:161} INFO - Started process (PID=691) to work on /home/airflow/.local/lib/python3.12/site-packages/airflow/example_dags/example_latest_only_with_trigger.py
[2024-06-25T05:49:05.503+0000] {processor.py:830} INFO - Processing file /home/airflow/.local/lib/python3.12/site-packages/airflow/example_dags/example_latest_only_with_trigger.py for tasks to queue
[2024-06-25T05:49:05.504+0000] {logging_mixin.py:188} INFO - [2024-06-25T05:49:05.504+0000] {dagbag.py:545} INFO - Filling up the DagBag from /home/airflow/.local/lib/python3.12/site-packages/airflow/example_dags/example_latest_only_with_trigger.py
[2024-06-25T05:49:05.507+0000] {processor.py:840} INFO - DAG(s) 'latest_only_with_trigger' retrieved from /home/airflow/.local/lib/python3.12/site-packages/airflow/example_dags/example_latest_only_with_trigger.py
[2024-06-25T05:49:05.518+0000] {logging_mixin.py:188} INFO - [2024-06-25T05:49:05.518+0000] {dag.py:3096} INFO - Sync 1 DAGs
[2024-06-25T05:49:05.529+0000] {logging_mixin.py:188} INFO - [2024-06-25T05:49:05.529+0000] {dag.py:3954} INFO - Setting next_dagrun for latest_only_with_trigger to 2024-06-25 00:00:00+00:00, run_after=2024-06-25 04:00:00+00:00
[2024-06-25T05:49:05.542+0000] {processor.py:183} INFO - Processing /home/airflow/.local/lib/python3.12/site-packages/airflow/example_dags/example_latest_only_with_trigger.py took 0.043 seconds
[2024-06-25T05:49:35.730+0000] {processor.py:161} INFO - Started process (PID=749) to work on /home/airflow/.local/lib/python3.12/site-packages/airflow/example_dags/example_latest_only_with_trigger.py
[2024-06-25T05:49:35.731+0000] {processor.py:830} INFO - Processing file /home/airflow/.local/lib/python3.12/site-packages/airflow/example_dags/example_latest_only_with_trigger.py for tasks to queue
[2024-06-25T05:49:35.732+0000] {logging_mixin.py:188} INFO - [2024-06-25T05:49:35.732+0000] {dagbag.py:545} INFO - Filling up the DagBag from /home/airflow/.local/lib/python3.12/site-packages/airflow/example_dags/example_latest_only_with_trigger.py
[2024-06-25T05:49:35.735+0000] {processor.py:840} INFO - DAG(s) 'latest_only_with_trigger' retrieved from /home/airflow/.local/lib/python3.12/site-packages/airflow/example_dags/example_latest_only_with_trigger.py
[2024-06-25T05:49:35.747+0000] {logging_mixin.py:188} INFO - [2024-06-25T05:49:35.747+0000] {dag.py:3096} INFO - Sync 1 DAGs
[2024-06-25T05:49:35.758+0000] {logging_mixin.py:188} INFO - [2024-06-25T05:49:35.758+0000] {dag.py:3954} INFO - Setting next_dagrun for latest_only_with_trigger to 2024-06-25 00:00:00+00:00, run_after=2024-06-25 04:00:00+00:00
[2024-06-25T05:49:35.767+0000] {processor.py:183} INFO - Processing /home/airflow/.local/lib/python3.12/site-packages/airflow/example_dags/example_latest_only_with_trigger.py took 0.040 seconds
[2024-06-25T05:50:05.972+0000] {processor.py:161} INFO - Started process (PID=807) to work on /home/airflow/.local/lib/python3.12/site-packages/airflow/example_dags/example_latest_only_with_trigger.py
[2024-06-25T05:50:05.973+0000] {processor.py:830} INFO - Processing file /home/airflow/.local/lib/python3.12/site-packages/airflow/example_dags/example_latest_only_with_trigger.py for tasks to queue
[2024-06-25T05:50:05.974+0000] {logging_mixin.py:188} INFO - [2024-06-25T05:50:05.974+0000] {dagbag.py:545} INFO - Filling up the DagBag from /home/airflow/.local/lib/python3.12/site-packages/airflow/example_dags/example_latest_only_with_trigger.py
[2024-06-25T05:50:05.977+0000] {processor.py:840} INFO - DAG(s) 'latest_only_with_trigger' retrieved from /home/airflow/.local/lib/python3.12/site-packages/airflow/example_dags/example_latest_only_with_trigger.py
[2024-06-25T05:50:05.986+0000] {logging_mixin.py:188} INFO - [2024-06-25T05:50:05.986+0000] {dag.py:3096} INFO - Sync 1 DAGs
[2024-06-25T05:50:05.996+0000] {logging_mixin.py:188} INFO - [2024-06-25T05:50:05.996+0000] {dag.py:3954} INFO - Setting next_dagrun for latest_only_with_trigger to 2024-06-25 00:00:00+00:00, run_after=2024-06-25 04:00:00+00:00
[2024-06-25T05:50:06.004+0000] {processor.py:183} INFO - Processing /home/airflow/.local/lib/python3.12/site-packages/airflow/example_dags/example_latest_only_with_trigger.py took 0.035 seconds
[2024-06-25T05:50:36.063+0000] {processor.py:161} INFO - Started process (PID=865) to work on /home/airflow/.local/lib/python3.12/site-packages/airflow/example_dags/example_latest_only_with_trigger.py
[2024-06-25T05:50:36.064+0000] {processor.py:830} INFO - Processing file /home/airflow/.local/lib/python3.12/site-packages/airflow/example_dags/example_latest_only_with_trigger.py for tasks to queue
[2024-06-25T05:50:36.065+0000] {logging_mixin.py:188} INFO - [2024-06-25T05:50:36.064+0000] {dagbag.py:545} INFO - Filling up the DagBag from /home/airflow/.local/lib/python3.12/site-packages/airflow/example_dags/example_latest_only_with_trigger.py
[2024-06-25T05:50:36.067+0000] {processor.py:840} INFO - DAG(s) 'latest_only_with_trigger' retrieved from /home/airflow/.local/lib/python3.12/site-packages/airflow/example_dags/example_latest_only_with_trigger.py
[2024-06-25T05:50:36.076+0000] {logging_mixin.py:188} INFO - [2024-06-25T05:50:36.076+0000] {dag.py:3096} INFO - Sync 1 DAGs
[2024-06-25T05:50:36.085+0000] {logging_mixin.py:188} INFO - [2024-06-25T05:50:36.085+0000] {dag.py:3954} INFO - Setting next_dagrun for latest_only_with_trigger to 2024-06-25 00:00:00+00:00, run_after=2024-06-25 04:00:00+00:00
[2024-06-25T05:50:36.093+0000] {processor.py:183} INFO - Processing /home/airflow/.local/lib/python3.12/site-packages/airflow/example_dags/example_latest_only_with_trigger.py took 0.033 seconds
[2024-06-25T05:51:06.212+0000] {processor.py:161} INFO - Started process (PID=923) to work on /home/airflow/.local/lib/python3.12/site-packages/airflow/example_dags/example_latest_only_with_trigger.py
[2024-06-25T05:51:06.212+0000] {processor.py:830} INFO - Processing file /home/airflow/.local/lib/python3.12/site-packages/airflow/example_dags/example_latest_only_with_trigger.py for tasks to queue
[2024-06-25T05:51:06.213+0000] {logging_mixin.py:188} INFO - [2024-06-25T05:51:06.213+0000] {dagbag.py:545} INFO - Filling up the DagBag from /home/airflow/.local/lib/python3.12/site-packages/airflow/example_dags/example_latest_only_with_trigger.py
[2024-06-25T05:51:06.216+0000] {processor.py:840} INFO - DAG(s) 'latest_only_with_trigger' retrieved from /home/airflow/.local/lib/python3.12/site-packages/airflow/example_dags/example_latest_only_with_trigger.py
[2024-06-25T05:51:06.233+0000] {logging_mixin.py:188} INFO - [2024-06-25T05:51:06.233+0000] {dag.py:3096} INFO - Sync 1 DAGs
[2024-06-25T05:51:06.242+0000] {logging_mixin.py:188} INFO - [2024-06-25T05:51:06.242+0000] {dag.py:3954} INFO - Setting next_dagrun for latest_only_with_trigger to 2024-06-25 00:00:00+00:00, run_after=2024-06-25 04:00:00+00:00
[2024-06-25T05:51:06.250+0000] {processor.py:183} INFO - Processing /home/airflow/.local/lib/python3.12/site-packages/airflow/example_dags/example_latest_only_with_trigger.py took 0.041 seconds
[2024-06-25T05:51:37.002+0000] {processor.py:161} INFO - Started process (PID=981) to work on /home/airflow/.local/lib/python3.12/site-packages/airflow/example_dags/example_latest_only_with_trigger.py
[2024-06-25T05:51:37.003+0000] {processor.py:830} INFO - Processing file /home/airflow/.local/lib/python3.12/site-packages/airflow/example_dags/example_latest_only_with_trigger.py for tasks to queue
[2024-06-25T05:51:37.004+0000] {logging_mixin.py:188} INFO - [2024-06-25T05:51:37.004+0000] {dagbag.py:545} INFO - Filling up the DagBag from /home/airflow/.local/lib/python3.12/site-packages/airflow/example_dags/example_latest_only_with_trigger.py
[2024-06-25T05:51:37.007+0000] {processor.py:840} INFO - DAG(s) 'latest_only_with_trigger' retrieved from /home/airflow/.local/lib/python3.12/site-packages/airflow/example_dags/example_latest_only_with_trigger.py
[2024-06-25T05:51:37.016+0000] {logging_mixin.py:188} INFO - [2024-06-25T05:51:37.016+0000] {dag.py:3096} INFO - Sync 1 DAGs
[2024-06-25T05:51:37.025+0000] {logging_mixin.py:188} INFO - [2024-06-25T05:51:37.025+0000] {dag.py:3954} INFO - Setting next_dagrun for latest_only_with_trigger to 2024-06-25 00:00:00+00:00, run_after=2024-06-25 04:00:00+00:00
[2024-06-25T05:51:37.033+0000] {processor.py:183} INFO - Processing /home/airflow/.local/lib/python3.12/site-packages/airflow/example_dags/example_latest_only_with_trigger.py took 0.035 seconds
[2024-06-25T05:52:07.136+0000] {processor.py:161} INFO - Started process (PID=1039) to work on /home/airflow/.local/lib/python3.12/site-packages/airflow/example_dags/example_latest_only_with_trigger.py
[2024-06-25T05:52:07.137+0000] {processor.py:830} INFO - Processing file /home/airflow/.local/lib/python3.12/site-packages/airflow/example_dags/example_latest_only_with_trigger.py for tasks to queue
[2024-06-25T05:52:07.138+0000] {logging_mixin.py:188} INFO - [2024-06-25T05:52:07.138+0000] {dagbag.py:545} INFO - Filling up the DagBag from /home/airflow/.local/lib/python3.12/site-packages/airflow/example_dags/example_latest_only_with_trigger.py
[2024-06-25T05:52:07.140+0000] {processor.py:840} INFO - DAG(s) 'latest_only_with_trigger' retrieved from /home/airflow/.local/lib/python3.12/site-packages/airflow/example_dags/example_latest_only_with_trigger.py
[2024-06-25T05:52:07.150+0000] {logging_mixin.py:188} INFO - [2024-06-25T05:52:07.150+0000] {dag.py:3096} INFO - Sync 1 DAGs
[2024-06-25T05:52:07.160+0000] {logging_mixin.py:188} INFO - [2024-06-25T05:52:07.160+0000] {dag.py:3954} INFO - Setting next_dagrun for latest_only_with_trigger to 2024-06-25 00:00:00+00:00, run_after=2024-06-25 04:00:00+00:00
[2024-06-25T05:52:07.168+0000] {processor.py:183} INFO - Processing /home/airflow/.local/lib/python3.12/site-packages/airflow/example_dags/example_latest_only_with_trigger.py took 0.034 seconds
[2024-06-25T05:52:37.829+0000] {processor.py:161} INFO - Started process (PID=1097) to work on /home/airflow/.local/lib/python3.12/site-packages/airflow/example_dags/example_latest_only_with_trigger.py
[2024-06-25T05:52:37.830+0000] {processor.py:830} INFO - Processing file /home/airflow/.local/lib/python3.12/site-packages/airflow/example_dags/example_latest_only_with_trigger.py for tasks to queue
[2024-06-25T05:52:37.831+0000] {logging_mixin.py:188} INFO - [2024-06-25T05:52:37.830+0000] {dagbag.py:545} INFO - Filling up the DagBag from /home/airflow/.local/lib/python3.12/site-packages/airflow/example_dags/example_latest_only_with_trigger.py
[2024-06-25T05:52:37.833+0000] {processor.py:840} INFO - DAG(s) 'latest_only_with_trigger' retrieved from /home/airflow/.local/lib/python3.12/site-packages/airflow/example_dags/example_latest_only_with_trigger.py
[2024-06-25T05:52:37.843+0000] {logging_mixin.py:188} INFO - [2024-06-25T05:52:37.843+0000] {dag.py:3096} INFO - Sync 1 DAGs
[2024-06-25T05:52:37.854+0000] {logging_mixin.py:188} INFO - [2024-06-25T05:52:37.854+0000] {dag.py:3954} INFO - Setting next_dagrun for latest_only_with_trigger to 2024-06-25 00:00:00+00:00, run_after=2024-06-25 04:00:00+00:00
[2024-06-25T05:52:37.864+0000] {processor.py:183} INFO - Processing /home/airflow/.local/lib/python3.12/site-packages/airflow/example_dags/example_latest_only_with_trigger.py took 0.038 seconds
[2024-06-25T05:53:08.528+0000] {processor.py:161} INFO - Started process (PID=1155) to work on /home/airflow/.local/lib/python3.12/site-packages/airflow/example_dags/example_latest_only_with_trigger.py
[2024-06-25T05:53:08.531+0000] {processor.py:830} INFO - Processing file /home/airflow/.local/lib/python3.12/site-packages/airflow/example_dags/example_latest_only_with_trigger.py for tasks to queue
[2024-06-25T05:53:08.532+0000] {logging_mixin.py:188} INFO - [2024-06-25T05:53:08.532+0000] {dagbag.py:545} INFO - Filling up the DagBag from /home/airflow/.local/lib/python3.12/site-packages/airflow/example_dags/example_latest_only_with_trigger.py
[2024-06-25T05:53:08.535+0000] {processor.py:840} INFO - DAG(s) 'latest_only_with_trigger' retrieved from /home/airflow/.local/lib/python3.12/site-packages/airflow/example_dags/example_latest_only_with_trigger.py
[2024-06-25T05:53:08.544+0000] {logging_mixin.py:188} INFO - [2024-06-25T05:53:08.544+0000] {dag.py:3096} INFO - Sync 1 DAGs
[2024-06-25T05:53:08.554+0000] {logging_mixin.py:188} INFO - [2024-06-25T05:53:08.554+0000] {dag.py:3954} INFO - Setting next_dagrun for latest_only_with_trigger to 2024-06-25 00:00:00+00:00, run_after=2024-06-25 04:00:00+00:00
[2024-06-25T05:53:08.561+0000] {processor.py:183} INFO - Processing /home/airflow/.local/lib/python3.12/site-packages/airflow/example_dags/example_latest_only_with_trigger.py took 0.036 seconds
[2024-06-25T05:53:38.737+0000] {processor.py:161} INFO - Started process (PID=1213) to work on /home/airflow/.local/lib/python3.12/site-packages/airflow/example_dags/example_latest_only_with_trigger.py
[2024-06-25T05:53:38.737+0000] {processor.py:830} INFO - Processing file /home/airflow/.local/lib/python3.12/site-packages/airflow/example_dags/example_latest_only_with_trigger.py for tasks to queue
[2024-06-25T05:53:38.738+0000] {logging_mixin.py:188} INFO - [2024-06-25T05:53:38.738+0000] {dagbag.py:545} INFO - Filling up the DagBag from /home/airflow/.local/lib/python3.12/site-packages/airflow/example_dags/example_latest_only_with_trigger.py
[2024-06-25T05:53:38.741+0000] {processor.py:840} INFO - DAG(s) 'latest_only_with_trigger' retrieved from /home/airflow/.local/lib/python3.12/site-packages/airflow/example_dags/example_latest_only_with_trigger.py
[2024-06-25T05:53:38.751+0000] {logging_mixin.py:188} INFO - [2024-06-25T05:53:38.751+0000] {dag.py:3096} INFO - Sync 1 DAGs
[2024-06-25T05:53:38.761+0000] {logging_mixin.py:188} INFO - [2024-06-25T05:53:38.761+0000] {dag.py:3954} INFO - Setting next_dagrun for latest_only_with_trigger to 2024-06-25 00:00:00+00:00, run_after=2024-06-25 04:00:00+00:00
[2024-06-25T05:53:38.770+0000] {processor.py:183} INFO - Processing /home/airflow/.local/lib/python3.12/site-packages/airflow/example_dags/example_latest_only_with_trigger.py took 0.036 seconds
[2024-06-25T05:54:09.594+0000] {processor.py:161} INFO - Started process (PID=1271) to work on /home/airflow/.local/lib/python3.12/site-packages/airflow/example_dags/example_latest_only_with_trigger.py
[2024-06-25T05:54:09.594+0000] {processor.py:830} INFO - Processing file /home/airflow/.local/lib/python3.12/site-packages/airflow/example_dags/example_latest_only_with_trigger.py for tasks to queue
[2024-06-25T05:54:09.595+0000] {logging_mixin.py:188} INFO - [2024-06-25T05:54:09.595+0000] {dagbag.py:545} INFO - Filling up the DagBag from /home/airflow/.local/lib/python3.12/site-packages/airflow/example_dags/example_latest_only_with_trigger.py
[2024-06-25T05:54:09.598+0000] {processor.py:840} INFO - DAG(s) 'latest_only_with_trigger' retrieved from /home/airflow/.local/lib/python3.12/site-packages/airflow/example_dags/example_latest_only_with_trigger.py
[2024-06-25T05:54:09.608+0000] {logging_mixin.py:188} INFO - [2024-06-25T05:54:09.608+0000] {dag.py:3096} INFO - Sync 1 DAGs
[2024-06-25T05:54:09.620+0000] {logging_mixin.py:188} INFO - [2024-06-25T05:54:09.620+0000] {dag.py:3954} INFO - Setting next_dagrun for latest_only_with_trigger to 2024-06-25 00:00:00+00:00, run_after=2024-06-25 04:00:00+00:00
[2024-06-25T05:54:09.628+0000] {processor.py:183} INFO - Processing /home/airflow/.local/lib/python3.12/site-packages/airflow/example_dags/example_latest_only_with_trigger.py took 0.037 seconds
[2024-06-25T05:54:39.712+0000] {processor.py:161} INFO - Started process (PID=1328) to work on /home/airflow/.local/lib/python3.12/site-packages/airflow/example_dags/example_latest_only_with_trigger.py
[2024-06-25T05:54:39.713+0000] {processor.py:830} INFO - Processing file /home/airflow/.local/lib/python3.12/site-packages/airflow/example_dags/example_latest_only_with_trigger.py for tasks to queue
[2024-06-25T05:54:39.714+0000] {logging_mixin.py:188} INFO - [2024-06-25T05:54:39.714+0000] {dagbag.py:545} INFO - Filling up the DagBag from /home/airflow/.local/lib/python3.12/site-packages/airflow/example_dags/example_latest_only_with_trigger.py
[2024-06-25T05:54:39.717+0000] {processor.py:840} INFO - DAG(s) 'latest_only_with_trigger' retrieved from /home/airflow/.local/lib/python3.12/site-packages/airflow/example_dags/example_latest_only_with_trigger.py
[2024-06-25T05:54:39.727+0000] {logging_mixin.py:188} INFO - [2024-06-25T05:54:39.727+0000] {dag.py:3096} INFO - Sync 1 DAGs
[2024-06-25T05:54:39.738+0000] {logging_mixin.py:188} INFO - [2024-06-25T05:54:39.738+0000] {dag.py:3954} INFO - Setting next_dagrun for latest_only_with_trigger to 2024-06-25 00:00:00+00:00, run_after=2024-06-25 04:00:00+00:00
[2024-06-25T05:54:39.747+0000] {processor.py:183} INFO - Processing /home/airflow/.local/lib/python3.12/site-packages/airflow/example_dags/example_latest_only_with_trigger.py took 0.037 seconds
[2024-06-25T05:55:09.853+0000] {processor.py:161} INFO - Started process (PID=1386) to work on /home/airflow/.local/lib/python3.12/site-packages/airflow/example_dags/example_latest_only_with_trigger.py
[2024-06-25T05:55:09.854+0000] {processor.py:830} INFO - Processing file /home/airflow/.local/lib/python3.12/site-packages/airflow/example_dags/example_latest_only_with_trigger.py for tasks to queue
[2024-06-25T05:55:09.855+0000] {logging_mixin.py:188} INFO - [2024-06-25T05:55:09.855+0000] {dagbag.py:545} INFO - Filling up the DagBag from /home/airflow/.local/lib/python3.12/site-packages/airflow/example_dags/example_latest_only_with_trigger.py
[2024-06-25T05:55:09.857+0000] {processor.py:840} INFO - DAG(s) 'latest_only_with_trigger' retrieved from /home/airflow/.local/lib/python3.12/site-packages/airflow/example_dags/example_latest_only_with_trigger.py
[2024-06-25T05:55:09.868+0000] {logging_mixin.py:188} INFO - [2024-06-25T05:55:09.868+0000] {dag.py:3096} INFO - Sync 1 DAGs
[2024-06-25T05:55:09.879+0000] {logging_mixin.py:188} INFO - [2024-06-25T05:55:09.879+0000] {dag.py:3954} INFO - Setting next_dagrun for latest_only_with_trigger to 2024-06-25 00:00:00+00:00, run_after=2024-06-25 04:00:00+00:00
[2024-06-25T05:55:09.889+0000] {processor.py:183} INFO - Processing /home/airflow/.local/lib/python3.12/site-packages/airflow/example_dags/example_latest_only_with_trigger.py took 0.039 seconds
[2024-06-25T05:55:40.754+0000] {processor.py:161} INFO - Started process (PID=1444) to work on /home/airflow/.local/lib/python3.12/site-packages/airflow/example_dags/example_latest_only_with_trigger.py
[2024-06-25T05:55:40.755+0000] {processor.py:830} INFO - Processing file /home/airflow/.local/lib/python3.12/site-packages/airflow/example_dags/example_latest_only_with_trigger.py for tasks to queue
[2024-06-25T05:55:40.756+0000] {logging_mixin.py:188} INFO - [2024-06-25T05:55:40.756+0000] {dagbag.py:545} INFO - Filling up the DagBag from /home/airflow/.local/lib/python3.12/site-packages/airflow/example_dags/example_latest_only_with_trigger.py
[2024-06-25T05:55:40.758+0000] {processor.py:840} INFO - DAG(s) 'latest_only_with_trigger' retrieved from /home/airflow/.local/lib/python3.12/site-packages/airflow/example_dags/example_latest_only_with_trigger.py
[2024-06-25T05:55:40.768+0000] {logging_mixin.py:188} INFO - [2024-06-25T05:55:40.768+0000] {dag.py:3096} INFO - Sync 1 DAGs
[2024-06-25T05:55:40.778+0000] {logging_mixin.py:188} INFO - [2024-06-25T05:55:40.778+0000] {dag.py:3954} INFO - Setting next_dagrun for latest_only_with_trigger to 2024-06-25 00:00:00+00:00, run_after=2024-06-25 04:00:00+00:00
[2024-06-25T05:55:40.786+0000] {processor.py:183} INFO - Processing /home/airflow/.local/lib/python3.12/site-packages/airflow/example_dags/example_latest_only_with_trigger.py took 0.035 seconds
[2024-06-25T05:56:11.047+0000] {processor.py:161} INFO - Started process (PID=1502) to work on /home/airflow/.local/lib/python3.12/site-packages/airflow/example_dags/example_latest_only_with_trigger.py
[2024-06-25T05:56:11.048+0000] {processor.py:830} INFO - Processing file /home/airflow/.local/lib/python3.12/site-packages/airflow/example_dags/example_latest_only_with_trigger.py for tasks to queue
[2024-06-25T05:56:11.049+0000] {logging_mixin.py:188} INFO - [2024-06-25T05:56:11.049+0000] {dagbag.py:545} INFO - Filling up the DagBag from /home/airflow/.local/lib/python3.12/site-packages/airflow/example_dags/example_latest_only_with_trigger.py
[2024-06-25T05:56:11.052+0000] {processor.py:840} INFO - DAG(s) 'latest_only_with_trigger' retrieved from /home/airflow/.local/lib/python3.12/site-packages/airflow/example_dags/example_latest_only_with_trigger.py
[2024-06-25T05:56:11.062+0000] {logging_mixin.py:188} INFO - [2024-06-25T05:56:11.061+0000] {dag.py:3096} INFO - Sync 1 DAGs
[2024-06-25T05:56:11.071+0000] {logging_mixin.py:188} INFO - [2024-06-25T05:56:11.071+0000] {dag.py:3954} INFO - Setting next_dagrun for latest_only_with_trigger to 2024-06-25 00:00:00+00:00, run_after=2024-06-25 04:00:00+00:00
[2024-06-25T05:56:11.079+0000] {processor.py:183} INFO - Processing /home/airflow/.local/lib/python3.12/site-packages/airflow/example_dags/example_latest_only_with_trigger.py took 0.035 seconds
[2024-06-25T05:56:41.735+0000] {processor.py:161} INFO - Started process (PID=1560) to work on /home/airflow/.local/lib/python3.12/site-packages/airflow/example_dags/example_latest_only_with_trigger.py
[2024-06-25T05:56:41.736+0000] {processor.py:830} INFO - Processing file /home/airflow/.local/lib/python3.12/site-packages/airflow/example_dags/example_latest_only_with_trigger.py for tasks to queue
[2024-06-25T05:56:41.737+0000] {logging_mixin.py:188} INFO - [2024-06-25T05:56:41.737+0000] {dagbag.py:545} INFO - Filling up the DagBag from /home/airflow/.local/lib/python3.12/site-packages/airflow/example_dags/example_latest_only_with_trigger.py
[2024-06-25T05:56:41.739+0000] {processor.py:840} INFO - DAG(s) 'latest_only_with_trigger' retrieved from /home/airflow/.local/lib/python3.12/site-packages/airflow/example_dags/example_latest_only_with_trigger.py
[2024-06-25T05:56:41.750+0000] {logging_mixin.py:188} INFO - [2024-06-25T05:56:41.749+0000] {dag.py:3096} INFO - Sync 1 DAGs
[2024-06-25T05:56:41.760+0000] {logging_mixin.py:188} INFO - [2024-06-25T05:56:41.759+0000] {dag.py:3954} INFO - Setting next_dagrun for latest_only_with_trigger to 2024-06-25 00:00:00+00:00, run_after=2024-06-25 04:00:00+00:00
[2024-06-25T05:56:41.768+0000] {processor.py:183} INFO - Processing /home/airflow/.local/lib/python3.12/site-packages/airflow/example_dags/example_latest_only_with_trigger.py took 0.035 seconds
[2024-06-25T05:57:12.455+0000] {processor.py:161} INFO - Started process (PID=1618) to work on /home/airflow/.local/lib/python3.12/site-packages/airflow/example_dags/example_latest_only_with_trigger.py
[2024-06-25T05:57:12.456+0000] {processor.py:830} INFO - Processing file /home/airflow/.local/lib/python3.12/site-packages/airflow/example_dags/example_latest_only_with_trigger.py for tasks to queue
[2024-06-25T05:57:12.456+0000] {logging_mixin.py:188} INFO - [2024-06-25T05:57:12.456+0000] {dagbag.py:545} INFO - Filling up the DagBag from /home/airflow/.local/lib/python3.12/site-packages/airflow/example_dags/example_latest_only_with_trigger.py
[2024-06-25T05:57:12.459+0000] {processor.py:840} INFO - DAG(s) 'latest_only_with_trigger' retrieved from /home/airflow/.local/lib/python3.12/site-packages/airflow/example_dags/example_latest_only_with_trigger.py
[2024-06-25T05:57:12.468+0000] {logging_mixin.py:188} INFO - [2024-06-25T05:57:12.468+0000] {dag.py:3096} INFO - Sync 1 DAGs
[2024-06-25T05:57:12.478+0000] {logging_mixin.py:188} INFO - [2024-06-25T05:57:12.477+0000] {dag.py:3954} INFO - Setting next_dagrun for latest_only_with_trigger to 2024-06-25 00:00:00+00:00, run_after=2024-06-25 04:00:00+00:00
[2024-06-25T05:57:12.485+0000] {processor.py:183} INFO - Processing /home/airflow/.local/lib/python3.12/site-packages/airflow/example_dags/example_latest_only_with_trigger.py took 0.033 seconds
[2024-06-25T05:57:43.171+0000] {processor.py:161} INFO - Started process (PID=1676) to work on /home/airflow/.local/lib/python3.12/site-packages/airflow/example_dags/example_latest_only_with_trigger.py
[2024-06-25T05:57:43.172+0000] {processor.py:830} INFO - Processing file /home/airflow/.local/lib/python3.12/site-packages/airflow/example_dags/example_latest_only_with_trigger.py for tasks to queue
[2024-06-25T05:57:43.173+0000] {logging_mixin.py:188} INFO - [2024-06-25T05:57:43.173+0000] {dagbag.py:545} INFO - Filling up the DagBag from /home/airflow/.local/lib/python3.12/site-packages/airflow/example_dags/example_latest_only_with_trigger.py
[2024-06-25T05:57:43.175+0000] {processor.py:840} INFO - DAG(s) 'latest_only_with_trigger' retrieved from /home/airflow/.local/lib/python3.12/site-packages/airflow/example_dags/example_latest_only_with_trigger.py
[2024-06-25T05:57:43.186+0000] {logging_mixin.py:188} INFO - [2024-06-25T05:57:43.186+0000] {dag.py:3096} INFO - Sync 1 DAGs
[2024-06-25T05:57:43.196+0000] {logging_mixin.py:188} INFO - [2024-06-25T05:57:43.196+0000] {dag.py:3954} INFO - Setting next_dagrun for latest_only_with_trigger to 2024-06-25 00:00:00+00:00, run_after=2024-06-25 04:00:00+00:00
[2024-06-25T05:57:43.204+0000] {processor.py:183} INFO - Processing /home/airflow/.local/lib/python3.12/site-packages/airflow/example_dags/example_latest_only_with_trigger.py took 0.035 seconds
