[2024-06-25T05:41:18.626+0000] {processor.py:161} INFO - Started process (PID=57) to work on /home/airflow/.local/lib/python3.12/site-packages/airflow/example_dags/example_nested_branch_dag.py
[2024-06-25T05:41:18.629+0000] {processor.py:830} INFO - Processing file /home/airflow/.local/lib/python3.12/site-packages/airflow/example_dags/example_nested_branch_dag.py for tasks to queue
[2024-06-25T05:41:18.634+0000] {logging_mixin.py:188} INFO - [2024-06-25T05:41:18.633+0000] {dagbag.py:545} INFO - Filling up the DagBag from /home/airflow/.local/lib/python3.12/site-packages/airflow/example_dags/example_nested_branch_dag.py
[2024-06-25T05:41:18.656+0000] {processor.py:840} INFO - DAG(s) 'example_nested_branch_dag' retrieved from /home/airflow/.local/lib/python3.12/site-packages/airflow/example_dags/example_nested_branch_dag.py
[2024-06-25T05:41:18.672+0000] {logging_mixin.py:188} INFO - [2024-06-25T05:41:18.671+0000] {dag.py:3096} INFO - Sync 1 DAGs
[2024-06-25T05:41:18.693+0000] {logging_mixin.py:188} INFO - [2024-06-25T05:41:18.693+0000] {dag.py:3954} INFO - Setting next_dagrun for example_nested_branch_dag to 2024-06-24 00:00:00+00:00, run_after=2024-06-25 00:00:00+00:00
[2024-06-25T05:41:18.709+0000] {processor.py:183} INFO - Processing /home/airflow/.local/lib/python3.12/site-packages/airflow/example_dags/example_nested_branch_dag.py took 0.093 seconds
[2024-06-25T05:41:48.873+0000] {processor.py:161} INFO - Started process (PID=115) to work on /home/airflow/.local/lib/python3.12/site-packages/airflow/example_dags/example_nested_branch_dag.py
[2024-06-25T05:41:48.874+0000] {processor.py:830} INFO - Processing file /home/airflow/.local/lib/python3.12/site-packages/airflow/example_dags/example_nested_branch_dag.py for tasks to queue
[2024-06-25T05:41:48.875+0000] {logging_mixin.py:188} INFO - [2024-06-25T05:41:48.875+0000] {dagbag.py:545} INFO - Filling up the DagBag from /home/airflow/.local/lib/python3.12/site-packages/airflow/example_dags/example_nested_branch_dag.py
[2024-06-25T05:41:48.880+0000] {processor.py:840} INFO - DAG(s) 'example_nested_branch_dag' retrieved from /home/airflow/.local/lib/python3.12/site-packages/airflow/example_dags/example_nested_branch_dag.py
[2024-06-25T05:41:48.922+0000] {logging_mixin.py:188} INFO - [2024-06-25T05:41:48.922+0000] {dag.py:3096} INFO - Sync 1 DAGs
[2024-06-25T05:41:48.933+0000] {logging_mixin.py:188} INFO - [2024-06-25T05:41:48.932+0000] {dag.py:3954} INFO - Setting next_dagrun for example_nested_branch_dag to 2024-06-24 00:00:00+00:00, run_after=2024-06-25 00:00:00+00:00
[2024-06-25T05:41:48.941+0000] {processor.py:183} INFO - Processing /home/airflow/.local/lib/python3.12/site-packages/airflow/example_dags/example_nested_branch_dag.py took 0.071 seconds
[2024-06-25T05:42:18.974+0000] {processor.py:161} INFO - Started process (PID=173) to work on /home/airflow/.local/lib/python3.12/site-packages/airflow/example_dags/example_nested_branch_dag.py
[2024-06-25T05:42:18.975+0000] {processor.py:830} INFO - Processing file /home/airflow/.local/lib/python3.12/site-packages/airflow/example_dags/example_nested_branch_dag.py for tasks to queue
[2024-06-25T05:42:18.976+0000] {logging_mixin.py:188} INFO - [2024-06-25T05:42:18.976+0000] {dagbag.py:545} INFO - Filling up the DagBag from /home/airflow/.local/lib/python3.12/site-packages/airflow/example_dags/example_nested_branch_dag.py
[2024-06-25T05:42:18.982+0000] {processor.py:840} INFO - DAG(s) 'example_nested_branch_dag' retrieved from /home/airflow/.local/lib/python3.12/site-packages/airflow/example_dags/example_nested_branch_dag.py
[2024-06-25T05:42:18.992+0000] {logging_mixin.py:188} INFO - [2024-06-25T05:42:18.992+0000] {dag.py:3096} INFO - Sync 1 DAGs
[2024-06-25T05:42:19.003+0000] {logging_mixin.py:188} INFO - [2024-06-25T05:42:19.003+0000] {dag.py:3954} INFO - Setting next_dagrun for example_nested_branch_dag to 2024-06-24 00:00:00+00:00, run_after=2024-06-25 00:00:00+00:00
[2024-06-25T05:42:19.017+0000] {processor.py:183} INFO - Processing /home/airflow/.local/lib/python3.12/site-packages/airflow/example_dags/example_nested_branch_dag.py took 0.047 seconds
[2024-06-25T05:42:49.368+0000] {processor.py:161} INFO - Started process (PID=231) to work on /home/airflow/.local/lib/python3.12/site-packages/airflow/example_dags/example_nested_branch_dag.py
[2024-06-25T05:42:49.369+0000] {processor.py:830} INFO - Processing file /home/airflow/.local/lib/python3.12/site-packages/airflow/example_dags/example_nested_branch_dag.py for tasks to queue
[2024-06-25T05:42:49.370+0000] {logging_mixin.py:188} INFO - [2024-06-25T05:42:49.370+0000] {dagbag.py:545} INFO - Filling up the DagBag from /home/airflow/.local/lib/python3.12/site-packages/airflow/example_dags/example_nested_branch_dag.py
[2024-06-25T05:42:49.376+0000] {processor.py:840} INFO - DAG(s) 'example_nested_branch_dag' retrieved from /home/airflow/.local/lib/python3.12/site-packages/airflow/example_dags/example_nested_branch_dag.py
[2024-06-25T05:42:49.386+0000] {logging_mixin.py:188} INFO - [2024-06-25T05:42:49.386+0000] {dag.py:3096} INFO - Sync 1 DAGs
[2024-06-25T05:42:49.398+0000] {logging_mixin.py:188} INFO - [2024-06-25T05:42:49.397+0000] {dag.py:3954} INFO - Setting next_dagrun for example_nested_branch_dag to 2024-06-24 00:00:00+00:00, run_after=2024-06-25 00:00:00+00:00
[2024-06-25T05:42:49.407+0000] {processor.py:183} INFO - Processing /home/airflow/.local/lib/python3.12/site-packages/airflow/example_dags/example_nested_branch_dag.py took 0.042 seconds
[2024-06-25T05:43:20.409+0000] {processor.py:161} INFO - Started process (PID=56) to work on /home/airflow/.local/lib/python3.12/site-packages/airflow/example_dags/example_nested_branch_dag.py
[2024-06-25T05:43:20.410+0000] {processor.py:830} INFO - Processing file /home/airflow/.local/lib/python3.12/site-packages/airflow/example_dags/example_nested_branch_dag.py for tasks to queue
[2024-06-25T05:43:20.412+0000] {logging_mixin.py:188} INFO - [2024-06-25T05:43:20.412+0000] {dagbag.py:545} INFO - Filling up the DagBag from /home/airflow/.local/lib/python3.12/site-packages/airflow/example_dags/example_nested_branch_dag.py
[2024-06-25T05:43:20.427+0000] {processor.py:840} INFO - DAG(s) 'example_nested_branch_dag' retrieved from /home/airflow/.local/lib/python3.12/site-packages/airflow/example_dags/example_nested_branch_dag.py
[2024-06-25T05:43:20.463+0000] {logging_mixin.py:188} INFO - [2024-06-25T05:43:20.462+0000] {dag.py:3096} INFO - Sync 1 DAGs
[2024-06-25T05:43:20.509+0000] {logging_mixin.py:188} INFO - [2024-06-25T05:43:20.509+0000] {dag.py:3954} INFO - Setting next_dagrun for example_nested_branch_dag to 2024-06-24 00:00:00+00:00, run_after=2024-06-25 00:00:00+00:00
[2024-06-25T05:43:20.557+0000] {processor.py:183} INFO - Processing /home/airflow/.local/lib/python3.12/site-packages/airflow/example_dags/example_nested_branch_dag.py took 0.155 seconds
[2024-06-25T05:43:50.862+0000] {processor.py:161} INFO - Started process (PID=114) to work on /home/airflow/.local/lib/python3.12/site-packages/airflow/example_dags/example_nested_branch_dag.py
[2024-06-25T05:43:50.862+0000] {processor.py:830} INFO - Processing file /home/airflow/.local/lib/python3.12/site-packages/airflow/example_dags/example_nested_branch_dag.py for tasks to queue
[2024-06-25T05:43:50.863+0000] {logging_mixin.py:188} INFO - [2024-06-25T05:43:50.863+0000] {dagbag.py:545} INFO - Filling up the DagBag from /home/airflow/.local/lib/python3.12/site-packages/airflow/example_dags/example_nested_branch_dag.py
[2024-06-25T05:43:50.868+0000] {processor.py:840} INFO - DAG(s) 'example_nested_branch_dag' retrieved from /home/airflow/.local/lib/python3.12/site-packages/airflow/example_dags/example_nested_branch_dag.py
[2024-06-25T05:43:50.873+0000] {logging_mixin.py:188} INFO - [2024-06-25T05:43:50.873+0000] {dag.py:3096} INFO - Sync 1 DAGs
[2024-06-25T05:43:50.882+0000] {logging_mixin.py:188} INFO - [2024-06-25T05:43:50.882+0000] {dag.py:3954} INFO - Setting next_dagrun for example_nested_branch_dag to 2024-06-24 00:00:00+00:00, run_after=2024-06-25 00:00:00+00:00
[2024-06-25T05:43:50.889+0000] {processor.py:183} INFO - Processing /home/airflow/.local/lib/python3.12/site-packages/airflow/example_dags/example_nested_branch_dag.py took 0.030 seconds
[2024-06-25T05:44:21.973+0000] {processor.py:161} INFO - Started process (PID=172) to work on /home/airflow/.local/lib/python3.12/site-packages/airflow/example_dags/example_nested_branch_dag.py
[2024-06-25T05:44:21.974+0000] {processor.py:830} INFO - Processing file /home/airflow/.local/lib/python3.12/site-packages/airflow/example_dags/example_nested_branch_dag.py for tasks to queue
[2024-06-25T05:44:21.975+0000] {logging_mixin.py:188} INFO - [2024-06-25T05:44:21.975+0000] {dagbag.py:545} INFO - Filling up the DagBag from /home/airflow/.local/lib/python3.12/site-packages/airflow/example_dags/example_nested_branch_dag.py
[2024-06-25T05:44:21.980+0000] {processor.py:840} INFO - DAG(s) 'example_nested_branch_dag' retrieved from /home/airflow/.local/lib/python3.12/site-packages/airflow/example_dags/example_nested_branch_dag.py
[2024-06-25T05:44:22.021+0000] {logging_mixin.py:188} INFO - [2024-06-25T05:44:22.020+0000] {dag.py:3096} INFO - Sync 1 DAGs
[2024-06-25T05:44:22.029+0000] {logging_mixin.py:188} INFO - [2024-06-25T05:44:22.029+0000] {dag.py:3954} INFO - Setting next_dagrun for example_nested_branch_dag to 2024-06-24 00:00:00+00:00, run_after=2024-06-25 00:00:00+00:00
[2024-06-25T05:44:22.037+0000] {processor.py:183} INFO - Processing /home/airflow/.local/lib/python3.12/site-packages/airflow/example_dags/example_nested_branch_dag.py took 0.066 seconds
[2024-06-25T05:44:52.921+0000] {processor.py:161} INFO - Started process (PID=230) to work on /home/airflow/.local/lib/python3.12/site-packages/airflow/example_dags/example_nested_branch_dag.py
[2024-06-25T05:44:52.923+0000] {processor.py:830} INFO - Processing file /home/airflow/.local/lib/python3.12/site-packages/airflow/example_dags/example_nested_branch_dag.py for tasks to queue
[2024-06-25T05:44:52.924+0000] {logging_mixin.py:188} INFO - [2024-06-25T05:44:52.923+0000] {dagbag.py:545} INFO - Filling up the DagBag from /home/airflow/.local/lib/python3.12/site-packages/airflow/example_dags/example_nested_branch_dag.py
[2024-06-25T05:44:52.929+0000] {processor.py:840} INFO - DAG(s) 'example_nested_branch_dag' retrieved from /home/airflow/.local/lib/python3.12/site-packages/airflow/example_dags/example_nested_branch_dag.py
[2024-06-25T05:44:52.940+0000] {logging_mixin.py:188} INFO - [2024-06-25T05:44:52.940+0000] {dag.py:3096} INFO - Sync 1 DAGs
[2024-06-25T05:44:52.951+0000] {logging_mixin.py:188} INFO - [2024-06-25T05:44:52.951+0000] {dag.py:3954} INFO - Setting next_dagrun for example_nested_branch_dag to 2024-06-24 00:00:00+00:00, run_after=2024-06-25 00:00:00+00:00
[2024-06-25T05:44:52.960+0000] {processor.py:183} INFO - Processing /home/airflow/.local/lib/python3.12/site-packages/airflow/example_dags/example_nested_branch_dag.py took 0.042 seconds
[2024-06-25T05:45:23.638+0000] {processor.py:161} INFO - Started process (PID=287) to work on /home/airflow/.local/lib/python3.12/site-packages/airflow/example_dags/example_nested_branch_dag.py
[2024-06-25T05:45:23.639+0000] {processor.py:830} INFO - Processing file /home/airflow/.local/lib/python3.12/site-packages/airflow/example_dags/example_nested_branch_dag.py for tasks to queue
[2024-06-25T05:45:23.641+0000] {logging_mixin.py:188} INFO - [2024-06-25T05:45:23.640+0000] {dagbag.py:545} INFO - Filling up the DagBag from /home/airflow/.local/lib/python3.12/site-packages/airflow/example_dags/example_nested_branch_dag.py
[2024-06-25T05:45:23.646+0000] {processor.py:840} INFO - DAG(s) 'example_nested_branch_dag' retrieved from /home/airflow/.local/lib/python3.12/site-packages/airflow/example_dags/example_nested_branch_dag.py
[2024-06-25T05:45:23.655+0000] {logging_mixin.py:188} INFO - [2024-06-25T05:45:23.655+0000] {dag.py:3096} INFO - Sync 1 DAGs
[2024-06-25T05:45:23.665+0000] {logging_mixin.py:188} INFO - [2024-06-25T05:45:23.665+0000] {dag.py:3954} INFO - Setting next_dagrun for example_nested_branch_dag to 2024-06-24 00:00:00+00:00, run_after=2024-06-25 00:00:00+00:00
[2024-06-25T05:45:23.672+0000] {processor.py:183} INFO - Processing /home/airflow/.local/lib/python3.12/site-packages/airflow/example_dags/example_nested_branch_dag.py took 0.037 seconds
[2024-06-25T05:45:54.300+0000] {processor.py:161} INFO - Started process (PID=345) to work on /home/airflow/.local/lib/python3.12/site-packages/airflow/example_dags/example_nested_branch_dag.py
[2024-06-25T05:45:54.301+0000] {processor.py:830} INFO - Processing file /home/airflow/.local/lib/python3.12/site-packages/airflow/example_dags/example_nested_branch_dag.py for tasks to queue
[2024-06-25T05:45:54.302+0000] {logging_mixin.py:188} INFO - [2024-06-25T05:45:54.302+0000] {dagbag.py:545} INFO - Filling up the DagBag from /home/airflow/.local/lib/python3.12/site-packages/airflow/example_dags/example_nested_branch_dag.py
[2024-06-25T05:45:54.307+0000] {processor.py:840} INFO - DAG(s) 'example_nested_branch_dag' retrieved from /home/airflow/.local/lib/python3.12/site-packages/airflow/example_dags/example_nested_branch_dag.py
[2024-06-25T05:45:54.316+0000] {logging_mixin.py:188} INFO - [2024-06-25T05:45:54.316+0000] {dag.py:3096} INFO - Sync 1 DAGs
[2024-06-25T05:45:54.324+0000] {logging_mixin.py:188} INFO - [2024-06-25T05:45:54.324+0000] {dag.py:3954} INFO - Setting next_dagrun for example_nested_branch_dag to 2024-06-24 00:00:00+00:00, run_after=2024-06-25 00:00:00+00:00
[2024-06-25T05:45:54.332+0000] {processor.py:183} INFO - Processing /home/airflow/.local/lib/python3.12/site-packages/airflow/example_dags/example_nested_branch_dag.py took 0.034 seconds
[2024-06-25T05:46:24.890+0000] {processor.py:161} INFO - Started process (PID=403) to work on /home/airflow/.local/lib/python3.12/site-packages/airflow/example_dags/example_nested_branch_dag.py
[2024-06-25T05:46:24.891+0000] {processor.py:830} INFO - Processing file /home/airflow/.local/lib/python3.12/site-packages/airflow/example_dags/example_nested_branch_dag.py for tasks to queue
[2024-06-25T05:46:24.892+0000] {logging_mixin.py:188} INFO - [2024-06-25T05:46:24.892+0000] {dagbag.py:545} INFO - Filling up the DagBag from /home/airflow/.local/lib/python3.12/site-packages/airflow/example_dags/example_nested_branch_dag.py
[2024-06-25T05:46:24.897+0000] {processor.py:840} INFO - DAG(s) 'example_nested_branch_dag' retrieved from /home/airflow/.local/lib/python3.12/site-packages/airflow/example_dags/example_nested_branch_dag.py
[2024-06-25T05:46:24.907+0000] {logging_mixin.py:188} INFO - [2024-06-25T05:46:24.907+0000] {dag.py:3096} INFO - Sync 1 DAGs
[2024-06-25T05:46:24.918+0000] {logging_mixin.py:188} INFO - [2024-06-25T05:46:24.918+0000] {dag.py:3954} INFO - Setting next_dagrun for example_nested_branch_dag to 2024-06-24 00:00:00+00:00, run_after=2024-06-25 00:00:00+00:00
[2024-06-25T05:46:24.927+0000] {processor.py:183} INFO - Processing /home/airflow/.local/lib/python3.12/site-packages/airflow/example_dags/example_nested_branch_dag.py took 0.040 seconds
[2024-06-25T05:46:55.345+0000] {processor.py:161} INFO - Started process (PID=461) to work on /home/airflow/.local/lib/python3.12/site-packages/airflow/example_dags/example_nested_branch_dag.py
[2024-06-25T05:46:55.347+0000] {processor.py:830} INFO - Processing file /home/airflow/.local/lib/python3.12/site-packages/airflow/example_dags/example_nested_branch_dag.py for tasks to queue
[2024-06-25T05:46:55.348+0000] {logging_mixin.py:188} INFO - [2024-06-25T05:46:55.348+0000] {dagbag.py:545} INFO - Filling up the DagBag from /home/airflow/.local/lib/python3.12/site-packages/airflow/example_dags/example_nested_branch_dag.py
[2024-06-25T05:46:55.352+0000] {processor.py:840} INFO - DAG(s) 'example_nested_branch_dag' retrieved from /home/airflow/.local/lib/python3.12/site-packages/airflow/example_dags/example_nested_branch_dag.py
[2024-06-25T05:46:55.364+0000] {logging_mixin.py:188} INFO - [2024-06-25T05:46:55.364+0000] {dag.py:3096} INFO - Sync 1 DAGs
[2024-06-25T05:46:55.375+0000] {logging_mixin.py:188} INFO - [2024-06-25T05:46:55.375+0000] {dag.py:3954} INFO - Setting next_dagrun for example_nested_branch_dag to 2024-06-24 00:00:00+00:00, run_after=2024-06-25 00:00:00+00:00
[2024-06-25T05:46:55.385+0000] {processor.py:183} INFO - Processing /home/airflow/.local/lib/python3.12/site-packages/airflow/example_dags/example_nested_branch_dag.py took 0.043 seconds
[2024-06-25T05:47:34.009+0000] {processor.py:161} INFO - Started process (PID=518) to work on /home/airflow/.local/lib/python3.12/site-packages/airflow/example_dags/example_nested_branch_dag.py
[2024-06-25T05:47:34.015+0000] {processor.py:830} INFO - Processing file /home/airflow/.local/lib/python3.12/site-packages/airflow/example_dags/example_nested_branch_dag.py for tasks to queue
[2024-06-25T05:47:34.017+0000] {logging_mixin.py:188} INFO - [2024-06-25T05:47:34.017+0000] {dagbag.py:545} INFO - Filling up the DagBag from /home/airflow/.local/lib/python3.12/site-packages/airflow/example_dags/example_nested_branch_dag.py
[2024-06-25T05:47:34.024+0000] {processor.py:840} INFO - DAG(s) 'example_nested_branch_dag' retrieved from /home/airflow/.local/lib/python3.12/site-packages/airflow/example_dags/example_nested_branch_dag.py
[2024-06-25T05:47:34.039+0000] {logging_mixin.py:188} INFO - [2024-06-25T05:47:34.039+0000] {dag.py:3096} INFO - Sync 1 DAGs
[2024-06-25T05:47:34.054+0000] {logging_mixin.py:188} INFO - [2024-06-25T05:47:34.053+0000] {dag.py:3954} INFO - Setting next_dagrun for example_nested_branch_dag to 2024-06-24 00:00:00+00:00, run_after=2024-06-25 00:00:00+00:00
[2024-06-25T05:47:34.074+0000] {processor.py:183} INFO - Processing /home/airflow/.local/lib/python3.12/site-packages/airflow/example_dags/example_nested_branch_dag.py took 0.068 seconds
[2024-06-25T05:48:04.231+0000] {processor.py:161} INFO - Started process (PID=577) to work on /home/airflow/.local/lib/python3.12/site-packages/airflow/example_dags/example_nested_branch_dag.py
[2024-06-25T05:48:04.232+0000] {processor.py:830} INFO - Processing file /home/airflow/.local/lib/python3.12/site-packages/airflow/example_dags/example_nested_branch_dag.py for tasks to queue
[2024-06-25T05:48:04.233+0000] {logging_mixin.py:188} INFO - [2024-06-25T05:48:04.233+0000] {dagbag.py:545} INFO - Filling up the DagBag from /home/airflow/.local/lib/python3.12/site-packages/airflow/example_dags/example_nested_branch_dag.py
[2024-06-25T05:48:04.238+0000] {processor.py:840} INFO - DAG(s) 'example_nested_branch_dag' retrieved from /home/airflow/.local/lib/python3.12/site-packages/airflow/example_dags/example_nested_branch_dag.py
[2024-06-25T05:48:04.249+0000] {logging_mixin.py:188} INFO - [2024-06-25T05:48:04.249+0000] {dag.py:3096} INFO - Sync 1 DAGs
[2024-06-25T05:48:04.259+0000] {logging_mixin.py:188} INFO - [2024-06-25T05:48:04.259+0000] {dag.py:3954} INFO - Setting next_dagrun for example_nested_branch_dag to 2024-06-24 00:00:00+00:00, run_after=2024-06-25 00:00:00+00:00
[2024-06-25T05:48:04.267+0000] {processor.py:183} INFO - Processing /home/airflow/.local/lib/python3.12/site-packages/airflow/example_dags/example_nested_branch_dag.py took 0.039 seconds
[2024-06-25T05:48:34.755+0000] {processor.py:161} INFO - Started process (PID=635) to work on /home/airflow/.local/lib/python3.12/site-packages/airflow/example_dags/example_nested_branch_dag.py
[2024-06-25T05:48:34.758+0000] {processor.py:830} INFO - Processing file /home/airflow/.local/lib/python3.12/site-packages/airflow/example_dags/example_nested_branch_dag.py for tasks to queue
[2024-06-25T05:48:34.760+0000] {logging_mixin.py:188} INFO - [2024-06-25T05:48:34.759+0000] {dagbag.py:545} INFO - Filling up the DagBag from /home/airflow/.local/lib/python3.12/site-packages/airflow/example_dags/example_nested_branch_dag.py
[2024-06-25T05:48:34.767+0000] {processor.py:840} INFO - DAG(s) 'example_nested_branch_dag' retrieved from /home/airflow/.local/lib/python3.12/site-packages/airflow/example_dags/example_nested_branch_dag.py
[2024-06-25T05:48:34.787+0000] {logging_mixin.py:188} INFO - [2024-06-25T05:48:34.786+0000] {dag.py:3096} INFO - Sync 1 DAGs
[2024-06-25T05:48:34.813+0000] {logging_mixin.py:188} INFO - [2024-06-25T05:48:34.813+0000] {dag.py:3954} INFO - Setting next_dagrun for example_nested_branch_dag to 2024-06-24 00:00:00+00:00, run_after=2024-06-25 00:00:00+00:00
[2024-06-25T05:48:34.827+0000] {processor.py:183} INFO - Processing /home/airflow/.local/lib/python3.12/site-packages/airflow/example_dags/example_nested_branch_dag.py took 0.075 seconds
[2024-06-25T05:49:05.556+0000] {processor.py:161} INFO - Started process (PID=693) to work on /home/airflow/.local/lib/python3.12/site-packages/airflow/example_dags/example_nested_branch_dag.py
[2024-06-25T05:49:05.557+0000] {processor.py:830} INFO - Processing file /home/airflow/.local/lib/python3.12/site-packages/airflow/example_dags/example_nested_branch_dag.py for tasks to queue
[2024-06-25T05:49:05.559+0000] {logging_mixin.py:188} INFO - [2024-06-25T05:49:05.558+0000] {dagbag.py:545} INFO - Filling up the DagBag from /home/airflow/.local/lib/python3.12/site-packages/airflow/example_dags/example_nested_branch_dag.py
[2024-06-25T05:49:05.565+0000] {processor.py:840} INFO - DAG(s) 'example_nested_branch_dag' retrieved from /home/airflow/.local/lib/python3.12/site-packages/airflow/example_dags/example_nested_branch_dag.py
[2024-06-25T05:49:05.578+0000] {logging_mixin.py:188} INFO - [2024-06-25T05:49:05.578+0000] {dag.py:3096} INFO - Sync 1 DAGs
[2024-06-25T05:49:05.595+0000] {logging_mixin.py:188} INFO - [2024-06-25T05:49:05.594+0000] {dag.py:3954} INFO - Setting next_dagrun for example_nested_branch_dag to 2024-06-24 00:00:00+00:00, run_after=2024-06-25 00:00:00+00:00
[2024-06-25T05:49:05.607+0000] {processor.py:183} INFO - Processing /home/airflow/.local/lib/python3.12/site-packages/airflow/example_dags/example_nested_branch_dag.py took 0.054 seconds
[2024-06-25T05:49:35.779+0000] {processor.py:161} INFO - Started process (PID=751) to work on /home/airflow/.local/lib/python3.12/site-packages/airflow/example_dags/example_nested_branch_dag.py
[2024-06-25T05:49:35.780+0000] {processor.py:830} INFO - Processing file /home/airflow/.local/lib/python3.12/site-packages/airflow/example_dags/example_nested_branch_dag.py for tasks to queue
[2024-06-25T05:49:35.781+0000] {logging_mixin.py:188} INFO - [2024-06-25T05:49:35.781+0000] {dagbag.py:545} INFO - Filling up the DagBag from /home/airflow/.local/lib/python3.12/site-packages/airflow/example_dags/example_nested_branch_dag.py
[2024-06-25T05:49:35.786+0000] {processor.py:840} INFO - DAG(s) 'example_nested_branch_dag' retrieved from /home/airflow/.local/lib/python3.12/site-packages/airflow/example_dags/example_nested_branch_dag.py
[2024-06-25T05:49:35.801+0000] {logging_mixin.py:188} INFO - [2024-06-25T05:49:35.801+0000] {dag.py:3096} INFO - Sync 1 DAGs
[2024-06-25T05:49:35.826+0000] {logging_mixin.py:188} INFO - [2024-06-25T05:49:35.825+0000] {dag.py:3954} INFO - Setting next_dagrun for example_nested_branch_dag to 2024-06-24 00:00:00+00:00, run_after=2024-06-25 00:00:00+00:00
[2024-06-25T05:49:35.838+0000] {processor.py:183} INFO - Processing /home/airflow/.local/lib/python3.12/site-packages/airflow/example_dags/example_nested_branch_dag.py took 0.062 seconds
[2024-06-25T05:50:06.015+0000] {processor.py:161} INFO - Started process (PID=809) to work on /home/airflow/.local/lib/python3.12/site-packages/airflow/example_dags/example_nested_branch_dag.py
[2024-06-25T05:50:06.015+0000] {processor.py:830} INFO - Processing file /home/airflow/.local/lib/python3.12/site-packages/airflow/example_dags/example_nested_branch_dag.py for tasks to queue
[2024-06-25T05:50:06.016+0000] {logging_mixin.py:188} INFO - [2024-06-25T05:50:06.016+0000] {dagbag.py:545} INFO - Filling up the DagBag from /home/airflow/.local/lib/python3.12/site-packages/airflow/example_dags/example_nested_branch_dag.py
[2024-06-25T05:50:06.021+0000] {processor.py:840} INFO - DAG(s) 'example_nested_branch_dag' retrieved from /home/airflow/.local/lib/python3.12/site-packages/airflow/example_dags/example_nested_branch_dag.py
[2024-06-25T05:50:06.031+0000] {logging_mixin.py:188} INFO - [2024-06-25T05:50:06.031+0000] {dag.py:3096} INFO - Sync 1 DAGs
[2024-06-25T05:50:06.041+0000] {logging_mixin.py:188} INFO - [2024-06-25T05:50:06.041+0000] {dag.py:3954} INFO - Setting next_dagrun for example_nested_branch_dag to 2024-06-24 00:00:00+00:00, run_after=2024-06-25 00:00:00+00:00
[2024-06-25T05:50:06.049+0000] {processor.py:183} INFO - Processing /home/airflow/.local/lib/python3.12/site-packages/airflow/example_dags/example_nested_branch_dag.py took 0.037 seconds
[2024-06-25T05:50:36.113+0000] {processor.py:161} INFO - Started process (PID=867) to work on /home/airflow/.local/lib/python3.12/site-packages/airflow/example_dags/example_nested_branch_dag.py
[2024-06-25T05:50:36.113+0000] {processor.py:830} INFO - Processing file /home/airflow/.local/lib/python3.12/site-packages/airflow/example_dags/example_nested_branch_dag.py for tasks to queue
[2024-06-25T05:50:36.114+0000] {logging_mixin.py:188} INFO - [2024-06-25T05:50:36.114+0000] {dagbag.py:545} INFO - Filling up the DagBag from /home/airflow/.local/lib/python3.12/site-packages/airflow/example_dags/example_nested_branch_dag.py
[2024-06-25T05:50:36.119+0000] {processor.py:840} INFO - DAG(s) 'example_nested_branch_dag' retrieved from /home/airflow/.local/lib/python3.12/site-packages/airflow/example_dags/example_nested_branch_dag.py
[2024-06-25T05:50:36.128+0000] {logging_mixin.py:188} INFO - [2024-06-25T05:50:36.128+0000] {dag.py:3096} INFO - Sync 1 DAGs
[2024-06-25T05:50:36.138+0000] {logging_mixin.py:188} INFO - [2024-06-25T05:50:36.138+0000] {dag.py:3954} INFO - Setting next_dagrun for example_nested_branch_dag to 2024-06-24 00:00:00+00:00, run_after=2024-06-25 00:00:00+00:00
[2024-06-25T05:50:36.147+0000] {processor.py:183} INFO - Processing /home/airflow/.local/lib/python3.12/site-packages/airflow/example_dags/example_nested_branch_dag.py took 0.037 seconds
[2024-06-25T05:51:06.261+0000] {processor.py:161} INFO - Started process (PID=925) to work on /home/airflow/.local/lib/python3.12/site-packages/airflow/example_dags/example_nested_branch_dag.py
[2024-06-25T05:51:06.262+0000] {processor.py:830} INFO - Processing file /home/airflow/.local/lib/python3.12/site-packages/airflow/example_dags/example_nested_branch_dag.py for tasks to queue
[2024-06-25T05:51:06.263+0000] {logging_mixin.py:188} INFO - [2024-06-25T05:51:06.263+0000] {dagbag.py:545} INFO - Filling up the DagBag from /home/airflow/.local/lib/python3.12/site-packages/airflow/example_dags/example_nested_branch_dag.py
[2024-06-25T05:51:06.268+0000] {processor.py:840} INFO - DAG(s) 'example_nested_branch_dag' retrieved from /home/airflow/.local/lib/python3.12/site-packages/airflow/example_dags/example_nested_branch_dag.py
[2024-06-25T05:51:06.279+0000] {logging_mixin.py:188} INFO - [2024-06-25T05:51:06.279+0000] {dag.py:3096} INFO - Sync 1 DAGs
[2024-06-25T05:51:06.289+0000] {logging_mixin.py:188} INFO - [2024-06-25T05:51:06.289+0000] {dag.py:3954} INFO - Setting next_dagrun for example_nested_branch_dag to 2024-06-24 00:00:00+00:00, run_after=2024-06-25 00:00:00+00:00
[2024-06-25T05:51:06.299+0000] {processor.py:183} INFO - Processing /home/airflow/.local/lib/python3.12/site-packages/airflow/example_dags/example_nested_branch_dag.py took 0.041 seconds
[2024-06-25T05:51:37.044+0000] {processor.py:161} INFO - Started process (PID=983) to work on /home/airflow/.local/lib/python3.12/site-packages/airflow/example_dags/example_nested_branch_dag.py
[2024-06-25T05:51:37.045+0000] {processor.py:830} INFO - Processing file /home/airflow/.local/lib/python3.12/site-packages/airflow/example_dags/example_nested_branch_dag.py for tasks to queue
[2024-06-25T05:51:37.046+0000] {logging_mixin.py:188} INFO - [2024-06-25T05:51:37.046+0000] {dagbag.py:545} INFO - Filling up the DagBag from /home/airflow/.local/lib/python3.12/site-packages/airflow/example_dags/example_nested_branch_dag.py
[2024-06-25T05:51:37.052+0000] {processor.py:840} INFO - DAG(s) 'example_nested_branch_dag' retrieved from /home/airflow/.local/lib/python3.12/site-packages/airflow/example_dags/example_nested_branch_dag.py
[2024-06-25T05:51:37.063+0000] {logging_mixin.py:188} INFO - [2024-06-25T05:51:37.063+0000] {dag.py:3096} INFO - Sync 1 DAGs
[2024-06-25T05:51:37.074+0000] {logging_mixin.py:188} INFO - [2024-06-25T05:51:37.074+0000] {dag.py:3954} INFO - Setting next_dagrun for example_nested_branch_dag to 2024-06-24 00:00:00+00:00, run_after=2024-06-25 00:00:00+00:00
[2024-06-25T05:51:37.082+0000] {processor.py:183} INFO - Processing /home/airflow/.local/lib/python3.12/site-packages/airflow/example_dags/example_nested_branch_dag.py took 0.040 seconds
[2024-06-25T05:52:07.190+0000] {processor.py:161} INFO - Started process (PID=1041) to work on /home/airflow/.local/lib/python3.12/site-packages/airflow/example_dags/example_nested_branch_dag.py
[2024-06-25T05:52:07.191+0000] {processor.py:830} INFO - Processing file /home/airflow/.local/lib/python3.12/site-packages/airflow/example_dags/example_nested_branch_dag.py for tasks to queue
[2024-06-25T05:52:07.192+0000] {logging_mixin.py:188} INFO - [2024-06-25T05:52:07.191+0000] {dagbag.py:545} INFO - Filling up the DagBag from /home/airflow/.local/lib/python3.12/site-packages/airflow/example_dags/example_nested_branch_dag.py
[2024-06-25T05:52:07.197+0000] {processor.py:840} INFO - DAG(s) 'example_nested_branch_dag' retrieved from /home/airflow/.local/lib/python3.12/site-packages/airflow/example_dags/example_nested_branch_dag.py
[2024-06-25T05:52:07.207+0000] {logging_mixin.py:188} INFO - [2024-06-25T05:52:07.207+0000] {dag.py:3096} INFO - Sync 1 DAGs
[2024-06-25T05:52:07.220+0000] {logging_mixin.py:188} INFO - [2024-06-25T05:52:07.220+0000] {dag.py:3954} INFO - Setting next_dagrun for example_nested_branch_dag to 2024-06-24 00:00:00+00:00, run_after=2024-06-25 00:00:00+00:00
[2024-06-25T05:52:07.231+0000] {processor.py:183} INFO - Processing /home/airflow/.local/lib/python3.12/site-packages/airflow/example_dags/example_nested_branch_dag.py took 0.044 seconds
[2024-06-25T05:52:37.876+0000] {processor.py:161} INFO - Started process (PID=1099) to work on /home/airflow/.local/lib/python3.12/site-packages/airflow/example_dags/example_nested_branch_dag.py
[2024-06-25T05:52:37.876+0000] {processor.py:830} INFO - Processing file /home/airflow/.local/lib/python3.12/site-packages/airflow/example_dags/example_nested_branch_dag.py for tasks to queue
[2024-06-25T05:52:37.877+0000] {logging_mixin.py:188} INFO - [2024-06-25T05:52:37.877+0000] {dagbag.py:545} INFO - Filling up the DagBag from /home/airflow/.local/lib/python3.12/site-packages/airflow/example_dags/example_nested_branch_dag.py
[2024-06-25T05:52:37.883+0000] {processor.py:840} INFO - DAG(s) 'example_nested_branch_dag' retrieved from /home/airflow/.local/lib/python3.12/site-packages/airflow/example_dags/example_nested_branch_dag.py
[2024-06-25T05:52:37.893+0000] {logging_mixin.py:188} INFO - [2024-06-25T05:52:37.893+0000] {dag.py:3096} INFO - Sync 1 DAGs
[2024-06-25T05:52:37.903+0000] {logging_mixin.py:188} INFO - [2024-06-25T05:52:37.903+0000] {dag.py:3954} INFO - Setting next_dagrun for example_nested_branch_dag to 2024-06-24 00:00:00+00:00, run_after=2024-06-25 00:00:00+00:00
[2024-06-25T05:52:37.913+0000] {processor.py:183} INFO - Processing /home/airflow/.local/lib/python3.12/site-packages/airflow/example_dags/example_nested_branch_dag.py took 0.040 seconds
[2024-06-25T05:53:08.572+0000] {processor.py:161} INFO - Started process (PID=1157) to work on /home/airflow/.local/lib/python3.12/site-packages/airflow/example_dags/example_nested_branch_dag.py
[2024-06-25T05:53:08.574+0000] {processor.py:830} INFO - Processing file /home/airflow/.local/lib/python3.12/site-packages/airflow/example_dags/example_nested_branch_dag.py for tasks to queue
[2024-06-25T05:53:08.575+0000] {logging_mixin.py:188} INFO - [2024-06-25T05:53:08.575+0000] {dagbag.py:545} INFO - Filling up the DagBag from /home/airflow/.local/lib/python3.12/site-packages/airflow/example_dags/example_nested_branch_dag.py
[2024-06-25T05:53:08.580+0000] {processor.py:840} INFO - DAG(s) 'example_nested_branch_dag' retrieved from /home/airflow/.local/lib/python3.12/site-packages/airflow/example_dags/example_nested_branch_dag.py
[2024-06-25T05:53:08.590+0000] {logging_mixin.py:188} INFO - [2024-06-25T05:53:08.590+0000] {dag.py:3096} INFO - Sync 1 DAGs
[2024-06-25T05:53:08.599+0000] {logging_mixin.py:188} INFO - [2024-06-25T05:53:08.599+0000] {dag.py:3954} INFO - Setting next_dagrun for example_nested_branch_dag to 2024-06-24 00:00:00+00:00, run_after=2024-06-25 00:00:00+00:00
[2024-06-25T05:53:08.607+0000] {processor.py:183} INFO - Processing /home/airflow/.local/lib/python3.12/site-packages/airflow/example_dags/example_nested_branch_dag.py took 0.038 seconds
[2024-06-25T05:53:38.781+0000] {processor.py:161} INFO - Started process (PID=1215) to work on /home/airflow/.local/lib/python3.12/site-packages/airflow/example_dags/example_nested_branch_dag.py
[2024-06-25T05:53:38.782+0000] {processor.py:830} INFO - Processing file /home/airflow/.local/lib/python3.12/site-packages/airflow/example_dags/example_nested_branch_dag.py for tasks to queue
[2024-06-25T05:53:38.783+0000] {logging_mixin.py:188} INFO - [2024-06-25T05:53:38.783+0000] {dagbag.py:545} INFO - Filling up the DagBag from /home/airflow/.local/lib/python3.12/site-packages/airflow/example_dags/example_nested_branch_dag.py
[2024-06-25T05:53:38.788+0000] {processor.py:840} INFO - DAG(s) 'example_nested_branch_dag' retrieved from /home/airflow/.local/lib/python3.12/site-packages/airflow/example_dags/example_nested_branch_dag.py
[2024-06-25T05:53:38.798+0000] {logging_mixin.py:188} INFO - [2024-06-25T05:53:38.798+0000] {dag.py:3096} INFO - Sync 1 DAGs
[2024-06-25T05:53:38.808+0000] {logging_mixin.py:188} INFO - [2024-06-25T05:53:38.808+0000] {dag.py:3954} INFO - Setting next_dagrun for example_nested_branch_dag to 2024-06-24 00:00:00+00:00, run_after=2024-06-25 00:00:00+00:00
[2024-06-25T05:53:38.816+0000] {processor.py:183} INFO - Processing /home/airflow/.local/lib/python3.12/site-packages/airflow/example_dags/example_nested_branch_dag.py took 0.038 seconds
[2024-06-25T05:54:09.642+0000] {processor.py:161} INFO - Started process (PID=1273) to work on /home/airflow/.local/lib/python3.12/site-packages/airflow/example_dags/example_nested_branch_dag.py
[2024-06-25T05:54:09.648+0000] {processor.py:830} INFO - Processing file /home/airflow/.local/lib/python3.12/site-packages/airflow/example_dags/example_nested_branch_dag.py for tasks to queue
[2024-06-25T05:54:09.649+0000] {logging_mixin.py:188} INFO - [2024-06-25T05:54:09.648+0000] {dagbag.py:545} INFO - Filling up the DagBag from /home/airflow/.local/lib/python3.12/site-packages/airflow/example_dags/example_nested_branch_dag.py
[2024-06-25T05:54:09.653+0000] {processor.py:840} INFO - DAG(s) 'example_nested_branch_dag' retrieved from /home/airflow/.local/lib/python3.12/site-packages/airflow/example_dags/example_nested_branch_dag.py
[2024-06-25T05:54:09.664+0000] {logging_mixin.py:188} INFO - [2024-06-25T05:54:09.664+0000] {dag.py:3096} INFO - Sync 1 DAGs
[2024-06-25T05:54:09.674+0000] {logging_mixin.py:188} INFO - [2024-06-25T05:54:09.674+0000] {dag.py:3954} INFO - Setting next_dagrun for example_nested_branch_dag to 2024-06-24 00:00:00+00:00, run_after=2024-06-25 00:00:00+00:00
[2024-06-25T05:54:09.683+0000] {processor.py:183} INFO - Processing /home/airflow/.local/lib/python3.12/site-packages/airflow/example_dags/example_nested_branch_dag.py took 0.044 seconds
[2024-06-25T05:54:39.760+0000] {processor.py:161} INFO - Started process (PID=1330) to work on /home/airflow/.local/lib/python3.12/site-packages/airflow/example_dags/example_nested_branch_dag.py
[2024-06-25T05:54:39.761+0000] {processor.py:830} INFO - Processing file /home/airflow/.local/lib/python3.12/site-packages/airflow/example_dags/example_nested_branch_dag.py for tasks to queue
[2024-06-25T05:54:39.765+0000] {logging_mixin.py:188} INFO - [2024-06-25T05:54:39.764+0000] {dagbag.py:545} INFO - Filling up the DagBag from /home/airflow/.local/lib/python3.12/site-packages/airflow/example_dags/example_nested_branch_dag.py
[2024-06-25T05:54:39.777+0000] {processor.py:840} INFO - DAG(s) 'example_nested_branch_dag' retrieved from /home/airflow/.local/lib/python3.12/site-packages/airflow/example_dags/example_nested_branch_dag.py
[2024-06-25T05:54:39.791+0000] {logging_mixin.py:188} INFO - [2024-06-25T05:54:39.791+0000] {dag.py:3096} INFO - Sync 1 DAGs
[2024-06-25T05:54:39.804+0000] {logging_mixin.py:188} INFO - [2024-06-25T05:54:39.804+0000] {dag.py:3954} INFO - Setting next_dagrun for example_nested_branch_dag to 2024-06-24 00:00:00+00:00, run_after=2024-06-25 00:00:00+00:00
[2024-06-25T05:54:39.816+0000] {processor.py:183} INFO - Processing /home/airflow/.local/lib/python3.12/site-packages/airflow/example_dags/example_nested_branch_dag.py took 0.061 seconds
[2024-06-25T05:55:09.907+0000] {processor.py:161} INFO - Started process (PID=1388) to work on /home/airflow/.local/lib/python3.12/site-packages/airflow/example_dags/example_nested_branch_dag.py
[2024-06-25T05:55:09.907+0000] {processor.py:830} INFO - Processing file /home/airflow/.local/lib/python3.12/site-packages/airflow/example_dags/example_nested_branch_dag.py for tasks to queue
[2024-06-25T05:55:09.909+0000] {logging_mixin.py:188} INFO - [2024-06-25T05:55:09.909+0000] {dagbag.py:545} INFO - Filling up the DagBag from /home/airflow/.local/lib/python3.12/site-packages/airflow/example_dags/example_nested_branch_dag.py
[2024-06-25T05:55:09.915+0000] {processor.py:840} INFO - DAG(s) 'example_nested_branch_dag' retrieved from /home/airflow/.local/lib/python3.12/site-packages/airflow/example_dags/example_nested_branch_dag.py
[2024-06-25T05:55:09.926+0000] {logging_mixin.py:188} INFO - [2024-06-25T05:55:09.926+0000] {dag.py:3096} INFO - Sync 1 DAGs
[2024-06-25T05:55:09.938+0000] {logging_mixin.py:188} INFO - [2024-06-25T05:55:09.938+0000] {dag.py:3954} INFO - Setting next_dagrun for example_nested_branch_dag to 2024-06-24 00:00:00+00:00, run_after=2024-06-25 00:00:00+00:00
[2024-06-25T05:55:09.949+0000] {processor.py:183} INFO - Processing /home/airflow/.local/lib/python3.12/site-packages/airflow/example_dags/example_nested_branch_dag.py took 0.046 seconds
[2024-06-25T05:55:40.803+0000] {processor.py:161} INFO - Started process (PID=1446) to work on /home/airflow/.local/lib/python3.12/site-packages/airflow/example_dags/example_nested_branch_dag.py
[2024-06-25T05:55:40.803+0000] {processor.py:830} INFO - Processing file /home/airflow/.local/lib/python3.12/site-packages/airflow/example_dags/example_nested_branch_dag.py for tasks to queue
[2024-06-25T05:55:40.804+0000] {logging_mixin.py:188} INFO - [2024-06-25T05:55:40.804+0000] {dagbag.py:545} INFO - Filling up the DagBag from /home/airflow/.local/lib/python3.12/site-packages/airflow/example_dags/example_nested_branch_dag.py
[2024-06-25T05:55:40.810+0000] {processor.py:840} INFO - DAG(s) 'example_nested_branch_dag' retrieved from /home/airflow/.local/lib/python3.12/site-packages/airflow/example_dags/example_nested_branch_dag.py
[2024-06-25T05:55:40.820+0000] {logging_mixin.py:188} INFO - [2024-06-25T05:55:40.820+0000] {dag.py:3096} INFO - Sync 1 DAGs
[2024-06-25T05:55:40.849+0000] {logging_mixin.py:188} INFO - [2024-06-25T05:55:40.849+0000] {dag.py:3954} INFO - Setting next_dagrun for example_nested_branch_dag to 2024-06-24 00:00:00+00:00, run_after=2024-06-25 00:00:00+00:00
[2024-06-25T05:55:40.875+0000] {processor.py:183} INFO - Processing /home/airflow/.local/lib/python3.12/site-packages/airflow/example_dags/example_nested_branch_dag.py took 0.076 seconds
[2024-06-25T05:56:11.090+0000] {processor.py:161} INFO - Started process (PID=1504) to work on /home/airflow/.local/lib/python3.12/site-packages/airflow/example_dags/example_nested_branch_dag.py
[2024-06-25T05:56:11.091+0000] {processor.py:830} INFO - Processing file /home/airflow/.local/lib/python3.12/site-packages/airflow/example_dags/example_nested_branch_dag.py for tasks to queue
[2024-06-25T05:56:11.092+0000] {logging_mixin.py:188} INFO - [2024-06-25T05:56:11.091+0000] {dagbag.py:545} INFO - Filling up the DagBag from /home/airflow/.local/lib/python3.12/site-packages/airflow/example_dags/example_nested_branch_dag.py
[2024-06-25T05:56:11.097+0000] {processor.py:840} INFO - DAG(s) 'example_nested_branch_dag' retrieved from /home/airflow/.local/lib/python3.12/site-packages/airflow/example_dags/example_nested_branch_dag.py
[2024-06-25T05:56:11.107+0000] {logging_mixin.py:188} INFO - [2024-06-25T05:56:11.107+0000] {dag.py:3096} INFO - Sync 1 DAGs
[2024-06-25T05:56:11.117+0000] {logging_mixin.py:188} INFO - [2024-06-25T05:56:11.116+0000] {dag.py:3954} INFO - Setting next_dagrun for example_nested_branch_dag to 2024-06-24 00:00:00+00:00, run_after=2024-06-25 00:00:00+00:00
[2024-06-25T05:56:11.124+0000] {processor.py:183} INFO - Processing /home/airflow/.local/lib/python3.12/site-packages/airflow/example_dags/example_nested_branch_dag.py took 0.037 seconds
[2024-06-25T05:56:41.779+0000] {processor.py:161} INFO - Started process (PID=1562) to work on /home/airflow/.local/lib/python3.12/site-packages/airflow/example_dags/example_nested_branch_dag.py
[2024-06-25T05:56:41.779+0000] {processor.py:830} INFO - Processing file /home/airflow/.local/lib/python3.12/site-packages/airflow/example_dags/example_nested_branch_dag.py for tasks to queue
[2024-06-25T05:56:41.780+0000] {logging_mixin.py:188} INFO - [2024-06-25T05:56:41.780+0000] {dagbag.py:545} INFO - Filling up the DagBag from /home/airflow/.local/lib/python3.12/site-packages/airflow/example_dags/example_nested_branch_dag.py
[2024-06-25T05:56:41.785+0000] {processor.py:840} INFO - DAG(s) 'example_nested_branch_dag' retrieved from /home/airflow/.local/lib/python3.12/site-packages/airflow/example_dags/example_nested_branch_dag.py
[2024-06-25T05:56:41.795+0000] {logging_mixin.py:188} INFO - [2024-06-25T05:56:41.795+0000] {dag.py:3096} INFO - Sync 1 DAGs
[2024-06-25T05:56:41.805+0000] {logging_mixin.py:188} INFO - [2024-06-25T05:56:41.805+0000] {dag.py:3954} INFO - Setting next_dagrun for example_nested_branch_dag to 2024-06-24 00:00:00+00:00, run_after=2024-06-25 00:00:00+00:00
[2024-06-25T05:56:41.814+0000] {processor.py:183} INFO - Processing /home/airflow/.local/lib/python3.12/site-packages/airflow/example_dags/example_nested_branch_dag.py took 0.038 seconds
[2024-06-25T05:57:12.507+0000] {processor.py:161} INFO - Started process (PID=1620) to work on /home/airflow/.local/lib/python3.12/site-packages/airflow/example_dags/example_nested_branch_dag.py
[2024-06-25T05:57:12.508+0000] {processor.py:830} INFO - Processing file /home/airflow/.local/lib/python3.12/site-packages/airflow/example_dags/example_nested_branch_dag.py for tasks to queue
[2024-06-25T05:57:12.509+0000] {logging_mixin.py:188} INFO - [2024-06-25T05:57:12.508+0000] {dagbag.py:545} INFO - Filling up the DagBag from /home/airflow/.local/lib/python3.12/site-packages/airflow/example_dags/example_nested_branch_dag.py
[2024-06-25T05:57:12.513+0000] {processor.py:840} INFO - DAG(s) 'example_nested_branch_dag' retrieved from /home/airflow/.local/lib/python3.12/site-packages/airflow/example_dags/example_nested_branch_dag.py
[2024-06-25T05:57:12.523+0000] {logging_mixin.py:188} INFO - [2024-06-25T05:57:12.523+0000] {dag.py:3096} INFO - Sync 1 DAGs
[2024-06-25T05:57:12.533+0000] {logging_mixin.py:188} INFO - [2024-06-25T05:57:12.533+0000] {dag.py:3954} INFO - Setting next_dagrun for example_nested_branch_dag to 2024-06-24 00:00:00+00:00, run_after=2024-06-25 00:00:00+00:00
[2024-06-25T05:57:12.541+0000] {processor.py:183} INFO - Processing /home/airflow/.local/lib/python3.12/site-packages/airflow/example_dags/example_nested_branch_dag.py took 0.037 seconds
[2024-06-25T05:57:43.214+0000] {processor.py:161} INFO - Started process (PID=1678) to work on /home/airflow/.local/lib/python3.12/site-packages/airflow/example_dags/example_nested_branch_dag.py
[2024-06-25T05:57:43.215+0000] {processor.py:830} INFO - Processing file /home/airflow/.local/lib/python3.12/site-packages/airflow/example_dags/example_nested_branch_dag.py for tasks to queue
[2024-06-25T05:57:43.216+0000] {logging_mixin.py:188} INFO - [2024-06-25T05:57:43.216+0000] {dagbag.py:545} INFO - Filling up the DagBag from /home/airflow/.local/lib/python3.12/site-packages/airflow/example_dags/example_nested_branch_dag.py
[2024-06-25T05:57:43.221+0000] {processor.py:840} INFO - DAG(s) 'example_nested_branch_dag' retrieved from /home/airflow/.local/lib/python3.12/site-packages/airflow/example_dags/example_nested_branch_dag.py
[2024-06-25T05:57:43.231+0000] {logging_mixin.py:188} INFO - [2024-06-25T05:57:43.231+0000] {dag.py:3096} INFO - Sync 1 DAGs
[2024-06-25T05:57:43.241+0000] {logging_mixin.py:188} INFO - [2024-06-25T05:57:43.241+0000] {dag.py:3954} INFO - Setting next_dagrun for example_nested_branch_dag to 2024-06-24 00:00:00+00:00, run_after=2024-06-25 00:00:00+00:00
[2024-06-25T05:57:43.251+0000] {processor.py:183} INFO - Processing /home/airflow/.local/lib/python3.12/site-packages/airflow/example_dags/example_nested_branch_dag.py took 0.039 seconds
