[2024-06-25T05:41:18.693+0000] {processor.py:161} INFO - Started process (PID=58) to work on /home/airflow/.local/lib/python3.12/site-packages/airflow/example_dags/example_dynamic_task_mapping.py
[2024-06-25T05:41:18.694+0000] {processor.py:830} INFO - Processing file /home/airflow/.local/lib/python3.12/site-packages/airflow/example_dags/example_dynamic_task_mapping.py for tasks to queue
[2024-06-25T05:41:18.695+0000] {logging_mixin.py:188} INFO - [2024-06-25T05:41:18.695+0000] {dagbag.py:545} INFO - Filling up the DagBag from /home/airflow/.local/lib/python3.12/site-packages/airflow/example_dags/example_dynamic_task_mapping.py
[2024-06-25T05:41:18.705+0000] {processor.py:840} INFO - DAG(s) 'example_dynamic_task_mapping' retrieved from /home/airflow/.local/lib/python3.12/site-packages/airflow/example_dags/example_dynamic_task_mapping.py
[2024-06-25T05:41:18.715+0000] {logging_mixin.py:188} INFO - [2024-06-25T05:41:18.715+0000] {dag.py:3096} INFO - Sync 1 DAGs
[2024-06-25T05:41:18.731+0000] {logging_mixin.py:188} INFO - [2024-06-25T05:41:18.731+0000] {dag.py:3954} INFO - Setting next_dagrun for example_dynamic_task_mapping to 2022-03-04 00:00:00+00:00, run_after=2022-03-05 00:00:00+00:00
[2024-06-25T05:41:18.747+0000] {processor.py:183} INFO - Processing /home/airflow/.local/lib/python3.12/site-packages/airflow/example_dags/example_dynamic_task_mapping.py took 0.060 seconds
[2024-06-25T05:41:48.931+0000] {processor.py:161} INFO - Started process (PID=116) to work on /home/airflow/.local/lib/python3.12/site-packages/airflow/example_dags/example_dynamic_task_mapping.py
[2024-06-25T05:41:48.932+0000] {processor.py:830} INFO - Processing file /home/airflow/.local/lib/python3.12/site-packages/airflow/example_dags/example_dynamic_task_mapping.py for tasks to queue
[2024-06-25T05:41:48.932+0000] {logging_mixin.py:188} INFO - [2024-06-25T05:41:48.932+0000] {dagbag.py:545} INFO - Filling up the DagBag from /home/airflow/.local/lib/python3.12/site-packages/airflow/example_dags/example_dynamic_task_mapping.py
[2024-06-25T05:41:48.936+0000] {processor.py:840} INFO - DAG(s) 'example_dynamic_task_mapping' retrieved from /home/airflow/.local/lib/python3.12/site-packages/airflow/example_dags/example_dynamic_task_mapping.py
[2024-06-25T05:41:48.981+0000] {logging_mixin.py:188} INFO - [2024-06-25T05:41:48.980+0000] {dag.py:3096} INFO - Sync 1 DAGs
[2024-06-25T05:41:48.988+0000] {logging_mixin.py:188} INFO - [2024-06-25T05:41:48.988+0000] {dag.py:3954} INFO - Setting next_dagrun for example_dynamic_task_mapping to 2022-03-04 00:00:00+00:00, run_after=2022-03-05 00:00:00+00:00
[2024-06-25T05:41:48.997+0000] {processor.py:183} INFO - Processing /home/airflow/.local/lib/python3.12/site-packages/airflow/example_dags/example_dynamic_task_mapping.py took 0.069 seconds
[2024-06-25T05:42:19.024+0000] {processor.py:161} INFO - Started process (PID=174) to work on /home/airflow/.local/lib/python3.12/site-packages/airflow/example_dags/example_dynamic_task_mapping.py
[2024-06-25T05:42:19.025+0000] {processor.py:830} INFO - Processing file /home/airflow/.local/lib/python3.12/site-packages/airflow/example_dags/example_dynamic_task_mapping.py for tasks to queue
[2024-06-25T05:42:19.026+0000] {logging_mixin.py:188} INFO - [2024-06-25T05:42:19.026+0000] {dagbag.py:545} INFO - Filling up the DagBag from /home/airflow/.local/lib/python3.12/site-packages/airflow/example_dags/example_dynamic_task_mapping.py
[2024-06-25T05:42:19.030+0000] {processor.py:840} INFO - DAG(s) 'example_dynamic_task_mapping' retrieved from /home/airflow/.local/lib/python3.12/site-packages/airflow/example_dags/example_dynamic_task_mapping.py
[2024-06-25T05:42:19.039+0000] {logging_mixin.py:188} INFO - [2024-06-25T05:42:19.039+0000] {dag.py:3096} INFO - Sync 1 DAGs
[2024-06-25T05:42:19.048+0000] {logging_mixin.py:188} INFO - [2024-06-25T05:42:19.048+0000] {dag.py:3954} INFO - Setting next_dagrun for example_dynamic_task_mapping to 2022-03-04 00:00:00+00:00, run_after=2022-03-05 00:00:00+00:00
[2024-06-25T05:42:19.056+0000] {processor.py:183} INFO - Processing /home/airflow/.local/lib/python3.12/site-packages/airflow/example_dags/example_dynamic_task_mapping.py took 0.034 seconds
[2024-06-25T05:42:49.395+0000] {processor.py:161} INFO - Started process (PID=232) to work on /home/airflow/.local/lib/python3.12/site-packages/airflow/example_dags/example_dynamic_task_mapping.py
[2024-06-25T05:42:49.396+0000] {processor.py:830} INFO - Processing file /home/airflow/.local/lib/python3.12/site-packages/airflow/example_dags/example_dynamic_task_mapping.py for tasks to queue
[2024-06-25T05:42:49.397+0000] {logging_mixin.py:188} INFO - [2024-06-25T05:42:49.397+0000] {dagbag.py:545} INFO - Filling up the DagBag from /home/airflow/.local/lib/python3.12/site-packages/airflow/example_dags/example_dynamic_task_mapping.py
[2024-06-25T05:42:49.401+0000] {processor.py:840} INFO - DAG(s) 'example_dynamic_task_mapping' retrieved from /home/airflow/.local/lib/python3.12/site-packages/airflow/example_dags/example_dynamic_task_mapping.py
[2024-06-25T05:42:49.411+0000] {logging_mixin.py:188} INFO - [2024-06-25T05:42:49.411+0000] {dag.py:3096} INFO - Sync 1 DAGs
[2024-06-25T05:42:49.421+0000] {logging_mixin.py:188} INFO - [2024-06-25T05:42:49.421+0000] {dag.py:3954} INFO - Setting next_dagrun for example_dynamic_task_mapping to 2022-03-04 00:00:00+00:00, run_after=2022-03-05 00:00:00+00:00
[2024-06-25T05:42:49.432+0000] {processor.py:183} INFO - Processing /home/airflow/.local/lib/python3.12/site-packages/airflow/example_dags/example_dynamic_task_mapping.py took 0.040 seconds
[2024-06-25T05:43:20.412+0000] {processor.py:161} INFO - Started process (PID=57) to work on /home/airflow/.local/lib/python3.12/site-packages/airflow/example_dags/example_dynamic_task_mapping.py
[2024-06-25T05:43:20.414+0000] {processor.py:830} INFO - Processing file /home/airflow/.local/lib/python3.12/site-packages/airflow/example_dags/example_dynamic_task_mapping.py for tasks to queue
[2024-06-25T05:43:20.419+0000] {logging_mixin.py:188} INFO - [2024-06-25T05:43:20.419+0000] {dagbag.py:545} INFO - Filling up the DagBag from /home/airflow/.local/lib/python3.12/site-packages/airflow/example_dags/example_dynamic_task_mapping.py
[2024-06-25T05:43:20.430+0000] {processor.py:840} INFO - DAG(s) 'example_dynamic_task_mapping' retrieved from /home/airflow/.local/lib/python3.12/site-packages/airflow/example_dags/example_dynamic_task_mapping.py
[2024-06-25T05:43:20.464+0000] {logging_mixin.py:188} INFO - [2024-06-25T05:43:20.464+0000] {dag.py:3096} INFO - Sync 1 DAGs
[2024-06-25T05:43:20.492+0000] {logging_mixin.py:188} INFO - [2024-06-25T05:43:20.492+0000] {dag.py:3954} INFO - Setting next_dagrun for example_dynamic_task_mapping to 2022-03-04 00:00:00+00:00, run_after=2022-03-05 00:00:00+00:00
[2024-06-25T05:43:20.529+0000] {processor.py:183} INFO - Processing /home/airflow/.local/lib/python3.12/site-packages/airflow/example_dags/example_dynamic_task_mapping.py took 0.123 seconds
[2024-06-25T05:43:50.899+0000] {processor.py:161} INFO - Started process (PID=115) to work on /home/airflow/.local/lib/python3.12/site-packages/airflow/example_dags/example_dynamic_task_mapping.py
[2024-06-25T05:43:50.899+0000] {processor.py:830} INFO - Processing file /home/airflow/.local/lib/python3.12/site-packages/airflow/example_dags/example_dynamic_task_mapping.py for tasks to queue
[2024-06-25T05:43:50.900+0000] {logging_mixin.py:188} INFO - [2024-06-25T05:43:50.900+0000] {dagbag.py:545} INFO - Filling up the DagBag from /home/airflow/.local/lib/python3.12/site-packages/airflow/example_dags/example_dynamic_task_mapping.py
[2024-06-25T05:43:50.903+0000] {processor.py:840} INFO - DAG(s) 'example_dynamic_task_mapping' retrieved from /home/airflow/.local/lib/python3.12/site-packages/airflow/example_dags/example_dynamic_task_mapping.py
[2024-06-25T05:43:50.908+0000] {logging_mixin.py:188} INFO - [2024-06-25T05:43:50.908+0000] {dag.py:3096} INFO - Sync 1 DAGs
[2024-06-25T05:43:50.917+0000] {logging_mixin.py:188} INFO - [2024-06-25T05:43:50.917+0000] {dag.py:3954} INFO - Setting next_dagrun for example_dynamic_task_mapping to 2022-03-04 00:00:00+00:00, run_after=2022-03-05 00:00:00+00:00
[2024-06-25T05:43:50.924+0000] {processor.py:183} INFO - Processing /home/airflow/.local/lib/python3.12/site-packages/airflow/example_dags/example_dynamic_task_mapping.py took 0.028 seconds
[2024-06-25T05:44:21.975+0000] {processor.py:161} INFO - Started process (PID=173) to work on /home/airflow/.local/lib/python3.12/site-packages/airflow/example_dags/example_dynamic_task_mapping.py
[2024-06-25T05:44:21.975+0000] {processor.py:830} INFO - Processing file /home/airflow/.local/lib/python3.12/site-packages/airflow/example_dags/example_dynamic_task_mapping.py for tasks to queue
[2024-06-25T05:44:21.976+0000] {logging_mixin.py:188} INFO - [2024-06-25T05:44:21.976+0000] {dagbag.py:545} INFO - Filling up the DagBag from /home/airflow/.local/lib/python3.12/site-packages/airflow/example_dags/example_dynamic_task_mapping.py
[2024-06-25T05:44:21.979+0000] {processor.py:840} INFO - DAG(s) 'example_dynamic_task_mapping' retrieved from /home/airflow/.local/lib/python3.12/site-packages/airflow/example_dags/example_dynamic_task_mapping.py
[2024-06-25T05:44:22.021+0000] {logging_mixin.py:188} INFO - [2024-06-25T05:44:22.021+0000] {dag.py:3096} INFO - Sync 1 DAGs
[2024-06-25T05:44:22.029+0000] {logging_mixin.py:188} INFO - [2024-06-25T05:44:22.029+0000] {dag.py:3954} INFO - Setting next_dagrun for example_dynamic_task_mapping to 2022-03-04 00:00:00+00:00, run_after=2022-03-05 00:00:00+00:00
[2024-06-25T05:44:22.037+0000] {processor.py:183} INFO - Processing /home/airflow/.local/lib/python3.12/site-packages/airflow/example_dags/example_dynamic_task_mapping.py took 0.064 seconds
[2024-06-25T05:44:52.944+0000] {processor.py:161} INFO - Started process (PID=231) to work on /home/airflow/.local/lib/python3.12/site-packages/airflow/example_dags/example_dynamic_task_mapping.py
[2024-06-25T05:44:52.945+0000] {processor.py:830} INFO - Processing file /home/airflow/.local/lib/python3.12/site-packages/airflow/example_dags/example_dynamic_task_mapping.py for tasks to queue
[2024-06-25T05:44:52.946+0000] {logging_mixin.py:188} INFO - [2024-06-25T05:44:52.946+0000] {dagbag.py:545} INFO - Filling up the DagBag from /home/airflow/.local/lib/python3.12/site-packages/airflow/example_dags/example_dynamic_task_mapping.py
[2024-06-25T05:44:52.950+0000] {processor.py:840} INFO - DAG(s) 'example_dynamic_task_mapping' retrieved from /home/airflow/.local/lib/python3.12/site-packages/airflow/example_dags/example_dynamic_task_mapping.py
[2024-06-25T05:44:52.959+0000] {logging_mixin.py:188} INFO - [2024-06-25T05:44:52.959+0000] {dag.py:3096} INFO - Sync 1 DAGs
[2024-06-25T05:44:52.970+0000] {logging_mixin.py:188} INFO - [2024-06-25T05:44:52.970+0000] {dag.py:3954} INFO - Setting next_dagrun for example_dynamic_task_mapping to 2022-03-04 00:00:00+00:00, run_after=2022-03-05 00:00:00+00:00
[2024-06-25T05:44:52.978+0000] {processor.py:183} INFO - Processing /home/airflow/.local/lib/python3.12/site-packages/airflow/example_dags/example_dynamic_task_mapping.py took 0.037 seconds
[2024-06-25T05:45:23.640+0000] {processor.py:161} INFO - Started process (PID=288) to work on /home/airflow/.local/lib/python3.12/site-packages/airflow/example_dags/example_dynamic_task_mapping.py
[2024-06-25T05:45:23.641+0000] {processor.py:830} INFO - Processing file /home/airflow/.local/lib/python3.12/site-packages/airflow/example_dags/example_dynamic_task_mapping.py for tasks to queue
[2024-06-25T05:45:23.642+0000] {logging_mixin.py:188} INFO - [2024-06-25T05:45:23.642+0000] {dagbag.py:545} INFO - Filling up the DagBag from /home/airflow/.local/lib/python3.12/site-packages/airflow/example_dags/example_dynamic_task_mapping.py
[2024-06-25T05:45:23.645+0000] {processor.py:840} INFO - DAG(s) 'example_dynamic_task_mapping' retrieved from /home/airflow/.local/lib/python3.12/site-packages/airflow/example_dags/example_dynamic_task_mapping.py
[2024-06-25T05:45:23.655+0000] {logging_mixin.py:188} INFO - [2024-06-25T05:45:23.655+0000] {dag.py:3096} INFO - Sync 1 DAGs
[2024-06-25T05:45:23.664+0000] {logging_mixin.py:188} INFO - [2024-06-25T05:45:23.664+0000] {dag.py:3954} INFO - Setting next_dagrun for example_dynamic_task_mapping to 2022-03-04 00:00:00+00:00, run_after=2022-03-05 00:00:00+00:00
[2024-06-25T05:45:23.672+0000] {processor.py:183} INFO - Processing /home/airflow/.local/lib/python3.12/site-packages/airflow/example_dags/example_dynamic_task_mapping.py took 0.035 seconds
[2024-06-25T05:45:54.302+0000] {processor.py:161} INFO - Started process (PID=346) to work on /home/airflow/.local/lib/python3.12/site-packages/airflow/example_dags/example_dynamic_task_mapping.py
[2024-06-25T05:45:54.302+0000] {processor.py:830} INFO - Processing file /home/airflow/.local/lib/python3.12/site-packages/airflow/example_dags/example_dynamic_task_mapping.py for tasks to queue
[2024-06-25T05:45:54.303+0000] {logging_mixin.py:188} INFO - [2024-06-25T05:45:54.303+0000] {dagbag.py:545} INFO - Filling up the DagBag from /home/airflow/.local/lib/python3.12/site-packages/airflow/example_dags/example_dynamic_task_mapping.py
[2024-06-25T05:45:54.306+0000] {processor.py:840} INFO - DAG(s) 'example_dynamic_task_mapping' retrieved from /home/airflow/.local/lib/python3.12/site-packages/airflow/example_dags/example_dynamic_task_mapping.py
[2024-06-25T05:45:54.315+0000] {logging_mixin.py:188} INFO - [2024-06-25T05:45:54.315+0000] {dag.py:3096} INFO - Sync 1 DAGs
[2024-06-25T05:45:54.324+0000] {logging_mixin.py:188} INFO - [2024-06-25T05:45:54.324+0000] {dag.py:3954} INFO - Setting next_dagrun for example_dynamic_task_mapping to 2022-03-04 00:00:00+00:00, run_after=2022-03-05 00:00:00+00:00
[2024-06-25T05:45:54.332+0000] {processor.py:183} INFO - Processing /home/airflow/.local/lib/python3.12/site-packages/airflow/example_dags/example_dynamic_task_mapping.py took 0.032 seconds
[2024-06-25T05:46:24.932+0000] {processor.py:161} INFO - Started process (PID=404) to work on /home/airflow/.local/lib/python3.12/site-packages/airflow/example_dags/example_dynamic_task_mapping.py
[2024-06-25T05:46:24.933+0000] {processor.py:830} INFO - Processing file /home/airflow/.local/lib/python3.12/site-packages/airflow/example_dags/example_dynamic_task_mapping.py for tasks to queue
[2024-06-25T05:46:24.934+0000] {logging_mixin.py:188} INFO - [2024-06-25T05:46:24.933+0000] {dagbag.py:545} INFO - Filling up the DagBag from /home/airflow/.local/lib/python3.12/site-packages/airflow/example_dags/example_dynamic_task_mapping.py
[2024-06-25T05:46:24.939+0000] {processor.py:840} INFO - DAG(s) 'example_dynamic_task_mapping' retrieved from /home/airflow/.local/lib/python3.12/site-packages/airflow/example_dags/example_dynamic_task_mapping.py
[2024-06-25T05:46:24.949+0000] {logging_mixin.py:188} INFO - [2024-06-25T05:46:24.949+0000] {dag.py:3096} INFO - Sync 1 DAGs
[2024-06-25T05:46:24.962+0000] {logging_mixin.py:188} INFO - [2024-06-25T05:46:24.962+0000] {dag.py:3954} INFO - Setting next_dagrun for example_dynamic_task_mapping to 2022-03-04 00:00:00+00:00, run_after=2022-03-05 00:00:00+00:00
[2024-06-25T05:46:24.973+0000] {processor.py:183} INFO - Processing /home/airflow/.local/lib/python3.12/site-packages/airflow/example_dags/example_dynamic_task_mapping.py took 0.044 seconds
[2024-06-25T05:46:55.381+0000] {processor.py:161} INFO - Started process (PID=462) to work on /home/airflow/.local/lib/python3.12/site-packages/airflow/example_dags/example_dynamic_task_mapping.py
[2024-06-25T05:46:55.381+0000] {processor.py:830} INFO - Processing file /home/airflow/.local/lib/python3.12/site-packages/airflow/example_dags/example_dynamic_task_mapping.py for tasks to queue
[2024-06-25T05:46:55.382+0000] {logging_mixin.py:188} INFO - [2024-06-25T05:46:55.382+0000] {dagbag.py:545} INFO - Filling up the DagBag from /home/airflow/.local/lib/python3.12/site-packages/airflow/example_dags/example_dynamic_task_mapping.py
[2024-06-25T05:46:55.387+0000] {processor.py:840} INFO - DAG(s) 'example_dynamic_task_mapping' retrieved from /home/airflow/.local/lib/python3.12/site-packages/airflow/example_dags/example_dynamic_task_mapping.py
[2024-06-25T05:46:55.398+0000] {logging_mixin.py:188} INFO - [2024-06-25T05:46:55.398+0000] {dag.py:3096} INFO - Sync 1 DAGs
[2024-06-25T05:46:55.408+0000] {logging_mixin.py:188} INFO - [2024-06-25T05:46:55.408+0000] {dag.py:3954} INFO - Setting next_dagrun for example_dynamic_task_mapping to 2022-03-04 00:00:00+00:00, run_after=2022-03-05 00:00:00+00:00
[2024-06-25T05:46:55.416+0000] {processor.py:183} INFO - Processing /home/airflow/.local/lib/python3.12/site-packages/airflow/example_dags/example_dynamic_task_mapping.py took 0.038 seconds
[2024-06-25T05:47:34.070+0000] {processor.py:161} INFO - Started process (PID=519) to work on /home/airflow/.local/lib/python3.12/site-packages/airflow/example_dags/example_dynamic_task_mapping.py
[2024-06-25T05:47:34.074+0000] {processor.py:830} INFO - Processing file /home/airflow/.local/lib/python3.12/site-packages/airflow/example_dags/example_dynamic_task_mapping.py for tasks to queue
[2024-06-25T05:47:34.076+0000] {logging_mixin.py:188} INFO - [2024-06-25T05:47:34.075+0000] {dagbag.py:545} INFO - Filling up the DagBag from /home/airflow/.local/lib/python3.12/site-packages/airflow/example_dags/example_dynamic_task_mapping.py
[2024-06-25T05:47:34.085+0000] {processor.py:840} INFO - DAG(s) 'example_dynamic_task_mapping' retrieved from /home/airflow/.local/lib/python3.12/site-packages/airflow/example_dags/example_dynamic_task_mapping.py
[2024-06-25T05:47:34.109+0000] {logging_mixin.py:188} INFO - [2024-06-25T05:47:34.109+0000] {dag.py:3096} INFO - Sync 1 DAGs
[2024-06-25T05:47:34.125+0000] {logging_mixin.py:188} INFO - [2024-06-25T05:47:34.125+0000] {dag.py:3954} INFO - Setting next_dagrun for example_dynamic_task_mapping to 2022-03-04 00:00:00+00:00, run_after=2022-03-05 00:00:00+00:00
[2024-06-25T05:47:34.157+0000] {processor.py:183} INFO - Processing /home/airflow/.local/lib/python3.12/site-packages/airflow/example_dags/example_dynamic_task_mapping.py took 0.093 seconds
[2024-06-25T05:48:04.279+0000] {processor.py:161} INFO - Started process (PID=578) to work on /home/airflow/.local/lib/python3.12/site-packages/airflow/example_dags/example_dynamic_task_mapping.py
[2024-06-25T05:48:04.280+0000] {processor.py:830} INFO - Processing file /home/airflow/.local/lib/python3.12/site-packages/airflow/example_dags/example_dynamic_task_mapping.py for tasks to queue
[2024-06-25T05:48:04.281+0000] {logging_mixin.py:188} INFO - [2024-06-25T05:48:04.281+0000] {dagbag.py:545} INFO - Filling up the DagBag from /home/airflow/.local/lib/python3.12/site-packages/airflow/example_dags/example_dynamic_task_mapping.py
[2024-06-25T05:48:04.285+0000] {processor.py:840} INFO - DAG(s) 'example_dynamic_task_mapping' retrieved from /home/airflow/.local/lib/python3.12/site-packages/airflow/example_dags/example_dynamic_task_mapping.py
[2024-06-25T05:48:04.298+0000] {logging_mixin.py:188} INFO - [2024-06-25T05:48:04.298+0000] {dag.py:3096} INFO - Sync 1 DAGs
[2024-06-25T05:48:04.312+0000] {logging_mixin.py:188} INFO - [2024-06-25T05:48:04.312+0000] {dag.py:3954} INFO - Setting next_dagrun for example_dynamic_task_mapping to 2022-03-04 00:00:00+00:00, run_after=2022-03-05 00:00:00+00:00
[2024-06-25T05:48:04.321+0000] {processor.py:183} INFO - Processing /home/airflow/.local/lib/python3.12/site-packages/airflow/example_dags/example_dynamic_task_mapping.py took 0.044 seconds
[2024-06-25T05:48:34.829+0000] {processor.py:161} INFO - Started process (PID=636) to work on /home/airflow/.local/lib/python3.12/site-packages/airflow/example_dags/example_dynamic_task_mapping.py
[2024-06-25T05:48:34.829+0000] {processor.py:830} INFO - Processing file /home/airflow/.local/lib/python3.12/site-packages/airflow/example_dags/example_dynamic_task_mapping.py for tasks to queue
[2024-06-25T05:48:34.831+0000] {logging_mixin.py:188} INFO - [2024-06-25T05:48:34.830+0000] {dagbag.py:545} INFO - Filling up the DagBag from /home/airflow/.local/lib/python3.12/site-packages/airflow/example_dags/example_dynamic_task_mapping.py
[2024-06-25T05:48:34.836+0000] {processor.py:840} INFO - DAG(s) 'example_dynamic_task_mapping' retrieved from /home/airflow/.local/lib/python3.12/site-packages/airflow/example_dags/example_dynamic_task_mapping.py
[2024-06-25T05:48:34.851+0000] {logging_mixin.py:188} INFO - [2024-06-25T05:48:34.851+0000] {dag.py:3096} INFO - Sync 1 DAGs
[2024-06-25T05:48:34.865+0000] {logging_mixin.py:188} INFO - [2024-06-25T05:48:34.865+0000] {dag.py:3954} INFO - Setting next_dagrun for example_dynamic_task_mapping to 2022-03-04 00:00:00+00:00, run_after=2022-03-05 00:00:00+00:00
[2024-06-25T05:48:34.893+0000] {processor.py:183} INFO - Processing /home/airflow/.local/lib/python3.12/site-packages/airflow/example_dags/example_dynamic_task_mapping.py took 0.067 seconds
[2024-06-25T05:49:05.593+0000] {processor.py:161} INFO - Started process (PID=694) to work on /home/airflow/.local/lib/python3.12/site-packages/airflow/example_dags/example_dynamic_task_mapping.py
[2024-06-25T05:49:05.594+0000] {processor.py:830} INFO - Processing file /home/airflow/.local/lib/python3.12/site-packages/airflow/example_dags/example_dynamic_task_mapping.py for tasks to queue
[2024-06-25T05:49:05.595+0000] {logging_mixin.py:188} INFO - [2024-06-25T05:49:05.595+0000] {dagbag.py:545} INFO - Filling up the DagBag from /home/airflow/.local/lib/python3.12/site-packages/airflow/example_dags/example_dynamic_task_mapping.py
[2024-06-25T05:49:05.599+0000] {processor.py:840} INFO - DAG(s) 'example_dynamic_task_mapping' retrieved from /home/airflow/.local/lib/python3.12/site-packages/airflow/example_dags/example_dynamic_task_mapping.py
[2024-06-25T05:49:05.612+0000] {logging_mixin.py:188} INFO - [2024-06-25T05:49:05.612+0000] {dag.py:3096} INFO - Sync 1 DAGs
[2024-06-25T05:49:05.625+0000] {logging_mixin.py:188} INFO - [2024-06-25T05:49:05.624+0000] {dag.py:3954} INFO - Setting next_dagrun for example_dynamic_task_mapping to 2022-03-04 00:00:00+00:00, run_after=2022-03-05 00:00:00+00:00
[2024-06-25T05:49:05.635+0000] {processor.py:183} INFO - Processing /home/airflow/.local/lib/python3.12/site-packages/airflow/example_dags/example_dynamic_task_mapping.py took 0.046 seconds
[2024-06-25T05:49:35.801+0000] {processor.py:161} INFO - Started process (PID=752) to work on /home/airflow/.local/lib/python3.12/site-packages/airflow/example_dags/example_dynamic_task_mapping.py
[2024-06-25T05:49:35.803+0000] {processor.py:830} INFO - Processing file /home/airflow/.local/lib/python3.12/site-packages/airflow/example_dags/example_dynamic_task_mapping.py for tasks to queue
[2024-06-25T05:49:35.806+0000] {logging_mixin.py:188} INFO - [2024-06-25T05:49:35.805+0000] {dagbag.py:545} INFO - Filling up the DagBag from /home/airflow/.local/lib/python3.12/site-packages/airflow/example_dags/example_dynamic_task_mapping.py
[2024-06-25T05:49:35.813+0000] {processor.py:840} INFO - DAG(s) 'example_dynamic_task_mapping' retrieved from /home/airflow/.local/lib/python3.12/site-packages/airflow/example_dags/example_dynamic_task_mapping.py
[2024-06-25T05:49:35.831+0000] {logging_mixin.py:188} INFO - [2024-06-25T05:49:35.831+0000] {dag.py:3096} INFO - Sync 1 DAGs
[2024-06-25T05:49:35.845+0000] {logging_mixin.py:188} INFO - [2024-06-25T05:49:35.845+0000] {dag.py:3954} INFO - Setting next_dagrun for example_dynamic_task_mapping to 2022-03-04 00:00:00+00:00, run_after=2022-03-05 00:00:00+00:00
[2024-06-25T05:49:35.862+0000] {processor.py:183} INFO - Processing /home/airflow/.local/lib/python3.12/site-packages/airflow/example_dags/example_dynamic_task_mapping.py took 0.065 seconds
[2024-06-25T05:50:06.024+0000] {processor.py:161} INFO - Started process (PID=810) to work on /home/airflow/.local/lib/python3.12/site-packages/airflow/example_dags/example_dynamic_task_mapping.py
[2024-06-25T05:50:06.025+0000] {processor.py:830} INFO - Processing file /home/airflow/.local/lib/python3.12/site-packages/airflow/example_dags/example_dynamic_task_mapping.py for tasks to queue
[2024-06-25T05:50:06.026+0000] {logging_mixin.py:188} INFO - [2024-06-25T05:50:06.026+0000] {dagbag.py:545} INFO - Filling up the DagBag from /home/airflow/.local/lib/python3.12/site-packages/airflow/example_dags/example_dynamic_task_mapping.py
[2024-06-25T05:50:06.029+0000] {processor.py:840} INFO - DAG(s) 'example_dynamic_task_mapping' retrieved from /home/airflow/.local/lib/python3.12/site-packages/airflow/example_dags/example_dynamic_task_mapping.py
[2024-06-25T05:50:06.038+0000] {logging_mixin.py:188} INFO - [2024-06-25T05:50:06.038+0000] {dag.py:3096} INFO - Sync 1 DAGs
[2024-06-25T05:50:06.047+0000] {logging_mixin.py:188} INFO - [2024-06-25T05:50:06.047+0000] {dag.py:3954} INFO - Setting next_dagrun for example_dynamic_task_mapping to 2022-03-04 00:00:00+00:00, run_after=2022-03-05 00:00:00+00:00
[2024-06-25T05:50:06.055+0000] {processor.py:183} INFO - Processing /home/airflow/.local/lib/python3.12/site-packages/airflow/example_dags/example_dynamic_task_mapping.py took 0.033 seconds
[2024-06-25T05:50:36.146+0000] {processor.py:161} INFO - Started process (PID=868) to work on /home/airflow/.local/lib/python3.12/site-packages/airflow/example_dags/example_dynamic_task_mapping.py
[2024-06-25T05:50:36.147+0000] {processor.py:830} INFO - Processing file /home/airflow/.local/lib/python3.12/site-packages/airflow/example_dags/example_dynamic_task_mapping.py for tasks to queue
[2024-06-25T05:50:36.148+0000] {logging_mixin.py:188} INFO - [2024-06-25T05:50:36.148+0000] {dagbag.py:545} INFO - Filling up the DagBag from /home/airflow/.local/lib/python3.12/site-packages/airflow/example_dags/example_dynamic_task_mapping.py
[2024-06-25T05:50:36.151+0000] {processor.py:840} INFO - DAG(s) 'example_dynamic_task_mapping' retrieved from /home/airflow/.local/lib/python3.12/site-packages/airflow/example_dags/example_dynamic_task_mapping.py
[2024-06-25T05:50:36.161+0000] {logging_mixin.py:188} INFO - [2024-06-25T05:50:36.160+0000] {dag.py:3096} INFO - Sync 1 DAGs
[2024-06-25T05:50:36.170+0000] {logging_mixin.py:188} INFO - [2024-06-25T05:50:36.170+0000] {dag.py:3954} INFO - Setting next_dagrun for example_dynamic_task_mapping to 2022-03-04 00:00:00+00:00, run_after=2022-03-05 00:00:00+00:00
[2024-06-25T05:50:36.178+0000] {processor.py:183} INFO - Processing /home/airflow/.local/lib/python3.12/site-packages/airflow/example_dags/example_dynamic_task_mapping.py took 0.035 seconds
[2024-06-25T05:51:06.273+0000] {processor.py:161} INFO - Started process (PID=926) to work on /home/airflow/.local/lib/python3.12/site-packages/airflow/example_dags/example_dynamic_task_mapping.py
[2024-06-25T05:51:06.274+0000] {processor.py:830} INFO - Processing file /home/airflow/.local/lib/python3.12/site-packages/airflow/example_dags/example_dynamic_task_mapping.py for tasks to queue
[2024-06-25T05:51:06.275+0000] {logging_mixin.py:188} INFO - [2024-06-25T05:51:06.275+0000] {dagbag.py:545} INFO - Filling up the DagBag from /home/airflow/.local/lib/python3.12/site-packages/airflow/example_dags/example_dynamic_task_mapping.py
[2024-06-25T05:51:06.278+0000] {processor.py:840} INFO - DAG(s) 'example_dynamic_task_mapping' retrieved from /home/airflow/.local/lib/python3.12/site-packages/airflow/example_dags/example_dynamic_task_mapping.py
[2024-06-25T05:51:06.287+0000] {logging_mixin.py:188} INFO - [2024-06-25T05:51:06.287+0000] {dag.py:3096} INFO - Sync 1 DAGs
[2024-06-25T05:51:06.296+0000] {logging_mixin.py:188} INFO - [2024-06-25T05:51:06.296+0000] {dag.py:3954} INFO - Setting next_dagrun for example_dynamic_task_mapping to 2022-03-04 00:00:00+00:00, run_after=2022-03-05 00:00:00+00:00
[2024-06-25T05:51:06.304+0000] {processor.py:183} INFO - Processing /home/airflow/.local/lib/python3.12/site-packages/airflow/example_dags/example_dynamic_task_mapping.py took 0.034 seconds
[2024-06-25T05:51:37.068+0000] {processor.py:161} INFO - Started process (PID=984) to work on /home/airflow/.local/lib/python3.12/site-packages/airflow/example_dags/example_dynamic_task_mapping.py
[2024-06-25T05:51:37.069+0000] {processor.py:830} INFO - Processing file /home/airflow/.local/lib/python3.12/site-packages/airflow/example_dags/example_dynamic_task_mapping.py for tasks to queue
[2024-06-25T05:51:37.070+0000] {logging_mixin.py:188} INFO - [2024-06-25T05:51:37.070+0000] {dagbag.py:545} INFO - Filling up the DagBag from /home/airflow/.local/lib/python3.12/site-packages/airflow/example_dags/example_dynamic_task_mapping.py
[2024-06-25T05:51:37.073+0000] {processor.py:840} INFO - DAG(s) 'example_dynamic_task_mapping' retrieved from /home/airflow/.local/lib/python3.12/site-packages/airflow/example_dags/example_dynamic_task_mapping.py
[2024-06-25T05:51:37.082+0000] {logging_mixin.py:188} INFO - [2024-06-25T05:51:37.082+0000] {dag.py:3096} INFO - Sync 1 DAGs
[2024-06-25T05:51:37.092+0000] {logging_mixin.py:188} INFO - [2024-06-25T05:51:37.092+0000] {dag.py:3954} INFO - Setting next_dagrun for example_dynamic_task_mapping to 2022-03-04 00:00:00+00:00, run_after=2022-03-05 00:00:00+00:00
[2024-06-25T05:51:37.101+0000] {processor.py:183} INFO - Processing /home/airflow/.local/lib/python3.12/site-packages/airflow/example_dags/example_dynamic_task_mapping.py took 0.035 seconds
[2024-06-25T05:52:07.229+0000] {processor.py:161} INFO - Started process (PID=1042) to work on /home/airflow/.local/lib/python3.12/site-packages/airflow/example_dags/example_dynamic_task_mapping.py
[2024-06-25T05:52:07.229+0000] {processor.py:830} INFO - Processing file /home/airflow/.local/lib/python3.12/site-packages/airflow/example_dags/example_dynamic_task_mapping.py for tasks to queue
[2024-06-25T05:52:07.231+0000] {logging_mixin.py:188} INFO - [2024-06-25T05:52:07.231+0000] {dagbag.py:545} INFO - Filling up the DagBag from /home/airflow/.local/lib/python3.12/site-packages/airflow/example_dags/example_dynamic_task_mapping.py
[2024-06-25T05:52:07.235+0000] {processor.py:840} INFO - DAG(s) 'example_dynamic_task_mapping' retrieved from /home/airflow/.local/lib/python3.12/site-packages/airflow/example_dags/example_dynamic_task_mapping.py
[2024-06-25T05:52:07.244+0000] {logging_mixin.py:188} INFO - [2024-06-25T05:52:07.244+0000] {dag.py:3096} INFO - Sync 1 DAGs
[2024-06-25T05:52:07.255+0000] {logging_mixin.py:188} INFO - [2024-06-25T05:52:07.254+0000] {dag.py:3954} INFO - Setting next_dagrun for example_dynamic_task_mapping to 2022-03-04 00:00:00+00:00, run_after=2022-03-05 00:00:00+00:00
[2024-06-25T05:52:07.262+0000] {processor.py:183} INFO - Processing /home/airflow/.local/lib/python3.12/site-packages/airflow/example_dags/example_dynamic_task_mapping.py took 0.037 seconds
[2024-06-25T05:52:37.912+0000] {processor.py:161} INFO - Started process (PID=1100) to work on /home/airflow/.local/lib/python3.12/site-packages/airflow/example_dags/example_dynamic_task_mapping.py
[2024-06-25T05:52:37.912+0000] {processor.py:830} INFO - Processing file /home/airflow/.local/lib/python3.12/site-packages/airflow/example_dags/example_dynamic_task_mapping.py for tasks to queue
[2024-06-25T05:52:37.913+0000] {logging_mixin.py:188} INFO - [2024-06-25T05:52:37.913+0000] {dagbag.py:545} INFO - Filling up the DagBag from /home/airflow/.local/lib/python3.12/site-packages/airflow/example_dags/example_dynamic_task_mapping.py
[2024-06-25T05:52:37.917+0000] {processor.py:840} INFO - DAG(s) 'example_dynamic_task_mapping' retrieved from /home/airflow/.local/lib/python3.12/site-packages/airflow/example_dags/example_dynamic_task_mapping.py
[2024-06-25T05:52:37.927+0000] {logging_mixin.py:188} INFO - [2024-06-25T05:52:37.927+0000] {dag.py:3096} INFO - Sync 1 DAGs
[2024-06-25T05:52:37.940+0000] {logging_mixin.py:188} INFO - [2024-06-25T05:52:37.940+0000] {dag.py:3954} INFO - Setting next_dagrun for example_dynamic_task_mapping to 2022-03-04 00:00:00+00:00, run_after=2022-03-05 00:00:00+00:00
[2024-06-25T05:52:37.951+0000] {processor.py:183} INFO - Processing /home/airflow/.local/lib/python3.12/site-packages/airflow/example_dags/example_dynamic_task_mapping.py took 0.042 seconds
[2024-06-25T05:53:08.578+0000] {processor.py:161} INFO - Started process (PID=1158) to work on /home/airflow/.local/lib/python3.12/site-packages/airflow/example_dags/example_dynamic_task_mapping.py
[2024-06-25T05:53:08.579+0000] {processor.py:830} INFO - Processing file /home/airflow/.local/lib/python3.12/site-packages/airflow/example_dags/example_dynamic_task_mapping.py for tasks to queue
[2024-06-25T05:53:08.580+0000] {logging_mixin.py:188} INFO - [2024-06-25T05:53:08.580+0000] {dagbag.py:545} INFO - Filling up the DagBag from /home/airflow/.local/lib/python3.12/site-packages/airflow/example_dags/example_dynamic_task_mapping.py
[2024-06-25T05:53:08.583+0000] {processor.py:840} INFO - DAG(s) 'example_dynamic_task_mapping' retrieved from /home/airflow/.local/lib/python3.12/site-packages/airflow/example_dags/example_dynamic_task_mapping.py
[2024-06-25T05:53:08.592+0000] {logging_mixin.py:188} INFO - [2024-06-25T05:53:08.592+0000] {dag.py:3096} INFO - Sync 1 DAGs
[2024-06-25T05:53:08.600+0000] {logging_mixin.py:188} INFO - [2024-06-25T05:53:08.600+0000] {dag.py:3954} INFO - Setting next_dagrun for example_dynamic_task_mapping to 2022-03-04 00:00:00+00:00, run_after=2022-03-05 00:00:00+00:00
[2024-06-25T05:53:08.607+0000] {processor.py:183} INFO - Processing /home/airflow/.local/lib/python3.12/site-packages/airflow/example_dags/example_dynamic_task_mapping.py took 0.032 seconds
[2024-06-25T05:53:38.791+0000] {processor.py:161} INFO - Started process (PID=1216) to work on /home/airflow/.local/lib/python3.12/site-packages/airflow/example_dags/example_dynamic_task_mapping.py
[2024-06-25T05:53:38.791+0000] {processor.py:830} INFO - Processing file /home/airflow/.local/lib/python3.12/site-packages/airflow/example_dags/example_dynamic_task_mapping.py for tasks to queue
[2024-06-25T05:53:38.792+0000] {logging_mixin.py:188} INFO - [2024-06-25T05:53:38.792+0000] {dagbag.py:545} INFO - Filling up the DagBag from /home/airflow/.local/lib/python3.12/site-packages/airflow/example_dags/example_dynamic_task_mapping.py
[2024-06-25T05:53:38.796+0000] {processor.py:840} INFO - DAG(s) 'example_dynamic_task_mapping' retrieved from /home/airflow/.local/lib/python3.12/site-packages/airflow/example_dags/example_dynamic_task_mapping.py
[2024-06-25T05:53:38.805+0000] {logging_mixin.py:188} INFO - [2024-06-25T05:53:38.804+0000] {dag.py:3096} INFO - Sync 1 DAGs
[2024-06-25T05:53:38.814+0000] {logging_mixin.py:188} INFO - [2024-06-25T05:53:38.814+0000] {dag.py:3954} INFO - Setting next_dagrun for example_dynamic_task_mapping to 2022-03-04 00:00:00+00:00, run_after=2022-03-05 00:00:00+00:00
[2024-06-25T05:53:38.822+0000] {processor.py:183} INFO - Processing /home/airflow/.local/lib/python3.12/site-packages/airflow/example_dags/example_dynamic_task_mapping.py took 0.035 seconds
[2024-06-25T05:54:09.672+0000] {processor.py:161} INFO - Started process (PID=1274) to work on /home/airflow/.local/lib/python3.12/site-packages/airflow/example_dags/example_dynamic_task_mapping.py
[2024-06-25T05:54:09.673+0000] {processor.py:830} INFO - Processing file /home/airflow/.local/lib/python3.12/site-packages/airflow/example_dags/example_dynamic_task_mapping.py for tasks to queue
[2024-06-25T05:54:09.674+0000] {logging_mixin.py:188} INFO - [2024-06-25T05:54:09.674+0000] {dagbag.py:545} INFO - Filling up the DagBag from /home/airflow/.local/lib/python3.12/site-packages/airflow/example_dags/example_dynamic_task_mapping.py
[2024-06-25T05:54:09.678+0000] {processor.py:840} INFO - DAG(s) 'example_dynamic_task_mapping' retrieved from /home/airflow/.local/lib/python3.12/site-packages/airflow/example_dags/example_dynamic_task_mapping.py
[2024-06-25T05:54:09.687+0000] {logging_mixin.py:188} INFO - [2024-06-25T05:54:09.687+0000] {dag.py:3096} INFO - Sync 1 DAGs
[2024-06-25T05:54:09.698+0000] {logging_mixin.py:188} INFO - [2024-06-25T05:54:09.698+0000] {dag.py:3954} INFO - Setting next_dagrun for example_dynamic_task_mapping to 2022-03-04 00:00:00+00:00, run_after=2022-03-05 00:00:00+00:00
[2024-06-25T05:54:09.706+0000] {processor.py:183} INFO - Processing /home/airflow/.local/lib/python3.12/site-packages/airflow/example_dags/example_dynamic_task_mapping.py took 0.037 seconds
[2024-06-25T05:54:39.795+0000] {processor.py:161} INFO - Started process (PID=1331) to work on /home/airflow/.local/lib/python3.12/site-packages/airflow/example_dags/example_dynamic_task_mapping.py
[2024-06-25T05:54:39.796+0000] {processor.py:830} INFO - Processing file /home/airflow/.local/lib/python3.12/site-packages/airflow/example_dags/example_dynamic_task_mapping.py for tasks to queue
[2024-06-25T05:54:39.797+0000] {logging_mixin.py:188} INFO - [2024-06-25T05:54:39.797+0000] {dagbag.py:545} INFO - Filling up the DagBag from /home/airflow/.local/lib/python3.12/site-packages/airflow/example_dags/example_dynamic_task_mapping.py
[2024-06-25T05:54:39.802+0000] {processor.py:840} INFO - DAG(s) 'example_dynamic_task_mapping' retrieved from /home/airflow/.local/lib/python3.12/site-packages/airflow/example_dags/example_dynamic_task_mapping.py
[2024-06-25T05:54:39.815+0000] {logging_mixin.py:188} INFO - [2024-06-25T05:54:39.814+0000] {dag.py:3096} INFO - Sync 1 DAGs
[2024-06-25T05:54:39.827+0000] {logging_mixin.py:188} INFO - [2024-06-25T05:54:39.827+0000] {dag.py:3954} INFO - Setting next_dagrun for example_dynamic_task_mapping to 2022-03-04 00:00:00+00:00, run_after=2022-03-05 00:00:00+00:00
[2024-06-25T05:54:39.837+0000] {processor.py:183} INFO - Processing /home/airflow/.local/lib/python3.12/site-packages/airflow/example_dags/example_dynamic_task_mapping.py took 0.045 seconds
[2024-06-25T05:55:09.917+0000] {processor.py:161} INFO - Started process (PID=1389) to work on /home/airflow/.local/lib/python3.12/site-packages/airflow/example_dags/example_dynamic_task_mapping.py
[2024-06-25T05:55:09.917+0000] {processor.py:830} INFO - Processing file /home/airflow/.local/lib/python3.12/site-packages/airflow/example_dags/example_dynamic_task_mapping.py for tasks to queue
[2024-06-25T05:55:09.918+0000] {logging_mixin.py:188} INFO - [2024-06-25T05:55:09.918+0000] {dagbag.py:545} INFO - Filling up the DagBag from /home/airflow/.local/lib/python3.12/site-packages/airflow/example_dags/example_dynamic_task_mapping.py
[2024-06-25T05:55:09.922+0000] {processor.py:840} INFO - DAG(s) 'example_dynamic_task_mapping' retrieved from /home/airflow/.local/lib/python3.12/site-packages/airflow/example_dags/example_dynamic_task_mapping.py
[2024-06-25T05:55:09.933+0000] {logging_mixin.py:188} INFO - [2024-06-25T05:55:09.932+0000] {dag.py:3096} INFO - Sync 1 DAGs
[2024-06-25T05:55:09.945+0000] {logging_mixin.py:188} INFO - [2024-06-25T05:55:09.945+0000] {dag.py:3954} INFO - Setting next_dagrun for example_dynamic_task_mapping to 2022-03-04 00:00:00+00:00, run_after=2022-03-05 00:00:00+00:00
[2024-06-25T05:55:09.954+0000] {processor.py:183} INFO - Processing /home/airflow/.local/lib/python3.12/site-packages/airflow/example_dags/example_dynamic_task_mapping.py took 0.040 seconds
[2024-06-25T05:55:40.876+0000] {processor.py:161} INFO - Started process (PID=1447) to work on /home/airflow/.local/lib/python3.12/site-packages/airflow/example_dags/example_dynamic_task_mapping.py
[2024-06-25T05:55:40.878+0000] {processor.py:830} INFO - Processing file /home/airflow/.local/lib/python3.12/site-packages/airflow/example_dags/example_dynamic_task_mapping.py for tasks to queue
[2024-06-25T05:55:40.880+0000] {logging_mixin.py:188} INFO - [2024-06-25T05:55:40.880+0000] {dagbag.py:545} INFO - Filling up the DagBag from /home/airflow/.local/lib/python3.12/site-packages/airflow/example_dags/example_dynamic_task_mapping.py
[2024-06-25T05:55:40.888+0000] {processor.py:840} INFO - DAG(s) 'example_dynamic_task_mapping' retrieved from /home/airflow/.local/lib/python3.12/site-packages/airflow/example_dags/example_dynamic_task_mapping.py
[2024-06-25T05:55:40.906+0000] {logging_mixin.py:188} INFO - [2024-06-25T05:55:40.906+0000] {dag.py:3096} INFO - Sync 1 DAGs
[2024-06-25T05:55:40.929+0000] {logging_mixin.py:188} INFO - [2024-06-25T05:55:40.928+0000] {dag.py:3954} INFO - Setting next_dagrun for example_dynamic_task_mapping to 2022-03-04 00:00:00+00:00, run_after=2022-03-05 00:00:00+00:00
[2024-06-25T05:55:40.938+0000] {processor.py:183} INFO - Processing /home/airflow/.local/lib/python3.12/site-packages/airflow/example_dags/example_dynamic_task_mapping.py took 0.071 seconds
[2024-06-25T05:56:11.099+0000] {processor.py:161} INFO - Started process (PID=1505) to work on /home/airflow/.local/lib/python3.12/site-packages/airflow/example_dags/example_dynamic_task_mapping.py
[2024-06-25T05:56:11.099+0000] {processor.py:830} INFO - Processing file /home/airflow/.local/lib/python3.12/site-packages/airflow/example_dags/example_dynamic_task_mapping.py for tasks to queue
[2024-06-25T05:56:11.100+0000] {logging_mixin.py:188} INFO - [2024-06-25T05:56:11.100+0000] {dagbag.py:545} INFO - Filling up the DagBag from /home/airflow/.local/lib/python3.12/site-packages/airflow/example_dags/example_dynamic_task_mapping.py
[2024-06-25T05:56:11.104+0000] {processor.py:840} INFO - DAG(s) 'example_dynamic_task_mapping' retrieved from /home/airflow/.local/lib/python3.12/site-packages/airflow/example_dags/example_dynamic_task_mapping.py
[2024-06-25T05:56:11.113+0000] {logging_mixin.py:188} INFO - [2024-06-25T05:56:11.113+0000] {dag.py:3096} INFO - Sync 1 DAGs
[2024-06-25T05:56:11.122+0000] {logging_mixin.py:188} INFO - [2024-06-25T05:56:11.122+0000] {dag.py:3954} INFO - Setting next_dagrun for example_dynamic_task_mapping to 2022-03-04 00:00:00+00:00, run_after=2022-03-05 00:00:00+00:00
[2024-06-25T05:56:11.130+0000] {processor.py:183} INFO - Processing /home/airflow/.local/lib/python3.12/site-packages/airflow/example_dags/example_dynamic_task_mapping.py took 0.034 seconds
[2024-06-25T05:56:41.794+0000] {processor.py:161} INFO - Started process (PID=1563) to work on /home/airflow/.local/lib/python3.12/site-packages/airflow/example_dags/example_dynamic_task_mapping.py
[2024-06-25T05:56:41.795+0000] {processor.py:830} INFO - Processing file /home/airflow/.local/lib/python3.12/site-packages/airflow/example_dags/example_dynamic_task_mapping.py for tasks to queue
[2024-06-25T05:56:41.796+0000] {logging_mixin.py:188} INFO - [2024-06-25T05:56:41.796+0000] {dagbag.py:545} INFO - Filling up the DagBag from /home/airflow/.local/lib/python3.12/site-packages/airflow/example_dags/example_dynamic_task_mapping.py
[2024-06-25T05:56:41.799+0000] {processor.py:840} INFO - DAG(s) 'example_dynamic_task_mapping' retrieved from /home/airflow/.local/lib/python3.12/site-packages/airflow/example_dags/example_dynamic_task_mapping.py
[2024-06-25T05:56:41.808+0000] {logging_mixin.py:188} INFO - [2024-06-25T05:56:41.808+0000] {dag.py:3096} INFO - Sync 1 DAGs
[2024-06-25T05:56:41.817+0000] {logging_mixin.py:188} INFO - [2024-06-25T05:56:41.817+0000] {dag.py:3954} INFO - Setting next_dagrun for example_dynamic_task_mapping to 2022-03-04 00:00:00+00:00, run_after=2022-03-05 00:00:00+00:00
[2024-06-25T05:56:41.826+0000] {processor.py:183} INFO - Processing /home/airflow/.local/lib/python3.12/site-packages/airflow/example_dags/example_dynamic_task_mapping.py took 0.034 seconds
[2024-06-25T05:57:12.538+0000] {processor.py:161} INFO - Started process (PID=1621) to work on /home/airflow/.local/lib/python3.12/site-packages/airflow/example_dags/example_dynamic_task_mapping.py
[2024-06-25T05:57:12.538+0000] {processor.py:830} INFO - Processing file /home/airflow/.local/lib/python3.12/site-packages/airflow/example_dags/example_dynamic_task_mapping.py for tasks to queue
[2024-06-25T05:57:12.539+0000] {logging_mixin.py:188} INFO - [2024-06-25T05:57:12.539+0000] {dagbag.py:545} INFO - Filling up the DagBag from /home/airflow/.local/lib/python3.12/site-packages/airflow/example_dags/example_dynamic_task_mapping.py
[2024-06-25T05:57:12.543+0000] {processor.py:840} INFO - DAG(s) 'example_dynamic_task_mapping' retrieved from /home/airflow/.local/lib/python3.12/site-packages/airflow/example_dags/example_dynamic_task_mapping.py
[2024-06-25T05:57:12.552+0000] {logging_mixin.py:188} INFO - [2024-06-25T05:57:12.552+0000] {dag.py:3096} INFO - Sync 1 DAGs
[2024-06-25T05:57:12.562+0000] {logging_mixin.py:188} INFO - [2024-06-25T05:57:12.562+0000] {dag.py:3954} INFO - Setting next_dagrun for example_dynamic_task_mapping to 2022-03-04 00:00:00+00:00, run_after=2022-03-05 00:00:00+00:00
[2024-06-25T05:57:12.570+0000] {processor.py:183} INFO - Processing /home/airflow/.local/lib/python3.12/site-packages/airflow/example_dags/example_dynamic_task_mapping.py took 0.035 seconds
[2024-06-25T05:57:43.230+0000] {processor.py:161} INFO - Started process (PID=1679) to work on /home/airflow/.local/lib/python3.12/site-packages/airflow/example_dags/example_dynamic_task_mapping.py
[2024-06-25T05:57:43.230+0000] {processor.py:830} INFO - Processing file /home/airflow/.local/lib/python3.12/site-packages/airflow/example_dags/example_dynamic_task_mapping.py for tasks to queue
[2024-06-25T05:57:43.231+0000] {logging_mixin.py:188} INFO - [2024-06-25T05:57:43.231+0000] {dagbag.py:545} INFO - Filling up the DagBag from /home/airflow/.local/lib/python3.12/site-packages/airflow/example_dags/example_dynamic_task_mapping.py
[2024-06-25T05:57:43.235+0000] {processor.py:840} INFO - DAG(s) 'example_dynamic_task_mapping' retrieved from /home/airflow/.local/lib/python3.12/site-packages/airflow/example_dags/example_dynamic_task_mapping.py
[2024-06-25T05:57:43.243+0000] {logging_mixin.py:188} INFO - [2024-06-25T05:57:43.243+0000] {dag.py:3096} INFO - Sync 1 DAGs
[2024-06-25T05:57:43.252+0000] {logging_mixin.py:188} INFO - [2024-06-25T05:57:43.252+0000] {dag.py:3954} INFO - Setting next_dagrun for example_dynamic_task_mapping to 2022-03-04 00:00:00+00:00, run_after=2022-03-05 00:00:00+00:00
[2024-06-25T05:57:43.260+0000] {processor.py:183} INFO - Processing /home/airflow/.local/lib/python3.12/site-packages/airflow/example_dags/example_dynamic_task_mapping.py took 0.033 seconds
