[2024-06-25T05:41:17.178+0000] {processor.py:161} INFO - Started process (PID=38) to work on /home/airflow/.local/lib/python3.12/site-packages/airflow/example_dags/example_latest_only.py
[2024-06-25T05:41:17.180+0000] {processor.py:830} INFO - Processing file /home/airflow/.local/lib/python3.12/site-packages/airflow/example_dags/example_latest_only.py for tasks to queue
[2024-06-25T05:41:17.184+0000] {logging_mixin.py:188} INFO - [2024-06-25T05:41:17.184+0000] {dagbag.py:545} INFO - Filling up the DagBag from /home/airflow/.local/lib/python3.12/site-packages/airflow/example_dags/example_latest_only.py
[2024-06-25T05:41:17.192+0000] {processor.py:840} INFO - DAG(s) 'latest_only' retrieved from /home/airflow/.local/lib/python3.12/site-packages/airflow/example_dags/example_latest_only.py
[2024-06-25T05:41:17.201+0000] {logging_mixin.py:188} INFO - [2024-06-25T05:41:17.201+0000] {dag.py:3096} INFO - Sync 1 DAGs
[2024-06-25T05:41:17.225+0000] {logging_mixin.py:188} INFO - [2024-06-25T05:41:17.225+0000] {dag.py:3954} INFO - Setting next_dagrun for latest_only to 2024-06-25 00:00:00+00:00, run_after=2024-06-25 04:00:00+00:00
[2024-06-25T05:41:17.290+0000] {processor.py:183} INFO - Processing /home/airflow/.local/lib/python3.12/site-packages/airflow/example_dags/example_latest_only.py took 0.115 seconds
[2024-06-25T05:41:48.089+0000] {processor.py:161} INFO - Started process (PID=96) to work on /home/airflow/.local/lib/python3.12/site-packages/airflow/example_dags/example_latest_only.py
[2024-06-25T05:41:48.090+0000] {processor.py:830} INFO - Processing file /home/airflow/.local/lib/python3.12/site-packages/airflow/example_dags/example_latest_only.py for tasks to queue
[2024-06-25T05:41:48.091+0000] {logging_mixin.py:188} INFO - [2024-06-25T05:41:48.091+0000] {dagbag.py:545} INFO - Filling up the DagBag from /home/airflow/.local/lib/python3.12/site-packages/airflow/example_dags/example_latest_only.py
[2024-06-25T05:41:48.094+0000] {processor.py:840} INFO - DAG(s) 'latest_only' retrieved from /home/airflow/.local/lib/python3.12/site-packages/airflow/example_dags/example_latest_only.py
[2024-06-25T05:41:48.142+0000] {logging_mixin.py:188} INFO - [2024-06-25T05:41:48.142+0000] {dag.py:3096} INFO - Sync 1 DAGs
[2024-06-25T05:41:48.152+0000] {logging_mixin.py:188} INFO - [2024-06-25T05:41:48.152+0000] {dag.py:3954} INFO - Setting next_dagrun for latest_only to 2024-06-25 00:00:00+00:00, run_after=2024-06-25 04:00:00+00:00
[2024-06-25T05:41:48.160+0000] {processor.py:183} INFO - Processing /home/airflow/.local/lib/python3.12/site-packages/airflow/example_dags/example_latest_only.py took 0.074 seconds
[2024-06-25T05:42:18.444+0000] {processor.py:161} INFO - Started process (PID=154) to work on /home/airflow/.local/lib/python3.12/site-packages/airflow/example_dags/example_latest_only.py
[2024-06-25T05:42:18.444+0000] {processor.py:830} INFO - Processing file /home/airflow/.local/lib/python3.12/site-packages/airflow/example_dags/example_latest_only.py for tasks to queue
[2024-06-25T05:42:18.445+0000] {logging_mixin.py:188} INFO - [2024-06-25T05:42:18.445+0000] {dagbag.py:545} INFO - Filling up the DagBag from /home/airflow/.local/lib/python3.12/site-packages/airflow/example_dags/example_latest_only.py
[2024-06-25T05:42:18.448+0000] {processor.py:840} INFO - DAG(s) 'latest_only' retrieved from /home/airflow/.local/lib/python3.12/site-packages/airflow/example_dags/example_latest_only.py
[2024-06-25T05:42:18.458+0000] {logging_mixin.py:188} INFO - [2024-06-25T05:42:18.458+0000] {dag.py:3096} INFO - Sync 1 DAGs
[2024-06-25T05:42:18.468+0000] {logging_mixin.py:188} INFO - [2024-06-25T05:42:18.468+0000] {dag.py:3954} INFO - Setting next_dagrun for latest_only to 2024-06-25 00:00:00+00:00, run_after=2024-06-25 04:00:00+00:00
[2024-06-25T05:42:18.477+0000] {processor.py:183} INFO - Processing /home/airflow/.local/lib/python3.12/site-packages/airflow/example_dags/example_latest_only.py took 0.036 seconds
[2024-06-25T05:42:48.913+0000] {processor.py:161} INFO - Started process (PID=212) to work on /home/airflow/.local/lib/python3.12/site-packages/airflow/example_dags/example_latest_only.py
[2024-06-25T05:42:48.913+0000] {processor.py:830} INFO - Processing file /home/airflow/.local/lib/python3.12/site-packages/airflow/example_dags/example_latest_only.py for tasks to queue
[2024-06-25T05:42:48.914+0000] {logging_mixin.py:188} INFO - [2024-06-25T05:42:48.914+0000] {dagbag.py:545} INFO - Filling up the DagBag from /home/airflow/.local/lib/python3.12/site-packages/airflow/example_dags/example_latest_only.py
[2024-06-25T05:42:48.917+0000] {processor.py:840} INFO - DAG(s) 'latest_only' retrieved from /home/airflow/.local/lib/python3.12/site-packages/airflow/example_dags/example_latest_only.py
[2024-06-25T05:42:48.926+0000] {logging_mixin.py:188} INFO - [2024-06-25T05:42:48.926+0000] {dag.py:3096} INFO - Sync 1 DAGs
[2024-06-25T05:42:48.936+0000] {logging_mixin.py:188} INFO - [2024-06-25T05:42:48.936+0000] {dag.py:3954} INFO - Setting next_dagrun for latest_only to 2024-06-25 00:00:00+00:00, run_after=2024-06-25 04:00:00+00:00
[2024-06-25T05:42:48.945+0000] {processor.py:183} INFO - Processing /home/airflow/.local/lib/python3.12/site-packages/airflow/example_dags/example_latest_only.py took 0.036 seconds
[2024-06-25T05:43:19.051+0000] {processor.py:161} INFO - Started process (PID=37) to work on /home/airflow/.local/lib/python3.12/site-packages/airflow/example_dags/example_latest_only.py
[2024-06-25T05:43:19.052+0000] {processor.py:830} INFO - Processing file /home/airflow/.local/lib/python3.12/site-packages/airflow/example_dags/example_latest_only.py for tasks to queue
[2024-06-25T05:43:19.054+0000] {logging_mixin.py:188} INFO - [2024-06-25T05:43:19.053+0000] {dagbag.py:545} INFO - Filling up the DagBag from /home/airflow/.local/lib/python3.12/site-packages/airflow/example_dags/example_latest_only.py
[2024-06-25T05:43:19.058+0000] {processor.py:840} INFO - DAG(s) 'latest_only' retrieved from /home/airflow/.local/lib/python3.12/site-packages/airflow/example_dags/example_latest_only.py
[2024-06-25T05:43:19.092+0000] {logging_mixin.py:188} INFO - [2024-06-25T05:43:19.092+0000] {dag.py:3096} INFO - Sync 1 DAGs
[2024-06-25T05:43:19.108+0000] {logging_mixin.py:188} INFO - [2024-06-25T05:43:19.108+0000] {dag.py:3954} INFO - Setting next_dagrun for latest_only to 2024-06-25 00:00:00+00:00, run_after=2024-06-25 04:00:00+00:00
[2024-06-25T05:43:19.122+0000] {processor.py:183} INFO - Processing /home/airflow/.local/lib/python3.12/site-packages/airflow/example_dags/example_latest_only.py took 0.075 seconds
[2024-06-25T05:43:49.381+0000] {processor.py:161} INFO - Started process (PID=95) to work on /home/airflow/.local/lib/python3.12/site-packages/airflow/example_dags/example_latest_only.py
[2024-06-25T05:43:49.381+0000] {processor.py:830} INFO - Processing file /home/airflow/.local/lib/python3.12/site-packages/airflow/example_dags/example_latest_only.py for tasks to queue
[2024-06-25T05:43:49.382+0000] {logging_mixin.py:188} INFO - [2024-06-25T05:43:49.382+0000] {dagbag.py:545} INFO - Filling up the DagBag from /home/airflow/.local/lib/python3.12/site-packages/airflow/example_dags/example_latest_only.py
[2024-06-25T05:43:49.385+0000] {processor.py:840} INFO - DAG(s) 'latest_only' retrieved from /home/airflow/.local/lib/python3.12/site-packages/airflow/example_dags/example_latest_only.py
[2024-06-25T05:43:49.393+0000] {logging_mixin.py:188} INFO - [2024-06-25T05:43:49.392+0000] {dag.py:3096} INFO - Sync 1 DAGs
[2024-06-25T05:43:49.404+0000] {logging_mixin.py:188} INFO - [2024-06-25T05:43:49.404+0000] {dag.py:3954} INFO - Setting next_dagrun for latest_only to 2024-06-25 00:00:00+00:00, run_after=2024-06-25 04:00:00+00:00
[2024-06-25T05:43:49.412+0000] {processor.py:183} INFO - Processing /home/airflow/.local/lib/python3.12/site-packages/airflow/example_dags/example_latest_only.py took 0.034 seconds
[2024-06-25T05:44:20.143+0000] {processor.py:161} INFO - Started process (PID=153) to work on /home/airflow/.local/lib/python3.12/site-packages/airflow/example_dags/example_latest_only.py
[2024-06-25T05:44:20.144+0000] {processor.py:830} INFO - Processing file /home/airflow/.local/lib/python3.12/site-packages/airflow/example_dags/example_latest_only.py for tasks to queue
[2024-06-25T05:44:20.145+0000] {logging_mixin.py:188} INFO - [2024-06-25T05:44:20.144+0000] {dagbag.py:545} INFO - Filling up the DagBag from /home/airflow/.local/lib/python3.12/site-packages/airflow/example_dags/example_latest_only.py
[2024-06-25T05:44:20.147+0000] {processor.py:840} INFO - DAG(s) 'latest_only' retrieved from /home/airflow/.local/lib/python3.12/site-packages/airflow/example_dags/example_latest_only.py
[2024-06-25T05:44:20.191+0000] {logging_mixin.py:188} INFO - [2024-06-25T05:44:20.191+0000] {dag.py:3096} INFO - Sync 1 DAGs
[2024-06-25T05:44:20.199+0000] {logging_mixin.py:188} INFO - [2024-06-25T05:44:20.199+0000] {dag.py:3954} INFO - Setting next_dagrun for latest_only to 2024-06-25 00:00:00+00:00, run_after=2024-06-25 04:00:00+00:00
[2024-06-25T05:44:20.207+0000] {processor.py:183} INFO - Processing /home/airflow/.local/lib/python3.12/site-packages/airflow/example_dags/example_latest_only.py took 0.066 seconds
[2024-06-25T05:44:50.418+0000] {processor.py:161} INFO - Started process (PID=211) to work on /home/airflow/.local/lib/python3.12/site-packages/airflow/example_dags/example_latest_only.py
[2024-06-25T05:44:50.420+0000] {processor.py:830} INFO - Processing file /home/airflow/.local/lib/python3.12/site-packages/airflow/example_dags/example_latest_only.py for tasks to queue
[2024-06-25T05:44:50.421+0000] {logging_mixin.py:188} INFO - [2024-06-25T05:44:50.421+0000] {dagbag.py:545} INFO - Filling up the DagBag from /home/airflow/.local/lib/python3.12/site-packages/airflow/example_dags/example_latest_only.py
[2024-06-25T05:44:50.424+0000] {processor.py:840} INFO - DAG(s) 'latest_only' retrieved from /home/airflow/.local/lib/python3.12/site-packages/airflow/example_dags/example_latest_only.py
[2024-06-25T05:44:50.434+0000] {logging_mixin.py:188} INFO - [2024-06-25T05:44:50.433+0000] {dag.py:3096} INFO - Sync 1 DAGs
[2024-06-25T05:44:50.444+0000] {logging_mixin.py:188} INFO - [2024-06-25T05:44:50.444+0000] {dag.py:3954} INFO - Setting next_dagrun for latest_only to 2024-06-25 00:00:00+00:00, run_after=2024-06-25 04:00:00+00:00
[2024-06-25T05:44:50.452+0000] {processor.py:183} INFO - Processing /home/airflow/.local/lib/python3.12/site-packages/airflow/example_dags/example_latest_only.py took 0.037 seconds
[2024-06-25T05:45:21.056+0000] {processor.py:161} INFO - Started process (PID=268) to work on /home/airflow/.local/lib/python3.12/site-packages/airflow/example_dags/example_latest_only.py
[2024-06-25T05:45:21.057+0000] {processor.py:830} INFO - Processing file /home/airflow/.local/lib/python3.12/site-packages/airflow/example_dags/example_latest_only.py for tasks to queue
[2024-06-25T05:45:21.058+0000] {logging_mixin.py:188} INFO - [2024-06-25T05:45:21.057+0000] {dagbag.py:545} INFO - Filling up the DagBag from /home/airflow/.local/lib/python3.12/site-packages/airflow/example_dags/example_latest_only.py
[2024-06-25T05:45:21.064+0000] {processor.py:840} INFO - DAG(s) 'latest_only' retrieved from /home/airflow/.local/lib/python3.12/site-packages/airflow/example_dags/example_latest_only.py
[2024-06-25T05:45:21.086+0000] {logging_mixin.py:188} INFO - [2024-06-25T05:45:21.085+0000] {dag.py:3096} INFO - Sync 1 DAGs
[2024-06-25T05:45:21.102+0000] {logging_mixin.py:188} INFO - [2024-06-25T05:45:21.102+0000] {dag.py:3954} INFO - Setting next_dagrun for latest_only to 2024-06-25 00:00:00+00:00, run_after=2024-06-25 04:00:00+00:00
[2024-06-25T05:45:21.114+0000] {processor.py:183} INFO - Processing /home/airflow/.local/lib/python3.12/site-packages/airflow/example_dags/example_latest_only.py took 0.060 seconds
[2024-06-25T05:45:51.769+0000] {processor.py:161} INFO - Started process (PID=326) to work on /home/airflow/.local/lib/python3.12/site-packages/airflow/example_dags/example_latest_only.py
[2024-06-25T05:45:51.770+0000] {processor.py:830} INFO - Processing file /home/airflow/.local/lib/python3.12/site-packages/airflow/example_dags/example_latest_only.py for tasks to queue
[2024-06-25T05:45:51.771+0000] {logging_mixin.py:188} INFO - [2024-06-25T05:45:51.771+0000] {dagbag.py:545} INFO - Filling up the DagBag from /home/airflow/.local/lib/python3.12/site-packages/airflow/example_dags/example_latest_only.py
[2024-06-25T05:45:51.773+0000] {processor.py:840} INFO - DAG(s) 'latest_only' retrieved from /home/airflow/.local/lib/python3.12/site-packages/airflow/example_dags/example_latest_only.py
[2024-06-25T05:45:51.782+0000] {logging_mixin.py:188} INFO - [2024-06-25T05:45:51.782+0000] {dag.py:3096} INFO - Sync 1 DAGs
[2024-06-25T05:45:51.792+0000] {logging_mixin.py:188} INFO - [2024-06-25T05:45:51.792+0000] {dag.py:3954} INFO - Setting next_dagrun for latest_only to 2024-06-25 00:00:00+00:00, run_after=2024-06-25 04:00:00+00:00
[2024-06-25T05:45:51.802+0000] {processor.py:183} INFO - Processing /home/airflow/.local/lib/python3.12/site-packages/airflow/example_dags/example_latest_only.py took 0.035 seconds
[2024-06-25T05:46:22.435+0000] {processor.py:161} INFO - Started process (PID=384) to work on /home/airflow/.local/lib/python3.12/site-packages/airflow/example_dags/example_latest_only.py
[2024-06-25T05:46:22.437+0000] {processor.py:830} INFO - Processing file /home/airflow/.local/lib/python3.12/site-packages/airflow/example_dags/example_latest_only.py for tasks to queue
[2024-06-25T05:46:22.438+0000] {logging_mixin.py:188} INFO - [2024-06-25T05:46:22.438+0000] {dagbag.py:545} INFO - Filling up the DagBag from /home/airflow/.local/lib/python3.12/site-packages/airflow/example_dags/example_latest_only.py
[2024-06-25T05:46:22.440+0000] {processor.py:840} INFO - DAG(s) 'latest_only' retrieved from /home/airflow/.local/lib/python3.12/site-packages/airflow/example_dags/example_latest_only.py
[2024-06-25T05:46:22.449+0000] {logging_mixin.py:188} INFO - [2024-06-25T05:46:22.449+0000] {dag.py:3096} INFO - Sync 1 DAGs
[2024-06-25T05:46:22.459+0000] {logging_mixin.py:188} INFO - [2024-06-25T05:46:22.459+0000] {dag.py:3954} INFO - Setting next_dagrun for latest_only to 2024-06-25 00:00:00+00:00, run_after=2024-06-25 04:00:00+00:00
[2024-06-25T05:46:22.467+0000] {processor.py:183} INFO - Processing /home/airflow/.local/lib/python3.12/site-packages/airflow/example_dags/example_latest_only.py took 0.035 seconds
[2024-06-25T05:46:52.810+0000] {processor.py:161} INFO - Started process (PID=442) to work on /home/airflow/.local/lib/python3.12/site-packages/airflow/example_dags/example_latest_only.py
[2024-06-25T05:46:52.812+0000] {processor.py:830} INFO - Processing file /home/airflow/.local/lib/python3.12/site-packages/airflow/example_dags/example_latest_only.py for tasks to queue
[2024-06-25T05:46:52.813+0000] {logging_mixin.py:188} INFO - [2024-06-25T05:46:52.813+0000] {dagbag.py:545} INFO - Filling up the DagBag from /home/airflow/.local/lib/python3.12/site-packages/airflow/example_dags/example_latest_only.py
[2024-06-25T05:46:52.816+0000] {processor.py:840} INFO - DAG(s) 'latest_only' retrieved from /home/airflow/.local/lib/python3.12/site-packages/airflow/example_dags/example_latest_only.py
[2024-06-25T05:46:52.826+0000] {logging_mixin.py:188} INFO - [2024-06-25T05:46:52.826+0000] {dag.py:3096} INFO - Sync 1 DAGs
[2024-06-25T05:46:52.836+0000] {logging_mixin.py:188} INFO - [2024-06-25T05:46:52.836+0000] {dag.py:3954} INFO - Setting next_dagrun for latest_only to 2024-06-25 00:00:00+00:00, run_after=2024-06-25 04:00:00+00:00
[2024-06-25T05:46:52.846+0000] {processor.py:183} INFO - Processing /home/airflow/.local/lib/python3.12/site-packages/airflow/example_dags/example_latest_only.py took 0.039 seconds
[2024-06-25T05:47:32.896+0000] {processor.py:161} INFO - Started process (PID=499) to work on /home/airflow/.local/lib/python3.12/site-packages/airflow/example_dags/example_latest_only.py
[2024-06-25T05:47:32.902+0000] {processor.py:830} INFO - Processing file /home/airflow/.local/lib/python3.12/site-packages/airflow/example_dags/example_latest_only.py for tasks to queue
[2024-06-25T05:47:32.903+0000] {logging_mixin.py:188} INFO - [2024-06-25T05:47:32.902+0000] {dagbag.py:545} INFO - Filling up the DagBag from /home/airflow/.local/lib/python3.12/site-packages/airflow/example_dags/example_latest_only.py
[2024-06-25T05:47:32.907+0000] {processor.py:840} INFO - DAG(s) 'latest_only' retrieved from /home/airflow/.local/lib/python3.12/site-packages/airflow/example_dags/example_latest_only.py
[2024-06-25T05:47:32.918+0000] {logging_mixin.py:188} INFO - [2024-06-25T05:47:32.918+0000] {dag.py:3096} INFO - Sync 1 DAGs
[2024-06-25T05:47:32.930+0000] {logging_mixin.py:188} INFO - [2024-06-25T05:47:32.930+0000] {dag.py:3954} INFO - Setting next_dagrun for latest_only to 2024-06-25 00:00:00+00:00, run_after=2024-06-25 04:00:00+00:00
[2024-06-25T05:47:32.948+0000] {processor.py:183} INFO - Processing /home/airflow/.local/lib/python3.12/site-packages/airflow/example_dags/example_latest_only.py took 0.055 seconds
[2024-06-25T05:48:03.527+0000] {processor.py:161} INFO - Started process (PID=558) to work on /home/airflow/.local/lib/python3.12/site-packages/airflow/example_dags/example_latest_only.py
[2024-06-25T05:48:03.528+0000] {processor.py:830} INFO - Processing file /home/airflow/.local/lib/python3.12/site-packages/airflow/example_dags/example_latest_only.py for tasks to queue
[2024-06-25T05:48:03.530+0000] {logging_mixin.py:188} INFO - [2024-06-25T05:48:03.529+0000] {dagbag.py:545} INFO - Filling up the DagBag from /home/airflow/.local/lib/python3.12/site-packages/airflow/example_dags/example_latest_only.py
[2024-06-25T05:48:03.532+0000] {processor.py:840} INFO - DAG(s) 'latest_only' retrieved from /home/airflow/.local/lib/python3.12/site-packages/airflow/example_dags/example_latest_only.py
[2024-06-25T05:48:03.544+0000] {logging_mixin.py:188} INFO - [2024-06-25T05:48:03.544+0000] {dag.py:3096} INFO - Sync 1 DAGs
[2024-06-25T05:48:03.558+0000] {logging_mixin.py:188} INFO - [2024-06-25T05:48:03.558+0000] {dag.py:3954} INFO - Setting next_dagrun for latest_only to 2024-06-25 00:00:00+00:00, run_after=2024-06-25 04:00:00+00:00
[2024-06-25T05:48:03.573+0000] {processor.py:183} INFO - Processing /home/airflow/.local/lib/python3.12/site-packages/airflow/example_dags/example_latest_only.py took 0.050 seconds
[2024-06-25T05:48:33.926+0000] {processor.py:161} INFO - Started process (PID=616) to work on /home/airflow/.local/lib/python3.12/site-packages/airflow/example_dags/example_latest_only.py
[2024-06-25T05:48:33.928+0000] {processor.py:830} INFO - Processing file /home/airflow/.local/lib/python3.12/site-packages/airflow/example_dags/example_latest_only.py for tasks to queue
[2024-06-25T05:48:33.930+0000] {logging_mixin.py:188} INFO - [2024-06-25T05:48:33.930+0000] {dagbag.py:545} INFO - Filling up the DagBag from /home/airflow/.local/lib/python3.12/site-packages/airflow/example_dags/example_latest_only.py
[2024-06-25T05:48:33.936+0000] {processor.py:840} INFO - DAG(s) 'latest_only' retrieved from /home/airflow/.local/lib/python3.12/site-packages/airflow/example_dags/example_latest_only.py
[2024-06-25T05:48:33.954+0000] {logging_mixin.py:188} INFO - [2024-06-25T05:48:33.954+0000] {dag.py:3096} INFO - Sync 1 DAGs
[2024-06-25T05:48:33.970+0000] {logging_mixin.py:188} INFO - [2024-06-25T05:48:33.970+0000] {dag.py:3954} INFO - Setting next_dagrun for latest_only to 2024-06-25 00:00:00+00:00, run_after=2024-06-25 04:00:00+00:00
[2024-06-25T05:48:34.007+0000] {processor.py:183} INFO - Processing /home/airflow/.local/lib/python3.12/site-packages/airflow/example_dags/example_latest_only.py took 0.093 seconds
[2024-06-25T05:49:04.934+0000] {processor.py:161} INFO - Started process (PID=674) to work on /home/airflow/.local/lib/python3.12/site-packages/airflow/example_dags/example_latest_only.py
[2024-06-25T05:49:04.935+0000] {processor.py:830} INFO - Processing file /home/airflow/.local/lib/python3.12/site-packages/airflow/example_dags/example_latest_only.py for tasks to queue
[2024-06-25T05:49:04.937+0000] {logging_mixin.py:188} INFO - [2024-06-25T05:49:04.937+0000] {dagbag.py:545} INFO - Filling up the DagBag from /home/airflow/.local/lib/python3.12/site-packages/airflow/example_dags/example_latest_only.py
[2024-06-25T05:49:04.941+0000] {processor.py:840} INFO - DAG(s) 'latest_only' retrieved from /home/airflow/.local/lib/python3.12/site-packages/airflow/example_dags/example_latest_only.py
[2024-06-25T05:49:04.964+0000] {logging_mixin.py:188} INFO - [2024-06-25T05:49:04.964+0000] {dag.py:3096} INFO - Sync 1 DAGs
[2024-06-25T05:49:04.980+0000] {logging_mixin.py:188} INFO - [2024-06-25T05:49:04.980+0000] {dag.py:3954} INFO - Setting next_dagrun for latest_only to 2024-06-25 00:00:00+00:00, run_after=2024-06-25 04:00:00+00:00
[2024-06-25T05:49:04.998+0000] {processor.py:183} INFO - Processing /home/airflow/.local/lib/python3.12/site-packages/airflow/example_dags/example_latest_only.py took 0.067 seconds
[2024-06-25T05:49:35.315+0000] {processor.py:161} INFO - Started process (PID=732) to work on /home/airflow/.local/lib/python3.12/site-packages/airflow/example_dags/example_latest_only.py
[2024-06-25T05:49:35.316+0000] {processor.py:830} INFO - Processing file /home/airflow/.local/lib/python3.12/site-packages/airflow/example_dags/example_latest_only.py for tasks to queue
[2024-06-25T05:49:35.317+0000] {logging_mixin.py:188} INFO - [2024-06-25T05:49:35.317+0000] {dagbag.py:545} INFO - Filling up the DagBag from /home/airflow/.local/lib/python3.12/site-packages/airflow/example_dags/example_latest_only.py
[2024-06-25T05:49:35.319+0000] {processor.py:840} INFO - DAG(s) 'latest_only' retrieved from /home/airflow/.local/lib/python3.12/site-packages/airflow/example_dags/example_latest_only.py
[2024-06-25T05:49:35.329+0000] {logging_mixin.py:188} INFO - [2024-06-25T05:49:35.329+0000] {dag.py:3096} INFO - Sync 1 DAGs
[2024-06-25T05:49:35.339+0000] {logging_mixin.py:188} INFO - [2024-06-25T05:49:35.339+0000] {dag.py:3954} INFO - Setting next_dagrun for latest_only to 2024-06-25 00:00:00+00:00, run_after=2024-06-25 04:00:00+00:00
[2024-06-25T05:49:35.348+0000] {processor.py:183} INFO - Processing /home/airflow/.local/lib/python3.12/site-packages/airflow/example_dags/example_latest_only.py took 0.036 seconds
[2024-06-25T05:50:05.520+0000] {processor.py:161} INFO - Started process (PID=790) to work on /home/airflow/.local/lib/python3.12/site-packages/airflow/example_dags/example_latest_only.py
[2024-06-25T05:50:05.520+0000] {processor.py:830} INFO - Processing file /home/airflow/.local/lib/python3.12/site-packages/airflow/example_dags/example_latest_only.py for tasks to queue
[2024-06-25T05:50:05.521+0000] {logging_mixin.py:188} INFO - [2024-06-25T05:50:05.521+0000] {dagbag.py:545} INFO - Filling up the DagBag from /home/airflow/.local/lib/python3.12/site-packages/airflow/example_dags/example_latest_only.py
[2024-06-25T05:50:05.523+0000] {processor.py:840} INFO - DAG(s) 'latest_only' retrieved from /home/airflow/.local/lib/python3.12/site-packages/airflow/example_dags/example_latest_only.py
[2024-06-25T05:50:05.533+0000] {logging_mixin.py:188} INFO - [2024-06-25T05:50:05.533+0000] {dag.py:3096} INFO - Sync 1 DAGs
[2024-06-25T05:50:05.541+0000] {logging_mixin.py:188} INFO - [2024-06-25T05:50:05.541+0000] {dag.py:3954} INFO - Setting next_dagrun for latest_only to 2024-06-25 00:00:00+00:00, run_after=2024-06-25 04:00:00+00:00
[2024-06-25T05:50:05.549+0000] {processor.py:183} INFO - Processing /home/airflow/.local/lib/python3.12/site-packages/airflow/example_dags/example_latest_only.py took 0.032 seconds
[2024-06-25T05:50:35.649+0000] {processor.py:161} INFO - Started process (PID=848) to work on /home/airflow/.local/lib/python3.12/site-packages/airflow/example_dags/example_latest_only.py
[2024-06-25T05:50:35.649+0000] {processor.py:830} INFO - Processing file /home/airflow/.local/lib/python3.12/site-packages/airflow/example_dags/example_latest_only.py for tasks to queue
[2024-06-25T05:50:35.650+0000] {logging_mixin.py:188} INFO - [2024-06-25T05:50:35.650+0000] {dagbag.py:545} INFO - Filling up the DagBag from /home/airflow/.local/lib/python3.12/site-packages/airflow/example_dags/example_latest_only.py
[2024-06-25T05:50:35.652+0000] {processor.py:840} INFO - DAG(s) 'latest_only' retrieved from /home/airflow/.local/lib/python3.12/site-packages/airflow/example_dags/example_latest_only.py
[2024-06-25T05:50:35.662+0000] {logging_mixin.py:188} INFO - [2024-06-25T05:50:35.662+0000] {dag.py:3096} INFO - Sync 1 DAGs
[2024-06-25T05:50:35.671+0000] {logging_mixin.py:188} INFO - [2024-06-25T05:50:35.671+0000] {dag.py:3954} INFO - Setting next_dagrun for latest_only to 2024-06-25 00:00:00+00:00, run_after=2024-06-25 04:00:00+00:00
[2024-06-25T05:50:35.679+0000] {processor.py:183} INFO - Processing /home/airflow/.local/lib/python3.12/site-packages/airflow/example_dags/example_latest_only.py took 0.034 seconds
[2024-06-25T05:51:05.791+0000] {processor.py:161} INFO - Started process (PID=906) to work on /home/airflow/.local/lib/python3.12/site-packages/airflow/example_dags/example_latest_only.py
[2024-06-25T05:51:05.792+0000] {processor.py:830} INFO - Processing file /home/airflow/.local/lib/python3.12/site-packages/airflow/example_dags/example_latest_only.py for tasks to queue
[2024-06-25T05:51:05.793+0000] {logging_mixin.py:188} INFO - [2024-06-25T05:51:05.793+0000] {dagbag.py:545} INFO - Filling up the DagBag from /home/airflow/.local/lib/python3.12/site-packages/airflow/example_dags/example_latest_only.py
[2024-06-25T05:51:05.796+0000] {processor.py:840} INFO - DAG(s) 'latest_only' retrieved from /home/airflow/.local/lib/python3.12/site-packages/airflow/example_dags/example_latest_only.py
[2024-06-25T05:51:05.805+0000] {logging_mixin.py:188} INFO - [2024-06-25T05:51:05.805+0000] {dag.py:3096} INFO - Sync 1 DAGs
[2024-06-25T05:51:05.815+0000] {logging_mixin.py:188} INFO - [2024-06-25T05:51:05.814+0000] {dag.py:3954} INFO - Setting next_dagrun for latest_only to 2024-06-25 00:00:00+00:00, run_after=2024-06-25 04:00:00+00:00
[2024-06-25T05:51:05.827+0000] {processor.py:183} INFO - Processing /home/airflow/.local/lib/python3.12/site-packages/airflow/example_dags/example_latest_only.py took 0.038 seconds
[2024-06-25T05:51:36.578+0000] {processor.py:161} INFO - Started process (PID=964) to work on /home/airflow/.local/lib/python3.12/site-packages/airflow/example_dags/example_latest_only.py
[2024-06-25T05:51:36.579+0000] {processor.py:830} INFO - Processing file /home/airflow/.local/lib/python3.12/site-packages/airflow/example_dags/example_latest_only.py for tasks to queue
[2024-06-25T05:51:36.580+0000] {logging_mixin.py:188} INFO - [2024-06-25T05:51:36.579+0000] {dagbag.py:545} INFO - Filling up the DagBag from /home/airflow/.local/lib/python3.12/site-packages/airflow/example_dags/example_latest_only.py
[2024-06-25T05:51:36.582+0000] {processor.py:840} INFO - DAG(s) 'latest_only' retrieved from /home/airflow/.local/lib/python3.12/site-packages/airflow/example_dags/example_latest_only.py
[2024-06-25T05:51:36.592+0000] {logging_mixin.py:188} INFO - [2024-06-25T05:51:36.592+0000] {dag.py:3096} INFO - Sync 1 DAGs
[2024-06-25T05:51:36.601+0000] {logging_mixin.py:188} INFO - [2024-06-25T05:51:36.601+0000] {dag.py:3954} INFO - Setting next_dagrun for latest_only to 2024-06-25 00:00:00+00:00, run_after=2024-06-25 04:00:00+00:00
[2024-06-25T05:51:36.610+0000] {processor.py:183} INFO - Processing /home/airflow/.local/lib/python3.12/site-packages/airflow/example_dags/example_latest_only.py took 0.036 seconds
[2024-06-25T05:52:06.684+0000] {processor.py:161} INFO - Started process (PID=1022) to work on /home/airflow/.local/lib/python3.12/site-packages/airflow/example_dags/example_latest_only.py
[2024-06-25T05:52:06.684+0000] {processor.py:830} INFO - Processing file /home/airflow/.local/lib/python3.12/site-packages/airflow/example_dags/example_latest_only.py for tasks to queue
[2024-06-25T05:52:06.685+0000] {logging_mixin.py:188} INFO - [2024-06-25T05:52:06.685+0000] {dagbag.py:545} INFO - Filling up the DagBag from /home/airflow/.local/lib/python3.12/site-packages/airflow/example_dags/example_latest_only.py
[2024-06-25T05:52:06.688+0000] {processor.py:840} INFO - DAG(s) 'latest_only' retrieved from /home/airflow/.local/lib/python3.12/site-packages/airflow/example_dags/example_latest_only.py
[2024-06-25T05:52:06.698+0000] {logging_mixin.py:188} INFO - [2024-06-25T05:52:06.698+0000] {dag.py:3096} INFO - Sync 1 DAGs
[2024-06-25T05:52:06.707+0000] {logging_mixin.py:188} INFO - [2024-06-25T05:52:06.707+0000] {dag.py:3954} INFO - Setting next_dagrun for latest_only to 2024-06-25 00:00:00+00:00, run_after=2024-06-25 04:00:00+00:00
[2024-06-25T05:52:06.715+0000] {processor.py:183} INFO - Processing /home/airflow/.local/lib/python3.12/site-packages/airflow/example_dags/example_latest_only.py took 0.034 seconds
[2024-06-25T05:52:37.418+0000] {processor.py:161} INFO - Started process (PID=1080) to work on /home/airflow/.local/lib/python3.12/site-packages/airflow/example_dags/example_latest_only.py
[2024-06-25T05:52:37.418+0000] {processor.py:830} INFO - Processing file /home/airflow/.local/lib/python3.12/site-packages/airflow/example_dags/example_latest_only.py for tasks to queue
[2024-06-25T05:52:37.420+0000] {logging_mixin.py:188} INFO - [2024-06-25T05:52:37.419+0000] {dagbag.py:545} INFO - Filling up the DagBag from /home/airflow/.local/lib/python3.12/site-packages/airflow/example_dags/example_latest_only.py
[2024-06-25T05:52:37.423+0000] {processor.py:840} INFO - DAG(s) 'latest_only' retrieved from /home/airflow/.local/lib/python3.12/site-packages/airflow/example_dags/example_latest_only.py
[2024-06-25T05:52:37.435+0000] {logging_mixin.py:188} INFO - [2024-06-25T05:52:37.435+0000] {dag.py:3096} INFO - Sync 1 DAGs
[2024-06-25T05:52:37.445+0000] {logging_mixin.py:188} INFO - [2024-06-25T05:52:37.445+0000] {dag.py:3954} INFO - Setting next_dagrun for latest_only to 2024-06-25 00:00:00+00:00, run_after=2024-06-25 04:00:00+00:00
[2024-06-25T05:52:37.454+0000] {processor.py:183} INFO - Processing /home/airflow/.local/lib/python3.12/site-packages/airflow/example_dags/example_latest_only.py took 0.041 seconds
[2024-06-25T05:53:08.075+0000] {processor.py:161} INFO - Started process (PID=1138) to work on /home/airflow/.local/lib/python3.12/site-packages/airflow/example_dags/example_latest_only.py
[2024-06-25T05:53:08.075+0000] {processor.py:830} INFO - Processing file /home/airflow/.local/lib/python3.12/site-packages/airflow/example_dags/example_latest_only.py for tasks to queue
[2024-06-25T05:53:08.076+0000] {logging_mixin.py:188} INFO - [2024-06-25T05:53:08.076+0000] {dagbag.py:545} INFO - Filling up the DagBag from /home/airflow/.local/lib/python3.12/site-packages/airflow/example_dags/example_latest_only.py
[2024-06-25T05:53:08.079+0000] {processor.py:840} INFO - DAG(s) 'latest_only' retrieved from /home/airflow/.local/lib/python3.12/site-packages/airflow/example_dags/example_latest_only.py
[2024-06-25T05:53:08.088+0000] {logging_mixin.py:188} INFO - [2024-06-25T05:53:08.088+0000] {dag.py:3096} INFO - Sync 1 DAGs
[2024-06-25T05:53:08.097+0000] {logging_mixin.py:188} INFO - [2024-06-25T05:53:08.097+0000] {dag.py:3954} INFO - Setting next_dagrun for latest_only to 2024-06-25 00:00:00+00:00, run_after=2024-06-25 04:00:00+00:00
[2024-06-25T05:53:08.104+0000] {processor.py:183} INFO - Processing /home/airflow/.local/lib/python3.12/site-packages/airflow/example_dags/example_latest_only.py took 0.032 seconds
[2024-06-25T05:53:38.257+0000] {processor.py:161} INFO - Started process (PID=1196) to work on /home/airflow/.local/lib/python3.12/site-packages/airflow/example_dags/example_latest_only.py
[2024-06-25T05:53:38.258+0000] {processor.py:830} INFO - Processing file /home/airflow/.local/lib/python3.12/site-packages/airflow/example_dags/example_latest_only.py for tasks to queue
[2024-06-25T05:53:38.258+0000] {logging_mixin.py:188} INFO - [2024-06-25T05:53:38.258+0000] {dagbag.py:545} INFO - Filling up the DagBag from /home/airflow/.local/lib/python3.12/site-packages/airflow/example_dags/example_latest_only.py
[2024-06-25T05:53:38.261+0000] {processor.py:840} INFO - DAG(s) 'latest_only' retrieved from /home/airflow/.local/lib/python3.12/site-packages/airflow/example_dags/example_latest_only.py
[2024-06-25T05:53:38.271+0000] {logging_mixin.py:188} INFO - [2024-06-25T05:53:38.271+0000] {dag.py:3096} INFO - Sync 1 DAGs
[2024-06-25T05:53:38.280+0000] {logging_mixin.py:188} INFO - [2024-06-25T05:53:38.280+0000] {dag.py:3954} INFO - Setting next_dagrun for latest_only to 2024-06-25 00:00:00+00:00, run_after=2024-06-25 04:00:00+00:00
[2024-06-25T05:53:38.292+0000] {processor.py:183} INFO - Processing /home/airflow/.local/lib/python3.12/site-packages/airflow/example_dags/example_latest_only.py took 0.038 seconds
[2024-06-25T05:54:09.099+0000] {processor.py:161} INFO - Started process (PID=1254) to work on /home/airflow/.local/lib/python3.12/site-packages/airflow/example_dags/example_latest_only.py
[2024-06-25T05:54:09.099+0000] {processor.py:830} INFO - Processing file /home/airflow/.local/lib/python3.12/site-packages/airflow/example_dags/example_latest_only.py for tasks to queue
[2024-06-25T05:54:09.101+0000] {logging_mixin.py:188} INFO - [2024-06-25T05:54:09.100+0000] {dagbag.py:545} INFO - Filling up the DagBag from /home/airflow/.local/lib/python3.12/site-packages/airflow/example_dags/example_latest_only.py
[2024-06-25T05:54:09.103+0000] {processor.py:840} INFO - DAG(s) 'latest_only' retrieved from /home/airflow/.local/lib/python3.12/site-packages/airflow/example_dags/example_latest_only.py
[2024-06-25T05:54:09.121+0000] {logging_mixin.py:188} INFO - [2024-06-25T05:54:09.121+0000] {dag.py:3096} INFO - Sync 1 DAGs
[2024-06-25T05:54:09.136+0000] {logging_mixin.py:188} INFO - [2024-06-25T05:54:09.136+0000] {dag.py:3954} INFO - Setting next_dagrun for latest_only to 2024-06-25 00:00:00+00:00, run_after=2024-06-25 04:00:00+00:00
[2024-06-25T05:54:09.147+0000] {processor.py:183} INFO - Processing /home/airflow/.local/lib/python3.12/site-packages/airflow/example_dags/example_latest_only.py took 0.051 seconds
[2024-06-25T05:54:39.306+0000] {processor.py:161} INFO - Started process (PID=1311) to work on /home/airflow/.local/lib/python3.12/site-packages/airflow/example_dags/example_latest_only.py
[2024-06-25T05:54:39.307+0000] {processor.py:830} INFO - Processing file /home/airflow/.local/lib/python3.12/site-packages/airflow/example_dags/example_latest_only.py for tasks to queue
[2024-06-25T05:54:39.308+0000] {logging_mixin.py:188} INFO - [2024-06-25T05:54:39.308+0000] {dagbag.py:545} INFO - Filling up the DagBag from /home/airflow/.local/lib/python3.12/site-packages/airflow/example_dags/example_latest_only.py
[2024-06-25T05:54:39.310+0000] {processor.py:840} INFO - DAG(s) 'latest_only' retrieved from /home/airflow/.local/lib/python3.12/site-packages/airflow/example_dags/example_latest_only.py
[2024-06-25T05:54:39.320+0000] {logging_mixin.py:188} INFO - [2024-06-25T05:54:39.320+0000] {dag.py:3096} INFO - Sync 1 DAGs
[2024-06-25T05:54:39.329+0000] {logging_mixin.py:188} INFO - [2024-06-25T05:54:39.329+0000] {dag.py:3954} INFO - Setting next_dagrun for latest_only to 2024-06-25 00:00:00+00:00, run_after=2024-06-25 04:00:00+00:00
[2024-06-25T05:54:39.337+0000] {processor.py:183} INFO - Processing /home/airflow/.local/lib/python3.12/site-packages/airflow/example_dags/example_latest_only.py took 0.033 seconds
[2024-06-25T05:55:09.425+0000] {processor.py:161} INFO - Started process (PID=1369) to work on /home/airflow/.local/lib/python3.12/site-packages/airflow/example_dags/example_latest_only.py
[2024-06-25T05:55:09.425+0000] {processor.py:830} INFO - Processing file /home/airflow/.local/lib/python3.12/site-packages/airflow/example_dags/example_latest_only.py for tasks to queue
[2024-06-25T05:55:09.426+0000] {logging_mixin.py:188} INFO - [2024-06-25T05:55:09.426+0000] {dagbag.py:545} INFO - Filling up the DagBag from /home/airflow/.local/lib/python3.12/site-packages/airflow/example_dags/example_latest_only.py
[2024-06-25T05:55:09.429+0000] {processor.py:840} INFO - DAG(s) 'latest_only' retrieved from /home/airflow/.local/lib/python3.12/site-packages/airflow/example_dags/example_latest_only.py
[2024-06-25T05:55:09.438+0000] {logging_mixin.py:188} INFO - [2024-06-25T05:55:09.438+0000] {dag.py:3096} INFO - Sync 1 DAGs
[2024-06-25T05:55:09.447+0000] {logging_mixin.py:188} INFO - [2024-06-25T05:55:09.447+0000] {dag.py:3954} INFO - Setting next_dagrun for latest_only to 2024-06-25 00:00:00+00:00, run_after=2024-06-25 04:00:00+00:00
[2024-06-25T05:55:09.455+0000] {processor.py:183} INFO - Processing /home/airflow/.local/lib/python3.12/site-packages/airflow/example_dags/example_latest_only.py took 0.034 seconds
[2024-06-25T05:55:40.319+0000] {processor.py:161} INFO - Started process (PID=1427) to work on /home/airflow/.local/lib/python3.12/site-packages/airflow/example_dags/example_latest_only.py
[2024-06-25T05:55:40.320+0000] {processor.py:830} INFO - Processing file /home/airflow/.local/lib/python3.12/site-packages/airflow/example_dags/example_latest_only.py for tasks to queue
[2024-06-25T05:55:40.321+0000] {logging_mixin.py:188} INFO - [2024-06-25T05:55:40.321+0000] {dagbag.py:545} INFO - Filling up the DagBag from /home/airflow/.local/lib/python3.12/site-packages/airflow/example_dags/example_latest_only.py
[2024-06-25T05:55:40.323+0000] {processor.py:840} INFO - DAG(s) 'latest_only' retrieved from /home/airflow/.local/lib/python3.12/site-packages/airflow/example_dags/example_latest_only.py
[2024-06-25T05:55:40.334+0000] {logging_mixin.py:188} INFO - [2024-06-25T05:55:40.333+0000] {dag.py:3096} INFO - Sync 1 DAGs
[2024-06-25T05:55:40.343+0000] {logging_mixin.py:188} INFO - [2024-06-25T05:55:40.343+0000] {dag.py:3954} INFO - Setting next_dagrun for latest_only to 2024-06-25 00:00:00+00:00, run_after=2024-06-25 04:00:00+00:00
[2024-06-25T05:55:40.352+0000] {processor.py:183} INFO - Processing /home/airflow/.local/lib/python3.12/site-packages/airflow/example_dags/example_latest_only.py took 0.036 seconds
[2024-06-25T05:56:10.598+0000] {processor.py:161} INFO - Started process (PID=1485) to work on /home/airflow/.local/lib/python3.12/site-packages/airflow/example_dags/example_latest_only.py
[2024-06-25T05:56:10.598+0000] {processor.py:830} INFO - Processing file /home/airflow/.local/lib/python3.12/site-packages/airflow/example_dags/example_latest_only.py for tasks to queue
[2024-06-25T05:56:10.599+0000] {logging_mixin.py:188} INFO - [2024-06-25T05:56:10.599+0000] {dagbag.py:545} INFO - Filling up the DagBag from /home/airflow/.local/lib/python3.12/site-packages/airflow/example_dags/example_latest_only.py
[2024-06-25T05:56:10.602+0000] {processor.py:840} INFO - DAG(s) 'latest_only' retrieved from /home/airflow/.local/lib/python3.12/site-packages/airflow/example_dags/example_latest_only.py
[2024-06-25T05:56:10.611+0000] {logging_mixin.py:188} INFO - [2024-06-25T05:56:10.611+0000] {dag.py:3096} INFO - Sync 1 DAGs
[2024-06-25T05:56:10.621+0000] {logging_mixin.py:188} INFO - [2024-06-25T05:56:10.621+0000] {dag.py:3954} INFO - Setting next_dagrun for latest_only to 2024-06-25 00:00:00+00:00, run_after=2024-06-25 04:00:00+00:00
[2024-06-25T05:56:10.629+0000] {processor.py:183} INFO - Processing /home/airflow/.local/lib/python3.12/site-packages/airflow/example_dags/example_latest_only.py took 0.034 seconds
[2024-06-25T05:56:41.355+0000] {processor.py:161} INFO - Started process (PID=1543) to work on /home/airflow/.local/lib/python3.12/site-packages/airflow/example_dags/example_latest_only.py
[2024-06-25T05:56:41.355+0000] {processor.py:830} INFO - Processing file /home/airflow/.local/lib/python3.12/site-packages/airflow/example_dags/example_latest_only.py for tasks to queue
[2024-06-25T05:56:41.357+0000] {logging_mixin.py:188} INFO - [2024-06-25T05:56:41.356+0000] {dagbag.py:545} INFO - Filling up the DagBag from /home/airflow/.local/lib/python3.12/site-packages/airflow/example_dags/example_latest_only.py
[2024-06-25T05:56:41.359+0000] {processor.py:840} INFO - DAG(s) 'latest_only' retrieved from /home/airflow/.local/lib/python3.12/site-packages/airflow/example_dags/example_latest_only.py
[2024-06-25T05:56:41.368+0000] {logging_mixin.py:188} INFO - [2024-06-25T05:56:41.368+0000] {dag.py:3096} INFO - Sync 1 DAGs
[2024-06-25T05:56:41.377+0000] {logging_mixin.py:188} INFO - [2024-06-25T05:56:41.377+0000] {dag.py:3954} INFO - Setting next_dagrun for latest_only to 2024-06-25 00:00:00+00:00, run_after=2024-06-25 04:00:00+00:00
[2024-06-25T05:56:41.385+0000] {processor.py:183} INFO - Processing /home/airflow/.local/lib/python3.12/site-packages/airflow/example_dags/example_latest_only.py took 0.033 seconds
[2024-06-25T05:57:12.049+0000] {processor.py:161} INFO - Started process (PID=1601) to work on /home/airflow/.local/lib/python3.12/site-packages/airflow/example_dags/example_latest_only.py
[2024-06-25T05:57:12.050+0000] {processor.py:830} INFO - Processing file /home/airflow/.local/lib/python3.12/site-packages/airflow/example_dags/example_latest_only.py for tasks to queue
[2024-06-25T05:57:12.051+0000] {logging_mixin.py:188} INFO - [2024-06-25T05:57:12.051+0000] {dagbag.py:545} INFO - Filling up the DagBag from /home/airflow/.local/lib/python3.12/site-packages/airflow/example_dags/example_latest_only.py
[2024-06-25T05:57:12.053+0000] {processor.py:840} INFO - DAG(s) 'latest_only' retrieved from /home/airflow/.local/lib/python3.12/site-packages/airflow/example_dags/example_latest_only.py
[2024-06-25T05:57:12.063+0000] {logging_mixin.py:188} INFO - [2024-06-25T05:57:12.063+0000] {dag.py:3096} INFO - Sync 1 DAGs
[2024-06-25T05:57:12.072+0000] {logging_mixin.py:188} INFO - [2024-06-25T05:57:12.072+0000] {dag.py:3954} INFO - Setting next_dagrun for latest_only to 2024-06-25 00:00:00+00:00, run_after=2024-06-25 04:00:00+00:00
[2024-06-25T05:57:12.080+0000] {processor.py:183} INFO - Processing /home/airflow/.local/lib/python3.12/site-packages/airflow/example_dags/example_latest_only.py took 0.033 seconds
[2024-06-25T05:57:42.774+0000] {processor.py:161} INFO - Started process (PID=1659) to work on /home/airflow/.local/lib/python3.12/site-packages/airflow/example_dags/example_latest_only.py
[2024-06-25T05:57:42.775+0000] {processor.py:830} INFO - Processing file /home/airflow/.local/lib/python3.12/site-packages/airflow/example_dags/example_latest_only.py for tasks to queue
[2024-06-25T05:57:42.776+0000] {logging_mixin.py:188} INFO - [2024-06-25T05:57:42.776+0000] {dagbag.py:545} INFO - Filling up the DagBag from /home/airflow/.local/lib/python3.12/site-packages/airflow/example_dags/example_latest_only.py
[2024-06-25T05:57:42.778+0000] {processor.py:840} INFO - DAG(s) 'latest_only' retrieved from /home/airflow/.local/lib/python3.12/site-packages/airflow/example_dags/example_latest_only.py
[2024-06-25T05:57:42.788+0000] {logging_mixin.py:188} INFO - [2024-06-25T05:57:42.788+0000] {dag.py:3096} INFO - Sync 1 DAGs
[2024-06-25T05:57:42.797+0000] {logging_mixin.py:188} INFO - [2024-06-25T05:57:42.796+0000] {dag.py:3954} INFO - Setting next_dagrun for latest_only to 2024-06-25 00:00:00+00:00, run_after=2024-06-25 04:00:00+00:00
[2024-06-25T05:57:42.804+0000] {processor.py:183} INFO - Processing /home/airflow/.local/lib/python3.12/site-packages/airflow/example_dags/example_latest_only.py took 0.033 seconds
