[2024-06-25T05:41:16.785+0000] {processor.py:161} INFO - Started process (PID=31) to work on /home/airflow/.local/lib/python3.12/site-packages/airflow/example_dags/example_branch_operator.py
[2024-06-25T05:41:16.789+0000] {processor.py:830} INFO - Processing file /home/airflow/.local/lib/python3.12/site-packages/airflow/example_dags/example_branch_operator.py for tasks to queue
[2024-06-25T05:41:16.797+0000] {logging_mixin.py:188} INFO - [2024-06-25T05:41:16.796+0000] {dagbag.py:545} INFO - Filling up the DagBag from /home/airflow/.local/lib/python3.12/site-packages/airflow/example_dags/example_branch_operator.py
[2024-06-25T05:41:16.828+0000] {processor.py:840} INFO - DAG(s) 'example_branch_operator' retrieved from /home/airflow/.local/lib/python3.12/site-packages/airflow/example_dags/example_branch_operator.py
[2024-06-25T05:41:16.856+0000] {logging_mixin.py:188} INFO - [2024-06-25T05:41:16.856+0000] {dag.py:3096} INFO - Sync 1 DAGs
[2024-06-25T05:41:16.872+0000] {logging_mixin.py:188} INFO - [2024-06-25T05:41:16.872+0000] {dag.py:3954} INFO - Setting next_dagrun for example_branch_operator to 2024-06-24 00:00:00+00:00, run_after=2024-06-25 00:00:00+00:00
[2024-06-25T05:41:16.894+0000] {processor.py:183} INFO - Processing /home/airflow/.local/lib/python3.12/site-packages/airflow/example_dags/example_branch_operator.py took 0.118 seconds
[2024-06-25T05:41:47.553+0000] {processor.py:161} INFO - Started process (PID=89) to work on /home/airflow/.local/lib/python3.12/site-packages/airflow/example_dags/example_branch_operator.py
[2024-06-25T05:41:47.560+0000] {processor.py:830} INFO - Processing file /home/airflow/.local/lib/python3.12/site-packages/airflow/example_dags/example_branch_operator.py for tasks to queue
[2024-06-25T05:41:47.569+0000] {logging_mixin.py:188} INFO - [2024-06-25T05:41:47.568+0000] {dagbag.py:545} INFO - Filling up the DagBag from /home/airflow/.local/lib/python3.12/site-packages/airflow/example_dags/example_branch_operator.py
[2024-06-25T05:41:47.593+0000] {processor.py:840} INFO - DAG(s) 'example_branch_operator' retrieved from /home/airflow/.local/lib/python3.12/site-packages/airflow/example_dags/example_branch_operator.py
[2024-06-25T05:41:47.795+0000] {logging_mixin.py:188} INFO - [2024-06-25T05:41:47.794+0000] {dag.py:3096} INFO - Sync 1 DAGs
[2024-06-25T05:41:47.809+0000] {logging_mixin.py:188} INFO - [2024-06-25T05:41:47.809+0000] {dag.py:3954} INFO - Setting next_dagrun for example_branch_operator to 2024-06-24 00:00:00+00:00, run_after=2024-06-25 00:00:00+00:00
[2024-06-25T05:41:47.820+0000] {processor.py:183} INFO - Processing /home/airflow/.local/lib/python3.12/site-packages/airflow/example_dags/example_branch_operator.py took 0.280 seconds
[2024-06-25T05:42:18.211+0000] {processor.py:161} INFO - Started process (PID=147) to work on /home/airflow/.local/lib/python3.12/site-packages/airflow/example_dags/example_branch_operator.py
[2024-06-25T05:42:18.213+0000] {processor.py:830} INFO - Processing file /home/airflow/.local/lib/python3.12/site-packages/airflow/example_dags/example_branch_operator.py for tasks to queue
[2024-06-25T05:42:18.216+0000] {logging_mixin.py:188} INFO - [2024-06-25T05:42:18.216+0000] {dagbag.py:545} INFO - Filling up the DagBag from /home/airflow/.local/lib/python3.12/site-packages/airflow/example_dags/example_branch_operator.py
[2024-06-25T05:42:18.235+0000] {processor.py:840} INFO - DAG(s) 'example_branch_operator' retrieved from /home/airflow/.local/lib/python3.12/site-packages/airflow/example_dags/example_branch_operator.py
[2024-06-25T05:42:18.253+0000] {logging_mixin.py:188} INFO - [2024-06-25T05:42:18.253+0000] {dag.py:3096} INFO - Sync 1 DAGs
[2024-06-25T05:42:18.279+0000] {logging_mixin.py:188} INFO - [2024-06-25T05:42:18.279+0000] {dag.py:3954} INFO - Setting next_dagrun for example_branch_operator to 2024-06-24 00:00:00+00:00, run_after=2024-06-25 00:00:00+00:00
[2024-06-25T05:42:18.293+0000] {processor.py:183} INFO - Processing /home/airflow/.local/lib/python3.12/site-packages/airflow/example_dags/example_branch_operator.py took 0.108 seconds
[2024-06-25T05:42:48.712+0000] {processor.py:161} INFO - Started process (PID=205) to work on /home/airflow/.local/lib/python3.12/site-packages/airflow/example_dags/example_branch_operator.py
[2024-06-25T05:42:48.716+0000] {processor.py:830} INFO - Processing file /home/airflow/.local/lib/python3.12/site-packages/airflow/example_dags/example_branch_operator.py for tasks to queue
[2024-06-25T05:42:48.722+0000] {logging_mixin.py:188} INFO - [2024-06-25T05:42:48.722+0000] {dagbag.py:545} INFO - Filling up the DagBag from /home/airflow/.local/lib/python3.12/site-packages/airflow/example_dags/example_branch_operator.py
[2024-06-25T05:42:48.737+0000] {processor.py:840} INFO - DAG(s) 'example_branch_operator' retrieved from /home/airflow/.local/lib/python3.12/site-packages/airflow/example_dags/example_branch_operator.py
[2024-06-25T05:42:48.758+0000] {logging_mixin.py:188} INFO - [2024-06-25T05:42:48.758+0000] {dag.py:3096} INFO - Sync 1 DAGs
[2024-06-25T05:42:48.772+0000] {logging_mixin.py:188} INFO - [2024-06-25T05:42:48.772+0000] {dag.py:3954} INFO - Setting next_dagrun for example_branch_operator to 2024-06-24 00:00:00+00:00, run_after=2024-06-25 00:00:00+00:00
[2024-06-25T05:42:48.783+0000] {processor.py:183} INFO - Processing /home/airflow/.local/lib/python3.12/site-packages/airflow/example_dags/example_branch_operator.py took 0.080 seconds
[2024-06-25T05:43:18.548+0000] {processor.py:161} INFO - Started process (PID=30) to work on /home/airflow/.local/lib/python3.12/site-packages/airflow/example_dags/example_branch_operator.py
[2024-06-25T05:43:18.551+0000] {processor.py:830} INFO - Processing file /home/airflow/.local/lib/python3.12/site-packages/airflow/example_dags/example_branch_operator.py for tasks to queue
[2024-06-25T05:43:18.554+0000] {logging_mixin.py:188} INFO - [2024-06-25T05:43:18.554+0000] {dagbag.py:545} INFO - Filling up the DagBag from /home/airflow/.local/lib/python3.12/site-packages/airflow/example_dags/example_branch_operator.py
[2024-06-25T05:43:18.586+0000] {processor.py:840} INFO - DAG(s) 'example_branch_operator' retrieved from /home/airflow/.local/lib/python3.12/site-packages/airflow/example_dags/example_branch_operator.py
[2024-06-25T05:43:18.759+0000] {logging_mixin.py:188} INFO - [2024-06-25T05:43:18.758+0000] {dag.py:3096} INFO - Sync 1 DAGs
[2024-06-25T05:43:18.776+0000] {logging_mixin.py:188} INFO - [2024-06-25T05:43:18.776+0000] {dag.py:3954} INFO - Setting next_dagrun for example_branch_operator to 2024-06-24 00:00:00+00:00, run_after=2024-06-25 00:00:00+00:00
[2024-06-25T05:43:18.790+0000] {processor.py:183} INFO - Processing /home/airflow/.local/lib/python3.12/site-packages/airflow/example_dags/example_branch_operator.py took 0.248 seconds
[2024-06-25T05:43:49.203+0000] {processor.py:161} INFO - Started process (PID=88) to work on /home/airflow/.local/lib/python3.12/site-packages/airflow/example_dags/example_branch_operator.py
[2024-06-25T05:43:49.206+0000] {processor.py:830} INFO - Processing file /home/airflow/.local/lib/python3.12/site-packages/airflow/example_dags/example_branch_operator.py for tasks to queue
[2024-06-25T05:43:49.212+0000] {logging_mixin.py:188} INFO - [2024-06-25T05:43:49.211+0000] {dagbag.py:545} INFO - Filling up the DagBag from /home/airflow/.local/lib/python3.12/site-packages/airflow/example_dags/example_branch_operator.py
[2024-06-25T05:43:49.232+0000] {processor.py:840} INFO - DAG(s) 'example_branch_operator' retrieved from /home/airflow/.local/lib/python3.12/site-packages/airflow/example_dags/example_branch_operator.py
[2024-06-25T05:43:49.243+0000] {logging_mixin.py:188} INFO - [2024-06-25T05:43:49.243+0000] {dag.py:3096} INFO - Sync 1 DAGs
[2024-06-25T05:43:49.259+0000] {logging_mixin.py:188} INFO - [2024-06-25T05:43:49.259+0000] {dag.py:3954} INFO - Setting next_dagrun for example_branch_operator to 2024-06-24 00:00:00+00:00, run_after=2024-06-25 00:00:00+00:00
[2024-06-25T05:43:49.275+0000] {processor.py:183} INFO - Processing /home/airflow/.local/lib/python3.12/site-packages/airflow/example_dags/example_branch_operator.py took 0.087 seconds
[2024-06-25T05:44:19.819+0000] {processor.py:161} INFO - Started process (PID=146) to work on /home/airflow/.local/lib/python3.12/site-packages/airflow/example_dags/example_branch_operator.py
[2024-06-25T05:44:19.821+0000] {processor.py:830} INFO - Processing file /home/airflow/.local/lib/python3.12/site-packages/airflow/example_dags/example_branch_operator.py for tasks to queue
[2024-06-25T05:44:19.825+0000] {logging_mixin.py:188} INFO - [2024-06-25T05:44:19.824+0000] {dagbag.py:545} INFO - Filling up the DagBag from /home/airflow/.local/lib/python3.12/site-packages/airflow/example_dags/example_branch_operator.py
[2024-06-25T05:44:19.843+0000] {processor.py:840} INFO - DAG(s) 'example_branch_operator' retrieved from /home/airflow/.local/lib/python3.12/site-packages/airflow/example_dags/example_branch_operator.py
[2024-06-25T05:44:19.898+0000] {logging_mixin.py:188} INFO - [2024-06-25T05:44:19.898+0000] {dag.py:3096} INFO - Sync 1 DAGs
[2024-06-25T05:44:19.908+0000] {logging_mixin.py:188} INFO - [2024-06-25T05:44:19.907+0000] {dag.py:3954} INFO - Setting next_dagrun for example_branch_operator to 2024-06-24 00:00:00+00:00, run_after=2024-06-25 00:00:00+00:00
[2024-06-25T05:44:19.917+0000] {processor.py:183} INFO - Processing /home/airflow/.local/lib/python3.12/site-packages/airflow/example_dags/example_branch_operator.py took 0.108 seconds
[2024-06-25T05:44:50.221+0000] {processor.py:161} INFO - Started process (PID=204) to work on /home/airflow/.local/lib/python3.12/site-packages/airflow/example_dags/example_branch_operator.py
[2024-06-25T05:44:50.223+0000] {processor.py:830} INFO - Processing file /home/airflow/.local/lib/python3.12/site-packages/airflow/example_dags/example_branch_operator.py for tasks to queue
[2024-06-25T05:44:50.227+0000] {logging_mixin.py:188} INFO - [2024-06-25T05:44:50.226+0000] {dagbag.py:545} INFO - Filling up the DagBag from /home/airflow/.local/lib/python3.12/site-packages/airflow/example_dags/example_branch_operator.py
[2024-06-25T05:44:50.245+0000] {processor.py:840} INFO - DAG(s) 'example_branch_operator' retrieved from /home/airflow/.local/lib/python3.12/site-packages/airflow/example_dags/example_branch_operator.py
[2024-06-25T05:44:50.261+0000] {logging_mixin.py:188} INFO - [2024-06-25T05:44:50.261+0000] {dag.py:3096} INFO - Sync 1 DAGs
[2024-06-25T05:44:50.275+0000] {logging_mixin.py:188} INFO - [2024-06-25T05:44:50.275+0000] {dag.py:3954} INFO - Setting next_dagrun for example_branch_operator to 2024-06-24 00:00:00+00:00, run_after=2024-06-25 00:00:00+00:00
[2024-06-25T05:44:50.285+0000] {processor.py:183} INFO - Processing /home/airflow/.local/lib/python3.12/site-packages/airflow/example_dags/example_branch_operator.py took 0.073 seconds
[2024-06-25T05:45:20.840+0000] {processor.py:161} INFO - Started process (PID=261) to work on /home/airflow/.local/lib/python3.12/site-packages/airflow/example_dags/example_branch_operator.py
[2024-06-25T05:45:20.844+0000] {processor.py:830} INFO - Processing file /home/airflow/.local/lib/python3.12/site-packages/airflow/example_dags/example_branch_operator.py for tasks to queue
[2024-06-25T05:45:20.849+0000] {logging_mixin.py:188} INFO - [2024-06-25T05:45:20.848+0000] {dagbag.py:545} INFO - Filling up the DagBag from /home/airflow/.local/lib/python3.12/site-packages/airflow/example_dags/example_branch_operator.py
[2024-06-25T05:45:20.878+0000] {processor.py:840} INFO - DAG(s) 'example_branch_operator' retrieved from /home/airflow/.local/lib/python3.12/site-packages/airflow/example_dags/example_branch_operator.py
[2024-06-25T05:45:20.896+0000] {logging_mixin.py:188} INFO - [2024-06-25T05:45:20.896+0000] {dag.py:3096} INFO - Sync 1 DAGs
[2024-06-25T05:45:20.918+0000] {logging_mixin.py:188} INFO - [2024-06-25T05:45:20.918+0000] {dag.py:3954} INFO - Setting next_dagrun for example_branch_operator to 2024-06-24 00:00:00+00:00, run_after=2024-06-25 00:00:00+00:00
[2024-06-25T05:45:20.931+0000] {processor.py:183} INFO - Processing /home/airflow/.local/lib/python3.12/site-packages/airflow/example_dags/example_branch_operator.py took 0.115 seconds
[2024-06-25T05:45:51.582+0000] {processor.py:161} INFO - Started process (PID=319) to work on /home/airflow/.local/lib/python3.12/site-packages/airflow/example_dags/example_branch_operator.py
[2024-06-25T05:45:51.584+0000] {processor.py:830} INFO - Processing file /home/airflow/.local/lib/python3.12/site-packages/airflow/example_dags/example_branch_operator.py for tasks to queue
[2024-06-25T05:45:51.587+0000] {logging_mixin.py:188} INFO - [2024-06-25T05:45:51.587+0000] {dagbag.py:545} INFO - Filling up the DagBag from /home/airflow/.local/lib/python3.12/site-packages/airflow/example_dags/example_branch_operator.py
[2024-06-25T05:45:51.605+0000] {processor.py:840} INFO - DAG(s) 'example_branch_operator' retrieved from /home/airflow/.local/lib/python3.12/site-packages/airflow/example_dags/example_branch_operator.py
[2024-06-25T05:45:51.620+0000] {logging_mixin.py:188} INFO - [2024-06-25T05:45:51.620+0000] {dag.py:3096} INFO - Sync 1 DAGs
[2024-06-25T05:45:51.642+0000] {logging_mixin.py:188} INFO - [2024-06-25T05:45:51.642+0000] {dag.py:3954} INFO - Setting next_dagrun for example_branch_operator to 2024-06-24 00:00:00+00:00, run_after=2024-06-25 00:00:00+00:00
[2024-06-25T05:45:51.651+0000] {processor.py:183} INFO - Processing /home/airflow/.local/lib/python3.12/site-packages/airflow/example_dags/example_branch_operator.py took 0.077 seconds
[2024-06-25T05:46:22.249+0000] {processor.py:161} INFO - Started process (PID=377) to work on /home/airflow/.local/lib/python3.12/site-packages/airflow/example_dags/example_branch_operator.py
[2024-06-25T05:46:22.251+0000] {processor.py:830} INFO - Processing file /home/airflow/.local/lib/python3.12/site-packages/airflow/example_dags/example_branch_operator.py for tasks to queue
[2024-06-25T05:46:22.254+0000] {logging_mixin.py:188} INFO - [2024-06-25T05:46:22.254+0000] {dagbag.py:545} INFO - Filling up the DagBag from /home/airflow/.local/lib/python3.12/site-packages/airflow/example_dags/example_branch_operator.py
[2024-06-25T05:46:22.277+0000] {processor.py:840} INFO - DAG(s) 'example_branch_operator' retrieved from /home/airflow/.local/lib/python3.12/site-packages/airflow/example_dags/example_branch_operator.py
[2024-06-25T05:46:22.295+0000] {logging_mixin.py:188} INFO - [2024-06-25T05:46:22.295+0000] {dag.py:3096} INFO - Sync 1 DAGs
[2024-06-25T05:46:22.309+0000] {logging_mixin.py:188} INFO - [2024-06-25T05:46:22.309+0000] {dag.py:3954} INFO - Setting next_dagrun for example_branch_operator to 2024-06-24 00:00:00+00:00, run_after=2024-06-25 00:00:00+00:00
[2024-06-25T05:46:22.319+0000] {processor.py:183} INFO - Processing /home/airflow/.local/lib/python3.12/site-packages/airflow/example_dags/example_branch_operator.py took 0.079 seconds
[2024-06-25T05:46:52.579+0000] {processor.py:161} INFO - Started process (PID=435) to work on /home/airflow/.local/lib/python3.12/site-packages/airflow/example_dags/example_branch_operator.py
[2024-06-25T05:46:52.588+0000] {processor.py:830} INFO - Processing file /home/airflow/.local/lib/python3.12/site-packages/airflow/example_dags/example_branch_operator.py for tasks to queue
[2024-06-25T05:46:52.591+0000] {logging_mixin.py:188} INFO - [2024-06-25T05:46:52.590+0000] {dagbag.py:545} INFO - Filling up the DagBag from /home/airflow/.local/lib/python3.12/site-packages/airflow/example_dags/example_branch_operator.py
[2024-06-25T05:46:52.605+0000] {processor.py:840} INFO - DAG(s) 'example_branch_operator' retrieved from /home/airflow/.local/lib/python3.12/site-packages/airflow/example_dags/example_branch_operator.py
[2024-06-25T05:46:52.620+0000] {logging_mixin.py:188} INFO - [2024-06-25T05:46:52.620+0000] {dag.py:3096} INFO - Sync 1 DAGs
[2024-06-25T05:46:52.635+0000] {logging_mixin.py:188} INFO - [2024-06-25T05:46:52.635+0000] {dag.py:3954} INFO - Setting next_dagrun for example_branch_operator to 2024-06-24 00:00:00+00:00, run_after=2024-06-25 00:00:00+00:00
[2024-06-25T05:46:52.646+0000] {processor.py:183} INFO - Processing /home/airflow/.local/lib/python3.12/site-packages/airflow/example_dags/example_branch_operator.py took 0.086 seconds
[2024-06-25T05:47:24.730+0000] {processor.py:161} INFO - Started process (PID=492) to work on /home/airflow/.local/lib/python3.12/site-packages/airflow/example_dags/example_branch_operator.py
[2024-06-25T05:47:24.757+0000] {processor.py:830} INFO - Processing file /home/airflow/.local/lib/python3.12/site-packages/airflow/example_dags/example_branch_operator.py for tasks to queue
[2024-06-25T05:47:24.855+0000] {logging_mixin.py:188} INFO - [2024-06-25T05:47:24.837+0000] {dagbag.py:545} INFO - Filling up the DagBag from /home/airflow/.local/lib/python3.12/site-packages/airflow/example_dags/example_branch_operator.py
[2024-06-25T05:47:25.255+0000] {processor.py:840} INFO - DAG(s) 'example_branch_operator' retrieved from /home/airflow/.local/lib/python3.12/site-packages/airflow/example_dags/example_branch_operator.py
[2024-06-25T05:47:25.509+0000] {logging_mixin.py:188} INFO - [2024-06-25T05:47:25.509+0000] {dag.py:3096} INFO - Sync 1 DAGs
[2024-06-25T05:47:25.609+0000] {logging_mixin.py:188} INFO - [2024-06-25T05:47:25.605+0000] {dag.py:3954} INFO - Setting next_dagrun for example_branch_operator to 2024-06-24 00:00:00+00:00, run_after=2024-06-25 00:00:00+00:00
[2024-06-25T05:47:32.249+0000] {processor.py:183} INFO - Processing /home/airflow/.local/lib/python3.12/site-packages/airflow/example_dags/example_branch_operator.py took 7.629 seconds
[2024-06-25T05:48:02.925+0000] {processor.py:161} INFO - Started process (PID=551) to work on /home/airflow/.local/lib/python3.12/site-packages/airflow/example_dags/example_branch_operator.py
[2024-06-25T05:48:02.932+0000] {processor.py:830} INFO - Processing file /home/airflow/.local/lib/python3.12/site-packages/airflow/example_dags/example_branch_operator.py for tasks to queue
[2024-06-25T05:48:02.959+0000] {logging_mixin.py:188} INFO - [2024-06-25T05:48:02.958+0000] {dagbag.py:545} INFO - Filling up the DagBag from /home/airflow/.local/lib/python3.12/site-packages/airflow/example_dags/example_branch_operator.py
[2024-06-25T05:48:03.065+0000] {processor.py:840} INFO - DAG(s) 'example_branch_operator' retrieved from /home/airflow/.local/lib/python3.12/site-packages/airflow/example_dags/example_branch_operator.py
[2024-06-25T05:48:03.096+0000] {logging_mixin.py:188} INFO - [2024-06-25T05:48:03.095+0000] {dag.py:3096} INFO - Sync 1 DAGs
[2024-06-25T05:48:03.132+0000] {logging_mixin.py:188} INFO - [2024-06-25T05:48:03.132+0000] {dag.py:3954} INFO - Setting next_dagrun for example_branch_operator to 2024-06-24 00:00:00+00:00, run_after=2024-06-25 00:00:00+00:00
[2024-06-25T05:48:03.184+0000] {processor.py:183} INFO - Processing /home/airflow/.local/lib/python3.12/site-packages/airflow/example_dags/example_branch_operator.py took 0.336 seconds
[2024-06-25T05:48:33.342+0000] {processor.py:161} INFO - Started process (PID=609) to work on /home/airflow/.local/lib/python3.12/site-packages/airflow/example_dags/example_branch_operator.py
[2024-06-25T05:48:33.346+0000] {processor.py:830} INFO - Processing file /home/airflow/.local/lib/python3.12/site-packages/airflow/example_dags/example_branch_operator.py for tasks to queue
[2024-06-25T05:48:33.355+0000] {logging_mixin.py:188} INFO - [2024-06-25T05:48:33.354+0000] {dagbag.py:545} INFO - Filling up the DagBag from /home/airflow/.local/lib/python3.12/site-packages/airflow/example_dags/example_branch_operator.py
[2024-06-25T05:48:33.428+0000] {processor.py:840} INFO - DAG(s) 'example_branch_operator' retrieved from /home/airflow/.local/lib/python3.12/site-packages/airflow/example_dags/example_branch_operator.py
[2024-06-25T05:48:33.505+0000] {logging_mixin.py:188} INFO - [2024-06-25T05:48:33.505+0000] {dag.py:3096} INFO - Sync 1 DAGs
[2024-06-25T05:48:33.559+0000] {logging_mixin.py:188} INFO - [2024-06-25T05:48:33.558+0000] {dag.py:3954} INFO - Setting next_dagrun for example_branch_operator to 2024-06-24 00:00:00+00:00, run_after=2024-06-25 00:00:00+00:00
[2024-06-25T05:48:33.613+0000] {processor.py:183} INFO - Processing /home/airflow/.local/lib/python3.12/site-packages/airflow/example_dags/example_branch_operator.py took 0.302 seconds
[2024-06-25T05:49:03.736+0000] {processor.py:161} INFO - Started process (PID=667) to work on /home/airflow/.local/lib/python3.12/site-packages/airflow/example_dags/example_branch_operator.py
[2024-06-25T05:49:03.738+0000] {processor.py:830} INFO - Processing file /home/airflow/.local/lib/python3.12/site-packages/airflow/example_dags/example_branch_operator.py for tasks to queue
[2024-06-25T05:49:03.739+0000] {logging_mixin.py:188} INFO - [2024-06-25T05:49:03.739+0000] {dagbag.py:545} INFO - Filling up the DagBag from /home/airflow/.local/lib/python3.12/site-packages/airflow/example_dags/example_branch_operator.py
[2024-06-25T05:49:03.748+0000] {processor.py:840} INFO - DAG(s) 'example_branch_operator' retrieved from /home/airflow/.local/lib/python3.12/site-packages/airflow/example_dags/example_branch_operator.py
[2024-06-25T05:49:03.764+0000] {logging_mixin.py:188} INFO - [2024-06-25T05:49:03.764+0000] {dag.py:3096} INFO - Sync 1 DAGs
[2024-06-25T05:49:03.776+0000] {logging_mixin.py:188} INFO - [2024-06-25T05:49:03.776+0000] {dag.py:3954} INFO - Setting next_dagrun for example_branch_operator to 2024-06-24 00:00:00+00:00, run_after=2024-06-25 00:00:00+00:00
[2024-06-25T05:49:03.785+0000] {processor.py:183} INFO - Processing /home/airflow/.local/lib/python3.12/site-packages/airflow/example_dags/example_branch_operator.py took 0.053 seconds
[2024-06-25T05:49:34.139+0000] {processor.py:161} INFO - Started process (PID=725) to work on /home/airflow/.local/lib/python3.12/site-packages/airflow/example_dags/example_branch_operator.py
[2024-06-25T05:49:34.141+0000] {processor.py:830} INFO - Processing file /home/airflow/.local/lib/python3.12/site-packages/airflow/example_dags/example_branch_operator.py for tasks to queue
[2024-06-25T05:49:34.143+0000] {logging_mixin.py:188} INFO - [2024-06-25T05:49:34.143+0000] {dagbag.py:545} INFO - Filling up the DagBag from /home/airflow/.local/lib/python3.12/site-packages/airflow/example_dags/example_branch_operator.py
[2024-06-25T05:49:34.159+0000] {processor.py:840} INFO - DAG(s) 'example_branch_operator' retrieved from /home/airflow/.local/lib/python3.12/site-packages/airflow/example_dags/example_branch_operator.py
[2024-06-25T05:49:34.178+0000] {logging_mixin.py:188} INFO - [2024-06-25T05:49:34.177+0000] {dag.py:3096} INFO - Sync 1 DAGs
[2024-06-25T05:49:34.191+0000] {logging_mixin.py:188} INFO - [2024-06-25T05:49:34.191+0000] {dag.py:3954} INFO - Setting next_dagrun for example_branch_operator to 2024-06-24 00:00:00+00:00, run_after=2024-06-25 00:00:00+00:00
[2024-06-25T05:49:34.201+0000] {processor.py:183} INFO - Processing /home/airflow/.local/lib/python3.12/site-packages/airflow/example_dags/example_branch_operator.py took 0.072 seconds
[2024-06-25T05:50:04.251+0000] {processor.py:161} INFO - Started process (PID=783) to work on /home/airflow/.local/lib/python3.12/site-packages/airflow/example_dags/example_branch_operator.py
[2024-06-25T05:50:04.252+0000] {processor.py:830} INFO - Processing file /home/airflow/.local/lib/python3.12/site-packages/airflow/example_dags/example_branch_operator.py for tasks to queue
[2024-06-25T05:50:04.254+0000] {logging_mixin.py:188} INFO - [2024-06-25T05:50:04.254+0000] {dagbag.py:545} INFO - Filling up the DagBag from /home/airflow/.local/lib/python3.12/site-packages/airflow/example_dags/example_branch_operator.py
[2024-06-25T05:50:04.270+0000] {processor.py:840} INFO - DAG(s) 'example_branch_operator' retrieved from /home/airflow/.local/lib/python3.12/site-packages/airflow/example_dags/example_branch_operator.py
[2024-06-25T05:50:04.290+0000] {logging_mixin.py:188} INFO - [2024-06-25T05:50:04.290+0000] {dag.py:3096} INFO - Sync 1 DAGs
[2024-06-25T05:50:04.302+0000] {logging_mixin.py:188} INFO - [2024-06-25T05:50:04.302+0000] {dag.py:3954} INFO - Setting next_dagrun for example_branch_operator to 2024-06-24 00:00:00+00:00, run_after=2024-06-25 00:00:00+00:00
[2024-06-25T05:50:04.311+0000] {processor.py:183} INFO - Processing /home/airflow/.local/lib/python3.12/site-packages/airflow/example_dags/example_branch_operator.py took 0.070 seconds
[2024-06-25T05:50:34.366+0000] {processor.py:161} INFO - Started process (PID=841) to work on /home/airflow/.local/lib/python3.12/site-packages/airflow/example_dags/example_branch_operator.py
[2024-06-25T05:50:34.367+0000] {processor.py:830} INFO - Processing file /home/airflow/.local/lib/python3.12/site-packages/airflow/example_dags/example_branch_operator.py for tasks to queue
[2024-06-25T05:50:34.370+0000] {logging_mixin.py:188} INFO - [2024-06-25T05:50:34.370+0000] {dagbag.py:545} INFO - Filling up the DagBag from /home/airflow/.local/lib/python3.12/site-packages/airflow/example_dags/example_branch_operator.py
[2024-06-25T05:50:34.388+0000] {processor.py:840} INFO - DAG(s) 'example_branch_operator' retrieved from /home/airflow/.local/lib/python3.12/site-packages/airflow/example_dags/example_branch_operator.py
[2024-06-25T05:50:34.408+0000] {logging_mixin.py:188} INFO - [2024-06-25T05:50:34.408+0000] {dag.py:3096} INFO - Sync 1 DAGs
[2024-06-25T05:50:34.420+0000] {logging_mixin.py:188} INFO - [2024-06-25T05:50:34.420+0000] {dag.py:3954} INFO - Setting next_dagrun for example_branch_operator to 2024-06-24 00:00:00+00:00, run_after=2024-06-25 00:00:00+00:00
[2024-06-25T05:50:34.428+0000] {processor.py:183} INFO - Processing /home/airflow/.local/lib/python3.12/site-packages/airflow/example_dags/example_branch_operator.py took 0.073 seconds
[2024-06-25T05:51:04.470+0000] {processor.py:161} INFO - Started process (PID=899) to work on /home/airflow/.local/lib/python3.12/site-packages/airflow/example_dags/example_branch_operator.py
[2024-06-25T05:51:04.471+0000] {processor.py:830} INFO - Processing file /home/airflow/.local/lib/python3.12/site-packages/airflow/example_dags/example_branch_operator.py for tasks to queue
[2024-06-25T05:51:04.475+0000] {logging_mixin.py:188} INFO - [2024-06-25T05:51:04.474+0000] {dagbag.py:545} INFO - Filling up the DagBag from /home/airflow/.local/lib/python3.12/site-packages/airflow/example_dags/example_branch_operator.py
[2024-06-25T05:51:04.494+0000] {processor.py:840} INFO - DAG(s) 'example_branch_operator' retrieved from /home/airflow/.local/lib/python3.12/site-packages/airflow/example_dags/example_branch_operator.py
[2024-06-25T05:51:04.555+0000] {logging_mixin.py:188} INFO - [2024-06-25T05:51:04.555+0000] {dag.py:3096} INFO - Sync 1 DAGs
[2024-06-25T05:51:04.582+0000] {logging_mixin.py:188} INFO - [2024-06-25T05:51:04.582+0000] {dag.py:3954} INFO - Setting next_dagrun for example_branch_operator to 2024-06-24 00:00:00+00:00, run_after=2024-06-25 00:00:00+00:00
[2024-06-25T05:51:04.593+0000] {processor.py:183} INFO - Processing /home/airflow/.local/lib/python3.12/site-packages/airflow/example_dags/example_branch_operator.py took 0.133 seconds
[2024-06-25T05:51:35.338+0000] {processor.py:161} INFO - Started process (PID=957) to work on /home/airflow/.local/lib/python3.12/site-packages/airflow/example_dags/example_branch_operator.py
[2024-06-25T05:51:35.339+0000] {processor.py:830} INFO - Processing file /home/airflow/.local/lib/python3.12/site-packages/airflow/example_dags/example_branch_operator.py for tasks to queue
[2024-06-25T05:51:35.342+0000] {logging_mixin.py:188} INFO - [2024-06-25T05:51:35.342+0000] {dagbag.py:545} INFO - Filling up the DagBag from /home/airflow/.local/lib/python3.12/site-packages/airflow/example_dags/example_branch_operator.py
[2024-06-25T05:51:35.361+0000] {processor.py:840} INFO - DAG(s) 'example_branch_operator' retrieved from /home/airflow/.local/lib/python3.12/site-packages/airflow/example_dags/example_branch_operator.py
[2024-06-25T05:51:35.383+0000] {logging_mixin.py:188} INFO - [2024-06-25T05:51:35.383+0000] {dag.py:3096} INFO - Sync 1 DAGs
[2024-06-25T05:51:35.401+0000] {logging_mixin.py:188} INFO - [2024-06-25T05:51:35.401+0000] {dag.py:3954} INFO - Setting next_dagrun for example_branch_operator to 2024-06-24 00:00:00+00:00, run_after=2024-06-25 00:00:00+00:00
[2024-06-25T05:51:35.413+0000] {processor.py:183} INFO - Processing /home/airflow/.local/lib/python3.12/site-packages/airflow/example_dags/example_branch_operator.py took 0.081 seconds
[2024-06-25T05:52:05.435+0000] {processor.py:161} INFO - Started process (PID=1015) to work on /home/airflow/.local/lib/python3.12/site-packages/airflow/example_dags/example_branch_operator.py
[2024-06-25T05:52:05.437+0000] {processor.py:830} INFO - Processing file /home/airflow/.local/lib/python3.12/site-packages/airflow/example_dags/example_branch_operator.py for tasks to queue
[2024-06-25T05:52:05.439+0000] {logging_mixin.py:188} INFO - [2024-06-25T05:52:05.439+0000] {dagbag.py:545} INFO - Filling up the DagBag from /home/airflow/.local/lib/python3.12/site-packages/airflow/example_dags/example_branch_operator.py
[2024-06-25T05:52:05.450+0000] {processor.py:840} INFO - DAG(s) 'example_branch_operator' retrieved from /home/airflow/.local/lib/python3.12/site-packages/airflow/example_dags/example_branch_operator.py
[2024-06-25T05:52:05.466+0000] {logging_mixin.py:188} INFO - [2024-06-25T05:52:05.466+0000] {dag.py:3096} INFO - Sync 1 DAGs
[2024-06-25T05:52:05.476+0000] {logging_mixin.py:188} INFO - [2024-06-25T05:52:05.476+0000] {dag.py:3954} INFO - Setting next_dagrun for example_branch_operator to 2024-06-24 00:00:00+00:00, run_after=2024-06-25 00:00:00+00:00
[2024-06-25T05:52:05.485+0000] {processor.py:183} INFO - Processing /home/airflow/.local/lib/python3.12/site-packages/airflow/example_dags/example_branch_operator.py took 0.055 seconds
[2024-06-25T05:52:36.166+0000] {processor.py:161} INFO - Started process (PID=1073) to work on /home/airflow/.local/lib/python3.12/site-packages/airflow/example_dags/example_branch_operator.py
[2024-06-25T05:52:36.169+0000] {processor.py:830} INFO - Processing file /home/airflow/.local/lib/python3.12/site-packages/airflow/example_dags/example_branch_operator.py for tasks to queue
[2024-06-25T05:52:36.172+0000] {logging_mixin.py:188} INFO - [2024-06-25T05:52:36.172+0000] {dagbag.py:545} INFO - Filling up the DagBag from /home/airflow/.local/lib/python3.12/site-packages/airflow/example_dags/example_branch_operator.py
[2024-06-25T05:52:36.193+0000] {processor.py:840} INFO - DAG(s) 'example_branch_operator' retrieved from /home/airflow/.local/lib/python3.12/site-packages/airflow/example_dags/example_branch_operator.py
[2024-06-25T05:52:36.231+0000] {logging_mixin.py:188} INFO - [2024-06-25T05:52:36.231+0000] {dag.py:3096} INFO - Sync 1 DAGs
[2024-06-25T05:52:36.255+0000] {logging_mixin.py:188} INFO - [2024-06-25T05:52:36.255+0000] {dag.py:3954} INFO - Setting next_dagrun for example_branch_operator to 2024-06-24 00:00:00+00:00, run_after=2024-06-25 00:00:00+00:00
[2024-06-25T05:52:36.270+0000] {processor.py:183} INFO - Processing /home/airflow/.local/lib/python3.12/site-packages/airflow/example_dags/example_branch_operator.py took 0.113 seconds
[2024-06-25T05:53:06.852+0000] {processor.py:161} INFO - Started process (PID=1131) to work on /home/airflow/.local/lib/python3.12/site-packages/airflow/example_dags/example_branch_operator.py
[2024-06-25T05:53:06.854+0000] {processor.py:830} INFO - Processing file /home/airflow/.local/lib/python3.12/site-packages/airflow/example_dags/example_branch_operator.py for tasks to queue
[2024-06-25T05:53:06.856+0000] {logging_mixin.py:188} INFO - [2024-06-25T05:53:06.856+0000] {dagbag.py:545} INFO - Filling up the DagBag from /home/airflow/.local/lib/python3.12/site-packages/airflow/example_dags/example_branch_operator.py
[2024-06-25T05:53:06.872+0000] {processor.py:840} INFO - DAG(s) 'example_branch_operator' retrieved from /home/airflow/.local/lib/python3.12/site-packages/airflow/example_dags/example_branch_operator.py
[2024-06-25T05:53:06.892+0000] {logging_mixin.py:188} INFO - [2024-06-25T05:53:06.892+0000] {dag.py:3096} INFO - Sync 1 DAGs
[2024-06-25T05:53:06.904+0000] {logging_mixin.py:188} INFO - [2024-06-25T05:53:06.903+0000] {dag.py:3954} INFO - Setting next_dagrun for example_branch_operator to 2024-06-24 00:00:00+00:00, run_after=2024-06-25 00:00:00+00:00
[2024-06-25T05:53:06.913+0000] {processor.py:183} INFO - Processing /home/airflow/.local/lib/python3.12/site-packages/airflow/example_dags/example_branch_operator.py took 0.070 seconds
[2024-06-25T05:53:36.968+0000] {processor.py:161} INFO - Started process (PID=1189) to work on /home/airflow/.local/lib/python3.12/site-packages/airflow/example_dags/example_branch_operator.py
[2024-06-25T05:53:36.971+0000] {processor.py:830} INFO - Processing file /home/airflow/.local/lib/python3.12/site-packages/airflow/example_dags/example_branch_operator.py for tasks to queue
[2024-06-25T05:53:36.975+0000] {logging_mixin.py:188} INFO - [2024-06-25T05:53:36.974+0000] {dagbag.py:545} INFO - Filling up the DagBag from /home/airflow/.local/lib/python3.12/site-packages/airflow/example_dags/example_branch_operator.py
[2024-06-25T05:53:36.997+0000] {processor.py:840} INFO - DAG(s) 'example_branch_operator' retrieved from /home/airflow/.local/lib/python3.12/site-packages/airflow/example_dags/example_branch_operator.py
[2024-06-25T05:53:37.016+0000] {logging_mixin.py:188} INFO - [2024-06-25T05:53:37.016+0000] {dag.py:3096} INFO - Sync 1 DAGs
[2024-06-25T05:53:37.036+0000] {logging_mixin.py:188} INFO - [2024-06-25T05:53:37.036+0000] {dag.py:3954} INFO - Setting next_dagrun for example_branch_operator to 2024-06-24 00:00:00+00:00, run_after=2024-06-25 00:00:00+00:00
[2024-06-25T05:53:37.048+0000] {processor.py:183} INFO - Processing /home/airflow/.local/lib/python3.12/site-packages/airflow/example_dags/example_branch_operator.py took 0.092 seconds
[2024-06-25T05:54:07.819+0000] {processor.py:161} INFO - Started process (PID=1247) to work on /home/airflow/.local/lib/python3.12/site-packages/airflow/example_dags/example_branch_operator.py
[2024-06-25T05:54:07.821+0000] {processor.py:830} INFO - Processing file /home/airflow/.local/lib/python3.12/site-packages/airflow/example_dags/example_branch_operator.py for tasks to queue
[2024-06-25T05:54:07.826+0000] {logging_mixin.py:188} INFO - [2024-06-25T05:54:07.825+0000] {dagbag.py:545} INFO - Filling up the DagBag from /home/airflow/.local/lib/python3.12/site-packages/airflow/example_dags/example_branch_operator.py
[2024-06-25T05:54:07.853+0000] {processor.py:840} INFO - DAG(s) 'example_branch_operator' retrieved from /home/airflow/.local/lib/python3.12/site-packages/airflow/example_dags/example_branch_operator.py
[2024-06-25T05:54:07.882+0000] {logging_mixin.py:188} INFO - [2024-06-25T05:54:07.882+0000] {dag.py:3096} INFO - Sync 1 DAGs
[2024-06-25T05:54:07.899+0000] {logging_mixin.py:188} INFO - [2024-06-25T05:54:07.899+0000] {dag.py:3954} INFO - Setting next_dagrun for example_branch_operator to 2024-06-24 00:00:00+00:00, run_after=2024-06-25 00:00:00+00:00
[2024-06-25T05:54:07.912+0000] {processor.py:183} INFO - Processing /home/airflow/.local/lib/python3.12/site-packages/airflow/example_dags/example_branch_operator.py took 0.105 seconds
[2024-06-25T05:54:38.044+0000] {processor.py:161} INFO - Started process (PID=1304) to work on /home/airflow/.local/lib/python3.12/site-packages/airflow/example_dags/example_branch_operator.py
[2024-06-25T05:54:38.046+0000] {processor.py:830} INFO - Processing file /home/airflow/.local/lib/python3.12/site-packages/airflow/example_dags/example_branch_operator.py for tasks to queue
[2024-06-25T05:54:38.048+0000] {logging_mixin.py:188} INFO - [2024-06-25T05:54:38.048+0000] {dagbag.py:545} INFO - Filling up the DagBag from /home/airflow/.local/lib/python3.12/site-packages/airflow/example_dags/example_branch_operator.py
[2024-06-25T05:54:38.063+0000] {processor.py:840} INFO - DAG(s) 'example_branch_operator' retrieved from /home/airflow/.local/lib/python3.12/site-packages/airflow/example_dags/example_branch_operator.py
[2024-06-25T05:54:38.082+0000] {logging_mixin.py:188} INFO - [2024-06-25T05:54:38.082+0000] {dag.py:3096} INFO - Sync 1 DAGs
[2024-06-25T05:54:38.094+0000] {logging_mixin.py:188} INFO - [2024-06-25T05:54:38.094+0000] {dag.py:3954} INFO - Setting next_dagrun for example_branch_operator to 2024-06-24 00:00:00+00:00, run_after=2024-06-25 00:00:00+00:00
[2024-06-25T05:54:38.103+0000] {processor.py:183} INFO - Processing /home/airflow/.local/lib/python3.12/site-packages/airflow/example_dags/example_branch_operator.py took 0.068 seconds
[2024-06-25T05:55:08.186+0000] {processor.py:161} INFO - Started process (PID=1362) to work on /home/airflow/.local/lib/python3.12/site-packages/airflow/example_dags/example_branch_operator.py
[2024-06-25T05:55:08.189+0000] {processor.py:830} INFO - Processing file /home/airflow/.local/lib/python3.12/site-packages/airflow/example_dags/example_branch_operator.py for tasks to queue
[2024-06-25T05:55:08.193+0000] {logging_mixin.py:188} INFO - [2024-06-25T05:55:08.193+0000] {dagbag.py:545} INFO - Filling up the DagBag from /home/airflow/.local/lib/python3.12/site-packages/airflow/example_dags/example_branch_operator.py
[2024-06-25T05:55:08.216+0000] {processor.py:840} INFO - DAG(s) 'example_branch_operator' retrieved from /home/airflow/.local/lib/python3.12/site-packages/airflow/example_dags/example_branch_operator.py
[2024-06-25T05:55:08.239+0000] {logging_mixin.py:188} INFO - [2024-06-25T05:55:08.238+0000] {dag.py:3096} INFO - Sync 1 DAGs
[2024-06-25T05:55:08.254+0000] {logging_mixin.py:188} INFO - [2024-06-25T05:55:08.254+0000] {dag.py:3954} INFO - Setting next_dagrun for example_branch_operator to 2024-06-24 00:00:00+00:00, run_after=2024-06-25 00:00:00+00:00
[2024-06-25T05:55:08.264+0000] {processor.py:183} INFO - Processing /home/airflow/.local/lib/python3.12/site-packages/airflow/example_dags/example_branch_operator.py took 0.091 seconds
[2024-06-25T05:55:39.082+0000] {processor.py:161} INFO - Started process (PID=1420) to work on /home/airflow/.local/lib/python3.12/site-packages/airflow/example_dags/example_branch_operator.py
[2024-06-25T05:55:39.084+0000] {processor.py:830} INFO - Processing file /home/airflow/.local/lib/python3.12/site-packages/airflow/example_dags/example_branch_operator.py for tasks to queue
[2024-06-25T05:55:39.088+0000] {logging_mixin.py:188} INFO - [2024-06-25T05:55:39.087+0000] {dagbag.py:545} INFO - Filling up the DagBag from /home/airflow/.local/lib/python3.12/site-packages/airflow/example_dags/example_branch_operator.py
[2024-06-25T05:55:39.113+0000] {processor.py:840} INFO - DAG(s) 'example_branch_operator' retrieved from /home/airflow/.local/lib/python3.12/site-packages/airflow/example_dags/example_branch_operator.py
[2024-06-25T05:55:39.134+0000] {logging_mixin.py:188} INFO - [2024-06-25T05:55:39.134+0000] {dag.py:3096} INFO - Sync 1 DAGs
[2024-06-25T05:55:39.150+0000] {logging_mixin.py:188} INFO - [2024-06-25T05:55:39.150+0000] {dag.py:3954} INFO - Setting next_dagrun for example_branch_operator to 2024-06-24 00:00:00+00:00, run_after=2024-06-25 00:00:00+00:00
[2024-06-25T05:55:39.161+0000] {processor.py:183} INFO - Processing /home/airflow/.local/lib/python3.12/site-packages/airflow/example_dags/example_branch_operator.py took 0.091 seconds
[2024-06-25T05:56:09.330+0000] {processor.py:161} INFO - Started process (PID=1478) to work on /home/airflow/.local/lib/python3.12/site-packages/airflow/example_dags/example_branch_operator.py
[2024-06-25T05:56:09.332+0000] {processor.py:830} INFO - Processing file /home/airflow/.local/lib/python3.12/site-packages/airflow/example_dags/example_branch_operator.py for tasks to queue
[2024-06-25T05:56:09.336+0000] {logging_mixin.py:188} INFO - [2024-06-25T05:56:09.335+0000] {dagbag.py:545} INFO - Filling up the DagBag from /home/airflow/.local/lib/python3.12/site-packages/airflow/example_dags/example_branch_operator.py
[2024-06-25T05:56:09.354+0000] {processor.py:840} INFO - DAG(s) 'example_branch_operator' retrieved from /home/airflow/.local/lib/python3.12/site-packages/airflow/example_dags/example_branch_operator.py
[2024-06-25T05:56:09.374+0000] {logging_mixin.py:188} INFO - [2024-06-25T05:56:09.374+0000] {dag.py:3096} INFO - Sync 1 DAGs
[2024-06-25T05:56:09.388+0000] {logging_mixin.py:188} INFO - [2024-06-25T05:56:09.388+0000] {dag.py:3954} INFO - Setting next_dagrun for example_branch_operator to 2024-06-24 00:00:00+00:00, run_after=2024-06-25 00:00:00+00:00
[2024-06-25T05:56:09.402+0000] {processor.py:183} INFO - Processing /home/airflow/.local/lib/python3.12/site-packages/airflow/example_dags/example_branch_operator.py took 0.084 seconds
[2024-06-25T05:56:40.096+0000] {processor.py:161} INFO - Started process (PID=1536) to work on /home/airflow/.local/lib/python3.12/site-packages/airflow/example_dags/example_branch_operator.py
[2024-06-25T05:56:40.097+0000] {processor.py:830} INFO - Processing file /home/airflow/.local/lib/python3.12/site-packages/airflow/example_dags/example_branch_operator.py for tasks to queue
[2024-06-25T05:56:40.099+0000] {logging_mixin.py:188} INFO - [2024-06-25T05:56:40.099+0000] {dagbag.py:545} INFO - Filling up the DagBag from /home/airflow/.local/lib/python3.12/site-packages/airflow/example_dags/example_branch_operator.py
[2024-06-25T05:56:40.110+0000] {processor.py:840} INFO - DAG(s) 'example_branch_operator' retrieved from /home/airflow/.local/lib/python3.12/site-packages/airflow/example_dags/example_branch_operator.py
[2024-06-25T05:56:40.128+0000] {logging_mixin.py:188} INFO - [2024-06-25T05:56:40.128+0000] {dag.py:3096} INFO - Sync 1 DAGs
[2024-06-25T05:56:40.139+0000] {logging_mixin.py:188} INFO - [2024-06-25T05:56:40.139+0000] {dag.py:3954} INFO - Setting next_dagrun for example_branch_operator to 2024-06-24 00:00:00+00:00, run_after=2024-06-25 00:00:00+00:00
[2024-06-25T05:56:40.147+0000] {processor.py:183} INFO - Processing /home/airflow/.local/lib/python3.12/site-packages/airflow/example_dags/example_branch_operator.py took 0.056 seconds
[2024-06-25T05:57:10.793+0000] {processor.py:161} INFO - Started process (PID=1594) to work on /home/airflow/.local/lib/python3.12/site-packages/airflow/example_dags/example_branch_operator.py
[2024-06-25T05:57:10.797+0000] {processor.py:830} INFO - Processing file /home/airflow/.local/lib/python3.12/site-packages/airflow/example_dags/example_branch_operator.py for tasks to queue
[2024-06-25T05:57:10.801+0000] {logging_mixin.py:188} INFO - [2024-06-25T05:57:10.800+0000] {dagbag.py:545} INFO - Filling up the DagBag from /home/airflow/.local/lib/python3.12/site-packages/airflow/example_dags/example_branch_operator.py
[2024-06-25T05:57:10.820+0000] {processor.py:840} INFO - DAG(s) 'example_branch_operator' retrieved from /home/airflow/.local/lib/python3.12/site-packages/airflow/example_dags/example_branch_operator.py
[2024-06-25T05:57:10.840+0000] {logging_mixin.py:188} INFO - [2024-06-25T05:57:10.840+0000] {dag.py:3096} INFO - Sync 1 DAGs
[2024-06-25T05:57:10.853+0000] {logging_mixin.py:188} INFO - [2024-06-25T05:57:10.853+0000] {dag.py:3954} INFO - Setting next_dagrun for example_branch_operator to 2024-06-24 00:00:00+00:00, run_after=2024-06-25 00:00:00+00:00
[2024-06-25T05:57:10.862+0000] {processor.py:183} INFO - Processing /home/airflow/.local/lib/python3.12/site-packages/airflow/example_dags/example_branch_operator.py took 0.080 seconds
[2024-06-25T05:57:41.555+0000] {processor.py:161} INFO - Started process (PID=1652) to work on /home/airflow/.local/lib/python3.12/site-packages/airflow/example_dags/example_branch_operator.py
[2024-06-25T05:57:41.556+0000] {processor.py:830} INFO - Processing file /home/airflow/.local/lib/python3.12/site-packages/airflow/example_dags/example_branch_operator.py for tasks to queue
[2024-06-25T05:57:41.559+0000] {logging_mixin.py:188} INFO - [2024-06-25T05:57:41.558+0000] {dagbag.py:545} INFO - Filling up the DagBag from /home/airflow/.local/lib/python3.12/site-packages/airflow/example_dags/example_branch_operator.py
[2024-06-25T05:57:41.575+0000] {processor.py:840} INFO - DAG(s) 'example_branch_operator' retrieved from /home/airflow/.local/lib/python3.12/site-packages/airflow/example_dags/example_branch_operator.py
[2024-06-25T05:57:41.595+0000] {logging_mixin.py:188} INFO - [2024-06-25T05:57:41.595+0000] {dag.py:3096} INFO - Sync 1 DAGs
[2024-06-25T05:57:41.608+0000] {logging_mixin.py:188} INFO - [2024-06-25T05:57:41.608+0000] {dag.py:3954} INFO - Setting next_dagrun for example_branch_operator to 2024-06-24 00:00:00+00:00, run_after=2024-06-25 00:00:00+00:00
[2024-06-25T05:57:41.618+0000] {processor.py:183} INFO - Processing /home/airflow/.local/lib/python3.12/site-packages/airflow/example_dags/example_branch_operator.py took 0.071 seconds
