[2024-06-25T05:41:19.505+0000] {processor.py:161} INFO - Started process (PID=70) to work on /home/airflow/.local/lib/python3.12/site-packages/airflow/example_dags/example_subdag_operator.py
[2024-06-25T05:41:19.506+0000] {processor.py:830} INFO - Processing file /home/airflow/.local/lib/python3.12/site-packages/airflow/example_dags/example_subdag_operator.py for tasks to queue
[2024-06-25T05:41:19.507+0000] {logging_mixin.py:188} INFO - [2024-06-25T05:41:19.507+0000] {dagbag.py:545} INFO - Filling up the DagBag from /home/airflow/.local/lib/python3.12/site-packages/airflow/example_dags/example_subdag_operator.py
[2024-06-25T05:41:19.528+0000] {processor.py:840} INFO - DAG(s) 'example_subdag_operator.section-1', 'example_subdag_operator.section-2', 'example_subdag_operator' retrieved from /home/airflow/.local/lib/python3.12/site-packages/airflow/example_dags/example_subdag_operator.py
[2024-06-25T05:41:19.531+0000] {logging_mixin.py:188} INFO - [2024-06-25T05:41:19.531+0000] {dag.py:3096} INFO - Sync 3 DAGs
[2024-06-25T05:41:19.549+0000] {logging_mixin.py:188} INFO - [2024-06-25T05:41:19.548+0000] {dag.py:3954} INFO - Setting next_dagrun for example_subdag_operator to 2022-01-01 00:00:00+00:00, run_after=2022-01-01 00:00:00+00:00
[2024-06-25T05:41:19.551+0000] {logging_mixin.py:188} INFO - [2024-06-25T05:41:19.551+0000] {dag.py:3954} INFO - Setting next_dagrun for example_subdag_operator.section-1 to None, run_after=None
[2024-06-25T05:41:19.552+0000] {logging_mixin.py:188} INFO - [2024-06-25T05:41:19.552+0000] {dag.py:3954} INFO - Setting next_dagrun for example_subdag_operator.section-2 to None, run_after=None
[2024-06-25T05:41:19.559+0000] {logging_mixin.py:188} INFO - [2024-06-25T05:41:19.559+0000] {dag.py:3096} INFO - Sync 2 DAGs
[2024-06-25T05:41:19.564+0000] {logging_mixin.py:188} INFO - [2024-06-25T05:41:19.564+0000] {dag.py:3954} INFO - Setting next_dagrun for example_subdag_operator.section-1 to None, run_after=None
[2024-06-25T05:41:19.565+0000] {logging_mixin.py:188} INFO - [2024-06-25T05:41:19.565+0000] {dag.py:3954} INFO - Setting next_dagrun for example_subdag_operator.section-2 to None, run_after=None
[2024-06-25T05:41:19.577+0000] {processor.py:183} INFO - Processing /home/airflow/.local/lib/python3.12/site-packages/airflow/example_dags/example_subdag_operator.py took 0.075 seconds
[2024-06-25T05:41:50.457+0000] {processor.py:161} INFO - Started process (PID=128) to work on /home/airflow/.local/lib/python3.12/site-packages/airflow/example_dags/example_subdag_operator.py
[2024-06-25T05:41:50.458+0000] {processor.py:830} INFO - Processing file /home/airflow/.local/lib/python3.12/site-packages/airflow/example_dags/example_subdag_operator.py for tasks to queue
[2024-06-25T05:41:50.459+0000] {logging_mixin.py:188} INFO - [2024-06-25T05:41:50.459+0000] {dagbag.py:545} INFO - Filling up the DagBag from /home/airflow/.local/lib/python3.12/site-packages/airflow/example_dags/example_subdag_operator.py
[2024-06-25T05:41:50.470+0000] {processor.py:840} INFO - DAG(s) 'example_subdag_operator.section-1', 'example_subdag_operator.section-2', 'example_subdag_operator' retrieved from /home/airflow/.local/lib/python3.12/site-packages/airflow/example_dags/example_subdag_operator.py
[2024-06-25T05:41:50.513+0000] {logging_mixin.py:188} INFO - [2024-06-25T05:41:50.513+0000] {dag.py:3096} INFO - Sync 3 DAGs
[2024-06-25T05:41:50.523+0000] {logging_mixin.py:188} INFO - [2024-06-25T05:41:50.523+0000] {dag.py:3954} INFO - Setting next_dagrun for example_subdag_operator to 2022-01-01 00:00:00+00:00, run_after=2022-01-01 00:00:00+00:00
[2024-06-25T05:41:50.524+0000] {logging_mixin.py:188} INFO - [2024-06-25T05:41:50.524+0000] {dag.py:3954} INFO - Setting next_dagrun for example_subdag_operator.section-1 to None, run_after=None
[2024-06-25T05:41:50.525+0000] {logging_mixin.py:188} INFO - [2024-06-25T05:41:50.525+0000] {dag.py:3954} INFO - Setting next_dagrun for example_subdag_operator.section-2 to None, run_after=None
[2024-06-25T05:41:50.529+0000] {logging_mixin.py:188} INFO - [2024-06-25T05:41:50.529+0000] {dag.py:3096} INFO - Sync 2 DAGs
[2024-06-25T05:41:50.531+0000] {logging_mixin.py:188} INFO - [2024-06-25T05:41:50.531+0000] {dag.py:3954} INFO - Setting next_dagrun for example_subdag_operator.section-1 to None, run_after=None
[2024-06-25T05:41:50.531+0000] {logging_mixin.py:188} INFO - [2024-06-25T05:41:50.531+0000] {dag.py:3954} INFO - Setting next_dagrun for example_subdag_operator.section-2 to None, run_after=None
[2024-06-25T05:41:50.536+0000] {processor.py:183} INFO - Processing /home/airflow/.local/lib/python3.12/site-packages/airflow/example_dags/example_subdag_operator.py took 0.081 seconds
[2024-06-25T05:42:20.583+0000] {processor.py:161} INFO - Started process (PID=186) to work on /home/airflow/.local/lib/python3.12/site-packages/airflow/example_dags/example_subdag_operator.py
[2024-06-25T05:42:20.584+0000] {processor.py:830} INFO - Processing file /home/airflow/.local/lib/python3.12/site-packages/airflow/example_dags/example_subdag_operator.py for tasks to queue
[2024-06-25T05:42:20.585+0000] {logging_mixin.py:188} INFO - [2024-06-25T05:42:20.585+0000] {dagbag.py:545} INFO - Filling up the DagBag from /home/airflow/.local/lib/python3.12/site-packages/airflow/example_dags/example_subdag_operator.py
[2024-06-25T05:42:20.597+0000] {processor.py:840} INFO - DAG(s) 'example_subdag_operator.section-1', 'example_subdag_operator.section-2', 'example_subdag_operator' retrieved from /home/airflow/.local/lib/python3.12/site-packages/airflow/example_dags/example_subdag_operator.py
[2024-06-25T05:42:20.605+0000] {logging_mixin.py:188} INFO - [2024-06-25T05:42:20.605+0000] {dag.py:3096} INFO - Sync 3 DAGs
[2024-06-25T05:42:20.614+0000] {logging_mixin.py:188} INFO - [2024-06-25T05:42:20.614+0000] {dag.py:3954} INFO - Setting next_dagrun for example_subdag_operator to 2022-01-01 00:00:00+00:00, run_after=2022-01-01 00:00:00+00:00
[2024-06-25T05:42:20.618+0000] {logging_mixin.py:188} INFO - [2024-06-25T05:42:20.618+0000] {dag.py:3954} INFO - Setting next_dagrun for example_subdag_operator.section-1 to None, run_after=None
[2024-06-25T05:42:20.619+0000] {logging_mixin.py:188} INFO - [2024-06-25T05:42:20.619+0000] {dag.py:3954} INFO - Setting next_dagrun for example_subdag_operator.section-2 to None, run_after=None
[2024-06-25T05:42:20.623+0000] {logging_mixin.py:188} INFO - [2024-06-25T05:42:20.622+0000] {dag.py:3096} INFO - Sync 2 DAGs
[2024-06-25T05:42:20.625+0000] {logging_mixin.py:188} INFO - [2024-06-25T05:42:20.625+0000] {dag.py:3954} INFO - Setting next_dagrun for example_subdag_operator.section-1 to None, run_after=None
[2024-06-25T05:42:20.626+0000] {logging_mixin.py:188} INFO - [2024-06-25T05:42:20.626+0000] {dag.py:3954} INFO - Setting next_dagrun for example_subdag_operator.section-2 to None, run_after=None
[2024-06-25T05:42:20.630+0000] {processor.py:183} INFO - Processing /home/airflow/.local/lib/python3.12/site-packages/airflow/example_dags/example_subdag_operator.py took 0.049 seconds
[2024-06-25T05:42:50.778+0000] {processor.py:161} INFO - Started process (PID=244) to work on /home/airflow/.local/lib/python3.12/site-packages/airflow/example_dags/example_subdag_operator.py
[2024-06-25T05:42:50.779+0000] {processor.py:830} INFO - Processing file /home/airflow/.local/lib/python3.12/site-packages/airflow/example_dags/example_subdag_operator.py for tasks to queue
[2024-06-25T05:42:50.780+0000] {logging_mixin.py:188} INFO - [2024-06-25T05:42:50.780+0000] {dagbag.py:545} INFO - Filling up the DagBag from /home/airflow/.local/lib/python3.12/site-packages/airflow/example_dags/example_subdag_operator.py
[2024-06-25T05:42:50.792+0000] {processor.py:840} INFO - DAG(s) 'example_subdag_operator.section-1', 'example_subdag_operator.section-2', 'example_subdag_operator' retrieved from /home/airflow/.local/lib/python3.12/site-packages/airflow/example_dags/example_subdag_operator.py
[2024-06-25T05:42:50.800+0000] {logging_mixin.py:188} INFO - [2024-06-25T05:42:50.800+0000] {dag.py:3096} INFO - Sync 3 DAGs
[2024-06-25T05:42:50.811+0000] {logging_mixin.py:188} INFO - [2024-06-25T05:42:50.811+0000] {dag.py:3954} INFO - Setting next_dagrun for example_subdag_operator to 2022-01-01 00:00:00+00:00, run_after=2022-01-01 00:00:00+00:00
[2024-06-25T05:42:50.813+0000] {logging_mixin.py:188} INFO - [2024-06-25T05:42:50.813+0000] {dag.py:3954} INFO - Setting next_dagrun for example_subdag_operator.section-1 to None, run_after=None
[2024-06-25T05:42:50.814+0000] {logging_mixin.py:188} INFO - [2024-06-25T05:42:50.814+0000] {dag.py:3954} INFO - Setting next_dagrun for example_subdag_operator.section-2 to None, run_after=None
[2024-06-25T05:42:50.818+0000] {logging_mixin.py:188} INFO - [2024-06-25T05:42:50.818+0000] {dag.py:3096} INFO - Sync 2 DAGs
[2024-06-25T05:42:50.821+0000] {logging_mixin.py:188} INFO - [2024-06-25T05:42:50.820+0000] {dag.py:3954} INFO - Setting next_dagrun for example_subdag_operator.section-1 to None, run_after=None
[2024-06-25T05:42:50.821+0000] {logging_mixin.py:188} INFO - [2024-06-25T05:42:50.821+0000] {dag.py:3954} INFO - Setting next_dagrun for example_subdag_operator.section-2 to None, run_after=None
[2024-06-25T05:42:50.827+0000] {processor.py:183} INFO - Processing /home/airflow/.local/lib/python3.12/site-packages/airflow/example_dags/example_subdag_operator.py took 0.052 seconds
[2024-06-25T05:43:21.478+0000] {processor.py:161} INFO - Started process (PID=69) to work on /home/airflow/.local/lib/python3.12/site-packages/airflow/example_dags/example_subdag_operator.py
[2024-06-25T05:43:21.478+0000] {processor.py:830} INFO - Processing file /home/airflow/.local/lib/python3.12/site-packages/airflow/example_dags/example_subdag_operator.py for tasks to queue
[2024-06-25T05:43:21.480+0000] {logging_mixin.py:188} INFO - [2024-06-25T05:43:21.479+0000] {dagbag.py:545} INFO - Filling up the DagBag from /home/airflow/.local/lib/python3.12/site-packages/airflow/example_dags/example_subdag_operator.py
[2024-06-25T05:43:21.492+0000] {processor.py:840} INFO - DAG(s) 'example_subdag_operator.section-1', 'example_subdag_operator.section-2', 'example_subdag_operator' retrieved from /home/airflow/.local/lib/python3.12/site-packages/airflow/example_dags/example_subdag_operator.py
[2024-06-25T05:43:21.500+0000] {logging_mixin.py:188} INFO - [2024-06-25T05:43:21.499+0000] {dag.py:3096} INFO - Sync 3 DAGs
[2024-06-25T05:43:21.517+0000] {logging_mixin.py:188} INFO - [2024-06-25T05:43:21.516+0000] {dag.py:3954} INFO - Setting next_dagrun for example_subdag_operator to 2022-01-01 00:00:00+00:00, run_after=2022-01-01 00:00:00+00:00
[2024-06-25T05:43:21.521+0000] {logging_mixin.py:188} INFO - [2024-06-25T05:43:21.521+0000] {dag.py:3954} INFO - Setting next_dagrun for example_subdag_operator.section-1 to None, run_after=None
[2024-06-25T05:43:21.522+0000] {logging_mixin.py:188} INFO - [2024-06-25T05:43:21.522+0000] {dag.py:3954} INFO - Setting next_dagrun for example_subdag_operator.section-2 to None, run_after=None
[2024-06-25T05:43:21.526+0000] {logging_mixin.py:188} INFO - [2024-06-25T05:43:21.526+0000] {dag.py:3096} INFO - Sync 2 DAGs
[2024-06-25T05:43:21.529+0000] {logging_mixin.py:188} INFO - [2024-06-25T05:43:21.528+0000] {dag.py:3954} INFO - Setting next_dagrun for example_subdag_operator.section-1 to None, run_after=None
[2024-06-25T05:43:21.529+0000] {logging_mixin.py:188} INFO - [2024-06-25T05:43:21.529+0000] {dag.py:3954} INFO - Setting next_dagrun for example_subdag_operator.section-2 to None, run_after=None
[2024-06-25T05:43:21.535+0000] {processor.py:183} INFO - Processing /home/airflow/.local/lib/python3.12/site-packages/airflow/example_dags/example_subdag_operator.py took 0.060 seconds
[2024-06-25T05:43:52.220+0000] {processor.py:161} INFO - Started process (PID=127) to work on /home/airflow/.local/lib/python3.12/site-packages/airflow/example_dags/example_subdag_operator.py
[2024-06-25T05:43:52.221+0000] {processor.py:830} INFO - Processing file /home/airflow/.local/lib/python3.12/site-packages/airflow/example_dags/example_subdag_operator.py for tasks to queue
[2024-06-25T05:43:52.222+0000] {logging_mixin.py:188} INFO - [2024-06-25T05:43:52.222+0000] {dagbag.py:545} INFO - Filling up the DagBag from /home/airflow/.local/lib/python3.12/site-packages/airflow/example_dags/example_subdag_operator.py
[2024-06-25T05:43:52.233+0000] {processor.py:840} INFO - DAG(s) 'example_subdag_operator.section-1', 'example_subdag_operator.section-2', 'example_subdag_operator' retrieved from /home/airflow/.local/lib/python3.12/site-packages/airflow/example_dags/example_subdag_operator.py
[2024-06-25T05:43:52.235+0000] {logging_mixin.py:188} INFO - [2024-06-25T05:43:52.235+0000] {dag.py:3096} INFO - Sync 3 DAGs
[2024-06-25T05:43:52.244+0000] {logging_mixin.py:188} INFO - [2024-06-25T05:43:52.244+0000] {dag.py:3954} INFO - Setting next_dagrun for example_subdag_operator to 2022-01-01 00:00:00+00:00, run_after=2022-01-01 00:00:00+00:00
[2024-06-25T05:43:52.246+0000] {logging_mixin.py:188} INFO - [2024-06-25T05:43:52.246+0000] {dag.py:3954} INFO - Setting next_dagrun for example_subdag_operator.section-1 to None, run_after=None
[2024-06-25T05:43:52.247+0000] {logging_mixin.py:188} INFO - [2024-06-25T05:43:52.247+0000] {dag.py:3954} INFO - Setting next_dagrun for example_subdag_operator.section-2 to None, run_after=None
[2024-06-25T05:43:52.250+0000] {logging_mixin.py:188} INFO - [2024-06-25T05:43:52.250+0000] {dag.py:3096} INFO - Sync 2 DAGs
[2024-06-25T05:43:52.252+0000] {logging_mixin.py:188} INFO - [2024-06-25T05:43:52.252+0000] {dag.py:3954} INFO - Setting next_dagrun for example_subdag_operator.section-1 to None, run_after=None
[2024-06-25T05:43:52.252+0000] {logging_mixin.py:188} INFO - [2024-06-25T05:43:52.252+0000] {dag.py:3954} INFO - Setting next_dagrun for example_subdag_operator.section-2 to None, run_after=None
[2024-06-25T05:43:52.257+0000] {processor.py:183} INFO - Processing /home/airflow/.local/lib/python3.12/site-packages/airflow/example_dags/example_subdag_operator.py took 0.039 seconds
[2024-06-25T05:44:22.558+0000] {processor.py:161} INFO - Started process (PID=185) to work on /home/airflow/.local/lib/python3.12/site-packages/airflow/example_dags/example_subdag_operator.py
[2024-06-25T05:44:22.559+0000] {processor.py:830} INFO - Processing file /home/airflow/.local/lib/python3.12/site-packages/airflow/example_dags/example_subdag_operator.py for tasks to queue
[2024-06-25T05:44:22.559+0000] {logging_mixin.py:188} INFO - [2024-06-25T05:44:22.559+0000] {dagbag.py:545} INFO - Filling up the DagBag from /home/airflow/.local/lib/python3.12/site-packages/airflow/example_dags/example_subdag_operator.py
[2024-06-25T05:44:22.570+0000] {processor.py:840} INFO - DAG(s) 'example_subdag_operator.section-1', 'example_subdag_operator.section-2', 'example_subdag_operator' retrieved from /home/airflow/.local/lib/python3.12/site-packages/airflow/example_dags/example_subdag_operator.py
[2024-06-25T05:44:22.611+0000] {logging_mixin.py:188} INFO - [2024-06-25T05:44:22.611+0000] {dag.py:3096} INFO - Sync 3 DAGs
[2024-06-25T05:44:22.620+0000] {logging_mixin.py:188} INFO - [2024-06-25T05:44:22.619+0000] {dag.py:3954} INFO - Setting next_dagrun for example_subdag_operator to 2022-01-01 00:00:00+00:00, run_after=2022-01-01 00:00:00+00:00
[2024-06-25T05:44:22.621+0000] {logging_mixin.py:188} INFO - [2024-06-25T05:44:22.621+0000] {dag.py:3954} INFO - Setting next_dagrun for example_subdag_operator.section-1 to None, run_after=None
[2024-06-25T05:44:22.622+0000] {logging_mixin.py:188} INFO - [2024-06-25T05:44:22.621+0000] {dag.py:3954} INFO - Setting next_dagrun for example_subdag_operator.section-2 to None, run_after=None
[2024-06-25T05:44:22.625+0000] {logging_mixin.py:188} INFO - [2024-06-25T05:44:22.625+0000] {dag.py:3096} INFO - Sync 2 DAGs
[2024-06-25T05:44:22.628+0000] {logging_mixin.py:188} INFO - [2024-06-25T05:44:22.627+0000] {dag.py:3954} INFO - Setting next_dagrun for example_subdag_operator.section-1 to None, run_after=None
[2024-06-25T05:44:22.628+0000] {logging_mixin.py:188} INFO - [2024-06-25T05:44:22.628+0000] {dag.py:3954} INFO - Setting next_dagrun for example_subdag_operator.section-2 to None, run_after=None
[2024-06-25T05:44:22.632+0000] {processor.py:183} INFO - Processing /home/airflow/.local/lib/python3.12/site-packages/airflow/example_dags/example_subdag_operator.py took 0.077 seconds
[2024-06-25T05:44:53.266+0000] {processor.py:161} INFO - Started process (PID=243) to work on /home/airflow/.local/lib/python3.12/site-packages/airflow/example_dags/example_subdag_operator.py
[2024-06-25T05:44:53.266+0000] {processor.py:830} INFO - Processing file /home/airflow/.local/lib/python3.12/site-packages/airflow/example_dags/example_subdag_operator.py for tasks to queue
[2024-06-25T05:44:53.267+0000] {logging_mixin.py:188} INFO - [2024-06-25T05:44:53.267+0000] {dagbag.py:545} INFO - Filling up the DagBag from /home/airflow/.local/lib/python3.12/site-packages/airflow/example_dags/example_subdag_operator.py
[2024-06-25T05:44:53.278+0000] {processor.py:840} INFO - DAG(s) 'example_subdag_operator.section-1', 'example_subdag_operator.section-2', 'example_subdag_operator' retrieved from /home/airflow/.local/lib/python3.12/site-packages/airflow/example_dags/example_subdag_operator.py
[2024-06-25T05:44:53.285+0000] {logging_mixin.py:188} INFO - [2024-06-25T05:44:53.285+0000] {dag.py:3096} INFO - Sync 3 DAGs
[2024-06-25T05:44:53.295+0000] {logging_mixin.py:188} INFO - [2024-06-25T05:44:53.295+0000] {dag.py:3954} INFO - Setting next_dagrun for example_subdag_operator to 2022-01-01 00:00:00+00:00, run_after=2022-01-01 00:00:00+00:00
[2024-06-25T05:44:53.297+0000] {logging_mixin.py:188} INFO - [2024-06-25T05:44:53.297+0000] {dag.py:3954} INFO - Setting next_dagrun for example_subdag_operator.section-1 to None, run_after=None
[2024-06-25T05:44:53.297+0000] {logging_mixin.py:188} INFO - [2024-06-25T05:44:53.297+0000] {dag.py:3954} INFO - Setting next_dagrun for example_subdag_operator.section-2 to None, run_after=None
[2024-06-25T05:44:53.301+0000] {logging_mixin.py:188} INFO - [2024-06-25T05:44:53.300+0000] {dag.py:3096} INFO - Sync 2 DAGs
[2024-06-25T05:44:53.303+0000] {logging_mixin.py:188} INFO - [2024-06-25T05:44:53.303+0000] {dag.py:3954} INFO - Setting next_dagrun for example_subdag_operator.section-1 to None, run_after=None
[2024-06-25T05:44:53.304+0000] {logging_mixin.py:188} INFO - [2024-06-25T05:44:53.303+0000] {dag.py:3954} INFO - Setting next_dagrun for example_subdag_operator.section-2 to None, run_after=None
[2024-06-25T05:44:53.308+0000] {processor.py:183} INFO - Processing /home/airflow/.local/lib/python3.12/site-packages/airflow/example_dags/example_subdag_operator.py took 0.045 seconds
[2024-06-25T05:45:24.033+0000] {processor.py:161} INFO - Started process (PID=300) to work on /home/airflow/.local/lib/python3.12/site-packages/airflow/example_dags/example_subdag_operator.py
[2024-06-25T05:45:24.034+0000] {processor.py:830} INFO - Processing file /home/airflow/.local/lib/python3.12/site-packages/airflow/example_dags/example_subdag_operator.py for tasks to queue
[2024-06-25T05:45:24.035+0000] {logging_mixin.py:188} INFO - [2024-06-25T05:45:24.035+0000] {dagbag.py:545} INFO - Filling up the DagBag from /home/airflow/.local/lib/python3.12/site-packages/airflow/example_dags/example_subdag_operator.py
[2024-06-25T05:45:24.046+0000] {processor.py:840} INFO - DAG(s) 'example_subdag_operator.section-1', 'example_subdag_operator.section-2', 'example_subdag_operator' retrieved from /home/airflow/.local/lib/python3.12/site-packages/airflow/example_dags/example_subdag_operator.py
[2024-06-25T05:45:24.053+0000] {logging_mixin.py:188} INFO - [2024-06-25T05:45:24.053+0000] {dag.py:3096} INFO - Sync 3 DAGs
[2024-06-25T05:45:24.064+0000] {logging_mixin.py:188} INFO - [2024-06-25T05:45:24.064+0000] {dag.py:3954} INFO - Setting next_dagrun for example_subdag_operator to 2022-01-01 00:00:00+00:00, run_after=2022-01-01 00:00:00+00:00
[2024-06-25T05:45:24.065+0000] {logging_mixin.py:188} INFO - [2024-06-25T05:45:24.065+0000] {dag.py:3954} INFO - Setting next_dagrun for example_subdag_operator.section-1 to None, run_after=None
[2024-06-25T05:45:24.066+0000] {logging_mixin.py:188} INFO - [2024-06-25T05:45:24.066+0000] {dag.py:3954} INFO - Setting next_dagrun for example_subdag_operator.section-2 to None, run_after=None
[2024-06-25T05:45:24.070+0000] {logging_mixin.py:188} INFO - [2024-06-25T05:45:24.069+0000] {dag.py:3096} INFO - Sync 2 DAGs
[2024-06-25T05:45:24.072+0000] {logging_mixin.py:188} INFO - [2024-06-25T05:45:24.072+0000] {dag.py:3954} INFO - Setting next_dagrun for example_subdag_operator.section-1 to None, run_after=None
[2024-06-25T05:45:24.072+0000] {logging_mixin.py:188} INFO - [2024-06-25T05:45:24.072+0000] {dag.py:3954} INFO - Setting next_dagrun for example_subdag_operator.section-2 to None, run_after=None
[2024-06-25T05:45:24.077+0000] {processor.py:183} INFO - Processing /home/airflow/.local/lib/python3.12/site-packages/airflow/example_dags/example_subdag_operator.py took 0.047 seconds
[2024-06-25T05:45:54.713+0000] {processor.py:161} INFO - Started process (PID=358) to work on /home/airflow/.local/lib/python3.12/site-packages/airflow/example_dags/example_subdag_operator.py
[2024-06-25T05:45:54.714+0000] {processor.py:830} INFO - Processing file /home/airflow/.local/lib/python3.12/site-packages/airflow/example_dags/example_subdag_operator.py for tasks to queue
[2024-06-25T05:45:54.717+0000] {logging_mixin.py:188} INFO - [2024-06-25T05:45:54.716+0000] {dagbag.py:545} INFO - Filling up the DagBag from /home/airflow/.local/lib/python3.12/site-packages/airflow/example_dags/example_subdag_operator.py
[2024-06-25T05:45:54.732+0000] {processor.py:840} INFO - DAG(s) 'example_subdag_operator.section-1', 'example_subdag_operator.section-2', 'example_subdag_operator' retrieved from /home/airflow/.local/lib/python3.12/site-packages/airflow/example_dags/example_subdag_operator.py
[2024-06-25T05:45:54.741+0000] {logging_mixin.py:188} INFO - [2024-06-25T05:45:54.741+0000] {dag.py:3096} INFO - Sync 3 DAGs
[2024-06-25T05:45:54.752+0000] {logging_mixin.py:188} INFO - [2024-06-25T05:45:54.752+0000] {dag.py:3954} INFO - Setting next_dagrun for example_subdag_operator to 2022-01-01 00:00:00+00:00, run_after=2022-01-01 00:00:00+00:00
[2024-06-25T05:45:54.754+0000] {logging_mixin.py:188} INFO - [2024-06-25T05:45:54.754+0000] {dag.py:3954} INFO - Setting next_dagrun for example_subdag_operator.section-1 to None, run_after=None
[2024-06-25T05:45:54.755+0000] {logging_mixin.py:188} INFO - [2024-06-25T05:45:54.755+0000] {dag.py:3954} INFO - Setting next_dagrun for example_subdag_operator.section-2 to None, run_after=None
[2024-06-25T05:45:54.760+0000] {logging_mixin.py:188} INFO - [2024-06-25T05:45:54.760+0000] {dag.py:3096} INFO - Sync 2 DAGs
[2024-06-25T05:45:54.762+0000] {logging_mixin.py:188} INFO - [2024-06-25T05:45:54.762+0000] {dag.py:3954} INFO - Setting next_dagrun for example_subdag_operator.section-1 to None, run_after=None
[2024-06-25T05:45:54.763+0000] {logging_mixin.py:188} INFO - [2024-06-25T05:45:54.762+0000] {dag.py:3954} INFO - Setting next_dagrun for example_subdag_operator.section-2 to None, run_after=None
[2024-06-25T05:45:54.767+0000] {processor.py:183} INFO - Processing /home/airflow/.local/lib/python3.12/site-packages/airflow/example_dags/example_subdag_operator.py took 0.060 seconds
[2024-06-25T05:46:25.655+0000] {processor.py:161} INFO - Started process (PID=416) to work on /home/airflow/.local/lib/python3.12/site-packages/airflow/example_dags/example_subdag_operator.py
[2024-06-25T05:46:25.657+0000] {processor.py:830} INFO - Processing file /home/airflow/.local/lib/python3.12/site-packages/airflow/example_dags/example_subdag_operator.py for tasks to queue
[2024-06-25T05:46:25.659+0000] {logging_mixin.py:188} INFO - [2024-06-25T05:46:25.659+0000] {dagbag.py:545} INFO - Filling up the DagBag from /home/airflow/.local/lib/python3.12/site-packages/airflow/example_dags/example_subdag_operator.py
[2024-06-25T05:46:25.675+0000] {processor.py:840} INFO - DAG(s) 'example_subdag_operator.section-1', 'example_subdag_operator.section-2', 'example_subdag_operator' retrieved from /home/airflow/.local/lib/python3.12/site-packages/airflow/example_dags/example_subdag_operator.py
[2024-06-25T05:46:25.687+0000] {logging_mixin.py:188} INFO - [2024-06-25T05:46:25.687+0000] {dag.py:3096} INFO - Sync 3 DAGs
[2024-06-25T05:46:25.708+0000] {logging_mixin.py:188} INFO - [2024-06-25T05:46:25.708+0000] {dag.py:3954} INFO - Setting next_dagrun for example_subdag_operator to 2022-01-01 00:00:00+00:00, run_after=2022-01-01 00:00:00+00:00
[2024-06-25T05:46:25.712+0000] {logging_mixin.py:188} INFO - [2024-06-25T05:46:25.712+0000] {dag.py:3954} INFO - Setting next_dagrun for example_subdag_operator.section-1 to None, run_after=None
[2024-06-25T05:46:25.715+0000] {logging_mixin.py:188} INFO - [2024-06-25T05:46:25.715+0000] {dag.py:3954} INFO - Setting next_dagrun for example_subdag_operator.section-2 to None, run_after=None
[2024-06-25T05:46:25.722+0000] {logging_mixin.py:188} INFO - [2024-06-25T05:46:25.722+0000] {dag.py:3096} INFO - Sync 2 DAGs
[2024-06-25T05:46:25.726+0000] {logging_mixin.py:188} INFO - [2024-06-25T05:46:25.726+0000] {dag.py:3954} INFO - Setting next_dagrun for example_subdag_operator.section-1 to None, run_after=None
[2024-06-25T05:46:25.726+0000] {logging_mixin.py:188} INFO - [2024-06-25T05:46:25.726+0000] {dag.py:3954} INFO - Setting next_dagrun for example_subdag_operator.section-2 to None, run_after=None
[2024-06-25T05:46:25.732+0000] {processor.py:183} INFO - Processing /home/airflow/.local/lib/python3.12/site-packages/airflow/example_dags/example_subdag_operator.py took 0.081 seconds
[2024-06-25T05:46:55.755+0000] {processor.py:161} INFO - Started process (PID=475) to work on /home/airflow/.local/lib/python3.12/site-packages/airflow/example_dags/example_subdag_operator.py
[2024-06-25T05:46:55.756+0000] {processor.py:830} INFO - Processing file /home/airflow/.local/lib/python3.12/site-packages/airflow/example_dags/example_subdag_operator.py for tasks to queue
[2024-06-25T05:46:55.757+0000] {logging_mixin.py:188} INFO - [2024-06-25T05:46:55.757+0000] {dagbag.py:545} INFO - Filling up the DagBag from /home/airflow/.local/lib/python3.12/site-packages/airflow/example_dags/example_subdag_operator.py
[2024-06-25T05:46:55.771+0000] {processor.py:840} INFO - DAG(s) 'example_subdag_operator.section-1', 'example_subdag_operator.section-2', 'example_subdag_operator' retrieved from /home/airflow/.local/lib/python3.12/site-packages/airflow/example_dags/example_subdag_operator.py
[2024-06-25T05:46:55.782+0000] {logging_mixin.py:188} INFO - [2024-06-25T05:46:55.782+0000] {dag.py:3096} INFO - Sync 3 DAGs
[2024-06-25T05:46:55.793+0000] {logging_mixin.py:188} INFO - [2024-06-25T05:46:55.793+0000] {dag.py:3954} INFO - Setting next_dagrun for example_subdag_operator to 2022-01-01 00:00:00+00:00, run_after=2022-01-01 00:00:00+00:00
[2024-06-25T05:46:55.795+0000] {logging_mixin.py:188} INFO - [2024-06-25T05:46:55.795+0000] {dag.py:3954} INFO - Setting next_dagrun for example_subdag_operator.section-1 to None, run_after=None
[2024-06-25T05:46:55.795+0000] {logging_mixin.py:188} INFO - [2024-06-25T05:46:55.795+0000] {dag.py:3954} INFO - Setting next_dagrun for example_subdag_operator.section-2 to None, run_after=None
[2024-06-25T05:46:55.799+0000] {logging_mixin.py:188} INFO - [2024-06-25T05:46:55.799+0000] {dag.py:3096} INFO - Sync 2 DAGs
[2024-06-25T05:46:55.801+0000] {logging_mixin.py:188} INFO - [2024-06-25T05:46:55.801+0000] {dag.py:3954} INFO - Setting next_dagrun for example_subdag_operator.section-1 to None, run_after=None
[2024-06-25T05:46:55.802+0000] {logging_mixin.py:188} INFO - [2024-06-25T05:46:55.802+0000] {dag.py:3954} INFO - Setting next_dagrun for example_subdag_operator.section-2 to None, run_after=None
[2024-06-25T05:46:55.806+0000] {processor.py:183} INFO - Processing /home/airflow/.local/lib/python3.12/site-packages/airflow/example_dags/example_subdag_operator.py took 0.054 seconds
[2024-06-25T05:47:34.834+0000] {processor.py:161} INFO - Started process (PID=531) to work on /home/airflow/.local/lib/python3.12/site-packages/airflow/example_dags/example_subdag_operator.py
[2024-06-25T05:47:34.836+0000] {processor.py:830} INFO - Processing file /home/airflow/.local/lib/python3.12/site-packages/airflow/example_dags/example_subdag_operator.py for tasks to queue
[2024-06-25T05:47:34.837+0000] {logging_mixin.py:188} INFO - [2024-06-25T05:47:34.837+0000] {dagbag.py:545} INFO - Filling up the DagBag from /home/airflow/.local/lib/python3.12/site-packages/airflow/example_dags/example_subdag_operator.py
[2024-06-25T05:47:34.873+0000] {processor.py:840} INFO - DAG(s) 'example_subdag_operator.section-1', 'example_subdag_operator.section-2', 'example_subdag_operator' retrieved from /home/airflow/.local/lib/python3.12/site-packages/airflow/example_dags/example_subdag_operator.py
[2024-06-25T05:47:34.886+0000] {logging_mixin.py:188} INFO - [2024-06-25T05:47:34.886+0000] {dag.py:3096} INFO - Sync 3 DAGs
[2024-06-25T05:47:34.898+0000] {logging_mixin.py:188} INFO - [2024-06-25T05:47:34.898+0000] {dag.py:3954} INFO - Setting next_dagrun for example_subdag_operator to 2022-01-01 00:00:00+00:00, run_after=2022-01-01 00:00:00+00:00
[2024-06-25T05:47:34.900+0000] {logging_mixin.py:188} INFO - [2024-06-25T05:47:34.900+0000] {dag.py:3954} INFO - Setting next_dagrun for example_subdag_operator.section-1 to None, run_after=None
[2024-06-25T05:47:34.901+0000] {logging_mixin.py:188} INFO - [2024-06-25T05:47:34.901+0000] {dag.py:3954} INFO - Setting next_dagrun for example_subdag_operator.section-2 to None, run_after=None
[2024-06-25T05:47:34.904+0000] {logging_mixin.py:188} INFO - [2024-06-25T05:47:34.904+0000] {dag.py:3096} INFO - Sync 2 DAGs
[2024-06-25T05:47:34.907+0000] {logging_mixin.py:188} INFO - [2024-06-25T05:47:34.906+0000] {dag.py:3954} INFO - Setting next_dagrun for example_subdag_operator.section-1 to None, run_after=None
[2024-06-25T05:47:34.907+0000] {logging_mixin.py:188} INFO - [2024-06-25T05:47:34.907+0000] {dag.py:3954} INFO - Setting next_dagrun for example_subdag_operator.section-2 to None, run_after=None
[2024-06-25T05:47:34.912+0000] {processor.py:183} INFO - Processing /home/airflow/.local/lib/python3.12/site-packages/airflow/example_dags/example_subdag_operator.py took 0.081 seconds
[2024-06-25T05:48:05.704+0000] {processor.py:161} INFO - Started process (PID=590) to work on /home/airflow/.local/lib/python3.12/site-packages/airflow/example_dags/example_subdag_operator.py
[2024-06-25T05:48:05.708+0000] {processor.py:830} INFO - Processing file /home/airflow/.local/lib/python3.12/site-packages/airflow/example_dags/example_subdag_operator.py for tasks to queue
[2024-06-25T05:48:05.709+0000] {logging_mixin.py:188} INFO - [2024-06-25T05:48:05.709+0000] {dagbag.py:545} INFO - Filling up the DagBag from /home/airflow/.local/lib/python3.12/site-packages/airflow/example_dags/example_subdag_operator.py
[2024-06-25T05:48:05.724+0000] {processor.py:840} INFO - DAG(s) 'example_subdag_operator.section-1', 'example_subdag_operator.section-2', 'example_subdag_operator' retrieved from /home/airflow/.local/lib/python3.12/site-packages/airflow/example_dags/example_subdag_operator.py
[2024-06-25T05:48:05.733+0000] {logging_mixin.py:188} INFO - [2024-06-25T05:48:05.733+0000] {dag.py:3096} INFO - Sync 3 DAGs
[2024-06-25T05:48:05.745+0000] {logging_mixin.py:188} INFO - [2024-06-25T05:48:05.745+0000] {dag.py:3954} INFO - Setting next_dagrun for example_subdag_operator to 2022-01-01 00:00:00+00:00, run_after=2022-01-01 00:00:00+00:00
[2024-06-25T05:48:05.747+0000] {logging_mixin.py:188} INFO - [2024-06-25T05:48:05.747+0000] {dag.py:3954} INFO - Setting next_dagrun for example_subdag_operator.section-1 to None, run_after=None
[2024-06-25T05:48:05.748+0000] {logging_mixin.py:188} INFO - [2024-06-25T05:48:05.748+0000] {dag.py:3954} INFO - Setting next_dagrun for example_subdag_operator.section-2 to None, run_after=None
[2024-06-25T05:48:05.753+0000] {logging_mixin.py:188} INFO - [2024-06-25T05:48:05.752+0000] {dag.py:3096} INFO - Sync 2 DAGs
[2024-06-25T05:48:05.755+0000] {logging_mixin.py:188} INFO - [2024-06-25T05:48:05.755+0000] {dag.py:3954} INFO - Setting next_dagrun for example_subdag_operator.section-1 to None, run_after=None
[2024-06-25T05:48:05.757+0000] {logging_mixin.py:188} INFO - [2024-06-25T05:48:05.757+0000] {dag.py:3954} INFO - Setting next_dagrun for example_subdag_operator.section-2 to None, run_after=None
[2024-06-25T05:48:05.763+0000] {processor.py:183} INFO - Processing /home/airflow/.local/lib/python3.12/site-packages/airflow/example_dags/example_subdag_operator.py took 0.061 seconds
[2024-06-25T05:48:36.967+0000] {processor.py:161} INFO - Started process (PID=648) to work on /home/airflow/.local/lib/python3.12/site-packages/airflow/example_dags/example_subdag_operator.py
[2024-06-25T05:48:36.969+0000] {processor.py:830} INFO - Processing file /home/airflow/.local/lib/python3.12/site-packages/airflow/example_dags/example_subdag_operator.py for tasks to queue
[2024-06-25T05:48:36.972+0000] {logging_mixin.py:188} INFO - [2024-06-25T05:48:36.971+0000] {dagbag.py:545} INFO - Filling up the DagBag from /home/airflow/.local/lib/python3.12/site-packages/airflow/example_dags/example_subdag_operator.py
[2024-06-25T05:48:36.986+0000] {processor.py:840} INFO - DAG(s) 'example_subdag_operator.section-1', 'example_subdag_operator.section-2', 'example_subdag_operator' retrieved from /home/airflow/.local/lib/python3.12/site-packages/airflow/example_dags/example_subdag_operator.py
[2024-06-25T05:48:36.996+0000] {logging_mixin.py:188} INFO - [2024-06-25T05:48:36.996+0000] {dag.py:3096} INFO - Sync 3 DAGs
[2024-06-25T05:48:37.020+0000] {logging_mixin.py:188} INFO - [2024-06-25T05:48:37.019+0000] {dag.py:3954} INFO - Setting next_dagrun for example_subdag_operator to 2022-01-01 00:00:00+00:00, run_after=2022-01-01 00:00:00+00:00
[2024-06-25T05:48:37.027+0000] {logging_mixin.py:188} INFO - [2024-06-25T05:48:37.027+0000] {dag.py:3954} INFO - Setting next_dagrun for example_subdag_operator.section-1 to None, run_after=None
[2024-06-25T05:48:37.029+0000] {logging_mixin.py:188} INFO - [2024-06-25T05:48:37.029+0000] {dag.py:3954} INFO - Setting next_dagrun for example_subdag_operator.section-2 to None, run_after=None
[2024-06-25T05:48:37.036+0000] {logging_mixin.py:188} INFO - [2024-06-25T05:48:37.036+0000] {dag.py:3096} INFO - Sync 2 DAGs
[2024-06-25T05:48:37.041+0000] {logging_mixin.py:188} INFO - [2024-06-25T05:48:37.041+0000] {dag.py:3954} INFO - Setting next_dagrun for example_subdag_operator.section-1 to None, run_after=None
[2024-06-25T05:48:37.041+0000] {logging_mixin.py:188} INFO - [2024-06-25T05:48:37.041+0000] {dag.py:3954} INFO - Setting next_dagrun for example_subdag_operator.section-2 to None, run_after=None
[2024-06-25T05:48:37.047+0000] {processor.py:183} INFO - Processing /home/airflow/.local/lib/python3.12/site-packages/airflow/example_dags/example_subdag_operator.py took 0.085 seconds
[2024-06-25T05:49:07.087+0000] {processor.py:161} INFO - Started process (PID=706) to work on /home/airflow/.local/lib/python3.12/site-packages/airflow/example_dags/example_subdag_operator.py
[2024-06-25T05:49:07.087+0000] {processor.py:830} INFO - Processing file /home/airflow/.local/lib/python3.12/site-packages/airflow/example_dags/example_subdag_operator.py for tasks to queue
[2024-06-25T05:49:07.088+0000] {logging_mixin.py:188} INFO - [2024-06-25T05:49:07.088+0000] {dagbag.py:545} INFO - Filling up the DagBag from /home/airflow/.local/lib/python3.12/site-packages/airflow/example_dags/example_subdag_operator.py
[2024-06-25T05:49:07.101+0000] {processor.py:840} INFO - DAG(s) 'example_subdag_operator.section-1', 'example_subdag_operator.section-2', 'example_subdag_operator' retrieved from /home/airflow/.local/lib/python3.12/site-packages/airflow/example_dags/example_subdag_operator.py
[2024-06-25T05:49:07.108+0000] {logging_mixin.py:188} INFO - [2024-06-25T05:49:07.108+0000] {dag.py:3096} INFO - Sync 3 DAGs
[2024-06-25T05:49:07.117+0000] {logging_mixin.py:188} INFO - [2024-06-25T05:49:07.117+0000] {dag.py:3954} INFO - Setting next_dagrun for example_subdag_operator to 2022-01-01 00:00:00+00:00, run_after=2022-01-01 00:00:00+00:00
[2024-06-25T05:49:07.119+0000] {logging_mixin.py:188} INFO - [2024-06-25T05:49:07.119+0000] {dag.py:3954} INFO - Setting next_dagrun for example_subdag_operator.section-1 to None, run_after=None
[2024-06-25T05:49:07.120+0000] {logging_mixin.py:188} INFO - [2024-06-25T05:49:07.120+0000] {dag.py:3954} INFO - Setting next_dagrun for example_subdag_operator.section-2 to None, run_after=None
[2024-06-25T05:49:07.123+0000] {logging_mixin.py:188} INFO - [2024-06-25T05:49:07.123+0000] {dag.py:3096} INFO - Sync 2 DAGs
[2024-06-25T05:49:07.126+0000] {logging_mixin.py:188} INFO - [2024-06-25T05:49:07.126+0000] {dag.py:3954} INFO - Setting next_dagrun for example_subdag_operator.section-1 to None, run_after=None
[2024-06-25T05:49:07.126+0000] {logging_mixin.py:188} INFO - [2024-06-25T05:49:07.126+0000] {dag.py:3954} INFO - Setting next_dagrun for example_subdag_operator.section-2 to None, run_after=None
[2024-06-25T05:49:07.132+0000] {processor.py:183} INFO - Processing /home/airflow/.local/lib/python3.12/site-packages/airflow/example_dags/example_subdag_operator.py took 0.048 seconds
[2024-06-25T05:49:37.288+0000] {processor.py:161} INFO - Started process (PID=764) to work on /home/airflow/.local/lib/python3.12/site-packages/airflow/example_dags/example_subdag_operator.py
[2024-06-25T05:49:37.290+0000] {processor.py:830} INFO - Processing file /home/airflow/.local/lib/python3.12/site-packages/airflow/example_dags/example_subdag_operator.py for tasks to queue
[2024-06-25T05:49:37.291+0000] {logging_mixin.py:188} INFO - [2024-06-25T05:49:37.291+0000] {dagbag.py:545} INFO - Filling up the DagBag from /home/airflow/.local/lib/python3.12/site-packages/airflow/example_dags/example_subdag_operator.py
[2024-06-25T05:49:37.302+0000] {processor.py:840} INFO - DAG(s) 'example_subdag_operator.section-1', 'example_subdag_operator.section-2', 'example_subdag_operator' retrieved from /home/airflow/.local/lib/python3.12/site-packages/airflow/example_dags/example_subdag_operator.py
[2024-06-25T05:49:37.309+0000] {logging_mixin.py:188} INFO - [2024-06-25T05:49:37.309+0000] {dag.py:3096} INFO - Sync 3 DAGs
[2024-06-25T05:49:37.322+0000] {logging_mixin.py:188} INFO - [2024-06-25T05:49:37.322+0000] {dag.py:3954} INFO - Setting next_dagrun for example_subdag_operator to 2022-01-01 00:00:00+00:00, run_after=2022-01-01 00:00:00+00:00
[2024-06-25T05:49:37.324+0000] {logging_mixin.py:188} INFO - [2024-06-25T05:49:37.324+0000] {dag.py:3954} INFO - Setting next_dagrun for example_subdag_operator.section-1 to None, run_after=None
[2024-06-25T05:49:37.325+0000] {logging_mixin.py:188} INFO - [2024-06-25T05:49:37.325+0000] {dag.py:3954} INFO - Setting next_dagrun for example_subdag_operator.section-2 to None, run_after=None
[2024-06-25T05:49:37.330+0000] {logging_mixin.py:188} INFO - [2024-06-25T05:49:37.330+0000] {dag.py:3096} INFO - Sync 2 DAGs
[2024-06-25T05:49:37.333+0000] {logging_mixin.py:188} INFO - [2024-06-25T05:49:37.333+0000] {dag.py:3954} INFO - Setting next_dagrun for example_subdag_operator.section-1 to None, run_after=None
[2024-06-25T05:49:37.333+0000] {logging_mixin.py:188} INFO - [2024-06-25T05:49:37.333+0000] {dag.py:3954} INFO - Setting next_dagrun for example_subdag_operator.section-2 to None, run_after=None
[2024-06-25T05:49:37.339+0000] {processor.py:183} INFO - Processing /home/airflow/.local/lib/python3.12/site-packages/airflow/example_dags/example_subdag_operator.py took 0.054 seconds
[2024-06-25T05:50:07.516+0000] {processor.py:161} INFO - Started process (PID=822) to work on /home/airflow/.local/lib/python3.12/site-packages/airflow/example_dags/example_subdag_operator.py
[2024-06-25T05:50:07.517+0000] {processor.py:830} INFO - Processing file /home/airflow/.local/lib/python3.12/site-packages/airflow/example_dags/example_subdag_operator.py for tasks to queue
[2024-06-25T05:50:07.518+0000] {logging_mixin.py:188} INFO - [2024-06-25T05:50:07.518+0000] {dagbag.py:545} INFO - Filling up the DagBag from /home/airflow/.local/lib/python3.12/site-packages/airflow/example_dags/example_subdag_operator.py
[2024-06-25T05:50:07.529+0000] {processor.py:840} INFO - DAG(s) 'example_subdag_operator.section-1', 'example_subdag_operator.section-2', 'example_subdag_operator' retrieved from /home/airflow/.local/lib/python3.12/site-packages/airflow/example_dags/example_subdag_operator.py
[2024-06-25T05:50:07.537+0000] {logging_mixin.py:188} INFO - [2024-06-25T05:50:07.537+0000] {dag.py:3096} INFO - Sync 3 DAGs
[2024-06-25T05:50:07.548+0000] {logging_mixin.py:188} INFO - [2024-06-25T05:50:07.548+0000] {dag.py:3954} INFO - Setting next_dagrun for example_subdag_operator to 2022-01-01 00:00:00+00:00, run_after=2022-01-01 00:00:00+00:00
[2024-06-25T05:50:07.551+0000] {logging_mixin.py:188} INFO - [2024-06-25T05:50:07.551+0000] {dag.py:3954} INFO - Setting next_dagrun for example_subdag_operator.section-1 to None, run_after=None
[2024-06-25T05:50:07.552+0000] {logging_mixin.py:188} INFO - [2024-06-25T05:50:07.552+0000] {dag.py:3954} INFO - Setting next_dagrun for example_subdag_operator.section-2 to None, run_after=None
[2024-06-25T05:50:07.555+0000] {logging_mixin.py:188} INFO - [2024-06-25T05:50:07.555+0000] {dag.py:3096} INFO - Sync 2 DAGs
[2024-06-25T05:50:07.558+0000] {logging_mixin.py:188} INFO - [2024-06-25T05:50:07.558+0000] {dag.py:3954} INFO - Setting next_dagrun for example_subdag_operator.section-1 to None, run_after=None
[2024-06-25T05:50:07.558+0000] {logging_mixin.py:188} INFO - [2024-06-25T05:50:07.558+0000] {dag.py:3954} INFO - Setting next_dagrun for example_subdag_operator.section-2 to None, run_after=None
[2024-06-25T05:50:07.563+0000] {processor.py:183} INFO - Processing /home/airflow/.local/lib/python3.12/site-packages/airflow/example_dags/example_subdag_operator.py took 0.050 seconds
[2024-06-25T05:50:38.585+0000] {processor.py:161} INFO - Started process (PID=880) to work on /home/airflow/.local/lib/python3.12/site-packages/airflow/example_dags/example_subdag_operator.py
[2024-06-25T05:50:38.586+0000] {processor.py:830} INFO - Processing file /home/airflow/.local/lib/python3.12/site-packages/airflow/example_dags/example_subdag_operator.py for tasks to queue
[2024-06-25T05:50:38.587+0000] {logging_mixin.py:188} INFO - [2024-06-25T05:50:38.587+0000] {dagbag.py:545} INFO - Filling up the DagBag from /home/airflow/.local/lib/python3.12/site-packages/airflow/example_dags/example_subdag_operator.py
[2024-06-25T05:50:38.603+0000] {processor.py:840} INFO - DAG(s) 'example_subdag_operator.section-1', 'example_subdag_operator.section-2', 'example_subdag_operator' retrieved from /home/airflow/.local/lib/python3.12/site-packages/airflow/example_dags/example_subdag_operator.py
[2024-06-25T05:50:38.611+0000] {logging_mixin.py:188} INFO - [2024-06-25T05:50:38.610+0000] {dag.py:3096} INFO - Sync 3 DAGs
[2024-06-25T05:50:38.622+0000] {logging_mixin.py:188} INFO - [2024-06-25T05:50:38.622+0000] {dag.py:3954} INFO - Setting next_dagrun for example_subdag_operator to 2022-01-01 00:00:00+00:00, run_after=2022-01-01 00:00:00+00:00
[2024-06-25T05:50:38.625+0000] {logging_mixin.py:188} INFO - [2024-06-25T05:50:38.625+0000] {dag.py:3954} INFO - Setting next_dagrun for example_subdag_operator.section-1 to None, run_after=None
[2024-06-25T05:50:38.625+0000] {logging_mixin.py:188} INFO - [2024-06-25T05:50:38.625+0000] {dag.py:3954} INFO - Setting next_dagrun for example_subdag_operator.section-2 to None, run_after=None
[2024-06-25T05:50:38.629+0000] {logging_mixin.py:188} INFO - [2024-06-25T05:50:38.629+0000] {dag.py:3096} INFO - Sync 2 DAGs
[2024-06-25T05:50:38.632+0000] {logging_mixin.py:188} INFO - [2024-06-25T05:50:38.632+0000] {dag.py:3954} INFO - Setting next_dagrun for example_subdag_operator.section-1 to None, run_after=None
[2024-06-25T05:50:38.632+0000] {logging_mixin.py:188} INFO - [2024-06-25T05:50:38.632+0000] {dag.py:3954} INFO - Setting next_dagrun for example_subdag_operator.section-2 to None, run_after=None
[2024-06-25T05:50:38.638+0000] {processor.py:183} INFO - Processing /home/airflow/.local/lib/python3.12/site-packages/airflow/example_dags/example_subdag_operator.py took 0.056 seconds
[2024-06-25T05:51:08.723+0000] {processor.py:161} INFO - Started process (PID=938) to work on /home/airflow/.local/lib/python3.12/site-packages/airflow/example_dags/example_subdag_operator.py
[2024-06-25T05:51:08.724+0000] {processor.py:830} INFO - Processing file /home/airflow/.local/lib/python3.12/site-packages/airflow/example_dags/example_subdag_operator.py for tasks to queue
[2024-06-25T05:51:08.725+0000] {logging_mixin.py:188} INFO - [2024-06-25T05:51:08.725+0000] {dagbag.py:545} INFO - Filling up the DagBag from /home/airflow/.local/lib/python3.12/site-packages/airflow/example_dags/example_subdag_operator.py
[2024-06-25T05:51:08.738+0000] {processor.py:840} INFO - DAG(s) 'example_subdag_operator.section-1', 'example_subdag_operator.section-2', 'example_subdag_operator' retrieved from /home/airflow/.local/lib/python3.12/site-packages/airflow/example_dags/example_subdag_operator.py
[2024-06-25T05:51:08.750+0000] {logging_mixin.py:188} INFO - [2024-06-25T05:51:08.750+0000] {dag.py:3096} INFO - Sync 3 DAGs
[2024-06-25T05:51:08.766+0000] {logging_mixin.py:188} INFO - [2024-06-25T05:51:08.766+0000] {dag.py:3954} INFO - Setting next_dagrun for example_subdag_operator to 2022-01-01 00:00:00+00:00, run_after=2022-01-01 00:00:00+00:00
[2024-06-25T05:51:08.769+0000] {logging_mixin.py:188} INFO - [2024-06-25T05:51:08.769+0000] {dag.py:3954} INFO - Setting next_dagrun for example_subdag_operator.section-1 to None, run_after=None
[2024-06-25T05:51:08.770+0000] {logging_mixin.py:188} INFO - [2024-06-25T05:51:08.770+0000] {dag.py:3954} INFO - Setting next_dagrun for example_subdag_operator.section-2 to None, run_after=None
[2024-06-25T05:51:08.775+0000] {logging_mixin.py:188} INFO - [2024-06-25T05:51:08.775+0000] {dag.py:3096} INFO - Sync 2 DAGs
[2024-06-25T05:51:08.779+0000] {logging_mixin.py:188} INFO - [2024-06-25T05:51:08.778+0000] {dag.py:3954} INFO - Setting next_dagrun for example_subdag_operator.section-1 to None, run_after=None
[2024-06-25T05:51:08.779+0000] {logging_mixin.py:188} INFO - [2024-06-25T05:51:08.779+0000] {dag.py:3954} INFO - Setting next_dagrun for example_subdag_operator.section-2 to None, run_after=None
[2024-06-25T05:51:08.787+0000] {processor.py:183} INFO - Processing /home/airflow/.local/lib/python3.12/site-packages/airflow/example_dags/example_subdag_operator.py took 0.068 seconds
[2024-06-25T05:51:39.557+0000] {processor.py:161} INFO - Started process (PID=996) to work on /home/airflow/.local/lib/python3.12/site-packages/airflow/example_dags/example_subdag_operator.py
[2024-06-25T05:51:39.558+0000] {processor.py:830} INFO - Processing file /home/airflow/.local/lib/python3.12/site-packages/airflow/example_dags/example_subdag_operator.py for tasks to queue
[2024-06-25T05:51:39.560+0000] {logging_mixin.py:188} INFO - [2024-06-25T05:51:39.559+0000] {dagbag.py:545} INFO - Filling up the DagBag from /home/airflow/.local/lib/python3.12/site-packages/airflow/example_dags/example_subdag_operator.py
[2024-06-25T05:51:39.572+0000] {processor.py:840} INFO - DAG(s) 'example_subdag_operator.section-1', 'example_subdag_operator.section-2', 'example_subdag_operator' retrieved from /home/airflow/.local/lib/python3.12/site-packages/airflow/example_dags/example_subdag_operator.py
[2024-06-25T05:51:39.581+0000] {logging_mixin.py:188} INFO - [2024-06-25T05:51:39.580+0000] {dag.py:3096} INFO - Sync 3 DAGs
[2024-06-25T05:51:39.592+0000] {logging_mixin.py:188} INFO - [2024-06-25T05:51:39.592+0000] {dag.py:3954} INFO - Setting next_dagrun for example_subdag_operator to 2022-01-01 00:00:00+00:00, run_after=2022-01-01 00:00:00+00:00
[2024-06-25T05:51:39.594+0000] {logging_mixin.py:188} INFO - [2024-06-25T05:51:39.594+0000] {dag.py:3954} INFO - Setting next_dagrun for example_subdag_operator.section-1 to None, run_after=None
[2024-06-25T05:51:39.595+0000] {logging_mixin.py:188} INFO - [2024-06-25T05:51:39.595+0000] {dag.py:3954} INFO - Setting next_dagrun for example_subdag_operator.section-2 to None, run_after=None
[2024-06-25T05:51:39.599+0000] {logging_mixin.py:188} INFO - [2024-06-25T05:51:39.599+0000] {dag.py:3096} INFO - Sync 2 DAGs
[2024-06-25T05:51:39.601+0000] {logging_mixin.py:188} INFO - [2024-06-25T05:51:39.601+0000] {dag.py:3954} INFO - Setting next_dagrun for example_subdag_operator.section-1 to None, run_after=None
[2024-06-25T05:51:39.602+0000] {logging_mixin.py:188} INFO - [2024-06-25T05:51:39.602+0000] {dag.py:3954} INFO - Setting next_dagrun for example_subdag_operator.section-2 to None, run_after=None
[2024-06-25T05:51:39.607+0000] {processor.py:183} INFO - Processing /home/airflow/.local/lib/python3.12/site-packages/airflow/example_dags/example_subdag_operator.py took 0.053 seconds
[2024-06-25T05:52:10.622+0000] {processor.py:161} INFO - Started process (PID=1054) to work on /home/airflow/.local/lib/python3.12/site-packages/airflow/example_dags/example_subdag_operator.py
[2024-06-25T05:52:10.623+0000] {processor.py:830} INFO - Processing file /home/airflow/.local/lib/python3.12/site-packages/airflow/example_dags/example_subdag_operator.py for tasks to queue
[2024-06-25T05:52:10.623+0000] {logging_mixin.py:188} INFO - [2024-06-25T05:52:10.623+0000] {dagbag.py:545} INFO - Filling up the DagBag from /home/airflow/.local/lib/python3.12/site-packages/airflow/example_dags/example_subdag_operator.py
[2024-06-25T05:52:10.636+0000] {processor.py:840} INFO - DAG(s) 'example_subdag_operator.section-1', 'example_subdag_operator.section-2', 'example_subdag_operator' retrieved from /home/airflow/.local/lib/python3.12/site-packages/airflow/example_dags/example_subdag_operator.py
[2024-06-25T05:52:10.644+0000] {logging_mixin.py:188} INFO - [2024-06-25T05:52:10.644+0000] {dag.py:3096} INFO - Sync 3 DAGs
[2024-06-25T05:52:10.655+0000] {logging_mixin.py:188} INFO - [2024-06-25T05:52:10.655+0000] {dag.py:3954} INFO - Setting next_dagrun for example_subdag_operator to 2022-01-01 00:00:00+00:00, run_after=2022-01-01 00:00:00+00:00
[2024-06-25T05:52:10.658+0000] {logging_mixin.py:188} INFO - [2024-06-25T05:52:10.657+0000] {dag.py:3954} INFO - Setting next_dagrun for example_subdag_operator.section-1 to None, run_after=None
[2024-06-25T05:52:10.658+0000] {logging_mixin.py:188} INFO - [2024-06-25T05:52:10.658+0000] {dag.py:3954} INFO - Setting next_dagrun for example_subdag_operator.section-2 to None, run_after=None
[2024-06-25T05:52:10.662+0000] {logging_mixin.py:188} INFO - [2024-06-25T05:52:10.662+0000] {dag.py:3096} INFO - Sync 2 DAGs
[2024-06-25T05:52:10.665+0000] {logging_mixin.py:188} INFO - [2024-06-25T05:52:10.665+0000] {dag.py:3954} INFO - Setting next_dagrun for example_subdag_operator.section-1 to None, run_after=None
[2024-06-25T05:52:10.666+0000] {logging_mixin.py:188} INFO - [2024-06-25T05:52:10.666+0000] {dag.py:3954} INFO - Setting next_dagrun for example_subdag_operator.section-2 to None, run_after=None
[2024-06-25T05:52:10.671+0000] {processor.py:183} INFO - Processing /home/airflow/.local/lib/python3.12/site-packages/airflow/example_dags/example_subdag_operator.py took 0.053 seconds
[2024-06-25T05:52:41.266+0000] {processor.py:161} INFO - Started process (PID=1112) to work on /home/airflow/.local/lib/python3.12/site-packages/airflow/example_dags/example_subdag_operator.py
[2024-06-25T05:52:41.266+0000] {processor.py:830} INFO - Processing file /home/airflow/.local/lib/python3.12/site-packages/airflow/example_dags/example_subdag_operator.py for tasks to queue
[2024-06-25T05:52:41.267+0000] {logging_mixin.py:188} INFO - [2024-06-25T05:52:41.267+0000] {dagbag.py:545} INFO - Filling up the DagBag from /home/airflow/.local/lib/python3.12/site-packages/airflow/example_dags/example_subdag_operator.py
[2024-06-25T05:52:41.279+0000] {processor.py:840} INFO - DAG(s) 'example_subdag_operator.section-1', 'example_subdag_operator.section-2', 'example_subdag_operator' retrieved from /home/airflow/.local/lib/python3.12/site-packages/airflow/example_dags/example_subdag_operator.py
[2024-06-25T05:52:41.287+0000] {logging_mixin.py:188} INFO - [2024-06-25T05:52:41.287+0000] {dag.py:3096} INFO - Sync 3 DAGs
[2024-06-25T05:52:41.299+0000] {logging_mixin.py:188} INFO - [2024-06-25T05:52:41.299+0000] {dag.py:3954} INFO - Setting next_dagrun for example_subdag_operator to 2022-01-01 00:00:00+00:00, run_after=2022-01-01 00:00:00+00:00
[2024-06-25T05:52:41.301+0000] {logging_mixin.py:188} INFO - [2024-06-25T05:52:41.301+0000] {dag.py:3954} INFO - Setting next_dagrun for example_subdag_operator.section-1 to None, run_after=None
[2024-06-25T05:52:41.301+0000] {logging_mixin.py:188} INFO - [2024-06-25T05:52:41.301+0000] {dag.py:3954} INFO - Setting next_dagrun for example_subdag_operator.section-2 to None, run_after=None
[2024-06-25T05:52:41.305+0000] {logging_mixin.py:188} INFO - [2024-06-25T05:52:41.305+0000] {dag.py:3096} INFO - Sync 2 DAGs
[2024-06-25T05:52:41.308+0000] {logging_mixin.py:188} INFO - [2024-06-25T05:52:41.308+0000] {dag.py:3954} INFO - Setting next_dagrun for example_subdag_operator.section-1 to None, run_after=None
[2024-06-25T05:52:41.309+0000] {logging_mixin.py:188} INFO - [2024-06-25T05:52:41.308+0000] {dag.py:3954} INFO - Setting next_dagrun for example_subdag_operator.section-2 to None, run_after=None
[2024-06-25T05:52:41.314+0000] {processor.py:183} INFO - Processing /home/airflow/.local/lib/python3.12/site-packages/airflow/example_dags/example_subdag_operator.py took 0.051 seconds
[2024-06-25T05:53:12.006+0000] {processor.py:161} INFO - Started process (PID=1170) to work on /home/airflow/.local/lib/python3.12/site-packages/airflow/example_dags/example_subdag_operator.py
[2024-06-25T05:53:12.007+0000] {processor.py:830} INFO - Processing file /home/airflow/.local/lib/python3.12/site-packages/airflow/example_dags/example_subdag_operator.py for tasks to queue
[2024-06-25T05:53:12.008+0000] {logging_mixin.py:188} INFO - [2024-06-25T05:53:12.008+0000] {dagbag.py:545} INFO - Filling up the DagBag from /home/airflow/.local/lib/python3.12/site-packages/airflow/example_dags/example_subdag_operator.py
[2024-06-25T05:53:12.022+0000] {processor.py:840} INFO - DAG(s) 'example_subdag_operator.section-1', 'example_subdag_operator.section-2', 'example_subdag_operator' retrieved from /home/airflow/.local/lib/python3.12/site-packages/airflow/example_dags/example_subdag_operator.py
[2024-06-25T05:53:12.030+0000] {logging_mixin.py:188} INFO - [2024-06-25T05:53:12.030+0000] {dag.py:3096} INFO - Sync 3 DAGs
[2024-06-25T05:53:12.045+0000] {logging_mixin.py:188} INFO - [2024-06-25T05:53:12.045+0000] {dag.py:3954} INFO - Setting next_dagrun for example_subdag_operator to 2022-01-01 00:00:00+00:00, run_after=2022-01-01 00:00:00+00:00
[2024-06-25T05:53:12.047+0000] {logging_mixin.py:188} INFO - [2024-06-25T05:53:12.047+0000] {dag.py:3954} INFO - Setting next_dagrun for example_subdag_operator.section-1 to None, run_after=None
[2024-06-25T05:53:12.048+0000] {logging_mixin.py:188} INFO - [2024-06-25T05:53:12.048+0000] {dag.py:3954} INFO - Setting next_dagrun for example_subdag_operator.section-2 to None, run_after=None
[2024-06-25T05:53:12.052+0000] {logging_mixin.py:188} INFO - [2024-06-25T05:53:12.052+0000] {dag.py:3096} INFO - Sync 2 DAGs
[2024-06-25T05:53:12.054+0000] {logging_mixin.py:188} INFO - [2024-06-25T05:53:12.054+0000] {dag.py:3954} INFO - Setting next_dagrun for example_subdag_operator.section-1 to None, run_after=None
[2024-06-25T05:53:12.055+0000] {logging_mixin.py:188} INFO - [2024-06-25T05:53:12.055+0000] {dag.py:3954} INFO - Setting next_dagrun for example_subdag_operator.section-2 to None, run_after=None
[2024-06-25T05:53:12.061+0000] {processor.py:183} INFO - Processing /home/airflow/.local/lib/python3.12/site-packages/airflow/example_dags/example_subdag_operator.py took 0.057 seconds
[2024-06-25T05:53:42.139+0000] {processor.py:161} INFO - Started process (PID=1227) to work on /home/airflow/.local/lib/python3.12/site-packages/airflow/example_dags/example_subdag_operator.py
[2024-06-25T05:53:42.140+0000] {processor.py:830} INFO - Processing file /home/airflow/.local/lib/python3.12/site-packages/airflow/example_dags/example_subdag_operator.py for tasks to queue
[2024-06-25T05:53:42.141+0000] {logging_mixin.py:188} INFO - [2024-06-25T05:53:42.141+0000] {dagbag.py:545} INFO - Filling up the DagBag from /home/airflow/.local/lib/python3.12/site-packages/airflow/example_dags/example_subdag_operator.py
[2024-06-25T05:53:42.152+0000] {processor.py:840} INFO - DAG(s) 'example_subdag_operator.section-1', 'example_subdag_operator.section-2', 'example_subdag_operator' retrieved from /home/airflow/.local/lib/python3.12/site-packages/airflow/example_dags/example_subdag_operator.py
[2024-06-25T05:53:42.158+0000] {logging_mixin.py:188} INFO - [2024-06-25T05:53:42.158+0000] {dag.py:3096} INFO - Sync 3 DAGs
[2024-06-25T05:53:42.167+0000] {logging_mixin.py:188} INFO - [2024-06-25T05:53:42.167+0000] {dag.py:3954} INFO - Setting next_dagrun for example_subdag_operator to 2022-01-01 00:00:00+00:00, run_after=2022-01-01 00:00:00+00:00
[2024-06-25T05:53:42.169+0000] {logging_mixin.py:188} INFO - [2024-06-25T05:53:42.169+0000] {dag.py:3954} INFO - Setting next_dagrun for example_subdag_operator.section-1 to None, run_after=None
[2024-06-25T05:53:42.170+0000] {logging_mixin.py:188} INFO - [2024-06-25T05:53:42.169+0000] {dag.py:3954} INFO - Setting next_dagrun for example_subdag_operator.section-2 to None, run_after=None
[2024-06-25T05:53:42.173+0000] {logging_mixin.py:188} INFO - [2024-06-25T05:53:42.173+0000] {dag.py:3096} INFO - Sync 2 DAGs
[2024-06-25T05:53:42.175+0000] {logging_mixin.py:188} INFO - [2024-06-25T05:53:42.175+0000] {dag.py:3954} INFO - Setting next_dagrun for example_subdag_operator.section-1 to None, run_after=None
[2024-06-25T05:53:42.176+0000] {logging_mixin.py:188} INFO - [2024-06-25T05:53:42.176+0000] {dag.py:3954} INFO - Setting next_dagrun for example_subdag_operator.section-2 to None, run_after=None
[2024-06-25T05:53:42.180+0000] {processor.py:183} INFO - Processing /home/airflow/.local/lib/python3.12/site-packages/airflow/example_dags/example_subdag_operator.py took 0.044 seconds
[2024-06-25T05:54:13.113+0000] {processor.py:161} INFO - Started process (PID=1286) to work on /home/airflow/.local/lib/python3.12/site-packages/airflow/example_dags/example_subdag_operator.py
[2024-06-25T05:54:13.114+0000] {processor.py:830} INFO - Processing file /home/airflow/.local/lib/python3.12/site-packages/airflow/example_dags/example_subdag_operator.py for tasks to queue
[2024-06-25T05:54:13.114+0000] {logging_mixin.py:188} INFO - [2024-06-25T05:54:13.114+0000] {dagbag.py:545} INFO - Filling up the DagBag from /home/airflow/.local/lib/python3.12/site-packages/airflow/example_dags/example_subdag_operator.py
[2024-06-25T05:54:13.130+0000] {processor.py:840} INFO - DAG(s) 'example_subdag_operator.section-1', 'example_subdag_operator.section-2', 'example_subdag_operator' retrieved from /home/airflow/.local/lib/python3.12/site-packages/airflow/example_dags/example_subdag_operator.py
[2024-06-25T05:54:13.140+0000] {logging_mixin.py:188} INFO - [2024-06-25T05:54:13.140+0000] {dag.py:3096} INFO - Sync 3 DAGs
[2024-06-25T05:54:13.153+0000] {logging_mixin.py:188} INFO - [2024-06-25T05:54:13.153+0000] {dag.py:3954} INFO - Setting next_dagrun for example_subdag_operator to 2022-01-01 00:00:00+00:00, run_after=2022-01-01 00:00:00+00:00
[2024-06-25T05:54:13.155+0000] {logging_mixin.py:188} INFO - [2024-06-25T05:54:13.155+0000] {dag.py:3954} INFO - Setting next_dagrun for example_subdag_operator.section-1 to None, run_after=None
[2024-06-25T05:54:13.156+0000] {logging_mixin.py:188} INFO - [2024-06-25T05:54:13.156+0000] {dag.py:3954} INFO - Setting next_dagrun for example_subdag_operator.section-2 to None, run_after=None
[2024-06-25T05:54:13.160+0000] {logging_mixin.py:188} INFO - [2024-06-25T05:54:13.160+0000] {dag.py:3096} INFO - Sync 2 DAGs
[2024-06-25T05:54:13.163+0000] {logging_mixin.py:188} INFO - [2024-06-25T05:54:13.163+0000] {dag.py:3954} INFO - Setting next_dagrun for example_subdag_operator.section-1 to None, run_after=None
[2024-06-25T05:54:13.163+0000] {logging_mixin.py:188} INFO - [2024-06-25T05:54:13.163+0000] {dag.py:3954} INFO - Setting next_dagrun for example_subdag_operator.section-2 to None, run_after=None
[2024-06-25T05:54:13.169+0000] {processor.py:183} INFO - Processing /home/airflow/.local/lib/python3.12/site-packages/airflow/example_dags/example_subdag_operator.py took 0.059 seconds
[2024-06-25T05:54:43.224+0000] {processor.py:161} INFO - Started process (PID=1342) to work on /home/airflow/.local/lib/python3.12/site-packages/airflow/example_dags/example_subdag_operator.py
[2024-06-25T05:54:43.224+0000] {processor.py:830} INFO - Processing file /home/airflow/.local/lib/python3.12/site-packages/airflow/example_dags/example_subdag_operator.py for tasks to queue
[2024-06-25T05:54:43.225+0000] {logging_mixin.py:188} INFO - [2024-06-25T05:54:43.225+0000] {dagbag.py:545} INFO - Filling up the DagBag from /home/airflow/.local/lib/python3.12/site-packages/airflow/example_dags/example_subdag_operator.py
[2024-06-25T05:54:43.239+0000] {processor.py:840} INFO - DAG(s) 'example_subdag_operator.section-1', 'example_subdag_operator.section-2', 'example_subdag_operator' retrieved from /home/airflow/.local/lib/python3.12/site-packages/airflow/example_dags/example_subdag_operator.py
[2024-06-25T05:54:43.247+0000] {logging_mixin.py:188} INFO - [2024-06-25T05:54:43.247+0000] {dag.py:3096} INFO - Sync 3 DAGs
[2024-06-25T05:54:43.259+0000] {logging_mixin.py:188} INFO - [2024-06-25T05:54:43.259+0000] {dag.py:3954} INFO - Setting next_dagrun for example_subdag_operator to 2022-01-01 00:00:00+00:00, run_after=2022-01-01 00:00:00+00:00
[2024-06-25T05:54:43.261+0000] {logging_mixin.py:188} INFO - [2024-06-25T05:54:43.261+0000] {dag.py:3954} INFO - Setting next_dagrun for example_subdag_operator.section-1 to None, run_after=None
[2024-06-25T05:54:43.262+0000] {logging_mixin.py:188} INFO - [2024-06-25T05:54:43.262+0000] {dag.py:3954} INFO - Setting next_dagrun for example_subdag_operator.section-2 to None, run_after=None
[2024-06-25T05:54:43.264+0000] {logging_mixin.py:188} INFO - [2024-06-25T05:54:43.264+0000] {dag.py:3096} INFO - Sync 2 DAGs
[2024-06-25T05:54:43.266+0000] {logging_mixin.py:188} INFO - [2024-06-25T05:54:43.266+0000] {dag.py:3954} INFO - Setting next_dagrun for example_subdag_operator.section-1 to None, run_after=None
[2024-06-25T05:54:43.267+0000] {logging_mixin.py:188} INFO - [2024-06-25T05:54:43.267+0000] {dag.py:3954} INFO - Setting next_dagrun for example_subdag_operator.section-2 to None, run_after=None
[2024-06-25T05:54:43.271+0000] {processor.py:183} INFO - Processing /home/airflow/.local/lib/python3.12/site-packages/airflow/example_dags/example_subdag_operator.py took 0.050 seconds
[2024-06-25T05:55:13.318+0000] {processor.py:161} INFO - Started process (PID=1400) to work on /home/airflow/.local/lib/python3.12/site-packages/airflow/example_dags/example_subdag_operator.py
[2024-06-25T05:55:13.318+0000] {processor.py:830} INFO - Processing file /home/airflow/.local/lib/python3.12/site-packages/airflow/example_dags/example_subdag_operator.py for tasks to queue
[2024-06-25T05:55:13.319+0000] {logging_mixin.py:188} INFO - [2024-06-25T05:55:13.319+0000] {dagbag.py:545} INFO - Filling up the DagBag from /home/airflow/.local/lib/python3.12/site-packages/airflow/example_dags/example_subdag_operator.py
[2024-06-25T05:55:13.330+0000] {processor.py:840} INFO - DAG(s) 'example_subdag_operator.section-1', 'example_subdag_operator.section-2', 'example_subdag_operator' retrieved from /home/airflow/.local/lib/python3.12/site-packages/airflow/example_dags/example_subdag_operator.py
[2024-06-25T05:55:13.336+0000] {logging_mixin.py:188} INFO - [2024-06-25T05:55:13.336+0000] {dag.py:3096} INFO - Sync 3 DAGs
[2024-06-25T05:55:13.344+0000] {logging_mixin.py:188} INFO - [2024-06-25T05:55:13.344+0000] {dag.py:3954} INFO - Setting next_dagrun for example_subdag_operator to 2022-01-01 00:00:00+00:00, run_after=2022-01-01 00:00:00+00:00
[2024-06-25T05:55:13.346+0000] {logging_mixin.py:188} INFO - [2024-06-25T05:55:13.346+0000] {dag.py:3954} INFO - Setting next_dagrun for example_subdag_operator.section-1 to None, run_after=None
[2024-06-25T05:55:13.346+0000] {logging_mixin.py:188} INFO - [2024-06-25T05:55:13.346+0000] {dag.py:3954} INFO - Setting next_dagrun for example_subdag_operator.section-2 to None, run_after=None
[2024-06-25T05:55:13.349+0000] {logging_mixin.py:188} INFO - [2024-06-25T05:55:13.349+0000] {dag.py:3096} INFO - Sync 2 DAGs
[2024-06-25T05:55:13.351+0000] {logging_mixin.py:188} INFO - [2024-06-25T05:55:13.351+0000] {dag.py:3954} INFO - Setting next_dagrun for example_subdag_operator.section-1 to None, run_after=None
[2024-06-25T05:55:13.351+0000] {logging_mixin.py:188} INFO - [2024-06-25T05:55:13.351+0000] {dag.py:3954} INFO - Setting next_dagrun for example_subdag_operator.section-2 to None, run_after=None
[2024-06-25T05:55:13.355+0000] {processor.py:183} INFO - Processing /home/airflow/.local/lib/python3.12/site-packages/airflow/example_dags/example_subdag_operator.py took 0.040 seconds
[2024-06-25T05:55:44.258+0000] {processor.py:161} INFO - Started process (PID=1464) to work on /home/airflow/.local/lib/python3.12/site-packages/airflow/example_dags/example_subdag_operator.py
[2024-06-25T05:55:44.259+0000] {processor.py:830} INFO - Processing file /home/airflow/.local/lib/python3.12/site-packages/airflow/example_dags/example_subdag_operator.py for tasks to queue
[2024-06-25T05:55:44.260+0000] {logging_mixin.py:188} INFO - [2024-06-25T05:55:44.260+0000] {dagbag.py:545} INFO - Filling up the DagBag from /home/airflow/.local/lib/python3.12/site-packages/airflow/example_dags/example_subdag_operator.py
[2024-06-25T05:55:44.271+0000] {processor.py:840} INFO - DAG(s) 'example_subdag_operator.section-1', 'example_subdag_operator.section-2', 'example_subdag_operator' retrieved from /home/airflow/.local/lib/python3.12/site-packages/airflow/example_dags/example_subdag_operator.py
[2024-06-25T05:55:44.279+0000] {logging_mixin.py:188} INFO - [2024-06-25T05:55:44.278+0000] {dag.py:3096} INFO - Sync 3 DAGs
[2024-06-25T05:55:44.289+0000] {logging_mixin.py:188} INFO - [2024-06-25T05:55:44.289+0000] {dag.py:3954} INFO - Setting next_dagrun for example_subdag_operator to 2022-01-01 00:00:00+00:00, run_after=2022-01-01 00:00:00+00:00
[2024-06-25T05:55:44.291+0000] {logging_mixin.py:188} INFO - [2024-06-25T05:55:44.291+0000] {dag.py:3954} INFO - Setting next_dagrun for example_subdag_operator.section-1 to None, run_after=None
[2024-06-25T05:55:44.292+0000] {logging_mixin.py:188} INFO - [2024-06-25T05:55:44.292+0000] {dag.py:3954} INFO - Setting next_dagrun for example_subdag_operator.section-2 to None, run_after=None
[2024-06-25T05:55:44.295+0000] {logging_mixin.py:188} INFO - [2024-06-25T05:55:44.294+0000] {dag.py:3096} INFO - Sync 2 DAGs
[2024-06-25T05:55:44.297+0000] {logging_mixin.py:188} INFO - [2024-06-25T05:55:44.297+0000] {dag.py:3954} INFO - Setting next_dagrun for example_subdag_operator.section-1 to None, run_after=None
[2024-06-25T05:55:44.297+0000] {logging_mixin.py:188} INFO - [2024-06-25T05:55:44.297+0000] {dag.py:3954} INFO - Setting next_dagrun for example_subdag_operator.section-2 to None, run_after=None
[2024-06-25T05:55:44.302+0000] {processor.py:183} INFO - Processing /home/airflow/.local/lib/python3.12/site-packages/airflow/example_dags/example_subdag_operator.py took 0.047 seconds
[2024-06-25T05:56:14.389+0000] {processor.py:161} INFO - Started process (PID=1522) to work on /home/airflow/.local/lib/python3.12/site-packages/airflow/example_dags/example_subdag_operator.py
[2024-06-25T05:56:14.389+0000] {processor.py:830} INFO - Processing file /home/airflow/.local/lib/python3.12/site-packages/airflow/example_dags/example_subdag_operator.py for tasks to queue
[2024-06-25T05:56:14.390+0000] {logging_mixin.py:188} INFO - [2024-06-25T05:56:14.390+0000] {dagbag.py:545} INFO - Filling up the DagBag from /home/airflow/.local/lib/python3.12/site-packages/airflow/example_dags/example_subdag_operator.py
[2024-06-25T05:56:14.402+0000] {processor.py:840} INFO - DAG(s) 'example_subdag_operator.section-1', 'example_subdag_operator.section-2', 'example_subdag_operator' retrieved from /home/airflow/.local/lib/python3.12/site-packages/airflow/example_dags/example_subdag_operator.py
[2024-06-25T05:56:14.408+0000] {logging_mixin.py:188} INFO - [2024-06-25T05:56:14.408+0000] {dag.py:3096} INFO - Sync 3 DAGs
[2024-06-25T05:56:14.417+0000] {logging_mixin.py:188} INFO - [2024-06-25T05:56:14.417+0000] {dag.py:3954} INFO - Setting next_dagrun for example_subdag_operator to 2022-01-01 00:00:00+00:00, run_after=2022-01-01 00:00:00+00:00
[2024-06-25T05:56:14.419+0000] {logging_mixin.py:188} INFO - [2024-06-25T05:56:14.418+0000] {dag.py:3954} INFO - Setting next_dagrun for example_subdag_operator.section-1 to None, run_after=None
[2024-06-25T05:56:14.419+0000] {logging_mixin.py:188} INFO - [2024-06-25T05:56:14.419+0000] {dag.py:3954} INFO - Setting next_dagrun for example_subdag_operator.section-2 to None, run_after=None
[2024-06-25T05:56:14.422+0000] {logging_mixin.py:188} INFO - [2024-06-25T05:56:14.422+0000] {dag.py:3096} INFO - Sync 2 DAGs
[2024-06-25T05:56:14.424+0000] {logging_mixin.py:188} INFO - [2024-06-25T05:56:14.424+0000] {dag.py:3954} INFO - Setting next_dagrun for example_subdag_operator.section-1 to None, run_after=None
[2024-06-25T05:56:14.424+0000] {logging_mixin.py:188} INFO - [2024-06-25T05:56:14.424+0000] {dag.py:3954} INFO - Setting next_dagrun for example_subdag_operator.section-2 to None, run_after=None
[2024-06-25T05:56:14.428+0000] {processor.py:183} INFO - Processing /home/airflow/.local/lib/python3.12/site-packages/airflow/example_dags/example_subdag_operator.py took 0.043 seconds
[2024-06-25T05:56:45.081+0000] {processor.py:161} INFO - Started process (PID=1580) to work on /home/airflow/.local/lib/python3.12/site-packages/airflow/example_dags/example_subdag_operator.py
[2024-06-25T05:56:45.081+0000] {processor.py:830} INFO - Processing file /home/airflow/.local/lib/python3.12/site-packages/airflow/example_dags/example_subdag_operator.py for tasks to queue
[2024-06-25T05:56:45.083+0000] {logging_mixin.py:188} INFO - [2024-06-25T05:56:45.082+0000] {dagbag.py:545} INFO - Filling up the DagBag from /home/airflow/.local/lib/python3.12/site-packages/airflow/example_dags/example_subdag_operator.py
[2024-06-25T05:56:45.093+0000] {processor.py:840} INFO - DAG(s) 'example_subdag_operator.section-1', 'example_subdag_operator.section-2', 'example_subdag_operator' retrieved from /home/airflow/.local/lib/python3.12/site-packages/airflow/example_dags/example_subdag_operator.py
[2024-06-25T05:56:45.104+0000] {logging_mixin.py:188} INFO - [2024-06-25T05:56:45.104+0000] {dag.py:3096} INFO - Sync 3 DAGs
[2024-06-25T05:56:45.119+0000] {logging_mixin.py:188} INFO - [2024-06-25T05:56:45.118+0000] {dag.py:3954} INFO - Setting next_dagrun for example_subdag_operator to 2022-01-01 00:00:00+00:00, run_after=2022-01-01 00:00:00+00:00
[2024-06-25T05:56:45.120+0000] {logging_mixin.py:188} INFO - [2024-06-25T05:56:45.120+0000] {dag.py:3954} INFO - Setting next_dagrun for example_subdag_operator.section-1 to None, run_after=None
[2024-06-25T05:56:45.121+0000] {logging_mixin.py:188} INFO - [2024-06-25T05:56:45.121+0000] {dag.py:3954} INFO - Setting next_dagrun for example_subdag_operator.section-2 to None, run_after=None
[2024-06-25T05:56:45.125+0000] {logging_mixin.py:188} INFO - [2024-06-25T05:56:45.124+0000] {dag.py:3096} INFO - Sync 2 DAGs
[2024-06-25T05:56:45.127+0000] {logging_mixin.py:188} INFO - [2024-06-25T05:56:45.127+0000] {dag.py:3954} INFO - Setting next_dagrun for example_subdag_operator.section-1 to None, run_after=None
[2024-06-25T05:56:45.128+0000] {logging_mixin.py:188} INFO - [2024-06-25T05:56:45.128+0000] {dag.py:3954} INFO - Setting next_dagrun for example_subdag_operator.section-2 to None, run_after=None
[2024-06-25T05:56:45.133+0000] {processor.py:183} INFO - Processing /home/airflow/.local/lib/python3.12/site-packages/airflow/example_dags/example_subdag_operator.py took 0.055 seconds
[2024-06-25T05:57:15.807+0000] {processor.py:161} INFO - Started process (PID=1638) to work on /home/airflow/.local/lib/python3.12/site-packages/airflow/example_dags/example_subdag_operator.py
[2024-06-25T05:57:15.807+0000] {processor.py:830} INFO - Processing file /home/airflow/.local/lib/python3.12/site-packages/airflow/example_dags/example_subdag_operator.py for tasks to queue
[2024-06-25T05:57:15.808+0000] {logging_mixin.py:188} INFO - [2024-06-25T05:57:15.808+0000] {dagbag.py:545} INFO - Filling up the DagBag from /home/airflow/.local/lib/python3.12/site-packages/airflow/example_dags/example_subdag_operator.py
[2024-06-25T05:57:15.819+0000] {processor.py:840} INFO - DAG(s) 'example_subdag_operator.section-1', 'example_subdag_operator.section-2', 'example_subdag_operator' retrieved from /home/airflow/.local/lib/python3.12/site-packages/airflow/example_dags/example_subdag_operator.py
[2024-06-25T05:57:15.826+0000] {logging_mixin.py:188} INFO - [2024-06-25T05:57:15.826+0000] {dag.py:3096} INFO - Sync 3 DAGs
[2024-06-25T05:57:15.835+0000] {logging_mixin.py:188} INFO - [2024-06-25T05:57:15.835+0000] {dag.py:3954} INFO - Setting next_dagrun for example_subdag_operator to 2022-01-01 00:00:00+00:00, run_after=2022-01-01 00:00:00+00:00
[2024-06-25T05:57:15.837+0000] {logging_mixin.py:188} INFO - [2024-06-25T05:57:15.837+0000] {dag.py:3954} INFO - Setting next_dagrun for example_subdag_operator.section-1 to None, run_after=None
[2024-06-25T05:57:15.838+0000] {logging_mixin.py:188} INFO - [2024-06-25T05:57:15.838+0000] {dag.py:3954} INFO - Setting next_dagrun for example_subdag_operator.section-2 to None, run_after=None
[2024-06-25T05:57:15.841+0000] {logging_mixin.py:188} INFO - [2024-06-25T05:57:15.841+0000] {dag.py:3096} INFO - Sync 2 DAGs
[2024-06-25T05:57:15.844+0000] {logging_mixin.py:188} INFO - [2024-06-25T05:57:15.844+0000] {dag.py:3954} INFO - Setting next_dagrun for example_subdag_operator.section-1 to None, run_after=None
[2024-06-25T05:57:15.844+0000] {logging_mixin.py:188} INFO - [2024-06-25T05:57:15.844+0000] {dag.py:3954} INFO - Setting next_dagrun for example_subdag_operator.section-2 to None, run_after=None
[2024-06-25T05:57:15.848+0000] {processor.py:183} INFO - Processing /home/airflow/.local/lib/python3.12/site-packages/airflow/example_dags/example_subdag_operator.py took 0.045 seconds
[2024-06-25T05:57:46.609+0000] {processor.py:161} INFO - Started process (PID=1696) to work on /home/airflow/.local/lib/python3.12/site-packages/airflow/example_dags/example_subdag_operator.py
[2024-06-25T05:57:46.610+0000] {processor.py:830} INFO - Processing file /home/airflow/.local/lib/python3.12/site-packages/airflow/example_dags/example_subdag_operator.py for tasks to queue
[2024-06-25T05:57:46.611+0000] {logging_mixin.py:188} INFO - [2024-06-25T05:57:46.611+0000] {dagbag.py:545} INFO - Filling up the DagBag from /home/airflow/.local/lib/python3.12/site-packages/airflow/example_dags/example_subdag_operator.py
[2024-06-25T05:57:46.621+0000] {processor.py:840} INFO - DAG(s) 'example_subdag_operator.section-1', 'example_subdag_operator.section-2', 'example_subdag_operator' retrieved from /home/airflow/.local/lib/python3.12/site-packages/airflow/example_dags/example_subdag_operator.py
[2024-06-25T05:57:46.628+0000] {logging_mixin.py:188} INFO - [2024-06-25T05:57:46.628+0000] {dag.py:3096} INFO - Sync 3 DAGs
[2024-06-25T05:57:46.636+0000] {logging_mixin.py:188} INFO - [2024-06-25T05:57:46.636+0000] {dag.py:3954} INFO - Setting next_dagrun for example_subdag_operator to 2022-01-01 00:00:00+00:00, run_after=2022-01-01 00:00:00+00:00
[2024-06-25T05:57:46.638+0000] {logging_mixin.py:188} INFO - [2024-06-25T05:57:46.638+0000] {dag.py:3954} INFO - Setting next_dagrun for example_subdag_operator.section-1 to None, run_after=None
[2024-06-25T05:57:46.638+0000] {logging_mixin.py:188} INFO - [2024-06-25T05:57:46.638+0000] {dag.py:3954} INFO - Setting next_dagrun for example_subdag_operator.section-2 to None, run_after=None
[2024-06-25T05:57:46.641+0000] {logging_mixin.py:188} INFO - [2024-06-25T05:57:46.641+0000] {dag.py:3096} INFO - Sync 2 DAGs
[2024-06-25T05:57:46.643+0000] {logging_mixin.py:188} INFO - [2024-06-25T05:57:46.643+0000] {dag.py:3954} INFO - Setting next_dagrun for example_subdag_operator.section-1 to None, run_after=None
[2024-06-25T05:57:46.643+0000] {logging_mixin.py:188} INFO - [2024-06-25T05:57:46.643+0000] {dag.py:3954} INFO - Setting next_dagrun for example_subdag_operator.section-2 to None, run_after=None
[2024-06-25T05:57:46.647+0000] {processor.py:183} INFO - Processing /home/airflow/.local/lib/python3.12/site-packages/airflow/example_dags/example_subdag_operator.py took 0.041 seconds
