[2024-06-25T05:41:16.959+0000] {processor.py:161} INFO - Started process (PID=34) to work on /home/airflow/.local/lib/python3.12/site-packages/airflow/example_dags/example_skip_dag.py
[2024-06-25T05:41:16.963+0000] {processor.py:830} INFO - Processing file /home/airflow/.local/lib/python3.12/site-packages/airflow/example_dags/example_skip_dag.py for tasks to queue
[2024-06-25T05:41:16.965+0000] {logging_mixin.py:188} INFO - [2024-06-25T05:41:16.964+0000] {dagbag.py:545} INFO - Filling up the DagBag from /home/airflow/.local/lib/python3.12/site-packages/airflow/example_dags/example_skip_dag.py
[2024-06-25T05:41:16.980+0000] {processor.py:840} INFO - DAG(s) 'example_skip_dag' retrieved from /home/airflow/.local/lib/python3.12/site-packages/airflow/example_dags/example_skip_dag.py
[2024-06-25T05:41:17.003+0000] {logging_mixin.py:188} INFO - [2024-06-25T05:41:17.003+0000] {dag.py:3096} INFO - Sync 1 DAGs
[2024-06-25T05:41:17.039+0000] {logging_mixin.py:188} INFO - [2024-06-25T05:41:17.039+0000] {dag.py:3954} INFO - Setting next_dagrun for example_skip_dag to 2024-06-24 00:00:00+00:00, run_after=2024-06-25 00:00:00+00:00
[2024-06-25T05:41:17.054+0000] {processor.py:183} INFO - Processing /home/airflow/.local/lib/python3.12/site-packages/airflow/example_dags/example_skip_dag.py took 0.105 seconds
[2024-06-25T05:41:47.881+0000] {processor.py:161} INFO - Started process (PID=92) to work on /home/airflow/.local/lib/python3.12/site-packages/airflow/example_dags/example_skip_dag.py
[2024-06-25T05:41:47.882+0000] {processor.py:830} INFO - Processing file /home/airflow/.local/lib/python3.12/site-packages/airflow/example_dags/example_skip_dag.py for tasks to queue
[2024-06-25T05:41:47.883+0000] {logging_mixin.py:188} INFO - [2024-06-25T05:41:47.883+0000] {dagbag.py:545} INFO - Filling up the DagBag from /home/airflow/.local/lib/python3.12/site-packages/airflow/example_dags/example_skip_dag.py
[2024-06-25T05:41:47.887+0000] {processor.py:840} INFO - DAG(s) 'example_skip_dag' retrieved from /home/airflow/.local/lib/python3.12/site-packages/airflow/example_dags/example_skip_dag.py
[2024-06-25T05:41:47.934+0000] {logging_mixin.py:188} INFO - [2024-06-25T05:41:47.934+0000] {dag.py:3096} INFO - Sync 1 DAGs
[2024-06-25T05:41:47.943+0000] {logging_mixin.py:188} INFO - [2024-06-25T05:41:47.943+0000] {dag.py:3954} INFO - Setting next_dagrun for example_skip_dag to 2024-06-24 00:00:00+00:00, run_after=2024-06-25 00:00:00+00:00
[2024-06-25T05:41:47.951+0000] {processor.py:183} INFO - Processing /home/airflow/.local/lib/python3.12/site-packages/airflow/example_dags/example_skip_dag.py took 0.073 seconds
[2024-06-25T05:42:18.336+0000] {processor.py:161} INFO - Started process (PID=150) to work on /home/airflow/.local/lib/python3.12/site-packages/airflow/example_dags/example_skip_dag.py
[2024-06-25T05:42:18.337+0000] {processor.py:830} INFO - Processing file /home/airflow/.local/lib/python3.12/site-packages/airflow/example_dags/example_skip_dag.py for tasks to queue
[2024-06-25T05:42:18.338+0000] {logging_mixin.py:188} INFO - [2024-06-25T05:42:18.338+0000] {dagbag.py:545} INFO - Filling up the DagBag from /home/airflow/.local/lib/python3.12/site-packages/airflow/example_dags/example_skip_dag.py
[2024-06-25T05:42:18.343+0000] {processor.py:840} INFO - DAG(s) 'example_skip_dag' retrieved from /home/airflow/.local/lib/python3.12/site-packages/airflow/example_dags/example_skip_dag.py
[2024-06-25T05:42:18.354+0000] {logging_mixin.py:188} INFO - [2024-06-25T05:42:18.354+0000] {dag.py:3096} INFO - Sync 1 DAGs
[2024-06-25T05:42:18.368+0000] {logging_mixin.py:188} INFO - [2024-06-25T05:42:18.368+0000] {dag.py:3954} INFO - Setting next_dagrun for example_skip_dag to 2024-06-24 00:00:00+00:00, run_after=2024-06-25 00:00:00+00:00
[2024-06-25T05:42:18.377+0000] {processor.py:183} INFO - Processing /home/airflow/.local/lib/python3.12/site-packages/airflow/example_dags/example_skip_dag.py took 0.045 seconds
[2024-06-25T05:42:48.818+0000] {processor.py:161} INFO - Started process (PID=208) to work on /home/airflow/.local/lib/python3.12/site-packages/airflow/example_dags/example_skip_dag.py
[2024-06-25T05:42:48.818+0000] {processor.py:830} INFO - Processing file /home/airflow/.local/lib/python3.12/site-packages/airflow/example_dags/example_skip_dag.py for tasks to queue
[2024-06-25T05:42:48.819+0000] {logging_mixin.py:188} INFO - [2024-06-25T05:42:48.819+0000] {dagbag.py:545} INFO - Filling up the DagBag from /home/airflow/.local/lib/python3.12/site-packages/airflow/example_dags/example_skip_dag.py
[2024-06-25T05:42:48.823+0000] {processor.py:840} INFO - DAG(s) 'example_skip_dag' retrieved from /home/airflow/.local/lib/python3.12/site-packages/airflow/example_dags/example_skip_dag.py
[2024-06-25T05:42:48.833+0000] {logging_mixin.py:188} INFO - [2024-06-25T05:42:48.833+0000] {dag.py:3096} INFO - Sync 1 DAGs
[2024-06-25T05:42:48.844+0000] {logging_mixin.py:188} INFO - [2024-06-25T05:42:48.844+0000] {dag.py:3954} INFO - Setting next_dagrun for example_skip_dag to 2024-06-24 00:00:00+00:00, run_after=2024-06-25 00:00:00+00:00
[2024-06-25T05:42:48.853+0000] {processor.py:183} INFO - Processing /home/airflow/.local/lib/python3.12/site-packages/airflow/example_dags/example_skip_dag.py took 0.038 seconds
[2024-06-25T05:43:18.810+0000] {processor.py:161} INFO - Started process (PID=33) to work on /home/airflow/.local/lib/python3.12/site-packages/airflow/example_dags/example_skip_dag.py
[2024-06-25T05:43:18.812+0000] {processor.py:830} INFO - Processing file /home/airflow/.local/lib/python3.12/site-packages/airflow/example_dags/example_skip_dag.py for tasks to queue
[2024-06-25T05:43:18.814+0000] {logging_mixin.py:188} INFO - [2024-06-25T05:43:18.814+0000] {dagbag.py:545} INFO - Filling up the DagBag from /home/airflow/.local/lib/python3.12/site-packages/airflow/example_dags/example_skip_dag.py
[2024-06-25T05:43:18.823+0000] {processor.py:840} INFO - DAG(s) 'example_skip_dag' retrieved from /home/airflow/.local/lib/python3.12/site-packages/airflow/example_dags/example_skip_dag.py
[2024-06-25T05:43:18.845+0000] {logging_mixin.py:188} INFO - [2024-06-25T05:43:18.844+0000] {dag.py:3096} INFO - Sync 1 DAGs
[2024-06-25T05:43:18.860+0000] {logging_mixin.py:188} INFO - [2024-06-25T05:43:18.860+0000] {dag.py:3954} INFO - Setting next_dagrun for example_skip_dag to 2024-06-24 00:00:00+00:00, run_after=2024-06-25 00:00:00+00:00
[2024-06-25T05:43:18.875+0000] {processor.py:183} INFO - Processing /home/airflow/.local/lib/python3.12/site-packages/airflow/example_dags/example_skip_dag.py took 0.071 seconds
[2024-06-25T05:43:49.298+0000] {processor.py:161} INFO - Started process (PID=91) to work on /home/airflow/.local/lib/python3.12/site-packages/airflow/example_dags/example_skip_dag.py
[2024-06-25T05:43:49.299+0000] {processor.py:830} INFO - Processing file /home/airflow/.local/lib/python3.12/site-packages/airflow/example_dags/example_skip_dag.py for tasks to queue
[2024-06-25T05:43:49.299+0000] {logging_mixin.py:188} INFO - [2024-06-25T05:43:49.299+0000] {dagbag.py:545} INFO - Filling up the DagBag from /home/airflow/.local/lib/python3.12/site-packages/airflow/example_dags/example_skip_dag.py
[2024-06-25T05:43:49.303+0000] {processor.py:840} INFO - DAG(s) 'example_skip_dag' retrieved from /home/airflow/.local/lib/python3.12/site-packages/airflow/example_dags/example_skip_dag.py
[2024-06-25T05:43:49.310+0000] {logging_mixin.py:188} INFO - [2024-06-25T05:43:49.310+0000] {dag.py:3096} INFO - Sync 1 DAGs
[2024-06-25T05:43:49.320+0000] {logging_mixin.py:188} INFO - [2024-06-25T05:43:49.320+0000] {dag.py:3954} INFO - Setting next_dagrun for example_skip_dag to 2024-06-24 00:00:00+00:00, run_after=2024-06-25 00:00:00+00:00
[2024-06-25T05:43:49.329+0000] {processor.py:183} INFO - Processing /home/airflow/.local/lib/python3.12/site-packages/airflow/example_dags/example_skip_dag.py took 0.034 seconds
[2024-06-25T05:44:19.987+0000] {processor.py:161} INFO - Started process (PID=149) to work on /home/airflow/.local/lib/python3.12/site-packages/airflow/example_dags/example_skip_dag.py
[2024-06-25T05:44:19.989+0000] {processor.py:830} INFO - Processing file /home/airflow/.local/lib/python3.12/site-packages/airflow/example_dags/example_skip_dag.py for tasks to queue
[2024-06-25T05:44:19.990+0000] {logging_mixin.py:188} INFO - [2024-06-25T05:44:19.990+0000] {dagbag.py:545} INFO - Filling up the DagBag from /home/airflow/.local/lib/python3.12/site-packages/airflow/example_dags/example_skip_dag.py
[2024-06-25T05:44:19.993+0000] {processor.py:840} INFO - DAG(s) 'example_skip_dag' retrieved from /home/airflow/.local/lib/python3.12/site-packages/airflow/example_dags/example_skip_dag.py
[2024-06-25T05:44:20.040+0000] {logging_mixin.py:188} INFO - [2024-06-25T05:44:20.040+0000] {dag.py:3096} INFO - Sync 1 DAGs
[2024-06-25T05:44:20.048+0000] {logging_mixin.py:188} INFO - [2024-06-25T05:44:20.048+0000] {dag.py:3954} INFO - Setting next_dagrun for example_skip_dag to 2024-06-24 00:00:00+00:00, run_after=2024-06-25 00:00:00+00:00
[2024-06-25T05:44:20.056+0000] {processor.py:183} INFO - Processing /home/airflow/.local/lib/python3.12/site-packages/airflow/example_dags/example_skip_dag.py took 0.072 seconds
[2024-06-25T05:44:50.316+0000] {processor.py:161} INFO - Started process (PID=207) to work on /home/airflow/.local/lib/python3.12/site-packages/airflow/example_dags/example_skip_dag.py
[2024-06-25T05:44:50.316+0000] {processor.py:830} INFO - Processing file /home/airflow/.local/lib/python3.12/site-packages/airflow/example_dags/example_skip_dag.py for tasks to queue
[2024-06-25T05:44:50.317+0000] {logging_mixin.py:188} INFO - [2024-06-25T05:44:50.317+0000] {dagbag.py:545} INFO - Filling up the DagBag from /home/airflow/.local/lib/python3.12/site-packages/airflow/example_dags/example_skip_dag.py
[2024-06-25T05:44:50.320+0000] {processor.py:840} INFO - DAG(s) 'example_skip_dag' retrieved from /home/airflow/.local/lib/python3.12/site-packages/airflow/example_dags/example_skip_dag.py
[2024-06-25T05:44:50.331+0000] {logging_mixin.py:188} INFO - [2024-06-25T05:44:50.331+0000] {dag.py:3096} INFO - Sync 1 DAGs
[2024-06-25T05:44:50.342+0000] {logging_mixin.py:188} INFO - [2024-06-25T05:44:50.342+0000] {dag.py:3954} INFO - Setting next_dagrun for example_skip_dag to 2024-06-24 00:00:00+00:00, run_after=2024-06-25 00:00:00+00:00
[2024-06-25T05:44:50.351+0000] {processor.py:183} INFO - Processing /home/airflow/.local/lib/python3.12/site-packages/airflow/example_dags/example_skip_dag.py took 0.038 seconds
[2024-06-25T05:45:20.967+0000] {processor.py:161} INFO - Started process (PID=264) to work on /home/airflow/.local/lib/python3.12/site-packages/airflow/example_dags/example_skip_dag.py
[2024-06-25T05:45:20.967+0000] {processor.py:830} INFO - Processing file /home/airflow/.local/lib/python3.12/site-packages/airflow/example_dags/example_skip_dag.py for tasks to queue
[2024-06-25T05:45:20.968+0000] {logging_mixin.py:188} INFO - [2024-06-25T05:45:20.968+0000] {dagbag.py:545} INFO - Filling up the DagBag from /home/airflow/.local/lib/python3.12/site-packages/airflow/example_dags/example_skip_dag.py
[2024-06-25T05:45:20.972+0000] {processor.py:840} INFO - DAG(s) 'example_skip_dag' retrieved from /home/airflow/.local/lib/python3.12/site-packages/airflow/example_dags/example_skip_dag.py
[2024-06-25T05:45:20.981+0000] {logging_mixin.py:188} INFO - [2024-06-25T05:45:20.981+0000] {dag.py:3096} INFO - Sync 1 DAGs
[2024-06-25T05:45:20.992+0000] {logging_mixin.py:188} INFO - [2024-06-25T05:45:20.992+0000] {dag.py:3954} INFO - Setting next_dagrun for example_skip_dag to 2024-06-24 00:00:00+00:00, run_after=2024-06-25 00:00:00+00:00
[2024-06-25T05:45:21.000+0000] {processor.py:183} INFO - Processing /home/airflow/.local/lib/python3.12/site-packages/airflow/example_dags/example_skip_dag.py took 0.036 seconds
[2024-06-25T05:45:51.679+0000] {processor.py:161} INFO - Started process (PID=322) to work on /home/airflow/.local/lib/python3.12/site-packages/airflow/example_dags/example_skip_dag.py
[2024-06-25T05:45:51.680+0000] {processor.py:830} INFO - Processing file /home/airflow/.local/lib/python3.12/site-packages/airflow/example_dags/example_skip_dag.py for tasks to queue
[2024-06-25T05:45:51.681+0000] {logging_mixin.py:188} INFO - [2024-06-25T05:45:51.681+0000] {dagbag.py:545} INFO - Filling up the DagBag from /home/airflow/.local/lib/python3.12/site-packages/airflow/example_dags/example_skip_dag.py
[2024-06-25T05:45:51.684+0000] {processor.py:840} INFO - DAG(s) 'example_skip_dag' retrieved from /home/airflow/.local/lib/python3.12/site-packages/airflow/example_dags/example_skip_dag.py
[2024-06-25T05:45:51.694+0000] {logging_mixin.py:188} INFO - [2024-06-25T05:45:51.694+0000] {dag.py:3096} INFO - Sync 1 DAGs
[2024-06-25T05:45:51.704+0000] {logging_mixin.py:188} INFO - [2024-06-25T05:45:51.704+0000] {dag.py:3954} INFO - Setting next_dagrun for example_skip_dag to 2024-06-24 00:00:00+00:00, run_after=2024-06-25 00:00:00+00:00
[2024-06-25T05:45:51.713+0000] {processor.py:183} INFO - Processing /home/airflow/.local/lib/python3.12/site-packages/airflow/example_dags/example_skip_dag.py took 0.037 seconds
[2024-06-25T05:46:22.347+0000] {processor.py:161} INFO - Started process (PID=380) to work on /home/airflow/.local/lib/python3.12/site-packages/airflow/example_dags/example_skip_dag.py
[2024-06-25T05:46:22.347+0000] {processor.py:830} INFO - Processing file /home/airflow/.local/lib/python3.12/site-packages/airflow/example_dags/example_skip_dag.py for tasks to queue
[2024-06-25T05:46:22.348+0000] {logging_mixin.py:188} INFO - [2024-06-25T05:46:22.348+0000] {dagbag.py:545} INFO - Filling up the DagBag from /home/airflow/.local/lib/python3.12/site-packages/airflow/example_dags/example_skip_dag.py
[2024-06-25T05:46:22.352+0000] {processor.py:840} INFO - DAG(s) 'example_skip_dag' retrieved from /home/airflow/.local/lib/python3.12/site-packages/airflow/example_dags/example_skip_dag.py
[2024-06-25T05:46:22.362+0000] {logging_mixin.py:188} INFO - [2024-06-25T05:46:22.362+0000] {dag.py:3096} INFO - Sync 1 DAGs
[2024-06-25T05:46:22.372+0000] {logging_mixin.py:188} INFO - [2024-06-25T05:46:22.372+0000] {dag.py:3954} INFO - Setting next_dagrun for example_skip_dag to 2024-06-24 00:00:00+00:00, run_after=2024-06-25 00:00:00+00:00
[2024-06-25T05:46:22.380+0000] {processor.py:183} INFO - Processing /home/airflow/.local/lib/python3.12/site-packages/airflow/example_dags/example_skip_dag.py took 0.036 seconds
[2024-06-25T05:46:52.694+0000] {processor.py:161} INFO - Started process (PID=438) to work on /home/airflow/.local/lib/python3.12/site-packages/airflow/example_dags/example_skip_dag.py
[2024-06-25T05:46:52.696+0000] {processor.py:830} INFO - Processing file /home/airflow/.local/lib/python3.12/site-packages/airflow/example_dags/example_skip_dag.py for tasks to queue
[2024-06-25T05:46:52.697+0000] {logging_mixin.py:188} INFO - [2024-06-25T05:46:52.697+0000] {dagbag.py:545} INFO - Filling up the DagBag from /home/airflow/.local/lib/python3.12/site-packages/airflow/example_dags/example_skip_dag.py
[2024-06-25T05:46:52.700+0000] {processor.py:840} INFO - DAG(s) 'example_skip_dag' retrieved from /home/airflow/.local/lib/python3.12/site-packages/airflow/example_dags/example_skip_dag.py
[2024-06-25T05:46:52.712+0000] {logging_mixin.py:188} INFO - [2024-06-25T05:46:52.712+0000] {dag.py:3096} INFO - Sync 1 DAGs
[2024-06-25T05:46:52.723+0000] {logging_mixin.py:188} INFO - [2024-06-25T05:46:52.723+0000] {dag.py:3954} INFO - Setting next_dagrun for example_skip_dag to 2024-06-24 00:00:00+00:00, run_after=2024-06-25 00:00:00+00:00
[2024-06-25T05:46:52.734+0000] {processor.py:183} INFO - Processing /home/airflow/.local/lib/python3.12/site-packages/airflow/example_dags/example_skip_dag.py took 0.043 seconds
[2024-06-25T05:47:32.535+0000] {processor.py:161} INFO - Started process (PID=495) to work on /home/airflow/.local/lib/python3.12/site-packages/airflow/example_dags/example_skip_dag.py
[2024-06-25T05:47:32.539+0000] {processor.py:830} INFO - Processing file /home/airflow/.local/lib/python3.12/site-packages/airflow/example_dags/example_skip_dag.py for tasks to queue
[2024-06-25T05:47:32.544+0000] {logging_mixin.py:188} INFO - [2024-06-25T05:47:32.543+0000] {dagbag.py:545} INFO - Filling up the DagBag from /home/airflow/.local/lib/python3.12/site-packages/airflow/example_dags/example_skip_dag.py
[2024-06-25T05:47:32.552+0000] {processor.py:840} INFO - DAG(s) 'example_skip_dag' retrieved from /home/airflow/.local/lib/python3.12/site-packages/airflow/example_dags/example_skip_dag.py
[2024-06-25T05:47:32.603+0000] {logging_mixin.py:188} INFO - [2024-06-25T05:47:32.603+0000] {dag.py:3096} INFO - Sync 1 DAGs
[2024-06-25T05:47:32.645+0000] {logging_mixin.py:188} INFO - [2024-06-25T05:47:32.645+0000] {dag.py:3954} INFO - Setting next_dagrun for example_skip_dag to 2024-06-24 00:00:00+00:00, run_after=2024-06-25 00:00:00+00:00
[2024-06-25T05:47:32.673+0000] {processor.py:183} INFO - Processing /home/airflow/.local/lib/python3.12/site-packages/airflow/example_dags/example_skip_dag.py took 0.142 seconds
[2024-06-25T05:48:03.293+0000] {processor.py:161} INFO - Started process (PID=554) to work on /home/airflow/.local/lib/python3.12/site-packages/airflow/example_dags/example_skip_dag.py
[2024-06-25T05:48:03.296+0000] {processor.py:830} INFO - Processing file /home/airflow/.local/lib/python3.12/site-packages/airflow/example_dags/example_skip_dag.py for tasks to queue
[2024-06-25T05:48:03.299+0000] {logging_mixin.py:188} INFO - [2024-06-25T05:48:03.298+0000] {dagbag.py:545} INFO - Filling up the DagBag from /home/airflow/.local/lib/python3.12/site-packages/airflow/example_dags/example_skip_dag.py
[2024-06-25T05:48:03.311+0000] {processor.py:840} INFO - DAG(s) 'example_skip_dag' retrieved from /home/airflow/.local/lib/python3.12/site-packages/airflow/example_dags/example_skip_dag.py
[2024-06-25T05:48:03.358+0000] {logging_mixin.py:188} INFO - [2024-06-25T05:48:03.357+0000] {dag.py:3096} INFO - Sync 1 DAGs
[2024-06-25T05:48:03.374+0000] {logging_mixin.py:188} INFO - [2024-06-25T05:48:03.374+0000] {dag.py:3954} INFO - Setting next_dagrun for example_skip_dag to 2024-06-24 00:00:00+00:00, run_after=2024-06-25 00:00:00+00:00
[2024-06-25T05:48:03.384+0000] {processor.py:183} INFO - Processing /home/airflow/.local/lib/python3.12/site-packages/airflow/example_dags/example_skip_dag.py took 0.096 seconds
[2024-06-25T05:48:33.700+0000] {processor.py:161} INFO - Started process (PID=612) to work on /home/airflow/.local/lib/python3.12/site-packages/airflow/example_dags/example_skip_dag.py
[2024-06-25T05:48:33.702+0000] {processor.py:830} INFO - Processing file /home/airflow/.local/lib/python3.12/site-packages/airflow/example_dags/example_skip_dag.py for tasks to queue
[2024-06-25T05:48:33.704+0000] {logging_mixin.py:188} INFO - [2024-06-25T05:48:33.704+0000] {dagbag.py:545} INFO - Filling up the DagBag from /home/airflow/.local/lib/python3.12/site-packages/airflow/example_dags/example_skip_dag.py
[2024-06-25T05:48:33.714+0000] {processor.py:840} INFO - DAG(s) 'example_skip_dag' retrieved from /home/airflow/.local/lib/python3.12/site-packages/airflow/example_dags/example_skip_dag.py
[2024-06-25T05:48:33.748+0000] {logging_mixin.py:188} INFO - [2024-06-25T05:48:33.747+0000] {dag.py:3096} INFO - Sync 1 DAGs
[2024-06-25T05:48:33.775+0000] {logging_mixin.py:188} INFO - [2024-06-25T05:48:33.775+0000] {dag.py:3954} INFO - Setting next_dagrun for example_skip_dag to 2024-06-24 00:00:00+00:00, run_after=2024-06-25 00:00:00+00:00
[2024-06-25T05:48:33.801+0000] {processor.py:183} INFO - Processing /home/airflow/.local/lib/python3.12/site-packages/airflow/example_dags/example_skip_dag.py took 0.107 seconds
[2024-06-25T05:49:03.820+0000] {processor.py:161} INFO - Started process (PID=670) to work on /home/airflow/.local/lib/python3.12/site-packages/airflow/example_dags/example_skip_dag.py
[2024-06-25T05:49:03.821+0000] {processor.py:830} INFO - Processing file /home/airflow/.local/lib/python3.12/site-packages/airflow/example_dags/example_skip_dag.py for tasks to queue
[2024-06-25T05:49:03.822+0000] {logging_mixin.py:188} INFO - [2024-06-25T05:49:03.822+0000] {dagbag.py:545} INFO - Filling up the DagBag from /home/airflow/.local/lib/python3.12/site-packages/airflow/example_dags/example_skip_dag.py
[2024-06-25T05:49:03.826+0000] {processor.py:840} INFO - DAG(s) 'example_skip_dag' retrieved from /home/airflow/.local/lib/python3.12/site-packages/airflow/example_dags/example_skip_dag.py
[2024-06-25T05:49:03.837+0000] {logging_mixin.py:188} INFO - [2024-06-25T05:49:03.837+0000] {dag.py:3096} INFO - Sync 1 DAGs
[2024-06-25T05:49:03.847+0000] {logging_mixin.py:188} INFO - [2024-06-25T05:49:03.846+0000] {dag.py:3954} INFO - Setting next_dagrun for example_skip_dag to 2024-06-24 00:00:00+00:00, run_after=2024-06-25 00:00:00+00:00
[2024-06-25T05:49:03.855+0000] {processor.py:183} INFO - Processing /home/airflow/.local/lib/python3.12/site-packages/airflow/example_dags/example_skip_dag.py took 0.038 seconds
[2024-06-25T05:49:34.232+0000] {processor.py:161} INFO - Started process (PID=728) to work on /home/airflow/.local/lib/python3.12/site-packages/airflow/example_dags/example_skip_dag.py
[2024-06-25T05:49:34.232+0000] {processor.py:830} INFO - Processing file /home/airflow/.local/lib/python3.12/site-packages/airflow/example_dags/example_skip_dag.py for tasks to queue
[2024-06-25T05:49:34.233+0000] {logging_mixin.py:188} INFO - [2024-06-25T05:49:34.233+0000] {dagbag.py:545} INFO - Filling up the DagBag from /home/airflow/.local/lib/python3.12/site-packages/airflow/example_dags/example_skip_dag.py
[2024-06-25T05:49:34.236+0000] {processor.py:840} INFO - DAG(s) 'example_skip_dag' retrieved from /home/airflow/.local/lib/python3.12/site-packages/airflow/example_dags/example_skip_dag.py
[2024-06-25T05:49:34.247+0000] {logging_mixin.py:188} INFO - [2024-06-25T05:49:34.247+0000] {dag.py:3096} INFO - Sync 1 DAGs
[2024-06-25T05:49:34.256+0000] {logging_mixin.py:188} INFO - [2024-06-25T05:49:34.256+0000] {dag.py:3954} INFO - Setting next_dagrun for example_skip_dag to 2024-06-24 00:00:00+00:00, run_after=2024-06-25 00:00:00+00:00
[2024-06-25T05:49:34.263+0000] {processor.py:183} INFO - Processing /home/airflow/.local/lib/python3.12/site-packages/airflow/example_dags/example_skip_dag.py took 0.034 seconds
[2024-06-25T05:50:04.372+0000] {processor.py:161} INFO - Started process (PID=786) to work on /home/airflow/.local/lib/python3.12/site-packages/airflow/example_dags/example_skip_dag.py
[2024-06-25T05:50:04.372+0000] {processor.py:830} INFO - Processing file /home/airflow/.local/lib/python3.12/site-packages/airflow/example_dags/example_skip_dag.py for tasks to queue
[2024-06-25T05:50:04.373+0000] {logging_mixin.py:188} INFO - [2024-06-25T05:50:04.373+0000] {dagbag.py:545} INFO - Filling up the DagBag from /home/airflow/.local/lib/python3.12/site-packages/airflow/example_dags/example_skip_dag.py
[2024-06-25T05:50:04.377+0000] {processor.py:840} INFO - DAG(s) 'example_skip_dag' retrieved from /home/airflow/.local/lib/python3.12/site-packages/airflow/example_dags/example_skip_dag.py
[2024-06-25T05:50:04.388+0000] {logging_mixin.py:188} INFO - [2024-06-25T05:50:04.388+0000] {dag.py:3096} INFO - Sync 1 DAGs
[2024-06-25T05:50:04.400+0000] {logging_mixin.py:188} INFO - [2024-06-25T05:50:04.400+0000] {dag.py:3954} INFO - Setting next_dagrun for example_skip_dag to 2024-06-24 00:00:00+00:00, run_after=2024-06-25 00:00:00+00:00
[2024-06-25T05:50:04.409+0000] {processor.py:183} INFO - Processing /home/airflow/.local/lib/python3.12/site-packages/airflow/example_dags/example_skip_dag.py took 0.040 seconds
[2024-06-25T05:50:34.481+0000] {processor.py:161} INFO - Started process (PID=844) to work on /home/airflow/.local/lib/python3.12/site-packages/airflow/example_dags/example_skip_dag.py
[2024-06-25T05:50:34.482+0000] {processor.py:830} INFO - Processing file /home/airflow/.local/lib/python3.12/site-packages/airflow/example_dags/example_skip_dag.py for tasks to queue
[2024-06-25T05:50:34.483+0000] {logging_mixin.py:188} INFO - [2024-06-25T05:50:34.482+0000] {dagbag.py:545} INFO - Filling up the DagBag from /home/airflow/.local/lib/python3.12/site-packages/airflow/example_dags/example_skip_dag.py
[2024-06-25T05:50:34.486+0000] {processor.py:840} INFO - DAG(s) 'example_skip_dag' retrieved from /home/airflow/.local/lib/python3.12/site-packages/airflow/example_dags/example_skip_dag.py
[2024-06-25T05:50:34.496+0000] {logging_mixin.py:188} INFO - [2024-06-25T05:50:34.496+0000] {dag.py:3096} INFO - Sync 1 DAGs
[2024-06-25T05:50:34.506+0000] {logging_mixin.py:188} INFO - [2024-06-25T05:50:34.506+0000] {dag.py:3954} INFO - Setting next_dagrun for example_skip_dag to 2024-06-24 00:00:00+00:00, run_after=2024-06-25 00:00:00+00:00
[2024-06-25T05:50:34.513+0000] {processor.py:183} INFO - Processing /home/airflow/.local/lib/python3.12/site-packages/airflow/example_dags/example_skip_dag.py took 0.035 seconds
[2024-06-25T05:51:04.652+0000] {processor.py:161} INFO - Started process (PID=902) to work on /home/airflow/.local/lib/python3.12/site-packages/airflow/example_dags/example_skip_dag.py
[2024-06-25T05:51:04.653+0000] {processor.py:830} INFO - Processing file /home/airflow/.local/lib/python3.12/site-packages/airflow/example_dags/example_skip_dag.py for tasks to queue
[2024-06-25T05:51:04.654+0000] {logging_mixin.py:188} INFO - [2024-06-25T05:51:04.654+0000] {dagbag.py:545} INFO - Filling up the DagBag from /home/airflow/.local/lib/python3.12/site-packages/airflow/example_dags/example_skip_dag.py
[2024-06-25T05:51:04.657+0000] {processor.py:840} INFO - DAG(s) 'example_skip_dag' retrieved from /home/airflow/.local/lib/python3.12/site-packages/airflow/example_dags/example_skip_dag.py
[2024-06-25T05:51:04.667+0000] {logging_mixin.py:188} INFO - [2024-06-25T05:51:04.667+0000] {dag.py:3096} INFO - Sync 1 DAGs
[2024-06-25T05:51:04.677+0000] {logging_mixin.py:188} INFO - [2024-06-25T05:51:04.677+0000] {dag.py:3954} INFO - Setting next_dagrun for example_skip_dag to 2024-06-24 00:00:00+00:00, run_after=2024-06-25 00:00:00+00:00
[2024-06-25T05:51:04.685+0000] {processor.py:183} INFO - Processing /home/airflow/.local/lib/python3.12/site-packages/airflow/example_dags/example_skip_dag.py took 0.035 seconds
[2024-06-25T05:51:35.450+0000] {processor.py:161} INFO - Started process (PID=960) to work on /home/airflow/.local/lib/python3.12/site-packages/airflow/example_dags/example_skip_dag.py
[2024-06-25T05:51:35.451+0000] {processor.py:830} INFO - Processing file /home/airflow/.local/lib/python3.12/site-packages/airflow/example_dags/example_skip_dag.py for tasks to queue
[2024-06-25T05:51:35.452+0000] {logging_mixin.py:188} INFO - [2024-06-25T05:51:35.451+0000] {dagbag.py:545} INFO - Filling up the DagBag from /home/airflow/.local/lib/python3.12/site-packages/airflow/example_dags/example_skip_dag.py
[2024-06-25T05:51:35.455+0000] {processor.py:840} INFO - DAG(s) 'example_skip_dag' retrieved from /home/airflow/.local/lib/python3.12/site-packages/airflow/example_dags/example_skip_dag.py
[2024-06-25T05:51:35.466+0000] {logging_mixin.py:188} INFO - [2024-06-25T05:51:35.466+0000] {dag.py:3096} INFO - Sync 1 DAGs
[2024-06-25T05:51:35.475+0000] {logging_mixin.py:188} INFO - [2024-06-25T05:51:35.475+0000] {dag.py:3954} INFO - Setting next_dagrun for example_skip_dag to 2024-06-24 00:00:00+00:00, run_after=2024-06-25 00:00:00+00:00
[2024-06-25T05:51:35.483+0000] {processor.py:183} INFO - Processing /home/airflow/.local/lib/python3.12/site-packages/airflow/example_dags/example_skip_dag.py took 0.036 seconds
[2024-06-25T05:52:05.543+0000] {processor.py:161} INFO - Started process (PID=1018) to work on /home/airflow/.local/lib/python3.12/site-packages/airflow/example_dags/example_skip_dag.py
[2024-06-25T05:52:05.544+0000] {processor.py:830} INFO - Processing file /home/airflow/.local/lib/python3.12/site-packages/airflow/example_dags/example_skip_dag.py for tasks to queue
[2024-06-25T05:52:05.545+0000] {logging_mixin.py:188} INFO - [2024-06-25T05:52:05.545+0000] {dagbag.py:545} INFO - Filling up the DagBag from /home/airflow/.local/lib/python3.12/site-packages/airflow/example_dags/example_skip_dag.py
[2024-06-25T05:52:05.548+0000] {processor.py:840} INFO - DAG(s) 'example_skip_dag' retrieved from /home/airflow/.local/lib/python3.12/site-packages/airflow/example_dags/example_skip_dag.py
[2024-06-25T05:52:05.558+0000] {logging_mixin.py:188} INFO - [2024-06-25T05:52:05.558+0000] {dag.py:3096} INFO - Sync 1 DAGs
[2024-06-25T05:52:05.568+0000] {logging_mixin.py:188} INFO - [2024-06-25T05:52:05.568+0000] {dag.py:3954} INFO - Setting next_dagrun for example_skip_dag to 2024-06-24 00:00:00+00:00, run_after=2024-06-25 00:00:00+00:00
[2024-06-25T05:52:05.576+0000] {processor.py:183} INFO - Processing /home/airflow/.local/lib/python3.12/site-packages/airflow/example_dags/example_skip_dag.py took 0.036 seconds
[2024-06-25T05:52:36.317+0000] {processor.py:161} INFO - Started process (PID=1076) to work on /home/airflow/.local/lib/python3.12/site-packages/airflow/example_dags/example_skip_dag.py
[2024-06-25T05:52:36.318+0000] {processor.py:830} INFO - Processing file /home/airflow/.local/lib/python3.12/site-packages/airflow/example_dags/example_skip_dag.py for tasks to queue
[2024-06-25T05:52:36.319+0000] {logging_mixin.py:188} INFO - [2024-06-25T05:52:36.319+0000] {dagbag.py:545} INFO - Filling up the DagBag from /home/airflow/.local/lib/python3.12/site-packages/airflow/example_dags/example_skip_dag.py
[2024-06-25T05:52:36.324+0000] {processor.py:840} INFO - DAG(s) 'example_skip_dag' retrieved from /home/airflow/.local/lib/python3.12/site-packages/airflow/example_dags/example_skip_dag.py
[2024-06-25T05:52:36.337+0000] {logging_mixin.py:188} INFO - [2024-06-25T05:52:36.337+0000] {dag.py:3096} INFO - Sync 1 DAGs
[2024-06-25T05:52:36.346+0000] {logging_mixin.py:188} INFO - [2024-06-25T05:52:36.346+0000] {dag.py:3954} INFO - Setting next_dagrun for example_skip_dag to 2024-06-24 00:00:00+00:00, run_after=2024-06-25 00:00:00+00:00
[2024-06-25T05:52:36.354+0000] {processor.py:183} INFO - Processing /home/airflow/.local/lib/python3.12/site-packages/airflow/example_dags/example_skip_dag.py took 0.041 seconds
[2024-06-25T05:53:06.946+0000] {processor.py:161} INFO - Started process (PID=1134) to work on /home/airflow/.local/lib/python3.12/site-packages/airflow/example_dags/example_skip_dag.py
[2024-06-25T05:53:06.947+0000] {processor.py:830} INFO - Processing file /home/airflow/.local/lib/python3.12/site-packages/airflow/example_dags/example_skip_dag.py for tasks to queue
[2024-06-25T05:53:06.948+0000] {logging_mixin.py:188} INFO - [2024-06-25T05:53:06.948+0000] {dagbag.py:545} INFO - Filling up the DagBag from /home/airflow/.local/lib/python3.12/site-packages/airflow/example_dags/example_skip_dag.py
[2024-06-25T05:53:06.951+0000] {processor.py:840} INFO - DAG(s) 'example_skip_dag' retrieved from /home/airflow/.local/lib/python3.12/site-packages/airflow/example_dags/example_skip_dag.py
[2024-06-25T05:53:06.961+0000] {logging_mixin.py:188} INFO - [2024-06-25T05:53:06.961+0000] {dag.py:3096} INFO - Sync 1 DAGs
[2024-06-25T05:53:06.974+0000] {logging_mixin.py:188} INFO - [2024-06-25T05:53:06.973+0000] {dag.py:3954} INFO - Setting next_dagrun for example_skip_dag to 2024-06-24 00:00:00+00:00, run_after=2024-06-25 00:00:00+00:00
[2024-06-25T05:53:06.999+0000] {processor.py:183} INFO - Processing /home/airflow/.local/lib/python3.12/site-packages/airflow/example_dags/example_skip_dag.py took 0.056 seconds
[2024-06-25T05:53:37.112+0000] {processor.py:161} INFO - Started process (PID=1192) to work on /home/airflow/.local/lib/python3.12/site-packages/airflow/example_dags/example_skip_dag.py
[2024-06-25T05:53:37.112+0000] {processor.py:830} INFO - Processing file /home/airflow/.local/lib/python3.12/site-packages/airflow/example_dags/example_skip_dag.py for tasks to queue
[2024-06-25T05:53:37.113+0000] {logging_mixin.py:188} INFO - [2024-06-25T05:53:37.113+0000] {dagbag.py:545} INFO - Filling up the DagBag from /home/airflow/.local/lib/python3.12/site-packages/airflow/example_dags/example_skip_dag.py
[2024-06-25T05:53:37.117+0000] {processor.py:840} INFO - DAG(s) 'example_skip_dag' retrieved from /home/airflow/.local/lib/python3.12/site-packages/airflow/example_dags/example_skip_dag.py
[2024-06-25T05:53:37.127+0000] {logging_mixin.py:188} INFO - [2024-06-25T05:53:37.127+0000] {dag.py:3096} INFO - Sync 1 DAGs
[2024-06-25T05:53:37.140+0000] {logging_mixin.py:188} INFO - [2024-06-25T05:53:37.140+0000] {dag.py:3954} INFO - Setting next_dagrun for example_skip_dag to 2024-06-24 00:00:00+00:00, run_after=2024-06-25 00:00:00+00:00
[2024-06-25T05:53:37.147+0000] {processor.py:183} INFO - Processing /home/airflow/.local/lib/python3.12/site-packages/airflow/example_dags/example_skip_dag.py took 0.038 seconds
[2024-06-25T05:54:07.972+0000] {processor.py:161} INFO - Started process (PID=1250) to work on /home/airflow/.local/lib/python3.12/site-packages/airflow/example_dags/example_skip_dag.py
[2024-06-25T05:54:07.973+0000] {processor.py:830} INFO - Processing file /home/airflow/.local/lib/python3.12/site-packages/airflow/example_dags/example_skip_dag.py for tasks to queue
[2024-06-25T05:54:07.974+0000] {logging_mixin.py:188} INFO - [2024-06-25T05:54:07.974+0000] {dagbag.py:545} INFO - Filling up the DagBag from /home/airflow/.local/lib/python3.12/site-packages/airflow/example_dags/example_skip_dag.py
[2024-06-25T05:54:07.982+0000] {processor.py:840} INFO - DAG(s) 'example_skip_dag' retrieved from /home/airflow/.local/lib/python3.12/site-packages/airflow/example_dags/example_skip_dag.py
[2024-06-25T05:54:07.996+0000] {logging_mixin.py:188} INFO - [2024-06-25T05:54:07.996+0000] {dag.py:3096} INFO - Sync 1 DAGs
[2024-06-25T05:54:08.007+0000] {logging_mixin.py:188} INFO - [2024-06-25T05:54:08.006+0000] {dag.py:3954} INFO - Setting next_dagrun for example_skip_dag to 2024-06-24 00:00:00+00:00, run_after=2024-06-25 00:00:00+00:00
[2024-06-25T05:54:08.015+0000] {processor.py:183} INFO - Processing /home/airflow/.local/lib/python3.12/site-packages/airflow/example_dags/example_skip_dag.py took 0.046 seconds
[2024-06-25T05:54:38.139+0000] {processor.py:161} INFO - Started process (PID=1307) to work on /home/airflow/.local/lib/python3.12/site-packages/airflow/example_dags/example_skip_dag.py
[2024-06-25T05:54:38.140+0000] {processor.py:830} INFO - Processing file /home/airflow/.local/lib/python3.12/site-packages/airflow/example_dags/example_skip_dag.py for tasks to queue
[2024-06-25T05:54:38.141+0000] {logging_mixin.py:188} INFO - [2024-06-25T05:54:38.141+0000] {dagbag.py:545} INFO - Filling up the DagBag from /home/airflow/.local/lib/python3.12/site-packages/airflow/example_dags/example_skip_dag.py
[2024-06-25T05:54:38.144+0000] {processor.py:840} INFO - DAG(s) 'example_skip_dag' retrieved from /home/airflow/.local/lib/python3.12/site-packages/airflow/example_dags/example_skip_dag.py
[2024-06-25T05:54:38.154+0000] {logging_mixin.py:188} INFO - [2024-06-25T05:54:38.154+0000] {dag.py:3096} INFO - Sync 1 DAGs
[2024-06-25T05:54:38.163+0000] {logging_mixin.py:188} INFO - [2024-06-25T05:54:38.163+0000] {dag.py:3954} INFO - Setting next_dagrun for example_skip_dag to 2024-06-24 00:00:00+00:00, run_after=2024-06-25 00:00:00+00:00
[2024-06-25T05:54:38.170+0000] {processor.py:183} INFO - Processing /home/airflow/.local/lib/python3.12/site-packages/airflow/example_dags/example_skip_dag.py took 0.033 seconds
[2024-06-25T05:55:08.295+0000] {processor.py:161} INFO - Started process (PID=1365) to work on /home/airflow/.local/lib/python3.12/site-packages/airflow/example_dags/example_skip_dag.py
[2024-06-25T05:55:08.296+0000] {processor.py:830} INFO - Processing file /home/airflow/.local/lib/python3.12/site-packages/airflow/example_dags/example_skip_dag.py for tasks to queue
[2024-06-25T05:55:08.297+0000] {logging_mixin.py:188} INFO - [2024-06-25T05:55:08.297+0000] {dagbag.py:545} INFO - Filling up the DagBag from /home/airflow/.local/lib/python3.12/site-packages/airflow/example_dags/example_skip_dag.py
[2024-06-25T05:55:08.301+0000] {processor.py:840} INFO - DAG(s) 'example_skip_dag' retrieved from /home/airflow/.local/lib/python3.12/site-packages/airflow/example_dags/example_skip_dag.py
[2024-06-25T05:55:08.311+0000] {logging_mixin.py:188} INFO - [2024-06-25T05:55:08.311+0000] {dag.py:3096} INFO - Sync 1 DAGs
[2024-06-25T05:55:08.320+0000] {logging_mixin.py:188} INFO - [2024-06-25T05:55:08.320+0000] {dag.py:3954} INFO - Setting next_dagrun for example_skip_dag to 2024-06-24 00:00:00+00:00, run_after=2024-06-25 00:00:00+00:00
[2024-06-25T05:55:08.327+0000] {processor.py:183} INFO - Processing /home/airflow/.local/lib/python3.12/site-packages/airflow/example_dags/example_skip_dag.py took 0.035 seconds
[2024-06-25T05:55:39.195+0000] {processor.py:161} INFO - Started process (PID=1423) to work on /home/airflow/.local/lib/python3.12/site-packages/airflow/example_dags/example_skip_dag.py
[2024-06-25T05:55:39.196+0000] {processor.py:830} INFO - Processing file /home/airflow/.local/lib/python3.12/site-packages/airflow/example_dags/example_skip_dag.py for tasks to queue
[2024-06-25T05:55:39.197+0000] {logging_mixin.py:188} INFO - [2024-06-25T05:55:39.197+0000] {dagbag.py:545} INFO - Filling up the DagBag from /home/airflow/.local/lib/python3.12/site-packages/airflow/example_dags/example_skip_dag.py
[2024-06-25T05:55:39.200+0000] {processor.py:840} INFO - DAG(s) 'example_skip_dag' retrieved from /home/airflow/.local/lib/python3.12/site-packages/airflow/example_dags/example_skip_dag.py
[2024-06-25T05:55:39.210+0000] {logging_mixin.py:188} INFO - [2024-06-25T05:55:39.210+0000] {dag.py:3096} INFO - Sync 1 DAGs
[2024-06-25T05:55:39.219+0000] {logging_mixin.py:188} INFO - [2024-06-25T05:55:39.219+0000] {dag.py:3954} INFO - Setting next_dagrun for example_skip_dag to 2024-06-24 00:00:00+00:00, run_after=2024-06-25 00:00:00+00:00
[2024-06-25T05:55:39.226+0000] {processor.py:183} INFO - Processing /home/airflow/.local/lib/python3.12/site-packages/airflow/example_dags/example_skip_dag.py took 0.034 seconds
[2024-06-25T05:56:09.435+0000] {processor.py:161} INFO - Started process (PID=1481) to work on /home/airflow/.local/lib/python3.12/site-packages/airflow/example_dags/example_skip_dag.py
[2024-06-25T05:56:09.436+0000] {processor.py:830} INFO - Processing file /home/airflow/.local/lib/python3.12/site-packages/airflow/example_dags/example_skip_dag.py for tasks to queue
[2024-06-25T05:56:09.437+0000] {logging_mixin.py:188} INFO - [2024-06-25T05:56:09.437+0000] {dagbag.py:545} INFO - Filling up the DagBag from /home/airflow/.local/lib/python3.12/site-packages/airflow/example_dags/example_skip_dag.py
[2024-06-25T05:56:09.440+0000] {processor.py:840} INFO - DAG(s) 'example_skip_dag' retrieved from /home/airflow/.local/lib/python3.12/site-packages/airflow/example_dags/example_skip_dag.py
[2024-06-25T05:56:09.450+0000] {logging_mixin.py:188} INFO - [2024-06-25T05:56:09.450+0000] {dag.py:3096} INFO - Sync 1 DAGs
[2024-06-25T05:56:09.459+0000] {logging_mixin.py:188} INFO - [2024-06-25T05:56:09.459+0000] {dag.py:3954} INFO - Setting next_dagrun for example_skip_dag to 2024-06-24 00:00:00+00:00, run_after=2024-06-25 00:00:00+00:00
[2024-06-25T05:56:09.467+0000] {processor.py:183} INFO - Processing /home/airflow/.local/lib/python3.12/site-packages/airflow/example_dags/example_skip_dag.py took 0.034 seconds
[2024-06-25T05:56:40.200+0000] {processor.py:161} INFO - Started process (PID=1539) to work on /home/airflow/.local/lib/python3.12/site-packages/airflow/example_dags/example_skip_dag.py
[2024-06-25T05:56:40.200+0000] {processor.py:830} INFO - Processing file /home/airflow/.local/lib/python3.12/site-packages/airflow/example_dags/example_skip_dag.py for tasks to queue
[2024-06-25T05:56:40.202+0000] {logging_mixin.py:188} INFO - [2024-06-25T05:56:40.201+0000] {dagbag.py:545} INFO - Filling up the DagBag from /home/airflow/.local/lib/python3.12/site-packages/airflow/example_dags/example_skip_dag.py
[2024-06-25T05:56:40.205+0000] {processor.py:840} INFO - DAG(s) 'example_skip_dag' retrieved from /home/airflow/.local/lib/python3.12/site-packages/airflow/example_dags/example_skip_dag.py
[2024-06-25T05:56:40.216+0000] {logging_mixin.py:188} INFO - [2024-06-25T05:56:40.216+0000] {dag.py:3096} INFO - Sync 1 DAGs
[2024-06-25T05:56:40.227+0000] {logging_mixin.py:188} INFO - [2024-06-25T05:56:40.227+0000] {dag.py:3954} INFO - Setting next_dagrun for example_skip_dag to 2024-06-24 00:00:00+00:00, run_after=2024-06-25 00:00:00+00:00
[2024-06-25T05:56:40.237+0000] {processor.py:183} INFO - Processing /home/airflow/.local/lib/python3.12/site-packages/airflow/example_dags/example_skip_dag.py took 0.040 seconds
[2024-06-25T05:57:10.895+0000] {processor.py:161} INFO - Started process (PID=1597) to work on /home/airflow/.local/lib/python3.12/site-packages/airflow/example_dags/example_skip_dag.py
[2024-06-25T05:57:10.895+0000] {processor.py:830} INFO - Processing file /home/airflow/.local/lib/python3.12/site-packages/airflow/example_dags/example_skip_dag.py for tasks to queue
[2024-06-25T05:57:10.896+0000] {logging_mixin.py:188} INFO - [2024-06-25T05:57:10.896+0000] {dagbag.py:545} INFO - Filling up the DagBag from /home/airflow/.local/lib/python3.12/site-packages/airflow/example_dags/example_skip_dag.py
[2024-06-25T05:57:10.900+0000] {processor.py:840} INFO - DAG(s) 'example_skip_dag' retrieved from /home/airflow/.local/lib/python3.12/site-packages/airflow/example_dags/example_skip_dag.py
[2024-06-25T05:57:10.909+0000] {logging_mixin.py:188} INFO - [2024-06-25T05:57:10.909+0000] {dag.py:3096} INFO - Sync 1 DAGs
[2024-06-25T05:57:10.918+0000] {logging_mixin.py:188} INFO - [2024-06-25T05:57:10.918+0000] {dag.py:3954} INFO - Setting next_dagrun for example_skip_dag to 2024-06-24 00:00:00+00:00, run_after=2024-06-25 00:00:00+00:00
[2024-06-25T05:57:10.925+0000] {processor.py:183} INFO - Processing /home/airflow/.local/lib/python3.12/site-packages/airflow/example_dags/example_skip_dag.py took 0.033 seconds
[2024-06-25T05:57:41.650+0000] {processor.py:161} INFO - Started process (PID=1655) to work on /home/airflow/.local/lib/python3.12/site-packages/airflow/example_dags/example_skip_dag.py
[2024-06-25T05:57:41.651+0000] {processor.py:830} INFO - Processing file /home/airflow/.local/lib/python3.12/site-packages/airflow/example_dags/example_skip_dag.py for tasks to queue
[2024-06-25T05:57:41.652+0000] {logging_mixin.py:188} INFO - [2024-06-25T05:57:41.651+0000] {dagbag.py:545} INFO - Filling up the DagBag from /home/airflow/.local/lib/python3.12/site-packages/airflow/example_dags/example_skip_dag.py
[2024-06-25T05:57:41.655+0000] {processor.py:840} INFO - DAG(s) 'example_skip_dag' retrieved from /home/airflow/.local/lib/python3.12/site-packages/airflow/example_dags/example_skip_dag.py
[2024-06-25T05:57:41.665+0000] {logging_mixin.py:188} INFO - [2024-06-25T05:57:41.665+0000] {dag.py:3096} INFO - Sync 1 DAGs
[2024-06-25T05:57:41.674+0000] {logging_mixin.py:188} INFO - [2024-06-25T05:57:41.674+0000] {dag.py:3954} INFO - Setting next_dagrun for example_skip_dag to 2024-06-24 00:00:00+00:00, run_after=2024-06-25 00:00:00+00:00
[2024-06-25T05:57:41.684+0000] {processor.py:183} INFO - Processing /home/airflow/.local/lib/python3.12/site-packages/airflow/example_dags/example_skip_dag.py took 0.036 seconds
