[2024-06-25T05:41:18.886+0000] {processor.py:161} INFO - Started process (PID=62) to work on /home/airflow/.local/lib/python3.12/site-packages/airflow/example_dags/example_task_group_decorator.py
[2024-06-25T05:41:18.887+0000] {processor.py:830} INFO - Processing file /home/airflow/.local/lib/python3.12/site-packages/airflow/example_dags/example_task_group_decorator.py for tasks to queue
[2024-06-25T05:41:18.891+0000] {logging_mixin.py:188} INFO - [2024-06-25T05:41:18.890+0000] {dagbag.py:545} INFO - Filling up the DagBag from /home/airflow/.local/lib/python3.12/site-packages/airflow/example_dags/example_task_group_decorator.py
[2024-06-25T05:41:18.915+0000] {processor.py:840} INFO - DAG(s) 'example_task_group_decorator' retrieved from /home/airflow/.local/lib/python3.12/site-packages/airflow/example_dags/example_task_group_decorator.py
[2024-06-25T05:41:18.934+0000] {logging_mixin.py:188} INFO - [2024-06-25T05:41:18.933+0000] {dag.py:3096} INFO - Sync 1 DAGs
[2024-06-25T05:41:18.975+0000] {logging_mixin.py:188} INFO - [2024-06-25T05:41:18.975+0000] {dag.py:3954} INFO - Setting next_dagrun for example_task_group_decorator to 2024-06-24 00:00:00+00:00, run_after=2024-06-25 00:00:00+00:00
[2024-06-25T05:41:18.999+0000] {processor.py:183} INFO - Processing /home/airflow/.local/lib/python3.12/site-packages/airflow/example_dags/example_task_group_decorator.py took 0.118 seconds
[2024-06-25T05:41:49.089+0000] {processor.py:161} INFO - Started process (PID=120) to work on /home/airflow/.local/lib/python3.12/site-packages/airflow/example_dags/example_task_group_decorator.py
[2024-06-25T05:41:49.089+0000] {processor.py:830} INFO - Processing file /home/airflow/.local/lib/python3.12/site-packages/airflow/example_dags/example_task_group_decorator.py for tasks to queue
[2024-06-25T05:41:49.090+0000] {logging_mixin.py:188} INFO - [2024-06-25T05:41:49.090+0000] {dagbag.py:545} INFO - Filling up the DagBag from /home/airflow/.local/lib/python3.12/site-packages/airflow/example_dags/example_task_group_decorator.py
[2024-06-25T05:41:49.097+0000] {processor.py:840} INFO - DAG(s) 'example_task_group_decorator' retrieved from /home/airflow/.local/lib/python3.12/site-packages/airflow/example_dags/example_task_group_decorator.py
[2024-06-25T05:41:49.143+0000] {logging_mixin.py:188} INFO - [2024-06-25T05:41:49.143+0000] {dag.py:3096} INFO - Sync 1 DAGs
[2024-06-25T05:41:49.152+0000] {logging_mixin.py:188} INFO - [2024-06-25T05:41:49.152+0000] {dag.py:3954} INFO - Setting next_dagrun for example_task_group_decorator to 2024-06-24 00:00:00+00:00, run_after=2024-06-25 00:00:00+00:00
[2024-06-25T05:41:49.160+0000] {processor.py:183} INFO - Processing /home/airflow/.local/lib/python3.12/site-packages/airflow/example_dags/example_task_group_decorator.py took 0.074 seconds
[2024-06-25T05:42:19.189+0000] {processor.py:161} INFO - Started process (PID=178) to work on /home/airflow/.local/lib/python3.12/site-packages/airflow/example_dags/example_task_group_decorator.py
[2024-06-25T05:42:19.190+0000] {processor.py:830} INFO - Processing file /home/airflow/.local/lib/python3.12/site-packages/airflow/example_dags/example_task_group_decorator.py for tasks to queue
[2024-06-25T05:42:19.191+0000] {logging_mixin.py:188} INFO - [2024-06-25T05:42:19.191+0000] {dagbag.py:545} INFO - Filling up the DagBag from /home/airflow/.local/lib/python3.12/site-packages/airflow/example_dags/example_task_group_decorator.py
[2024-06-25T05:42:19.199+0000] {processor.py:840} INFO - DAG(s) 'example_task_group_decorator' retrieved from /home/airflow/.local/lib/python3.12/site-packages/airflow/example_dags/example_task_group_decorator.py
[2024-06-25T05:42:19.211+0000] {logging_mixin.py:188} INFO - [2024-06-25T05:42:19.210+0000] {dag.py:3096} INFO - Sync 1 DAGs
[2024-06-25T05:42:19.220+0000] {logging_mixin.py:188} INFO - [2024-06-25T05:42:19.220+0000] {dag.py:3954} INFO - Setting next_dagrun for example_task_group_decorator to 2024-06-24 00:00:00+00:00, run_after=2024-06-25 00:00:00+00:00
[2024-06-25T05:42:19.227+0000] {processor.py:183} INFO - Processing /home/airflow/.local/lib/python3.12/site-packages/airflow/example_dags/example_task_group_decorator.py took 0.044 seconds
[2024-06-25T05:42:49.494+0000] {processor.py:161} INFO - Started process (PID=236) to work on /home/airflow/.local/lib/python3.12/site-packages/airflow/example_dags/example_task_group_decorator.py
[2024-06-25T05:42:49.494+0000] {processor.py:830} INFO - Processing file /home/airflow/.local/lib/python3.12/site-packages/airflow/example_dags/example_task_group_decorator.py for tasks to queue
[2024-06-25T05:42:49.495+0000] {logging_mixin.py:188} INFO - [2024-06-25T05:42:49.495+0000] {dagbag.py:545} INFO - Filling up the DagBag from /home/airflow/.local/lib/python3.12/site-packages/airflow/example_dags/example_task_group_decorator.py
[2024-06-25T05:42:49.502+0000] {processor.py:840} INFO - DAG(s) 'example_task_group_decorator' retrieved from /home/airflow/.local/lib/python3.12/site-packages/airflow/example_dags/example_task_group_decorator.py
[2024-06-25T05:42:49.514+0000] {logging_mixin.py:188} INFO - [2024-06-25T05:42:49.514+0000] {dag.py:3096} INFO - Sync 1 DAGs
[2024-06-25T05:42:49.524+0000] {logging_mixin.py:188} INFO - [2024-06-25T05:42:49.524+0000] {dag.py:3954} INFO - Setting next_dagrun for example_task_group_decorator to 2024-06-24 00:00:00+00:00, run_after=2024-06-25 00:00:00+00:00
[2024-06-25T05:42:49.533+0000] {processor.py:183} INFO - Processing /home/airflow/.local/lib/python3.12/site-packages/airflow/example_dags/example_task_group_decorator.py took 0.042 seconds
[2024-06-25T05:43:20.788+0000] {processor.py:161} INFO - Started process (PID=61) to work on /home/airflow/.local/lib/python3.12/site-packages/airflow/example_dags/example_task_group_decorator.py
[2024-06-25T05:43:20.791+0000] {processor.py:830} INFO - Processing file /home/airflow/.local/lib/python3.12/site-packages/airflow/example_dags/example_task_group_decorator.py for tasks to queue
[2024-06-25T05:43:20.794+0000] {logging_mixin.py:188} INFO - [2024-06-25T05:43:20.794+0000] {dagbag.py:545} INFO - Filling up the DagBag from /home/airflow/.local/lib/python3.12/site-packages/airflow/example_dags/example_task_group_decorator.py
[2024-06-25T05:43:20.823+0000] {processor.py:840} INFO - DAG(s) 'example_task_group_decorator' retrieved from /home/airflow/.local/lib/python3.12/site-packages/airflow/example_dags/example_task_group_decorator.py
[2024-06-25T05:43:20.869+0000] {logging_mixin.py:188} INFO - [2024-06-25T05:43:20.869+0000] {dag.py:3096} INFO - Sync 1 DAGs
[2024-06-25T05:43:20.906+0000] {logging_mixin.py:188} INFO - [2024-06-25T05:43:20.906+0000] {dag.py:3954} INFO - Setting next_dagrun for example_task_group_decorator to 2024-06-24 00:00:00+00:00, run_after=2024-06-25 00:00:00+00:00
[2024-06-25T05:43:20.942+0000] {processor.py:183} INFO - Processing /home/airflow/.local/lib/python3.12/site-packages/airflow/example_dags/example_task_group_decorator.py took 0.164 seconds
[2024-06-25T05:43:50.979+0000] {processor.py:161} INFO - Started process (PID=119) to work on /home/airflow/.local/lib/python3.12/site-packages/airflow/example_dags/example_task_group_decorator.py
[2024-06-25T05:43:50.980+0000] {processor.py:830} INFO - Processing file /home/airflow/.local/lib/python3.12/site-packages/airflow/example_dags/example_task_group_decorator.py for tasks to queue
[2024-06-25T05:43:50.981+0000] {logging_mixin.py:188} INFO - [2024-06-25T05:43:50.981+0000] {dagbag.py:545} INFO - Filling up the DagBag from /home/airflow/.local/lib/python3.12/site-packages/airflow/example_dags/example_task_group_decorator.py
[2024-06-25T05:43:50.987+0000] {processor.py:840} INFO - DAG(s) 'example_task_group_decorator' retrieved from /home/airflow/.local/lib/python3.12/site-packages/airflow/example_dags/example_task_group_decorator.py
[2024-06-25T05:43:50.993+0000] {logging_mixin.py:188} INFO - [2024-06-25T05:43:50.992+0000] {dag.py:3096} INFO - Sync 1 DAGs
[2024-06-25T05:43:51.002+0000] {logging_mixin.py:188} INFO - [2024-06-25T05:43:51.002+0000] {dag.py:3954} INFO - Setting next_dagrun for example_task_group_decorator to 2024-06-24 00:00:00+00:00, run_after=2024-06-25 00:00:00+00:00
[2024-06-25T05:43:51.010+0000] {processor.py:183} INFO - Processing /home/airflow/.local/lib/python3.12/site-packages/airflow/example_dags/example_task_group_decorator.py took 0.033 seconds
[2024-06-25T05:44:22.191+0000] {processor.py:161} INFO - Started process (PID=177) to work on /home/airflow/.local/lib/python3.12/site-packages/airflow/example_dags/example_task_group_decorator.py
[2024-06-25T05:44:22.192+0000] {processor.py:830} INFO - Processing file /home/airflow/.local/lib/python3.12/site-packages/airflow/example_dags/example_task_group_decorator.py for tasks to queue
[2024-06-25T05:44:22.193+0000] {logging_mixin.py:188} INFO - [2024-06-25T05:44:22.193+0000] {dagbag.py:545} INFO - Filling up the DagBag from /home/airflow/.local/lib/python3.12/site-packages/airflow/example_dags/example_task_group_decorator.py
[2024-06-25T05:44:22.199+0000] {processor.py:840} INFO - DAG(s) 'example_task_group_decorator' retrieved from /home/airflow/.local/lib/python3.12/site-packages/airflow/example_dags/example_task_group_decorator.py
[2024-06-25T05:44:22.241+0000] {logging_mixin.py:188} INFO - [2024-06-25T05:44:22.241+0000] {dag.py:3096} INFO - Sync 1 DAGs
[2024-06-25T05:44:22.249+0000] {logging_mixin.py:188} INFO - [2024-06-25T05:44:22.249+0000] {dag.py:3954} INFO - Setting next_dagrun for example_task_group_decorator to 2024-06-24 00:00:00+00:00, run_after=2024-06-25 00:00:00+00:00
[2024-06-25T05:44:22.257+0000] {processor.py:183} INFO - Processing /home/airflow/.local/lib/python3.12/site-packages/airflow/example_dags/example_task_group_decorator.py took 0.068 seconds
[2024-06-25T05:44:53.037+0000] {processor.py:161} INFO - Started process (PID=235) to work on /home/airflow/.local/lib/python3.12/site-packages/airflow/example_dags/example_task_group_decorator.py
[2024-06-25T05:44:53.038+0000] {processor.py:830} INFO - Processing file /home/airflow/.local/lib/python3.12/site-packages/airflow/example_dags/example_task_group_decorator.py for tasks to queue
[2024-06-25T05:44:53.039+0000] {logging_mixin.py:188} INFO - [2024-06-25T05:44:53.039+0000] {dagbag.py:545} INFO - Filling up the DagBag from /home/airflow/.local/lib/python3.12/site-packages/airflow/example_dags/example_task_group_decorator.py
[2024-06-25T05:44:53.046+0000] {processor.py:840} INFO - DAG(s) 'example_task_group_decorator' retrieved from /home/airflow/.local/lib/python3.12/site-packages/airflow/example_dags/example_task_group_decorator.py
[2024-06-25T05:44:53.057+0000] {logging_mixin.py:188} INFO - [2024-06-25T05:44:53.057+0000] {dag.py:3096} INFO - Sync 1 DAGs
[2024-06-25T05:44:53.068+0000] {logging_mixin.py:188} INFO - [2024-06-25T05:44:53.068+0000] {dag.py:3954} INFO - Setting next_dagrun for example_task_group_decorator to 2024-06-24 00:00:00+00:00, run_after=2024-06-25 00:00:00+00:00
[2024-06-25T05:44:53.077+0000] {processor.py:183} INFO - Processing /home/airflow/.local/lib/python3.12/site-packages/airflow/example_dags/example_task_group_decorator.py took 0.042 seconds
[2024-06-25T05:45:23.767+0000] {processor.py:161} INFO - Started process (PID=292) to work on /home/airflow/.local/lib/python3.12/site-packages/airflow/example_dags/example_task_group_decorator.py
[2024-06-25T05:45:23.767+0000] {processor.py:830} INFO - Processing file /home/airflow/.local/lib/python3.12/site-packages/airflow/example_dags/example_task_group_decorator.py for tasks to queue
[2024-06-25T05:45:23.768+0000] {logging_mixin.py:188} INFO - [2024-06-25T05:45:23.768+0000] {dagbag.py:545} INFO - Filling up the DagBag from /home/airflow/.local/lib/python3.12/site-packages/airflow/example_dags/example_task_group_decorator.py
[2024-06-25T05:45:23.775+0000] {processor.py:840} INFO - DAG(s) 'example_task_group_decorator' retrieved from /home/airflow/.local/lib/python3.12/site-packages/airflow/example_dags/example_task_group_decorator.py
[2024-06-25T05:45:23.785+0000] {logging_mixin.py:188} INFO - [2024-06-25T05:45:23.785+0000] {dag.py:3096} INFO - Sync 1 DAGs
[2024-06-25T05:45:23.795+0000] {logging_mixin.py:188} INFO - [2024-06-25T05:45:23.795+0000] {dag.py:3954} INFO - Setting next_dagrun for example_task_group_decorator to 2024-06-24 00:00:00+00:00, run_after=2024-06-25 00:00:00+00:00
[2024-06-25T05:45:23.803+0000] {processor.py:183} INFO - Processing /home/airflow/.local/lib/python3.12/site-packages/airflow/example_dags/example_task_group_decorator.py took 0.039 seconds
[2024-06-25T05:45:54.420+0000] {processor.py:161} INFO - Started process (PID=350) to work on /home/airflow/.local/lib/python3.12/site-packages/airflow/example_dags/example_task_group_decorator.py
[2024-06-25T05:45:54.421+0000] {processor.py:830} INFO - Processing file /home/airflow/.local/lib/python3.12/site-packages/airflow/example_dags/example_task_group_decorator.py for tasks to queue
[2024-06-25T05:45:54.422+0000] {logging_mixin.py:188} INFO - [2024-06-25T05:45:54.422+0000] {dagbag.py:545} INFO - Filling up the DagBag from /home/airflow/.local/lib/python3.12/site-packages/airflow/example_dags/example_task_group_decorator.py
[2024-06-25T05:45:54.428+0000] {processor.py:840} INFO - DAG(s) 'example_task_group_decorator' retrieved from /home/airflow/.local/lib/python3.12/site-packages/airflow/example_dags/example_task_group_decorator.py
[2024-06-25T05:45:54.438+0000] {logging_mixin.py:188} INFO - [2024-06-25T05:45:54.438+0000] {dag.py:3096} INFO - Sync 1 DAGs
[2024-06-25T05:45:54.447+0000] {logging_mixin.py:188} INFO - [2024-06-25T05:45:54.447+0000] {dag.py:3954} INFO - Setting next_dagrun for example_task_group_decorator to 2024-06-24 00:00:00+00:00, run_after=2024-06-25 00:00:00+00:00
[2024-06-25T05:45:54.454+0000] {processor.py:183} INFO - Processing /home/airflow/.local/lib/python3.12/site-packages/airflow/example_dags/example_task_group_decorator.py took 0.037 seconds
[2024-06-25T05:46:25.043+0000] {processor.py:161} INFO - Started process (PID=408) to work on /home/airflow/.local/lib/python3.12/site-packages/airflow/example_dags/example_task_group_decorator.py
[2024-06-25T05:46:25.044+0000] {processor.py:830} INFO - Processing file /home/airflow/.local/lib/python3.12/site-packages/airflow/example_dags/example_task_group_decorator.py for tasks to queue
[2024-06-25T05:46:25.049+0000] {logging_mixin.py:188} INFO - [2024-06-25T05:46:25.048+0000] {dagbag.py:545} INFO - Filling up the DagBag from /home/airflow/.local/lib/python3.12/site-packages/airflow/example_dags/example_task_group_decorator.py
[2024-06-25T05:46:25.056+0000] {processor.py:840} INFO - DAG(s) 'example_task_group_decorator' retrieved from /home/airflow/.local/lib/python3.12/site-packages/airflow/example_dags/example_task_group_decorator.py
[2024-06-25T05:46:25.067+0000] {logging_mixin.py:188} INFO - [2024-06-25T05:46:25.067+0000] {dag.py:3096} INFO - Sync 1 DAGs
[2024-06-25T05:46:25.078+0000] {logging_mixin.py:188} INFO - [2024-06-25T05:46:25.078+0000] {dag.py:3954} INFO - Setting next_dagrun for example_task_group_decorator to 2024-06-24 00:00:00+00:00, run_after=2024-06-25 00:00:00+00:00
[2024-06-25T05:46:25.087+0000] {processor.py:183} INFO - Processing /home/airflow/.local/lib/python3.12/site-packages/airflow/example_dags/example_task_group_decorator.py took 0.047 seconds
[2024-06-25T05:46:55.479+0000] {processor.py:161} INFO - Started process (PID=466) to work on /home/airflow/.local/lib/python3.12/site-packages/airflow/example_dags/example_task_group_decorator.py
[2024-06-25T05:46:55.481+0000] {processor.py:830} INFO - Processing file /home/airflow/.local/lib/python3.12/site-packages/airflow/example_dags/example_task_group_decorator.py for tasks to queue
[2024-06-25T05:46:55.482+0000] {logging_mixin.py:188} INFO - [2024-06-25T05:46:55.481+0000] {dagbag.py:545} INFO - Filling up the DagBag from /home/airflow/.local/lib/python3.12/site-packages/airflow/example_dags/example_task_group_decorator.py
[2024-06-25T05:46:55.489+0000] {processor.py:840} INFO - DAG(s) 'example_task_group_decorator' retrieved from /home/airflow/.local/lib/python3.12/site-packages/airflow/example_dags/example_task_group_decorator.py
[2024-06-25T05:46:55.501+0000] {logging_mixin.py:188} INFO - [2024-06-25T05:46:55.500+0000] {dag.py:3096} INFO - Sync 1 DAGs
[2024-06-25T05:46:55.511+0000] {logging_mixin.py:188} INFO - [2024-06-25T05:46:55.511+0000] {dag.py:3954} INFO - Setting next_dagrun for example_task_group_decorator to 2024-06-24 00:00:00+00:00, run_after=2024-06-25 00:00:00+00:00
[2024-06-25T05:46:55.519+0000] {processor.py:183} INFO - Processing /home/airflow/.local/lib/python3.12/site-packages/airflow/example_dags/example_task_group_decorator.py took 0.042 seconds
[2024-06-25T05:47:34.298+0000] {processor.py:161} INFO - Started process (PID=523) to work on /home/airflow/.local/lib/python3.12/site-packages/airflow/example_dags/example_task_group_decorator.py
[2024-06-25T05:47:34.302+0000] {processor.py:830} INFO - Processing file /home/airflow/.local/lib/python3.12/site-packages/airflow/example_dags/example_task_group_decorator.py for tasks to queue
[2024-06-25T05:47:34.305+0000] {logging_mixin.py:188} INFO - [2024-06-25T05:47:34.304+0000] {dagbag.py:545} INFO - Filling up the DagBag from /home/airflow/.local/lib/python3.12/site-packages/airflow/example_dags/example_task_group_decorator.py
[2024-06-25T05:47:34.343+0000] {processor.py:840} INFO - DAG(s) 'example_task_group_decorator' retrieved from /home/airflow/.local/lib/python3.12/site-packages/airflow/example_dags/example_task_group_decorator.py
[2024-06-25T05:47:34.371+0000] {logging_mixin.py:188} INFO - [2024-06-25T05:47:34.371+0000] {dag.py:3096} INFO - Sync 1 DAGs
[2024-06-25T05:47:34.387+0000] {logging_mixin.py:188} INFO - [2024-06-25T05:47:34.386+0000] {dag.py:3954} INFO - Setting next_dagrun for example_task_group_decorator to 2024-06-24 00:00:00+00:00, run_after=2024-06-25 00:00:00+00:00
[2024-06-25T05:47:34.399+0000] {processor.py:183} INFO - Processing /home/airflow/.local/lib/python3.12/site-packages/airflow/example_dags/example_task_group_decorator.py took 0.105 seconds
[2024-06-25T05:48:05.361+0000] {processor.py:161} INFO - Started process (PID=582) to work on /home/airflow/.local/lib/python3.12/site-packages/airflow/example_dags/example_task_group_decorator.py
[2024-06-25T05:48:05.362+0000] {processor.py:830} INFO - Processing file /home/airflow/.local/lib/python3.12/site-packages/airflow/example_dags/example_task_group_decorator.py for tasks to queue
[2024-06-25T05:48:05.363+0000] {logging_mixin.py:188} INFO - [2024-06-25T05:48:05.363+0000] {dagbag.py:545} INFO - Filling up the DagBag from /home/airflow/.local/lib/python3.12/site-packages/airflow/example_dags/example_task_group_decorator.py
[2024-06-25T05:48:05.380+0000] {processor.py:840} INFO - DAG(s) 'example_task_group_decorator' retrieved from /home/airflow/.local/lib/python3.12/site-packages/airflow/example_dags/example_task_group_decorator.py
[2024-06-25T05:48:05.399+0000] {logging_mixin.py:188} INFO - [2024-06-25T05:48:05.399+0000] {dag.py:3096} INFO - Sync 1 DAGs
[2024-06-25T05:48:05.411+0000] {logging_mixin.py:188} INFO - [2024-06-25T05:48:05.411+0000] {dag.py:3954} INFO - Setting next_dagrun for example_task_group_decorator to 2024-06-24 00:00:00+00:00, run_after=2024-06-25 00:00:00+00:00
[2024-06-25T05:48:05.422+0000] {processor.py:183} INFO - Processing /home/airflow/.local/lib/python3.12/site-packages/airflow/example_dags/example_task_group_decorator.py took 0.066 seconds
[2024-06-25T05:48:36.089+0000] {processor.py:161} INFO - Started process (PID=640) to work on /home/airflow/.local/lib/python3.12/site-packages/airflow/example_dags/example_task_group_decorator.py
[2024-06-25T05:48:36.091+0000] {processor.py:830} INFO - Processing file /home/airflow/.local/lib/python3.12/site-packages/airflow/example_dags/example_task_group_decorator.py for tasks to queue
[2024-06-25T05:48:36.095+0000] {logging_mixin.py:188} INFO - [2024-06-25T05:48:36.094+0000] {dagbag.py:545} INFO - Filling up the DagBag from /home/airflow/.local/lib/python3.12/site-packages/airflow/example_dags/example_task_group_decorator.py
[2024-06-25T05:48:36.109+0000] {processor.py:840} INFO - DAG(s) 'example_task_group_decorator' retrieved from /home/airflow/.local/lib/python3.12/site-packages/airflow/example_dags/example_task_group_decorator.py
[2024-06-25T05:48:36.131+0000] {logging_mixin.py:188} INFO - [2024-06-25T05:48:36.131+0000] {dag.py:3096} INFO - Sync 1 DAGs
[2024-06-25T05:48:36.148+0000] {logging_mixin.py:188} INFO - [2024-06-25T05:48:36.148+0000] {dag.py:3954} INFO - Setting next_dagrun for example_task_group_decorator to 2024-06-24 00:00:00+00:00, run_after=2024-06-25 00:00:00+00:00
[2024-06-25T05:48:36.163+0000] {processor.py:183} INFO - Processing /home/airflow/.local/lib/python3.12/site-packages/airflow/example_dags/example_task_group_decorator.py took 0.095 seconds
[2024-06-25T05:49:06.737+0000] {processor.py:161} INFO - Started process (PID=698) to work on /home/airflow/.local/lib/python3.12/site-packages/airflow/example_dags/example_task_group_decorator.py
[2024-06-25T05:49:06.738+0000] {processor.py:830} INFO - Processing file /home/airflow/.local/lib/python3.12/site-packages/airflow/example_dags/example_task_group_decorator.py for tasks to queue
[2024-06-25T05:49:06.739+0000] {logging_mixin.py:188} INFO - [2024-06-25T05:49:06.739+0000] {dagbag.py:545} INFO - Filling up the DagBag from /home/airflow/.local/lib/python3.12/site-packages/airflow/example_dags/example_task_group_decorator.py
[2024-06-25T05:49:06.748+0000] {processor.py:840} INFO - DAG(s) 'example_task_group_decorator' retrieved from /home/airflow/.local/lib/python3.12/site-packages/airflow/example_dags/example_task_group_decorator.py
[2024-06-25T05:49:06.761+0000] {logging_mixin.py:188} INFO - [2024-06-25T05:49:06.761+0000] {dag.py:3096} INFO - Sync 1 DAGs
[2024-06-25T05:49:06.771+0000] {logging_mixin.py:188} INFO - [2024-06-25T05:49:06.771+0000] {dag.py:3954} INFO - Setting next_dagrun for example_task_group_decorator to 2024-06-24 00:00:00+00:00, run_after=2024-06-25 00:00:00+00:00
[2024-06-25T05:49:06.779+0000] {processor.py:183} INFO - Processing /home/airflow/.local/lib/python3.12/site-packages/airflow/example_dags/example_task_group_decorator.py took 0.048 seconds
[2024-06-25T05:49:36.974+0000] {processor.py:161} INFO - Started process (PID=756) to work on /home/airflow/.local/lib/python3.12/site-packages/airflow/example_dags/example_task_group_decorator.py
[2024-06-25T05:49:36.975+0000] {processor.py:830} INFO - Processing file /home/airflow/.local/lib/python3.12/site-packages/airflow/example_dags/example_task_group_decorator.py for tasks to queue
[2024-06-25T05:49:36.977+0000] {logging_mixin.py:188} INFO - [2024-06-25T05:49:36.977+0000] {dagbag.py:545} INFO - Filling up the DagBag from /home/airflow/.local/lib/python3.12/site-packages/airflow/example_dags/example_task_group_decorator.py
[2024-06-25T05:49:36.985+0000] {processor.py:840} INFO - DAG(s) 'example_task_group_decorator' retrieved from /home/airflow/.local/lib/python3.12/site-packages/airflow/example_dags/example_task_group_decorator.py
[2024-06-25T05:49:36.999+0000] {logging_mixin.py:188} INFO - [2024-06-25T05:49:36.999+0000] {dag.py:3096} INFO - Sync 1 DAGs
[2024-06-25T05:49:37.014+0000] {logging_mixin.py:188} INFO - [2024-06-25T05:49:37.013+0000] {dag.py:3954} INFO - Setting next_dagrun for example_task_group_decorator to 2024-06-24 00:00:00+00:00, run_after=2024-06-25 00:00:00+00:00
[2024-06-25T05:49:37.024+0000] {processor.py:183} INFO - Processing /home/airflow/.local/lib/python3.12/site-packages/airflow/example_dags/example_task_group_decorator.py took 0.056 seconds
[2024-06-25T05:50:07.124+0000] {processor.py:161} INFO - Started process (PID=814) to work on /home/airflow/.local/lib/python3.12/site-packages/airflow/example_dags/example_task_group_decorator.py
[2024-06-25T05:50:07.125+0000] {processor.py:830} INFO - Processing file /home/airflow/.local/lib/python3.12/site-packages/airflow/example_dags/example_task_group_decorator.py for tasks to queue
[2024-06-25T05:50:07.127+0000] {logging_mixin.py:188} INFO - [2024-06-25T05:50:07.127+0000] {dagbag.py:545} INFO - Filling up the DagBag from /home/airflow/.local/lib/python3.12/site-packages/airflow/example_dags/example_task_group_decorator.py
[2024-06-25T05:50:07.138+0000] {processor.py:840} INFO - DAG(s) 'example_task_group_decorator' retrieved from /home/airflow/.local/lib/python3.12/site-packages/airflow/example_dags/example_task_group_decorator.py
[2024-06-25T05:50:07.152+0000] {logging_mixin.py:188} INFO - [2024-06-25T05:50:07.151+0000] {dag.py:3096} INFO - Sync 1 DAGs
[2024-06-25T05:50:07.164+0000] {logging_mixin.py:188} INFO - [2024-06-25T05:50:07.164+0000] {dag.py:3954} INFO - Setting next_dagrun for example_task_group_decorator to 2024-06-24 00:00:00+00:00, run_after=2024-06-25 00:00:00+00:00
[2024-06-25T05:50:07.177+0000] {processor.py:183} INFO - Processing /home/airflow/.local/lib/python3.12/site-packages/airflow/example_dags/example_task_group_decorator.py took 0.058 seconds
[2024-06-25T05:50:37.249+0000] {processor.py:161} INFO - Started process (PID=872) to work on /home/airflow/.local/lib/python3.12/site-packages/airflow/example_dags/example_task_group_decorator.py
[2024-06-25T05:50:37.249+0000] {processor.py:830} INFO - Processing file /home/airflow/.local/lib/python3.12/site-packages/airflow/example_dags/example_task_group_decorator.py for tasks to queue
[2024-06-25T05:50:37.250+0000] {logging_mixin.py:188} INFO - [2024-06-25T05:50:37.250+0000] {dagbag.py:545} INFO - Filling up the DagBag from /home/airflow/.local/lib/python3.12/site-packages/airflow/example_dags/example_task_group_decorator.py
[2024-06-25T05:50:37.256+0000] {processor.py:840} INFO - DAG(s) 'example_task_group_decorator' retrieved from /home/airflow/.local/lib/python3.12/site-packages/airflow/example_dags/example_task_group_decorator.py
[2024-06-25T05:50:37.269+0000] {logging_mixin.py:188} INFO - [2024-06-25T05:50:37.268+0000] {dag.py:3096} INFO - Sync 1 DAGs
[2024-06-25T05:50:37.280+0000] {logging_mixin.py:188} INFO - [2024-06-25T05:50:37.280+0000] {dag.py:3954} INFO - Setting next_dagrun for example_task_group_decorator to 2024-06-24 00:00:00+00:00, run_after=2024-06-25 00:00:00+00:00
[2024-06-25T05:50:37.290+0000] {processor.py:183} INFO - Processing /home/airflow/.local/lib/python3.12/site-packages/airflow/example_dags/example_task_group_decorator.py took 0.045 seconds
[2024-06-25T05:51:07.385+0000] {processor.py:161} INFO - Started process (PID=930) to work on /home/airflow/.local/lib/python3.12/site-packages/airflow/example_dags/example_task_group_decorator.py
[2024-06-25T05:51:07.386+0000] {processor.py:830} INFO - Processing file /home/airflow/.local/lib/python3.12/site-packages/airflow/example_dags/example_task_group_decorator.py for tasks to queue
[2024-06-25T05:51:07.388+0000] {logging_mixin.py:188} INFO - [2024-06-25T05:51:07.388+0000] {dagbag.py:545} INFO - Filling up the DagBag from /home/airflow/.local/lib/python3.12/site-packages/airflow/example_dags/example_task_group_decorator.py
[2024-06-25T05:51:07.396+0000] {processor.py:840} INFO - DAG(s) 'example_task_group_decorator' retrieved from /home/airflow/.local/lib/python3.12/site-packages/airflow/example_dags/example_task_group_decorator.py
[2024-06-25T05:51:07.415+0000] {logging_mixin.py:188} INFO - [2024-06-25T05:51:07.415+0000] {dag.py:3096} INFO - Sync 1 DAGs
[2024-06-25T05:51:07.426+0000] {logging_mixin.py:188} INFO - [2024-06-25T05:51:07.426+0000] {dag.py:3954} INFO - Setting next_dagrun for example_task_group_decorator to 2024-06-24 00:00:00+00:00, run_after=2024-06-25 00:00:00+00:00
[2024-06-25T05:51:07.435+0000] {processor.py:183} INFO - Processing /home/airflow/.local/lib/python3.12/site-packages/airflow/example_dags/example_task_group_decorator.py took 0.055 seconds
[2024-06-25T05:51:38.184+0000] {processor.py:161} INFO - Started process (PID=988) to work on /home/airflow/.local/lib/python3.12/site-packages/airflow/example_dags/example_task_group_decorator.py
[2024-06-25T05:51:38.187+0000] {processor.py:830} INFO - Processing file /home/airflow/.local/lib/python3.12/site-packages/airflow/example_dags/example_task_group_decorator.py for tasks to queue
[2024-06-25T05:51:38.188+0000] {logging_mixin.py:188} INFO - [2024-06-25T05:51:38.188+0000] {dagbag.py:545} INFO - Filling up the DagBag from /home/airflow/.local/lib/python3.12/site-packages/airflow/example_dags/example_task_group_decorator.py
[2024-06-25T05:51:38.197+0000] {processor.py:840} INFO - DAG(s) 'example_task_group_decorator' retrieved from /home/airflow/.local/lib/python3.12/site-packages/airflow/example_dags/example_task_group_decorator.py
[2024-06-25T05:51:38.209+0000] {logging_mixin.py:188} INFO - [2024-06-25T05:51:38.208+0000] {dag.py:3096} INFO - Sync 1 DAGs
[2024-06-25T05:51:38.225+0000] {logging_mixin.py:188} INFO - [2024-06-25T05:51:38.225+0000] {dag.py:3954} INFO - Setting next_dagrun for example_task_group_decorator to 2024-06-24 00:00:00+00:00, run_after=2024-06-25 00:00:00+00:00
[2024-06-25T05:51:38.233+0000] {processor.py:183} INFO - Processing /home/airflow/.local/lib/python3.12/site-packages/airflow/example_dags/example_task_group_decorator.py took 0.056 seconds
[2024-06-25T05:52:08.347+0000] {processor.py:161} INFO - Started process (PID=1046) to work on /home/airflow/.local/lib/python3.12/site-packages/airflow/example_dags/example_task_group_decorator.py
[2024-06-25T05:52:08.348+0000] {processor.py:830} INFO - Processing file /home/airflow/.local/lib/python3.12/site-packages/airflow/example_dags/example_task_group_decorator.py for tasks to queue
[2024-06-25T05:52:08.349+0000] {logging_mixin.py:188} INFO - [2024-06-25T05:52:08.348+0000] {dagbag.py:545} INFO - Filling up the DagBag from /home/airflow/.local/lib/python3.12/site-packages/airflow/example_dags/example_task_group_decorator.py
[2024-06-25T05:52:08.356+0000] {processor.py:840} INFO - DAG(s) 'example_task_group_decorator' retrieved from /home/airflow/.local/lib/python3.12/site-packages/airflow/example_dags/example_task_group_decorator.py
[2024-06-25T05:52:08.367+0000] {logging_mixin.py:188} INFO - [2024-06-25T05:52:08.367+0000] {dag.py:3096} INFO - Sync 1 DAGs
[2024-06-25T05:52:08.376+0000] {logging_mixin.py:188} INFO - [2024-06-25T05:52:08.376+0000] {dag.py:3954} INFO - Setting next_dagrun for example_task_group_decorator to 2024-06-24 00:00:00+00:00, run_after=2024-06-25 00:00:00+00:00
[2024-06-25T05:52:08.384+0000] {processor.py:183} INFO - Processing /home/airflow/.local/lib/python3.12/site-packages/airflow/example_dags/example_task_group_decorator.py took 0.043 seconds
[2024-06-25T05:52:39.060+0000] {processor.py:161} INFO - Started process (PID=1104) to work on /home/airflow/.local/lib/python3.12/site-packages/airflow/example_dags/example_task_group_decorator.py
[2024-06-25T05:52:39.061+0000] {processor.py:830} INFO - Processing file /home/airflow/.local/lib/python3.12/site-packages/airflow/example_dags/example_task_group_decorator.py for tasks to queue
[2024-06-25T05:52:39.062+0000] {logging_mixin.py:188} INFO - [2024-06-25T05:52:39.062+0000] {dagbag.py:545} INFO - Filling up the DagBag from /home/airflow/.local/lib/python3.12/site-packages/airflow/example_dags/example_task_group_decorator.py
[2024-06-25T05:52:39.069+0000] {processor.py:840} INFO - DAG(s) 'example_task_group_decorator' retrieved from /home/airflow/.local/lib/python3.12/site-packages/airflow/example_dags/example_task_group_decorator.py
[2024-06-25T05:52:39.080+0000] {logging_mixin.py:188} INFO - [2024-06-25T05:52:39.080+0000] {dag.py:3096} INFO - Sync 1 DAGs
[2024-06-25T05:52:39.089+0000] {logging_mixin.py:188} INFO - [2024-06-25T05:52:39.089+0000] {dag.py:3954} INFO - Setting next_dagrun for example_task_group_decorator to 2024-06-24 00:00:00+00:00, run_after=2024-06-25 00:00:00+00:00
[2024-06-25T05:52:39.097+0000] {processor.py:183} INFO - Processing /home/airflow/.local/lib/python3.12/site-packages/airflow/example_dags/example_task_group_decorator.py took 0.044 seconds
[2024-06-25T05:53:09.718+0000] {processor.py:161} INFO - Started process (PID=1162) to work on /home/airflow/.local/lib/python3.12/site-packages/airflow/example_dags/example_task_group_decorator.py
[2024-06-25T05:53:09.719+0000] {processor.py:830} INFO - Processing file /home/airflow/.local/lib/python3.12/site-packages/airflow/example_dags/example_task_group_decorator.py for tasks to queue
[2024-06-25T05:53:09.720+0000] {logging_mixin.py:188} INFO - [2024-06-25T05:53:09.720+0000] {dagbag.py:545} INFO - Filling up the DagBag from /home/airflow/.local/lib/python3.12/site-packages/airflow/example_dags/example_task_group_decorator.py
[2024-06-25T05:53:09.727+0000] {processor.py:840} INFO - DAG(s) 'example_task_group_decorator' retrieved from /home/airflow/.local/lib/python3.12/site-packages/airflow/example_dags/example_task_group_decorator.py
[2024-06-25T05:53:09.738+0000] {logging_mixin.py:188} INFO - [2024-06-25T05:53:09.738+0000] {dag.py:3096} INFO - Sync 1 DAGs
[2024-06-25T05:53:09.747+0000] {logging_mixin.py:188} INFO - [2024-06-25T05:53:09.747+0000] {dag.py:3954} INFO - Setting next_dagrun for example_task_group_decorator to 2024-06-24 00:00:00+00:00, run_after=2024-06-25 00:00:00+00:00
[2024-06-25T05:53:09.755+0000] {processor.py:183} INFO - Processing /home/airflow/.local/lib/python3.12/site-packages/airflow/example_dags/example_task_group_decorator.py took 0.043 seconds
[2024-06-25T05:53:39.896+0000] {processor.py:161} INFO - Started process (PID=1220) to work on /home/airflow/.local/lib/python3.12/site-packages/airflow/example_dags/example_task_group_decorator.py
[2024-06-25T05:53:39.898+0000] {processor.py:830} INFO - Processing file /home/airflow/.local/lib/python3.12/site-packages/airflow/example_dags/example_task_group_decorator.py for tasks to queue
[2024-06-25T05:53:39.899+0000] {logging_mixin.py:188} INFO - [2024-06-25T05:53:39.899+0000] {dagbag.py:545} INFO - Filling up the DagBag from /home/airflow/.local/lib/python3.12/site-packages/airflow/example_dags/example_task_group_decorator.py
[2024-06-25T05:53:39.907+0000] {processor.py:840} INFO - DAG(s) 'example_task_group_decorator' retrieved from /home/airflow/.local/lib/python3.12/site-packages/airflow/example_dags/example_task_group_decorator.py
[2024-06-25T05:53:39.923+0000] {logging_mixin.py:188} INFO - [2024-06-25T05:53:39.923+0000] {dag.py:3096} INFO - Sync 1 DAGs
[2024-06-25T05:53:39.936+0000] {logging_mixin.py:188} INFO - [2024-06-25T05:53:39.936+0000] {dag.py:3954} INFO - Setting next_dagrun for example_task_group_decorator to 2024-06-24 00:00:00+00:00, run_after=2024-06-25 00:00:00+00:00
[2024-06-25T05:53:39.947+0000] {processor.py:183} INFO - Processing /home/airflow/.local/lib/python3.12/site-packages/airflow/example_dags/example_task_group_decorator.py took 0.055 seconds
[2024-06-25T05:54:10.801+0000] {processor.py:161} INFO - Started process (PID=1278) to work on /home/airflow/.local/lib/python3.12/site-packages/airflow/example_dags/example_task_group_decorator.py
[2024-06-25T05:54:10.802+0000] {processor.py:830} INFO - Processing file /home/airflow/.local/lib/python3.12/site-packages/airflow/example_dags/example_task_group_decorator.py for tasks to queue
[2024-06-25T05:54:10.803+0000] {logging_mixin.py:188} INFO - [2024-06-25T05:54:10.803+0000] {dagbag.py:545} INFO - Filling up the DagBag from /home/airflow/.local/lib/python3.12/site-packages/airflow/example_dags/example_task_group_decorator.py
[2024-06-25T05:54:10.810+0000] {processor.py:840} INFO - DAG(s) 'example_task_group_decorator' retrieved from /home/airflow/.local/lib/python3.12/site-packages/airflow/example_dags/example_task_group_decorator.py
[2024-06-25T05:54:10.825+0000] {logging_mixin.py:188} INFO - [2024-06-25T05:54:10.825+0000] {dag.py:3096} INFO - Sync 1 DAGs
[2024-06-25T05:54:10.835+0000] {logging_mixin.py:188} INFO - [2024-06-25T05:54:10.835+0000] {dag.py:3954} INFO - Setting next_dagrun for example_task_group_decorator to 2024-06-24 00:00:00+00:00, run_after=2024-06-25 00:00:00+00:00
[2024-06-25T05:54:10.844+0000] {processor.py:183} INFO - Processing /home/airflow/.local/lib/python3.12/site-packages/airflow/example_dags/example_task_group_decorator.py took 0.048 seconds
[2024-06-25T05:54:40.953+0000] {processor.py:161} INFO - Started process (PID=1335) to work on /home/airflow/.local/lib/python3.12/site-packages/airflow/example_dags/example_task_group_decorator.py
[2024-06-25T05:54:40.955+0000] {processor.py:830} INFO - Processing file /home/airflow/.local/lib/python3.12/site-packages/airflow/example_dags/example_task_group_decorator.py for tasks to queue
[2024-06-25T05:54:40.960+0000] {logging_mixin.py:188} INFO - [2024-06-25T05:54:40.959+0000] {dagbag.py:545} INFO - Filling up the DagBag from /home/airflow/.local/lib/python3.12/site-packages/airflow/example_dags/example_task_group_decorator.py
[2024-06-25T05:54:40.975+0000] {processor.py:840} INFO - DAG(s) 'example_task_group_decorator' retrieved from /home/airflow/.local/lib/python3.12/site-packages/airflow/example_dags/example_task_group_decorator.py
[2024-06-25T05:54:40.990+0000] {logging_mixin.py:188} INFO - [2024-06-25T05:54:40.990+0000] {dag.py:3096} INFO - Sync 1 DAGs
[2024-06-25T05:54:41.001+0000] {logging_mixin.py:188} INFO - [2024-06-25T05:54:41.001+0000] {dag.py:3954} INFO - Setting next_dagrun for example_task_group_decorator to 2024-06-24 00:00:00+00:00, run_after=2024-06-25 00:00:00+00:00
[2024-06-25T05:54:41.009+0000] {processor.py:183} INFO - Processing /home/airflow/.local/lib/python3.12/site-packages/airflow/example_dags/example_task_group_decorator.py took 0.071 seconds
[2024-06-25T05:55:11.046+0000] {processor.py:161} INFO - Started process (PID=1393) to work on /home/airflow/.local/lib/python3.12/site-packages/airflow/example_dags/example_task_group_decorator.py
[2024-06-25T05:55:11.048+0000] {processor.py:830} INFO - Processing file /home/airflow/.local/lib/python3.12/site-packages/airflow/example_dags/example_task_group_decorator.py for tasks to queue
[2024-06-25T05:55:11.050+0000] {logging_mixin.py:188} INFO - [2024-06-25T05:55:11.050+0000] {dagbag.py:545} INFO - Filling up the DagBag from /home/airflow/.local/lib/python3.12/site-packages/airflow/example_dags/example_task_group_decorator.py
[2024-06-25T05:55:11.064+0000] {processor.py:840} INFO - DAG(s) 'example_task_group_decorator' retrieved from /home/airflow/.local/lib/python3.12/site-packages/airflow/example_dags/example_task_group_decorator.py
[2024-06-25T05:55:11.080+0000] {logging_mixin.py:188} INFO - [2024-06-25T05:55:11.080+0000] {dag.py:3096} INFO - Sync 1 DAGs
[2024-06-25T05:55:11.092+0000] {logging_mixin.py:188} INFO - [2024-06-25T05:55:11.092+0000] {dag.py:3954} INFO - Setting next_dagrun for example_task_group_decorator to 2024-06-24 00:00:00+00:00, run_after=2024-06-25 00:00:00+00:00
[2024-06-25T05:55:11.101+0000] {processor.py:183} INFO - Processing /home/airflow/.local/lib/python3.12/site-packages/airflow/example_dags/example_task_group_decorator.py took 0.064 seconds
[2024-06-25T05:55:42.038+0000] {processor.py:161} INFO - Started process (PID=1451) to work on /home/airflow/.local/lib/python3.12/site-packages/airflow/example_dags/example_task_group_decorator.py
[2024-06-25T05:55:42.040+0000] {processor.py:830} INFO - Processing file /home/airflow/.local/lib/python3.12/site-packages/airflow/example_dags/example_task_group_decorator.py for tasks to queue
[2024-06-25T05:55:42.043+0000] {logging_mixin.py:188} INFO - [2024-06-25T05:55:42.043+0000] {dagbag.py:545} INFO - Filling up the DagBag from /home/airflow/.local/lib/python3.12/site-packages/airflow/example_dags/example_task_group_decorator.py
[2024-06-25T05:55:42.057+0000] {processor.py:840} INFO - DAG(s) 'example_task_group_decorator' retrieved from /home/airflow/.local/lib/python3.12/site-packages/airflow/example_dags/example_task_group_decorator.py
[2024-06-25T05:55:42.074+0000] {logging_mixin.py:188} INFO - [2024-06-25T05:55:42.074+0000] {dag.py:3096} INFO - Sync 1 DAGs
[2024-06-25T05:55:42.085+0000] {logging_mixin.py:188} INFO - [2024-06-25T05:55:42.085+0000] {dag.py:3954} INFO - Setting next_dagrun for example_task_group_decorator to 2024-06-24 00:00:00+00:00, run_after=2024-06-25 00:00:00+00:00
[2024-06-25T05:55:42.094+0000] {processor.py:183} INFO - Processing /home/airflow/.local/lib/python3.12/site-packages/airflow/example_dags/example_task_group_decorator.py took 0.065 seconds
[2024-06-25T05:56:12.217+0000] {processor.py:161} INFO - Started process (PID=1509) to work on /home/airflow/.local/lib/python3.12/site-packages/airflow/example_dags/example_task_group_decorator.py
[2024-06-25T05:56:12.219+0000] {processor.py:830} INFO - Processing file /home/airflow/.local/lib/python3.12/site-packages/airflow/example_dags/example_task_group_decorator.py for tasks to queue
[2024-06-25T05:56:12.222+0000] {logging_mixin.py:188} INFO - [2024-06-25T05:56:12.221+0000] {dagbag.py:545} INFO - Filling up the DagBag from /home/airflow/.local/lib/python3.12/site-packages/airflow/example_dags/example_task_group_decorator.py
[2024-06-25T05:56:12.235+0000] {processor.py:840} INFO - DAG(s) 'example_task_group_decorator' retrieved from /home/airflow/.local/lib/python3.12/site-packages/airflow/example_dags/example_task_group_decorator.py
[2024-06-25T05:56:12.252+0000] {logging_mixin.py:188} INFO - [2024-06-25T05:56:12.251+0000] {dag.py:3096} INFO - Sync 1 DAGs
[2024-06-25T05:56:12.262+0000] {logging_mixin.py:188} INFO - [2024-06-25T05:56:12.262+0000] {dag.py:3954} INFO - Setting next_dagrun for example_task_group_decorator to 2024-06-24 00:00:00+00:00, run_after=2024-06-25 00:00:00+00:00
[2024-06-25T05:56:12.270+0000] {processor.py:183} INFO - Processing /home/airflow/.local/lib/python3.12/site-packages/airflow/example_dags/example_task_group_decorator.py took 0.063 seconds
[2024-06-25T05:56:42.913+0000] {processor.py:161} INFO - Started process (PID=1567) to work on /home/airflow/.local/lib/python3.12/site-packages/airflow/example_dags/example_task_group_decorator.py
[2024-06-25T05:56:42.915+0000] {processor.py:830} INFO - Processing file /home/airflow/.local/lib/python3.12/site-packages/airflow/example_dags/example_task_group_decorator.py for tasks to queue
[2024-06-25T05:56:42.918+0000] {logging_mixin.py:188} INFO - [2024-06-25T05:56:42.917+0000] {dagbag.py:545} INFO - Filling up the DagBag from /home/airflow/.local/lib/python3.12/site-packages/airflow/example_dags/example_task_group_decorator.py
[2024-06-25T05:56:42.931+0000] {processor.py:840} INFO - DAG(s) 'example_task_group_decorator' retrieved from /home/airflow/.local/lib/python3.12/site-packages/airflow/example_dags/example_task_group_decorator.py
[2024-06-25T05:56:42.948+0000] {logging_mixin.py:188} INFO - [2024-06-25T05:56:42.947+0000] {dag.py:3096} INFO - Sync 1 DAGs
[2024-06-25T05:56:42.960+0000] {logging_mixin.py:188} INFO - [2024-06-25T05:56:42.960+0000] {dag.py:3954} INFO - Setting next_dagrun for example_task_group_decorator to 2024-06-24 00:00:00+00:00, run_after=2024-06-25 00:00:00+00:00
[2024-06-25T05:56:42.968+0000] {processor.py:183} INFO - Processing /home/airflow/.local/lib/python3.12/site-packages/airflow/example_dags/example_task_group_decorator.py took 0.065 seconds
[2024-06-25T05:57:13.654+0000] {processor.py:161} INFO - Started process (PID=1625) to work on /home/airflow/.local/lib/python3.12/site-packages/airflow/example_dags/example_task_group_decorator.py
[2024-06-25T05:57:13.655+0000] {processor.py:830} INFO - Processing file /home/airflow/.local/lib/python3.12/site-packages/airflow/example_dags/example_task_group_decorator.py for tasks to queue
[2024-06-25T05:57:13.658+0000] {logging_mixin.py:188} INFO - [2024-06-25T05:57:13.658+0000] {dagbag.py:545} INFO - Filling up the DagBag from /home/airflow/.local/lib/python3.12/site-packages/airflow/example_dags/example_task_group_decorator.py
[2024-06-25T05:57:13.672+0000] {processor.py:840} INFO - DAG(s) 'example_task_group_decorator' retrieved from /home/airflow/.local/lib/python3.12/site-packages/airflow/example_dags/example_task_group_decorator.py
[2024-06-25T05:57:13.690+0000] {logging_mixin.py:188} INFO - [2024-06-25T05:57:13.690+0000] {dag.py:3096} INFO - Sync 1 DAGs
[2024-06-25T05:57:13.702+0000] {logging_mixin.py:188} INFO - [2024-06-25T05:57:13.702+0000] {dag.py:3954} INFO - Setting next_dagrun for example_task_group_decorator to 2024-06-24 00:00:00+00:00, run_after=2024-06-25 00:00:00+00:00
[2024-06-25T05:57:13.712+0000] {processor.py:183} INFO - Processing /home/airflow/.local/lib/python3.12/site-packages/airflow/example_dags/example_task_group_decorator.py took 0.067 seconds
[2024-06-25T05:57:44.356+0000] {processor.py:161} INFO - Started process (PID=1689) to work on /home/airflow/.local/lib/python3.12/site-packages/airflow/example_dags/example_task_group_decorator.py
[2024-06-25T05:57:44.358+0000] {processor.py:830} INFO - Processing file /home/airflow/.local/lib/python3.12/site-packages/airflow/example_dags/example_task_group_decorator.py for tasks to queue
[2024-06-25T05:57:44.361+0000] {logging_mixin.py:188} INFO - [2024-06-25T05:57:44.360+0000] {dagbag.py:545} INFO - Filling up the DagBag from /home/airflow/.local/lib/python3.12/site-packages/airflow/example_dags/example_task_group_decorator.py
[2024-06-25T05:57:44.372+0000] {processor.py:840} INFO - DAG(s) 'example_task_group_decorator' retrieved from /home/airflow/.local/lib/python3.12/site-packages/airflow/example_dags/example_task_group_decorator.py
[2024-06-25T05:57:44.394+0000] {logging_mixin.py:188} INFO - [2024-06-25T05:57:44.394+0000] {dag.py:3096} INFO - Sync 1 DAGs
[2024-06-25T05:57:44.408+0000] {logging_mixin.py:188} INFO - [2024-06-25T05:57:44.408+0000] {dag.py:3954} INFO - Setting next_dagrun for example_task_group_decorator to 2024-06-24 00:00:00+00:00, run_after=2024-06-25 00:00:00+00:00
[2024-06-25T05:57:44.416+0000] {processor.py:183} INFO - Processing /home/airflow/.local/lib/python3.12/site-packages/airflow/example_dags/example_task_group_decorator.py took 0.069 seconds
