[2024-06-25T05:41:18.107+0000] {processor.py:161} INFO - Started process (PID=53) to work on /home/airflow/.local/lib/python3.12/site-packages/airflow/example_dags/example_bash_operator.py
[2024-06-25T05:41:18.107+0000] {processor.py:830} INFO - Processing file /home/airflow/.local/lib/python3.12/site-packages/airflow/example_dags/example_bash_operator.py for tasks to queue
[2024-06-25T05:41:18.112+0000] {logging_mixin.py:188} INFO - [2024-06-25T05:41:18.111+0000] {dagbag.py:545} INFO - Filling up the DagBag from /home/airflow/.local/lib/python3.12/site-packages/airflow/example_dags/example_bash_operator.py
[2024-06-25T05:41:18.137+0000] {processor.py:840} INFO - DAG(s) 'example_bash_operator' retrieved from /home/airflow/.local/lib/python3.12/site-packages/airflow/example_dags/example_bash_operator.py
[2024-06-25T05:41:18.176+0000] {logging_mixin.py:188} INFO - [2024-06-25T05:41:18.175+0000] {dag.py:3096} INFO - Sync 1 DAGs
[2024-06-25T05:41:18.218+0000] {logging_mixin.py:188} INFO - [2024-06-25T05:41:18.218+0000] {dag.py:3954} INFO - Setting next_dagrun for example_bash_operator to 2024-06-24 00:00:00+00:00, run_after=2024-06-25 00:00:00+00:00
[2024-06-25T05:41:18.449+0000] {processor.py:183} INFO - Processing /home/airflow/.local/lib/python3.12/site-packages/airflow/example_dags/example_bash_operator.py took 0.346 seconds
[2024-06-25T05:41:48.711+0000] {processor.py:161} INFO - Started process (PID=111) to work on /home/airflow/.local/lib/python3.12/site-packages/airflow/example_dags/example_bash_operator.py
[2024-06-25T05:41:48.712+0000] {processor.py:830} INFO - Processing file /home/airflow/.local/lib/python3.12/site-packages/airflow/example_dags/example_bash_operator.py for tasks to queue
[2024-06-25T05:41:48.713+0000] {logging_mixin.py:188} INFO - [2024-06-25T05:41:48.713+0000] {dagbag.py:545} INFO - Filling up the DagBag from /home/airflow/.local/lib/python3.12/site-packages/airflow/example_dags/example_bash_operator.py
[2024-06-25T05:41:48.719+0000] {processor.py:840} INFO - DAG(s) 'example_bash_operator' retrieved from /home/airflow/.local/lib/python3.12/site-packages/airflow/example_dags/example_bash_operator.py
[2024-06-25T05:41:48.765+0000] {logging_mixin.py:188} INFO - [2024-06-25T05:41:48.765+0000] {dag.py:3096} INFO - Sync 1 DAGs
[2024-06-25T05:41:48.775+0000] {logging_mixin.py:188} INFO - [2024-06-25T05:41:48.774+0000] {dag.py:3954} INFO - Setting next_dagrun for example_bash_operator to 2024-06-24 00:00:00+00:00, run_after=2024-06-25 00:00:00+00:00
[2024-06-25T05:41:48.783+0000] {processor.py:183} INFO - Processing /home/airflow/.local/lib/python3.12/site-packages/airflow/example_dags/example_bash_operator.py took 0.075 seconds
[2024-06-25T05:42:18.803+0000] {processor.py:161} INFO - Started process (PID=169) to work on /home/airflow/.local/lib/python3.12/site-packages/airflow/example_dags/example_bash_operator.py
[2024-06-25T05:42:18.804+0000] {processor.py:830} INFO - Processing file /home/airflow/.local/lib/python3.12/site-packages/airflow/example_dags/example_bash_operator.py for tasks to queue
[2024-06-25T05:42:18.805+0000] {logging_mixin.py:188} INFO - [2024-06-25T05:42:18.805+0000] {dagbag.py:545} INFO - Filling up the DagBag from /home/airflow/.local/lib/python3.12/site-packages/airflow/example_dags/example_bash_operator.py
[2024-06-25T05:42:18.811+0000] {processor.py:840} INFO - DAG(s) 'example_bash_operator' retrieved from /home/airflow/.local/lib/python3.12/site-packages/airflow/example_dags/example_bash_operator.py
[2024-06-25T05:42:18.823+0000] {logging_mixin.py:188} INFO - [2024-06-25T05:42:18.823+0000] {dag.py:3096} INFO - Sync 1 DAGs
[2024-06-25T05:42:18.834+0000] {logging_mixin.py:188} INFO - [2024-06-25T05:42:18.834+0000] {dag.py:3954} INFO - Setting next_dagrun for example_bash_operator to 2024-06-24 00:00:00+00:00, run_after=2024-06-25 00:00:00+00:00
[2024-06-25T05:42:18.842+0000] {processor.py:183} INFO - Processing /home/airflow/.local/lib/python3.12/site-packages/airflow/example_dags/example_bash_operator.py took 0.041 seconds
[2024-06-25T05:42:49.267+0000] {processor.py:161} INFO - Started process (PID=227) to work on /home/airflow/.local/lib/python3.12/site-packages/airflow/example_dags/example_bash_operator.py
[2024-06-25T05:42:49.268+0000] {processor.py:830} INFO - Processing file /home/airflow/.local/lib/python3.12/site-packages/airflow/example_dags/example_bash_operator.py for tasks to queue
[2024-06-25T05:42:49.269+0000] {logging_mixin.py:188} INFO - [2024-06-25T05:42:49.269+0000] {dagbag.py:545} INFO - Filling up the DagBag from /home/airflow/.local/lib/python3.12/site-packages/airflow/example_dags/example_bash_operator.py
[2024-06-25T05:42:49.276+0000] {processor.py:840} INFO - DAG(s) 'example_bash_operator' retrieved from /home/airflow/.local/lib/python3.12/site-packages/airflow/example_dags/example_bash_operator.py
[2024-06-25T05:42:49.290+0000] {logging_mixin.py:188} INFO - [2024-06-25T05:42:49.290+0000] {dag.py:3096} INFO - Sync 1 DAGs
[2024-06-25T05:42:49.301+0000] {logging_mixin.py:188} INFO - [2024-06-25T05:42:49.301+0000] {dag.py:3954} INFO - Setting next_dagrun for example_bash_operator to 2024-06-24 00:00:00+00:00, run_after=2024-06-25 00:00:00+00:00
[2024-06-25T05:42:49.310+0000] {processor.py:183} INFO - Processing /home/airflow/.local/lib/python3.12/site-packages/airflow/example_dags/example_bash_operator.py took 0.048 seconds
[2024-06-25T05:43:19.890+0000] {processor.py:161} INFO - Started process (PID=52) to work on /home/airflow/.local/lib/python3.12/site-packages/airflow/example_dags/example_bash_operator.py
[2024-06-25T05:43:19.892+0000] {processor.py:830} INFO - Processing file /home/airflow/.local/lib/python3.12/site-packages/airflow/example_dags/example_bash_operator.py for tasks to queue
[2024-06-25T05:43:19.895+0000] {logging_mixin.py:188} INFO - [2024-06-25T05:43:19.895+0000] {dagbag.py:545} INFO - Filling up the DagBag from /home/airflow/.local/lib/python3.12/site-packages/airflow/example_dags/example_bash_operator.py
[2024-06-25T05:43:19.917+0000] {processor.py:840} INFO - DAG(s) 'example_bash_operator' retrieved from /home/airflow/.local/lib/python3.12/site-packages/airflow/example_dags/example_bash_operator.py
[2024-06-25T05:43:19.947+0000] {logging_mixin.py:188} INFO - [2024-06-25T05:43:19.947+0000] {dag.py:3096} INFO - Sync 1 DAGs
[2024-06-25T05:43:19.976+0000] {logging_mixin.py:188} INFO - [2024-06-25T05:43:19.976+0000] {dag.py:3954} INFO - Setting next_dagrun for example_bash_operator to 2024-06-24 00:00:00+00:00, run_after=2024-06-25 00:00:00+00:00
[2024-06-25T05:43:20.001+0000] {processor.py:183} INFO - Processing /home/airflow/.local/lib/python3.12/site-packages/airflow/example_dags/example_bash_operator.py took 0.117 seconds
[2024-06-25T05:43:50.736+0000] {processor.py:161} INFO - Started process (PID=110) to work on /home/airflow/.local/lib/python3.12/site-packages/airflow/example_dags/example_bash_operator.py
[2024-06-25T05:43:50.737+0000] {processor.py:830} INFO - Processing file /home/airflow/.local/lib/python3.12/site-packages/airflow/example_dags/example_bash_operator.py for tasks to queue
[2024-06-25T05:43:50.738+0000] {logging_mixin.py:188} INFO - [2024-06-25T05:43:50.738+0000] {dagbag.py:545} INFO - Filling up the DagBag from /home/airflow/.local/lib/python3.12/site-packages/airflow/example_dags/example_bash_operator.py
[2024-06-25T05:43:50.744+0000] {processor.py:840} INFO - DAG(s) 'example_bash_operator' retrieved from /home/airflow/.local/lib/python3.12/site-packages/airflow/example_dags/example_bash_operator.py
[2024-06-25T05:43:50.750+0000] {logging_mixin.py:188} INFO - [2024-06-25T05:43:50.750+0000] {dag.py:3096} INFO - Sync 1 DAGs
[2024-06-25T05:43:50.763+0000] {logging_mixin.py:188} INFO - [2024-06-25T05:43:50.762+0000] {dag.py:3954} INFO - Setting next_dagrun for example_bash_operator to 2024-06-24 00:00:00+00:00, run_after=2024-06-25 00:00:00+00:00
[2024-06-25T05:43:50.770+0000] {processor.py:183} INFO - Processing /home/airflow/.local/lib/python3.12/site-packages/airflow/example_dags/example_bash_operator.py took 0.037 seconds
[2024-06-25T05:44:21.749+0000] {processor.py:161} INFO - Started process (PID=168) to work on /home/airflow/.local/lib/python3.12/site-packages/airflow/example_dags/example_bash_operator.py
[2024-06-25T05:44:21.750+0000] {processor.py:830} INFO - Processing file /home/airflow/.local/lib/python3.12/site-packages/airflow/example_dags/example_bash_operator.py for tasks to queue
[2024-06-25T05:44:21.751+0000] {logging_mixin.py:188} INFO - [2024-06-25T05:44:21.751+0000] {dagbag.py:545} INFO - Filling up the DagBag from /home/airflow/.local/lib/python3.12/site-packages/airflow/example_dags/example_bash_operator.py
[2024-06-25T05:44:21.756+0000] {processor.py:840} INFO - DAG(s) 'example_bash_operator' retrieved from /home/airflow/.local/lib/python3.12/site-packages/airflow/example_dags/example_bash_operator.py
[2024-06-25T05:44:21.800+0000] {logging_mixin.py:188} INFO - [2024-06-25T05:44:21.800+0000] {dag.py:3096} INFO - Sync 1 DAGs
[2024-06-25T05:44:21.808+0000] {logging_mixin.py:188} INFO - [2024-06-25T05:44:21.808+0000] {dag.py:3954} INFO - Setting next_dagrun for example_bash_operator to 2024-06-24 00:00:00+00:00, run_after=2024-06-25 00:00:00+00:00
[2024-06-25T05:44:21.818+0000] {processor.py:183} INFO - Processing /home/airflow/.local/lib/python3.12/site-packages/airflow/example_dags/example_bash_operator.py took 0.072 seconds
[2024-06-25T05:44:52.800+0000] {processor.py:161} INFO - Started process (PID=226) to work on /home/airflow/.local/lib/python3.12/site-packages/airflow/example_dags/example_bash_operator.py
[2024-06-25T05:44:52.800+0000] {processor.py:830} INFO - Processing file /home/airflow/.local/lib/python3.12/site-packages/airflow/example_dags/example_bash_operator.py for tasks to queue
[2024-06-25T05:44:52.802+0000] {logging_mixin.py:188} INFO - [2024-06-25T05:44:52.802+0000] {dagbag.py:545} INFO - Filling up the DagBag from /home/airflow/.local/lib/python3.12/site-packages/airflow/example_dags/example_bash_operator.py
[2024-06-25T05:44:52.811+0000] {processor.py:840} INFO - DAG(s) 'example_bash_operator' retrieved from /home/airflow/.local/lib/python3.12/site-packages/airflow/example_dags/example_bash_operator.py
[2024-06-25T05:44:52.827+0000] {logging_mixin.py:188} INFO - [2024-06-25T05:44:52.827+0000] {dag.py:3096} INFO - Sync 1 DAGs
[2024-06-25T05:44:52.838+0000] {logging_mixin.py:188} INFO - [2024-06-25T05:44:52.838+0000] {dag.py:3954} INFO - Setting next_dagrun for example_bash_operator to 2024-06-24 00:00:00+00:00, run_after=2024-06-25 00:00:00+00:00
[2024-06-25T05:44:52.851+0000] {processor.py:183} INFO - Processing /home/airflow/.local/lib/python3.12/site-packages/airflow/example_dags/example_bash_operator.py took 0.054 seconds
[2024-06-25T05:45:23.495+0000] {processor.py:161} INFO - Started process (PID=283) to work on /home/airflow/.local/lib/python3.12/site-packages/airflow/example_dags/example_bash_operator.py
[2024-06-25T05:45:23.496+0000] {processor.py:830} INFO - Processing file /home/airflow/.local/lib/python3.12/site-packages/airflow/example_dags/example_bash_operator.py for tasks to queue
[2024-06-25T05:45:23.497+0000] {logging_mixin.py:188} INFO - [2024-06-25T05:45:23.497+0000] {dagbag.py:545} INFO - Filling up the DagBag from /home/airflow/.local/lib/python3.12/site-packages/airflow/example_dags/example_bash_operator.py
[2024-06-25T05:45:23.502+0000] {processor.py:840} INFO - DAG(s) 'example_bash_operator' retrieved from /home/airflow/.local/lib/python3.12/site-packages/airflow/example_dags/example_bash_operator.py
[2024-06-25T05:45:23.515+0000] {logging_mixin.py:188} INFO - [2024-06-25T05:45:23.515+0000] {dag.py:3096} INFO - Sync 1 DAGs
[2024-06-25T05:45:23.525+0000] {logging_mixin.py:188} INFO - [2024-06-25T05:45:23.525+0000] {dag.py:3954} INFO - Setting next_dagrun for example_bash_operator to 2024-06-24 00:00:00+00:00, run_after=2024-06-25 00:00:00+00:00
[2024-06-25T05:45:23.533+0000] {processor.py:183} INFO - Processing /home/airflow/.local/lib/python3.12/site-packages/airflow/example_dags/example_bash_operator.py took 0.041 seconds
[2024-06-25T05:45:54.175+0000] {processor.py:161} INFO - Started process (PID=341) to work on /home/airflow/.local/lib/python3.12/site-packages/airflow/example_dags/example_bash_operator.py
[2024-06-25T05:45:54.175+0000] {processor.py:830} INFO - Processing file /home/airflow/.local/lib/python3.12/site-packages/airflow/example_dags/example_bash_operator.py for tasks to queue
[2024-06-25T05:45:54.176+0000] {logging_mixin.py:188} INFO - [2024-06-25T05:45:54.176+0000] {dagbag.py:545} INFO - Filling up the DagBag from /home/airflow/.local/lib/python3.12/site-packages/airflow/example_dags/example_bash_operator.py
[2024-06-25T05:45:54.181+0000] {processor.py:840} INFO - DAG(s) 'example_bash_operator' retrieved from /home/airflow/.local/lib/python3.12/site-packages/airflow/example_dags/example_bash_operator.py
[2024-06-25T05:45:54.193+0000] {logging_mixin.py:188} INFO - [2024-06-25T05:45:54.193+0000] {dag.py:3096} INFO - Sync 1 DAGs
[2024-06-25T05:45:54.203+0000] {logging_mixin.py:188} INFO - [2024-06-25T05:45:54.203+0000] {dag.py:3954} INFO - Setting next_dagrun for example_bash_operator to 2024-06-24 00:00:00+00:00, run_after=2024-06-25 00:00:00+00:00
[2024-06-25T05:45:54.211+0000] {processor.py:183} INFO - Processing /home/airflow/.local/lib/python3.12/site-packages/airflow/example_dags/example_bash_operator.py took 0.039 seconds
[2024-06-25T05:46:24.781+0000] {processor.py:161} INFO - Started process (PID=399) to work on /home/airflow/.local/lib/python3.12/site-packages/airflow/example_dags/example_bash_operator.py
[2024-06-25T05:46:24.782+0000] {processor.py:830} INFO - Processing file /home/airflow/.local/lib/python3.12/site-packages/airflow/example_dags/example_bash_operator.py for tasks to queue
[2024-06-25T05:46:24.783+0000] {logging_mixin.py:188} INFO - [2024-06-25T05:46:24.782+0000] {dagbag.py:545} INFO - Filling up the DagBag from /home/airflow/.local/lib/python3.12/site-packages/airflow/example_dags/example_bash_operator.py
[2024-06-25T05:46:24.789+0000] {processor.py:840} INFO - DAG(s) 'example_bash_operator' retrieved from /home/airflow/.local/lib/python3.12/site-packages/airflow/example_dags/example_bash_operator.py
[2024-06-25T05:46:24.802+0000] {logging_mixin.py:188} INFO - [2024-06-25T05:46:24.802+0000] {dag.py:3096} INFO - Sync 1 DAGs
[2024-06-25T05:46:24.814+0000] {logging_mixin.py:188} INFO - [2024-06-25T05:46:24.814+0000] {dag.py:3954} INFO - Setting next_dagrun for example_bash_operator to 2024-06-24 00:00:00+00:00, run_after=2024-06-25 00:00:00+00:00
[2024-06-25T05:46:24.824+0000] {processor.py:183} INFO - Processing /home/airflow/.local/lib/python3.12/site-packages/airflow/example_dags/example_bash_operator.py took 0.047 seconds
[2024-06-25T05:46:55.243+0000] {processor.py:161} INFO - Started process (PID=457) to work on /home/airflow/.local/lib/python3.12/site-packages/airflow/example_dags/example_bash_operator.py
[2024-06-25T05:46:55.247+0000] {processor.py:830} INFO - Processing file /home/airflow/.local/lib/python3.12/site-packages/airflow/example_dags/example_bash_operator.py for tasks to queue
[2024-06-25T05:46:55.251+0000] {logging_mixin.py:188} INFO - [2024-06-25T05:46:55.251+0000] {dagbag.py:545} INFO - Filling up the DagBag from /home/airflow/.local/lib/python3.12/site-packages/airflow/example_dags/example_bash_operator.py
[2024-06-25T05:46:55.256+0000] {processor.py:840} INFO - DAG(s) 'example_bash_operator' retrieved from /home/airflow/.local/lib/python3.12/site-packages/airflow/example_dags/example_bash_operator.py
[2024-06-25T05:46:55.269+0000] {logging_mixin.py:188} INFO - [2024-06-25T05:46:55.269+0000] {dag.py:3096} INFO - Sync 1 DAGs
[2024-06-25T05:46:55.280+0000] {logging_mixin.py:188} INFO - [2024-06-25T05:46:55.280+0000] {dag.py:3954} INFO - Setting next_dagrun for example_bash_operator to 2024-06-24 00:00:00+00:00, run_after=2024-06-25 00:00:00+00:00
[2024-06-25T05:46:55.289+0000] {processor.py:183} INFO - Processing /home/airflow/.local/lib/python3.12/site-packages/airflow/example_dags/example_bash_operator.py took 0.049 seconds
[2024-06-25T05:47:33.830+0000] {processor.py:161} INFO - Started process (PID=514) to work on /home/airflow/.local/lib/python3.12/site-packages/airflow/example_dags/example_bash_operator.py
[2024-06-25T05:47:33.834+0000] {processor.py:830} INFO - Processing file /home/airflow/.local/lib/python3.12/site-packages/airflow/example_dags/example_bash_operator.py for tasks to queue
[2024-06-25T05:47:33.835+0000] {logging_mixin.py:188} INFO - [2024-06-25T05:47:33.835+0000] {dagbag.py:545} INFO - Filling up the DagBag from /home/airflow/.local/lib/python3.12/site-packages/airflow/example_dags/example_bash_operator.py
[2024-06-25T05:47:33.840+0000] {processor.py:840} INFO - DAG(s) 'example_bash_operator' retrieved from /home/airflow/.local/lib/python3.12/site-packages/airflow/example_dags/example_bash_operator.py
[2024-06-25T05:47:33.858+0000] {logging_mixin.py:188} INFO - [2024-06-25T05:47:33.858+0000] {dag.py:3096} INFO - Sync 1 DAGs
[2024-06-25T05:47:33.871+0000] {logging_mixin.py:188} INFO - [2024-06-25T05:47:33.871+0000] {dag.py:3954} INFO - Setting next_dagrun for example_bash_operator to 2024-06-24 00:00:00+00:00, run_after=2024-06-25 00:00:00+00:00
[2024-06-25T05:47:33.883+0000] {processor.py:183} INFO - Processing /home/airflow/.local/lib/python3.12/site-packages/airflow/example_dags/example_bash_operator.py took 0.055 seconds
[2024-06-25T05:48:04.091+0000] {processor.py:161} INFO - Started process (PID=573) to work on /home/airflow/.local/lib/python3.12/site-packages/airflow/example_dags/example_bash_operator.py
[2024-06-25T05:48:04.092+0000] {processor.py:830} INFO - Processing file /home/airflow/.local/lib/python3.12/site-packages/airflow/example_dags/example_bash_operator.py for tasks to queue
[2024-06-25T05:48:04.093+0000] {logging_mixin.py:188} INFO - [2024-06-25T05:48:04.093+0000] {dagbag.py:545} INFO - Filling up the DagBag from /home/airflow/.local/lib/python3.12/site-packages/airflow/example_dags/example_bash_operator.py
[2024-06-25T05:48:04.100+0000] {processor.py:840} INFO - DAG(s) 'example_bash_operator' retrieved from /home/airflow/.local/lib/python3.12/site-packages/airflow/example_dags/example_bash_operator.py
[2024-06-25T05:48:04.122+0000] {logging_mixin.py:188} INFO - [2024-06-25T05:48:04.122+0000] {dag.py:3096} INFO - Sync 1 DAGs
[2024-06-25T05:48:04.135+0000] {logging_mixin.py:188} INFO - [2024-06-25T05:48:04.135+0000] {dag.py:3954} INFO - Setting next_dagrun for example_bash_operator to 2024-06-24 00:00:00+00:00, run_after=2024-06-25 00:00:00+00:00
[2024-06-25T05:48:04.147+0000] {processor.py:183} INFO - Processing /home/airflow/.local/lib/python3.12/site-packages/airflow/example_dags/example_bash_operator.py took 0.063 seconds
[2024-06-25T05:48:34.599+0000] {processor.py:161} INFO - Started process (PID=631) to work on /home/airflow/.local/lib/python3.12/site-packages/airflow/example_dags/example_bash_operator.py
[2024-06-25T05:48:34.601+0000] {processor.py:830} INFO - Processing file /home/airflow/.local/lib/python3.12/site-packages/airflow/example_dags/example_bash_operator.py for tasks to queue
[2024-06-25T05:48:34.602+0000] {logging_mixin.py:188} INFO - [2024-06-25T05:48:34.602+0000] {dagbag.py:545} INFO - Filling up the DagBag from /home/airflow/.local/lib/python3.12/site-packages/airflow/example_dags/example_bash_operator.py
[2024-06-25T05:48:34.609+0000] {processor.py:840} INFO - DAG(s) 'example_bash_operator' retrieved from /home/airflow/.local/lib/python3.12/site-packages/airflow/example_dags/example_bash_operator.py
[2024-06-25T05:48:34.636+0000] {logging_mixin.py:188} INFO - [2024-06-25T05:48:34.636+0000] {dag.py:3096} INFO - Sync 1 DAGs
[2024-06-25T05:48:34.653+0000] {logging_mixin.py:188} INFO - [2024-06-25T05:48:34.653+0000] {dag.py:3954} INFO - Setting next_dagrun for example_bash_operator to 2024-06-24 00:00:00+00:00, run_after=2024-06-25 00:00:00+00:00
[2024-06-25T05:48:34.666+0000] {processor.py:183} INFO - Processing /home/airflow/.local/lib/python3.12/site-packages/airflow/example_dags/example_bash_operator.py took 0.070 seconds
[2024-06-25T05:49:05.446+0000] {processor.py:161} INFO - Started process (PID=689) to work on /home/airflow/.local/lib/python3.12/site-packages/airflow/example_dags/example_bash_operator.py
[2024-06-25T05:49:05.447+0000] {processor.py:830} INFO - Processing file /home/airflow/.local/lib/python3.12/site-packages/airflow/example_dags/example_bash_operator.py for tasks to queue
[2024-06-25T05:49:05.448+0000] {logging_mixin.py:188} INFO - [2024-06-25T05:49:05.448+0000] {dagbag.py:545} INFO - Filling up the DagBag from /home/airflow/.local/lib/python3.12/site-packages/airflow/example_dags/example_bash_operator.py
[2024-06-25T05:49:05.454+0000] {processor.py:840} INFO - DAG(s) 'example_bash_operator' retrieved from /home/airflow/.local/lib/python3.12/site-packages/airflow/example_dags/example_bash_operator.py
[2024-06-25T05:49:05.469+0000] {logging_mixin.py:188} INFO - [2024-06-25T05:49:05.469+0000] {dag.py:3096} INFO - Sync 1 DAGs
[2024-06-25T05:49:05.480+0000] {logging_mixin.py:188} INFO - [2024-06-25T05:49:05.480+0000] {dag.py:3954} INFO - Setting next_dagrun for example_bash_operator to 2024-06-24 00:00:00+00:00, run_after=2024-06-25 00:00:00+00:00
[2024-06-25T05:49:05.490+0000] {processor.py:183} INFO - Processing /home/airflow/.local/lib/python3.12/site-packages/airflow/example_dags/example_bash_operator.py took 0.047 seconds
[2024-06-25T05:49:35.675+0000] {processor.py:161} INFO - Started process (PID=747) to work on /home/airflow/.local/lib/python3.12/site-packages/airflow/example_dags/example_bash_operator.py
[2024-06-25T05:49:35.677+0000] {processor.py:830} INFO - Processing file /home/airflow/.local/lib/python3.12/site-packages/airflow/example_dags/example_bash_operator.py for tasks to queue
[2024-06-25T05:49:35.679+0000] {logging_mixin.py:188} INFO - [2024-06-25T05:49:35.678+0000] {dagbag.py:545} INFO - Filling up the DagBag from /home/airflow/.local/lib/python3.12/site-packages/airflow/example_dags/example_bash_operator.py
[2024-06-25T05:49:35.684+0000] {processor.py:840} INFO - DAG(s) 'example_bash_operator' retrieved from /home/airflow/.local/lib/python3.12/site-packages/airflow/example_dags/example_bash_operator.py
[2024-06-25T05:49:35.699+0000] {logging_mixin.py:188} INFO - [2024-06-25T05:49:35.699+0000] {dag.py:3096} INFO - Sync 1 DAGs
[2024-06-25T05:49:35.710+0000] {logging_mixin.py:188} INFO - [2024-06-25T05:49:35.709+0000] {dag.py:3954} INFO - Setting next_dagrun for example_bash_operator to 2024-06-24 00:00:00+00:00, run_after=2024-06-25 00:00:00+00:00
[2024-06-25T05:49:35.719+0000] {processor.py:183} INFO - Processing /home/airflow/.local/lib/python3.12/site-packages/airflow/example_dags/example_bash_operator.py took 0.046 seconds
[2024-06-25T05:50:05.925+0000] {processor.py:161} INFO - Started process (PID=805) to work on /home/airflow/.local/lib/python3.12/site-packages/airflow/example_dags/example_bash_operator.py
[2024-06-25T05:50:05.926+0000] {processor.py:830} INFO - Processing file /home/airflow/.local/lib/python3.12/site-packages/airflow/example_dags/example_bash_operator.py for tasks to queue
[2024-06-25T05:50:05.927+0000] {logging_mixin.py:188} INFO - [2024-06-25T05:50:05.927+0000] {dagbag.py:545} INFO - Filling up the DagBag from /home/airflow/.local/lib/python3.12/site-packages/airflow/example_dags/example_bash_operator.py
[2024-06-25T05:50:05.932+0000] {processor.py:840} INFO - DAG(s) 'example_bash_operator' retrieved from /home/airflow/.local/lib/python3.12/site-packages/airflow/example_dags/example_bash_operator.py
[2024-06-25T05:50:05.944+0000] {logging_mixin.py:188} INFO - [2024-06-25T05:50:05.944+0000] {dag.py:3096} INFO - Sync 1 DAGs
[2024-06-25T05:50:05.954+0000] {logging_mixin.py:188} INFO - [2024-06-25T05:50:05.954+0000] {dag.py:3954} INFO - Setting next_dagrun for example_bash_operator to 2024-06-24 00:00:00+00:00, run_after=2024-06-25 00:00:00+00:00
[2024-06-25T05:50:05.962+0000] {processor.py:183} INFO - Processing /home/airflow/.local/lib/python3.12/site-packages/airflow/example_dags/example_bash_operator.py took 0.039 seconds
[2024-06-25T05:50:36.017+0000] {processor.py:161} INFO - Started process (PID=863) to work on /home/airflow/.local/lib/python3.12/site-packages/airflow/example_dags/example_bash_operator.py
[2024-06-25T05:50:36.018+0000] {processor.py:830} INFO - Processing file /home/airflow/.local/lib/python3.12/site-packages/airflow/example_dags/example_bash_operator.py for tasks to queue
[2024-06-25T05:50:36.019+0000] {logging_mixin.py:188} INFO - [2024-06-25T05:50:36.018+0000] {dagbag.py:545} INFO - Filling up the DagBag from /home/airflow/.local/lib/python3.12/site-packages/airflow/example_dags/example_bash_operator.py
[2024-06-25T05:50:36.024+0000] {processor.py:840} INFO - DAG(s) 'example_bash_operator' retrieved from /home/airflow/.local/lib/python3.12/site-packages/airflow/example_dags/example_bash_operator.py
[2024-06-25T05:50:36.035+0000] {logging_mixin.py:188} INFO - [2024-06-25T05:50:36.035+0000] {dag.py:3096} INFO - Sync 1 DAGs
[2024-06-25T05:50:36.044+0000] {logging_mixin.py:188} INFO - [2024-06-25T05:50:36.044+0000] {dag.py:3954} INFO - Setting next_dagrun for example_bash_operator to 2024-06-24 00:00:00+00:00, run_after=2024-06-25 00:00:00+00:00
[2024-06-25T05:50:36.052+0000] {processor.py:183} INFO - Processing /home/airflow/.local/lib/python3.12/site-packages/airflow/example_dags/example_bash_operator.py took 0.037 seconds
[2024-06-25T05:51:06.162+0000] {processor.py:161} INFO - Started process (PID=921) to work on /home/airflow/.local/lib/python3.12/site-packages/airflow/example_dags/example_bash_operator.py
[2024-06-25T05:51:06.166+0000] {processor.py:830} INFO - Processing file /home/airflow/.local/lib/python3.12/site-packages/airflow/example_dags/example_bash_operator.py for tasks to queue
[2024-06-25T05:51:06.167+0000] {logging_mixin.py:188} INFO - [2024-06-25T05:51:06.167+0000] {dagbag.py:545} INFO - Filling up the DagBag from /home/airflow/.local/lib/python3.12/site-packages/airflow/example_dags/example_bash_operator.py
[2024-06-25T05:51:06.172+0000] {processor.py:840} INFO - DAG(s) 'example_bash_operator' retrieved from /home/airflow/.local/lib/python3.12/site-packages/airflow/example_dags/example_bash_operator.py
[2024-06-25T05:51:06.184+0000] {logging_mixin.py:188} INFO - [2024-06-25T05:51:06.183+0000] {dag.py:3096} INFO - Sync 1 DAGs
[2024-06-25T05:51:06.193+0000] {logging_mixin.py:188} INFO - [2024-06-25T05:51:06.193+0000] {dag.py:3954} INFO - Setting next_dagrun for example_bash_operator to 2024-06-24 00:00:00+00:00, run_after=2024-06-25 00:00:00+00:00
[2024-06-25T05:51:06.201+0000] {processor.py:183} INFO - Processing /home/airflow/.local/lib/python3.12/site-packages/airflow/example_dags/example_bash_operator.py took 0.041 seconds
[2024-06-25T05:51:36.953+0000] {processor.py:161} INFO - Started process (PID=979) to work on /home/airflow/.local/lib/python3.12/site-packages/airflow/example_dags/example_bash_operator.py
[2024-06-25T05:51:36.954+0000] {processor.py:830} INFO - Processing file /home/airflow/.local/lib/python3.12/site-packages/airflow/example_dags/example_bash_operator.py for tasks to queue
[2024-06-25T05:51:36.955+0000] {logging_mixin.py:188} INFO - [2024-06-25T05:51:36.955+0000] {dagbag.py:545} INFO - Filling up the DagBag from /home/airflow/.local/lib/python3.12/site-packages/airflow/example_dags/example_bash_operator.py
[2024-06-25T05:51:36.960+0000] {processor.py:840} INFO - DAG(s) 'example_bash_operator' retrieved from /home/airflow/.local/lib/python3.12/site-packages/airflow/example_dags/example_bash_operator.py
[2024-06-25T05:51:36.973+0000] {logging_mixin.py:188} INFO - [2024-06-25T05:51:36.973+0000] {dag.py:3096} INFO - Sync 1 DAGs
[2024-06-25T05:51:36.983+0000] {logging_mixin.py:188} INFO - [2024-06-25T05:51:36.983+0000] {dag.py:3954} INFO - Setting next_dagrun for example_bash_operator to 2024-06-24 00:00:00+00:00, run_after=2024-06-25 00:00:00+00:00
[2024-06-25T05:51:36.992+0000] {processor.py:183} INFO - Processing /home/airflow/.local/lib/python3.12/site-packages/airflow/example_dags/example_bash_operator.py took 0.042 seconds
[2024-06-25T05:52:07.090+0000] {processor.py:161} INFO - Started process (PID=1037) to work on /home/airflow/.local/lib/python3.12/site-packages/airflow/example_dags/example_bash_operator.py
[2024-06-25T05:52:07.091+0000] {processor.py:830} INFO - Processing file /home/airflow/.local/lib/python3.12/site-packages/airflow/example_dags/example_bash_operator.py for tasks to queue
[2024-06-25T05:52:07.092+0000] {logging_mixin.py:188} INFO - [2024-06-25T05:52:07.092+0000] {dagbag.py:545} INFO - Filling up the DagBag from /home/airflow/.local/lib/python3.12/site-packages/airflow/example_dags/example_bash_operator.py
[2024-06-25T05:52:07.097+0000] {processor.py:840} INFO - DAG(s) 'example_bash_operator' retrieved from /home/airflow/.local/lib/python3.12/site-packages/airflow/example_dags/example_bash_operator.py
[2024-06-25T05:52:07.108+0000] {logging_mixin.py:188} INFO - [2024-06-25T05:52:07.108+0000] {dag.py:3096} INFO - Sync 1 DAGs
[2024-06-25T05:52:07.117+0000] {logging_mixin.py:188} INFO - [2024-06-25T05:52:07.117+0000] {dag.py:3954} INFO - Setting next_dagrun for example_bash_operator to 2024-06-24 00:00:00+00:00, run_after=2024-06-25 00:00:00+00:00
[2024-06-25T05:52:07.124+0000] {processor.py:183} INFO - Processing /home/airflow/.local/lib/python3.12/site-packages/airflow/example_dags/example_bash_operator.py took 0.036 seconds
[2024-06-25T05:52:37.779+0000] {processor.py:161} INFO - Started process (PID=1095) to work on /home/airflow/.local/lib/python3.12/site-packages/airflow/example_dags/example_bash_operator.py
[2024-06-25T05:52:37.780+0000] {processor.py:830} INFO - Processing file /home/airflow/.local/lib/python3.12/site-packages/airflow/example_dags/example_bash_operator.py for tasks to queue
[2024-06-25T05:52:37.781+0000] {logging_mixin.py:188} INFO - [2024-06-25T05:52:37.781+0000] {dagbag.py:545} INFO - Filling up the DagBag from /home/airflow/.local/lib/python3.12/site-packages/airflow/example_dags/example_bash_operator.py
[2024-06-25T05:52:37.786+0000] {processor.py:840} INFO - DAG(s) 'example_bash_operator' retrieved from /home/airflow/.local/lib/python3.12/site-packages/airflow/example_dags/example_bash_operator.py
[2024-06-25T05:52:37.799+0000] {logging_mixin.py:188} INFO - [2024-06-25T05:52:37.799+0000] {dag.py:3096} INFO - Sync 1 DAGs
[2024-06-25T05:52:37.810+0000] {logging_mixin.py:188} INFO - [2024-06-25T05:52:37.809+0000] {dag.py:3954} INFO - Setting next_dagrun for example_bash_operator to 2024-06-24 00:00:00+00:00, run_after=2024-06-25 00:00:00+00:00
[2024-06-25T05:52:37.818+0000] {processor.py:183} INFO - Processing /home/airflow/.local/lib/python3.12/site-packages/airflow/example_dags/example_bash_operator.py took 0.042 seconds
[2024-06-25T05:53:08.481+0000] {processor.py:161} INFO - Started process (PID=1153) to work on /home/airflow/.local/lib/python3.12/site-packages/airflow/example_dags/example_bash_operator.py
[2024-06-25T05:53:08.482+0000] {processor.py:830} INFO - Processing file /home/airflow/.local/lib/python3.12/site-packages/airflow/example_dags/example_bash_operator.py for tasks to queue
[2024-06-25T05:53:08.483+0000] {logging_mixin.py:188} INFO - [2024-06-25T05:53:08.483+0000] {dagbag.py:545} INFO - Filling up the DagBag from /home/airflow/.local/lib/python3.12/site-packages/airflow/example_dags/example_bash_operator.py
[2024-06-25T05:53:08.488+0000] {processor.py:840} INFO - DAG(s) 'example_bash_operator' retrieved from /home/airflow/.local/lib/python3.12/site-packages/airflow/example_dags/example_bash_operator.py
[2024-06-25T05:53:08.500+0000] {logging_mixin.py:188} INFO - [2024-06-25T05:53:08.500+0000] {dag.py:3096} INFO - Sync 1 DAGs
[2024-06-25T05:53:08.509+0000] {logging_mixin.py:188} INFO - [2024-06-25T05:53:08.509+0000] {dag.py:3954} INFO - Setting next_dagrun for example_bash_operator to 2024-06-24 00:00:00+00:00, run_after=2024-06-25 00:00:00+00:00
[2024-06-25T05:53:08.517+0000] {processor.py:183} INFO - Processing /home/airflow/.local/lib/python3.12/site-packages/airflow/example_dags/example_bash_operator.py took 0.038 seconds
[2024-06-25T05:53:38.686+0000] {processor.py:161} INFO - Started process (PID=1211) to work on /home/airflow/.local/lib/python3.12/site-packages/airflow/example_dags/example_bash_operator.py
[2024-06-25T05:53:38.688+0000] {processor.py:830} INFO - Processing file /home/airflow/.local/lib/python3.12/site-packages/airflow/example_dags/example_bash_operator.py for tasks to queue
[2024-06-25T05:53:38.689+0000] {logging_mixin.py:188} INFO - [2024-06-25T05:53:38.689+0000] {dagbag.py:545} INFO - Filling up the DagBag from /home/airflow/.local/lib/python3.12/site-packages/airflow/example_dags/example_bash_operator.py
[2024-06-25T05:53:38.694+0000] {processor.py:840} INFO - DAG(s) 'example_bash_operator' retrieved from /home/airflow/.local/lib/python3.12/site-packages/airflow/example_dags/example_bash_operator.py
[2024-06-25T05:53:38.707+0000] {logging_mixin.py:188} INFO - [2024-06-25T05:53:38.707+0000] {dag.py:3096} INFO - Sync 1 DAGs
[2024-06-25T05:53:38.717+0000] {logging_mixin.py:188} INFO - [2024-06-25T05:53:38.717+0000] {dag.py:3954} INFO - Setting next_dagrun for example_bash_operator to 2024-06-24 00:00:00+00:00, run_after=2024-06-25 00:00:00+00:00
[2024-06-25T05:53:38.726+0000] {processor.py:183} INFO - Processing /home/airflow/.local/lib/python3.12/site-packages/airflow/example_dags/example_bash_operator.py took 0.042 seconds
[2024-06-25T05:54:09.536+0000] {processor.py:161} INFO - Started process (PID=1269) to work on /home/airflow/.local/lib/python3.12/site-packages/airflow/example_dags/example_bash_operator.py
[2024-06-25T05:54:09.544+0000] {processor.py:830} INFO - Processing file /home/airflow/.local/lib/python3.12/site-packages/airflow/example_dags/example_bash_operator.py for tasks to queue
[2024-06-25T05:54:09.545+0000] {logging_mixin.py:188} INFO - [2024-06-25T05:54:09.544+0000] {dagbag.py:545} INFO - Filling up the DagBag from /home/airflow/.local/lib/python3.12/site-packages/airflow/example_dags/example_bash_operator.py
[2024-06-25T05:54:09.550+0000] {processor.py:840} INFO - DAG(s) 'example_bash_operator' retrieved from /home/airflow/.local/lib/python3.12/site-packages/airflow/example_dags/example_bash_operator.py
[2024-06-25T05:54:09.563+0000] {logging_mixin.py:188} INFO - [2024-06-25T05:54:09.563+0000] {dag.py:3096} INFO - Sync 1 DAGs
[2024-06-25T05:54:09.574+0000] {logging_mixin.py:188} INFO - [2024-06-25T05:54:09.574+0000] {dag.py:3954} INFO - Setting next_dagrun for example_bash_operator to 2024-06-24 00:00:00+00:00, run_after=2024-06-25 00:00:00+00:00
[2024-06-25T05:54:09.583+0000] {processor.py:183} INFO - Processing /home/airflow/.local/lib/python3.12/site-packages/airflow/example_dags/example_bash_operator.py took 0.049 seconds
[2024-06-25T05:54:39.663+0000] {processor.py:161} INFO - Started process (PID=1326) to work on /home/airflow/.local/lib/python3.12/site-packages/airflow/example_dags/example_bash_operator.py
[2024-06-25T05:54:39.663+0000] {processor.py:830} INFO - Processing file /home/airflow/.local/lib/python3.12/site-packages/airflow/example_dags/example_bash_operator.py for tasks to queue
[2024-06-25T05:54:39.664+0000] {logging_mixin.py:188} INFO - [2024-06-25T05:54:39.664+0000] {dagbag.py:545} INFO - Filling up the DagBag from /home/airflow/.local/lib/python3.12/site-packages/airflow/example_dags/example_bash_operator.py
[2024-06-25T05:54:39.670+0000] {processor.py:840} INFO - DAG(s) 'example_bash_operator' retrieved from /home/airflow/.local/lib/python3.12/site-packages/airflow/example_dags/example_bash_operator.py
[2024-06-25T05:54:39.682+0000] {logging_mixin.py:188} INFO - [2024-06-25T05:54:39.682+0000] {dag.py:3096} INFO - Sync 1 DAGs
[2024-06-25T05:54:39.692+0000] {logging_mixin.py:188} INFO - [2024-06-25T05:54:39.692+0000] {dag.py:3954} INFO - Setting next_dagrun for example_bash_operator to 2024-06-24 00:00:00+00:00, run_after=2024-06-25 00:00:00+00:00
[2024-06-25T05:54:39.701+0000] {processor.py:183} INFO - Processing /home/airflow/.local/lib/python3.12/site-packages/airflow/example_dags/example_bash_operator.py took 0.041 seconds
[2024-06-25T05:55:09.803+0000] {processor.py:161} INFO - Started process (PID=1384) to work on /home/airflow/.local/lib/python3.12/site-packages/airflow/example_dags/example_bash_operator.py
[2024-06-25T05:55:09.803+0000] {processor.py:830} INFO - Processing file /home/airflow/.local/lib/python3.12/site-packages/airflow/example_dags/example_bash_operator.py for tasks to queue
[2024-06-25T05:55:09.804+0000] {logging_mixin.py:188} INFO - [2024-06-25T05:55:09.804+0000] {dagbag.py:545} INFO - Filling up the DagBag from /home/airflow/.local/lib/python3.12/site-packages/airflow/example_dags/example_bash_operator.py
[2024-06-25T05:55:09.810+0000] {processor.py:840} INFO - DAG(s) 'example_bash_operator' retrieved from /home/airflow/.local/lib/python3.12/site-packages/airflow/example_dags/example_bash_operator.py
[2024-06-25T05:55:09.822+0000] {logging_mixin.py:188} INFO - [2024-06-25T05:55:09.822+0000] {dag.py:3096} INFO - Sync 1 DAGs
[2024-06-25T05:55:09.833+0000] {logging_mixin.py:188} INFO - [2024-06-25T05:55:09.833+0000] {dag.py:3954} INFO - Setting next_dagrun for example_bash_operator to 2024-06-24 00:00:00+00:00, run_after=2024-06-25 00:00:00+00:00
[2024-06-25T05:55:09.841+0000] {processor.py:183} INFO - Processing /home/airflow/.local/lib/python3.12/site-packages/airflow/example_dags/example_bash_operator.py took 0.041 seconds
[2024-06-25T05:55:40.705+0000] {processor.py:161} INFO - Started process (PID=1442) to work on /home/airflow/.local/lib/python3.12/site-packages/airflow/example_dags/example_bash_operator.py
[2024-06-25T05:55:40.706+0000] {processor.py:830} INFO - Processing file /home/airflow/.local/lib/python3.12/site-packages/airflow/example_dags/example_bash_operator.py for tasks to queue
[2024-06-25T05:55:40.707+0000] {logging_mixin.py:188} INFO - [2024-06-25T05:55:40.707+0000] {dagbag.py:545} INFO - Filling up the DagBag from /home/airflow/.local/lib/python3.12/site-packages/airflow/example_dags/example_bash_operator.py
[2024-06-25T05:55:40.712+0000] {processor.py:840} INFO - DAG(s) 'example_bash_operator' retrieved from /home/airflow/.local/lib/python3.12/site-packages/airflow/example_dags/example_bash_operator.py
[2024-06-25T05:55:40.725+0000] {logging_mixin.py:188} INFO - [2024-06-25T05:55:40.725+0000] {dag.py:3096} INFO - Sync 1 DAGs
[2024-06-25T05:55:40.735+0000] {logging_mixin.py:188} INFO - [2024-06-25T05:55:40.734+0000] {dag.py:3954} INFO - Setting next_dagrun for example_bash_operator to 2024-06-24 00:00:00+00:00, run_after=2024-06-25 00:00:00+00:00
[2024-06-25T05:55:40.743+0000] {processor.py:183} INFO - Processing /home/airflow/.local/lib/python3.12/site-packages/airflow/example_dags/example_bash_operator.py took 0.040 seconds
[2024-06-25T05:56:11.000+0000] {processor.py:161} INFO - Started process (PID=1500) to work on /home/airflow/.local/lib/python3.12/site-packages/airflow/example_dags/example_bash_operator.py
[2024-06-25T05:56:11.001+0000] {processor.py:830} INFO - Processing file /home/airflow/.local/lib/python3.12/site-packages/airflow/example_dags/example_bash_operator.py for tasks to queue
[2024-06-25T05:56:11.002+0000] {logging_mixin.py:188} INFO - [2024-06-25T05:56:11.002+0000] {dagbag.py:545} INFO - Filling up the DagBag from /home/airflow/.local/lib/python3.12/site-packages/airflow/example_dags/example_bash_operator.py
[2024-06-25T05:56:11.007+0000] {processor.py:840} INFO - DAG(s) 'example_bash_operator' retrieved from /home/airflow/.local/lib/python3.12/site-packages/airflow/example_dags/example_bash_operator.py
[2024-06-25T05:56:11.019+0000] {logging_mixin.py:188} INFO - [2024-06-25T05:56:11.019+0000] {dag.py:3096} INFO - Sync 1 DAGs
[2024-06-25T05:56:11.029+0000] {logging_mixin.py:188} INFO - [2024-06-25T05:56:11.029+0000] {dag.py:3954} INFO - Setting next_dagrun for example_bash_operator to 2024-06-24 00:00:00+00:00, run_after=2024-06-25 00:00:00+00:00
[2024-06-25T05:56:11.036+0000] {processor.py:183} INFO - Processing /home/airflow/.local/lib/python3.12/site-packages/airflow/example_dags/example_bash_operator.py took 0.039 seconds
[2024-06-25T05:56:41.688+0000] {processor.py:161} INFO - Started process (PID=1558) to work on /home/airflow/.local/lib/python3.12/site-packages/airflow/example_dags/example_bash_operator.py
[2024-06-25T05:56:41.689+0000] {processor.py:830} INFO - Processing file /home/airflow/.local/lib/python3.12/site-packages/airflow/example_dags/example_bash_operator.py for tasks to queue
[2024-06-25T05:56:41.690+0000] {logging_mixin.py:188} INFO - [2024-06-25T05:56:41.690+0000] {dagbag.py:545} INFO - Filling up the DagBag from /home/airflow/.local/lib/python3.12/site-packages/airflow/example_dags/example_bash_operator.py
[2024-06-25T05:56:41.695+0000] {processor.py:840} INFO - DAG(s) 'example_bash_operator' retrieved from /home/airflow/.local/lib/python3.12/site-packages/airflow/example_dags/example_bash_operator.py
[2024-06-25T05:56:41.707+0000] {logging_mixin.py:188} INFO - [2024-06-25T05:56:41.707+0000] {dag.py:3096} INFO - Sync 1 DAGs
[2024-06-25T05:56:41.717+0000] {logging_mixin.py:188} INFO - [2024-06-25T05:56:41.717+0000] {dag.py:3954} INFO - Setting next_dagrun for example_bash_operator to 2024-06-24 00:00:00+00:00, run_after=2024-06-25 00:00:00+00:00
[2024-06-25T05:56:41.725+0000] {processor.py:183} INFO - Processing /home/airflow/.local/lib/python3.12/site-packages/airflow/example_dags/example_bash_operator.py took 0.039 seconds
[2024-06-25T05:57:12.410+0000] {processor.py:161} INFO - Started process (PID=1616) to work on /home/airflow/.local/lib/python3.12/site-packages/airflow/example_dags/example_bash_operator.py
[2024-06-25T05:57:12.411+0000] {processor.py:830} INFO - Processing file /home/airflow/.local/lib/python3.12/site-packages/airflow/example_dags/example_bash_operator.py for tasks to queue
[2024-06-25T05:57:12.412+0000] {logging_mixin.py:188} INFO - [2024-06-25T05:57:12.412+0000] {dagbag.py:545} INFO - Filling up the DagBag from /home/airflow/.local/lib/python3.12/site-packages/airflow/example_dags/example_bash_operator.py
[2024-06-25T05:57:12.417+0000] {processor.py:840} INFO - DAG(s) 'example_bash_operator' retrieved from /home/airflow/.local/lib/python3.12/site-packages/airflow/example_dags/example_bash_operator.py
[2024-06-25T05:57:12.427+0000] {logging_mixin.py:188} INFO - [2024-06-25T05:57:12.427+0000] {dag.py:3096} INFO - Sync 1 DAGs
[2024-06-25T05:57:12.436+0000] {logging_mixin.py:188} INFO - [2024-06-25T05:57:12.436+0000] {dag.py:3954} INFO - Setting next_dagrun for example_bash_operator to 2024-06-24 00:00:00+00:00, run_after=2024-06-25 00:00:00+00:00
[2024-06-25T05:57:12.443+0000] {processor.py:183} INFO - Processing /home/airflow/.local/lib/python3.12/site-packages/airflow/example_dags/example_bash_operator.py took 0.036 seconds
[2024-06-25T05:57:43.124+0000] {processor.py:161} INFO - Started process (PID=1674) to work on /home/airflow/.local/lib/python3.12/site-packages/airflow/example_dags/example_bash_operator.py
[2024-06-25T05:57:43.125+0000] {processor.py:830} INFO - Processing file /home/airflow/.local/lib/python3.12/site-packages/airflow/example_dags/example_bash_operator.py for tasks to queue
[2024-06-25T05:57:43.126+0000] {logging_mixin.py:188} INFO - [2024-06-25T05:57:43.126+0000] {dagbag.py:545} INFO - Filling up the DagBag from /home/airflow/.local/lib/python3.12/site-packages/airflow/example_dags/example_bash_operator.py
[2024-06-25T05:57:43.131+0000] {processor.py:840} INFO - DAG(s) 'example_bash_operator' retrieved from /home/airflow/.local/lib/python3.12/site-packages/airflow/example_dags/example_bash_operator.py
[2024-06-25T05:57:43.143+0000] {logging_mixin.py:188} INFO - [2024-06-25T05:57:43.143+0000] {dag.py:3096} INFO - Sync 1 DAGs
[2024-06-25T05:57:43.153+0000] {logging_mixin.py:188} INFO - [2024-06-25T05:57:43.153+0000] {dag.py:3954} INFO - Setting next_dagrun for example_bash_operator to 2024-06-24 00:00:00+00:00, run_after=2024-06-25 00:00:00+00:00
[2024-06-25T05:57:43.160+0000] {processor.py:183} INFO - Processing /home/airflow/.local/lib/python3.12/site-packages/airflow/example_dags/example_bash_operator.py took 0.039 seconds
