[2024-06-25T05:41:19.416+0000] {processor.py:161} INFO - Started process (PID=69) to work on /home/airflow/.local/lib/python3.12/site-packages/airflow/example_dags/example_xcomargs.py
[2024-06-25T05:41:19.418+0000] {processor.py:830} INFO - Processing file /home/airflow/.local/lib/python3.12/site-packages/airflow/example_dags/example_xcomargs.py for tasks to queue
[2024-06-25T05:41:19.422+0000] {logging_mixin.py:188} INFO - [2024-06-25T05:41:19.421+0000] {dagbag.py:545} INFO - Filling up the DagBag from /home/airflow/.local/lib/python3.12/site-packages/airflow/example_dags/example_xcomargs.py
[2024-06-25T05:41:19.444+0000] {processor.py:840} INFO - DAG(s) 'example_xcom_args_with_operators', 'example_xcom_args' retrieved from /home/airflow/.local/lib/python3.12/site-packages/airflow/example_dags/example_xcomargs.py
[2024-06-25T05:41:19.456+0000] {logging_mixin.py:188} INFO - [2024-06-25T05:41:19.456+0000] {dag.py:3096} INFO - Sync 2 DAGs
[2024-06-25T05:41:19.468+0000] {logging_mixin.py:188} INFO - [2024-06-25T05:41:19.468+0000] {dag.py:3954} INFO - Setting next_dagrun for example_xcom_args to None, run_after=None
[2024-06-25T05:41:19.474+0000] {logging_mixin.py:188} INFO - [2024-06-25T05:41:19.474+0000] {dag.py:3954} INFO - Setting next_dagrun for example_xcom_args_with_operators to None, run_after=None
[2024-06-25T05:41:19.489+0000] {processor.py:183} INFO - Processing /home/airflow/.local/lib/python3.12/site-packages/airflow/example_dags/example_xcomargs.py took 0.081 seconds
[2024-06-25T05:41:50.409+0000] {processor.py:161} INFO - Started process (PID=127) to work on /home/airflow/.local/lib/python3.12/site-packages/airflow/example_dags/example_xcomargs.py
[2024-06-25T05:41:50.410+0000] {processor.py:830} INFO - Processing file /home/airflow/.local/lib/python3.12/site-packages/airflow/example_dags/example_xcomargs.py for tasks to queue
[2024-06-25T05:41:50.411+0000] {logging_mixin.py:188} INFO - [2024-06-25T05:41:50.411+0000] {dagbag.py:545} INFO - Filling up the DagBag from /home/airflow/.local/lib/python3.12/site-packages/airflow/example_dags/example_xcomargs.py
[2024-06-25T05:41:50.415+0000] {processor.py:840} INFO - DAG(s) 'example_xcom_args', 'example_xcom_args_with_operators' retrieved from /home/airflow/.local/lib/python3.12/site-packages/airflow/example_dags/example_xcomargs.py
[2024-06-25T05:41:50.464+0000] {logging_mixin.py:188} INFO - [2024-06-25T05:41:50.464+0000] {dag.py:3096} INFO - Sync 2 DAGs
[2024-06-25T05:41:50.470+0000] {logging_mixin.py:188} INFO - [2024-06-25T05:41:50.470+0000] {dag.py:3954} INFO - Setting next_dagrun for example_xcom_args to None, run_after=None
[2024-06-25T05:41:50.471+0000] {logging_mixin.py:188} INFO - [2024-06-25T05:41:50.471+0000] {dag.py:3954} INFO - Setting next_dagrun for example_xcom_args_with_operators to None, run_after=None
[2024-06-25T05:41:50.483+0000] {processor.py:183} INFO - Processing /home/airflow/.local/lib/python3.12/site-packages/airflow/example_dags/example_xcomargs.py took 0.076 seconds
[2024-06-25T05:42:20.537+0000] {processor.py:161} INFO - Started process (PID=185) to work on /home/airflow/.local/lib/python3.12/site-packages/airflow/example_dags/example_xcomargs.py
[2024-06-25T05:42:20.538+0000] {processor.py:830} INFO - Processing file /home/airflow/.local/lib/python3.12/site-packages/airflow/example_dags/example_xcomargs.py for tasks to queue
[2024-06-25T05:42:20.539+0000] {logging_mixin.py:188} INFO - [2024-06-25T05:42:20.539+0000] {dagbag.py:545} INFO - Filling up the DagBag from /home/airflow/.local/lib/python3.12/site-packages/airflow/example_dags/example_xcomargs.py
[2024-06-25T05:42:20.544+0000] {processor.py:840} INFO - DAG(s) 'example_xcom_args', 'example_xcom_args_with_operators' retrieved from /home/airflow/.local/lib/python3.12/site-packages/airflow/example_dags/example_xcomargs.py
[2024-06-25T05:42:20.556+0000] {logging_mixin.py:188} INFO - [2024-06-25T05:42:20.555+0000] {dag.py:3096} INFO - Sync 2 DAGs
[2024-06-25T05:42:20.562+0000] {logging_mixin.py:188} INFO - [2024-06-25T05:42:20.562+0000] {dag.py:3954} INFO - Setting next_dagrun for example_xcom_args to None, run_after=None
[2024-06-25T05:42:20.564+0000] {logging_mixin.py:188} INFO - [2024-06-25T05:42:20.564+0000] {dag.py:3954} INFO - Setting next_dagrun for example_xcom_args_with_operators to None, run_after=None
[2024-06-25T05:42:20.573+0000] {processor.py:183} INFO - Processing /home/airflow/.local/lib/python3.12/site-packages/airflow/example_dags/example_xcomargs.py took 0.039 seconds
[2024-06-25T05:42:50.721+0000] {processor.py:161} INFO - Started process (PID=243) to work on /home/airflow/.local/lib/python3.12/site-packages/airflow/example_dags/example_xcomargs.py
[2024-06-25T05:42:50.722+0000] {processor.py:830} INFO - Processing file /home/airflow/.local/lib/python3.12/site-packages/airflow/example_dags/example_xcomargs.py for tasks to queue
[2024-06-25T05:42:50.723+0000] {logging_mixin.py:188} INFO - [2024-06-25T05:42:50.723+0000] {dagbag.py:545} INFO - Filling up the DagBag from /home/airflow/.local/lib/python3.12/site-packages/airflow/example_dags/example_xcomargs.py
[2024-06-25T05:42:50.730+0000] {processor.py:840} INFO - DAG(s) 'example_xcom_args', 'example_xcom_args_with_operators' retrieved from /home/airflow/.local/lib/python3.12/site-packages/airflow/example_dags/example_xcomargs.py
[2024-06-25T05:42:50.746+0000] {logging_mixin.py:188} INFO - [2024-06-25T05:42:50.746+0000] {dag.py:3096} INFO - Sync 2 DAGs
[2024-06-25T05:42:50.753+0000] {logging_mixin.py:188} INFO - [2024-06-25T05:42:50.753+0000] {dag.py:3954} INFO - Setting next_dagrun for example_xcom_args to None, run_after=None
[2024-06-25T05:42:50.756+0000] {logging_mixin.py:188} INFO - [2024-06-25T05:42:50.755+0000] {dag.py:3954} INFO - Setting next_dagrun for example_xcom_args_with_operators to None, run_after=None
[2024-06-25T05:42:50.764+0000] {processor.py:183} INFO - Processing /home/airflow/.local/lib/python3.12/site-packages/airflow/example_dags/example_xcomargs.py took 0.046 seconds
[2024-06-25T05:43:21.455+0000] {processor.py:161} INFO - Started process (PID=68) to work on /home/airflow/.local/lib/python3.12/site-packages/airflow/example_dags/example_xcomargs.py
[2024-06-25T05:43:21.456+0000] {processor.py:830} INFO - Processing file /home/airflow/.local/lib/python3.12/site-packages/airflow/example_dags/example_xcomargs.py for tasks to queue
[2024-06-25T05:43:21.457+0000] {logging_mixin.py:188} INFO - [2024-06-25T05:43:21.456+0000] {dagbag.py:545} INFO - Filling up the DagBag from /home/airflow/.local/lib/python3.12/site-packages/airflow/example_dags/example_xcomargs.py
[2024-06-25T05:43:21.463+0000] {processor.py:840} INFO - DAG(s) 'example_xcom_args', 'example_xcom_args_with_operators' retrieved from /home/airflow/.local/lib/python3.12/site-packages/airflow/example_dags/example_xcomargs.py
[2024-06-25T05:43:21.476+0000] {logging_mixin.py:188} INFO - [2024-06-25T05:43:21.476+0000] {dag.py:3096} INFO - Sync 2 DAGs
[2024-06-25T05:43:21.484+0000] {logging_mixin.py:188} INFO - [2024-06-25T05:43:21.484+0000] {dag.py:3954} INFO - Setting next_dagrun for example_xcom_args to None, run_after=None
[2024-06-25T05:43:21.486+0000] {logging_mixin.py:188} INFO - [2024-06-25T05:43:21.486+0000] {dag.py:3954} INFO - Setting next_dagrun for example_xcom_args_with_operators to None, run_after=None
[2024-06-25T05:43:21.494+0000] {processor.py:183} INFO - Processing /home/airflow/.local/lib/python3.12/site-packages/airflow/example_dags/example_xcomargs.py took 0.042 seconds
[2024-06-25T05:43:52.194+0000] {processor.py:161} INFO - Started process (PID=126) to work on /home/airflow/.local/lib/python3.12/site-packages/airflow/example_dags/example_xcomargs.py
[2024-06-25T05:43:52.194+0000] {processor.py:830} INFO - Processing file /home/airflow/.local/lib/python3.12/site-packages/airflow/example_dags/example_xcomargs.py for tasks to queue
[2024-06-25T05:43:52.195+0000] {logging_mixin.py:188} INFO - [2024-06-25T05:43:52.195+0000] {dagbag.py:545} INFO - Filling up the DagBag from /home/airflow/.local/lib/python3.12/site-packages/airflow/example_dags/example_xcomargs.py
[2024-06-25T05:43:52.199+0000] {processor.py:840} INFO - DAG(s) 'example_xcom_args_with_operators', 'example_xcom_args' retrieved from /home/airflow/.local/lib/python3.12/site-packages/airflow/example_dags/example_xcomargs.py
[2024-06-25T05:43:52.205+0000] {logging_mixin.py:188} INFO - [2024-06-25T05:43:52.205+0000] {dag.py:3096} INFO - Sync 2 DAGs
[2024-06-25T05:43:52.211+0000] {logging_mixin.py:188} INFO - [2024-06-25T05:43:52.211+0000] {dag.py:3954} INFO - Setting next_dagrun for example_xcom_args to None, run_after=None
[2024-06-25T05:43:52.213+0000] {logging_mixin.py:188} INFO - [2024-06-25T05:43:52.213+0000] {dag.py:3954} INFO - Setting next_dagrun for example_xcom_args_with_operators to None, run_after=None
[2024-06-25T05:43:52.220+0000] {processor.py:183} INFO - Processing /home/airflow/.local/lib/python3.12/site-packages/airflow/example_dags/example_xcomargs.py took 0.029 seconds
[2024-06-25T05:44:22.504+0000] {processor.py:161} INFO - Started process (PID=184) to work on /home/airflow/.local/lib/python3.12/site-packages/airflow/example_dags/example_xcomargs.py
[2024-06-25T05:44:22.505+0000] {processor.py:830} INFO - Processing file /home/airflow/.local/lib/python3.12/site-packages/airflow/example_dags/example_xcomargs.py for tasks to queue
[2024-06-25T05:44:22.506+0000] {logging_mixin.py:188} INFO - [2024-06-25T05:44:22.505+0000] {dagbag.py:545} INFO - Filling up the DagBag from /home/airflow/.local/lib/python3.12/site-packages/airflow/example_dags/example_xcomargs.py
[2024-06-25T05:44:22.509+0000] {processor.py:840} INFO - DAG(s) 'example_xcom_args', 'example_xcom_args_with_operators' retrieved from /home/airflow/.local/lib/python3.12/site-packages/airflow/example_dags/example_xcomargs.py
[2024-06-25T05:44:22.557+0000] {logging_mixin.py:188} INFO - [2024-06-25T05:44:22.556+0000] {dag.py:3096} INFO - Sync 2 DAGs
[2024-06-25T05:44:22.562+0000] {logging_mixin.py:188} INFO - [2024-06-25T05:44:22.561+0000] {dag.py:3954} INFO - Setting next_dagrun for example_xcom_args to None, run_after=None
[2024-06-25T05:44:22.563+0000] {logging_mixin.py:188} INFO - [2024-06-25T05:44:22.563+0000] {dag.py:3954} INFO - Setting next_dagrun for example_xcom_args_with_operators to None, run_after=None
[2024-06-25T05:44:22.571+0000] {processor.py:183} INFO - Processing /home/airflow/.local/lib/python3.12/site-packages/airflow/example_dags/example_xcomargs.py took 0.070 seconds
[2024-06-25T05:44:53.252+0000] {processor.py:161} INFO - Started process (PID=242) to work on /home/airflow/.local/lib/python3.12/site-packages/airflow/example_dags/example_xcomargs.py
[2024-06-25T05:44:53.252+0000] {processor.py:830} INFO - Processing file /home/airflow/.local/lib/python3.12/site-packages/airflow/example_dags/example_xcomargs.py for tasks to queue
[2024-06-25T05:44:53.253+0000] {logging_mixin.py:188} INFO - [2024-06-25T05:44:53.253+0000] {dagbag.py:545} INFO - Filling up the DagBag from /home/airflow/.local/lib/python3.12/site-packages/airflow/example_dags/example_xcomargs.py
[2024-06-25T05:44:53.257+0000] {processor.py:840} INFO - DAG(s) 'example_xcom_args_with_operators', 'example_xcom_args' retrieved from /home/airflow/.local/lib/python3.12/site-packages/airflow/example_dags/example_xcomargs.py
[2024-06-25T05:44:53.268+0000] {logging_mixin.py:188} INFO - [2024-06-25T05:44:53.268+0000] {dag.py:3096} INFO - Sync 2 DAGs
[2024-06-25T05:44:53.277+0000] {logging_mixin.py:188} INFO - [2024-06-25T05:44:53.277+0000] {dag.py:3954} INFO - Setting next_dagrun for example_xcom_args to None, run_after=None
[2024-06-25T05:44:53.279+0000] {logging_mixin.py:188} INFO - [2024-06-25T05:44:53.279+0000] {dag.py:3954} INFO - Setting next_dagrun for example_xcom_args_with_operators to None, run_after=None
[2024-06-25T05:44:53.286+0000] {processor.py:183} INFO - Processing /home/airflow/.local/lib/python3.12/site-packages/airflow/example_dags/example_xcomargs.py took 0.037 seconds
[2024-06-25T05:45:24.016+0000] {processor.py:161} INFO - Started process (PID=299) to work on /home/airflow/.local/lib/python3.12/site-packages/airflow/example_dags/example_xcomargs.py
[2024-06-25T05:45:24.017+0000] {processor.py:830} INFO - Processing file /home/airflow/.local/lib/python3.12/site-packages/airflow/example_dags/example_xcomargs.py for tasks to queue
[2024-06-25T05:45:24.018+0000] {logging_mixin.py:188} INFO - [2024-06-25T05:45:24.018+0000] {dagbag.py:545} INFO - Filling up the DagBag from /home/airflow/.local/lib/python3.12/site-packages/airflow/example_dags/example_xcomargs.py
[2024-06-25T05:45:24.023+0000] {processor.py:840} INFO - DAG(s) 'example_xcom_args_with_operators', 'example_xcom_args' retrieved from /home/airflow/.local/lib/python3.12/site-packages/airflow/example_dags/example_xcomargs.py
[2024-06-25T05:45:24.037+0000] {logging_mixin.py:188} INFO - [2024-06-25T05:45:24.036+0000] {dag.py:3096} INFO - Sync 2 DAGs
[2024-06-25T05:45:24.043+0000] {logging_mixin.py:188} INFO - [2024-06-25T05:45:24.043+0000] {dag.py:3954} INFO - Setting next_dagrun for example_xcom_args to None, run_after=None
[2024-06-25T05:45:24.045+0000] {logging_mixin.py:188} INFO - [2024-06-25T05:45:24.045+0000] {dag.py:3954} INFO - Setting next_dagrun for example_xcom_args_with_operators to None, run_after=None
[2024-06-25T05:45:24.052+0000] {processor.py:183} INFO - Processing /home/airflow/.local/lib/python3.12/site-packages/airflow/example_dags/example_xcomargs.py took 0.039 seconds
[2024-06-25T05:45:54.676+0000] {processor.py:161} INFO - Started process (PID=357) to work on /home/airflow/.local/lib/python3.12/site-packages/airflow/example_dags/example_xcomargs.py
[2024-06-25T05:45:54.678+0000] {processor.py:830} INFO - Processing file /home/airflow/.local/lib/python3.12/site-packages/airflow/example_dags/example_xcomargs.py for tasks to queue
[2024-06-25T05:45:54.680+0000] {logging_mixin.py:188} INFO - [2024-06-25T05:45:54.680+0000] {dagbag.py:545} INFO - Filling up the DagBag from /home/airflow/.local/lib/python3.12/site-packages/airflow/example_dags/example_xcomargs.py
[2024-06-25T05:45:54.692+0000] {processor.py:840} INFO - DAG(s) 'example_xcom_args', 'example_xcom_args_with_operators' retrieved from /home/airflow/.local/lib/python3.12/site-packages/airflow/example_dags/example_xcomargs.py
[2024-06-25T05:45:54.720+0000] {logging_mixin.py:188} INFO - [2024-06-25T05:45:54.720+0000] {dag.py:3096} INFO - Sync 2 DAGs
[2024-06-25T05:45:54.729+0000] {logging_mixin.py:188} INFO - [2024-06-25T05:45:54.729+0000] {dag.py:3954} INFO - Setting next_dagrun for example_xcom_args to None, run_after=None
[2024-06-25T05:45:54.732+0000] {logging_mixin.py:188} INFO - [2024-06-25T05:45:54.732+0000] {dag.py:3954} INFO - Setting next_dagrun for example_xcom_args_with_operators to None, run_after=None
[2024-06-25T05:45:54.740+0000] {processor.py:183} INFO - Processing /home/airflow/.local/lib/python3.12/site-packages/airflow/example_dags/example_xcomargs.py took 0.071 seconds
[2024-06-25T05:46:25.368+0000] {processor.py:161} INFO - Started process (PID=415) to work on /home/airflow/.local/lib/python3.12/site-packages/airflow/example_dags/example_xcomargs.py
[2024-06-25T05:46:25.369+0000] {processor.py:830} INFO - Processing file /home/airflow/.local/lib/python3.12/site-packages/airflow/example_dags/example_xcomargs.py for tasks to queue
[2024-06-25T05:46:25.371+0000] {logging_mixin.py:188} INFO - [2024-06-25T05:46:25.371+0000] {dagbag.py:545} INFO - Filling up the DagBag from /home/airflow/.local/lib/python3.12/site-packages/airflow/example_dags/example_xcomargs.py
[2024-06-25T05:46:25.383+0000] {processor.py:840} INFO - DAG(s) 'example_xcom_args_with_operators', 'example_xcom_args' retrieved from /home/airflow/.local/lib/python3.12/site-packages/airflow/example_dags/example_xcomargs.py
[2024-06-25T05:46:25.394+0000] {logging_mixin.py:188} INFO - [2024-06-25T05:46:25.394+0000] {dag.py:3096} INFO - Sync 2 DAGs
[2024-06-25T05:46:25.400+0000] {logging_mixin.py:188} INFO - [2024-06-25T05:46:25.400+0000] {dag.py:3954} INFO - Setting next_dagrun for example_xcom_args to None, run_after=None
[2024-06-25T05:46:25.402+0000] {logging_mixin.py:188} INFO - [2024-06-25T05:46:25.402+0000] {dag.py:3954} INFO - Setting next_dagrun for example_xcom_args_with_operators to None, run_after=None
[2024-06-25T05:46:25.655+0000] {processor.py:183} INFO - Processing /home/airflow/.local/lib/python3.12/site-packages/airflow/example_dags/example_xcomargs.py took 0.294 seconds
[2024-06-25T05:46:55.709+0000] {processor.py:161} INFO - Started process (PID=473) to work on /home/airflow/.local/lib/python3.12/site-packages/airflow/example_dags/example_xcomargs.py
[2024-06-25T05:46:55.710+0000] {processor.py:830} INFO - Processing file /home/airflow/.local/lib/python3.12/site-packages/airflow/example_dags/example_xcomargs.py for tasks to queue
[2024-06-25T05:46:55.711+0000] {logging_mixin.py:188} INFO - [2024-06-25T05:46:55.711+0000] {dagbag.py:545} INFO - Filling up the DagBag from /home/airflow/.local/lib/python3.12/site-packages/airflow/example_dags/example_xcomargs.py
[2024-06-25T05:46:55.715+0000] {processor.py:840} INFO - DAG(s) 'example_xcom_args', 'example_xcom_args_with_operators' retrieved from /home/airflow/.local/lib/python3.12/site-packages/airflow/example_dags/example_xcomargs.py
[2024-06-25T05:46:55.727+0000] {logging_mixin.py:188} INFO - [2024-06-25T05:46:55.726+0000] {dag.py:3096} INFO - Sync 2 DAGs
[2024-06-25T05:46:55.733+0000] {logging_mixin.py:188} INFO - [2024-06-25T05:46:55.733+0000] {dag.py:3954} INFO - Setting next_dagrun for example_xcom_args to None, run_after=None
[2024-06-25T05:46:55.735+0000] {logging_mixin.py:188} INFO - [2024-06-25T05:46:55.735+0000] {dag.py:3954} INFO - Setting next_dagrun for example_xcom_args_with_operators to None, run_after=None
[2024-06-25T05:46:55.743+0000] {processor.py:183} INFO - Processing /home/airflow/.local/lib/python3.12/site-packages/airflow/example_dags/example_xcomargs.py took 0.037 seconds
[2024-06-25T05:47:34.783+0000] {processor.py:161} INFO - Started process (PID=530) to work on /home/airflow/.local/lib/python3.12/site-packages/airflow/example_dags/example_xcomargs.py
[2024-06-25T05:47:34.791+0000] {processor.py:830} INFO - Processing file /home/airflow/.local/lib/python3.12/site-packages/airflow/example_dags/example_xcomargs.py for tasks to queue
[2024-06-25T05:47:34.792+0000] {logging_mixin.py:188} INFO - [2024-06-25T05:47:34.792+0000] {dagbag.py:545} INFO - Filling up the DagBag from /home/airflow/.local/lib/python3.12/site-packages/airflow/example_dags/example_xcomargs.py
[2024-06-25T05:47:34.796+0000] {processor.py:840} INFO - DAG(s) 'example_xcom_args', 'example_xcom_args_with_operators' retrieved from /home/airflow/.local/lib/python3.12/site-packages/airflow/example_dags/example_xcomargs.py
[2024-06-25T05:47:34.807+0000] {logging_mixin.py:188} INFO - [2024-06-25T05:47:34.807+0000] {dag.py:3096} INFO - Sync 2 DAGs
[2024-06-25T05:47:34.813+0000] {logging_mixin.py:188} INFO - [2024-06-25T05:47:34.813+0000] {dag.py:3954} INFO - Setting next_dagrun for example_xcom_args to None, run_after=None
[2024-06-25T05:47:34.815+0000] {logging_mixin.py:188} INFO - [2024-06-25T05:47:34.814+0000] {dag.py:3954} INFO - Setting next_dagrun for example_xcom_args_with_operators to None, run_after=None
[2024-06-25T05:47:34.821+0000] {processor.py:183} INFO - Processing /home/airflow/.local/lib/python3.12/site-packages/airflow/example_dags/example_xcomargs.py took 0.041 seconds
[2024-06-25T05:48:05.665+0000] {processor.py:161} INFO - Started process (PID=589) to work on /home/airflow/.local/lib/python3.12/site-packages/airflow/example_dags/example_xcomargs.py
[2024-06-25T05:48:05.665+0000] {processor.py:830} INFO - Processing file /home/airflow/.local/lib/python3.12/site-packages/airflow/example_dags/example_xcomargs.py for tasks to queue
[2024-06-25T05:48:05.666+0000] {logging_mixin.py:188} INFO - [2024-06-25T05:48:05.666+0000] {dagbag.py:545} INFO - Filling up the DagBag from /home/airflow/.local/lib/python3.12/site-packages/airflow/example_dags/example_xcomargs.py
[2024-06-25T05:48:05.670+0000] {processor.py:840} INFO - DAG(s) 'example_xcom_args', 'example_xcom_args_with_operators' retrieved from /home/airflow/.local/lib/python3.12/site-packages/airflow/example_dags/example_xcomargs.py
[2024-06-25T05:48:05.682+0000] {logging_mixin.py:188} INFO - [2024-06-25T05:48:05.681+0000] {dag.py:3096} INFO - Sync 2 DAGs
[2024-06-25T05:48:05.688+0000] {logging_mixin.py:188} INFO - [2024-06-25T05:48:05.688+0000] {dag.py:3954} INFO - Setting next_dagrun for example_xcom_args to None, run_after=None
[2024-06-25T05:48:05.690+0000] {logging_mixin.py:188} INFO - [2024-06-25T05:48:05.690+0000] {dag.py:3954} INFO - Setting next_dagrun for example_xcom_args_with_operators to None, run_after=None
[2024-06-25T05:48:05.698+0000] {processor.py:183} INFO - Processing /home/airflow/.local/lib/python3.12/site-packages/airflow/example_dags/example_xcomargs.py took 0.036 seconds
[2024-06-25T05:48:36.958+0000] {processor.py:161} INFO - Started process (PID=647) to work on /home/airflow/.local/lib/python3.12/site-packages/airflow/example_dags/example_xcomargs.py
[2024-06-25T05:48:36.959+0000] {processor.py:830} INFO - Processing file /home/airflow/.local/lib/python3.12/site-packages/airflow/example_dags/example_xcomargs.py for tasks to queue
[2024-06-25T05:48:36.960+0000] {logging_mixin.py:188} INFO - [2024-06-25T05:48:36.960+0000] {dagbag.py:545} INFO - Filling up the DagBag from /home/airflow/.local/lib/python3.12/site-packages/airflow/example_dags/example_xcomargs.py
[2024-06-25T05:48:36.965+0000] {processor.py:840} INFO - DAG(s) 'example_xcom_args', 'example_xcom_args_with_operators' retrieved from /home/airflow/.local/lib/python3.12/site-packages/airflow/example_dags/example_xcomargs.py
[2024-06-25T05:48:36.982+0000] {logging_mixin.py:188} INFO - [2024-06-25T05:48:36.982+0000] {dag.py:3096} INFO - Sync 2 DAGs
[2024-06-25T05:48:36.991+0000] {logging_mixin.py:188} INFO - [2024-06-25T05:48:36.991+0000] {dag.py:3954} INFO - Setting next_dagrun for example_xcom_args to None, run_after=None
[2024-06-25T05:48:36.993+0000] {logging_mixin.py:188} INFO - [2024-06-25T05:48:36.993+0000] {dag.py:3954} INFO - Setting next_dagrun for example_xcom_args_with_operators to None, run_after=None
[2024-06-25T05:48:37.006+0000] {processor.py:183} INFO - Processing /home/airflow/.local/lib/python3.12/site-packages/airflow/example_dags/example_xcomargs.py took 0.053 seconds
[2024-06-25T05:49:07.042+0000] {processor.py:161} INFO - Started process (PID=705) to work on /home/airflow/.local/lib/python3.12/site-packages/airflow/example_dags/example_xcomargs.py
[2024-06-25T05:49:07.043+0000] {processor.py:830} INFO - Processing file /home/airflow/.local/lib/python3.12/site-packages/airflow/example_dags/example_xcomargs.py for tasks to queue
[2024-06-25T05:49:07.044+0000] {logging_mixin.py:188} INFO - [2024-06-25T05:49:07.044+0000] {dagbag.py:545} INFO - Filling up the DagBag from /home/airflow/.local/lib/python3.12/site-packages/airflow/example_dags/example_xcomargs.py
[2024-06-25T05:49:07.049+0000] {processor.py:840} INFO - DAG(s) 'example_xcom_args', 'example_xcom_args_with_operators' retrieved from /home/airflow/.local/lib/python3.12/site-packages/airflow/example_dags/example_xcomargs.py
[2024-06-25T05:49:07.060+0000] {logging_mixin.py:188} INFO - [2024-06-25T05:49:07.060+0000] {dag.py:3096} INFO - Sync 2 DAGs
[2024-06-25T05:49:07.066+0000] {logging_mixin.py:188} INFO - [2024-06-25T05:49:07.066+0000] {dag.py:3954} INFO - Setting next_dagrun for example_xcom_args to None, run_after=None
[2024-06-25T05:49:07.068+0000] {logging_mixin.py:188} INFO - [2024-06-25T05:49:07.068+0000] {dag.py:3954} INFO - Setting next_dagrun for example_xcom_args_with_operators to None, run_after=None
[2024-06-25T05:49:07.075+0000] {processor.py:183} INFO - Processing /home/airflow/.local/lib/python3.12/site-packages/airflow/example_dags/example_xcomargs.py took 0.036 seconds
[2024-06-25T05:49:37.274+0000] {processor.py:161} INFO - Started process (PID=763) to work on /home/airflow/.local/lib/python3.12/site-packages/airflow/example_dags/example_xcomargs.py
[2024-06-25T05:49:37.274+0000] {processor.py:830} INFO - Processing file /home/airflow/.local/lib/python3.12/site-packages/airflow/example_dags/example_xcomargs.py for tasks to queue
[2024-06-25T05:49:37.276+0000] {logging_mixin.py:188} INFO - [2024-06-25T05:49:37.275+0000] {dagbag.py:545} INFO - Filling up the DagBag from /home/airflow/.local/lib/python3.12/site-packages/airflow/example_dags/example_xcomargs.py
[2024-06-25T05:49:37.280+0000] {processor.py:840} INFO - DAG(s) 'example_xcom_args_with_operators', 'example_xcom_args' retrieved from /home/airflow/.local/lib/python3.12/site-packages/airflow/example_dags/example_xcomargs.py
[2024-06-25T05:49:37.292+0000] {logging_mixin.py:188} INFO - [2024-06-25T05:49:37.292+0000] {dag.py:3096} INFO - Sync 2 DAGs
[2024-06-25T05:49:37.299+0000] {logging_mixin.py:188} INFO - [2024-06-25T05:49:37.299+0000] {dag.py:3954} INFO - Setting next_dagrun for example_xcom_args to None, run_after=None
[2024-06-25T05:49:37.301+0000] {logging_mixin.py:188} INFO - [2024-06-25T05:49:37.301+0000] {dag.py:3954} INFO - Setting next_dagrun for example_xcom_args_with_operators to None, run_after=None
[2024-06-25T05:49:37.308+0000] {processor.py:183} INFO - Processing /home/airflow/.local/lib/python3.12/site-packages/airflow/example_dags/example_xcomargs.py took 0.037 seconds
[2024-06-25T05:50:07.502+0000] {processor.py:161} INFO - Started process (PID=821) to work on /home/airflow/.local/lib/python3.12/site-packages/airflow/example_dags/example_xcomargs.py
[2024-06-25T05:50:07.503+0000] {processor.py:830} INFO - Processing file /home/airflow/.local/lib/python3.12/site-packages/airflow/example_dags/example_xcomargs.py for tasks to queue
[2024-06-25T05:50:07.504+0000] {logging_mixin.py:188} INFO - [2024-06-25T05:50:07.503+0000] {dagbag.py:545} INFO - Filling up the DagBag from /home/airflow/.local/lib/python3.12/site-packages/airflow/example_dags/example_xcomargs.py
[2024-06-25T05:50:07.508+0000] {processor.py:840} INFO - DAG(s) 'example_xcom_args_with_operators', 'example_xcom_args' retrieved from /home/airflow/.local/lib/python3.12/site-packages/airflow/example_dags/example_xcomargs.py
[2024-06-25T05:50:07.520+0000] {logging_mixin.py:188} INFO - [2024-06-25T05:50:07.520+0000] {dag.py:3096} INFO - Sync 2 DAGs
[2024-06-25T05:50:07.526+0000] {logging_mixin.py:188} INFO - [2024-06-25T05:50:07.526+0000] {dag.py:3954} INFO - Setting next_dagrun for example_xcom_args to None, run_after=None
[2024-06-25T05:50:07.528+0000] {logging_mixin.py:188} INFO - [2024-06-25T05:50:07.528+0000] {dag.py:3954} INFO - Setting next_dagrun for example_xcom_args_with_operators to None, run_after=None
[2024-06-25T05:50:07.536+0000] {processor.py:183} INFO - Processing /home/airflow/.local/lib/python3.12/site-packages/airflow/example_dags/example_xcomargs.py took 0.037 seconds
[2024-06-25T05:50:38.580+0000] {processor.py:161} INFO - Started process (PID=879) to work on /home/airflow/.local/lib/python3.12/site-packages/airflow/example_dags/example_xcomargs.py
[2024-06-25T05:50:38.581+0000] {processor.py:830} INFO - Processing file /home/airflow/.local/lib/python3.12/site-packages/airflow/example_dags/example_xcomargs.py for tasks to queue
[2024-06-25T05:50:38.582+0000] {logging_mixin.py:188} INFO - [2024-06-25T05:50:38.582+0000] {dagbag.py:545} INFO - Filling up the DagBag from /home/airflow/.local/lib/python3.12/site-packages/airflow/example_dags/example_xcomargs.py
[2024-06-25T05:50:38.587+0000] {processor.py:840} INFO - DAG(s) 'example_xcom_args', 'example_xcom_args_with_operators' retrieved from /home/airflow/.local/lib/python3.12/site-packages/airflow/example_dags/example_xcomargs.py
[2024-06-25T05:50:38.603+0000] {logging_mixin.py:188} INFO - [2024-06-25T05:50:38.603+0000] {dag.py:3096} INFO - Sync 2 DAGs
[2024-06-25T05:50:38.609+0000] {logging_mixin.py:188} INFO - [2024-06-25T05:50:38.609+0000] {dag.py:3954} INFO - Setting next_dagrun for example_xcom_args to None, run_after=None
[2024-06-25T05:50:38.611+0000] {logging_mixin.py:188} INFO - [2024-06-25T05:50:38.611+0000] {dag.py:3954} INFO - Setting next_dagrun for example_xcom_args_with_operators to None, run_after=None
[2024-06-25T05:50:38.620+0000] {processor.py:183} INFO - Processing /home/airflow/.local/lib/python3.12/site-packages/airflow/example_dags/example_xcomargs.py took 0.043 seconds
[2024-06-25T05:51:08.672+0000] {processor.py:161} INFO - Started process (PID=937) to work on /home/airflow/.local/lib/python3.12/site-packages/airflow/example_dags/example_xcomargs.py
[2024-06-25T05:51:08.673+0000] {processor.py:830} INFO - Processing file /home/airflow/.local/lib/python3.12/site-packages/airflow/example_dags/example_xcomargs.py for tasks to queue
[2024-06-25T05:51:08.674+0000] {logging_mixin.py:188} INFO - [2024-06-25T05:51:08.673+0000] {dagbag.py:545} INFO - Filling up the DagBag from /home/airflow/.local/lib/python3.12/site-packages/airflow/example_dags/example_xcomargs.py
[2024-06-25T05:51:08.678+0000] {processor.py:840} INFO - DAG(s) 'example_xcom_args', 'example_xcom_args_with_operators' retrieved from /home/airflow/.local/lib/python3.12/site-packages/airflow/example_dags/example_xcomargs.py
[2024-06-25T05:51:08.691+0000] {logging_mixin.py:188} INFO - [2024-06-25T05:51:08.691+0000] {dag.py:3096} INFO - Sync 2 DAGs
[2024-06-25T05:51:08.699+0000] {logging_mixin.py:188} INFO - [2024-06-25T05:51:08.699+0000] {dag.py:3954} INFO - Setting next_dagrun for example_xcom_args to None, run_after=None
[2024-06-25T05:51:08.701+0000] {logging_mixin.py:188} INFO - [2024-06-25T05:51:08.701+0000] {dag.py:3954} INFO - Setting next_dagrun for example_xcom_args_with_operators to None, run_after=None
[2024-06-25T05:51:08.710+0000] {processor.py:183} INFO - Processing /home/airflow/.local/lib/python3.12/site-packages/airflow/example_dags/example_xcomargs.py took 0.040 seconds
[2024-06-25T05:51:39.524+0000] {processor.py:161} INFO - Started process (PID=995) to work on /home/airflow/.local/lib/python3.12/site-packages/airflow/example_dags/example_xcomargs.py
[2024-06-25T05:51:39.524+0000] {processor.py:830} INFO - Processing file /home/airflow/.local/lib/python3.12/site-packages/airflow/example_dags/example_xcomargs.py for tasks to queue
[2024-06-25T05:51:39.525+0000] {logging_mixin.py:188} INFO - [2024-06-25T05:51:39.525+0000] {dagbag.py:545} INFO - Filling up the DagBag from /home/airflow/.local/lib/python3.12/site-packages/airflow/example_dags/example_xcomargs.py
[2024-06-25T05:51:39.529+0000] {processor.py:840} INFO - DAG(s) 'example_xcom_args', 'example_xcom_args_with_operators' retrieved from /home/airflow/.local/lib/python3.12/site-packages/airflow/example_dags/example_xcomargs.py
[2024-06-25T05:51:39.540+0000] {logging_mixin.py:188} INFO - [2024-06-25T05:51:39.540+0000] {dag.py:3096} INFO - Sync 2 DAGs
[2024-06-25T05:51:39.546+0000] {logging_mixin.py:188} INFO - [2024-06-25T05:51:39.546+0000] {dag.py:3954} INFO - Setting next_dagrun for example_xcom_args to None, run_after=None
[2024-06-25T05:51:39.548+0000] {logging_mixin.py:188} INFO - [2024-06-25T05:51:39.548+0000] {dag.py:3954} INFO - Setting next_dagrun for example_xcom_args_with_operators to None, run_after=None
[2024-06-25T05:51:39.555+0000] {processor.py:183} INFO - Processing /home/airflow/.local/lib/python3.12/site-packages/airflow/example_dags/example_xcomargs.py took 0.035 seconds
[2024-06-25T05:52:10.578+0000] {processor.py:161} INFO - Started process (PID=1053) to work on /home/airflow/.local/lib/python3.12/site-packages/airflow/example_dags/example_xcomargs.py
[2024-06-25T05:52:10.578+0000] {processor.py:830} INFO - Processing file /home/airflow/.local/lib/python3.12/site-packages/airflow/example_dags/example_xcomargs.py for tasks to queue
[2024-06-25T05:52:10.579+0000] {logging_mixin.py:188} INFO - [2024-06-25T05:52:10.579+0000] {dagbag.py:545} INFO - Filling up the DagBag from /home/airflow/.local/lib/python3.12/site-packages/airflow/example_dags/example_xcomargs.py
[2024-06-25T05:52:10.584+0000] {processor.py:840} INFO - DAG(s) 'example_xcom_args', 'example_xcom_args_with_operators' retrieved from /home/airflow/.local/lib/python3.12/site-packages/airflow/example_dags/example_xcomargs.py
[2024-06-25T05:52:10.595+0000] {logging_mixin.py:188} INFO - [2024-06-25T05:52:10.595+0000] {dag.py:3096} INFO - Sync 2 DAGs
[2024-06-25T05:52:10.601+0000] {logging_mixin.py:188} INFO - [2024-06-25T05:52:10.601+0000] {dag.py:3954} INFO - Setting next_dagrun for example_xcom_args to None, run_after=None
[2024-06-25T05:52:10.603+0000] {logging_mixin.py:188} INFO - [2024-06-25T05:52:10.603+0000] {dag.py:3954} INFO - Setting next_dagrun for example_xcom_args_with_operators to None, run_after=None
[2024-06-25T05:52:10.611+0000] {processor.py:183} INFO - Processing /home/airflow/.local/lib/python3.12/site-packages/airflow/example_dags/example_xcomargs.py took 0.036 seconds
[2024-06-25T05:52:41.219+0000] {processor.py:161} INFO - Started process (PID=1111) to work on /home/airflow/.local/lib/python3.12/site-packages/airflow/example_dags/example_xcomargs.py
[2024-06-25T05:52:41.220+0000] {processor.py:830} INFO - Processing file /home/airflow/.local/lib/python3.12/site-packages/airflow/example_dags/example_xcomargs.py for tasks to queue
[2024-06-25T05:52:41.221+0000] {logging_mixin.py:188} INFO - [2024-06-25T05:52:41.221+0000] {dagbag.py:545} INFO - Filling up the DagBag from /home/airflow/.local/lib/python3.12/site-packages/airflow/example_dags/example_xcomargs.py
[2024-06-25T05:52:41.225+0000] {processor.py:840} INFO - DAG(s) 'example_xcom_args_with_operators', 'example_xcom_args' retrieved from /home/airflow/.local/lib/python3.12/site-packages/airflow/example_dags/example_xcomargs.py
[2024-06-25T05:52:41.237+0000] {logging_mixin.py:188} INFO - [2024-06-25T05:52:41.237+0000] {dag.py:3096} INFO - Sync 2 DAGs
[2024-06-25T05:52:41.243+0000] {logging_mixin.py:188} INFO - [2024-06-25T05:52:41.243+0000] {dag.py:3954} INFO - Setting next_dagrun for example_xcom_args to None, run_after=None
[2024-06-25T05:52:41.245+0000] {logging_mixin.py:188} INFO - [2024-06-25T05:52:41.245+0000] {dag.py:3954} INFO - Setting next_dagrun for example_xcom_args_with_operators to None, run_after=None
[2024-06-25T05:52:41.255+0000] {processor.py:183} INFO - Processing /home/airflow/.local/lib/python3.12/site-packages/airflow/example_dags/example_xcomargs.py took 0.038 seconds
[2024-06-25T05:53:11.957+0000] {processor.py:161} INFO - Started process (PID=1169) to work on /home/airflow/.local/lib/python3.12/site-packages/airflow/example_dags/example_xcomargs.py
[2024-06-25T05:53:11.958+0000] {processor.py:830} INFO - Processing file /home/airflow/.local/lib/python3.12/site-packages/airflow/example_dags/example_xcomargs.py for tasks to queue
[2024-06-25T05:53:11.959+0000] {logging_mixin.py:188} INFO - [2024-06-25T05:53:11.959+0000] {dagbag.py:545} INFO - Filling up the DagBag from /home/airflow/.local/lib/python3.12/site-packages/airflow/example_dags/example_xcomargs.py
[2024-06-25T05:53:11.963+0000] {processor.py:840} INFO - DAG(s) 'example_xcom_args_with_operators', 'example_xcom_args' retrieved from /home/airflow/.local/lib/python3.12/site-packages/airflow/example_dags/example_xcomargs.py
[2024-06-25T05:53:11.974+0000] {logging_mixin.py:188} INFO - [2024-06-25T05:53:11.974+0000] {dag.py:3096} INFO - Sync 2 DAGs
[2024-06-25T05:53:11.981+0000] {logging_mixin.py:188} INFO - [2024-06-25T05:53:11.981+0000] {dag.py:3954} INFO - Setting next_dagrun for example_xcom_args to None, run_after=None
[2024-06-25T05:53:11.984+0000] {logging_mixin.py:188} INFO - [2024-06-25T05:53:11.984+0000] {dag.py:3954} INFO - Setting next_dagrun for example_xcom_args_with_operators to None, run_after=None
[2024-06-25T05:53:11.994+0000] {processor.py:183} INFO - Processing /home/airflow/.local/lib/python3.12/site-packages/airflow/example_dags/example_xcomargs.py took 0.040 seconds
[2024-06-25T05:53:42.074+0000] {processor.py:161} INFO - Started process (PID=1226) to work on /home/airflow/.local/lib/python3.12/site-packages/airflow/example_dags/example_xcomargs.py
[2024-06-25T05:53:42.075+0000] {processor.py:830} INFO - Processing file /home/airflow/.local/lib/python3.12/site-packages/airflow/example_dags/example_xcomargs.py for tasks to queue
[2024-06-25T05:53:42.077+0000] {logging_mixin.py:188} INFO - [2024-06-25T05:53:42.076+0000] {dagbag.py:545} INFO - Filling up the DagBag from /home/airflow/.local/lib/python3.12/site-packages/airflow/example_dags/example_xcomargs.py
[2024-06-25T05:53:42.083+0000] {processor.py:840} INFO - DAG(s) 'example_xcom_args_with_operators', 'example_xcom_args' retrieved from /home/airflow/.local/lib/python3.12/site-packages/airflow/example_dags/example_xcomargs.py
[2024-06-25T05:53:42.110+0000] {logging_mixin.py:188} INFO - [2024-06-25T05:53:42.109+0000] {dag.py:3096} INFO - Sync 2 DAGs
[2024-06-25T05:53:42.119+0000] {logging_mixin.py:188} INFO - [2024-06-25T05:53:42.119+0000] {dag.py:3954} INFO - Setting next_dagrun for example_xcom_args to None, run_after=None
[2024-06-25T05:53:42.121+0000] {logging_mixin.py:188} INFO - [2024-06-25T05:53:42.121+0000] {dag.py:3954} INFO - Setting next_dagrun for example_xcom_args_with_operators to None, run_after=None
[2024-06-25T05:53:42.129+0000] {processor.py:183} INFO - Processing /home/airflow/.local/lib/python3.12/site-packages/airflow/example_dags/example_xcomargs.py took 0.061 seconds
[2024-06-25T05:54:13.063+0000] {processor.py:161} INFO - Started process (PID=1285) to work on /home/airflow/.local/lib/python3.12/site-packages/airflow/example_dags/example_xcomargs.py
[2024-06-25T05:54:13.064+0000] {processor.py:830} INFO - Processing file /home/airflow/.local/lib/python3.12/site-packages/airflow/example_dags/example_xcomargs.py for tasks to queue
[2024-06-25T05:54:13.065+0000] {logging_mixin.py:188} INFO - [2024-06-25T05:54:13.065+0000] {dagbag.py:545} INFO - Filling up the DagBag from /home/airflow/.local/lib/python3.12/site-packages/airflow/example_dags/example_xcomargs.py
[2024-06-25T05:54:13.070+0000] {processor.py:840} INFO - DAG(s) 'example_xcom_args_with_operators', 'example_xcom_args' retrieved from /home/airflow/.local/lib/python3.12/site-packages/airflow/example_dags/example_xcomargs.py
[2024-06-25T05:54:13.083+0000] {logging_mixin.py:188} INFO - [2024-06-25T05:54:13.083+0000] {dag.py:3096} INFO - Sync 2 DAGs
[2024-06-25T05:54:13.091+0000] {logging_mixin.py:188} INFO - [2024-06-25T05:54:13.091+0000] {dag.py:3954} INFO - Setting next_dagrun for example_xcom_args to None, run_after=None
[2024-06-25T05:54:13.093+0000] {logging_mixin.py:188} INFO - [2024-06-25T05:54:13.093+0000] {dag.py:3954} INFO - Setting next_dagrun for example_xcom_args_with_operators to None, run_after=None
[2024-06-25T05:54:13.102+0000] {processor.py:183} INFO - Processing /home/airflow/.local/lib/python3.12/site-packages/airflow/example_dags/example_xcomargs.py took 0.042 seconds
[2024-06-25T05:54:43.162+0000] {processor.py:161} INFO - Started process (PID=1341) to work on /home/airflow/.local/lib/python3.12/site-packages/airflow/example_dags/example_xcomargs.py
[2024-06-25T05:54:43.164+0000] {processor.py:830} INFO - Processing file /home/airflow/.local/lib/python3.12/site-packages/airflow/example_dags/example_xcomargs.py for tasks to queue
[2024-06-25T05:54:43.166+0000] {logging_mixin.py:188} INFO - [2024-06-25T05:54:43.165+0000] {dagbag.py:545} INFO - Filling up the DagBag from /home/airflow/.local/lib/python3.12/site-packages/airflow/example_dags/example_xcomargs.py
[2024-06-25T05:54:43.174+0000] {processor.py:840} INFO - DAG(s) 'example_xcom_args', 'example_xcom_args_with_operators' retrieved from /home/airflow/.local/lib/python3.12/site-packages/airflow/example_dags/example_xcomargs.py
[2024-06-25T05:54:43.195+0000] {logging_mixin.py:188} INFO - [2024-06-25T05:54:43.194+0000] {dag.py:3096} INFO - Sync 2 DAGs
[2024-06-25T05:54:43.204+0000] {logging_mixin.py:188} INFO - [2024-06-25T05:54:43.204+0000] {dag.py:3954} INFO - Setting next_dagrun for example_xcom_args to None, run_after=None
[2024-06-25T05:54:43.206+0000] {logging_mixin.py:188} INFO - [2024-06-25T05:54:43.206+0000] {dag.py:3954} INFO - Setting next_dagrun for example_xcom_args_with_operators to None, run_after=None
[2024-06-25T05:54:43.213+0000] {processor.py:183} INFO - Processing /home/airflow/.local/lib/python3.12/site-packages/airflow/example_dags/example_xcomargs.py took 0.058 seconds
[2024-06-25T05:55:13.258+0000] {processor.py:161} INFO - Started process (PID=1399) to work on /home/airflow/.local/lib/python3.12/site-packages/airflow/example_dags/example_xcomargs.py
[2024-06-25T05:55:13.259+0000] {processor.py:830} INFO - Processing file /home/airflow/.local/lib/python3.12/site-packages/airflow/example_dags/example_xcomargs.py for tasks to queue
[2024-06-25T05:55:13.261+0000] {logging_mixin.py:188} INFO - [2024-06-25T05:55:13.261+0000] {dagbag.py:545} INFO - Filling up the DagBag from /home/airflow/.local/lib/python3.12/site-packages/airflow/example_dags/example_xcomargs.py
[2024-06-25T05:55:13.269+0000] {processor.py:840} INFO - DAG(s) 'example_xcom_args', 'example_xcom_args_with_operators' retrieved from /home/airflow/.local/lib/python3.12/site-packages/airflow/example_dags/example_xcomargs.py
[2024-06-25T05:55:13.287+0000] {logging_mixin.py:188} INFO - [2024-06-25T05:55:13.287+0000] {dag.py:3096} INFO - Sync 2 DAGs
[2024-06-25T05:55:13.295+0000] {logging_mixin.py:188} INFO - [2024-06-25T05:55:13.295+0000] {dag.py:3954} INFO - Setting next_dagrun for example_xcom_args to None, run_after=None
[2024-06-25T05:55:13.298+0000] {logging_mixin.py:188} INFO - [2024-06-25T05:55:13.297+0000] {dag.py:3954} INFO - Setting next_dagrun for example_xcom_args_with_operators to None, run_after=None
[2024-06-25T05:55:13.307+0000] {processor.py:183} INFO - Processing /home/airflow/.local/lib/python3.12/site-packages/airflow/example_dags/example_xcomargs.py took 0.056 seconds
[2024-06-25T05:55:44.217+0000] {processor.py:161} INFO - Started process (PID=1463) to work on /home/airflow/.local/lib/python3.12/site-packages/airflow/example_dags/example_xcomargs.py
[2024-06-25T05:55:44.219+0000] {processor.py:830} INFO - Processing file /home/airflow/.local/lib/python3.12/site-packages/airflow/example_dags/example_xcomargs.py for tasks to queue
[2024-06-25T05:55:44.220+0000] {logging_mixin.py:188} INFO - [2024-06-25T05:55:44.220+0000] {dagbag.py:545} INFO - Filling up the DagBag from /home/airflow/.local/lib/python3.12/site-packages/airflow/example_dags/example_xcomargs.py
[2024-06-25T05:55:44.225+0000] {processor.py:840} INFO - DAG(s) 'example_xcom_args_with_operators', 'example_xcom_args' retrieved from /home/airflow/.local/lib/python3.12/site-packages/airflow/example_dags/example_xcomargs.py
[2024-06-25T05:55:44.237+0000] {logging_mixin.py:188} INFO - [2024-06-25T05:55:44.237+0000] {dag.py:3096} INFO - Sync 2 DAGs
[2024-06-25T05:55:44.243+0000] {logging_mixin.py:188} INFO - [2024-06-25T05:55:44.242+0000] {dag.py:3954} INFO - Setting next_dagrun for example_xcom_args to None, run_after=None
[2024-06-25T05:55:44.245+0000] {logging_mixin.py:188} INFO - [2024-06-25T05:55:44.244+0000] {dag.py:3954} INFO - Setting next_dagrun for example_xcom_args_with_operators to None, run_after=None
[2024-06-25T05:55:44.252+0000] {processor.py:183} INFO - Processing /home/airflow/.local/lib/python3.12/site-packages/airflow/example_dags/example_xcomargs.py took 0.039 seconds
[2024-06-25T05:56:14.334+0000] {processor.py:161} INFO - Started process (PID=1521) to work on /home/airflow/.local/lib/python3.12/site-packages/airflow/example_dags/example_xcomargs.py
[2024-06-25T05:56:14.337+0000] {processor.py:830} INFO - Processing file /home/airflow/.local/lib/python3.12/site-packages/airflow/example_dags/example_xcomargs.py for tasks to queue
[2024-06-25T05:56:14.338+0000] {logging_mixin.py:188} INFO - [2024-06-25T05:56:14.338+0000] {dagbag.py:545} INFO - Filling up the DagBag from /home/airflow/.local/lib/python3.12/site-packages/airflow/example_dags/example_xcomargs.py
[2024-06-25T05:56:14.343+0000] {processor.py:840} INFO - DAG(s) 'example_xcom_args', 'example_xcom_args_with_operators' retrieved from /home/airflow/.local/lib/python3.12/site-packages/airflow/example_dags/example_xcomargs.py
[2024-06-25T05:56:14.358+0000] {logging_mixin.py:188} INFO - [2024-06-25T05:56:14.358+0000] {dag.py:3096} INFO - Sync 2 DAGs
[2024-06-25T05:56:14.365+0000] {logging_mixin.py:188} INFO - [2024-06-25T05:56:14.365+0000] {dag.py:3954} INFO - Setting next_dagrun for example_xcom_args to None, run_after=None
[2024-06-25T05:56:14.367+0000] {logging_mixin.py:188} INFO - [2024-06-25T05:56:14.367+0000] {dag.py:3954} INFO - Setting next_dagrun for example_xcom_args_with_operators to None, run_after=None
[2024-06-25T05:56:14.377+0000] {processor.py:183} INFO - Processing /home/airflow/.local/lib/python3.12/site-packages/airflow/example_dags/example_xcomargs.py took 0.046 seconds
[2024-06-25T05:56:45.023+0000] {processor.py:161} INFO - Started process (PID=1579) to work on /home/airflow/.local/lib/python3.12/site-packages/airflow/example_dags/example_xcomargs.py
[2024-06-25T05:56:45.025+0000] {processor.py:830} INFO - Processing file /home/airflow/.local/lib/python3.12/site-packages/airflow/example_dags/example_xcomargs.py for tasks to queue
[2024-06-25T05:56:45.026+0000] {logging_mixin.py:188} INFO - [2024-06-25T05:56:45.026+0000] {dagbag.py:545} INFO - Filling up the DagBag from /home/airflow/.local/lib/python3.12/site-packages/airflow/example_dags/example_xcomargs.py
[2024-06-25T05:56:45.033+0000] {processor.py:840} INFO - DAG(s) 'example_xcom_args', 'example_xcom_args_with_operators' retrieved from /home/airflow/.local/lib/python3.12/site-packages/airflow/example_dags/example_xcomargs.py
[2024-06-25T05:56:45.049+0000] {logging_mixin.py:188} INFO - [2024-06-25T05:56:45.049+0000] {dag.py:3096} INFO - Sync 2 DAGs
[2024-06-25T05:56:45.059+0000] {logging_mixin.py:188} INFO - [2024-06-25T05:56:45.059+0000] {dag.py:3954} INFO - Setting next_dagrun for example_xcom_args to None, run_after=None
[2024-06-25T05:56:45.061+0000] {logging_mixin.py:188} INFO - [2024-06-25T05:56:45.061+0000] {dag.py:3954} INFO - Setting next_dagrun for example_xcom_args_with_operators to None, run_after=None
[2024-06-25T05:56:45.070+0000] {processor.py:183} INFO - Processing /home/airflow/.local/lib/python3.12/site-packages/airflow/example_dags/example_xcomargs.py took 0.051 seconds
[2024-06-25T05:57:15.754+0000] {processor.py:161} INFO - Started process (PID=1637) to work on /home/airflow/.local/lib/python3.12/site-packages/airflow/example_dags/example_xcomargs.py
[2024-06-25T05:57:15.755+0000] {processor.py:830} INFO - Processing file /home/airflow/.local/lib/python3.12/site-packages/airflow/example_dags/example_xcomargs.py for tasks to queue
[2024-06-25T05:57:15.757+0000] {logging_mixin.py:188} INFO - [2024-06-25T05:57:15.757+0000] {dagbag.py:545} INFO - Filling up the DagBag from /home/airflow/.local/lib/python3.12/site-packages/airflow/example_dags/example_xcomargs.py
[2024-06-25T05:57:15.764+0000] {processor.py:840} INFO - DAG(s) 'example_xcom_args', 'example_xcom_args_with_operators' retrieved from /home/airflow/.local/lib/python3.12/site-packages/airflow/example_dags/example_xcomargs.py
[2024-06-25T05:57:15.780+0000] {logging_mixin.py:188} INFO - [2024-06-25T05:57:15.780+0000] {dag.py:3096} INFO - Sync 2 DAGs
[2024-06-25T05:57:15.788+0000] {logging_mixin.py:188} INFO - [2024-06-25T05:57:15.787+0000] {dag.py:3954} INFO - Setting next_dagrun for example_xcom_args to None, run_after=None
[2024-06-25T05:57:15.790+0000] {logging_mixin.py:188} INFO - [2024-06-25T05:57:15.789+0000] {dag.py:3954} INFO - Setting next_dagrun for example_xcom_args_with_operators to None, run_after=None
[2024-06-25T05:57:15.796+0000] {processor.py:183} INFO - Processing /home/airflow/.local/lib/python3.12/site-packages/airflow/example_dags/example_xcomargs.py took 0.048 seconds
[2024-06-25T05:57:46.555+0000] {processor.py:161} INFO - Started process (PID=1695) to work on /home/airflow/.local/lib/python3.12/site-packages/airflow/example_dags/example_xcomargs.py
[2024-06-25T05:57:46.556+0000] {processor.py:830} INFO - Processing file /home/airflow/.local/lib/python3.12/site-packages/airflow/example_dags/example_xcomargs.py for tasks to queue
[2024-06-25T05:57:46.558+0000] {logging_mixin.py:188} INFO - [2024-06-25T05:57:46.558+0000] {dagbag.py:545} INFO - Filling up the DagBag from /home/airflow/.local/lib/python3.12/site-packages/airflow/example_dags/example_xcomargs.py
[2024-06-25T05:57:46.565+0000] {processor.py:840} INFO - DAG(s) 'example_xcom_args_with_operators', 'example_xcom_args' retrieved from /home/airflow/.local/lib/python3.12/site-packages/airflow/example_dags/example_xcomargs.py
[2024-06-25T05:57:46.582+0000] {logging_mixin.py:188} INFO - [2024-06-25T05:57:46.582+0000] {dag.py:3096} INFO - Sync 2 DAGs
[2024-06-25T05:57:46.590+0000] {logging_mixin.py:188} INFO - [2024-06-25T05:57:46.590+0000] {dag.py:3954} INFO - Setting next_dagrun for example_xcom_args to None, run_after=None
[2024-06-25T05:57:46.592+0000] {logging_mixin.py:188} INFO - [2024-06-25T05:57:46.592+0000] {dag.py:3954} INFO - Setting next_dagrun for example_xcom_args_with_operators to None, run_after=None
[2024-06-25T05:57:46.600+0000] {processor.py:183} INFO - Processing /home/airflow/.local/lib/python3.12/site-packages/airflow/example_dags/example_xcomargs.py took 0.051 seconds
