[2024-06-25T05:41:16.948+0000] {processor.py:161} INFO - Started process (PID=33) to work on /home/airflow/.local/lib/python3.12/site-packages/airflow/example_dags/example_display_name.py
[2024-06-25T05:41:16.952+0000] {processor.py:830} INFO - Processing file /home/airflow/.local/lib/python3.12/site-packages/airflow/example_dags/example_display_name.py for tasks to queue
[2024-06-25T05:41:16.957+0000] {logging_mixin.py:188} INFO - [2024-06-25T05:41:16.956+0000] {dagbag.py:545} INFO - Filling up the DagBag from /home/airflow/.local/lib/python3.12/site-packages/airflow/example_dags/example_display_name.py
[2024-06-25T05:41:16.967+0000] {processor.py:840} INFO - DAG(s) 'example_display_name' retrieved from /home/airflow/.local/lib/python3.12/site-packages/airflow/example_dags/example_display_name.py
[2024-06-25T05:41:16.984+0000] {logging_mixin.py:188} INFO - [2024-06-25T05:41:16.984+0000] {dag.py:3096} INFO - Sync 1 DAGs
[2024-06-25T05:41:17.011+0000] {logging_mixin.py:188} INFO - [2024-06-25T05:41:17.011+0000] {dag.py:3954} INFO - Setting next_dagrun for example_display_name to None, run_after=None
[2024-06-25T05:41:17.034+0000] {processor.py:183} INFO - Processing /home/airflow/.local/lib/python3.12/site-packages/airflow/example_dags/example_display_name.py took 0.094 seconds
[2024-06-25T05:41:47.833+0000] {processor.py:161} INFO - Started process (PID=91) to work on /home/airflow/.local/lib/python3.12/site-packages/airflow/example_dags/example_display_name.py
[2024-06-25T05:41:47.834+0000] {processor.py:830} INFO - Processing file /home/airflow/.local/lib/python3.12/site-packages/airflow/example_dags/example_display_name.py for tasks to queue
[2024-06-25T05:41:47.835+0000] {logging_mixin.py:188} INFO - [2024-06-25T05:41:47.834+0000] {dagbag.py:545} INFO - Filling up the DagBag from /home/airflow/.local/lib/python3.12/site-packages/airflow/example_dags/example_display_name.py
[2024-06-25T05:41:47.838+0000] {processor.py:840} INFO - DAG(s) 'example_display_name' retrieved from /home/airflow/.local/lib/python3.12/site-packages/airflow/example_dags/example_display_name.py
[2024-06-25T05:41:47.886+0000] {logging_mixin.py:188} INFO - [2024-06-25T05:41:47.886+0000] {dag.py:3096} INFO - Sync 1 DAGs
[2024-06-25T05:41:47.891+0000] {logging_mixin.py:188} INFO - [2024-06-25T05:41:47.891+0000] {dag.py:3954} INFO - Setting next_dagrun for example_display_name to None, run_after=None
[2024-06-25T05:41:47.899+0000] {processor.py:183} INFO - Processing /home/airflow/.local/lib/python3.12/site-packages/airflow/example_dags/example_display_name.py took 0.069 seconds
[2024-06-25T05:42:18.308+0000] {processor.py:161} INFO - Started process (PID=149) to work on /home/airflow/.local/lib/python3.12/site-packages/airflow/example_dags/example_display_name.py
[2024-06-25T05:42:18.308+0000] {processor.py:830} INFO - Processing file /home/airflow/.local/lib/python3.12/site-packages/airflow/example_dags/example_display_name.py for tasks to queue
[2024-06-25T05:42:18.309+0000] {logging_mixin.py:188} INFO - [2024-06-25T05:42:18.309+0000] {dagbag.py:545} INFO - Filling up the DagBag from /home/airflow/.local/lib/python3.12/site-packages/airflow/example_dags/example_display_name.py
[2024-06-25T05:42:18.313+0000] {processor.py:840} INFO - DAG(s) 'example_display_name' retrieved from /home/airflow/.local/lib/python3.12/site-packages/airflow/example_dags/example_display_name.py
[2024-06-25T05:42:18.329+0000] {logging_mixin.py:188} INFO - [2024-06-25T05:42:18.328+0000] {dag.py:3096} INFO - Sync 1 DAGs
[2024-06-25T05:42:18.336+0000] {logging_mixin.py:188} INFO - [2024-06-25T05:42:18.336+0000] {dag.py:3954} INFO - Setting next_dagrun for example_display_name to None, run_after=None
[2024-06-25T05:42:18.344+0000] {processor.py:183} INFO - Processing /home/airflow/.local/lib/python3.12/site-packages/airflow/example_dags/example_display_name.py took 0.041 seconds
[2024-06-25T05:42:48.794+0000] {processor.py:161} INFO - Started process (PID=207) to work on /home/airflow/.local/lib/python3.12/site-packages/airflow/example_dags/example_display_name.py
[2024-06-25T05:42:48.795+0000] {processor.py:830} INFO - Processing file /home/airflow/.local/lib/python3.12/site-packages/airflow/example_dags/example_display_name.py for tasks to queue
[2024-06-25T05:42:48.796+0000] {logging_mixin.py:188} INFO - [2024-06-25T05:42:48.796+0000] {dagbag.py:545} INFO - Filling up the DagBag from /home/airflow/.local/lib/python3.12/site-packages/airflow/example_dags/example_display_name.py
[2024-06-25T05:42:48.799+0000] {processor.py:840} INFO - DAG(s) 'example_display_name' retrieved from /home/airflow/.local/lib/python3.12/site-packages/airflow/example_dags/example_display_name.py
[2024-06-25T05:42:48.809+0000] {logging_mixin.py:188} INFO - [2024-06-25T05:42:48.808+0000] {dag.py:3096} INFO - Sync 1 DAGs
[2024-06-25T05:42:48.816+0000] {logging_mixin.py:188} INFO - [2024-06-25T05:42:48.816+0000] {dag.py:3954} INFO - Setting next_dagrun for example_display_name to None, run_after=None
[2024-06-25T05:42:48.824+0000] {processor.py:183} INFO - Processing /home/airflow/.local/lib/python3.12/site-packages/airflow/example_dags/example_display_name.py took 0.033 seconds
[2024-06-25T05:43:18.774+0000] {processor.py:161} INFO - Started process (PID=32) to work on /home/airflow/.local/lib/python3.12/site-packages/airflow/example_dags/example_display_name.py
[2024-06-25T05:43:18.775+0000] {processor.py:830} INFO - Processing file /home/airflow/.local/lib/python3.12/site-packages/airflow/example_dags/example_display_name.py for tasks to queue
[2024-06-25T05:43:18.776+0000] {logging_mixin.py:188} INFO - [2024-06-25T05:43:18.776+0000] {dagbag.py:545} INFO - Filling up the DagBag from /home/airflow/.local/lib/python3.12/site-packages/airflow/example_dags/example_display_name.py
[2024-06-25T05:43:18.781+0000] {processor.py:840} INFO - DAG(s) 'example_display_name' retrieved from /home/airflow/.local/lib/python3.12/site-packages/airflow/example_dags/example_display_name.py
[2024-06-25T05:43:18.803+0000] {logging_mixin.py:188} INFO - [2024-06-25T05:43:18.803+0000] {dag.py:3096} INFO - Sync 1 DAGs
[2024-06-25T05:43:18.813+0000] {logging_mixin.py:188} INFO - [2024-06-25T05:43:18.813+0000] {dag.py:3954} INFO - Setting next_dagrun for example_display_name to None, run_after=None
[2024-06-25T05:43:18.829+0000] {processor.py:183} INFO - Processing /home/airflow/.local/lib/python3.12/site-packages/airflow/example_dags/example_display_name.py took 0.060 seconds
[2024-06-25T05:43:49.288+0000] {processor.py:161} INFO - Started process (PID=90) to work on /home/airflow/.local/lib/python3.12/site-packages/airflow/example_dags/example_display_name.py
[2024-06-25T05:43:49.289+0000] {processor.py:830} INFO - Processing file /home/airflow/.local/lib/python3.12/site-packages/airflow/example_dags/example_display_name.py for tasks to queue
[2024-06-25T05:43:49.290+0000] {logging_mixin.py:188} INFO - [2024-06-25T05:43:49.289+0000] {dagbag.py:545} INFO - Filling up the DagBag from /home/airflow/.local/lib/python3.12/site-packages/airflow/example_dags/example_display_name.py
[2024-06-25T05:43:49.293+0000] {processor.py:840} INFO - DAG(s) 'example_display_name' retrieved from /home/airflow/.local/lib/python3.12/site-packages/airflow/example_dags/example_display_name.py
[2024-06-25T05:43:49.299+0000] {logging_mixin.py:188} INFO - [2024-06-25T05:43:49.299+0000] {dag.py:3096} INFO - Sync 1 DAGs
[2024-06-25T05:43:49.307+0000] {logging_mixin.py:188} INFO - [2024-06-25T05:43:49.306+0000] {dag.py:3954} INFO - Setting next_dagrun for example_display_name to None, run_after=None
[2024-06-25T05:43:49.315+0000] {processor.py:183} INFO - Processing /home/airflow/.local/lib/python3.12/site-packages/airflow/example_dags/example_display_name.py took 0.030 seconds
[2024-06-25T05:44:19.928+0000] {processor.py:161} INFO - Started process (PID=148) to work on /home/airflow/.local/lib/python3.12/site-packages/airflow/example_dags/example_display_name.py
[2024-06-25T05:44:19.929+0000] {processor.py:830} INFO - Processing file /home/airflow/.local/lib/python3.12/site-packages/airflow/example_dags/example_display_name.py for tasks to queue
[2024-06-25T05:44:19.930+0000] {logging_mixin.py:188} INFO - [2024-06-25T05:44:19.930+0000] {dagbag.py:545} INFO - Filling up the DagBag from /home/airflow/.local/lib/python3.12/site-packages/airflow/example_dags/example_display_name.py
[2024-06-25T05:44:19.933+0000] {processor.py:840} INFO - DAG(s) 'example_display_name' retrieved from /home/airflow/.local/lib/python3.12/site-packages/airflow/example_dags/example_display_name.py
[2024-06-25T05:44:19.980+0000] {logging_mixin.py:188} INFO - [2024-06-25T05:44:19.980+0000] {dag.py:3096} INFO - Sync 1 DAGs
[2024-06-25T05:44:19.985+0000] {logging_mixin.py:188} INFO - [2024-06-25T05:44:19.985+0000] {dag.py:3954} INFO - Setting next_dagrun for example_display_name to None, run_after=None
[2024-06-25T05:44:19.993+0000] {processor.py:183} INFO - Processing /home/airflow/.local/lib/python3.12/site-packages/airflow/example_dags/example_display_name.py took 0.067 seconds
[2024-06-25T05:44:50.297+0000] {processor.py:161} INFO - Started process (PID=206) to work on /home/airflow/.local/lib/python3.12/site-packages/airflow/example_dags/example_display_name.py
[2024-06-25T05:44:50.298+0000] {processor.py:830} INFO - Processing file /home/airflow/.local/lib/python3.12/site-packages/airflow/example_dags/example_display_name.py for tasks to queue
[2024-06-25T05:44:50.299+0000] {logging_mixin.py:188} INFO - [2024-06-25T05:44:50.298+0000] {dagbag.py:545} INFO - Filling up the DagBag from /home/airflow/.local/lib/python3.12/site-packages/airflow/example_dags/example_display_name.py
[2024-06-25T05:44:50.301+0000] {processor.py:840} INFO - DAG(s) 'example_display_name' retrieved from /home/airflow/.local/lib/python3.12/site-packages/airflow/example_dags/example_display_name.py
[2024-06-25T05:44:50.312+0000] {logging_mixin.py:188} INFO - [2024-06-25T05:44:50.312+0000] {dag.py:3096} INFO - Sync 1 DAGs
[2024-06-25T05:44:50.318+0000] {logging_mixin.py:188} INFO - [2024-06-25T05:44:50.318+0000] {dag.py:3954} INFO - Setting next_dagrun for example_display_name to None, run_after=None
[2024-06-25T05:44:50.327+0000] {processor.py:183} INFO - Processing /home/airflow/.local/lib/python3.12/site-packages/airflow/example_dags/example_display_name.py took 0.034 seconds
[2024-06-25T05:45:20.945+0000] {processor.py:161} INFO - Started process (PID=263) to work on /home/airflow/.local/lib/python3.12/site-packages/airflow/example_dags/example_display_name.py
[2024-06-25T05:45:20.946+0000] {processor.py:830} INFO - Processing file /home/airflow/.local/lib/python3.12/site-packages/airflow/example_dags/example_display_name.py for tasks to queue
[2024-06-25T05:45:20.947+0000] {logging_mixin.py:188} INFO - [2024-06-25T05:45:20.947+0000] {dagbag.py:545} INFO - Filling up the DagBag from /home/airflow/.local/lib/python3.12/site-packages/airflow/example_dags/example_display_name.py
[2024-06-25T05:45:20.950+0000] {processor.py:840} INFO - DAG(s) 'example_display_name' retrieved from /home/airflow/.local/lib/python3.12/site-packages/airflow/example_dags/example_display_name.py
[2024-06-25T05:45:20.962+0000] {logging_mixin.py:188} INFO - [2024-06-25T05:45:20.962+0000] {dag.py:3096} INFO - Sync 1 DAGs
[2024-06-25T05:45:20.968+0000] {logging_mixin.py:188} INFO - [2024-06-25T05:45:20.968+0000] {dag.py:3954} INFO - Setting next_dagrun for example_display_name to None, run_after=None
[2024-06-25T05:45:20.977+0000] {processor.py:183} INFO - Processing /home/airflow/.local/lib/python3.12/site-packages/airflow/example_dags/example_display_name.py took 0.035 seconds
[2024-06-25T05:45:51.663+0000] {processor.py:161} INFO - Started process (PID=321) to work on /home/airflow/.local/lib/python3.12/site-packages/airflow/example_dags/example_display_name.py
[2024-06-25T05:45:51.664+0000] {processor.py:830} INFO - Processing file /home/airflow/.local/lib/python3.12/site-packages/airflow/example_dags/example_display_name.py for tasks to queue
[2024-06-25T05:45:51.665+0000] {logging_mixin.py:188} INFO - [2024-06-25T05:45:51.665+0000] {dagbag.py:545} INFO - Filling up the DagBag from /home/airflow/.local/lib/python3.12/site-packages/airflow/example_dags/example_display_name.py
[2024-06-25T05:45:51.669+0000] {processor.py:840} INFO - DAG(s) 'example_display_name' retrieved from /home/airflow/.local/lib/python3.12/site-packages/airflow/example_dags/example_display_name.py
[2024-06-25T05:45:51.680+0000] {logging_mixin.py:188} INFO - [2024-06-25T05:45:51.680+0000] {dag.py:3096} INFO - Sync 1 DAGs
[2024-06-25T05:45:51.686+0000] {logging_mixin.py:188} INFO - [2024-06-25T05:45:51.685+0000] {dag.py:3954} INFO - Setting next_dagrun for example_display_name to None, run_after=None
[2024-06-25T05:45:51.694+0000] {processor.py:183} INFO - Processing /home/airflow/.local/lib/python3.12/site-packages/airflow/example_dags/example_display_name.py took 0.033 seconds
[2024-06-25T05:46:22.330+0000] {processor.py:161} INFO - Started process (PID=379) to work on /home/airflow/.local/lib/python3.12/site-packages/airflow/example_dags/example_display_name.py
[2024-06-25T05:46:22.330+0000] {processor.py:830} INFO - Processing file /home/airflow/.local/lib/python3.12/site-packages/airflow/example_dags/example_display_name.py for tasks to queue
[2024-06-25T05:46:22.331+0000] {logging_mixin.py:188} INFO - [2024-06-25T05:46:22.331+0000] {dagbag.py:545} INFO - Filling up the DagBag from /home/airflow/.local/lib/python3.12/site-packages/airflow/example_dags/example_display_name.py
[2024-06-25T05:46:22.334+0000] {processor.py:840} INFO - DAG(s) 'example_display_name' retrieved from /home/airflow/.local/lib/python3.12/site-packages/airflow/example_dags/example_display_name.py
[2024-06-25T05:46:22.344+0000] {logging_mixin.py:188} INFO - [2024-06-25T05:46:22.344+0000] {dag.py:3096} INFO - Sync 1 DAGs
[2024-06-25T05:46:22.350+0000] {logging_mixin.py:188} INFO - [2024-06-25T05:46:22.350+0000] {dag.py:3954} INFO - Setting next_dagrun for example_display_name to None, run_after=None
[2024-06-25T05:46:22.360+0000] {processor.py:183} INFO - Processing /home/airflow/.local/lib/python3.12/site-packages/airflow/example_dags/example_display_name.py took 0.032 seconds
[2024-06-25T05:46:52.680+0000] {processor.py:161} INFO - Started process (PID=437) to work on /home/airflow/.local/lib/python3.12/site-packages/airflow/example_dags/example_display_name.py
[2024-06-25T05:46:52.682+0000] {processor.py:830} INFO - Processing file /home/airflow/.local/lib/python3.12/site-packages/airflow/example_dags/example_display_name.py for tasks to queue
[2024-06-25T05:46:52.683+0000] {logging_mixin.py:188} INFO - [2024-06-25T05:46:52.683+0000] {dagbag.py:545} INFO - Filling up the DagBag from /home/airflow/.local/lib/python3.12/site-packages/airflow/example_dags/example_display_name.py
[2024-06-25T05:46:52.687+0000] {processor.py:840} INFO - DAG(s) 'example_display_name' retrieved from /home/airflow/.local/lib/python3.12/site-packages/airflow/example_dags/example_display_name.py
[2024-06-25T05:46:52.700+0000] {logging_mixin.py:188} INFO - [2024-06-25T05:46:52.700+0000] {dag.py:3096} INFO - Sync 1 DAGs
[2024-06-25T05:46:52.707+0000] {logging_mixin.py:188} INFO - [2024-06-25T05:46:52.707+0000] {dag.py:3954} INFO - Setting next_dagrun for example_display_name to None, run_after=None
[2024-06-25T05:46:52.717+0000] {processor.py:183} INFO - Processing /home/airflow/.local/lib/python3.12/site-packages/airflow/example_dags/example_display_name.py took 0.042 seconds
[2024-06-25T05:47:32.323+0000] {processor.py:161} INFO - Started process (PID=494) to work on /home/airflow/.local/lib/python3.12/site-packages/airflow/example_dags/example_display_name.py
[2024-06-25T05:47:32.327+0000] {processor.py:830} INFO - Processing file /home/airflow/.local/lib/python3.12/site-packages/airflow/example_dags/example_display_name.py for tasks to queue
[2024-06-25T05:47:32.330+0000] {logging_mixin.py:188} INFO - [2024-06-25T05:47:32.329+0000] {dagbag.py:545} INFO - Filling up the DagBag from /home/airflow/.local/lib/python3.12/site-packages/airflow/example_dags/example_display_name.py
[2024-06-25T05:47:32.360+0000] {processor.py:840} INFO - DAG(s) 'example_display_name' retrieved from /home/airflow/.local/lib/python3.12/site-packages/airflow/example_dags/example_display_name.py
[2024-06-25T05:47:32.397+0000] {logging_mixin.py:188} INFO - [2024-06-25T05:47:32.397+0000] {dag.py:3096} INFO - Sync 1 DAGs
[2024-06-25T05:47:32.421+0000] {logging_mixin.py:188} INFO - [2024-06-25T05:47:32.420+0000] {dag.py:3954} INFO - Setting next_dagrun for example_display_name to None, run_after=None
[2024-06-25T05:47:32.510+0000] {processor.py:183} INFO - Processing /home/airflow/.local/lib/python3.12/site-packages/airflow/example_dags/example_display_name.py took 0.193 seconds
[2024-06-25T05:48:03.228+0000] {processor.py:161} INFO - Started process (PID=553) to work on /home/airflow/.local/lib/python3.12/site-packages/airflow/example_dags/example_display_name.py
[2024-06-25T05:48:03.232+0000] {processor.py:830} INFO - Processing file /home/airflow/.local/lib/python3.12/site-packages/airflow/example_dags/example_display_name.py for tasks to queue
[2024-06-25T05:48:03.237+0000] {logging_mixin.py:188} INFO - [2024-06-25T05:48:03.236+0000] {dagbag.py:545} INFO - Filling up the DagBag from /home/airflow/.local/lib/python3.12/site-packages/airflow/example_dags/example_display_name.py
[2024-06-25T05:48:03.257+0000] {processor.py:840} INFO - DAG(s) 'example_display_name' retrieved from /home/airflow/.local/lib/python3.12/site-packages/airflow/example_dags/example_display_name.py
[2024-06-25T05:48:03.296+0000] {logging_mixin.py:188} INFO - [2024-06-25T05:48:03.295+0000] {dag.py:3096} INFO - Sync 1 DAGs
[2024-06-25T05:48:03.314+0000] {logging_mixin.py:188} INFO - [2024-06-25T05:48:03.313+0000] {dag.py:3954} INFO - Setting next_dagrun for example_display_name to None, run_after=None
[2024-06-25T05:48:03.359+0000] {processor.py:183} INFO - Processing /home/airflow/.local/lib/python3.12/site-packages/airflow/example_dags/example_display_name.py took 0.141 seconds
[2024-06-25T05:48:33.665+0000] {processor.py:161} INFO - Started process (PID=611) to work on /home/airflow/.local/lib/python3.12/site-packages/airflow/example_dags/example_display_name.py
[2024-06-25T05:48:33.667+0000] {processor.py:830} INFO - Processing file /home/airflow/.local/lib/python3.12/site-packages/airflow/example_dags/example_display_name.py for tasks to queue
[2024-06-25T05:48:33.670+0000] {logging_mixin.py:188} INFO - [2024-06-25T05:48:33.669+0000] {dagbag.py:545} INFO - Filling up the DagBag from /home/airflow/.local/lib/python3.12/site-packages/airflow/example_dags/example_display_name.py
[2024-06-25T05:48:33.676+0000] {processor.py:840} INFO - DAG(s) 'example_display_name' retrieved from /home/airflow/.local/lib/python3.12/site-packages/airflow/example_dags/example_display_name.py
[2024-06-25T05:48:33.703+0000] {logging_mixin.py:188} INFO - [2024-06-25T05:48:33.703+0000] {dag.py:3096} INFO - Sync 1 DAGs
[2024-06-25T05:48:33.722+0000] {logging_mixin.py:188} INFO - [2024-06-25T05:48:33.722+0000] {dag.py:3954} INFO - Setting next_dagrun for example_display_name to None, run_after=None
[2024-06-25T05:48:33.752+0000] {processor.py:183} INFO - Processing /home/airflow/.local/lib/python3.12/site-packages/airflow/example_dags/example_display_name.py took 0.095 seconds
[2024-06-25T05:49:03.797+0000] {processor.py:161} INFO - Started process (PID=669) to work on /home/airflow/.local/lib/python3.12/site-packages/airflow/example_dags/example_display_name.py
[2024-06-25T05:49:03.797+0000] {processor.py:830} INFO - Processing file /home/airflow/.local/lib/python3.12/site-packages/airflow/example_dags/example_display_name.py for tasks to queue
[2024-06-25T05:49:03.798+0000] {logging_mixin.py:188} INFO - [2024-06-25T05:49:03.798+0000] {dagbag.py:545} INFO - Filling up the DagBag from /home/airflow/.local/lib/python3.12/site-packages/airflow/example_dags/example_display_name.py
[2024-06-25T05:49:03.801+0000] {processor.py:840} INFO - DAG(s) 'example_display_name' retrieved from /home/airflow/.local/lib/python3.12/site-packages/airflow/example_dags/example_display_name.py
[2024-06-25T05:49:03.812+0000] {logging_mixin.py:188} INFO - [2024-06-25T05:49:03.812+0000] {dag.py:3096} INFO - Sync 1 DAGs
[2024-06-25T05:49:03.819+0000] {logging_mixin.py:188} INFO - [2024-06-25T05:49:03.819+0000] {dag.py:3954} INFO - Setting next_dagrun for example_display_name to None, run_after=None
[2024-06-25T05:49:03.828+0000] {processor.py:183} INFO - Processing /home/airflow/.local/lib/python3.12/site-packages/airflow/example_dags/example_display_name.py took 0.035 seconds
[2024-06-25T05:49:34.212+0000] {processor.py:161} INFO - Started process (PID=727) to work on /home/airflow/.local/lib/python3.12/site-packages/airflow/example_dags/example_display_name.py
[2024-06-25T05:49:34.213+0000] {processor.py:830} INFO - Processing file /home/airflow/.local/lib/python3.12/site-packages/airflow/example_dags/example_display_name.py for tasks to queue
[2024-06-25T05:49:34.214+0000] {logging_mixin.py:188} INFO - [2024-06-25T05:49:34.213+0000] {dagbag.py:545} INFO - Filling up the DagBag from /home/airflow/.local/lib/python3.12/site-packages/airflow/example_dags/example_display_name.py
[2024-06-25T05:49:34.216+0000] {processor.py:840} INFO - DAG(s) 'example_display_name' retrieved from /home/airflow/.local/lib/python3.12/site-packages/airflow/example_dags/example_display_name.py
[2024-06-25T05:49:34.225+0000] {logging_mixin.py:188} INFO - [2024-06-25T05:49:34.225+0000] {dag.py:3096} INFO - Sync 1 DAGs
[2024-06-25T05:49:34.232+0000] {logging_mixin.py:188} INFO - [2024-06-25T05:49:34.231+0000] {dag.py:3954} INFO - Setting next_dagrun for example_display_name to None, run_after=None
[2024-06-25T05:49:34.240+0000] {processor.py:183} INFO - Processing /home/airflow/.local/lib/python3.12/site-packages/airflow/example_dags/example_display_name.py took 0.031 seconds
[2024-06-25T05:50:04.326+0000] {processor.py:161} INFO - Started process (PID=785) to work on /home/airflow/.local/lib/python3.12/site-packages/airflow/example_dags/example_display_name.py
[2024-06-25T05:50:04.326+0000] {processor.py:830} INFO - Processing file /home/airflow/.local/lib/python3.12/site-packages/airflow/example_dags/example_display_name.py for tasks to queue
[2024-06-25T05:50:04.327+0000] {logging_mixin.py:188} INFO - [2024-06-25T05:50:04.327+0000] {dagbag.py:545} INFO - Filling up the DagBag from /home/airflow/.local/lib/python3.12/site-packages/airflow/example_dags/example_display_name.py
[2024-06-25T05:50:04.329+0000] {processor.py:840} INFO - DAG(s) 'example_display_name' retrieved from /home/airflow/.local/lib/python3.12/site-packages/airflow/example_dags/example_display_name.py
[2024-06-25T05:50:04.341+0000] {logging_mixin.py:188} INFO - [2024-06-25T05:50:04.341+0000] {dag.py:3096} INFO - Sync 1 DAGs
[2024-06-25T05:50:04.350+0000] {logging_mixin.py:188} INFO - [2024-06-25T05:50:04.349+0000] {dag.py:3954} INFO - Setting next_dagrun for example_display_name to None, run_after=None
[2024-06-25T05:50:04.360+0000] {processor.py:183} INFO - Processing /home/airflow/.local/lib/python3.12/site-packages/airflow/example_dags/example_display_name.py took 0.037 seconds
[2024-06-25T05:50:34.442+0000] {processor.py:161} INFO - Started process (PID=843) to work on /home/airflow/.local/lib/python3.12/site-packages/airflow/example_dags/example_display_name.py
[2024-06-25T05:50:34.443+0000] {processor.py:830} INFO - Processing file /home/airflow/.local/lib/python3.12/site-packages/airflow/example_dags/example_display_name.py for tasks to queue
[2024-06-25T05:50:34.444+0000] {logging_mixin.py:188} INFO - [2024-06-25T05:50:34.443+0000] {dagbag.py:545} INFO - Filling up the DagBag from /home/airflow/.local/lib/python3.12/site-packages/airflow/example_dags/example_display_name.py
[2024-06-25T05:50:34.446+0000] {processor.py:840} INFO - DAG(s) 'example_display_name' retrieved from /home/airflow/.local/lib/python3.12/site-packages/airflow/example_dags/example_display_name.py
[2024-06-25T05:50:34.457+0000] {logging_mixin.py:188} INFO - [2024-06-25T05:50:34.456+0000] {dag.py:3096} INFO - Sync 1 DAGs
[2024-06-25T05:50:34.462+0000] {logging_mixin.py:188} INFO - [2024-06-25T05:50:34.462+0000] {dag.py:3954} INFO - Setting next_dagrun for example_display_name to None, run_after=None
[2024-06-25T05:50:34.470+0000] {processor.py:183} INFO - Processing /home/airflow/.local/lib/python3.12/site-packages/airflow/example_dags/example_display_name.py took 0.031 seconds
[2024-06-25T05:51:04.608+0000] {processor.py:161} INFO - Started process (PID=901) to work on /home/airflow/.local/lib/python3.12/site-packages/airflow/example_dags/example_display_name.py
[2024-06-25T05:51:04.609+0000] {processor.py:830} INFO - Processing file /home/airflow/.local/lib/python3.12/site-packages/airflow/example_dags/example_display_name.py for tasks to queue
[2024-06-25T05:51:04.610+0000] {logging_mixin.py:188} INFO - [2024-06-25T05:51:04.610+0000] {dagbag.py:545} INFO - Filling up the DagBag from /home/airflow/.local/lib/python3.12/site-packages/airflow/example_dags/example_display_name.py
[2024-06-25T05:51:04.613+0000] {processor.py:840} INFO - DAG(s) 'example_display_name' retrieved from /home/airflow/.local/lib/python3.12/site-packages/airflow/example_dags/example_display_name.py
[2024-06-25T05:51:04.626+0000] {logging_mixin.py:188} INFO - [2024-06-25T05:51:04.626+0000] {dag.py:3096} INFO - Sync 1 DAGs
[2024-06-25T05:51:04.633+0000] {logging_mixin.py:188} INFO - [2024-06-25T05:51:04.632+0000] {dag.py:3954} INFO - Setting next_dagrun for example_display_name to None, run_after=None
[2024-06-25T05:51:04.641+0000] {processor.py:183} INFO - Processing /home/airflow/.local/lib/python3.12/site-packages/airflow/example_dags/example_display_name.py took 0.036 seconds
[2024-06-25T05:51:35.426+0000] {processor.py:161} INFO - Started process (PID=959) to work on /home/airflow/.local/lib/python3.12/site-packages/airflow/example_dags/example_display_name.py
[2024-06-25T05:51:35.427+0000] {processor.py:830} INFO - Processing file /home/airflow/.local/lib/python3.12/site-packages/airflow/example_dags/example_display_name.py for tasks to queue
[2024-06-25T05:51:35.428+0000] {logging_mixin.py:188} INFO - [2024-06-25T05:51:35.428+0000] {dagbag.py:545} INFO - Filling up the DagBag from /home/airflow/.local/lib/python3.12/site-packages/airflow/example_dags/example_display_name.py
[2024-06-25T05:51:35.431+0000] {processor.py:840} INFO - DAG(s) 'example_display_name' retrieved from /home/airflow/.local/lib/python3.12/site-packages/airflow/example_dags/example_display_name.py
[2024-06-25T05:51:35.443+0000] {logging_mixin.py:188} INFO - [2024-06-25T05:51:35.443+0000] {dag.py:3096} INFO - Sync 1 DAGs
[2024-06-25T05:51:35.449+0000] {logging_mixin.py:188} INFO - [2024-06-25T05:51:35.449+0000] {dag.py:3954} INFO - Setting next_dagrun for example_display_name to None, run_after=None
[2024-06-25T05:51:35.459+0000] {processor.py:183} INFO - Processing /home/airflow/.local/lib/python3.12/site-packages/airflow/example_dags/example_display_name.py took 0.036 seconds
[2024-06-25T05:52:05.498+0000] {processor.py:161} INFO - Started process (PID=1017) to work on /home/airflow/.local/lib/python3.12/site-packages/airflow/example_dags/example_display_name.py
[2024-06-25T05:52:05.499+0000] {processor.py:830} INFO - Processing file /home/airflow/.local/lib/python3.12/site-packages/airflow/example_dags/example_display_name.py for tasks to queue
[2024-06-25T05:52:05.500+0000] {logging_mixin.py:188} INFO - [2024-06-25T05:52:05.500+0000] {dagbag.py:545} INFO - Filling up the DagBag from /home/airflow/.local/lib/python3.12/site-packages/airflow/example_dags/example_display_name.py
[2024-06-25T05:52:05.503+0000] {processor.py:840} INFO - DAG(s) 'example_display_name' retrieved from /home/airflow/.local/lib/python3.12/site-packages/airflow/example_dags/example_display_name.py
[2024-06-25T05:52:05.517+0000] {logging_mixin.py:188} INFO - [2024-06-25T05:52:05.517+0000] {dag.py:3096} INFO - Sync 1 DAGs
[2024-06-25T05:52:05.524+0000] {logging_mixin.py:188} INFO - [2024-06-25T05:52:05.523+0000] {dag.py:3954} INFO - Setting next_dagrun for example_display_name to None, run_after=None
[2024-06-25T05:52:05.532+0000] {processor.py:183} INFO - Processing /home/airflow/.local/lib/python3.12/site-packages/airflow/example_dags/example_display_name.py took 0.036 seconds
[2024-06-25T05:52:36.282+0000] {processor.py:161} INFO - Started process (PID=1075) to work on /home/airflow/.local/lib/python3.12/site-packages/airflow/example_dags/example_display_name.py
[2024-06-25T05:52:36.283+0000] {processor.py:830} INFO - Processing file /home/airflow/.local/lib/python3.12/site-packages/airflow/example_dags/example_display_name.py for tasks to queue
[2024-06-25T05:52:36.284+0000] {logging_mixin.py:188} INFO - [2024-06-25T05:52:36.284+0000] {dagbag.py:545} INFO - Filling up the DagBag from /home/airflow/.local/lib/python3.12/site-packages/airflow/example_dags/example_display_name.py
[2024-06-25T05:52:36.292+0000] {processor.py:840} INFO - DAG(s) 'example_display_name' retrieved from /home/airflow/.local/lib/python3.12/site-packages/airflow/example_dags/example_display_name.py
[2024-06-25T05:52:36.305+0000] {logging_mixin.py:188} INFO - [2024-06-25T05:52:36.305+0000] {dag.py:3096} INFO - Sync 1 DAGs
[2024-06-25T05:52:36.313+0000] {logging_mixin.py:188} INFO - [2024-06-25T05:52:36.312+0000] {dag.py:3954} INFO - Setting next_dagrun for example_display_name to None, run_after=None
[2024-06-25T05:52:36.324+0000] {processor.py:183} INFO - Processing /home/airflow/.local/lib/python3.12/site-packages/airflow/example_dags/example_display_name.py took 0.045 seconds
[2024-06-25T05:53:06.924+0000] {processor.py:161} INFO - Started process (PID=1133) to work on /home/airflow/.local/lib/python3.12/site-packages/airflow/example_dags/example_display_name.py
[2024-06-25T05:53:06.925+0000] {processor.py:830} INFO - Processing file /home/airflow/.local/lib/python3.12/site-packages/airflow/example_dags/example_display_name.py for tasks to queue
[2024-06-25T05:53:06.926+0000] {logging_mixin.py:188} INFO - [2024-06-25T05:53:06.926+0000] {dagbag.py:545} INFO - Filling up the DagBag from /home/airflow/.local/lib/python3.12/site-packages/airflow/example_dags/example_display_name.py
[2024-06-25T05:53:06.929+0000] {processor.py:840} INFO - DAG(s) 'example_display_name' retrieved from /home/airflow/.local/lib/python3.12/site-packages/airflow/example_dags/example_display_name.py
[2024-06-25T05:53:06.939+0000] {logging_mixin.py:188} INFO - [2024-06-25T05:53:06.938+0000] {dag.py:3096} INFO - Sync 1 DAGs
[2024-06-25T05:53:06.945+0000] {logging_mixin.py:188} INFO - [2024-06-25T05:53:06.945+0000] {dag.py:3954} INFO - Setting next_dagrun for example_display_name to None, run_after=None
[2024-06-25T05:53:06.953+0000] {processor.py:183} INFO - Processing /home/airflow/.local/lib/python3.12/site-packages/airflow/example_dags/example_display_name.py took 0.032 seconds
[2024-06-25T05:53:37.063+0000] {processor.py:161} INFO - Started process (PID=1191) to work on /home/airflow/.local/lib/python3.12/site-packages/airflow/example_dags/example_display_name.py
[2024-06-25T05:53:37.064+0000] {processor.py:830} INFO - Processing file /home/airflow/.local/lib/python3.12/site-packages/airflow/example_dags/example_display_name.py for tasks to queue
[2024-06-25T05:53:37.065+0000] {logging_mixin.py:188} INFO - [2024-06-25T05:53:37.065+0000] {dagbag.py:545} INFO - Filling up the DagBag from /home/airflow/.local/lib/python3.12/site-packages/airflow/example_dags/example_display_name.py
[2024-06-25T05:53:37.069+0000] {processor.py:840} INFO - DAG(s) 'example_display_name' retrieved from /home/airflow/.local/lib/python3.12/site-packages/airflow/example_dags/example_display_name.py
[2024-06-25T05:53:37.082+0000] {logging_mixin.py:188} INFO - [2024-06-25T05:53:37.082+0000] {dag.py:3096} INFO - Sync 1 DAGs
[2024-06-25T05:53:37.091+0000] {logging_mixin.py:188} INFO - [2024-06-25T05:53:37.091+0000] {dag.py:3954} INFO - Setting next_dagrun for example_display_name to None, run_after=None
[2024-06-25T05:53:37.100+0000] {processor.py:183} INFO - Processing /home/airflow/.local/lib/python3.12/site-packages/airflow/example_dags/example_display_name.py took 0.040 seconds
[2024-06-25T05:54:07.926+0000] {processor.py:161} INFO - Started process (PID=1249) to work on /home/airflow/.local/lib/python3.12/site-packages/airflow/example_dags/example_display_name.py
[2024-06-25T05:54:07.927+0000] {processor.py:830} INFO - Processing file /home/airflow/.local/lib/python3.12/site-packages/airflow/example_dags/example_display_name.py for tasks to queue
[2024-06-25T05:54:07.930+0000] {logging_mixin.py:188} INFO - [2024-06-25T05:54:07.930+0000] {dagbag.py:545} INFO - Filling up the DagBag from /home/airflow/.local/lib/python3.12/site-packages/airflow/example_dags/example_display_name.py
[2024-06-25T05:54:07.944+0000] {processor.py:840} INFO - DAG(s) 'example_display_name' retrieved from /home/airflow/.local/lib/python3.12/site-packages/airflow/example_dags/example_display_name.py
[2024-06-25T05:54:07.964+0000] {logging_mixin.py:188} INFO - [2024-06-25T05:54:07.964+0000] {dag.py:3096} INFO - Sync 1 DAGs
[2024-06-25T05:54:07.971+0000] {logging_mixin.py:188} INFO - [2024-06-25T05:54:07.971+0000] {dag.py:3954} INFO - Setting next_dagrun for example_display_name to None, run_after=None
[2024-06-25T05:54:07.987+0000] {processor.py:183} INFO - Processing /home/airflow/.local/lib/python3.12/site-packages/airflow/example_dags/example_display_name.py took 0.064 seconds
[2024-06-25T05:54:38.113+0000] {processor.py:161} INFO - Started process (PID=1306) to work on /home/airflow/.local/lib/python3.12/site-packages/airflow/example_dags/example_display_name.py
[2024-06-25T05:54:38.114+0000] {processor.py:830} INFO - Processing file /home/airflow/.local/lib/python3.12/site-packages/airflow/example_dags/example_display_name.py for tasks to queue
[2024-06-25T05:54:38.115+0000] {logging_mixin.py:188} INFO - [2024-06-25T05:54:38.115+0000] {dagbag.py:545} INFO - Filling up the DagBag from /home/airflow/.local/lib/python3.12/site-packages/airflow/example_dags/example_display_name.py
[2024-06-25T05:54:38.118+0000] {processor.py:840} INFO - DAG(s) 'example_display_name' retrieved from /home/airflow/.local/lib/python3.12/site-packages/airflow/example_dags/example_display_name.py
[2024-06-25T05:54:38.127+0000] {logging_mixin.py:188} INFO - [2024-06-25T05:54:38.126+0000] {dag.py:3096} INFO - Sync 1 DAGs
[2024-06-25T05:54:38.133+0000] {logging_mixin.py:188} INFO - [2024-06-25T05:54:38.133+0000] {dag.py:3954} INFO - Setting next_dagrun for example_display_name to None, run_after=None
[2024-06-25T05:54:38.144+0000] {processor.py:183} INFO - Processing /home/airflow/.local/lib/python3.12/site-packages/airflow/example_dags/example_display_name.py took 0.033 seconds
[2024-06-25T05:55:08.276+0000] {processor.py:161} INFO - Started process (PID=1364) to work on /home/airflow/.local/lib/python3.12/site-packages/airflow/example_dags/example_display_name.py
[2024-06-25T05:55:08.277+0000] {processor.py:830} INFO - Processing file /home/airflow/.local/lib/python3.12/site-packages/airflow/example_dags/example_display_name.py for tasks to queue
[2024-06-25T05:55:08.278+0000] {logging_mixin.py:188} INFO - [2024-06-25T05:55:08.278+0000] {dagbag.py:545} INFO - Filling up the DagBag from /home/airflow/.local/lib/python3.12/site-packages/airflow/example_dags/example_display_name.py
[2024-06-25T05:55:08.282+0000] {processor.py:840} INFO - DAG(s) 'example_display_name' retrieved from /home/airflow/.local/lib/python3.12/site-packages/airflow/example_dags/example_display_name.py
[2024-06-25T05:55:08.292+0000] {logging_mixin.py:188} INFO - [2024-06-25T05:55:08.292+0000] {dag.py:3096} INFO - Sync 1 DAGs
[2024-06-25T05:55:08.298+0000] {logging_mixin.py:188} INFO - [2024-06-25T05:55:08.298+0000] {dag.py:3954} INFO - Setting next_dagrun for example_display_name to None, run_after=None
[2024-06-25T05:55:08.307+0000] {processor.py:183} INFO - Processing /home/airflow/.local/lib/python3.12/site-packages/airflow/example_dags/example_display_name.py took 0.034 seconds
[2024-06-25T05:55:39.173+0000] {processor.py:161} INFO - Started process (PID=1422) to work on /home/airflow/.local/lib/python3.12/site-packages/airflow/example_dags/example_display_name.py
[2024-06-25T05:55:39.173+0000] {processor.py:830} INFO - Processing file /home/airflow/.local/lib/python3.12/site-packages/airflow/example_dags/example_display_name.py for tasks to queue
[2024-06-25T05:55:39.174+0000] {logging_mixin.py:188} INFO - [2024-06-25T05:55:39.174+0000] {dagbag.py:545} INFO - Filling up the DagBag from /home/airflow/.local/lib/python3.12/site-packages/airflow/example_dags/example_display_name.py
[2024-06-25T05:55:39.178+0000] {processor.py:840} INFO - DAG(s) 'example_display_name' retrieved from /home/airflow/.local/lib/python3.12/site-packages/airflow/example_dags/example_display_name.py
[2024-06-25T05:55:39.187+0000] {logging_mixin.py:188} INFO - [2024-06-25T05:55:39.187+0000] {dag.py:3096} INFO - Sync 1 DAGs
[2024-06-25T05:55:39.193+0000] {logging_mixin.py:188} INFO - [2024-06-25T05:55:39.193+0000] {dag.py:3954} INFO - Setting next_dagrun for example_display_name to None, run_after=None
[2024-06-25T05:55:39.202+0000] {processor.py:183} INFO - Processing /home/airflow/.local/lib/python3.12/site-packages/airflow/example_dags/example_display_name.py took 0.032 seconds
[2024-06-25T05:56:09.416+0000] {processor.py:161} INFO - Started process (PID=1480) to work on /home/airflow/.local/lib/python3.12/site-packages/airflow/example_dags/example_display_name.py
[2024-06-25T05:56:09.417+0000] {processor.py:830} INFO - Processing file /home/airflow/.local/lib/python3.12/site-packages/airflow/example_dags/example_display_name.py for tasks to queue
[2024-06-25T05:56:09.418+0000] {logging_mixin.py:188} INFO - [2024-06-25T05:56:09.418+0000] {dagbag.py:545} INFO - Filling up the DagBag from /home/airflow/.local/lib/python3.12/site-packages/airflow/example_dags/example_display_name.py
[2024-06-25T05:56:09.421+0000] {processor.py:840} INFO - DAG(s) 'example_display_name' retrieved from /home/airflow/.local/lib/python3.12/site-packages/airflow/example_dags/example_display_name.py
[2024-06-25T05:56:09.431+0000] {logging_mixin.py:188} INFO - [2024-06-25T05:56:09.431+0000] {dag.py:3096} INFO - Sync 1 DAGs
[2024-06-25T05:56:09.437+0000] {logging_mixin.py:188} INFO - [2024-06-25T05:56:09.437+0000] {dag.py:3954} INFO - Setting next_dagrun for example_display_name to None, run_after=None
[2024-06-25T05:56:09.445+0000] {processor.py:183} INFO - Processing /home/airflow/.local/lib/python3.12/site-packages/airflow/example_dags/example_display_name.py took 0.032 seconds
[2024-06-25T05:56:40.158+0000] {processor.py:161} INFO - Started process (PID=1538) to work on /home/airflow/.local/lib/python3.12/site-packages/airflow/example_dags/example_display_name.py
[2024-06-25T05:56:40.158+0000] {processor.py:830} INFO - Processing file /home/airflow/.local/lib/python3.12/site-packages/airflow/example_dags/example_display_name.py for tasks to queue
[2024-06-25T05:56:40.159+0000] {logging_mixin.py:188} INFO - [2024-06-25T05:56:40.159+0000] {dagbag.py:545} INFO - Filling up the DagBag from /home/airflow/.local/lib/python3.12/site-packages/airflow/example_dags/example_display_name.py
[2024-06-25T05:56:40.162+0000] {processor.py:840} INFO - DAG(s) 'example_display_name' retrieved from /home/airflow/.local/lib/python3.12/site-packages/airflow/example_dags/example_display_name.py
[2024-06-25T05:56:40.173+0000] {logging_mixin.py:188} INFO - [2024-06-25T05:56:40.172+0000] {dag.py:3096} INFO - Sync 1 DAGs
[2024-06-25T05:56:40.179+0000] {logging_mixin.py:188} INFO - [2024-06-25T05:56:40.179+0000] {dag.py:3954} INFO - Setting next_dagrun for example_display_name to None, run_after=None
[2024-06-25T05:56:40.188+0000] {processor.py:183} INFO - Processing /home/airflow/.local/lib/python3.12/site-packages/airflow/example_dags/example_display_name.py took 0.033 seconds
[2024-06-25T05:57:10.873+0000] {processor.py:161} INFO - Started process (PID=1596) to work on /home/airflow/.local/lib/python3.12/site-packages/airflow/example_dags/example_display_name.py
[2024-06-25T05:57:10.874+0000] {processor.py:830} INFO - Processing file /home/airflow/.local/lib/python3.12/site-packages/airflow/example_dags/example_display_name.py for tasks to queue
[2024-06-25T05:57:10.875+0000] {logging_mixin.py:188} INFO - [2024-06-25T05:57:10.874+0000] {dagbag.py:545} INFO - Filling up the DagBag from /home/airflow/.local/lib/python3.12/site-packages/airflow/example_dags/example_display_name.py
[2024-06-25T05:57:10.877+0000] {processor.py:840} INFO - DAG(s) 'example_display_name' retrieved from /home/airflow/.local/lib/python3.12/site-packages/airflow/example_dags/example_display_name.py
[2024-06-25T05:57:10.887+0000] {logging_mixin.py:188} INFO - [2024-06-25T05:57:10.887+0000] {dag.py:3096} INFO - Sync 1 DAGs
[2024-06-25T05:57:10.893+0000] {logging_mixin.py:188} INFO - [2024-06-25T05:57:10.893+0000] {dag.py:3954} INFO - Setting next_dagrun for example_display_name to None, run_after=None
[2024-06-25T05:57:10.901+0000] {processor.py:183} INFO - Processing /home/airflow/.local/lib/python3.12/site-packages/airflow/example_dags/example_display_name.py took 0.031 seconds
[2024-06-25T05:57:41.630+0000] {processor.py:161} INFO - Started process (PID=1654) to work on /home/airflow/.local/lib/python3.12/site-packages/airflow/example_dags/example_display_name.py
[2024-06-25T05:57:41.630+0000] {processor.py:830} INFO - Processing file /home/airflow/.local/lib/python3.12/site-packages/airflow/example_dags/example_display_name.py for tasks to queue
[2024-06-25T05:57:41.631+0000] {logging_mixin.py:188} INFO - [2024-06-25T05:57:41.631+0000] {dagbag.py:545} INFO - Filling up the DagBag from /home/airflow/.local/lib/python3.12/site-packages/airflow/example_dags/example_display_name.py
[2024-06-25T05:57:41.634+0000] {processor.py:840} INFO - DAG(s) 'example_display_name' retrieved from /home/airflow/.local/lib/python3.12/site-packages/airflow/example_dags/example_display_name.py
[2024-06-25T05:57:41.644+0000] {logging_mixin.py:188} INFO - [2024-06-25T05:57:41.644+0000] {dag.py:3096} INFO - Sync 1 DAGs
[2024-06-25T05:57:41.650+0000] {logging_mixin.py:188} INFO - [2024-06-25T05:57:41.650+0000] {dag.py:3954} INFO - Setting next_dagrun for example_display_name to None, run_after=None
[2024-06-25T05:57:41.658+0000] {processor.py:183} INFO - Processing /home/airflow/.local/lib/python3.12/site-packages/airflow/example_dags/example_display_name.py took 0.031 seconds
