[2024-06-25T05:41:19.594+0000] {processor.py:161} INFO - Started process (PID=71) to work on /home/airflow/.local/lib/python3.12/site-packages/airflow/example_dags/tutorial_dag.py
[2024-06-25T05:41:19.596+0000] {processor.py:830} INFO - Processing file /home/airflow/.local/lib/python3.12/site-packages/airflow/example_dags/tutorial_dag.py for tasks to queue
[2024-06-25T05:41:19.598+0000] {logging_mixin.py:188} INFO - [2024-06-25T05:41:19.598+0000] {dagbag.py:545} INFO - Filling up the DagBag from /home/airflow/.local/lib/python3.12/site-packages/airflow/example_dags/tutorial_dag.py
[2024-06-25T05:41:19.605+0000] {processor.py:840} INFO - DAG(s) 'tutorial_dag' retrieved from /home/airflow/.local/lib/python3.12/site-packages/airflow/example_dags/tutorial_dag.py
[2024-06-25T05:41:19.625+0000] {logging_mixin.py:188} INFO - [2024-06-25T05:41:19.625+0000] {dag.py:3096} INFO - Sync 1 DAGs
[2024-06-25T05:41:19.645+0000] {logging_mixin.py:188} INFO - [2024-06-25T05:41:19.645+0000] {dag.py:3954} INFO - Setting next_dagrun for tutorial_dag to None, run_after=None
[2024-06-25T05:41:19.757+0000] {processor.py:183} INFO - Processing /home/airflow/.local/lib/python3.12/site-packages/airflow/example_dags/tutorial_dag.py took 0.168 seconds
[2024-06-25T05:41:50.493+0000] {processor.py:161} INFO - Started process (PID=129) to work on /home/airflow/.local/lib/python3.12/site-packages/airflow/example_dags/tutorial_dag.py
[2024-06-25T05:41:50.494+0000] {processor.py:830} INFO - Processing file /home/airflow/.local/lib/python3.12/site-packages/airflow/example_dags/tutorial_dag.py for tasks to queue
[2024-06-25T05:41:50.495+0000] {logging_mixin.py:188} INFO - [2024-06-25T05:41:50.495+0000] {dagbag.py:545} INFO - Filling up the DagBag from /home/airflow/.local/lib/python3.12/site-packages/airflow/example_dags/tutorial_dag.py
[2024-06-25T05:41:50.498+0000] {processor.py:840} INFO - DAG(s) 'tutorial_dag' retrieved from /home/airflow/.local/lib/python3.12/site-packages/airflow/example_dags/tutorial_dag.py
[2024-06-25T05:41:50.543+0000] {logging_mixin.py:188} INFO - [2024-06-25T05:41:50.543+0000] {dag.py:3096} INFO - Sync 1 DAGs
[2024-06-25T05:41:50.548+0000] {logging_mixin.py:188} INFO - [2024-06-25T05:41:50.547+0000] {dag.py:3954} INFO - Setting next_dagrun for tutorial_dag to None, run_after=None
[2024-06-25T05:41:50.557+0000] {processor.py:183} INFO - Processing /home/airflow/.local/lib/python3.12/site-packages/airflow/example_dags/tutorial_dag.py took 0.066 seconds
[2024-06-25T05:42:20.642+0000] {processor.py:161} INFO - Started process (PID=187) to work on /home/airflow/.local/lib/python3.12/site-packages/airflow/example_dags/tutorial_dag.py
[2024-06-25T05:42:20.643+0000] {processor.py:830} INFO - Processing file /home/airflow/.local/lib/python3.12/site-packages/airflow/example_dags/tutorial_dag.py for tasks to queue
[2024-06-25T05:42:20.644+0000] {logging_mixin.py:188} INFO - [2024-06-25T05:42:20.644+0000] {dagbag.py:545} INFO - Filling up the DagBag from /home/airflow/.local/lib/python3.12/site-packages/airflow/example_dags/tutorial_dag.py
[2024-06-25T05:42:20.647+0000] {processor.py:840} INFO - DAG(s) 'tutorial_dag' retrieved from /home/airflow/.local/lib/python3.12/site-packages/airflow/example_dags/tutorial_dag.py
[2024-06-25T05:42:20.658+0000] {logging_mixin.py:188} INFO - [2024-06-25T05:42:20.658+0000] {dag.py:3096} INFO - Sync 1 DAGs
[2024-06-25T05:42:20.664+0000] {logging_mixin.py:188} INFO - [2024-06-25T05:42:20.664+0000] {dag.py:3954} INFO - Setting next_dagrun for tutorial_dag to None, run_after=None
[2024-06-25T05:42:20.671+0000] {processor.py:183} INFO - Processing /home/airflow/.local/lib/python3.12/site-packages/airflow/example_dags/tutorial_dag.py took 0.034 seconds
[2024-06-25T05:42:50.837+0000] {processor.py:161} INFO - Started process (PID=245) to work on /home/airflow/.local/lib/python3.12/site-packages/airflow/example_dags/tutorial_dag.py
[2024-06-25T05:42:50.838+0000] {processor.py:830} INFO - Processing file /home/airflow/.local/lib/python3.12/site-packages/airflow/example_dags/tutorial_dag.py for tasks to queue
[2024-06-25T05:42:50.839+0000] {logging_mixin.py:188} INFO - [2024-06-25T05:42:50.838+0000] {dagbag.py:545} INFO - Filling up the DagBag from /home/airflow/.local/lib/python3.12/site-packages/airflow/example_dags/tutorial_dag.py
[2024-06-25T05:42:50.842+0000] {processor.py:840} INFO - DAG(s) 'tutorial_dag' retrieved from /home/airflow/.local/lib/python3.12/site-packages/airflow/example_dags/tutorial_dag.py
[2024-06-25T05:42:50.851+0000] {logging_mixin.py:188} INFO - [2024-06-25T05:42:50.851+0000] {dag.py:3096} INFO - Sync 1 DAGs
[2024-06-25T05:42:50.856+0000] {logging_mixin.py:188} INFO - [2024-06-25T05:42:50.856+0000] {dag.py:3954} INFO - Setting next_dagrun for tutorial_dag to None, run_after=None
[2024-06-25T05:42:50.864+0000] {processor.py:183} INFO - Processing /home/airflow/.local/lib/python3.12/site-packages/airflow/example_dags/tutorial_dag.py took 0.030 seconds
[2024-06-25T05:43:21.506+0000] {processor.py:161} INFO - Started process (PID=70) to work on /home/airflow/.local/lib/python3.12/site-packages/airflow/example_dags/tutorial_dag.py
[2024-06-25T05:43:21.507+0000] {processor.py:830} INFO - Processing file /home/airflow/.local/lib/python3.12/site-packages/airflow/example_dags/tutorial_dag.py for tasks to queue
[2024-06-25T05:43:21.509+0000] {logging_mixin.py:188} INFO - [2024-06-25T05:43:21.508+0000] {dagbag.py:545} INFO - Filling up the DagBag from /home/airflow/.local/lib/python3.12/site-packages/airflow/example_dags/tutorial_dag.py
[2024-06-25T05:43:21.517+0000] {processor.py:840} INFO - DAG(s) 'tutorial_dag' retrieved from /home/airflow/.local/lib/python3.12/site-packages/airflow/example_dags/tutorial_dag.py
[2024-06-25T05:43:21.529+0000] {logging_mixin.py:188} INFO - [2024-06-25T05:43:21.529+0000] {dag.py:3096} INFO - Sync 1 DAGs
[2024-06-25T05:43:21.535+0000] {logging_mixin.py:188} INFO - [2024-06-25T05:43:21.535+0000] {dag.py:3954} INFO - Setting next_dagrun for tutorial_dag to None, run_after=None
[2024-06-25T05:43:21.547+0000] {processor.py:183} INFO - Processing /home/airflow/.local/lib/python3.12/site-packages/airflow/example_dags/tutorial_dag.py took 0.043 seconds
[2024-06-25T05:43:52.231+0000] {processor.py:161} INFO - Started process (PID=128) to work on /home/airflow/.local/lib/python3.12/site-packages/airflow/example_dags/tutorial_dag.py
[2024-06-25T05:43:52.232+0000] {processor.py:830} INFO - Processing file /home/airflow/.local/lib/python3.12/site-packages/airflow/example_dags/tutorial_dag.py for tasks to queue
[2024-06-25T05:43:52.233+0000] {logging_mixin.py:188} INFO - [2024-06-25T05:43:52.233+0000] {dagbag.py:545} INFO - Filling up the DagBag from /home/airflow/.local/lib/python3.12/site-packages/airflow/example_dags/tutorial_dag.py
[2024-06-25T05:43:52.235+0000] {processor.py:840} INFO - DAG(s) 'tutorial_dag' retrieved from /home/airflow/.local/lib/python3.12/site-packages/airflow/example_dags/tutorial_dag.py
[2024-06-25T05:43:52.241+0000] {logging_mixin.py:188} INFO - [2024-06-25T05:43:52.240+0000] {dag.py:3096} INFO - Sync 1 DAGs
[2024-06-25T05:43:52.246+0000] {logging_mixin.py:188} INFO - [2024-06-25T05:43:52.246+0000] {dag.py:3954} INFO - Setting next_dagrun for tutorial_dag to None, run_after=None
[2024-06-25T05:43:52.254+0000] {processor.py:183} INFO - Processing /home/airflow/.local/lib/python3.12/site-packages/airflow/example_dags/tutorial_dag.py took 0.026 seconds
[2024-06-25T05:44:22.581+0000] {processor.py:161} INFO - Started process (PID=186) to work on /home/airflow/.local/lib/python3.12/site-packages/airflow/example_dags/tutorial_dag.py
[2024-06-25T05:44:22.582+0000] {processor.py:830} INFO - Processing file /home/airflow/.local/lib/python3.12/site-packages/airflow/example_dags/tutorial_dag.py for tasks to queue
[2024-06-25T05:44:22.583+0000] {logging_mixin.py:188} INFO - [2024-06-25T05:44:22.583+0000] {dagbag.py:545} INFO - Filling up the DagBag from /home/airflow/.local/lib/python3.12/site-packages/airflow/example_dags/tutorial_dag.py
[2024-06-25T05:44:22.586+0000] {processor.py:840} INFO - DAG(s) 'tutorial_dag' retrieved from /home/airflow/.local/lib/python3.12/site-packages/airflow/example_dags/tutorial_dag.py
[2024-06-25T05:44:22.627+0000] {logging_mixin.py:188} INFO - [2024-06-25T05:44:22.627+0000] {dag.py:3096} INFO - Sync 1 DAGs
[2024-06-25T05:44:22.632+0000] {logging_mixin.py:188} INFO - [2024-06-25T05:44:22.632+0000] {dag.py:3954} INFO - Setting next_dagrun for tutorial_dag to None, run_after=None
[2024-06-25T05:44:22.640+0000] {processor.py:183} INFO - Processing /home/airflow/.local/lib/python3.12/site-packages/airflow/example_dags/tutorial_dag.py took 0.061 seconds
[2024-06-25T05:44:53.297+0000] {processor.py:161} INFO - Started process (PID=244) to work on /home/airflow/.local/lib/python3.12/site-packages/airflow/example_dags/tutorial_dag.py
[2024-06-25T05:44:53.298+0000] {processor.py:830} INFO - Processing file /home/airflow/.local/lib/python3.12/site-packages/airflow/example_dags/tutorial_dag.py for tasks to queue
[2024-06-25T05:44:53.299+0000] {logging_mixin.py:188} INFO - [2024-06-25T05:44:53.299+0000] {dagbag.py:545} INFO - Filling up the DagBag from /home/airflow/.local/lib/python3.12/site-packages/airflow/example_dags/tutorial_dag.py
[2024-06-25T05:44:53.302+0000] {processor.py:840} INFO - DAG(s) 'tutorial_dag' retrieved from /home/airflow/.local/lib/python3.12/site-packages/airflow/example_dags/tutorial_dag.py
[2024-06-25T05:44:53.311+0000] {logging_mixin.py:188} INFO - [2024-06-25T05:44:53.311+0000] {dag.py:3096} INFO - Sync 1 DAGs
[2024-06-25T05:44:53.317+0000] {logging_mixin.py:188} INFO - [2024-06-25T05:44:53.317+0000] {dag.py:3954} INFO - Setting next_dagrun for tutorial_dag to None, run_after=None
[2024-06-25T05:44:53.326+0000] {processor.py:183} INFO - Processing /home/airflow/.local/lib/python3.12/site-packages/airflow/example_dags/tutorial_dag.py took 0.031 seconds
[2024-06-25T05:45:24.063+0000] {processor.py:161} INFO - Started process (PID=301) to work on /home/airflow/.local/lib/python3.12/site-packages/airflow/example_dags/tutorial_dag.py
[2024-06-25T05:45:24.064+0000] {processor.py:830} INFO - Processing file /home/airflow/.local/lib/python3.12/site-packages/airflow/example_dags/tutorial_dag.py for tasks to queue
[2024-06-25T05:45:24.065+0000] {logging_mixin.py:188} INFO - [2024-06-25T05:45:24.065+0000] {dagbag.py:545} INFO - Filling up the DagBag from /home/airflow/.local/lib/python3.12/site-packages/airflow/example_dags/tutorial_dag.py
[2024-06-25T05:45:24.067+0000] {processor.py:840} INFO - DAG(s) 'tutorial_dag' retrieved from /home/airflow/.local/lib/python3.12/site-packages/airflow/example_dags/tutorial_dag.py
[2024-06-25T05:45:24.076+0000] {logging_mixin.py:188} INFO - [2024-06-25T05:45:24.076+0000] {dag.py:3096} INFO - Sync 1 DAGs
[2024-06-25T05:45:24.082+0000] {logging_mixin.py:188} INFO - [2024-06-25T05:45:24.082+0000] {dag.py:3954} INFO - Setting next_dagrun for tutorial_dag to None, run_after=None
[2024-06-25T05:45:24.092+0000] {processor.py:183} INFO - Processing /home/airflow/.local/lib/python3.12/site-packages/airflow/example_dags/tutorial_dag.py took 0.031 seconds
[2024-06-25T05:45:54.752+0000] {processor.py:161} INFO - Started process (PID=359) to work on /home/airflow/.local/lib/python3.12/site-packages/airflow/example_dags/tutorial_dag.py
[2024-06-25T05:45:54.753+0000] {processor.py:830} INFO - Processing file /home/airflow/.local/lib/python3.12/site-packages/airflow/example_dags/tutorial_dag.py for tasks to queue
[2024-06-25T05:45:54.754+0000] {logging_mixin.py:188} INFO - [2024-06-25T05:45:54.754+0000] {dagbag.py:545} INFO - Filling up the DagBag from /home/airflow/.local/lib/python3.12/site-packages/airflow/example_dags/tutorial_dag.py
[2024-06-25T05:45:54.757+0000] {processor.py:840} INFO - DAG(s) 'tutorial_dag' retrieved from /home/airflow/.local/lib/python3.12/site-packages/airflow/example_dags/tutorial_dag.py
[2024-06-25T05:45:54.767+0000] {logging_mixin.py:188} INFO - [2024-06-25T05:45:54.767+0000] {dag.py:3096} INFO - Sync 1 DAGs
[2024-06-25T05:45:54.773+0000] {logging_mixin.py:188} INFO - [2024-06-25T05:45:54.773+0000] {dag.py:3954} INFO - Setting next_dagrun for tutorial_dag to None, run_after=None
[2024-06-25T05:45:54.782+0000] {processor.py:183} INFO - Processing /home/airflow/.local/lib/python3.12/site-packages/airflow/example_dags/tutorial_dag.py took 0.033 seconds
[2024-06-25T05:46:25.673+0000] {processor.py:161} INFO - Started process (PID=417) to work on /home/airflow/.local/lib/python3.12/site-packages/airflow/example_dags/tutorial_dag.py
[2024-06-25T05:46:25.674+0000] {processor.py:830} INFO - Processing file /home/airflow/.local/lib/python3.12/site-packages/airflow/example_dags/tutorial_dag.py for tasks to queue
[2024-06-25T05:46:25.675+0000] {logging_mixin.py:188} INFO - [2024-06-25T05:46:25.674+0000] {dagbag.py:545} INFO - Filling up the DagBag from /home/airflow/.local/lib/python3.12/site-packages/airflow/example_dags/tutorial_dag.py
[2024-06-25T05:46:25.678+0000] {processor.py:840} INFO - DAG(s) 'tutorial_dag' retrieved from /home/airflow/.local/lib/python3.12/site-packages/airflow/example_dags/tutorial_dag.py
[2024-06-25T05:46:25.693+0000] {logging_mixin.py:188} INFO - [2024-06-25T05:46:25.693+0000] {dag.py:3096} INFO - Sync 1 DAGs
[2024-06-25T05:46:25.703+0000] {logging_mixin.py:188} INFO - [2024-06-25T05:46:25.703+0000] {dag.py:3954} INFO - Setting next_dagrun for tutorial_dag to None, run_after=None
[2024-06-25T05:46:25.719+0000] {processor.py:183} INFO - Processing /home/airflow/.local/lib/python3.12/site-packages/airflow/example_dags/tutorial_dag.py took 0.049 seconds
[2024-06-25T05:46:55.743+0000] {processor.py:161} INFO - Started process (PID=474) to work on /home/airflow/.local/lib/python3.12/site-packages/airflow/example_dags/tutorial_dag.py
[2024-06-25T05:46:55.744+0000] {processor.py:830} INFO - Processing file /home/airflow/.local/lib/python3.12/site-packages/airflow/example_dags/tutorial_dag.py for tasks to queue
[2024-06-25T05:46:55.745+0000] {logging_mixin.py:188} INFO - [2024-06-25T05:46:55.745+0000] {dagbag.py:545} INFO - Filling up the DagBag from /home/airflow/.local/lib/python3.12/site-packages/airflow/example_dags/tutorial_dag.py
[2024-06-25T05:46:55.748+0000] {processor.py:840} INFO - DAG(s) 'tutorial_dag' retrieved from /home/airflow/.local/lib/python3.12/site-packages/airflow/example_dags/tutorial_dag.py
[2024-06-25T05:46:55.758+0000] {logging_mixin.py:188} INFO - [2024-06-25T05:46:55.758+0000] {dag.py:3096} INFO - Sync 1 DAGs
[2024-06-25T05:46:55.764+0000] {logging_mixin.py:188} INFO - [2024-06-25T05:46:55.764+0000] {dag.py:3954} INFO - Setting next_dagrun for tutorial_dag to None, run_after=None
[2024-06-25T05:46:55.777+0000] {processor.py:183} INFO - Processing /home/airflow/.local/lib/python3.12/site-packages/airflow/example_dags/tutorial_dag.py took 0.036 seconds
[2024-06-25T05:47:34.927+0000] {processor.py:161} INFO - Started process (PID=532) to work on /home/airflow/.local/lib/python3.12/site-packages/airflow/example_dags/tutorial_dag.py
[2024-06-25T05:47:34.928+0000] {processor.py:830} INFO - Processing file /home/airflow/.local/lib/python3.12/site-packages/airflow/example_dags/tutorial_dag.py for tasks to queue
[2024-06-25T05:47:34.930+0000] {logging_mixin.py:188} INFO - [2024-06-25T05:47:34.930+0000] {dagbag.py:545} INFO - Filling up the DagBag from /home/airflow/.local/lib/python3.12/site-packages/airflow/example_dags/tutorial_dag.py
[2024-06-25T05:47:34.935+0000] {processor.py:840} INFO - DAG(s) 'tutorial_dag' retrieved from /home/airflow/.local/lib/python3.12/site-packages/airflow/example_dags/tutorial_dag.py
[2024-06-25T05:47:34.954+0000] {logging_mixin.py:188} INFO - [2024-06-25T05:47:34.953+0000] {dag.py:3096} INFO - Sync 1 DAGs
[2024-06-25T05:47:34.967+0000] {logging_mixin.py:188} INFO - [2024-06-25T05:47:34.966+0000] {dag.py:3954} INFO - Setting next_dagrun for tutorial_dag to None, run_after=None
[2024-06-25T05:47:34.980+0000] {processor.py:183} INFO - Processing /home/airflow/.local/lib/python3.12/site-packages/airflow/example_dags/tutorial_dag.py took 0.056 seconds
[2024-06-25T05:48:05.712+0000] {processor.py:161} INFO - Started process (PID=591) to work on /home/airflow/.local/lib/python3.12/site-packages/airflow/example_dags/tutorial_dag.py
[2024-06-25T05:48:05.713+0000] {processor.py:830} INFO - Processing file /home/airflow/.local/lib/python3.12/site-packages/airflow/example_dags/tutorial_dag.py for tasks to queue
[2024-06-25T05:48:05.714+0000] {logging_mixin.py:188} INFO - [2024-06-25T05:48:05.714+0000] {dagbag.py:545} INFO - Filling up the DagBag from /home/airflow/.local/lib/python3.12/site-packages/airflow/example_dags/tutorial_dag.py
[2024-06-25T05:48:05.718+0000] {processor.py:840} INFO - DAG(s) 'tutorial_dag' retrieved from /home/airflow/.local/lib/python3.12/site-packages/airflow/example_dags/tutorial_dag.py
[2024-06-25T05:48:05.732+0000] {logging_mixin.py:188} INFO - [2024-06-25T05:48:05.732+0000] {dag.py:3096} INFO - Sync 1 DAGs
[2024-06-25T05:48:05.740+0000] {logging_mixin.py:188} INFO - [2024-06-25T05:48:05.740+0000] {dag.py:3954} INFO - Setting next_dagrun for tutorial_dag to None, run_after=None
[2024-06-25T05:48:05.750+0000] {processor.py:183} INFO - Processing /home/airflow/.local/lib/python3.12/site-packages/airflow/example_dags/tutorial_dag.py took 0.041 seconds
[2024-06-25T05:48:37.032+0000] {processor.py:161} INFO - Started process (PID=649) to work on /home/airflow/.local/lib/python3.12/site-packages/airflow/example_dags/tutorial_dag.py
[2024-06-25T05:48:37.034+0000] {processor.py:830} INFO - Processing file /home/airflow/.local/lib/python3.12/site-packages/airflow/example_dags/tutorial_dag.py for tasks to queue
[2024-06-25T05:48:37.037+0000] {logging_mixin.py:188} INFO - [2024-06-25T05:48:37.037+0000] {dagbag.py:545} INFO - Filling up the DagBag from /home/airflow/.local/lib/python3.12/site-packages/airflow/example_dags/tutorial_dag.py
[2024-06-25T05:48:37.041+0000] {processor.py:840} INFO - DAG(s) 'tutorial_dag' retrieved from /home/airflow/.local/lib/python3.12/site-packages/airflow/example_dags/tutorial_dag.py
[2024-06-25T05:48:37.054+0000] {logging_mixin.py:188} INFO - [2024-06-25T05:48:37.054+0000] {dag.py:3096} INFO - Sync 1 DAGs
[2024-06-25T05:48:37.061+0000] {logging_mixin.py:188} INFO - [2024-06-25T05:48:37.061+0000] {dag.py:3954} INFO - Setting next_dagrun for tutorial_dag to None, run_after=None
[2024-06-25T05:48:37.074+0000] {processor.py:183} INFO - Processing /home/airflow/.local/lib/python3.12/site-packages/airflow/example_dags/tutorial_dag.py took 0.046 seconds
[2024-06-25T05:49:07.089+0000] {processor.py:161} INFO - Started process (PID=707) to work on /home/airflow/.local/lib/python3.12/site-packages/airflow/example_dags/tutorial_dag.py
[2024-06-25T05:49:07.089+0000] {processor.py:830} INFO - Processing file /home/airflow/.local/lib/python3.12/site-packages/airflow/example_dags/tutorial_dag.py for tasks to queue
[2024-06-25T05:49:07.091+0000] {logging_mixin.py:188} INFO - [2024-06-25T05:49:07.091+0000] {dagbag.py:545} INFO - Filling up the DagBag from /home/airflow/.local/lib/python3.12/site-packages/airflow/example_dags/tutorial_dag.py
[2024-06-25T05:49:07.095+0000] {processor.py:840} INFO - DAG(s) 'tutorial_dag' retrieved from /home/airflow/.local/lib/python3.12/site-packages/airflow/example_dags/tutorial_dag.py
[2024-06-25T05:49:07.104+0000] {logging_mixin.py:188} INFO - [2024-06-25T05:49:07.104+0000] {dag.py:3096} INFO - Sync 1 DAGs
[2024-06-25T05:49:07.112+0000] {logging_mixin.py:188} INFO - [2024-06-25T05:49:07.112+0000] {dag.py:3954} INFO - Setting next_dagrun for tutorial_dag to None, run_after=None
[2024-06-25T05:49:07.121+0000] {processor.py:183} INFO - Processing /home/airflow/.local/lib/python3.12/site-packages/airflow/example_dags/tutorial_dag.py took 0.035 seconds
[2024-06-25T05:49:37.321+0000] {processor.py:161} INFO - Started process (PID=765) to work on /home/airflow/.local/lib/python3.12/site-packages/airflow/example_dags/tutorial_dag.py
[2024-06-25T05:49:37.322+0000] {processor.py:830} INFO - Processing file /home/airflow/.local/lib/python3.12/site-packages/airflow/example_dags/tutorial_dag.py for tasks to queue
[2024-06-25T05:49:37.323+0000] {logging_mixin.py:188} INFO - [2024-06-25T05:49:37.323+0000] {dagbag.py:545} INFO - Filling up the DagBag from /home/airflow/.local/lib/python3.12/site-packages/airflow/example_dags/tutorial_dag.py
[2024-06-25T05:49:37.327+0000] {processor.py:840} INFO - DAG(s) 'tutorial_dag' retrieved from /home/airflow/.local/lib/python3.12/site-packages/airflow/example_dags/tutorial_dag.py
[2024-06-25T05:49:37.338+0000] {logging_mixin.py:188} INFO - [2024-06-25T05:49:37.338+0000] {dag.py:3096} INFO - Sync 1 DAGs
[2024-06-25T05:49:37.345+0000] {logging_mixin.py:188} INFO - [2024-06-25T05:49:37.345+0000] {dag.py:3954} INFO - Setting next_dagrun for tutorial_dag to None, run_after=None
[2024-06-25T05:49:37.361+0000] {processor.py:183} INFO - Processing /home/airflow/.local/lib/python3.12/site-packages/airflow/example_dags/tutorial_dag.py took 0.044 seconds
[2024-06-25T05:50:07.548+0000] {processor.py:161} INFO - Started process (PID=823) to work on /home/airflow/.local/lib/python3.12/site-packages/airflow/example_dags/tutorial_dag.py
[2024-06-25T05:50:07.548+0000] {processor.py:830} INFO - Processing file /home/airflow/.local/lib/python3.12/site-packages/airflow/example_dags/tutorial_dag.py for tasks to queue
[2024-06-25T05:50:07.549+0000] {logging_mixin.py:188} INFO - [2024-06-25T05:50:07.549+0000] {dagbag.py:545} INFO - Filling up the DagBag from /home/airflow/.local/lib/python3.12/site-packages/airflow/example_dags/tutorial_dag.py
[2024-06-25T05:50:07.552+0000] {processor.py:840} INFO - DAG(s) 'tutorial_dag' retrieved from /home/airflow/.local/lib/python3.12/site-packages/airflow/example_dags/tutorial_dag.py
[2024-06-25T05:50:07.562+0000] {logging_mixin.py:188} INFO - [2024-06-25T05:50:07.562+0000] {dag.py:3096} INFO - Sync 1 DAGs
[2024-06-25T05:50:07.569+0000] {logging_mixin.py:188} INFO - [2024-06-25T05:50:07.569+0000] {dag.py:3954} INFO - Setting next_dagrun for tutorial_dag to None, run_after=None
[2024-06-25T05:50:07.578+0000] {processor.py:183} INFO - Processing /home/airflow/.local/lib/python3.12/site-packages/airflow/example_dags/tutorial_dag.py took 0.034 seconds
[2024-06-25T05:50:38.632+0000] {processor.py:161} INFO - Started process (PID=881) to work on /home/airflow/.local/lib/python3.12/site-packages/airflow/example_dags/tutorial_dag.py
[2024-06-25T05:50:38.632+0000] {processor.py:830} INFO - Processing file /home/airflow/.local/lib/python3.12/site-packages/airflow/example_dags/tutorial_dag.py for tasks to queue
[2024-06-25T05:50:38.633+0000] {logging_mixin.py:188} INFO - [2024-06-25T05:50:38.633+0000] {dagbag.py:545} INFO - Filling up the DagBag from /home/airflow/.local/lib/python3.12/site-packages/airflow/example_dags/tutorial_dag.py
[2024-06-25T05:50:38.636+0000] {processor.py:840} INFO - DAG(s) 'tutorial_dag' retrieved from /home/airflow/.local/lib/python3.12/site-packages/airflow/example_dags/tutorial_dag.py
[2024-06-25T05:50:38.647+0000] {logging_mixin.py:188} INFO - [2024-06-25T05:50:38.647+0000] {dag.py:3096} INFO - Sync 1 DAGs
[2024-06-25T05:50:38.654+0000] {logging_mixin.py:188} INFO - [2024-06-25T05:50:38.653+0000] {dag.py:3954} INFO - Setting next_dagrun for tutorial_dag to None, run_after=None
[2024-06-25T05:50:38.663+0000] {processor.py:183} INFO - Processing /home/airflow/.local/lib/python3.12/site-packages/airflow/example_dags/tutorial_dag.py took 0.035 seconds
[2024-06-25T05:51:08.802+0000] {processor.py:161} INFO - Started process (PID=939) to work on /home/airflow/.local/lib/python3.12/site-packages/airflow/example_dags/tutorial_dag.py
[2024-06-25T05:51:08.803+0000] {processor.py:830} INFO - Processing file /home/airflow/.local/lib/python3.12/site-packages/airflow/example_dags/tutorial_dag.py for tasks to queue
[2024-06-25T05:51:08.805+0000] {logging_mixin.py:188} INFO - [2024-06-25T05:51:08.804+0000] {dagbag.py:545} INFO - Filling up the DagBag from /home/airflow/.local/lib/python3.12/site-packages/airflow/example_dags/tutorial_dag.py
[2024-06-25T05:51:08.808+0000] {processor.py:840} INFO - DAG(s) 'tutorial_dag' retrieved from /home/airflow/.local/lib/python3.12/site-packages/airflow/example_dags/tutorial_dag.py
[2024-06-25T05:51:08.819+0000] {logging_mixin.py:188} INFO - [2024-06-25T05:51:08.819+0000] {dag.py:3096} INFO - Sync 1 DAGs
[2024-06-25T05:51:08.825+0000] {logging_mixin.py:188} INFO - [2024-06-25T05:51:08.825+0000] {dag.py:3954} INFO - Setting next_dagrun for tutorial_dag to None, run_after=None
[2024-06-25T05:51:08.837+0000] {processor.py:183} INFO - Processing /home/airflow/.local/lib/python3.12/site-packages/airflow/example_dags/tutorial_dag.py took 0.039 seconds
[2024-06-25T05:51:39.568+0000] {processor.py:161} INFO - Started process (PID=997) to work on /home/airflow/.local/lib/python3.12/site-packages/airflow/example_dags/tutorial_dag.py
[2024-06-25T05:51:39.569+0000] {processor.py:830} INFO - Processing file /home/airflow/.local/lib/python3.12/site-packages/airflow/example_dags/tutorial_dag.py for tasks to queue
[2024-06-25T05:51:39.570+0000] {logging_mixin.py:188} INFO - [2024-06-25T05:51:39.569+0000] {dagbag.py:545} INFO - Filling up the DagBag from /home/airflow/.local/lib/python3.12/site-packages/airflow/example_dags/tutorial_dag.py
[2024-06-25T05:51:39.573+0000] {processor.py:840} INFO - DAG(s) 'tutorial_dag' retrieved from /home/airflow/.local/lib/python3.12/site-packages/airflow/example_dags/tutorial_dag.py
[2024-06-25T05:51:39.584+0000] {logging_mixin.py:188} INFO - [2024-06-25T05:51:39.584+0000] {dag.py:3096} INFO - Sync 1 DAGs
[2024-06-25T05:51:39.591+0000] {logging_mixin.py:188} INFO - [2024-06-25T05:51:39.591+0000] {dag.py:3954} INFO - Setting next_dagrun for tutorial_dag to None, run_after=None
[2024-06-25T05:51:39.601+0000] {processor.py:183} INFO - Processing /home/airflow/.local/lib/python3.12/site-packages/airflow/example_dags/tutorial_dag.py took 0.036 seconds
[2024-06-25T05:52:10.684+0000] {processor.py:161} INFO - Started process (PID=1055) to work on /home/airflow/.local/lib/python3.12/site-packages/airflow/example_dags/tutorial_dag.py
[2024-06-25T05:52:10.685+0000] {processor.py:830} INFO - Processing file /home/airflow/.local/lib/python3.12/site-packages/airflow/example_dags/tutorial_dag.py for tasks to queue
[2024-06-25T05:52:10.686+0000] {logging_mixin.py:188} INFO - [2024-06-25T05:52:10.686+0000] {dagbag.py:545} INFO - Filling up the DagBag from /home/airflow/.local/lib/python3.12/site-packages/airflow/example_dags/tutorial_dag.py
[2024-06-25T05:52:10.689+0000] {processor.py:840} INFO - DAG(s) 'tutorial_dag' retrieved from /home/airflow/.local/lib/python3.12/site-packages/airflow/example_dags/tutorial_dag.py
[2024-06-25T05:52:10.702+0000] {logging_mixin.py:188} INFO - [2024-06-25T05:52:10.702+0000] {dag.py:3096} INFO - Sync 1 DAGs
[2024-06-25T05:52:10.709+0000] {logging_mixin.py:188} INFO - [2024-06-25T05:52:10.709+0000] {dag.py:3954} INFO - Setting next_dagrun for tutorial_dag to None, run_after=None
[2024-06-25T05:52:10.718+0000] {processor.py:183} INFO - Processing /home/airflow/.local/lib/python3.12/site-packages/airflow/example_dags/tutorial_dag.py took 0.037 seconds
[2024-06-25T05:52:41.327+0000] {processor.py:161} INFO - Started process (PID=1113) to work on /home/airflow/.local/lib/python3.12/site-packages/airflow/example_dags/tutorial_dag.py
[2024-06-25T05:52:41.328+0000] {processor.py:830} INFO - Processing file /home/airflow/.local/lib/python3.12/site-packages/airflow/example_dags/tutorial_dag.py for tasks to queue
[2024-06-25T05:52:41.329+0000] {logging_mixin.py:188} INFO - [2024-06-25T05:52:41.329+0000] {dagbag.py:545} INFO - Filling up the DagBag from /home/airflow/.local/lib/python3.12/site-packages/airflow/example_dags/tutorial_dag.py
[2024-06-25T05:52:41.333+0000] {processor.py:840} INFO - DAG(s) 'tutorial_dag' retrieved from /home/airflow/.local/lib/python3.12/site-packages/airflow/example_dags/tutorial_dag.py
[2024-06-25T05:52:41.347+0000] {logging_mixin.py:188} INFO - [2024-06-25T05:52:41.346+0000] {dag.py:3096} INFO - Sync 1 DAGs
[2024-06-25T05:52:41.355+0000] {logging_mixin.py:188} INFO - [2024-06-25T05:52:41.355+0000] {dag.py:3954} INFO - Setting next_dagrun for tutorial_dag to None, run_after=None
[2024-06-25T05:52:41.366+0000] {processor.py:183} INFO - Processing /home/airflow/.local/lib/python3.12/site-packages/airflow/example_dags/tutorial_dag.py took 0.043 seconds
[2024-06-25T05:53:12.074+0000] {processor.py:161} INFO - Started process (PID=1171) to work on /home/airflow/.local/lib/python3.12/site-packages/airflow/example_dags/tutorial_dag.py
[2024-06-25T05:53:12.075+0000] {processor.py:830} INFO - Processing file /home/airflow/.local/lib/python3.12/site-packages/airflow/example_dags/tutorial_dag.py for tasks to queue
[2024-06-25T05:53:12.076+0000] {logging_mixin.py:188} INFO - [2024-06-25T05:53:12.076+0000] {dagbag.py:545} INFO - Filling up the DagBag from /home/airflow/.local/lib/python3.12/site-packages/airflow/example_dags/tutorial_dag.py
[2024-06-25T05:53:12.078+0000] {processor.py:840} INFO - DAG(s) 'tutorial_dag' retrieved from /home/airflow/.local/lib/python3.12/site-packages/airflow/example_dags/tutorial_dag.py
[2024-06-25T05:53:12.088+0000] {logging_mixin.py:188} INFO - [2024-06-25T05:53:12.088+0000] {dag.py:3096} INFO - Sync 1 DAGs
[2024-06-25T05:53:12.093+0000] {logging_mixin.py:188} INFO - [2024-06-25T05:53:12.093+0000] {dag.py:3954} INFO - Setting next_dagrun for tutorial_dag to None, run_after=None
[2024-06-25T05:53:12.101+0000] {processor.py:183} INFO - Processing /home/airflow/.local/lib/python3.12/site-packages/airflow/example_dags/tutorial_dag.py took 0.030 seconds
[2024-06-25T05:53:42.194+0000] {processor.py:161} INFO - Started process (PID=1229) to work on /home/airflow/.local/lib/python3.12/site-packages/airflow/example_dags/tutorial_dag.py
[2024-06-25T05:53:42.195+0000] {processor.py:830} INFO - Processing file /home/airflow/.local/lib/python3.12/site-packages/airflow/example_dags/tutorial_dag.py for tasks to queue
[2024-06-25T05:53:42.196+0000] {logging_mixin.py:188} INFO - [2024-06-25T05:53:42.196+0000] {dagbag.py:545} INFO - Filling up the DagBag from /home/airflow/.local/lib/python3.12/site-packages/airflow/example_dags/tutorial_dag.py
[2024-06-25T05:53:42.199+0000] {processor.py:840} INFO - DAG(s) 'tutorial_dag' retrieved from /home/airflow/.local/lib/python3.12/site-packages/airflow/example_dags/tutorial_dag.py
[2024-06-25T05:53:42.209+0000] {logging_mixin.py:188} INFO - [2024-06-25T05:53:42.209+0000] {dag.py:3096} INFO - Sync 1 DAGs
[2024-06-25T05:53:42.215+0000] {logging_mixin.py:188} INFO - [2024-06-25T05:53:42.214+0000] {dag.py:3954} INFO - Setting next_dagrun for tutorial_dag to None, run_after=None
[2024-06-25T05:53:42.223+0000] {processor.py:183} INFO - Processing /home/airflow/.local/lib/python3.12/site-packages/airflow/example_dags/tutorial_dag.py took 0.032 seconds
[2024-06-25T05:54:13.181+0000] {processor.py:161} INFO - Started process (PID=1287) to work on /home/airflow/.local/lib/python3.12/site-packages/airflow/example_dags/tutorial_dag.py
[2024-06-25T05:54:13.182+0000] {processor.py:830} INFO - Processing file /home/airflow/.local/lib/python3.12/site-packages/airflow/example_dags/tutorial_dag.py for tasks to queue
[2024-06-25T05:54:13.183+0000] {logging_mixin.py:188} INFO - [2024-06-25T05:54:13.183+0000] {dagbag.py:545} INFO - Filling up the DagBag from /home/airflow/.local/lib/python3.12/site-packages/airflow/example_dags/tutorial_dag.py
[2024-06-25T05:54:13.186+0000] {processor.py:840} INFO - DAG(s) 'tutorial_dag' retrieved from /home/airflow/.local/lib/python3.12/site-packages/airflow/example_dags/tutorial_dag.py
[2024-06-25T05:54:13.198+0000] {logging_mixin.py:188} INFO - [2024-06-25T05:54:13.197+0000] {dag.py:3096} INFO - Sync 1 DAGs
[2024-06-25T05:54:13.204+0000] {logging_mixin.py:188} INFO - [2024-06-25T05:54:13.204+0000] {dag.py:3954} INFO - Setting next_dagrun for tutorial_dag to None, run_after=None
[2024-06-25T05:54:13.213+0000] {processor.py:183} INFO - Processing /home/airflow/.local/lib/python3.12/site-packages/airflow/example_dags/tutorial_dag.py took 0.035 seconds
[2024-06-25T05:54:43.225+0000] {processor.py:161} INFO - Started process (PID=1343) to work on /home/airflow/.local/lib/python3.12/site-packages/airflow/example_dags/tutorial_dag.py
[2024-06-25T05:54:43.226+0000] {processor.py:830} INFO - Processing file /home/airflow/.local/lib/python3.12/site-packages/airflow/example_dags/tutorial_dag.py for tasks to queue
[2024-06-25T05:54:43.227+0000] {logging_mixin.py:188} INFO - [2024-06-25T05:54:43.227+0000] {dagbag.py:545} INFO - Filling up the DagBag from /home/airflow/.local/lib/python3.12/site-packages/airflow/example_dags/tutorial_dag.py
[2024-06-25T05:54:43.230+0000] {processor.py:840} INFO - DAG(s) 'tutorial_dag' retrieved from /home/airflow/.local/lib/python3.12/site-packages/airflow/example_dags/tutorial_dag.py
[2024-06-25T05:54:43.239+0000] {logging_mixin.py:188} INFO - [2024-06-25T05:54:43.239+0000] {dag.py:3096} INFO - Sync 1 DAGs
[2024-06-25T05:54:43.247+0000] {logging_mixin.py:188} INFO - [2024-06-25T05:54:43.246+0000] {dag.py:3954} INFO - Setting next_dagrun for tutorial_dag to None, run_after=None
[2024-06-25T05:54:43.256+0000] {processor.py:183} INFO - Processing /home/airflow/.local/lib/python3.12/site-packages/airflow/example_dags/tutorial_dag.py took 0.033 seconds
[2024-06-25T05:55:13.364+0000] {processor.py:161} INFO - Started process (PID=1401) to work on /home/airflow/.local/lib/python3.12/site-packages/airflow/example_dags/tutorial_dag.py
[2024-06-25T05:55:13.365+0000] {processor.py:830} INFO - Processing file /home/airflow/.local/lib/python3.12/site-packages/airflow/example_dags/tutorial_dag.py for tasks to queue
[2024-06-25T05:55:13.366+0000] {logging_mixin.py:188} INFO - [2024-06-25T05:55:13.366+0000] {dagbag.py:545} INFO - Filling up the DagBag from /home/airflow/.local/lib/python3.12/site-packages/airflow/example_dags/tutorial_dag.py
[2024-06-25T05:55:13.368+0000] {processor.py:840} INFO - DAG(s) 'tutorial_dag' retrieved from /home/airflow/.local/lib/python3.12/site-packages/airflow/example_dags/tutorial_dag.py
[2024-06-25T05:55:13.377+0000] {logging_mixin.py:188} INFO - [2024-06-25T05:55:13.377+0000] {dag.py:3096} INFO - Sync 1 DAGs
[2024-06-25T05:55:13.382+0000] {logging_mixin.py:188} INFO - [2024-06-25T05:55:13.382+0000] {dag.py:3954} INFO - Setting next_dagrun for tutorial_dag to None, run_after=None
[2024-06-25T05:55:13.389+0000] {processor.py:183} INFO - Processing /home/airflow/.local/lib/python3.12/site-packages/airflow/example_dags/tutorial_dag.py took 0.027 seconds
[2024-06-25T05:55:44.268+0000] {processor.py:161} INFO - Started process (PID=1465) to work on /home/airflow/.local/lib/python3.12/site-packages/airflow/example_dags/tutorial_dag.py
[2024-06-25T05:55:44.268+0000] {processor.py:830} INFO - Processing file /home/airflow/.local/lib/python3.12/site-packages/airflow/example_dags/tutorial_dag.py for tasks to queue
[2024-06-25T05:55:44.269+0000] {logging_mixin.py:188} INFO - [2024-06-25T05:55:44.269+0000] {dagbag.py:545} INFO - Filling up the DagBag from /home/airflow/.local/lib/python3.12/site-packages/airflow/example_dags/tutorial_dag.py
[2024-06-25T05:55:44.272+0000] {processor.py:840} INFO - DAG(s) 'tutorial_dag' retrieved from /home/airflow/.local/lib/python3.12/site-packages/airflow/example_dags/tutorial_dag.py
[2024-06-25T05:55:44.284+0000] {logging_mixin.py:188} INFO - [2024-06-25T05:55:44.284+0000] {dag.py:3096} INFO - Sync 1 DAGs
[2024-06-25T05:55:44.290+0000] {logging_mixin.py:188} INFO - [2024-06-25T05:55:44.290+0000] {dag.py:3954} INFO - Setting next_dagrun for tutorial_dag to None, run_after=None
[2024-06-25T05:55:44.298+0000] {processor.py:183} INFO - Processing /home/airflow/.local/lib/python3.12/site-packages/airflow/example_dags/tutorial_dag.py took 0.034 seconds
[2024-06-25T05:56:14.438+0000] {processor.py:161} INFO - Started process (PID=1523) to work on /home/airflow/.local/lib/python3.12/site-packages/airflow/example_dags/tutorial_dag.py
[2024-06-25T05:56:14.439+0000] {processor.py:830} INFO - Processing file /home/airflow/.local/lib/python3.12/site-packages/airflow/example_dags/tutorial_dag.py for tasks to queue
[2024-06-25T05:56:14.440+0000] {logging_mixin.py:188} INFO - [2024-06-25T05:56:14.439+0000] {dagbag.py:545} INFO - Filling up the DagBag from /home/airflow/.local/lib/python3.12/site-packages/airflow/example_dags/tutorial_dag.py
[2024-06-25T05:56:14.442+0000] {processor.py:840} INFO - DAG(s) 'tutorial_dag' retrieved from /home/airflow/.local/lib/python3.12/site-packages/airflow/example_dags/tutorial_dag.py
[2024-06-25T05:56:14.451+0000] {logging_mixin.py:188} INFO - [2024-06-25T05:56:14.451+0000] {dag.py:3096} INFO - Sync 1 DAGs
[2024-06-25T05:56:14.456+0000] {logging_mixin.py:188} INFO - [2024-06-25T05:56:14.456+0000] {dag.py:3954} INFO - Setting next_dagrun for tutorial_dag to None, run_after=None
[2024-06-25T05:56:14.464+0000] {processor.py:183} INFO - Processing /home/airflow/.local/lib/python3.12/site-packages/airflow/example_dags/tutorial_dag.py took 0.028 seconds
[2024-06-25T05:56:45.149+0000] {processor.py:161} INFO - Started process (PID=1581) to work on /home/airflow/.local/lib/python3.12/site-packages/airflow/example_dags/tutorial_dag.py
[2024-06-25T05:56:45.150+0000] {processor.py:830} INFO - Processing file /home/airflow/.local/lib/python3.12/site-packages/airflow/example_dags/tutorial_dag.py for tasks to queue
[2024-06-25T05:56:45.151+0000] {logging_mixin.py:188} INFO - [2024-06-25T05:56:45.151+0000] {dagbag.py:545} INFO - Filling up the DagBag from /home/airflow/.local/lib/python3.12/site-packages/airflow/example_dags/tutorial_dag.py
[2024-06-25T05:56:45.155+0000] {processor.py:840} INFO - DAG(s) 'tutorial_dag' retrieved from /home/airflow/.local/lib/python3.12/site-packages/airflow/example_dags/tutorial_dag.py
[2024-06-25T05:56:45.165+0000] {logging_mixin.py:188} INFO - [2024-06-25T05:56:45.165+0000] {dag.py:3096} INFO - Sync 1 DAGs
[2024-06-25T05:56:45.171+0000] {logging_mixin.py:188} INFO - [2024-06-25T05:56:45.171+0000] {dag.py:3954} INFO - Setting next_dagrun for tutorial_dag to None, run_after=None
[2024-06-25T05:56:45.180+0000] {processor.py:183} INFO - Processing /home/airflow/.local/lib/python3.12/site-packages/airflow/example_dags/tutorial_dag.py took 0.034 seconds
[2024-06-25T05:57:15.808+0000] {processor.py:161} INFO - Started process (PID=1639) to work on /home/airflow/.local/lib/python3.12/site-packages/airflow/example_dags/tutorial_dag.py
[2024-06-25T05:57:15.809+0000] {processor.py:830} INFO - Processing file /home/airflow/.local/lib/python3.12/site-packages/airflow/example_dags/tutorial_dag.py for tasks to queue
[2024-06-25T05:57:15.809+0000] {logging_mixin.py:188} INFO - [2024-06-25T05:57:15.809+0000] {dagbag.py:545} INFO - Filling up the DagBag from /home/airflow/.local/lib/python3.12/site-packages/airflow/example_dags/tutorial_dag.py
[2024-06-25T05:57:15.812+0000] {processor.py:840} INFO - DAG(s) 'tutorial_dag' retrieved from /home/airflow/.local/lib/python3.12/site-packages/airflow/example_dags/tutorial_dag.py
[2024-06-25T05:57:15.821+0000] {logging_mixin.py:188} INFO - [2024-06-25T05:57:15.821+0000] {dag.py:3096} INFO - Sync 1 DAGs
[2024-06-25T05:57:15.826+0000] {logging_mixin.py:188} INFO - [2024-06-25T05:57:15.826+0000] {dag.py:3954} INFO - Setting next_dagrun for tutorial_dag to None, run_after=None
[2024-06-25T05:57:15.834+0000] {processor.py:183} INFO - Processing /home/airflow/.local/lib/python3.12/site-packages/airflow/example_dags/tutorial_dag.py took 0.029 seconds
[2024-06-25T05:57:46.657+0000] {processor.py:161} INFO - Started process (PID=1697) to work on /home/airflow/.local/lib/python3.12/site-packages/airflow/example_dags/tutorial_dag.py
[2024-06-25T05:57:46.658+0000] {processor.py:830} INFO - Processing file /home/airflow/.local/lib/python3.12/site-packages/airflow/example_dags/tutorial_dag.py for tasks to queue
[2024-06-25T05:57:46.659+0000] {logging_mixin.py:188} INFO - [2024-06-25T05:57:46.658+0000] {dagbag.py:545} INFO - Filling up the DagBag from /home/airflow/.local/lib/python3.12/site-packages/airflow/example_dags/tutorial_dag.py
[2024-06-25T05:57:46.661+0000] {processor.py:840} INFO - DAG(s) 'tutorial_dag' retrieved from /home/airflow/.local/lib/python3.12/site-packages/airflow/example_dags/tutorial_dag.py
[2024-06-25T05:57:46.671+0000] {logging_mixin.py:188} INFO - [2024-06-25T05:57:46.671+0000] {dag.py:3096} INFO - Sync 1 DAGs
[2024-06-25T05:57:46.676+0000] {logging_mixin.py:188} INFO - [2024-06-25T05:57:46.676+0000] {dag.py:3954} INFO - Setting next_dagrun for tutorial_dag to None, run_after=None
[2024-06-25T05:57:46.684+0000] {processor.py:183} INFO - Processing /home/airflow/.local/lib/python3.12/site-packages/airflow/example_dags/tutorial_dag.py took 0.030 seconds
