[2024-07-10T10:01:20.123+0000] {local_task_job_runner.py:120} INFO - ::group::Pre task execution logs
[2024-07-10T10:01:20.138+0000] {taskinstance.py:2076} INFO - Dependencies all met for dep_context=non-requeueable deps ti=<TaskInstance: market_etl.flatten_market_data manual__2024-07-10T10:00:41.394791+00:00 [queued]>
[2024-07-10T10:01:20.144+0000] {taskinstance.py:2076} INFO - Dependencies all met for dep_context=requeueable deps ti=<TaskInstance: market_etl.flatten_market_data manual__2024-07-10T10:00:41.394791+00:00 [queued]>
[2024-07-10T10:01:20.145+0000] {taskinstance.py:2306} INFO - Starting attempt 1 of 4
[2024-07-10T10:01:20.153+0000] {taskinstance.py:2330} INFO - Executing <Task(_PythonDecoratedOperator): flatten_market_data> on 2024-07-10 10:00:41.394791+00:00
[2024-07-10T10:01:20.160+0000] {warnings.py:112} WARNING - /home/airflow/.local/lib/python3.12/site-packages/airflow/task/task_runner/standard_task_runner.py:61: DeprecationWarning: This process (pid=143) is multi-threaded, use of fork() may lead to deadlocks in the child.
  pid = os.fork()

[2024-07-10T10:01:20.162+0000] {standard_task_runner.py:63} INFO - Started process 145 to run task
[2024-07-10T10:01:20.163+0000] {standard_task_runner.py:90} INFO - Running: ['airflow', 'tasks', 'run', 'market_etl', 'flatten_market_data', 'manual__2024-07-10T10:00:41.394791+00:00', '--job-id', '627', '--raw', '--subdir', 'DAGS_FOLDER/etl.py', '--cfg-path', '/tmp/tmptdcl4kf1']
[2024-07-10T10:01:20.166+0000] {standard_task_runner.py:91} INFO - Job 627: Subtask flatten_market_data
[2024-07-10T10:01:20.236+0000] {task_command.py:426} INFO - Running <TaskInstance: market_etl.flatten_market_data manual__2024-07-10T10:00:41.394791+00:00 [running]> on host 514b016b59c3
[2024-07-10T10:01:20.344+0000] {taskinstance.py:2648} INFO - Exporting env vars: AIRFLOW_CTX_DAG_OWNER='airflow' AIRFLOW_CTX_DAG_ID='market_etl' AIRFLOW_CTX_TASK_ID='flatten_market_data' AIRFLOW_CTX_EXECUTION_DATE='2024-07-10T10:00:41.394791+00:00' AIRFLOW_CTX_TRY_NUMBER='1' AIRFLOW_CTX_DAG_RUN_ID='manual__2024-07-10T10:00:41.394791+00:00'
[2024-07-10T10:01:20.345+0000] {taskinstance.py:430} INFO - ::endgroup::
[2024-07-10T10:01:20.356+0000] {python.py:237} INFO - Done. Returned value was:     Symbol  ...  Close_Date
0     ADBL  ...  2024-07-09
1      AHL  ...  2024-07-09
2     AHPC  ...  2024-07-09
3    AKJCL  ...  2024-07-09
4     AKPL  ...  2024-07-09
..     ...  ...         ...
310   USHL  ...  2024-07-09
311   USLB  ...  2024-07-09
312   VLBS  ...  2024-07-09
313  VLUCL  ...  2024-07-09
314   WNLB  ...  2024-07-09

[315 rows x 15 columns]
[2024-07-10T10:01:20.375+0000] {taskinstance.py:441} INFO - ::group::Post task execution logs
[2024-07-10T10:01:20.434+0000] {taskinstance.py:1206} INFO - Marking task as SUCCESS. dag_id=market_etl, task_id=flatten_market_data, run_id=manual__2024-07-10T10:00:41.394791+00:00, execution_date=20240710T100041, start_date=20240710T100120, end_date=20240710T100120
[2024-07-10T10:01:20.468+0000] {local_task_job_runner.py:240} INFO - Task exited with return code 0
[2024-07-10T10:01:20.498+0000] {taskinstance.py:3503} INFO - 3 downstream tasks scheduled from follow-on schedule check
[2024-07-10T10:01:20.499+0000] {local_task_job_runner.py:222} INFO - ::endgroup::
