[2024-07-01T05:55:03.528+0000] {local_task_job_runner.py:120} INFO - ::group::Pre task execution logs
[2024-07-01T05:55:03.543+0000] {taskinstance.py:2076} INFO - Dependencies all met for dep_context=non-requeueable deps ti=<TaskInstance: market_etl.load_market_data manual__2024-07-01T05:54:39.687106+00:00 [queued]>
[2024-07-01T05:55:03.550+0000] {taskinstance.py:2076} INFO - Dependencies all met for dep_context=requeueable deps ti=<TaskInstance: market_etl.load_market_data manual__2024-07-01T05:54:39.687106+00:00 [queued]>
[2024-07-01T05:55:03.550+0000] {taskinstance.py:2306} INFO - Starting attempt 1 of 4
[2024-07-01T05:55:03.558+0000] {taskinstance.py:2330} INFO - Executing <Task(_PythonDecoratedOperator): load_market_data> on 2024-07-01 05:54:39.687106+00:00
[2024-07-01T05:55:03.562+0000] {warnings.py:112} WARNING - /home/airflow/.local/lib/python3.12/site-packages/airflow/task/task_runner/standard_task_runner.py:61: DeprecationWarning: This process (pid=61) is multi-threaded, use of fork() may lead to deadlocks in the child.
  pid = os.fork()

[2024-07-01T05:55:03.562+0000] {standard_task_runner.py:63} INFO - Started process 63 to run task
[2024-07-01T05:55:03.563+0000] {standard_task_runner.py:90} INFO - Running: ['airflow', 'tasks', 'run', 'market_etl', 'load_market_data', 'manual__2024-07-01T05:54:39.687106+00:00', '--job-id', '370', '--raw', '--subdir', 'DAGS_FOLDER/etl.py', '--cfg-path', '/tmp/tmp62os2cu6']
[2024-07-01T05:55:03.564+0000] {standard_task_runner.py:91} INFO - Job 370: Subtask load_market_data
[2024-07-01T05:55:03.623+0000] {task_command.py:426} INFO - Running <TaskInstance: market_etl.load_market_data manual__2024-07-01T05:54:39.687106+00:00 [running]> on host 5eec0a067191
[2024-07-01T05:55:03.793+0000] {taskinstance.py:2648} INFO - Exporting env vars: AIRFLOW_CTX_DAG_OWNER='airflow' AIRFLOW_CTX_DAG_ID='market_etl' AIRFLOW_CTX_TASK_ID='load_market_data' AIRFLOW_CTX_EXECUTION_DATE='2024-07-01T05:54:39.687106+00:00' AIRFLOW_CTX_TRY_NUMBER='1' AIRFLOW_CTX_DAG_RUN_ID='manual__2024-07-01T05:54:39.687106+00:00'
[2024-07-01T05:55:03.794+0000] {taskinstance.py:430} INFO - ::endgroup::
[2024-07-01T05:55:03.825+0000] {base.py:84} INFO - Using connection ID 'market_database_conn' for task execution.
[2024-07-01T05:55:03.846+0000] {python.py:237} INFO - Done. Returned value was:     Symbol  ...  Close_Date
0     ADBL  ...  2024-06-30
1  ADBLD83  ...  2024-06-30
2      AHL  ...  2024-06-30
3     AHPC  ...  2024-06-30
4    AKJCL  ...  2024-06-30

[5 rows x 15 columns]
[2024-07-01T05:55:03.858+0000] {taskinstance.py:441} INFO - ::group::Post task execution logs
[2024-07-01T05:55:03.902+0000] {taskinstance.py:1206} INFO - Marking task as SUCCESS. dag_id=market_etl, task_id=load_market_data, run_id=manual__2024-07-01T05:54:39.687106+00:00, execution_date=20240701T055439, start_date=20240701T055503, end_date=20240701T055503
[2024-07-01T05:55:03.913+0000] {local_task_job_runner.py:240} INFO - Task exited with return code 0
[2024-07-01T05:55:03.937+0000] {taskinstance.py:3503} INFO - 1 downstream tasks scheduled from follow-on schedule check
[2024-07-01T05:55:03.938+0000] {local_task_job_runner.py:222} INFO - ::endgroup::
