[2024-07-01T04:59:59.460+0000] {local_task_job_runner.py:120} INFO - ::group::Pre task execution logs
[2024-07-01T04:59:59.478+0000] {taskinstance.py:2076} INFO - Dependencies all met for dep_context=non-requeueable deps ti=<TaskInstance: market_etl.flatten_market_data scheduled__2024-06-27T00:00:00+00:00 [queued]>
[2024-07-01T04:59:59.485+0000] {taskinstance.py:2076} INFO - Dependencies all met for dep_context=requeueable deps ti=<TaskInstance: market_etl.flatten_market_data scheduled__2024-06-27T00:00:00+00:00 [queued]>
[2024-07-01T04:59:59.485+0000] {taskinstance.py:2306} INFO - Starting attempt 1 of 4
[2024-07-01T04:59:59.493+0000] {taskinstance.py:2330} INFO - Executing <Task(_PythonDecoratedOperator): flatten_market_data> on 2024-06-27 00:00:00+00:00
[2024-07-01T04:59:59.498+0000] {warnings.py:112} WARNING - /home/airflow/.local/lib/python3.12/site-packages/airflow/task/task_runner/standard_task_runner.py:61: DeprecationWarning: This process (pid=167) is multi-threaded, use of fork() may lead to deadlocks in the child.
  pid = os.fork()

[2024-07-01T04:59:59.499+0000] {standard_task_runner.py:63} INFO - Started process 169 to run task
[2024-07-01T04:59:59.500+0000] {standard_task_runner.py:90} INFO - Running: ['airflow', 'tasks', 'run', 'market_etl', 'flatten_market_data', 'scheduled__2024-06-27T00:00:00+00:00', '--job-id', '330', '--raw', '--subdir', 'DAGS_FOLDER/etl.py', '--cfg-path', '/tmp/tmpuvzz4eqv']
[2024-07-01T04:59:59.501+0000] {standard_task_runner.py:91} INFO - Job 330: Subtask flatten_market_data
[2024-07-01T04:59:59.543+0000] {task_command.py:426} INFO - Running <TaskInstance: market_etl.flatten_market_data scheduled__2024-06-27T00:00:00+00:00 [running]> on host 5eec0a067191
[2024-07-01T04:59:59.675+0000] {taskinstance.py:2648} INFO - Exporting env vars: AIRFLOW_CTX_DAG_OWNER='airflow' AIRFLOW_CTX_DAG_ID='market_etl' AIRFLOW_CTX_TASK_ID='flatten_market_data' AIRFLOW_CTX_EXECUTION_DATE='2024-06-27T00:00:00+00:00' AIRFLOW_CTX_TRY_NUMBER='1' AIRFLOW_CTX_DAG_RUN_ID='scheduled__2024-06-27T00:00:00+00:00'
[2024-07-01T04:59:59.676+0000] {taskinstance.py:430} INFO - ::endgroup::
[2024-07-01T04:59:59.681+0000] {python.py:237} INFO - Done. Returned value was:   Symbol  Close_Price_Rs  ...  Market_Capitalization_Rs__Amt_in_Millions  Close_Date
0   ADBL           239.0  ...                                   32149.50  2024-05-05
1    AHL           441.0  ...                                    1499.40  2024-05-05
2   AHPC           162.0  ...                                    6052.20  2024-05-05
3  AKJCL           208.0  ...                                    1664.00  2024-05-05
4   AKPL           165.6  ...                                    6451.68  2024-05-05

[5 rows x 15 columns]
[2024-07-01T04:59:59.693+0000] {taskinstance.py:441} INFO - ::group::Post task execution logs
[2024-07-01T04:59:59.743+0000] {taskinstance.py:1206} INFO - Marking task as SUCCESS. dag_id=market_etl, task_id=flatten_market_data, run_id=scheduled__2024-06-27T00:00:00+00:00, execution_date=20240627T000000, start_date=20240701T045959, end_date=20240701T045959
[2024-07-01T04:59:59.770+0000] {local_task_job_runner.py:240} INFO - Task exited with return code 0
[2024-07-01T04:59:59.794+0000] {taskinstance.py:3503} INFO - 1 downstream tasks scheduled from follow-on schedule check
[2024-07-01T04:59:59.795+0000] {local_task_job_runner.py:222} INFO - ::endgroup::
[2024-07-06T12:50:12.254+0000] {local_task_job_runner.py:120} INFO - ::group::Pre task execution logs
[2024-07-06T12:50:12.416+0000] {taskinstance.py:2076} INFO - Dependencies all met for dep_context=non-requeueable deps ti=<TaskInstance: market_etl.flatten_market_data scheduled__2024-06-27T00:00:00+00:00 [queued]>
[2024-07-06T12:50:12.442+0000] {taskinstance.py:2076} INFO - Dependencies all met for dep_context=requeueable deps ti=<TaskInstance: market_etl.flatten_market_data scheduled__2024-06-27T00:00:00+00:00 [queued]>
[2024-07-06T12:50:12.447+0000] {taskinstance.py:2306} INFO - Starting attempt 1 of 4
[2024-07-06T12:50:12.465+0000] {taskinstance.py:2330} INFO - Executing <Task(_PythonDecoratedOperator): flatten_market_data> on 2024-06-27 00:00:00+00:00
[2024-07-06T12:50:12.499+0000] {warnings.py:112} WARNING - /home/***/.local/lib/python3.12/site-packages/***/task/task_runner/standard_task_runner.py:61: DeprecationWarning: This process (pid=254) is multi-threaded, use of fork() may lead to deadlocks in the child.
  pid = os.fork()

[2024-07-06T12:50:12.503+0000] {standard_task_runner.py:63} INFO - Started process 256 to run task
[2024-07-06T12:50:12.501+0000] {standard_task_runner.py:90} INFO - Running: ['***', 'tasks', 'run', 'market_etl', 'flatten_market_data', 'scheduled__2024-06-27T00:00:00+00:00', '--job-id', '15', '--raw', '--subdir', 'DAGS_FOLDER/etl.py', '--cfg-path', '/tmp/tmpp01k5ki2']
[2024-07-06T12:50:12.507+0000] {standard_task_runner.py:91} INFO - Job 15: Subtask flatten_market_data
[2024-07-06T12:50:12.599+0000] {task_command.py:426} INFO - Running <TaskInstance: market_etl.flatten_market_data scheduled__2024-06-27T00:00:00+00:00 [running]> on host 03e268ada1a3
[2024-07-06T12:50:12.780+0000] {taskinstance.py:2648} INFO - Exporting env vars: AIRFLOW_CTX_DAG_OWNER='***' AIRFLOW_CTX_DAG_ID='market_etl' AIRFLOW_CTX_TASK_ID='flatten_market_data' AIRFLOW_CTX_EXECUTION_DATE='2024-06-27T00:00:00+00:00' AIRFLOW_CTX_TRY_NUMBER='1' AIRFLOW_CTX_DAG_RUN_ID='scheduled__2024-06-27T00:00:00+00:00'
[2024-07-06T12:50:12.782+0000] {taskinstance.py:430} INFO - ::endgroup::
[2024-07-06T12:50:12.793+0000] {python.py:237} INFO - Done. Returned value was:    Symbol  Close_Price_Rs  ...  Market_Capitalization_Rs__Amt_in_Millions  Close_Date
0    ADBL           272.9  ...                                   36709.62  2024-07-05
1     AHL           516.6  ...                                    1756.44  2024-07-05
2    AHPC           155.0  ...                                    5790.68  2024-07-05
3   AKJCL           227.7  ...                                    1821.60  2024-07-05
4    AKPL           163.0  ...                                    6350.39  2024-07-05
5   ALBSL           975.0  ...                                    6255.76  2024-07-05
6   ALICL           588.0  ...                                   19991.04  2024-07-05
7    ANLB          2400.0  ...                                    1645.72  2024-07-05
8     API           171.0  ...                                    9895.08  2024-07-05
9   AVYAN           949.9  ...                                    2374.75  2024-07-05
10  BARUN           296.9  ...                                    1590.83  2024-07-05
11    BBC          4050.0  ...                                    1990.17  2024-07-05
12   BEDC           431.0  ...                                    2344.87  2024-07-05
13    BFC           503.4  ...                                    4303.15  2024-07-05
14   BGWT           898.0  ...                                    5137.14  2024-07-05
15   BHDC           582.9  ...                                    6120.45  2024-07-05
16    BHL           360.0  ...                                    6580.69  2024-07-05
17   BHPL           620.0  ...                                    1550.00  2024-07-05
18   BNHC           640.4  ...                                    2561.60  2024-07-05

[19 rows x 15 columns]
[2024-07-06T12:50:12.837+0000] {taskinstance.py:441} INFO - ::group::Post task execution logs
[2024-07-06T12:50:12.882+0000] {taskinstance.py:1206} INFO - Marking task as SUCCESS. dag_id=market_etl, task_id=flatten_market_data, run_id=scheduled__2024-06-27T00:00:00+00:00, execution_date=20240627T000000, start_date=20240706T125012, end_date=20240706T125012
[2024-07-06T12:50:12.917+0000] {local_task_job_runner.py:240} INFO - Task exited with return code 0
[2024-07-06T12:50:12.942+0000] {taskinstance.py:3503} INFO - 1 downstream tasks scheduled from follow-on schedule check
[2024-07-06T12:50:12.944+0000] {local_task_job_runner.py:222} INFO - ::endgroup::
[2024-07-09T08:42:28.978+0000] {local_task_job_runner.py:120} INFO - ::group::Pre task execution logs
[2024-07-09T08:42:28.995+0000] {taskinstance.py:2076} INFO - Dependencies all met for dep_context=non-requeueable deps ti=<TaskInstance: market_etl.flatten_market_data scheduled__2024-06-27T00:00:00+00:00 [queued]>
[2024-07-09T08:42:29.003+0000] {taskinstance.py:2076} INFO - Dependencies all met for dep_context=requeueable deps ti=<TaskInstance: market_etl.flatten_market_data scheduled__2024-06-27T00:00:00+00:00 [queued]>
[2024-07-09T08:42:29.003+0000] {taskinstance.py:2306} INFO - Starting attempt 1 of 4
[2024-07-09T08:42:29.011+0000] {taskinstance.py:2330} INFO - Executing <Task(_PythonDecoratedOperator): flatten_market_data> on 2024-06-27 00:00:00+00:00
[2024-07-09T08:42:29.017+0000] {warnings.py:112} WARNING - /home/airflow/.local/lib/python3.12/site-packages/airflow/task/task_runner/standard_task_runner.py:61: DeprecationWarning: This process (pid=278) is multi-threaded, use of fork() may lead to deadlocks in the child.
  pid = os.fork()

[2024-07-09T08:42:29.019+0000] {standard_task_runner.py:63} INFO - Started process 280 to run task
[2024-07-09T08:42:29.019+0000] {standard_task_runner.py:90} INFO - Running: ['airflow', 'tasks', 'run', 'market_etl', 'flatten_market_data', 'scheduled__2024-06-27T00:00:00+00:00', '--job-id', '118', '--raw', '--subdir', 'DAGS_FOLDER/etl.py', '--cfg-path', '/tmp/tmp6avpw9a2']
[2024-07-09T08:42:29.021+0000] {standard_task_runner.py:91} INFO - Job 118: Subtask flatten_market_data
[2024-07-09T08:42:29.079+0000] {task_command.py:426} INFO - Running <TaskInstance: market_etl.flatten_market_data scheduled__2024-06-27T00:00:00+00:00 [running]> on host 7aa01bd35230
[2024-07-09T08:42:29.191+0000] {taskinstance.py:2648} INFO - Exporting env vars: AIRFLOW_CTX_DAG_OWNER='airflow' AIRFLOW_CTX_DAG_ID='market_etl' AIRFLOW_CTX_TASK_ID='flatten_market_data' AIRFLOW_CTX_EXECUTION_DATE='2024-06-27T00:00:00+00:00' AIRFLOW_CTX_TRY_NUMBER='1' AIRFLOW_CTX_DAG_RUN_ID='scheduled__2024-06-27T00:00:00+00:00'
[2024-07-09T08:42:29.193+0000] {taskinstance.py:430} INFO - ::endgroup::
[2024-07-09T08:42:29.200+0000] {logging_mixin.py:188} INFO - Index(['Symbol', 'Close_Price_Rs', 'Open_Price_Rs', 'High_Price_Rs',
       'Low_Price_Rs', 'Total_Traded_Quantity', 'Total_Traded_Value',
       'Total_Trades', 'LTP', 'Previous_Day_Close_Price_Rs',
       'Average_Traded_Price_Rs', 'Fifty_Two_Week_High_Rs',
       'Fifty_Two_Week_Low_Rs', 'Market_Capitalization_Rs__Amt_in_Millions',
       'Close_Date'],
      dtype='object')
[2024-07-09T08:42:29.208+0000] {logging_mixin.py:188} INFO -     Symbol  ...  Close_Date
0     ADBL  ...  2024-07-08
1  ADBLD83  ...  2024-07-08
2      AHL  ...  2024-07-08
3     AHPC  ...  2024-07-08
4    AKJCL  ...  2024-07-08

[5 rows x 15 columns]
[2024-07-09T08:42:29.208+0000] {python.py:237} INFO - Done. Returned value was:       Symbol  ...  Close_Date
0       ADBL  ...  2024-07-08
1    ADBLD83  ...  2024-07-08
2        AHL  ...  2024-07-08
3       AHPC  ...  2024-07-08
4      AKJCL  ...  2024-07-08
..       ...  ...         ...
318     USHL  ...  2024-07-08
319     USLB  ...  2024-07-08
320     VLBS  ...  2024-07-08
321    VLUCL  ...  2024-07-08
322     WNLB  ...  2024-07-08

[323 rows x 15 columns]
[2024-07-09T08:42:29.219+0000] {taskinstance.py:441} INFO - ::group::Post task execution logs
[2024-07-09T08:42:29.263+0000] {taskinstance.py:1206} INFO - Marking task as SUCCESS. dag_id=market_etl, task_id=flatten_market_data, run_id=scheduled__2024-06-27T00:00:00+00:00, execution_date=20240627T000000, start_date=20240709T084228, end_date=20240709T084229
[2024-07-09T08:42:29.283+0000] {local_task_job_runner.py:240} INFO - Task exited with return code 0
[2024-07-09T08:42:29.306+0000] {taskinstance.py:3503} INFO - 4 downstream tasks scheduled from follow-on schedule check
[2024-07-09T08:42:29.307+0000] {local_task_job_runner.py:222} INFO - ::endgroup::
