[2024-07-10T09:19:01.674+0000] {local_task_job_runner.py:120} INFO - ::group::Pre task execution logs
[2024-07-10T09:19:01.707+0000] {taskinstance.py:2076} INFO - Dependencies all met for dep_context=non-requeueable deps ti=<TaskInstance: market_etl.flatten_market_data scheduled__2024-07-07T06:15:00+00:00 [queued]>
[2024-07-10T09:19:01.713+0000] {taskinstance.py:2076} INFO - Dependencies all met for dep_context=requeueable deps ti=<TaskInstance: market_etl.flatten_market_data scheduled__2024-07-07T06:15:00+00:00 [queued]>
[2024-07-10T09:19:01.714+0000] {taskinstance.py:2306} INFO - Starting attempt 1 of 4
[2024-07-10T09:19:01.722+0000] {taskinstance.py:2330} INFO - Executing <Task(_PythonDecoratedOperator): flatten_market_data> on 2024-07-07 06:15:00+00:00
[2024-07-10T09:19:01.728+0000] {warnings.py:112} WARNING - /home/airflow/.local/lib/python3.12/site-packages/airflow/task/task_runner/standard_task_runner.py:61: DeprecationWarning: This process (pid=295) is multi-threaded, use of fork() may lead to deadlocks in the child.
  pid = os.fork()

[2024-07-10T09:19:01.729+0000] {standard_task_runner.py:63} INFO - Started process 297 to run task
[2024-07-10T09:19:01.730+0000] {standard_task_runner.py:90} INFO - Running: ['airflow', 'tasks', 'run', 'market_etl', 'flatten_market_data', 'scheduled__2024-07-07T06:15:00+00:00', '--job-id', '390', '--raw', '--subdir', 'DAGS_FOLDER/etl.py', '--cfg-path', '/tmp/tmpnn23vgbq']
[2024-07-10T09:19:01.732+0000] {standard_task_runner.py:91} INFO - Job 390: Subtask flatten_market_data
[2024-07-10T09:19:01.801+0000] {task_command.py:426} INFO - Running <TaskInstance: market_etl.flatten_market_data scheduled__2024-07-07T06:15:00+00:00 [running]> on host 514b016b59c3
[2024-07-10T09:19:01.903+0000] {taskinstance.py:2648} INFO - Exporting env vars: AIRFLOW_CTX_DAG_OWNER='airflow' AIRFLOW_CTX_DAG_ID='market_etl' AIRFLOW_CTX_TASK_ID='flatten_market_data' AIRFLOW_CTX_EXECUTION_DATE='2024-07-07T06:15:00+00:00' AIRFLOW_CTX_TRY_NUMBER='1' AIRFLOW_CTX_DAG_RUN_ID='scheduled__2024-07-07T06:15:00+00:00'
[2024-07-10T09:19:01.904+0000] {taskinstance.py:430} INFO - ::endgroup::
[2024-07-10T09:19:01.911+0000] {python.py:237} INFO - Done. Returned value was:      Symbol  ...  Close_Date
0      ADBL  ...  2024-07-09
1   ADBLD83  ...  2024-07-09
2       AHL  ...  2024-07-09
3      AHPC  ...  2024-07-09
4     AKJCL  ...  2024-07-09
5      AKPL  ...  2024-07-09
6     ALBSL  ...  2024-07-09
7     ALICL  ...  2024-07-09
8      ANLB  ...  2024-07-09
9       API  ...  2024-07-09
10    AVYAN  ...  2024-07-09
11    BARUN  ...  2024-07-09
12      BBC  ...  2024-07-09
13     BEDC  ...  2024-07-09
14      BFC  ...  2024-07-09
15     BGWT  ...  2024-07-09
16     BHDC  ...  2024-07-09
17      BHL  ...  2024-07-09
18     BHPL  ...  2024-07-09

[19 rows x 15 columns]
[2024-07-10T09:19:01.926+0000] {taskinstance.py:441} INFO - ::group::Post task execution logs
[2024-07-10T09:19:01.963+0000] {taskinstance.py:1206} INFO - Marking task as SUCCESS. dag_id=market_etl, task_id=flatten_market_data, run_id=scheduled__2024-07-07T06:15:00+00:00, execution_date=20240707T061500, start_date=20240710T091901, end_date=20240710T091901
[2024-07-10T09:19:01.993+0000] {local_task_job_runner.py:240} INFO - Task exited with return code 0
[2024-07-10T09:19:02.052+0000] {taskinstance.py:3503} INFO - 0 downstream tasks scheduled from follow-on schedule check
[2024-07-10T09:19:02.055+0000] {local_task_job_runner.py:222} INFO - ::endgroup::
[2024-07-10T14:20:40.348+0000] {local_task_job_runner.py:120} INFO - ::group::Pre task execution logs
[2024-07-10T14:20:40.365+0000] {taskinstance.py:2076} INFO - Dependencies all met for dep_context=non-requeueable deps ti=<TaskInstance: market_etl.flatten_market_data scheduled__2024-07-07T06:15:00+00:00 [queued]>
[2024-07-10T14:20:40.371+0000] {taskinstance.py:2076} INFO - Dependencies all met for dep_context=requeueable deps ti=<TaskInstance: market_etl.flatten_market_data scheduled__2024-07-07T06:15:00+00:00 [queued]>
[2024-07-10T14:20:40.371+0000] {taskinstance.py:2306} INFO - Starting attempt 1 of 4
[2024-07-10T14:20:40.380+0000] {taskinstance.py:2330} INFO - Executing <Task(_PythonDecoratedOperator): flatten_market_data> on 2024-07-07 06:15:00+00:00
[2024-07-10T14:20:40.384+0000] {warnings.py:112} WARNING - /home/airflow/.local/lib/python3.12/site-packages/airflow/task/task_runner/standard_task_runner.py:61: DeprecationWarning: This process (pid=367) is multi-threaded, use of fork() may lead to deadlocks in the child.
  pid = os.fork()

[2024-07-10T14:20:40.385+0000] {standard_task_runner.py:63} INFO - Started process 369 to run task
[2024-07-10T14:20:40.386+0000] {standard_task_runner.py:90} INFO - Running: ['airflow', 'tasks', 'run', 'market_etl', 'flatten_market_data', 'scheduled__2024-07-07T06:15:00+00:00', '--job-id', '794', '--raw', '--subdir', 'DAGS_FOLDER/etl.py', '--cfg-path', '/tmp/tmpxat4nn_e']
[2024-07-10T14:20:40.388+0000] {standard_task_runner.py:91} INFO - Job 794: Subtask flatten_market_data
[2024-07-10T14:20:40.446+0000] {task_command.py:426} INFO - Running <TaskInstance: market_etl.flatten_market_data scheduled__2024-07-07T06:15:00+00:00 [running]> on host 514b016b59c3
[2024-07-10T14:20:40.546+0000] {taskinstance.py:2648} INFO - Exporting env vars: AIRFLOW_CTX_DAG_OWNER='airflow' AIRFLOW_CTX_DAG_ID='market_etl' AIRFLOW_CTX_TASK_ID='flatten_market_data' AIRFLOW_CTX_EXECUTION_DATE='2024-07-07T06:15:00+00:00' AIRFLOW_CTX_TRY_NUMBER='1' AIRFLOW_CTX_DAG_RUN_ID='scheduled__2024-07-07T06:15:00+00:00'
[2024-07-10T14:20:40.547+0000] {taskinstance.py:430} INFO - ::endgroup::
[2024-07-10T14:20:40.554+0000] {python.py:237} INFO - Done. Returned value was:     Symbol  ...  Close_Date
0     ADBL  ...  2024-07-09
1      AHL  ...  2024-07-09
2     AHPC  ...  2024-07-09
3    AKJCL  ...  2024-07-09
4     AKPL  ...  2024-07-09
..     ...  ...         ...
310   USHL  ...  2024-07-09
311   USLB  ...  2024-07-09
312   VLBS  ...  2024-07-09
313  VLUCL  ...  2024-07-09
314   WNLB  ...  2024-07-09

[315 rows x 15 columns]
[2024-07-10T14:20:40.568+0000] {taskinstance.py:441} INFO - ::group::Post task execution logs
[2024-07-10T14:20:40.614+0000] {taskinstance.py:1206} INFO - Marking task as SUCCESS. dag_id=market_etl, task_id=flatten_market_data, run_id=scheduled__2024-07-07T06:15:00+00:00, execution_date=20240707T061500, start_date=20240710T142040, end_date=20240710T142040
[2024-07-10T14:20:40.649+0000] {local_task_job_runner.py:240} INFO - Task exited with return code 0
[2024-07-10T14:20:40.675+0000] {taskinstance.py:3503} INFO - 3 downstream tasks scheduled from follow-on schedule check
[2024-07-10T14:20:40.677+0000] {local_task_job_runner.py:222} INFO - ::endgroup::
[2024-07-11T08:22:25.537+0000] {local_task_job_runner.py:120} INFO - ::group::Pre task execution logs
[2024-07-11T08:22:25.556+0000] {taskinstance.py:2076} INFO - Dependencies all met for dep_context=non-requeueable deps ti=<TaskInstance: market_etl.flatten_market_data scheduled__2024-07-07T06:15:00+00:00 [queued]>
[2024-07-11T08:22:25.563+0000] {taskinstance.py:2076} INFO - Dependencies all met for dep_context=requeueable deps ti=<TaskInstance: market_etl.flatten_market_data scheduled__2024-07-07T06:15:00+00:00 [queued]>
[2024-07-11T08:22:25.564+0000] {taskinstance.py:2306} INFO - Starting attempt 1 of 4
[2024-07-11T08:22:25.572+0000] {taskinstance.py:2330} INFO - Executing <Task(_PythonDecoratedOperator): flatten_market_data> on 2024-07-07 06:15:00+00:00
[2024-07-11T08:22:25.578+0000] {warnings.py:112} WARNING - /home/airflow/.local/lib/python3.12/site-packages/airflow/task/task_runner/standard_task_runner.py:61: DeprecationWarning: This process (pid=1437) is multi-threaded, use of fork() may lead to deadlocks in the child.
  pid = os.fork()

[2024-07-11T08:22:25.579+0000] {standard_task_runner.py:63} INFO - Started process 1439 to run task
[2024-07-11T08:22:25.580+0000] {standard_task_runner.py:90} INFO - Running: ['airflow', 'tasks', 'run', 'market_etl', 'flatten_market_data', 'scheduled__2024-07-07T06:15:00+00:00', '--job-id', '1207', '--raw', '--subdir', 'DAGS_FOLDER/etl.py', '--cfg-path', '/tmp/tmph9gn3hdf']
[2024-07-11T08:22:25.582+0000] {standard_task_runner.py:91} INFO - Job 1207: Subtask flatten_market_data
[2024-07-11T08:22:25.657+0000] {task_command.py:426} INFO - Running <TaskInstance: market_etl.flatten_market_data scheduled__2024-07-07T06:15:00+00:00 [running]> on host aa283b53dd54
[2024-07-11T08:22:25.776+0000] {taskinstance.py:2648} INFO - Exporting env vars: AIRFLOW_CTX_DAG_OWNER='airflow' AIRFLOW_CTX_DAG_ID='market_etl' AIRFLOW_CTX_TASK_ID='flatten_market_data' AIRFLOW_CTX_EXECUTION_DATE='2024-07-07T06:15:00+00:00' AIRFLOW_CTX_TRY_NUMBER='1' AIRFLOW_CTX_DAG_RUN_ID='scheduled__2024-07-07T06:15:00+00:00'
[2024-07-11T08:22:25.777+0000] {taskinstance.py:430} INFO - ::endgroup::
[2024-07-11T08:22:25.789+0000] {python.py:237} INFO - Done. Returned value was:       Symbol  ...  Close_Date
0       ADBL  ...  2024-07-10
1    ADBLD83  ...  2024-07-10
2        AHL  ...  2024-07-10
3       AHPC  ...  2024-07-10
4      AKJCL  ...  2024-07-10
..       ...  ...         ...
316     USHL  ...  2024-07-10
317     USLB  ...  2024-07-10
318     VLBS  ...  2024-07-10
319    VLUCL  ...  2024-07-10
320     WNLB  ...  2024-07-10

[321 rows x 15 columns]
[2024-07-11T08:22:25.805+0000] {taskinstance.py:441} INFO - ::group::Post task execution logs
[2024-07-11T08:22:25.864+0000] {taskinstance.py:1206} INFO - Marking task as SUCCESS. dag_id=market_etl, task_id=flatten_market_data, run_id=scheduled__2024-07-07T06:15:00+00:00, execution_date=20240707T061500, start_date=20240711T082225, end_date=20240711T082225
[2024-07-11T08:22:25.888+0000] {local_task_job_runner.py:240} INFO - Task exited with return code 0
[2024-07-11T08:22:25.919+0000] {taskinstance.py:3503} INFO - 3 downstream tasks scheduled from follow-on schedule check
[2024-07-11T08:22:25.921+0000] {local_task_job_runner.py:222} INFO - ::endgroup::
