[2024-06-26T05:14:18.639+0000] {local_task_job_runner.py:120} INFO - ::group::Pre task execution logs
[2024-06-26T05:14:18.657+0000] {taskinstance.py:2076} INFO - Dependencies all met for dep_context=non-requeueable deps ti=<TaskInstance: market_etl.load_market_data manual__2024-06-26T05:14:06.161971+00:00 [queued]>
[2024-06-26T05:14:18.663+0000] {taskinstance.py:2076} INFO - Dependencies all met for dep_context=requeueable deps ti=<TaskInstance: market_etl.load_market_data manual__2024-06-26T05:14:06.161971+00:00 [queued]>
[2024-06-26T05:14:18.663+0000] {taskinstance.py:2306} INFO - Starting attempt 1 of 4
[2024-06-26T05:14:18.670+0000] {taskinstance.py:2330} INFO - Executing <Task(_PythonDecoratedOperator): load_market_data> on 2024-06-26 05:14:06.161971+00:00
[2024-06-26T05:14:18.673+0000] {warnings.py:112} WARNING - /home/airflow/.local/lib/python3.12/site-packages/airflow/task/task_runner/standard_task_runner.py:61: DeprecationWarning: This process (pid=78) is multi-threaded, use of fork() may lead to deadlocks in the child.
  pid = os.fork()

[2024-06-26T05:14:18.673+0000] {standard_task_runner.py:63} INFO - Started process 80 to run task
[2024-06-26T05:14:18.674+0000] {standard_task_runner.py:90} INFO - Running: ['airflow', 'tasks', 'run', 'market_etl', 'load_market_data', 'manual__2024-06-26T05:14:06.161971+00:00', '--job-id', '116', '--raw', '--subdir', 'DAGS_FOLDER/etl.py', '--cfg-path', '/tmp/tmp3w_l3ffo']
[2024-06-26T05:14:18.675+0000] {standard_task_runner.py:91} INFO - Job 116: Subtask load_market_data
[2024-06-26T05:14:18.718+0000] {task_command.py:426} INFO - Running <TaskInstance: market_etl.load_market_data manual__2024-06-26T05:14:06.161971+00:00 [running]> on host f3f48f0457b9
[2024-06-26T05:14:18.836+0000] {taskinstance.py:2648} INFO - Exporting env vars: AIRFLOW_CTX_DAG_OWNER='airflow' AIRFLOW_CTX_DAG_ID='market_etl' AIRFLOW_CTX_TASK_ID='load_market_data' AIRFLOW_CTX_EXECUTION_DATE='2024-06-26T05:14:06.161971+00:00' AIRFLOW_CTX_TRY_NUMBER='1' AIRFLOW_CTX_DAG_RUN_ID='manual__2024-06-26T05:14:06.161971+00:00'
[2024-06-26T05:14:18.836+0000] {taskinstance.py:430} INFO - ::endgroup::
[2024-06-26T05:14:18.867+0000] {base.py:84} INFO - Using connection ID 'market_database_conn' for task execution.
[2024-06-26T05:14:18.885+0000] {python.py:237} INFO - Done. Returned value was: None
[2024-06-26T05:14:18.886+0000] {taskinstance.py:441} INFO - ::group::Post task execution logs
[2024-06-26T05:14:18.895+0000] {taskinstance.py:1206} INFO - Marking task as SUCCESS. dag_id=market_etl, task_id=load_market_data, run_id=manual__2024-06-26T05:14:06.161971+00:00, execution_date=20240626T051406, start_date=20240626T051418, end_date=20240626T051418
[2024-06-26T05:14:18.940+0000] {local_task_job_runner.py:240} INFO - Task exited with return code 0
[2024-06-26T05:14:18.955+0000] {taskinstance.py:3503} INFO - 0 downstream tasks scheduled from follow-on schedule check
[2024-06-26T05:14:18.956+0000] {local_task_job_runner.py:222} INFO - ::endgroup::
