[2024-07-10T09:18:40.370+0000] {local_task_job_runner.py:120} INFO - ::group::Pre task execution logs
[2024-07-10T09:18:40.385+0000] {taskinstance.py:2076} INFO - Dependencies all met for dep_context=non-requeueable deps ti=<TaskInstance: market_etl.create_price_dimension scheduled__2024-07-06T06:15:00+00:00 [queued]>
[2024-07-10T09:18:40.403+0000] {taskinstance.py:2076} INFO - Dependencies all met for dep_context=requeueable deps ti=<TaskInstance: market_etl.create_price_dimension scheduled__2024-07-06T06:15:00+00:00 [queued]>
[2024-07-10T09:18:40.404+0000] {taskinstance.py:2306} INFO - Starting attempt 1 of 4
[2024-07-10T09:18:40.416+0000] {taskinstance.py:2330} INFO - Executing <Task(_PythonDecoratedOperator): create_price_dimension> on 2024-07-06 06:15:00+00:00
[2024-07-10T09:18:40.430+0000] {warnings.py:112} WARNING - /home/airflow/.local/lib/python3.12/site-packages/airflow/task/task_runner/standard_task_runner.py:61: DeprecationWarning: This process (pid=221) is multi-threaded, use of fork() may lead to deadlocks in the child.
  pid = os.fork()

[2024-07-10T09:18:40.431+0000] {standard_task_runner.py:63} INFO - Started process 229 to run task
[2024-07-10T09:18:40.436+0000] {standard_task_runner.py:90} INFO - Running: ['airflow', 'tasks', 'run', 'market_etl', 'create_price_dimension', 'scheduled__2024-07-06T06:15:00+00:00', '--job-id', '385', '--raw', '--subdir', 'DAGS_FOLDER/etl.py', '--cfg-path', '/tmp/tmpr3rpz21_']
[2024-07-10T09:18:40.439+0000] {standard_task_runner.py:91} INFO - Job 385: Subtask create_price_dimension
[2024-07-10T09:18:40.517+0000] {task_command.py:426} INFO - Running <TaskInstance: market_etl.create_price_dimension scheduled__2024-07-06T06:15:00+00:00 [running]> on host 514b016b59c3
[2024-07-10T09:18:40.793+0000] {taskinstance.py:2648} INFO - Exporting env vars: AIRFLOW_CTX_DAG_OWNER='airflow' AIRFLOW_CTX_DAG_ID='market_etl' AIRFLOW_CTX_TASK_ID='create_price_dimension' AIRFLOW_CTX_EXECUTION_DATE='2024-07-06T06:15:00+00:00' AIRFLOW_CTX_TRY_NUMBER='1' AIRFLOW_CTX_DAG_RUN_ID='scheduled__2024-07-06T06:15:00+00:00'
[2024-07-10T09:18:40.797+0000] {taskinstance.py:430} INFO - ::endgroup::
[2024-07-10T09:18:40.808+0000] {python.py:237} INFO - Done. Returned value was:    SECURITY_ID  OPEN_PRICE  ...  Close_Date                     PRICE_ID
0         ADBL       283.0  ...  2024-07-09     ADBL_2024-07-09 00:00:00
1      ADBLD83      1118.0  ...  2024-07-09  ADBLD83_2024-07-09 00:00:00
2          AHL       530.9  ...  2024-07-09      AHL_2024-07-09 00:00:00
3         AHPC       154.0  ...  2024-07-09     AHPC_2024-07-09 00:00:00
4        AKJCL       224.0  ...  2024-07-09    AKJCL_2024-07-09 00:00:00
5         AKPL       165.0  ...  2024-07-09     AKPL_2024-07-09 00:00:00
6        ALBSL      1089.9  ...  2024-07-09    ALBSL_2024-07-09 00:00:00
7        ALICL       578.2  ...  2024-07-09    ALICL_2024-07-09 00:00:00
8         ANLB      2710.0  ...  2024-07-09     ANLB_2024-07-09 00:00:00
9          API       173.0  ...  2024-07-09      API_2024-07-09 00:00:00
10       AVYAN       990.0  ...  2024-07-09    AVYAN_2024-07-09 00:00:00
11       BARUN       297.3  ...  2024-07-09    BARUN_2024-07-09 00:00:00
12         BBC      4000.0  ...  2024-07-09      BBC_2024-07-09 00:00:00
13        BEDC       420.0  ...  2024-07-09     BEDC_2024-07-09 00:00:00
14         BFC       503.0  ...  2024-07-09      BFC_2024-07-09 00:00:00
15        BGWT       930.0  ...  2024-07-09     BGWT_2024-07-09 00:00:00
16        BHDC       570.0  ...  2024-07-09     BHDC_2024-07-09 00:00:00
17         BHL       344.0  ...  2024-07-09      BHL_2024-07-09 00:00:00
18        BHPL       645.0  ...  2024-07-09     BHPL_2024-07-09 00:00:00

[19 rows x 9 columns]
[2024-07-10T09:18:40.818+0000] {taskinstance.py:441} INFO - ::group::Post task execution logs
[2024-07-10T09:18:40.866+0000] {taskinstance.py:1206} INFO - Marking task as SUCCESS. dag_id=market_etl, task_id=create_price_dimension, run_id=scheduled__2024-07-06T06:15:00+00:00, execution_date=20240706T061500, start_date=20240710T091840, end_date=20240710T091840
[2024-07-10T09:18:40.902+0000] {local_task_job_runner.py:240} INFO - Task exited with return code 0
[2024-07-10T09:18:40.932+0000] {local_task_job_runner.py:222} INFO - ::endgroup::
[2024-07-10T14:20:24.173+0000] {local_task_job_runner.py:120} INFO - ::group::Pre task execution logs
[2024-07-10T14:20:24.189+0000] {taskinstance.py:2076} INFO - Dependencies all met for dep_context=non-requeueable deps ti=<TaskInstance: market_etl.create_price_dimension scheduled__2024-07-06T06:15:00+00:00 [queued]>
[2024-07-10T14:20:24.195+0000] {taskinstance.py:2076} INFO - Dependencies all met for dep_context=requeueable deps ti=<TaskInstance: market_etl.create_price_dimension scheduled__2024-07-06T06:15:00+00:00 [queued]>
[2024-07-10T14:20:24.195+0000] {taskinstance.py:2306} INFO - Starting attempt 1 of 4
[2024-07-10T14:20:24.203+0000] {taskinstance.py:2330} INFO - Executing <Task(_PythonDecoratedOperator): create_price_dimension> on 2024-07-06 06:15:00+00:00
[2024-07-10T14:20:24.209+0000] {warnings.py:112} WARNING - /home/airflow/.local/lib/python3.12/site-packages/airflow/task/task_runner/standard_task_runner.py:61: DeprecationWarning: This process (pid=329) is multi-threaded, use of fork() may lead to deadlocks in the child.
  pid = os.fork()

[2024-07-10T14:20:24.210+0000] {standard_task_runner.py:63} INFO - Started process 332 to run task
[2024-07-10T14:20:24.212+0000] {standard_task_runner.py:90} INFO - Running: ['airflow', 'tasks', 'run', 'market_etl', 'create_price_dimension', 'scheduled__2024-07-06T06:15:00+00:00', '--job-id', '791', '--raw', '--subdir', 'DAGS_FOLDER/etl.py', '--cfg-path', '/tmp/tmpn585q6do']
[2024-07-10T14:20:24.213+0000] {standard_task_runner.py:91} INFO - Job 791: Subtask create_price_dimension
[2024-07-10T14:20:24.265+0000] {task_command.py:426} INFO - Running <TaskInstance: market_etl.create_price_dimension scheduled__2024-07-06T06:15:00+00:00 [running]> on host 514b016b59c3
[2024-07-10T14:20:24.441+0000] {taskinstance.py:2648} INFO - Exporting env vars: AIRFLOW_CTX_DAG_OWNER='airflow' AIRFLOW_CTX_DAG_ID='market_etl' AIRFLOW_CTX_TASK_ID='create_price_dimension' AIRFLOW_CTX_EXECUTION_DATE='2024-07-06T06:15:00+00:00' AIRFLOW_CTX_TRY_NUMBER='1' AIRFLOW_CTX_DAG_RUN_ID='scheduled__2024-07-06T06:15:00+00:00'
[2024-07-10T14:20:24.442+0000] {taskinstance.py:430} INFO - ::endgroup::
[2024-07-10T14:20:24.446+0000] {python.py:237} INFO - Done. Returned value was:     SECURITY_ID  OPEN_PRICE  ...  PREVIOUS_DAY_PRICE          PRICE_ID
0          ADBL       286.1  ...               280.5   ADBL_2024-07-09
1           AHL       520.0  ...               517.0    AHL_2024-07-09
2          AHPC       157.2  ...               155.0   AHPC_2024-07-09
3         AKJCL       220.2  ...               224.0  AKJCL_2024-07-09
4          AKPL       162.6  ...               162.5   AKPL_2024-07-09
..          ...         ...  ...                 ...               ...
310        USHL       588.0  ...               582.0   USHL_2024-07-09
311        USLB      1765.0  ...              1731.9   USLB_2024-07-09
312        VLBS      1050.0  ...              1030.0   VLBS_2024-07-09
313       VLUCL       508.0  ...               508.8  VLUCL_2024-07-09
314        WNLB      1441.0  ...              1449.0   WNLB_2024-07-09

[315 rows x 8 columns]
[2024-07-10T14:20:24.454+0000] {taskinstance.py:441} INFO - ::group::Post task execution logs
[2024-07-10T14:20:24.491+0000] {taskinstance.py:1206} INFO - Marking task as SUCCESS. dag_id=market_etl, task_id=create_price_dimension, run_id=scheduled__2024-07-06T06:15:00+00:00, execution_date=20240706T061500, start_date=20240710T142024, end_date=20240710T142024
[2024-07-10T14:20:24.515+0000] {local_task_job_runner.py:240} INFO - Task exited with return code 0
[2024-07-10T14:20:24.555+0000] {local_task_job_runner.py:222} INFO - ::endgroup::
[2024-07-11T08:22:01.318+0000] {local_task_job_runner.py:120} INFO - ::group::Pre task execution logs
[2024-07-11T08:22:01.332+0000] {taskinstance.py:2076} INFO - Dependencies all met for dep_context=non-requeueable deps ti=<TaskInstance: market_etl.create_price_dimension scheduled__2024-07-06T06:15:00+00:00 [queued]>
[2024-07-11T08:22:01.337+0000] {taskinstance.py:2076} INFO - Dependencies all met for dep_context=requeueable deps ti=<TaskInstance: market_etl.create_price_dimension scheduled__2024-07-06T06:15:00+00:00 [queued]>
[2024-07-11T08:22:01.338+0000] {taskinstance.py:2306} INFO - Starting attempt 1 of 4
[2024-07-11T08:22:01.344+0000] {taskinstance.py:2330} INFO - Executing <Task(_PythonDecoratedOperator): create_price_dimension> on 2024-07-06 06:15:00+00:00
[2024-07-11T08:22:01.350+0000] {warnings.py:112} WARNING - /home/airflow/.local/lib/python3.12/site-packages/airflow/task/task_runner/standard_task_runner.py:61: DeprecationWarning: This process (pid=1339) is multi-threaded, use of fork() may lead to deadlocks in the child.
  pid = os.fork()

[2024-07-11T08:22:01.351+0000] {standard_task_runner.py:63} INFO - Started process 1342 to run task
[2024-07-11T08:22:01.352+0000] {standard_task_runner.py:90} INFO - Running: ['airflow', 'tasks', 'run', 'market_etl', 'create_price_dimension', 'scheduled__2024-07-06T06:15:00+00:00', '--job-id', '1200', '--raw', '--subdir', 'DAGS_FOLDER/etl.py', '--cfg-path', '/tmp/tmp_n6avczu']
[2024-07-11T08:22:01.354+0000] {standard_task_runner.py:91} INFO - Job 1200: Subtask create_price_dimension
[2024-07-11T08:22:01.440+0000] {task_command.py:426} INFO - Running <TaskInstance: market_etl.create_price_dimension scheduled__2024-07-06T06:15:00+00:00 [running]> on host aa283b53dd54
[2024-07-11T08:22:01.652+0000] {taskinstance.py:2648} INFO - Exporting env vars: AIRFLOW_CTX_DAG_OWNER='airflow' AIRFLOW_CTX_DAG_ID='market_etl' AIRFLOW_CTX_TASK_ID='create_price_dimension' AIRFLOW_CTX_EXECUTION_DATE='2024-07-06T06:15:00+00:00' AIRFLOW_CTX_TRY_NUMBER='1' AIRFLOW_CTX_DAG_RUN_ID='scheduled__2024-07-06T06:15:00+00:00'
[2024-07-11T08:22:01.653+0000] {taskinstance.py:430} INFO - ::endgroup::
[2024-07-11T08:22:01.658+0000] {python.py:237} INFO - Done. Returned value was:     SECURITY_ID  OPEN_PRICE  ...  PREVIOUS_DAY_PRICE            PRICE_ID
0          ADBL       283.0  ...               285.2     ADBL_2024-07-10
1       ADBLD83      1118.0  ...              1138.5  ADBLD83_2024-07-10
2           AHL       530.9  ...               521.3      AHL_2024-07-10
3          AHPC       154.0  ...               154.8     AHPC_2024-07-10
4         AKJCL       224.0  ...               221.0    AKJCL_2024-07-10
..          ...         ...  ...                 ...                 ...
316        USHL       580.0  ...               575.7     USHL_2024-07-10
317        USLB      1833.0  ...              1797.9     USLB_2024-07-10
318        VLBS      1060.0  ...              1050.0     VLBS_2024-07-10
319       VLUCL       520.0  ...               513.0    VLUCL_2024-07-10
320        WNLB      1550.0  ...              1522.0     WNLB_2024-07-10

[321 rows x 8 columns]
[2024-07-11T08:22:01.666+0000] {taskinstance.py:441} INFO - ::group::Post task execution logs
[2024-07-11T08:22:01.693+0000] {taskinstance.py:1206} INFO - Marking task as SUCCESS. dag_id=market_etl, task_id=create_price_dimension, run_id=scheduled__2024-07-06T06:15:00+00:00, execution_date=20240706T061500, start_date=20240711T082201, end_date=20240711T082201
[2024-07-11T08:22:01.742+0000] {local_task_job_runner.py:240} INFO - Task exited with return code 0
[2024-07-11T08:22:01.753+0000] {local_task_job_runner.py:222} INFO - ::endgroup::
