[2024-07-10T09:15:40.675+0000] {local_task_job_runner.py:120} INFO - ::group::Pre task execution logs
[2024-07-10T09:15:40.706+0000] {taskinstance.py:2076} INFO - Dependencies all met for dep_context=non-requeueable deps ti=<TaskInstance: market_etl.create_date_dimension scheduled__2024-07-01T06:15:00+00:00 [queued]>
[2024-07-10T09:15:40.718+0000] {taskinstance.py:2076} INFO - Dependencies all met for dep_context=requeueable deps ti=<TaskInstance: market_etl.create_date_dimension scheduled__2024-07-01T06:15:00+00:00 [queued]>
[2024-07-10T09:15:40.719+0000] {taskinstance.py:2306} INFO - Starting attempt 1 of 4
[2024-07-10T09:15:40.744+0000] {taskinstance.py:2330} INFO - Executing <Task(_PythonDecoratedOperator): create_date_dimension> on 2024-07-01 06:15:00+00:00
[2024-07-10T09:15:40.759+0000] {warnings.py:112} WARNING - /home/airflow/.local/lib/python3.12/site-packages/airflow/task/task_runner/standard_task_runner.py:61: DeprecationWarning: This process (pid=643) is multi-threaded, use of fork() may lead to deadlocks in the child.
  pid = os.fork()

[2024-07-10T09:15:40.763+0000] {standard_task_runner.py:63} INFO - Started process 651 to run task
[2024-07-10T09:15:40.762+0000] {standard_task_runner.py:90} INFO - Running: ['airflow', 'tasks', 'run', 'market_etl', 'create_date_dimension', 'scheduled__2024-07-01T06:15:00+00:00', '--job-id', '344', '--raw', '--subdir', 'DAGS_FOLDER/etl.py', '--cfg-path', '/tmp/tmpn7twxx9u']
[2024-07-10T09:15:40.765+0000] {standard_task_runner.py:91} INFO - Job 344: Subtask create_date_dimension
[2024-07-10T09:15:40.853+0000] {task_command.py:426} INFO - Running <TaskInstance: market_etl.create_date_dimension scheduled__2024-07-01T06:15:00+00:00 [running]> on host 514b016b59c3
[2024-07-10T09:15:41.201+0000] {taskinstance.py:2648} INFO - Exporting env vars: AIRFLOW_CTX_DAG_OWNER='airflow' AIRFLOW_CTX_DAG_ID='market_etl' AIRFLOW_CTX_TASK_ID='create_date_dimension' AIRFLOW_CTX_EXECUTION_DATE='2024-07-01T06:15:00+00:00' AIRFLOW_CTX_TRY_NUMBER='1' AIRFLOW_CTX_DAG_RUN_ID='scheduled__2024-07-01T06:15:00+00:00'
[2024-07-10T09:15:41.207+0000] {taskinstance.py:430} INFO - ::endgroup::
[2024-07-10T09:15:41.224+0000] {python.py:237} INFO - Done. Returned value was:   BUSINESS_DATE  YEAR  MONTH  WEEK  DAY
0    2024-07-09  2024      7    28    9
[2024-07-10T09:15:41.237+0000] {taskinstance.py:441} INFO - ::group::Post task execution logs
[2024-07-10T09:15:41.295+0000] {taskinstance.py:1206} INFO - Marking task as SUCCESS. dag_id=market_etl, task_id=create_date_dimension, run_id=scheduled__2024-07-01T06:15:00+00:00, execution_date=20240701T061500, start_date=20240710T091540, end_date=20240710T091541
[2024-07-10T09:15:41.317+0000] {local_task_job_runner.py:240} INFO - Task exited with return code 0
[2024-07-10T09:15:41.347+0000] {local_task_job_runner.py:222} INFO - ::endgroup::
[2024-07-10T09:54:22.989+0000] {local_task_job_runner.py:120} INFO - ::group::Pre task execution logs
[2024-07-10T09:54:23.031+0000] {taskinstance.py:2076} INFO - Dependencies all met for dep_context=non-requeueable deps ti=<TaskInstance: market_etl.create_date_dimension scheduled__2024-07-01T06:15:00+00:00 [queued]>
[2024-07-10T09:54:23.041+0000] {taskinstance.py:2076} INFO - Dependencies all met for dep_context=requeueable deps ti=<TaskInstance: market_etl.create_date_dimension scheduled__2024-07-01T06:15:00+00:00 [queued]>
[2024-07-10T09:54:23.041+0000] {taskinstance.py:2306} INFO - Starting attempt 1 of 4
[2024-07-10T09:54:23.052+0000] {taskinstance.py:2330} INFO - Executing <Task(_PythonDecoratedOperator): create_date_dimension> on 2024-07-01 06:15:00+00:00
[2024-07-10T09:54:23.085+0000] {warnings.py:112} WARNING - /home/airflow/.local/lib/python3.12/site-packages/airflow/task/task_runner/standard_task_runner.py:61: DeprecationWarning: This process (pid=642) is multi-threaded, use of fork() may lead to deadlocks in the child.
  pid = os.fork()

[2024-07-10T09:54:23.089+0000] {standard_task_runner.py:63} INFO - Started process 647 to run task
[2024-07-10T09:54:23.091+0000] {standard_task_runner.py:90} INFO - Running: ['airflow', 'tasks', 'run', 'market_etl', 'create_date_dimension', 'scheduled__2024-07-01T06:15:00+00:00', '--job-id', '591', '--raw', '--subdir', 'DAGS_FOLDER/etl.py', '--cfg-path', '/tmp/tmp7k_9diju']
[2024-07-10T09:54:23.097+0000] {standard_task_runner.py:91} INFO - Job 591: Subtask create_date_dimension
[2024-07-10T09:54:23.180+0000] {task_command.py:426} INFO - Running <TaskInstance: market_etl.create_date_dimension scheduled__2024-07-01T06:15:00+00:00 [running]> on host 514b016b59c3
[2024-07-10T09:54:23.419+0000] {taskinstance.py:2648} INFO - Exporting env vars: AIRFLOW_CTX_DAG_OWNER='airflow' AIRFLOW_CTX_DAG_ID='market_etl' AIRFLOW_CTX_TASK_ID='create_date_dimension' AIRFLOW_CTX_EXECUTION_DATE='2024-07-01T06:15:00+00:00' AIRFLOW_CTX_TRY_NUMBER='1' AIRFLOW_CTX_DAG_RUN_ID='scheduled__2024-07-01T06:15:00+00:00'
[2024-07-10T09:54:23.425+0000] {taskinstance.py:430} INFO - ::endgroup::
[2024-07-10T09:54:23.436+0000] {python.py:237} INFO - Done. Returned value was:   BUSINESS_DATE  YEAR  MONTH  WEEK  DAY
0    2024-07-09  2024      7    28    9
[2024-07-10T09:54:23.441+0000] {taskinstance.py:441} INFO - ::group::Post task execution logs
[2024-07-10T09:54:23.486+0000] {taskinstance.py:1206} INFO - Marking task as SUCCESS. dag_id=market_etl, task_id=create_date_dimension, run_id=scheduled__2024-07-01T06:15:00+00:00, execution_date=20240701T061500, start_date=20240710T095423, end_date=20240710T095423
[2024-07-10T09:54:23.519+0000] {local_task_job_runner.py:240} INFO - Task exited with return code 0
[2024-07-10T09:54:23.561+0000] {local_task_job_runner.py:222} INFO - ::endgroup::
[2024-07-10T11:36:31.532+0000] {local_task_job_runner.py:120} INFO - ::group::Pre task execution logs
[2024-07-10T11:36:31.566+0000] {taskinstance.py:2076} INFO - Dependencies all met for dep_context=non-requeueable deps ti=<TaskInstance: market_etl.create_date_dimension scheduled__2024-07-01T06:15:00+00:00 [queued]>
[2024-07-10T11:36:31.590+0000] {taskinstance.py:2076} INFO - Dependencies all met for dep_context=requeueable deps ti=<TaskInstance: market_etl.create_date_dimension scheduled__2024-07-01T06:15:00+00:00 [queued]>
[2024-07-10T11:36:31.591+0000] {taskinstance.py:2306} INFO - Starting attempt 1 of 4
[2024-07-10T11:36:31.618+0000] {taskinstance.py:2330} INFO - Executing <Task(_PythonDecoratedOperator): create_date_dimension> on 2024-07-01 06:15:00+00:00
[2024-07-10T11:36:31.636+0000] {warnings.py:112} WARNING - /home/airflow/.local/lib/python3.12/site-packages/airflow/task/task_runner/standard_task_runner.py:61: DeprecationWarning: This process (pid=764) is multi-threaded, use of fork() may lead to deadlocks in the child.
  pid = os.fork()

[2024-07-10T11:36:31.646+0000] {standard_task_runner.py:63} INFO - Started process 770 to run task
[2024-07-10T11:36:31.655+0000] {standard_task_runner.py:90} INFO - Running: ['airflow', 'tasks', 'run', 'market_etl', 'create_date_dimension', 'scheduled__2024-07-01T06:15:00+00:00', '--job-id', '745', '--raw', '--subdir', 'DAGS_FOLDER/etl.py', '--cfg-path', '/tmp/tmp5lw15gu0']
[2024-07-10T11:36:31.668+0000] {standard_task_runner.py:91} INFO - Job 745: Subtask create_date_dimension
[2024-07-10T11:36:31.785+0000] {task_command.py:426} INFO - Running <TaskInstance: market_etl.create_date_dimension scheduled__2024-07-01T06:15:00+00:00 [running]> on host 514b016b59c3
[2024-07-10T11:36:32.332+0000] {taskinstance.py:2648} INFO - Exporting env vars: AIRFLOW_CTX_DAG_OWNER='airflow' AIRFLOW_CTX_DAG_ID='market_etl' AIRFLOW_CTX_TASK_ID='create_date_dimension' AIRFLOW_CTX_EXECUTION_DATE='2024-07-01T06:15:00+00:00' AIRFLOW_CTX_TRY_NUMBER='1' AIRFLOW_CTX_DAG_RUN_ID='scheduled__2024-07-01T06:15:00+00:00'
[2024-07-10T11:36:32.337+0000] {taskinstance.py:430} INFO - ::endgroup::
[2024-07-10T11:36:32.354+0000] {python.py:237} INFO - Done. Returned value was:   BUSINESS_DATE  YEAR  MONTH  WEEK  DAY
0    2024-07-09  2024      7    28    9
[2024-07-10T11:36:32.374+0000] {taskinstance.py:441} INFO - ::group::Post task execution logs
[2024-07-10T11:36:32.443+0000] {taskinstance.py:1206} INFO - Marking task as SUCCESS. dag_id=market_etl, task_id=create_date_dimension, run_id=scheduled__2024-07-01T06:15:00+00:00, execution_date=20240701T061500, start_date=20240710T113631, end_date=20240710T113632
[2024-07-10T11:36:32.537+0000] {local_task_job_runner.py:240} INFO - Task exited with return code 0
[2024-07-10T11:36:32.587+0000] {local_task_job_runner.py:222} INFO - ::endgroup::
[2024-07-11T08:19:24.122+0000] {local_task_job_runner.py:120} INFO - ::group::Pre task execution logs
[2024-07-11T08:19:24.137+0000] {taskinstance.py:2076} INFO - Dependencies all met for dep_context=non-requeueable deps ti=<TaskInstance: market_etl.create_date_dimension scheduled__2024-07-01T06:15:00+00:00 [queued]>
[2024-07-11T08:19:24.143+0000] {taskinstance.py:2076} INFO - Dependencies all met for dep_context=requeueable deps ti=<TaskInstance: market_etl.create_date_dimension scheduled__2024-07-01T06:15:00+00:00 [queued]>
[2024-07-11T08:19:24.143+0000] {taskinstance.py:2306} INFO - Starting attempt 1 of 4
[2024-07-11T08:19:24.151+0000] {taskinstance.py:2330} INFO - Executing <Task(_PythonDecoratedOperator): create_date_dimension> on 2024-07-01 06:15:00+00:00
[2024-07-11T08:19:24.161+0000] {warnings.py:112} WARNING - /home/airflow/.local/lib/python3.12/site-packages/airflow/task/task_runner/standard_task_runner.py:61: DeprecationWarning: This process (pid=614) is multi-threaded, use of fork() may lead to deadlocks in the child.
  pid = os.fork()

[2024-07-11T08:19:24.162+0000] {standard_task_runner.py:63} INFO - Started process 618 to run task
[2024-07-11T08:19:24.163+0000] {standard_task_runner.py:90} INFO - Running: ['airflow', 'tasks', 'run', 'market_etl', 'create_date_dimension', 'scheduled__2024-07-01T06:15:00+00:00', '--job-id', '1137', '--raw', '--subdir', 'DAGS_FOLDER/etl.py', '--cfg-path', '/tmp/tmpddyhuumt']
[2024-07-11T08:19:24.169+0000] {standard_task_runner.py:91} INFO - Job 1137: Subtask create_date_dimension
[2024-07-11T08:19:24.234+0000] {task_command.py:426} INFO - Running <TaskInstance: market_etl.create_date_dimension scheduled__2024-07-01T06:15:00+00:00 [running]> on host aa283b53dd54
[2024-07-11T08:19:24.421+0000] {taskinstance.py:2648} INFO - Exporting env vars: AIRFLOW_CTX_DAG_OWNER='airflow' AIRFLOW_CTX_DAG_ID='market_etl' AIRFLOW_CTX_TASK_ID='create_date_dimension' AIRFLOW_CTX_EXECUTION_DATE='2024-07-01T06:15:00+00:00' AIRFLOW_CTX_TRY_NUMBER='1' AIRFLOW_CTX_DAG_RUN_ID='scheduled__2024-07-01T06:15:00+00:00'
[2024-07-11T08:19:24.422+0000] {taskinstance.py:430} INFO - ::endgroup::
[2024-07-11T08:19:24.426+0000] {python.py:237} INFO - Done. Returned value was:   BUSINESS_DATE  YEAR  MONTH  WEEK  DAY
0    2024-07-10  2024      7    28   10
[2024-07-11T08:19:24.430+0000] {taskinstance.py:441} INFO - ::group::Post task execution logs
[2024-07-11T08:19:24.463+0000] {taskinstance.py:1206} INFO - Marking task as SUCCESS. dag_id=market_etl, task_id=create_date_dimension, run_id=scheduled__2024-07-01T06:15:00+00:00, execution_date=20240701T061500, start_date=20240711T081924, end_date=20240711T081924
[2024-07-11T08:19:24.514+0000] {local_task_job_runner.py:240} INFO - Task exited with return code 0
[2024-07-11T08:19:24.525+0000] {local_task_job_runner.py:222} INFO - ::endgroup::
