[2024-07-11T08:31:00.427+0000] {local_task_job_runner.py:120} INFO - ::group::Pre task execution logs
[2024-07-11T08:31:00.480+0000] {taskinstance.py:2076} INFO - Dependencies all met for dep_context=non-requeueable deps ti=<TaskInstance: market_etl.upload_to_s3__2 manual__2024-07-11T08:30:32.907287+00:00 [queued]>
[2024-07-11T08:31:00.495+0000] {taskinstance.py:2076} INFO - Dependencies all met for dep_context=requeueable deps ti=<TaskInstance: market_etl.upload_to_s3__2 manual__2024-07-11T08:30:32.907287+00:00 [queued]>
[2024-07-11T08:31:00.496+0000] {taskinstance.py:2306} INFO - Starting attempt 1 of 4
[2024-07-11T08:31:00.517+0000] {taskinstance.py:2330} INFO - Executing <Task(_PythonDecoratedOperator): upload_to_s3__2> on 2024-07-11 08:30:32.907287+00:00
[2024-07-11T08:31:00.538+0000] {warnings.py:112} WARNING - /home/airflow/.local/lib/python3.12/site-packages/airflow/task/task_runner/standard_task_runner.py:61: DeprecationWarning: This process (pid=135) is multi-threaded, use of fork() may lead to deadlocks in the child.
  pid = os.fork()

[2024-07-11T08:31:00.543+0000] {standard_task_runner.py:63} INFO - Started process 142 to run task
[2024-07-11T08:31:00.546+0000] {standard_task_runner.py:90} INFO - Running: ['airflow', 'tasks', 'run', 'market_etl', 'upload_to_s3__2', 'manual__2024-07-11T08:30:32.907287+00:00', '--job-id', '1266', '--raw', '--subdir', 'DAGS_FOLDER/etl.py', '--cfg-path', '/tmp/tmpn52gj8ha']
[2024-07-11T08:31:00.555+0000] {standard_task_runner.py:91} INFO - Job 1266: Subtask upload_to_s3__2
[2024-07-11T08:31:00.662+0000] {task_command.py:426} INFO - Running <TaskInstance: market_etl.upload_to_s3__2 manual__2024-07-11T08:30:32.907287+00:00 [running]> on host aa283b53dd54
[2024-07-11T08:31:01.016+0000] {taskinstance.py:2648} INFO - Exporting env vars: AIRFLOW_CTX_DAG_OWNER='airflow' AIRFLOW_CTX_DAG_ID='market_etl' AIRFLOW_CTX_TASK_ID='upload_to_s3__2' AIRFLOW_CTX_EXECUTION_DATE='2024-07-11T08:30:32.907287+00:00' AIRFLOW_CTX_TRY_NUMBER='1' AIRFLOW_CTX_DAG_RUN_ID='manual__2024-07-11T08:30:32.907287+00:00'
[2024-07-11T08:31:01.019+0000] {taskinstance.py:430} INFO - ::endgroup::
[2024-07-11T08:31:01.045+0000] {base.py:84} INFO - Using connection ID 'aws_default' for task execution.
[2024-07-11T08:31:01.046+0000] {connection_wrapper.py:384} INFO - AWS Connection (conn_id='aws_default', conn_type='aws') credentials retrieved from login and password.
[2024-07-11T08:31:01.047+0000] {connection_wrapper.py:401} INFO - AWS Connection (conn_id='aws_default', conn_type='aws') session token retrieved from extra, please note you are responsible for renewing these.
[2024-07-11T08:31:03.910+0000] {python.py:237} INFO - Done. Returned value was: nepse_date_dimension_2024-07-10.csv
[2024-07-11T08:31:03.915+0000] {taskinstance.py:441} INFO - ::group::Post task execution logs
[2024-07-11T08:31:04.009+0000] {taskinstance.py:1206} INFO - Marking task as SUCCESS. dag_id=market_etl, task_id=upload_to_s3__2, run_id=manual__2024-07-11T08:30:32.907287+00:00, execution_date=20240711T083032, start_date=20240711T083100, end_date=20240711T083104
[2024-07-11T08:31:04.047+0000] {local_task_job_runner.py:240} INFO - Task exited with return code 0
[2024-07-11T08:31:04.079+0000] {taskinstance.py:3503} INFO - 0 downstream tasks scheduled from follow-on schedule check
[2024-07-11T08:31:04.080+0000] {local_task_job_runner.py:222} INFO - ::endgroup::
