[2024-07-10T09:51:51.168+0000] {local_task_job_runner.py:120} INFO - ::group::Pre task execution logs
[2024-07-10T09:51:51.192+0000] {taskinstance.py:2076} INFO - Dependencies all met for dep_context=non-requeueable deps ti=<TaskInstance: market_etl.create_security_dimension manual__2024-07-10T09:51:03.842635+00:00 [queued]>
[2024-07-10T09:51:51.217+0000] {taskinstance.py:2076} INFO - Dependencies all met for dep_context=requeueable deps ti=<TaskInstance: market_etl.create_security_dimension manual__2024-07-10T09:51:03.842635+00:00 [queued]>
[2024-07-10T09:51:51.217+0000] {taskinstance.py:2306} INFO - Starting attempt 1 of 4
[2024-07-10T09:51:51.304+0000] {taskinstance.py:2330} INFO - Executing <Task(_PythonDecoratedOperator): create_security_dimension> on 2024-07-10 09:51:03.842635+00:00
[2024-07-10T09:51:51.362+0000] {warnings.py:112} WARNING - /home/airflow/.local/lib/python3.12/site-packages/airflow/task/task_runner/standard_task_runner.py:61: DeprecationWarning: This process (pid=182) is multi-threaded, use of fork() may lead to deadlocks in the child.
  pid = os.fork()

[2024-07-10T09:51:51.364+0000] {standard_task_runner.py:63} INFO - Started process 186 to run task
[2024-07-10T09:51:51.363+0000] {standard_task_runner.py:90} INFO - Running: ['airflow', 'tasks', 'run', 'market_etl', 'create_security_dimension', 'manual__2024-07-10T09:51:03.842635+00:00', '--job-id', '545', '--raw', '--subdir', 'DAGS_FOLDER/etl.py', '--cfg-path', '/tmp/tmphyrwbvk3']
[2024-07-10T09:51:51.369+0000] {standard_task_runner.py:91} INFO - Job 545: Subtask create_security_dimension
[2024-07-10T09:51:51.561+0000] {task_command.py:426} INFO - Running <TaskInstance: market_etl.create_security_dimension manual__2024-07-10T09:51:03.842635+00:00 [running]> on host 514b016b59c3
[2024-07-10T09:51:51.888+0000] {taskinstance.py:2648} INFO - Exporting env vars: AIRFLOW_CTX_DAG_OWNER='airflow' AIRFLOW_CTX_DAG_ID='market_etl' AIRFLOW_CTX_TASK_ID='create_security_dimension' AIRFLOW_CTX_EXECUTION_DATE='2024-07-10T09:51:03.842635+00:00' AIRFLOW_CTX_TRY_NUMBER='1' AIRFLOW_CTX_DAG_RUN_ID='manual__2024-07-10T09:51:03.842635+00:00'
[2024-07-10T09:51:51.889+0000] {taskinstance.py:430} INFO - ::endgroup::
[2024-07-10T09:51:51.894+0000] {python.py:237} INFO - Done. Returned value was:     SECURITY_ID  MARKET_CAPITALIZATION  ...  FIFTY_TWO_WEEKS_LOW  SECURITY_STOCK_ID
0          ADBL               38364.17  ...                220.5    ADBL_2024-07-09
1           AHL                1772.42  ...                273.1     AHL_2024-07-09
2          AHPC                5783.21  ...                149.0    AHPC_2024-07-09
3         AKJCL                1768.00  ...                141.3   AKJCL_2024-07-09
4          AKPL                6389.35  ...                152.4    AKPL_2024-07-09
..          ...                    ...  ...                  ...                ...
310        USHL                1266.54  ...                253.6    USHL_2024-07-09
311        USLB                4438.40  ...                591.1    USLB_2024-07-09
312        VLBS                7822.92  ...                546.1    VLBS_2024-07-09
313       VLUCL                9811.13  ...                365.3   VLUCL_2024-07-09
314        WNLB                1205.60  ...                680.0    WNLB_2024-07-09

[315 rows x 5 columns]
[2024-07-10T09:51:51.900+0000] {taskinstance.py:441} INFO - ::group::Post task execution logs
[2024-07-10T09:51:51.964+0000] {taskinstance.py:1206} INFO - Marking task as SUCCESS. dag_id=market_etl, task_id=create_security_dimension, run_id=manual__2024-07-10T09:51:03.842635+00:00, execution_date=20240710T095103, start_date=20240710T095151, end_date=20240710T095151
[2024-07-10T09:51:52.007+0000] {local_task_job_runner.py:240} INFO - Task exited with return code 0
[2024-07-10T09:51:52.023+0000] {local_task_job_runner.py:222} INFO - ::endgroup::
