[2024-07-10T10:05:24.907+0000] {local_task_job_runner.py:120} INFO - ::group::Pre task execution logs
[2024-07-10T10:05:24.935+0000] {taskinstance.py:2076} INFO - Dependencies all met for dep_context=non-requeueable deps ti=<TaskInstance: market_etl.load_data_to_postgres manual__2024-07-10T10:04:38.133311+00:00 [queued]>
[2024-07-10T10:05:24.941+0000] {taskinstance.py:2076} INFO - Dependencies all met for dep_context=requeueable deps ti=<TaskInstance: market_etl.load_data_to_postgres manual__2024-07-10T10:04:38.133311+00:00 [queued]>
[2024-07-10T10:05:24.942+0000] {taskinstance.py:2306} INFO - Starting attempt 1 of 4
[2024-07-10T10:05:24.949+0000] {taskinstance.py:2330} INFO - Executing <Task(_PythonDecoratedOperator): load_data_to_postgres> on 2024-07-10 10:04:38.133311+00:00
[2024-07-10T10:05:24.957+0000] {warnings.py:112} WARNING - /home/airflow/.local/lib/python3.12/site-packages/airflow/task/task_runner/standard_task_runner.py:61: DeprecationWarning: This process (pid=205) is multi-threaded, use of fork() may lead to deadlocks in the child.
  pid = os.fork()

[2024-07-10T10:05:24.958+0000] {standard_task_runner.py:63} INFO - Started process 207 to run task
[2024-07-10T10:05:24.959+0000] {standard_task_runner.py:90} INFO - Running: ['airflow', 'tasks', 'run', 'market_etl', 'load_data_to_postgres', 'manual__2024-07-10T10:04:38.133311+00:00', '--job-id', '677', '--raw', '--subdir', 'DAGS_FOLDER/etl.py', '--cfg-path', '/tmp/tmpdcqt4y80']
[2024-07-10T10:05:24.961+0000] {standard_task_runner.py:91} INFO - Job 677: Subtask load_data_to_postgres
[2024-07-10T10:05:25.134+0000] {task_command.py:426} INFO - Running <TaskInstance: market_etl.load_data_to_postgres manual__2024-07-10T10:04:38.133311+00:00 [running]> on host 514b016b59c3
[2024-07-10T10:05:25.508+0000] {taskinstance.py:2648} INFO - Exporting env vars: AIRFLOW_CTX_DAG_OWNER='airflow' AIRFLOW_CTX_DAG_ID='market_etl' AIRFLOW_CTX_TASK_ID='load_data_to_postgres' AIRFLOW_CTX_EXECUTION_DATE='2024-07-10T10:04:38.133311+00:00' AIRFLOW_CTX_TRY_NUMBER='1' AIRFLOW_CTX_DAG_RUN_ID='manual__2024-07-10T10:04:38.133311+00:00'
[2024-07-10T10:05:25.511+0000] {taskinstance.py:430} INFO - ::endgroup::
[2024-07-10T10:05:25.523+0000] {base.py:84} INFO - Using connection ID 'market_database_conn' for task execution.
[2024-07-10T10:05:25.598+0000] {python.py:237} INFO - Done. Returned value was: None
[2024-07-10T10:05:25.599+0000] {taskinstance.py:441} INFO - ::group::Post task execution logs
[2024-07-10T10:05:25.611+0000] {taskinstance.py:1206} INFO - Marking task as SUCCESS. dag_id=market_etl, task_id=load_data_to_postgres, run_id=manual__2024-07-10T10:04:38.133311+00:00, execution_date=20240710T100438, start_date=20240710T100524, end_date=20240710T100525
[2024-07-10T10:05:25.657+0000] {local_task_job_runner.py:240} INFO - Task exited with return code 0
[2024-07-10T10:05:25.681+0000] {taskinstance.py:3503} INFO - 0 downstream tasks scheduled from follow-on schedule check
[2024-07-10T10:05:25.682+0000] {local_task_job_runner.py:222} INFO - ::endgroup::
