[2024-07-10T09:15:16.164+0000] {local_task_job_runner.py:120} INFO - ::group::Pre task execution logs
[2024-07-10T09:15:16.197+0000] {taskinstance.py:2076} INFO - Dependencies all met for dep_context=non-requeueable deps ti=<TaskInstance: market_etl.create_price_dimension scheduled__2024-06-30T06:15:00+00:00 [queued]>
[2024-07-10T09:15:16.219+0000] {taskinstance.py:2076} INFO - Dependencies all met for dep_context=requeueable deps ti=<TaskInstance: market_etl.create_price_dimension scheduled__2024-06-30T06:15:00+00:00 [queued]>
[2024-07-10T09:15:16.222+0000] {taskinstance.py:2306} INFO - Starting attempt 1 of 4
[2024-07-10T09:15:16.247+0000] {taskinstance.py:2330} INFO - Executing <Task(_PythonDecoratedOperator): create_price_dimension> on 2024-06-30 06:15:00+00:00
[2024-07-10T09:15:16.286+0000] {warnings.py:112} WARNING - /home/airflow/.local/lib/python3.12/site-packages/airflow/task/task_runner/standard_task_runner.py:61: DeprecationWarning: This process (pid=567) is multi-threaded, use of fork() may lead to deadlocks in the child.
  pid = os.fork()

[2024-07-10T09:15:16.288+0000] {standard_task_runner.py:63} INFO - Started process 573 to run task
[2024-07-10T09:15:16.291+0000] {standard_task_runner.py:90} INFO - Running: ['airflow', 'tasks', 'run', 'market_etl', 'create_price_dimension', 'scheduled__2024-06-30T06:15:00+00:00', '--job-id', '333', '--raw', '--subdir', 'DAGS_FOLDER/etl.py', '--cfg-path', '/tmp/tmpbjz1qmoj']
[2024-07-10T09:15:16.295+0000] {standard_task_runner.py:91} INFO - Job 333: Subtask create_price_dimension
[2024-07-10T09:15:16.452+0000] {task_command.py:426} INFO - Running <TaskInstance: market_etl.create_price_dimension scheduled__2024-06-30T06:15:00+00:00 [running]> on host 514b016b59c3
[2024-07-10T09:15:16.850+0000] {taskinstance.py:2648} INFO - Exporting env vars: AIRFLOW_CTX_DAG_OWNER='airflow' AIRFLOW_CTX_DAG_ID='market_etl' AIRFLOW_CTX_TASK_ID='create_price_dimension' AIRFLOW_CTX_EXECUTION_DATE='2024-06-30T06:15:00+00:00' AIRFLOW_CTX_TRY_NUMBER='1' AIRFLOW_CTX_DAG_RUN_ID='scheduled__2024-06-30T06:15:00+00:00'
[2024-07-10T09:15:16.853+0000] {taskinstance.py:430} INFO - ::endgroup::
[2024-07-10T09:15:16.866+0000] {python.py:237} INFO - Done. Returned value was:     SECURITY_ID  OPEN_PRICE  ...  Close_Date                   PRICE_ID
0          ADBL       286.1  ...  2024-07-09   ADBL_2024-07-09 00:00:00
1           AHL       520.0  ...  2024-07-09    AHL_2024-07-09 00:00:00
2          AHPC       157.2  ...  2024-07-09   AHPC_2024-07-09 00:00:00
3         AKJCL       220.2  ...  2024-07-09  AKJCL_2024-07-09 00:00:00
4          AKPL       162.6  ...  2024-07-09   AKPL_2024-07-09 00:00:00
..          ...         ...  ...         ...                        ...
310        USHL       588.0  ...  2024-07-09   USHL_2024-07-09 00:00:00
311        USLB      1765.0  ...  2024-07-09   USLB_2024-07-09 00:00:00
312        VLBS      1050.0  ...  2024-07-09   VLBS_2024-07-09 00:00:00
313       VLUCL       508.0  ...  2024-07-09  VLUCL_2024-07-09 00:00:00
314        WNLB      1441.0  ...  2024-07-09   WNLB_2024-07-09 00:00:00

[315 rows x 9 columns]
[2024-07-10T09:15:16.880+0000] {taskinstance.py:441} INFO - ::group::Post task execution logs
[2024-07-10T09:15:16.955+0000] {taskinstance.py:1206} INFO - Marking task as SUCCESS. dag_id=market_etl, task_id=create_price_dimension, run_id=scheduled__2024-06-30T06:15:00+00:00, execution_date=20240630T061500, start_date=20240710T091516, end_date=20240710T091516
[2024-07-10T09:15:17.012+0000] {local_task_job_runner.py:240} INFO - Task exited with return code 0
[2024-07-10T09:15:17.046+0000] {local_task_job_runner.py:222} INFO - ::endgroup::
[2024-07-10T09:24:12.888+0000] {local_task_job_runner.py:120} INFO - ::group::Pre task execution logs
[2024-07-10T09:24:12.907+0000] {taskinstance.py:2076} INFO - Dependencies all met for dep_context=non-requeueable deps ti=<TaskInstance: market_etl.create_price_dimension scheduled__2024-06-30T06:15:00+00:00 [queued]>
[2024-07-10T09:24:12.915+0000] {taskinstance.py:2076} INFO - Dependencies all met for dep_context=requeueable deps ti=<TaskInstance: market_etl.create_price_dimension scheduled__2024-06-30T06:15:00+00:00 [queued]>
[2024-07-10T09:24:12.915+0000] {taskinstance.py:2306} INFO - Starting attempt 1 of 4
[2024-07-10T09:24:12.941+0000] {taskinstance.py:2330} INFO - Executing <Task(_PythonDecoratedOperator): create_price_dimension> on 2024-06-30 06:15:00+00:00
[2024-07-10T09:24:12.954+0000] {warnings.py:112} WARNING - /home/airflow/.local/lib/python3.12/site-packages/airflow/task/task_runner/standard_task_runner.py:61: DeprecationWarning: This process (pid=565) is multi-threaded, use of fork() may lead to deadlocks in the child.
  pid = os.fork()

[2024-07-10T09:24:12.957+0000] {standard_task_runner.py:63} INFO - Started process 572 to run task
[2024-07-10T09:24:12.960+0000] {standard_task_runner.py:90} INFO - Running: ['airflow', 'tasks', 'run', 'market_etl', 'create_price_dimension', 'scheduled__2024-06-30T06:15:00+00:00', '--job-id', '457', '--raw', '--subdir', 'DAGS_FOLDER/etl.py', '--cfg-path', '/tmp/tmp66kv3wc_']
[2024-07-10T09:24:12.982+0000] {standard_task_runner.py:91} INFO - Job 457: Subtask create_price_dimension
[2024-07-10T09:24:13.217+0000] {task_command.py:426} INFO - Running <TaskInstance: market_etl.create_price_dimension scheduled__2024-06-30T06:15:00+00:00 [running]> on host 514b016b59c3
[2024-07-10T09:24:13.550+0000] {taskinstance.py:2648} INFO - Exporting env vars: AIRFLOW_CTX_DAG_OWNER='airflow' AIRFLOW_CTX_DAG_ID='market_etl' AIRFLOW_CTX_TASK_ID='create_price_dimension' AIRFLOW_CTX_EXECUTION_DATE='2024-06-30T06:15:00+00:00' AIRFLOW_CTX_TRY_NUMBER='1' AIRFLOW_CTX_DAG_RUN_ID='scheduled__2024-06-30T06:15:00+00:00'
[2024-07-10T09:24:13.552+0000] {taskinstance.py:430} INFO - ::endgroup::
[2024-07-10T09:24:13.559+0000] {python.py:237} INFO - Done. Returned value was:     SECURITY_ID  OPEN_PRICE  ...  Close_Date                   PRICE_ID
0          ADBL       286.1  ...  2024-07-09   ADBL_2024-07-09 00:00:00
1           AHL       520.0  ...  2024-07-09    AHL_2024-07-09 00:00:00
2          AHPC       157.2  ...  2024-07-09   AHPC_2024-07-09 00:00:00
3         AKJCL       220.2  ...  2024-07-09  AKJCL_2024-07-09 00:00:00
4          AKPL       162.6  ...  2024-07-09   AKPL_2024-07-09 00:00:00
..          ...         ...  ...         ...                        ...
310        USHL       588.0  ...  2024-07-09   USHL_2024-07-09 00:00:00
311        USLB      1765.0  ...  2024-07-09   USLB_2024-07-09 00:00:00
312        VLBS      1050.0  ...  2024-07-09   VLBS_2024-07-09 00:00:00
313       VLUCL       508.0  ...  2024-07-09  VLUCL_2024-07-09 00:00:00
314        WNLB      1441.0  ...  2024-07-09   WNLB_2024-07-09 00:00:00

[315 rows x 9 columns]
[2024-07-10T09:24:13.583+0000] {taskinstance.py:441} INFO - ::group::Post task execution logs
[2024-07-10T09:24:13.647+0000] {taskinstance.py:1206} INFO - Marking task as SUCCESS. dag_id=market_etl, task_id=create_price_dimension, run_id=scheduled__2024-06-30T06:15:00+00:00, execution_date=20240630T061500, start_date=20240710T092412, end_date=20240710T092413
[2024-07-10T09:24:13.722+0000] {local_task_job_runner.py:240} INFO - Task exited with return code 0
[2024-07-10T09:24:13.826+0000] {taskinstance.py:3503} INFO - 0 downstream tasks scheduled from follow-on schedule check
[2024-07-10T09:24:13.831+0000] {local_task_job_runner.py:222} INFO - ::endgroup::
[2024-07-10T09:53:59.517+0000] {local_task_job_runner.py:120} INFO - ::group::Pre task execution logs
[2024-07-10T09:53:59.532+0000] {taskinstance.py:2076} INFO - Dependencies all met for dep_context=non-requeueable deps ti=<TaskInstance: market_etl.create_price_dimension scheduled__2024-06-30T06:15:00+00:00 [queued]>
[2024-07-10T09:53:59.538+0000] {taskinstance.py:2076} INFO - Dependencies all met for dep_context=requeueable deps ti=<TaskInstance: market_etl.create_price_dimension scheduled__2024-06-30T06:15:00+00:00 [queued]>
[2024-07-10T09:53:59.538+0000] {taskinstance.py:2306} INFO - Starting attempt 1 of 4
[2024-07-10T09:53:59.546+0000] {taskinstance.py:2330} INFO - Executing <Task(_PythonDecoratedOperator): create_price_dimension> on 2024-06-30 06:15:00+00:00
[2024-07-10T09:53:59.557+0000] {warnings.py:112} WARNING - /home/airflow/.local/lib/python3.12/site-packages/airflow/task/task_runner/standard_task_runner.py:61: DeprecationWarning: This process (pid=593) is multi-threaded, use of fork() may lead to deadlocks in the child.
  pid = os.fork()

[2024-07-10T09:53:59.558+0000] {standard_task_runner.py:63} INFO - Started process 597 to run task
[2024-07-10T09:53:59.560+0000] {standard_task_runner.py:90} INFO - Running: ['airflow', 'tasks', 'run', 'market_etl', 'create_price_dimension', 'scheduled__2024-06-30T06:15:00+00:00', '--job-id', '585', '--raw', '--subdir', 'DAGS_FOLDER/etl.py', '--cfg-path', '/tmp/tmpge9u99jc']
[2024-07-10T09:53:59.562+0000] {standard_task_runner.py:91} INFO - Job 585: Subtask create_price_dimension
[2024-07-10T09:53:59.622+0000] {task_command.py:426} INFO - Running <TaskInstance: market_etl.create_price_dimension scheduled__2024-06-30T06:15:00+00:00 [running]> on host 514b016b59c3
[2024-07-10T09:53:59.868+0000] {taskinstance.py:2648} INFO - Exporting env vars: AIRFLOW_CTX_DAG_OWNER='airflow' AIRFLOW_CTX_DAG_ID='market_etl' AIRFLOW_CTX_TASK_ID='create_price_dimension' AIRFLOW_CTX_EXECUTION_DATE='2024-06-30T06:15:00+00:00' AIRFLOW_CTX_TRY_NUMBER='1' AIRFLOW_CTX_DAG_RUN_ID='scheduled__2024-06-30T06:15:00+00:00'
[2024-07-10T09:53:59.869+0000] {taskinstance.py:430} INFO - ::endgroup::
[2024-07-10T09:53:59.873+0000] {python.py:237} INFO - Done. Returned value was:     SECURITY_ID  OPEN_PRICE  ...  PREVIOUS_DAY_PRICE          PRICE_ID
0          ADBL       286.1  ...               280.5   ADBL_2024-07-09
1           AHL       520.0  ...               517.0    AHL_2024-07-09
2          AHPC       157.2  ...               155.0   AHPC_2024-07-09
3         AKJCL       220.2  ...               224.0  AKJCL_2024-07-09
4          AKPL       162.6  ...               162.5   AKPL_2024-07-09
..          ...         ...  ...                 ...               ...
310        USHL       588.0  ...               582.0   USHL_2024-07-09
311        USLB      1765.0  ...              1731.9   USLB_2024-07-09
312        VLBS      1050.0  ...              1030.0   VLBS_2024-07-09
313       VLUCL       508.0  ...               508.8  VLUCL_2024-07-09
314        WNLB      1441.0  ...              1449.0   WNLB_2024-07-09

[315 rows x 8 columns]
[2024-07-10T09:53:59.880+0000] {taskinstance.py:441} INFO - ::group::Post task execution logs
[2024-07-10T09:53:59.924+0000] {taskinstance.py:1206} INFO - Marking task as SUCCESS. dag_id=market_etl, task_id=create_price_dimension, run_id=scheduled__2024-06-30T06:15:00+00:00, execution_date=20240630T061500, start_date=20240710T095359, end_date=20240710T095359
[2024-07-10T09:53:59.944+0000] {local_task_job_runner.py:240} INFO - Task exited with return code 0
[2024-07-10T09:53:59.983+0000] {taskinstance.py:3503} INFO - 1 downstream tasks scheduled from follow-on schedule check
[2024-07-10T09:53:59.984+0000] {local_task_job_runner.py:222} INFO - ::endgroup::
[2024-07-10T11:36:05.278+0000] {local_task_job_runner.py:120} INFO - ::group::Pre task execution logs
[2024-07-10T11:36:05.309+0000] {taskinstance.py:2076} INFO - Dependencies all met for dep_context=non-requeueable deps ti=<TaskInstance: market_etl.create_price_dimension scheduled__2024-06-30T06:15:00+00:00 [queued]>
[2024-07-10T11:36:05.324+0000] {taskinstance.py:2076} INFO - Dependencies all met for dep_context=requeueable deps ti=<TaskInstance: market_etl.create_price_dimension scheduled__2024-06-30T06:15:00+00:00 [queued]>
[2024-07-10T11:36:05.325+0000] {taskinstance.py:2306} INFO - Starting attempt 1 of 4
[2024-07-10T11:36:05.344+0000] {taskinstance.py:2330} INFO - Executing <Task(_PythonDecoratedOperator): create_price_dimension> on 2024-06-30 06:15:00+00:00
[2024-07-10T11:36:05.368+0000] {warnings.py:112} WARNING - /home/airflow/.local/lib/python3.12/site-packages/airflow/task/task_runner/standard_task_runner.py:61: DeprecationWarning: This process (pid=714) is multi-threaded, use of fork() may lead to deadlocks in the child.
  pid = os.fork()

[2024-07-10T11:36:05.373+0000] {standard_task_runner.py:63} INFO - Started process 718 to run task
[2024-07-10T11:36:05.376+0000] {standard_task_runner.py:90} INFO - Running: ['airflow', 'tasks', 'run', 'market_etl', 'create_price_dimension', 'scheduled__2024-06-30T06:15:00+00:00', '--job-id', '740', '--raw', '--subdir', 'DAGS_FOLDER/etl.py', '--cfg-path', '/tmp/tmprsvho7hx']
[2024-07-10T11:36:05.384+0000] {standard_task_runner.py:91} INFO - Job 740: Subtask create_price_dimension
[2024-07-10T11:36:05.517+0000] {task_command.py:426} INFO - Running <TaskInstance: market_etl.create_price_dimension scheduled__2024-06-30T06:15:00+00:00 [running]> on host 514b016b59c3
[2024-07-10T11:36:05.982+0000] {taskinstance.py:2648} INFO - Exporting env vars: AIRFLOW_CTX_DAG_OWNER='airflow' AIRFLOW_CTX_DAG_ID='market_etl' AIRFLOW_CTX_TASK_ID='create_price_dimension' AIRFLOW_CTX_EXECUTION_DATE='2024-06-30T06:15:00+00:00' AIRFLOW_CTX_TRY_NUMBER='1' AIRFLOW_CTX_DAG_RUN_ID='scheduled__2024-06-30T06:15:00+00:00'
[2024-07-10T11:36:05.986+0000] {taskinstance.py:430} INFO - ::endgroup::
[2024-07-10T11:36:06.003+0000] {python.py:237} INFO - Done. Returned value was:     SECURITY_ID  OPEN_PRICE  ...  PREVIOUS_DAY_PRICE          PRICE_ID
0          ADBL       286.1  ...               280.5   ADBL_2024-07-09
1           AHL       520.0  ...               517.0    AHL_2024-07-09
2          AHPC       157.2  ...               155.0   AHPC_2024-07-09
3         AKJCL       220.2  ...               224.0  AKJCL_2024-07-09
4          AKPL       162.6  ...               162.5   AKPL_2024-07-09
..          ...         ...  ...                 ...               ...
310        USHL       588.0  ...               582.0   USHL_2024-07-09
311        USLB      1765.0  ...              1731.9   USLB_2024-07-09
312        VLBS      1050.0  ...              1030.0   VLBS_2024-07-09
313       VLUCL       508.0  ...               508.8  VLUCL_2024-07-09
314        WNLB      1441.0  ...              1449.0   WNLB_2024-07-09

[315 rows x 8 columns]
[2024-07-10T11:36:06.049+0000] {taskinstance.py:441} INFO - ::group::Post task execution logs
[2024-07-10T11:36:06.112+0000] {taskinstance.py:1206} INFO - Marking task as SUCCESS. dag_id=market_etl, task_id=create_price_dimension, run_id=scheduled__2024-06-30T06:15:00+00:00, execution_date=20240630T061500, start_date=20240710T113605, end_date=20240710T113606
[2024-07-10T11:36:06.181+0000] {local_task_job_runner.py:240} INFO - Task exited with return code 0
[2024-07-10T11:36:06.226+0000] {local_task_job_runner.py:222} INFO - ::endgroup::
[2024-07-11T08:18:59.171+0000] {local_task_job_runner.py:120} INFO - ::group::Pre task execution logs
[2024-07-11T08:18:59.187+0000] {taskinstance.py:2076} INFO - Dependencies all met for dep_context=non-requeueable deps ti=<TaskInstance: market_etl.create_price_dimension scheduled__2024-06-30T06:15:00+00:00 [queued]>
[2024-07-11T08:18:59.194+0000] {taskinstance.py:2076} INFO - Dependencies all met for dep_context=requeueable deps ti=<TaskInstance: market_etl.create_price_dimension scheduled__2024-06-30T06:15:00+00:00 [queued]>
[2024-07-11T08:18:59.194+0000] {taskinstance.py:2306} INFO - Starting attempt 1 of 4
[2024-07-11T08:18:59.203+0000] {taskinstance.py:2330} INFO - Executing <Task(_PythonDecoratedOperator): create_price_dimension> on 2024-06-30 06:15:00+00:00
[2024-07-11T08:18:59.210+0000] {warnings.py:112} WARNING - /home/airflow/.local/lib/python3.12/site-packages/airflow/task/task_runner/standard_task_runner.py:61: DeprecationWarning: This process (pid=511) is multi-threaded, use of fork() may lead to deadlocks in the child.
  pid = os.fork()

[2024-07-11T08:18:59.212+0000] {standard_task_runner.py:63} INFO - Started process 514 to run task
[2024-07-11T08:18:59.212+0000] {standard_task_runner.py:90} INFO - Running: ['airflow', 'tasks', 'run', 'market_etl', 'create_price_dimension', 'scheduled__2024-06-30T06:15:00+00:00', '--job-id', '1128', '--raw', '--subdir', 'DAGS_FOLDER/etl.py', '--cfg-path', '/tmp/tmp6es3kcjc']
[2024-07-11T08:18:59.215+0000] {standard_task_runner.py:91} INFO - Job 1128: Subtask create_price_dimension
[2024-07-11T08:18:59.277+0000] {task_command.py:426} INFO - Running <TaskInstance: market_etl.create_price_dimension scheduled__2024-06-30T06:15:00+00:00 [running]> on host aa283b53dd54
[2024-07-11T08:18:59.524+0000] {taskinstance.py:2648} INFO - Exporting env vars: AIRFLOW_CTX_DAG_OWNER='airflow' AIRFLOW_CTX_DAG_ID='market_etl' AIRFLOW_CTX_TASK_ID='create_price_dimension' AIRFLOW_CTX_EXECUTION_DATE='2024-06-30T06:15:00+00:00' AIRFLOW_CTX_TRY_NUMBER='1' AIRFLOW_CTX_DAG_RUN_ID='scheduled__2024-06-30T06:15:00+00:00'
[2024-07-11T08:18:59.526+0000] {taskinstance.py:430} INFO - ::endgroup::
[2024-07-11T08:18:59.532+0000] {python.py:237} INFO - Done. Returned value was:     SECURITY_ID  OPEN_PRICE  ...  PREVIOUS_DAY_PRICE            PRICE_ID
0          ADBL       283.0  ...               285.2     ADBL_2024-07-10
1       ADBLD83      1118.0  ...              1138.5  ADBLD83_2024-07-10
2           AHL       530.9  ...               521.3      AHL_2024-07-10
3          AHPC       154.0  ...               154.8     AHPC_2024-07-10
4         AKJCL       224.0  ...               221.0    AKJCL_2024-07-10
..          ...         ...  ...                 ...                 ...
316        USHL       580.0  ...               575.7     USHL_2024-07-10
317        USLB      1833.0  ...              1797.9     USLB_2024-07-10
318        VLBS      1060.0  ...              1050.0     VLBS_2024-07-10
319       VLUCL       520.0  ...               513.0    VLUCL_2024-07-10
320        WNLB      1550.0  ...              1522.0     WNLB_2024-07-10

[321 rows x 8 columns]
[2024-07-11T08:18:59.542+0000] {taskinstance.py:441} INFO - ::group::Post task execution logs
[2024-07-11T08:18:59.573+0000] {taskinstance.py:1206} INFO - Marking task as SUCCESS. dag_id=market_etl, task_id=create_price_dimension, run_id=scheduled__2024-06-30T06:15:00+00:00, execution_date=20240630T061500, start_date=20240711T081859, end_date=20240711T081859
[2024-07-11T08:18:59.597+0000] {local_task_job_runner.py:240} INFO - Task exited with return code 0
[2024-07-11T08:18:59.611+0000] {local_task_job_runner.py:222} INFO - ::endgroup::
