[2024-07-10T09:16:10.557+0000] {local_task_job_runner.py:120} INFO - ::group::Pre task execution logs
[2024-07-10T09:16:10.619+0000] {taskinstance.py:2076} INFO - Dependencies all met for dep_context=non-requeueable deps ti=<TaskInstance: market_etl.load_data_to_postgres scheduled__2024-07-02T06:15:00+00:00 [queued]>
[2024-07-10T09:16:10.633+0000] {taskinstance.py:2076} INFO - Dependencies all met for dep_context=requeueable deps ti=<TaskInstance: market_etl.load_data_to_postgres scheduled__2024-07-02T06:15:00+00:00 [queued]>
[2024-07-10T09:16:10.633+0000] {taskinstance.py:2306} INFO - Starting attempt 1 of 4
[2024-07-10T09:16:10.643+0000] {taskinstance.py:2330} INFO - Executing <Task(_PythonDecoratedOperator): load_data_to_postgres> on 2024-07-02 06:15:00+00:00
[2024-07-10T09:16:10.649+0000] {warnings.py:112} WARNING - /home/airflow/.local/lib/python3.12/site-packages/airflow/task/task_runner/standard_task_runner.py:61: DeprecationWarning: This process (pid=788) is multi-threaded, use of fork() may lead to deadlocks in the child.
  pid = os.fork()

[2024-07-10T09:16:10.651+0000] {standard_task_runner.py:63} INFO - Started process 790 to run task
[2024-07-10T09:16:10.652+0000] {standard_task_runner.py:90} INFO - Running: ['airflow', 'tasks', 'run', 'market_etl', 'load_data_to_postgres', 'scheduled__2024-07-02T06:15:00+00:00', '--job-id', '354', '--raw', '--subdir', 'DAGS_FOLDER/etl.py', '--cfg-path', '/tmp/tmpzwz7agp9']
[2024-07-10T09:16:10.654+0000] {standard_task_runner.py:91} INFO - Job 354: Subtask load_data_to_postgres
[2024-07-10T09:16:10.717+0000] {task_command.py:426} INFO - Running <TaskInstance: market_etl.load_data_to_postgres scheduled__2024-07-02T06:15:00+00:00 [running]> on host 514b016b59c3
[2024-07-10T09:16:11.120+0000] {taskinstance.py:2648} INFO - Exporting env vars: AIRFLOW_CTX_DAG_OWNER='airflow' AIRFLOW_CTX_DAG_ID='market_etl' AIRFLOW_CTX_TASK_ID='load_data_to_postgres' AIRFLOW_CTX_EXECUTION_DATE='2024-07-02T06:15:00+00:00' AIRFLOW_CTX_TRY_NUMBER='1' AIRFLOW_CTX_DAG_RUN_ID='scheduled__2024-07-02T06:15:00+00:00'
[2024-07-10T09:16:11.123+0000] {taskinstance.py:430} INFO - ::endgroup::
[2024-07-10T09:16:11.360+0000] {base.py:84} INFO - Using connection ID 'market_database_conn' for task execution.
[2024-07-10T09:16:11.795+0000] {python.py:237} INFO - Done. Returned value was: None
[2024-07-10T09:16:11.796+0000] {taskinstance.py:441} INFO - ::group::Post task execution logs
[2024-07-10T09:16:11.808+0000] {taskinstance.py:1206} INFO - Marking task as SUCCESS. dag_id=market_etl, task_id=load_data_to_postgres, run_id=scheduled__2024-07-02T06:15:00+00:00, execution_date=20240702T061500, start_date=20240710T091610, end_date=20240710T091611
[2024-07-10T09:16:11.856+0000] {local_task_job_runner.py:240} INFO - Task exited with return code 0
[2024-07-10T09:16:11.898+0000] {taskinstance.py:3503} INFO - 0 downstream tasks scheduled from follow-on schedule check
[2024-07-10T09:16:11.899+0000] {local_task_job_runner.py:222} INFO - ::endgroup::
[2024-07-10T09:54:53.299+0000] {local_task_job_runner.py:120} INFO - ::group::Pre task execution logs
[2024-07-10T09:54:53.314+0000] {taskinstance.py:2076} INFO - Dependencies all met for dep_context=non-requeueable deps ti=<TaskInstance: market_etl.load_data_to_postgres scheduled__2024-07-02T06:15:00+00:00 [queued]>
[2024-07-10T09:54:53.320+0000] {taskinstance.py:2076} INFO - Dependencies all met for dep_context=requeueable deps ti=<TaskInstance: market_etl.load_data_to_postgres scheduled__2024-07-02T06:15:00+00:00 [queued]>
[2024-07-10T09:54:53.320+0000] {taskinstance.py:2306} INFO - Starting attempt 1 of 4
[2024-07-10T09:54:53.329+0000] {taskinstance.py:2330} INFO - Executing <Task(_PythonDecoratedOperator): load_data_to_postgres> on 2024-07-02 06:15:00+00:00
[2024-07-10T09:54:53.335+0000] {warnings.py:112} WARNING - /home/airflow/.local/lib/python3.12/site-packages/airflow/task/task_runner/standard_task_runner.py:61: DeprecationWarning: This process (pid=786) is multi-threaded, use of fork() may lead to deadlocks in the child.
  pid = os.fork()

[2024-07-10T09:54:53.336+0000] {standard_task_runner.py:63} INFO - Started process 788 to run task
[2024-07-10T09:54:53.337+0000] {standard_task_runner.py:90} INFO - Running: ['airflow', 'tasks', 'run', 'market_etl', 'load_data_to_postgres', 'scheduled__2024-07-02T06:15:00+00:00', '--job-id', '603', '--raw', '--subdir', 'DAGS_FOLDER/etl.py', '--cfg-path', '/tmp/tmpcec8vzin']
[2024-07-10T09:54:53.339+0000] {standard_task_runner.py:91} INFO - Job 603: Subtask load_data_to_postgres
[2024-07-10T09:54:53.397+0000] {task_command.py:426} INFO - Running <TaskInstance: market_etl.load_data_to_postgres scheduled__2024-07-02T06:15:00+00:00 [running]> on host 514b016b59c3
[2024-07-10T09:54:53.630+0000] {taskinstance.py:2648} INFO - Exporting env vars: AIRFLOW_CTX_DAG_OWNER='airflow' AIRFLOW_CTX_DAG_ID='market_etl' AIRFLOW_CTX_TASK_ID='load_data_to_postgres' AIRFLOW_CTX_EXECUTION_DATE='2024-07-02T06:15:00+00:00' AIRFLOW_CTX_TRY_NUMBER='1' AIRFLOW_CTX_DAG_RUN_ID='scheduled__2024-07-02T06:15:00+00:00'
[2024-07-10T09:54:53.632+0000] {taskinstance.py:430} INFO - ::endgroup::
[2024-07-10T09:54:53.642+0000] {base.py:84} INFO - Using connection ID 'market_database_conn' for task execution.
[2024-07-10T09:54:53.775+0000] {python.py:237} INFO - Done. Returned value was: None
[2024-07-10T09:54:53.777+0000] {taskinstance.py:441} INFO - ::group::Post task execution logs
[2024-07-10T09:54:53.788+0000] {taskinstance.py:1206} INFO - Marking task as SUCCESS. dag_id=market_etl, task_id=load_data_to_postgres, run_id=scheduled__2024-07-02T06:15:00+00:00, execution_date=20240702T061500, start_date=20240710T095453, end_date=20240710T095453
[2024-07-10T09:54:53.812+0000] {local_task_job_runner.py:240} INFO - Task exited with return code 0
[2024-07-10T09:54:53.841+0000] {taskinstance.py:3503} INFO - 0 downstream tasks scheduled from follow-on schedule check
[2024-07-10T09:54:53.843+0000] {local_task_job_runner.py:222} INFO - ::endgroup::
[2024-07-10T11:37:05.134+0000] {local_task_job_runner.py:120} INFO - ::group::Pre task execution logs
[2024-07-10T11:37:05.159+0000] {taskinstance.py:2076} INFO - Dependencies all met for dep_context=non-requeueable deps ti=<TaskInstance: market_etl.load_data_to_postgres scheduled__2024-07-02T06:15:00+00:00 [queued]>
[2024-07-10T11:37:05.169+0000] {taskinstance.py:2076} INFO - Dependencies all met for dep_context=requeueable deps ti=<TaskInstance: market_etl.load_data_to_postgres scheduled__2024-07-02T06:15:00+00:00 [queued]>
[2024-07-10T11:37:05.169+0000] {taskinstance.py:2306} INFO - Starting attempt 1 of 4
[2024-07-10T11:37:05.183+0000] {taskinstance.py:2330} INFO - Executing <Task(_PythonDecoratedOperator): load_data_to_postgres> on 2024-07-02 06:15:00+00:00
[2024-07-10T11:37:05.195+0000] {warnings.py:112} WARNING - /home/airflow/.local/lib/python3.12/site-packages/airflow/task/task_runner/standard_task_runner.py:61: DeprecationWarning: This process (pid=907) is multi-threaded, use of fork() may lead to deadlocks in the child.
  pid = os.fork()

[2024-07-10T11:37:05.197+0000] {standard_task_runner.py:63} INFO - Started process 909 to run task
[2024-07-10T11:37:05.201+0000] {standard_task_runner.py:90} INFO - Running: ['airflow', 'tasks', 'run', 'market_etl', 'load_data_to_postgres', 'scheduled__2024-07-02T06:15:00+00:00', '--job-id', '757', '--raw', '--subdir', 'DAGS_FOLDER/etl.py', '--cfg-path', '/tmp/tmpspuzwqvi']
[2024-07-10T11:37:05.204+0000] {standard_task_runner.py:91} INFO - Job 757: Subtask load_data_to_postgres
[2024-07-10T11:37:05.273+0000] {task_command.py:426} INFO - Running <TaskInstance: market_etl.load_data_to_postgres scheduled__2024-07-02T06:15:00+00:00 [running]> on host 514b016b59c3
[2024-07-10T11:37:05.574+0000] {taskinstance.py:2648} INFO - Exporting env vars: AIRFLOW_CTX_DAG_OWNER='airflow' AIRFLOW_CTX_DAG_ID='market_etl' AIRFLOW_CTX_TASK_ID='load_data_to_postgres' AIRFLOW_CTX_EXECUTION_DATE='2024-07-02T06:15:00+00:00' AIRFLOW_CTX_TRY_NUMBER='1' AIRFLOW_CTX_DAG_RUN_ID='scheduled__2024-07-02T06:15:00+00:00'
[2024-07-10T11:37:05.576+0000] {taskinstance.py:430} INFO - ::endgroup::
[2024-07-10T11:37:05.591+0000] {base.py:84} INFO - Using connection ID 'market_database_conn' for task execution.
[2024-07-10T11:37:05.687+0000] {python.py:237} INFO - Done. Returned value was: None
[2024-07-10T11:37:05.697+0000] {taskinstance.py:441} INFO - ::group::Post task execution logs
[2024-07-10T11:37:05.747+0000] {taskinstance.py:1206} INFO - Marking task as SUCCESS. dag_id=market_etl, task_id=load_data_to_postgres, run_id=scheduled__2024-07-02T06:15:00+00:00, execution_date=20240702T061500, start_date=20240710T113705, end_date=20240710T113705
[2024-07-10T11:37:05.811+0000] {local_task_job_runner.py:240} INFO - Task exited with return code 0
[2024-07-10T11:37:05.836+0000] {taskinstance.py:3503} INFO - 0 downstream tasks scheduled from follow-on schedule check
[2024-07-10T11:37:05.838+0000] {local_task_job_runner.py:222} INFO - ::endgroup::
[2024-07-11T08:20:04.707+0000] {local_task_job_runner.py:120} INFO - ::group::Pre task execution logs
[2024-07-11T08:20:04.736+0000] {taskinstance.py:2076} INFO - Dependencies all met for dep_context=non-requeueable deps ti=<TaskInstance: market_etl.load_data_to_postgres scheduled__2024-07-02T06:15:00+00:00 [queued]>
[2024-07-11T08:20:04.743+0000] {taskinstance.py:2076} INFO - Dependencies all met for dep_context=requeueable deps ti=<TaskInstance: market_etl.load_data_to_postgres scheduled__2024-07-02T06:15:00+00:00 [queued]>
[2024-07-11T08:20:04.744+0000] {taskinstance.py:2306} INFO - Starting attempt 1 of 4
[2024-07-11T08:20:04.752+0000] {taskinstance.py:2330} INFO - Executing <Task(_PythonDecoratedOperator): load_data_to_postgres> on 2024-07-02 06:15:00+00:00
[2024-07-11T08:20:04.758+0000] {warnings.py:112} WARNING - /home/airflow/.local/lib/python3.12/site-packages/airflow/task/task_runner/standard_task_runner.py:61: DeprecationWarning: This process (pid=810) is multi-threaded, use of fork() may lead to deadlocks in the child.
  pid = os.fork()

[2024-07-11T08:20:04.760+0000] {standard_task_runner.py:63} INFO - Started process 812 to run task
[2024-07-11T08:20:04.761+0000] {standard_task_runner.py:90} INFO - Running: ['airflow', 'tasks', 'run', 'market_etl', 'load_data_to_postgres', 'scheduled__2024-07-02T06:15:00+00:00', '--job-id', '1153', '--raw', '--subdir', 'DAGS_FOLDER/etl.py', '--cfg-path', '/tmp/tmp169da5jf']
[2024-07-11T08:20:04.764+0000] {standard_task_runner.py:91} INFO - Job 1153: Subtask load_data_to_postgres
[2024-07-11T08:20:04.834+0000] {task_command.py:426} INFO - Running <TaskInstance: market_etl.load_data_to_postgres scheduled__2024-07-02T06:15:00+00:00 [running]> on host aa283b53dd54
[2024-07-11T08:20:05.136+0000] {taskinstance.py:2648} INFO - Exporting env vars: AIRFLOW_CTX_DAG_OWNER='airflow' AIRFLOW_CTX_DAG_ID='market_etl' AIRFLOW_CTX_TASK_ID='load_data_to_postgres' AIRFLOW_CTX_EXECUTION_DATE='2024-07-02T06:15:00+00:00' AIRFLOW_CTX_TRY_NUMBER='1' AIRFLOW_CTX_DAG_RUN_ID='scheduled__2024-07-02T06:15:00+00:00'
[2024-07-11T08:20:05.137+0000] {taskinstance.py:430} INFO - ::endgroup::
[2024-07-11T08:20:05.147+0000] {base.py:84} INFO - Using connection ID 'market_database_conn' for task execution.
[2024-07-11T08:20:05.208+0000] {python.py:237} INFO - Done. Returned value was: None
[2024-07-11T08:20:05.208+0000] {taskinstance.py:441} INFO - ::group::Post task execution logs
[2024-07-11T08:20:05.217+0000] {taskinstance.py:1206} INFO - Marking task as SUCCESS. dag_id=market_etl, task_id=load_data_to_postgres, run_id=scheduled__2024-07-02T06:15:00+00:00, execution_date=20240702T061500, start_date=20240711T082004, end_date=20240711T082005
[2024-07-11T08:20:05.274+0000] {local_task_job_runner.py:240} INFO - Task exited with return code 0
[2024-07-11T08:20:05.336+0000] {taskinstance.py:3503} INFO - 0 downstream tasks scheduled from follow-on schedule check
[2024-07-11T08:20:05.340+0000] {local_task_job_runner.py:222} INFO - ::endgroup::
