[2024-07-09T08:45:09.675+0000] {local_task_job_runner.py:120} INFO - ::group::Pre task execution logs
[2024-07-09T08:45:09.698+0000] {taskinstance.py:2076} INFO - Dependencies all met for dep_context=non-requeueable deps ti=<TaskInstance: market_etl.create_price_dimension scheduled__2024-07-04T00:00:00+00:00 [queued]>
[2024-07-09T08:45:09.709+0000] {taskinstance.py:2076} INFO - Dependencies all met for dep_context=requeueable deps ti=<TaskInstance: market_etl.create_price_dimension scheduled__2024-07-04T00:00:00+00:00 [queued]>
[2024-07-09T08:45:09.710+0000] {taskinstance.py:2306} INFO - Starting attempt 1 of 4
[2024-07-09T08:45:09.726+0000] {taskinstance.py:2330} INFO - Executing <Task(_PythonDecoratedOperator): create_price_dimension> on 2024-07-04 00:00:00+00:00
[2024-07-09T08:45:09.745+0000] {warnings.py:112} WARNING - /home/airflow/.local/lib/python3.12/site-packages/airflow/task/task_runner/standard_task_runner.py:61: DeprecationWarning: This process (pid=780) is multi-threaded, use of fork() may lead to deadlocks in the child.
  pid = os.fork()

[2024-07-09T08:45:09.748+0000] {standard_task_runner.py:63} INFO - Started process 786 to run task
[2024-07-09T08:45:09.748+0000] {standard_task_runner.py:90} INFO - Running: ['airflow', 'tasks', 'run', 'market_etl', 'create_price_dimension', 'scheduled__2024-07-04T00:00:00+00:00', '--job-id', '171', '--raw', '--subdir', 'DAGS_FOLDER/etl.py', '--cfg-path', '/tmp/tmpw7bnv14i']
[2024-07-09T08:45:09.751+0000] {standard_task_runner.py:91} INFO - Job 171: Subtask create_price_dimension
[2024-07-09T08:45:09.822+0000] {task_command.py:426} INFO - Running <TaskInstance: market_etl.create_price_dimension scheduled__2024-07-04T00:00:00+00:00 [running]> on host 7aa01bd35230
[2024-07-09T08:45:10.099+0000] {taskinstance.py:2648} INFO - Exporting env vars: AIRFLOW_CTX_DAG_OWNER='airflow' AIRFLOW_CTX_DAG_ID='market_etl' AIRFLOW_CTX_TASK_ID='create_price_dimension' AIRFLOW_CTX_EXECUTION_DATE='2024-07-04T00:00:00+00:00' AIRFLOW_CTX_TRY_NUMBER='1' AIRFLOW_CTX_DAG_RUN_ID='scheduled__2024-07-04T00:00:00+00:00'
[2024-07-09T08:45:10.100+0000] {taskinstance.py:430} INFO - ::endgroup::
[2024-07-09T08:45:10.107+0000] {python.py:237} INFO - Done. Returned value was:     SECURITY_ID  OPEN_PRICE  ...  Close_Date                     PRICE_ID
0          ADBL       282.0  ...  2024-07-08     ADBL_2024-07-08 00:00:00
1       ADBLD83      1138.5  ...  2024-07-08  ADBLD83_2024-07-08 00:00:00
2           AHL       527.3  ...  2024-07-08      AHL_2024-07-08 00:00:00
3          AHPC       159.0  ...  2024-07-08     AHPC_2024-07-08 00:00:00
4         AKJCL       235.0  ...  2024-07-08    AKJCL_2024-07-08 00:00:00
..          ...         ...  ...         ...                          ...
318        USHL       582.0  ...  2024-07-08     USHL_2024-07-08 00:00:00
319        USLB      1695.4  ...  2024-07-08     USLB_2024-07-08 00:00:00
320        VLBS      1048.0  ...  2024-07-08     VLBS_2024-07-08 00:00:00
321       VLUCL       509.0  ...  2024-07-08    VLUCL_2024-07-08 00:00:00
322        WNLB      1450.0  ...  2024-07-08     WNLB_2024-07-08 00:00:00

[323 rows x 9 columns]
[2024-07-09T08:45:10.117+0000] {taskinstance.py:441} INFO - ::group::Post task execution logs
[2024-07-09T08:45:10.166+0000] {taskinstance.py:1206} INFO - Marking task as SUCCESS. dag_id=market_etl, task_id=create_price_dimension, run_id=scheduled__2024-07-04T00:00:00+00:00, execution_date=20240704T000000, start_date=20240709T084509, end_date=20240709T084510
[2024-07-09T08:45:10.218+0000] {local_task_job_runner.py:240} INFO - Task exited with return code 0
[2024-07-09T08:45:10.282+0000] {taskinstance.py:3503} INFO - 0 downstream tasks scheduled from follow-on schedule check
[2024-07-09T08:45:10.284+0000] {local_task_job_runner.py:222} INFO - ::endgroup::
