[2024-07-10T14:31:44.269+0000] {local_task_job_runner.py:120} INFO - ::group::Pre task execution logs
[2024-07-10T14:31:44.286+0000] {taskinstance.py:2076} INFO - Dependencies all met for dep_context=non-requeueable deps ti=<TaskInstance: market_etl.flatten_market_data manual__2024-07-10T14:31:26.224326+00:00 [queued]>
[2024-07-10T14:31:44.293+0000] {taskinstance.py:2076} INFO - Dependencies all met for dep_context=requeueable deps ti=<TaskInstance: market_etl.flatten_market_data manual__2024-07-10T14:31:26.224326+00:00 [queued]>
[2024-07-10T14:31:44.293+0000] {taskinstance.py:2306} INFO - Starting attempt 1 of 4
[2024-07-10T14:31:44.305+0000] {taskinstance.py:2330} INFO - Executing <Task(_PythonDecoratedOperator): flatten_market_data> on 2024-07-10 14:31:26.224326+00:00
[2024-07-10T14:31:44.312+0000] {warnings.py:112} WARNING - /home/airflow/.local/lib/python3.12/site-packages/airflow/task/task_runner/standard_task_runner.py:61: DeprecationWarning: This process (pid=65) is multi-threaded, use of fork() may lead to deadlocks in the child.
  pid = os.fork()

[2024-07-10T14:31:44.314+0000] {standard_task_runner.py:63} INFO - Started process 67 to run task
[2024-07-10T14:31:44.315+0000] {standard_task_runner.py:90} INFO - Running: ['airflow', 'tasks', 'run', 'market_etl', 'flatten_market_data', 'manual__2024-07-10T14:31:26.224326+00:00', '--job-id', '820', '--raw', '--subdir', 'DAGS_FOLDER/etl.py', '--cfg-path', '/tmp/tmpz_t2enkb']
[2024-07-10T14:31:44.317+0000] {standard_task_runner.py:91} INFO - Job 820: Subtask flatten_market_data
[2024-07-10T14:31:44.384+0000] {task_command.py:426} INFO - Running <TaskInstance: market_etl.flatten_market_data manual__2024-07-10T14:31:26.224326+00:00 [running]> on host 514b016b59c3
[2024-07-10T14:31:44.498+0000] {taskinstance.py:2648} INFO - Exporting env vars: AIRFLOW_CTX_DAG_OWNER='airflow' AIRFLOW_CTX_DAG_ID='market_etl' AIRFLOW_CTX_TASK_ID='flatten_market_data' AIRFLOW_CTX_EXECUTION_DATE='2024-07-10T14:31:26.224326+00:00' AIRFLOW_CTX_TRY_NUMBER='1' AIRFLOW_CTX_DAG_RUN_ID='manual__2024-07-10T14:31:26.224326+00:00'
[2024-07-10T14:31:44.499+0000] {taskinstance.py:430} INFO - ::endgroup::
[2024-07-10T14:31:44.514+0000] {python.py:237} INFO - Done. Returned value was:     Symbol  ...  Close_Date
0     ADBL  ...  2024-07-09
1      AHL  ...  2024-07-09
2     AHPC  ...  2024-07-09
3    AKJCL  ...  2024-07-09
4     AKPL  ...  2024-07-09
..     ...  ...         ...
310   USHL  ...  2024-07-09
311   USLB  ...  2024-07-09
312   VLBS  ...  2024-07-09
313  VLUCL  ...  2024-07-09
314   WNLB  ...  2024-07-09

[315 rows x 15 columns]
[2024-07-10T14:31:44.531+0000] {taskinstance.py:441} INFO - ::group::Post task execution logs
[2024-07-10T14:31:44.635+0000] {taskinstance.py:1206} INFO - Marking task as SUCCESS. dag_id=market_etl, task_id=flatten_market_data, run_id=manual__2024-07-10T14:31:26.224326+00:00, execution_date=20240710T143126, start_date=20240710T143144, end_date=20240710T143144
[2024-07-10T14:31:44.709+0000] {local_task_job_runner.py:240} INFO - Task exited with return code 0
[2024-07-10T14:31:44.772+0000] {taskinstance.py:3503} INFO - 3 downstream tasks scheduled from follow-on schedule check
[2024-07-10T14:31:44.773+0000] {local_task_job_runner.py:222} INFO - ::endgroup::
