[2024-07-11T07:41:56.261+0000] {local_task_job_runner.py:120} INFO - ::group::Pre task execution logs
[2024-07-11T07:41:56.289+0000] {taskinstance.py:2076} INFO - Dependencies all met for dep_context=non-requeueable deps ti=<TaskInstance: market_etl.flatten_market_data manual__2024-07-11T07:33:39.753435+00:00 [queued]>
[2024-07-11T07:41:56.296+0000] {taskinstance.py:2076} INFO - Dependencies all met for dep_context=requeueable deps ti=<TaskInstance: market_etl.flatten_market_data manual__2024-07-11T07:33:39.753435+00:00 [queued]>
[2024-07-11T07:41:56.296+0000] {taskinstance.py:2306} INFO - Starting attempt 1 of 4
[2024-07-11T07:41:56.338+0000] {taskinstance.py:2330} INFO - Executing <Task(_PythonDecoratedOperator): flatten_market_data> on 2024-07-11 07:33:39.753435+00:00
[2024-07-11T07:41:56.344+0000] {warnings.py:112} WARNING - /home/airflow/.local/lib/python3.12/site-packages/airflow/task/task_runner/standard_task_runner.py:61: DeprecationWarning: This process (pid=347) is multi-threaded, use of fork() may lead to deadlocks in the child.
  pid = os.fork()

[2024-07-11T07:41:56.345+0000] {standard_task_runner.py:63} INFO - Started process 349 to run task
[2024-07-11T07:41:56.346+0000] {standard_task_runner.py:90} INFO - Running: ['airflow', 'tasks', 'run', 'market_etl', 'flatten_market_data', 'manual__2024-07-11T07:33:39.753435+00:00', '--job-id', '1013', '--raw', '--subdir', 'DAGS_FOLDER/etl.py', '--cfg-path', '/tmp/tmp_xu8u1bf']
[2024-07-11T07:41:56.348+0000] {standard_task_runner.py:91} INFO - Job 1013: Subtask flatten_market_data
[2024-07-11T07:41:56.412+0000] {task_command.py:426} INFO - Running <TaskInstance: market_etl.flatten_market_data manual__2024-07-11T07:33:39.753435+00:00 [running]> on host aa283b53dd54
[2024-07-11T07:41:56.522+0000] {taskinstance.py:2648} INFO - Exporting env vars: AIRFLOW_CTX_DAG_OWNER='airflow' AIRFLOW_CTX_DAG_ID='market_etl' AIRFLOW_CTX_TASK_ID='flatten_market_data' AIRFLOW_CTX_EXECUTION_DATE='2024-07-11T07:33:39.753435+00:00' AIRFLOW_CTX_TRY_NUMBER='1' AIRFLOW_CTX_DAG_RUN_ID='manual__2024-07-11T07:33:39.753435+00:00'
[2024-07-11T07:41:56.523+0000] {taskinstance.py:430} INFO - ::endgroup::
[2024-07-11T07:41:56.537+0000] {python.py:237} INFO - Done. Returned value was:       Symbol  ...  Close_Date
0       ADBL  ...  2024-07-10
1    ADBLD83  ...  2024-07-10
2        AHL  ...  2024-07-10
3       AHPC  ...  2024-07-10
4      AKJCL  ...  2024-07-10
..       ...  ...         ...
316     USHL  ...  2024-07-10
317     USLB  ...  2024-07-10
318     VLBS  ...  2024-07-10
319    VLUCL  ...  2024-07-10
320     WNLB  ...  2024-07-10

[321 rows x 15 columns]
[2024-07-11T07:41:56.564+0000] {taskinstance.py:441} INFO - ::group::Post task execution logs
[2024-07-11T07:41:56.665+0000] {taskinstance.py:1206} INFO - Marking task as SUCCESS. dag_id=market_etl, task_id=flatten_market_data, run_id=manual__2024-07-11T07:33:39.753435+00:00, execution_date=20240711T073339, start_date=20240711T074156, end_date=20240711T074156
[2024-07-11T07:41:56.700+0000] {local_task_job_runner.py:240} INFO - Task exited with return code 0
[2024-07-11T07:41:56.741+0000] {taskinstance.py:3503} INFO - 3 downstream tasks scheduled from follow-on schedule check
[2024-07-11T07:41:56.742+0000] {local_task_job_runner.py:222} INFO - ::endgroup::
