[2024-06-25T09:02:51.419+0000] {local_task_job_runner.py:120} INFO - ::group::Pre task execution logs
[2024-06-25T09:02:51.439+0000] {taskinstance.py:2076} INFO - Dependencies all met for dep_context=non-requeueable deps ti=<TaskInstance: market_etl.hit_polygon_api scheduled__2024-06-24T00:00:00+00:00 [queued]>
[2024-06-25T09:02:51.444+0000] {taskinstance.py:2076} INFO - Dependencies all met for dep_context=requeueable deps ti=<TaskInstance: market_etl.hit_polygon_api scheduled__2024-06-24T00:00:00+00:00 [queued]>
[2024-06-25T09:02:51.445+0000] {taskinstance.py:2306} INFO - Starting attempt 1 of 4
[2024-06-25T09:02:51.451+0000] {taskinstance.py:2330} INFO - Executing <Task(_PythonDecoratedOperator): hit_polygon_api> on 2024-06-24 00:00:00+00:00
[2024-06-25T09:02:51.457+0000] {warnings.py:112} WARNING - /home/***/.local/lib/python3.12/site-packages/***/task/task_runner/standard_task_runner.py:61: DeprecationWarning: This process (pid=48) is multi-threaded, use of fork() may lead to deadlocks in the child.
  pid = os.fork()

[2024-06-25T09:02:51.459+0000] {standard_task_runner.py:63} INFO - Started process 50 to run task
[2024-06-25T09:02:51.459+0000] {standard_task_runner.py:90} INFO - Running: ['***', 'tasks', 'run', 'market_etl', 'hit_polygon_api', 'scheduled__2024-06-24T00:00:00+00:00', '--job-id', '23', '--raw', '--subdir', 'DAGS_FOLDER/etl.py', '--cfg-path', '/tmp/tmpvj8h2bew']
[2024-06-25T09:02:51.461+0000] {standard_task_runner.py:91} INFO - Job 23: Subtask hit_polygon_api
[2024-06-25T09:02:51.764+0000] {task_command.py:426} INFO - Running <TaskInstance: market_etl.hit_polygon_api scheduled__2024-06-24T00:00:00+00:00 [running]> on host 9835a9897cba
[2024-06-25T09:02:51.804+0000] {taskinstance.py:2648} INFO - Exporting env vars: AIRFLOW_CTX_DAG_OWNER='***' AIRFLOW_CTX_DAG_ID='market_etl' AIRFLOW_CTX_TASK_ID='hit_polygon_api' AIRFLOW_CTX_EXECUTION_DATE='2024-06-24T00:00:00+00:00' AIRFLOW_CTX_TRY_NUMBER='1' AIRFLOW_CTX_DAG_RUN_ID='scheduled__2024-06-24T00:00:00+00:00'
[2024-06-25T09:02:51.804+0000] {taskinstance.py:430} INFO - ::endgroup::
[2024-06-25T09:02:53.867+0000] {python.py:237} INFO - Done. Returned value was: {'status': 'OK', 'from': '2024-06-24', 'symbol': 'AMZN', 'open': 189.33, 'high': 191, 'low': 185.33, 'close': 185.57, 'volume': 48143614.0, 'afterHours': 185.9488, 'preMarket': 188.6}
[2024-06-25T09:02:53.869+0000] {taskinstance.py:441} INFO - ::group::Post task execution logs
[2024-06-25T09:02:53.890+0000] {taskinstance.py:1206} INFO - Marking task as SUCCESS. dag_id=market_etl, task_id=hit_polygon_api, run_id=scheduled__2024-06-24T00:00:00+00:00, execution_date=20240624T000000, start_date=20240625T090251, end_date=20240625T090253
[2024-06-25T09:02:53.938+0000] {local_task_job_runner.py:240} INFO - Task exited with return code 0
[2024-06-25T09:02:54.088+0000] {taskinstance.py:3503} INFO - 0 downstream tasks scheduled from follow-on schedule check
[2024-06-25T09:02:54.090+0000] {local_task_job_runner.py:222} INFO - ::endgroup::
[2024-06-25T09:32:54.963+0000] {local_task_job_runner.py:120} INFO - ::group::Pre task execution logs
[2024-06-25T09:32:54.987+0000] {taskinstance.py:2076} INFO - Dependencies all met for dep_context=non-requeueable deps ti=<TaskInstance: market_etl.hit_polygon_api scheduled__2024-06-24T00:00:00+00:00 [queued]>
[2024-06-25T09:32:54.992+0000] {taskinstance.py:2076} INFO - Dependencies all met for dep_context=requeueable deps ti=<TaskInstance: market_etl.hit_polygon_api scheduled__2024-06-24T00:00:00+00:00 [queued]>
[2024-06-25T09:32:54.992+0000] {taskinstance.py:2306} INFO - Starting attempt 1 of 4
[2024-06-25T09:32:55.002+0000] {taskinstance.py:2330} INFO - Executing <Task(_PythonDecoratedOperator): hit_polygon_api> on 2024-06-24 00:00:00+00:00
[2024-06-25T09:32:55.006+0000] {warnings.py:112} WARNING - /home/airflow/.local/lib/python3.12/site-packages/airflow/task/task_runner/standard_task_runner.py:61: DeprecationWarning: This process (pid=63) is multi-threaded, use of fork() may lead to deadlocks in the child.
  pid = os.fork()

[2024-06-25T09:32:55.007+0000] {standard_task_runner.py:63} INFO - Started process 65 to run task
[2024-06-25T09:32:55.008+0000] {standard_task_runner.py:90} INFO - Running: ['airflow', 'tasks', 'run', 'market_etl', 'hit_polygon_api', 'scheduled__2024-06-24T00:00:00+00:00', '--job-id', '6', '--raw', '--subdir', 'DAGS_FOLDER/etl.py', '--cfg-path', '/tmp/tmpsogkex6h']
[2024-06-25T09:32:55.010+0000] {standard_task_runner.py:91} INFO - Job 6: Subtask hit_polygon_api
[2024-06-25T09:32:55.315+0000] {task_command.py:426} INFO - Running <TaskInstance: market_etl.hit_polygon_api scheduled__2024-06-24T00:00:00+00:00 [running]> on host f3f48f0457b9
[2024-06-25T09:32:55.432+0000] {taskinstance.py:2648} INFO - Exporting env vars: AIRFLOW_CTX_DAG_OWNER='airflow' AIRFLOW_CTX_DAG_ID='market_etl' AIRFLOW_CTX_TASK_ID='hit_polygon_api' AIRFLOW_CTX_EXECUTION_DATE='2024-06-24T00:00:00+00:00' AIRFLOW_CTX_TRY_NUMBER='1' AIRFLOW_CTX_DAG_RUN_ID='scheduled__2024-06-24T00:00:00+00:00'
[2024-06-25T09:32:55.433+0000] {taskinstance.py:430} INFO - ::endgroup::
[2024-06-25T09:32:57.389+0000] {python.py:237} INFO - Done. Returned value was: {'status': 'NOT_FOUND', 'request_id': 'eb00c141942e0b296190ecb2d03c47e6', 'message': 'Data not found.'}
[2024-06-25T09:32:57.390+0000] {taskinstance.py:441} INFO - ::group::Post task execution logs
[2024-06-25T09:32:57.435+0000] {taskinstance.py:1206} INFO - Marking task as SUCCESS. dag_id=market_etl, task_id=hit_polygon_api, run_id=scheduled__2024-06-24T00:00:00+00:00, execution_date=20240624T000000, start_date=20240625T093254, end_date=20240625T093257
[2024-06-25T09:32:57.487+0000] {local_task_job_runner.py:240} INFO - Task exited with return code 0
[2024-06-25T09:32:57.783+0000] {taskinstance.py:3503} INFO - 1 downstream tasks scheduled from follow-on schedule check
[2024-06-25T09:32:57.784+0000] {local_task_job_runner.py:222} INFO - ::endgroup::
[2024-06-25T09:38:43.976+0000] {local_task_job_runner.py:120} INFO - ::group::Pre task execution logs
[2024-06-25T09:38:44.000+0000] {taskinstance.py:2076} INFO - Dependencies all met for dep_context=non-requeueable deps ti=<TaskInstance: market_etl.hit_polygon_api scheduled__2024-06-24T00:00:00+00:00 [queued]>
[2024-06-25T09:38:44.006+0000] {taskinstance.py:2076} INFO - Dependencies all met for dep_context=requeueable deps ti=<TaskInstance: market_etl.hit_polygon_api scheduled__2024-06-24T00:00:00+00:00 [queued]>
[2024-06-25T09:38:44.006+0000] {taskinstance.py:2306} INFO - Starting attempt 1 of 4
[2024-06-25T09:38:44.013+0000] {taskinstance.py:2330} INFO - Executing <Task(_PythonDecoratedOperator): hit_polygon_api> on 2024-06-24 00:00:00+00:00
[2024-06-25T09:38:44.020+0000] {warnings.py:112} WARNING - /home/airflow/.local/lib/python3.12/site-packages/airflow/task/task_runner/standard_task_runner.py:61: DeprecationWarning: This process (pid=48) is multi-threaded, use of fork() may lead to deadlocks in the child.
  pid = os.fork()

[2024-06-25T09:38:44.021+0000] {standard_task_runner.py:63} INFO - Started process 50 to run task
[2024-06-25T09:38:44.022+0000] {standard_task_runner.py:90} INFO - Running: ['airflow', 'tasks', 'run', 'market_etl', 'hit_polygon_api', 'scheduled__2024-06-24T00:00:00+00:00', '--job-id', '13', '--raw', '--subdir', 'DAGS_FOLDER/etl.py', '--cfg-path', '/tmp/tmpcad3wrns']
[2024-06-25T09:38:44.023+0000] {standard_task_runner.py:91} INFO - Job 13: Subtask hit_polygon_api
[2024-06-25T09:38:44.073+0000] {task_command.py:426} INFO - Running <TaskInstance: market_etl.hit_polygon_api scheduled__2024-06-24T00:00:00+00:00 [running]> on host f3f48f0457b9
[2024-06-25T09:38:44.148+0000] {taskinstance.py:2648} INFO - Exporting env vars: AIRFLOW_CTX_DAG_OWNER='airflow' AIRFLOW_CTX_DAG_ID='market_etl' AIRFLOW_CTX_TASK_ID='hit_polygon_api' AIRFLOW_CTX_EXECUTION_DATE='2024-06-24T00:00:00+00:00' AIRFLOW_CTX_TRY_NUMBER='1' AIRFLOW_CTX_DAG_RUN_ID='scheduled__2024-06-24T00:00:00+00:00'
[2024-06-25T09:38:44.149+0000] {taskinstance.py:430} INFO - ::endgroup::
[2024-06-25T09:38:45.815+0000] {python.py:237} INFO - Done. Returned value was: {'status': 'NOT_FOUND', 'request_id': '325236c54ffbed90900e113b25038ac1', 'message': 'Data not found.'}
[2024-06-25T09:38:45.817+0000] {taskinstance.py:441} INFO - ::group::Post task execution logs
[2024-06-25T09:38:45.898+0000] {taskinstance.py:1206} INFO - Marking task as SUCCESS. dag_id=market_etl, task_id=hit_polygon_api, run_id=scheduled__2024-06-24T00:00:00+00:00, execution_date=20240624T000000, start_date=20240625T093844, end_date=20240625T093845
[2024-06-25T09:38:45.949+0000] {local_task_job_runner.py:240} INFO - Task exited with return code 0
[2024-06-25T09:38:46.010+0000] {taskinstance.py:3503} INFO - 1 downstream tasks scheduled from follow-on schedule check
[2024-06-25T09:38:46.011+0000] {local_task_job_runner.py:222} INFO - ::endgroup::
