[2024-07-11T06:32:57.091+0000] {local_task_job_runner.py:120} INFO - ::group::Pre task execution logs
[2024-07-11T06:32:57.107+0000] {taskinstance.py:2076} INFO - Dependencies all met for dep_context=non-requeueable deps ti=<TaskInstance: market_etl.create_date_dimension scheduled__2024-07-10T06:15:00+00:00 [queued]>
[2024-07-11T06:32:57.114+0000] {taskinstance.py:2076} INFO - Dependencies all met for dep_context=requeueable deps ti=<TaskInstance: market_etl.create_date_dimension scheduled__2024-07-10T06:15:00+00:00 [queued]>
[2024-07-11T06:32:57.114+0000] {taskinstance.py:2306} INFO - Starting attempt 1 of 4
[2024-07-11T06:32:57.122+0000] {taskinstance.py:2330} INFO - Executing <Task(_PythonDecoratedOperator): create_date_dimension> on 2024-07-10 06:15:00+00:00
[2024-07-11T06:32:57.129+0000] {warnings.py:112} WARNING - /home/airflow/.local/lib/python3.12/site-packages/airflow/task/task_runner/standard_task_runner.py:61: DeprecationWarning: This process (pid=710) is multi-threaded, use of fork() may lead to deadlocks in the child.
  pid = os.fork()

[2024-07-11T06:32:57.130+0000] {standard_task_runner.py:63} INFO - Started process 734 to run task
[2024-07-11T06:32:57.131+0000] {standard_task_runner.py:90} INFO - Running: ['airflow', 'tasks', 'run', 'market_etl', 'create_date_dimension', 'scheduled__2024-07-10T06:15:00+00:00', '--job-id', '880', '--raw', '--subdir', 'DAGS_FOLDER/etl.py', '--cfg-path', '/tmp/tmpbcxvf9te']
[2024-07-11T06:32:57.139+0000] {standard_task_runner.py:91} INFO - Job 880: Subtask create_date_dimension
[2024-07-11T06:32:57.236+0000] {task_command.py:426} INFO - Running <TaskInstance: market_etl.create_date_dimension scheduled__2024-07-10T06:15:00+00:00 [running]> on host aa283b53dd54
[2024-07-11T06:32:57.444+0000] {taskinstance.py:2648} INFO - Exporting env vars: AIRFLOW_CTX_DAG_OWNER='airflow' AIRFLOW_CTX_DAG_ID='market_etl' AIRFLOW_CTX_TASK_ID='create_date_dimension' AIRFLOW_CTX_EXECUTION_DATE='2024-07-10T06:15:00+00:00' AIRFLOW_CTX_TRY_NUMBER='1' AIRFLOW_CTX_DAG_RUN_ID='scheduled__2024-07-10T06:15:00+00:00'
[2024-07-11T06:32:57.446+0000] {taskinstance.py:430} INFO - ::endgroup::
[2024-07-11T06:32:57.450+0000] {python.py:237} INFO - Done. Returned value was:   BUSINESS_DATE  YEAR  MONTH  WEEK  DAY
0    2024-07-10  2024      7    28   10
[2024-07-11T06:32:57.453+0000] {taskinstance.py:441} INFO - ::group::Post task execution logs
[2024-07-11T06:32:57.478+0000] {taskinstance.py:1206} INFO - Marking task as SUCCESS. dag_id=market_etl, task_id=create_date_dimension, run_id=scheduled__2024-07-10T06:15:00+00:00, execution_date=20240710T061500, start_date=20240711T063257, end_date=20240711T063257
[2024-07-11T06:32:57.495+0000] {local_task_job_runner.py:240} INFO - Task exited with return code 0
[2024-07-11T06:32:57.517+0000] {taskinstance.py:3503} INFO - 0 downstream tasks scheduled from follow-on schedule check
[2024-07-11T06:32:57.518+0000] {local_task_job_runner.py:222} INFO - ::endgroup::
[2024-07-11T08:23:55.762+0000] {local_task_job_runner.py:120} INFO - ::group::Pre task execution logs
[2024-07-11T08:23:55.780+0000] {taskinstance.py:2076} INFO - Dependencies all met for dep_context=non-requeueable deps ti=<TaskInstance: market_etl.create_date_dimension scheduled__2024-07-10T06:15:00+00:00 [queued]>
[2024-07-11T08:23:55.786+0000] {taskinstance.py:2076} INFO - Dependencies all met for dep_context=requeueable deps ti=<TaskInstance: market_etl.create_date_dimension scheduled__2024-07-10T06:15:00+00:00 [queued]>
[2024-07-11T08:23:55.787+0000] {taskinstance.py:2306} INFO - Starting attempt 1 of 4
[2024-07-11T08:23:55.795+0000] {taskinstance.py:2330} INFO - Executing <Task(_PythonDecoratedOperator): create_date_dimension> on 2024-07-10 06:15:00+00:00
[2024-07-11T08:23:55.818+0000] {warnings.py:112} WARNING - /home/airflow/.local/lib/python3.12/site-packages/airflow/task/task_runner/standard_task_runner.py:61: DeprecationWarning: This process (pid=1847) is multi-threaded, use of fork() may lead to deadlocks in the child.
  pid = os.fork()

[2024-07-11T08:23:55.822+0000] {standard_task_runner.py:63} INFO - Started process 1854 to run task
[2024-07-11T08:23:55.826+0000] {standard_task_runner.py:90} INFO - Running: ['airflow', 'tasks', 'run', 'market_etl', 'create_date_dimension', 'scheduled__2024-07-10T06:15:00+00:00', '--job-id', '1244', '--raw', '--subdir', 'DAGS_FOLDER/etl.py', '--cfg-path', '/tmp/tmpw7o_40_e']
[2024-07-11T08:23:55.838+0000] {standard_task_runner.py:91} INFO - Job 1244: Subtask create_date_dimension
[2024-07-11T08:23:55.954+0000] {task_command.py:426} INFO - Running <TaskInstance: market_etl.create_date_dimension scheduled__2024-07-10T06:15:00+00:00 [running]> on host aa283b53dd54
[2024-07-11T08:23:56.268+0000] {taskinstance.py:2648} INFO - Exporting env vars: AIRFLOW_CTX_DAG_OWNER='airflow' AIRFLOW_CTX_DAG_ID='market_etl' AIRFLOW_CTX_TASK_ID='create_date_dimension' AIRFLOW_CTX_EXECUTION_DATE='2024-07-10T06:15:00+00:00' AIRFLOW_CTX_TRY_NUMBER='1' AIRFLOW_CTX_DAG_RUN_ID='scheduled__2024-07-10T06:15:00+00:00'
[2024-07-11T08:23:56.270+0000] {taskinstance.py:430} INFO - ::endgroup::
[2024-07-11T08:23:56.275+0000] {python.py:237} INFO - Done. Returned value was:   BUSINESS_DATE  YEAR  MONTH  WEEK  DAY
0    2024-07-10  2024      7    28   10
[2024-07-11T08:23:56.280+0000] {taskinstance.py:441} INFO - ::group::Post task execution logs
[2024-07-11T08:23:56.336+0000] {taskinstance.py:1206} INFO - Marking task as SUCCESS. dag_id=market_etl, task_id=create_date_dimension, run_id=scheduled__2024-07-10T06:15:00+00:00, execution_date=20240710T061500, start_date=20240711T082355, end_date=20240711T082356
[2024-07-11T08:23:56.381+0000] {local_task_job_runner.py:240} INFO - Task exited with return code 0
[2024-07-11T08:23:56.446+0000] {taskinstance.py:3503} INFO - 0 downstream tasks scheduled from follow-on schedule check
[2024-07-11T08:23:56.448+0000] {local_task_job_runner.py:222} INFO - ::endgroup::
