[2024-07-10T09:14:19.715+0000] {local_task_job_runner.py:120} INFO - ::group::Pre task execution logs
[2024-07-10T09:14:19.745+0000] {taskinstance.py:2076} INFO - Dependencies all met for dep_context=non-requeueable deps ti=<TaskInstance: market_etl.create_date_dimension scheduled__2024-06-28T06:15:00+00:00 [queued]>
[2024-07-10T09:14:19.753+0000] {taskinstance.py:2076} INFO - Dependencies all met for dep_context=requeueable deps ti=<TaskInstance: market_etl.create_date_dimension scheduled__2024-06-28T06:15:00+00:00 [queued]>
[2024-07-10T09:14:19.753+0000] {taskinstance.py:2306} INFO - Starting attempt 1 of 4
[2024-07-10T09:14:19.763+0000] {taskinstance.py:2330} INFO - Executing <Task(_PythonDecoratedOperator): create_date_dimension> on 2024-06-28 06:15:00+00:00
[2024-07-10T09:14:19.808+0000] {warnings.py:112} WARNING - /home/airflow/.local/lib/python3.12/site-packages/airflow/task/task_runner/standard_task_runner.py:61: DeprecationWarning: This process (pid=398) is multi-threaded, use of fork() may lead to deadlocks in the child.
  pid = os.fork()

[2024-07-10T09:14:19.815+0000] {standard_task_runner.py:63} INFO - Started process 405 to run task
[2024-07-10T09:14:19.819+0000] {standard_task_runner.py:90} INFO - Running: ['airflow', 'tasks', 'run', 'market_etl', 'create_date_dimension', 'scheduled__2024-06-28T06:15:00+00:00', '--job-id', '317', '--raw', '--subdir', 'DAGS_FOLDER/etl.py', '--cfg-path', '/tmp/tmpk27rhdr1']
[2024-07-10T09:14:19.828+0000] {standard_task_runner.py:91} INFO - Job 317: Subtask create_date_dimension
[2024-07-10T09:14:19.968+0000] {task_command.py:426} INFO - Running <TaskInstance: market_etl.create_date_dimension scheduled__2024-06-28T06:15:00+00:00 [running]> on host 514b016b59c3
[2024-07-10T09:14:20.384+0000] {taskinstance.py:2648} INFO - Exporting env vars: AIRFLOW_CTX_DAG_OWNER='airflow' AIRFLOW_CTX_DAG_ID='market_etl' AIRFLOW_CTX_TASK_ID='create_date_dimension' AIRFLOW_CTX_EXECUTION_DATE='2024-06-28T06:15:00+00:00' AIRFLOW_CTX_TRY_NUMBER='1' AIRFLOW_CTX_DAG_RUN_ID='scheduled__2024-06-28T06:15:00+00:00'
[2024-07-10T09:14:20.387+0000] {taskinstance.py:430} INFO - ::endgroup::
[2024-07-10T09:14:20.403+0000] {python.py:237} INFO - Done. Returned value was:   BUSINESS_DATE  YEAR  MONTH  WEEK  DAY
0    2024-07-09  2024      7    28    9
[2024-07-10T09:14:20.412+0000] {taskinstance.py:441} INFO - ::group::Post task execution logs
[2024-07-10T09:14:20.464+0000] {taskinstance.py:1206} INFO - Marking task as SUCCESS. dag_id=market_etl, task_id=create_date_dimension, run_id=scheduled__2024-06-28T06:15:00+00:00, execution_date=20240628T061500, start_date=20240710T091419, end_date=20240710T091420
[2024-07-10T09:14:20.498+0000] {local_task_job_runner.py:240} INFO - Task exited with return code 0
[2024-07-10T09:14:20.556+0000] {taskinstance.py:3503} INFO - 0 downstream tasks scheduled from follow-on schedule check
[2024-07-10T09:14:20.557+0000] {local_task_job_runner.py:222} INFO - ::endgroup::
[2024-07-10T09:23:24.298+0000] {local_task_job_runner.py:120} INFO - ::group::Pre task execution logs
[2024-07-10T09:23:24.316+0000] {taskinstance.py:2076} INFO - Dependencies all met for dep_context=non-requeueable deps ti=<TaskInstance: market_etl.create_date_dimension scheduled__2024-06-28T06:15:00+00:00 [queued]>
[2024-07-10T09:23:24.324+0000] {taskinstance.py:2076} INFO - Dependencies all met for dep_context=requeueable deps ti=<TaskInstance: market_etl.create_date_dimension scheduled__2024-06-28T06:15:00+00:00 [queued]>
[2024-07-10T09:23:24.325+0000] {taskinstance.py:2306} INFO - Starting attempt 1 of 4
[2024-07-10T09:23:24.336+0000] {taskinstance.py:2330} INFO - Executing <Task(_PythonDecoratedOperator): create_date_dimension> on 2024-06-28 06:15:00+00:00
[2024-07-10T09:23:24.346+0000] {warnings.py:112} WARNING - /home/airflow/.local/lib/python3.12/site-packages/airflow/task/task_runner/standard_task_runner.py:61: DeprecationWarning: This process (pid=402) is multi-threaded, use of fork() may lead to deadlocks in the child.
  pid = os.fork()

[2024-07-10T09:23:24.351+0000] {standard_task_runner.py:63} INFO - Started process 412 to run task
[2024-07-10T09:23:24.352+0000] {standard_task_runner.py:90} INFO - Running: ['airflow', 'tasks', 'run', 'market_etl', 'create_date_dimension', 'scheduled__2024-06-28T06:15:00+00:00', '--job-id', '443', '--raw', '--subdir', 'DAGS_FOLDER/etl.py', '--cfg-path', '/tmp/tmpxxtbmf9p']
[2024-07-10T09:23:24.356+0000] {standard_task_runner.py:91} INFO - Job 443: Subtask create_date_dimension
[2024-07-10T09:23:24.421+0000] {task_command.py:426} INFO - Running <TaskInstance: market_etl.create_date_dimension scheduled__2024-06-28T06:15:00+00:00 [running]> on host 514b016b59c3
[2024-07-10T09:23:24.740+0000] {taskinstance.py:2648} INFO - Exporting env vars: AIRFLOW_CTX_DAG_OWNER='airflow' AIRFLOW_CTX_DAG_ID='market_etl' AIRFLOW_CTX_TASK_ID='create_date_dimension' AIRFLOW_CTX_EXECUTION_DATE='2024-06-28T06:15:00+00:00' AIRFLOW_CTX_TRY_NUMBER='1' AIRFLOW_CTX_DAG_RUN_ID='scheduled__2024-06-28T06:15:00+00:00'
[2024-07-10T09:23:24.741+0000] {taskinstance.py:430} INFO - ::endgroup::
[2024-07-10T09:23:24.745+0000] {python.py:237} INFO - Done. Returned value was:   BUSINESS_DATE  YEAR  MONTH  WEEK  DAY
0    2024-07-09  2024      7    28    9
[2024-07-10T09:23:24.749+0000] {taskinstance.py:441} INFO - ::group::Post task execution logs
[2024-07-10T09:23:24.776+0000] {taskinstance.py:1206} INFO - Marking task as SUCCESS. dag_id=market_etl, task_id=create_date_dimension, run_id=scheduled__2024-06-28T06:15:00+00:00, execution_date=20240628T061500, start_date=20240710T092324, end_date=20240710T092324
[2024-07-10T09:23:24.826+0000] {local_task_job_runner.py:240} INFO - Task exited with return code 0
[2024-07-10T09:23:24.879+0000] {taskinstance.py:3503} INFO - 0 downstream tasks scheduled from follow-on schedule check
[2024-07-10T09:23:24.881+0000] {local_task_job_runner.py:222} INFO - ::endgroup::
[2024-07-10T09:53:07.709+0000] {local_task_job_runner.py:120} INFO - ::group::Pre task execution logs
[2024-07-10T09:53:07.746+0000] {taskinstance.py:2076} INFO - Dependencies all met for dep_context=non-requeueable deps ti=<TaskInstance: market_etl.create_date_dimension scheduled__2024-06-28T06:15:00+00:00 [queued]>
[2024-07-10T09:53:07.752+0000] {taskinstance.py:2076} INFO - Dependencies all met for dep_context=requeueable deps ti=<TaskInstance: market_etl.create_date_dimension scheduled__2024-06-28T06:15:00+00:00 [queued]>
[2024-07-10T09:53:07.753+0000] {taskinstance.py:2306} INFO - Starting attempt 1 of 4
[2024-07-10T09:53:07.763+0000] {taskinstance.py:2330} INFO - Executing <Task(_PythonDecoratedOperator): create_date_dimension> on 2024-06-28 06:15:00+00:00
[2024-07-10T09:53:07.793+0000] {warnings.py:112} WARNING - /home/airflow/.local/lib/python3.12/site-packages/airflow/task/task_runner/standard_task_runner.py:61: DeprecationWarning: This process (pid=394) is multi-threaded, use of fork() may lead to deadlocks in the child.
  pid = os.fork()

[2024-07-10T09:53:07.796+0000] {standard_task_runner.py:63} INFO - Started process 402 to run task
[2024-07-10T09:53:07.801+0000] {standard_task_runner.py:90} INFO - Running: ['airflow', 'tasks', 'run', 'market_etl', 'create_date_dimension', 'scheduled__2024-06-28T06:15:00+00:00', '--job-id', '568', '--raw', '--subdir', 'DAGS_FOLDER/etl.py', '--cfg-path', '/tmp/tmp4ze_24wi']
[2024-07-10T09:53:07.807+0000] {standard_task_runner.py:91} INFO - Job 568: Subtask create_date_dimension
[2024-07-10T09:53:07.876+0000] {task_command.py:426} INFO - Running <TaskInstance: market_etl.create_date_dimension scheduled__2024-06-28T06:15:00+00:00 [running]> on host 514b016b59c3
[2024-07-10T09:53:08.172+0000] {taskinstance.py:2648} INFO - Exporting env vars: AIRFLOW_CTX_DAG_OWNER='airflow' AIRFLOW_CTX_DAG_ID='market_etl' AIRFLOW_CTX_TASK_ID='create_date_dimension' AIRFLOW_CTX_EXECUTION_DATE='2024-06-28T06:15:00+00:00' AIRFLOW_CTX_TRY_NUMBER='1' AIRFLOW_CTX_DAG_RUN_ID='scheduled__2024-06-28T06:15:00+00:00'
[2024-07-10T09:53:08.173+0000] {taskinstance.py:430} INFO - ::endgroup::
[2024-07-10T09:53:08.179+0000] {python.py:237} INFO - Done. Returned value was:   BUSINESS_DATE  YEAR  MONTH  WEEK  DAY
0    2024-07-09  2024      7    28    9
[2024-07-10T09:53:08.186+0000] {taskinstance.py:441} INFO - ::group::Post task execution logs
[2024-07-10T09:53:08.276+0000] {taskinstance.py:1206} INFO - Marking task as SUCCESS. dag_id=market_etl, task_id=create_date_dimension, run_id=scheduled__2024-06-28T06:15:00+00:00, execution_date=20240628T061500, start_date=20240710T095307, end_date=20240710T095308
[2024-07-10T09:53:08.397+0000] {local_task_job_runner.py:240} INFO - Task exited with return code 0
[2024-07-10T09:53:08.450+0000] {taskinstance.py:3503} INFO - 0 downstream tasks scheduled from follow-on schedule check
[2024-07-10T09:53:08.452+0000] {local_task_job_runner.py:222} INFO - ::endgroup::
[2024-07-10T10:03:05.073+0000] {local_task_job_runner.py:120} INFO - ::group::Pre task execution logs
[2024-07-10T10:03:05.086+0000] {taskinstance.py:2076} INFO - Dependencies all met for dep_context=non-requeueable deps ti=<TaskInstance: market_etl.create_date_dimension scheduled__2024-06-28T06:15:00+00:00 [queued]>
[2024-07-10T10:03:05.093+0000] {taskinstance.py:2076} INFO - Dependencies all met for dep_context=requeueable deps ti=<TaskInstance: market_etl.create_date_dimension scheduled__2024-06-28T06:15:00+00:00 [queued]>
[2024-07-10T10:03:05.093+0000] {taskinstance.py:2306} INFO - Starting attempt 1 of 4
[2024-07-10T10:03:05.102+0000] {taskinstance.py:2330} INFO - Executing <Task(_PythonDecoratedOperator): create_date_dimension> on 2024-06-28 06:15:00+00:00
[2024-07-10T10:03:05.124+0000] {warnings.py:112} WARNING - /home/airflow/.local/lib/python3.12/site-packages/airflow/task/task_runner/standard_task_runner.py:61: DeprecationWarning: This process (pid=402) is multi-threaded, use of fork() may lead to deadlocks in the child.
  pid = os.fork()

[2024-07-10T10:03:05.126+0000] {standard_task_runner.py:63} INFO - Started process 407 to run task
[2024-07-10T10:03:05.126+0000] {standard_task_runner.py:90} INFO - Running: ['airflow', 'tasks', 'run', 'market_etl', 'create_date_dimension', 'scheduled__2024-06-28T06:15:00+00:00', '--job-id', '652', '--raw', '--subdir', 'DAGS_FOLDER/etl.py', '--cfg-path', '/tmp/tmp2hb74j5v']
[2024-07-10T10:03:05.130+0000] {standard_task_runner.py:91} INFO - Job 652: Subtask create_date_dimension
[2024-07-10T10:03:05.190+0000] {task_command.py:426} INFO - Running <TaskInstance: market_etl.create_date_dimension scheduled__2024-06-28T06:15:00+00:00 [running]> on host 514b016b59c3
[2024-07-10T10:03:05.433+0000] {taskinstance.py:2648} INFO - Exporting env vars: AIRFLOW_CTX_DAG_OWNER='airflow' AIRFLOW_CTX_DAG_ID='market_etl' AIRFLOW_CTX_TASK_ID='create_date_dimension' AIRFLOW_CTX_EXECUTION_DATE='2024-06-28T06:15:00+00:00' AIRFLOW_CTX_TRY_NUMBER='1' AIRFLOW_CTX_DAG_RUN_ID='scheduled__2024-06-28T06:15:00+00:00'
[2024-07-10T10:03:05.435+0000] {taskinstance.py:430} INFO - ::endgroup::
[2024-07-10T10:03:05.440+0000] {python.py:237} INFO - Done. Returned value was:   BUSINESS_DATE  YEAR  MONTH  WEEK  DAY
0    2024-07-09  2024      7    28    9
[2024-07-10T10:03:05.444+0000] {taskinstance.py:441} INFO - ::group::Post task execution logs
[2024-07-10T10:03:05.469+0000] {taskinstance.py:1206} INFO - Marking task as SUCCESS. dag_id=market_etl, task_id=create_date_dimension, run_id=scheduled__2024-06-28T06:15:00+00:00, execution_date=20240628T061500, start_date=20240710T100305, end_date=20240710T100305
[2024-07-10T10:03:05.516+0000] {local_task_job_runner.py:240} INFO - Task exited with return code 0
[2024-07-10T10:03:05.548+0000] {taskinstance.py:3503} INFO - 0 downstream tasks scheduled from follow-on schedule check
[2024-07-10T10:03:05.549+0000] {local_task_job_runner.py:222} INFO - ::endgroup::
[2024-07-10T11:18:32.273+0000] {local_task_job_runner.py:120} INFO - ::group::Pre task execution logs
[2024-07-10T11:18:32.310+0000] {taskinstance.py:2076} INFO - Dependencies all met for dep_context=non-requeueable deps ti=<TaskInstance: market_etl.create_date_dimension scheduled__2024-06-28T06:15:00+00:00 [queued]>
[2024-07-10T11:18:32.327+0000] {taskinstance.py:2076} INFO - Dependencies all met for dep_context=requeueable deps ti=<TaskInstance: market_etl.create_date_dimension scheduled__2024-06-28T06:15:00+00:00 [queued]>
[2024-07-10T11:18:32.328+0000] {taskinstance.py:2306} INFO - Starting attempt 1 of 4
[2024-07-10T11:18:32.353+0000] {taskinstance.py:2330} INFO - Executing <Task(_PythonDecoratedOperator): create_date_dimension> on 2024-06-28 06:15:00+00:00
[2024-07-10T11:18:32.386+0000] {warnings.py:112} WARNING - /home/airflow/.local/lib/python3.12/site-packages/airflow/task/task_runner/standard_task_runner.py:61: DeprecationWarning: This process (pid=433) is multi-threaded, use of fork() may lead to deadlocks in the child.
  pid = os.fork()

[2024-07-10T11:18:32.390+0000] {standard_task_runner.py:63} INFO - Started process 438 to run task
[2024-07-10T11:18:32.400+0000] {standard_task_runner.py:90} INFO - Running: ['airflow', 'tasks', 'run', 'market_etl', 'create_date_dimension', 'scheduled__2024-06-28T06:15:00+00:00', '--job-id', '720', '--raw', '--subdir', 'DAGS_FOLDER/etl.py', '--cfg-path', '/tmp/tmpnawms13r']
[2024-07-10T11:18:32.406+0000] {standard_task_runner.py:91} INFO - Job 720: Subtask create_date_dimension
[2024-07-10T11:18:32.536+0000] {task_command.py:426} INFO - Running <TaskInstance: market_etl.create_date_dimension scheduled__2024-06-28T06:15:00+00:00 [running]> on host 514b016b59c3
[2024-07-10T11:18:32.982+0000] {taskinstance.py:2648} INFO - Exporting env vars: AIRFLOW_CTX_DAG_OWNER='airflow' AIRFLOW_CTX_DAG_ID='market_etl' AIRFLOW_CTX_TASK_ID='create_date_dimension' AIRFLOW_CTX_EXECUTION_DATE='2024-06-28T06:15:00+00:00' AIRFLOW_CTX_TRY_NUMBER='1' AIRFLOW_CTX_DAG_RUN_ID='scheduled__2024-06-28T06:15:00+00:00'
[2024-07-10T11:18:32.985+0000] {taskinstance.py:430} INFO - ::endgroup::
[2024-07-10T11:18:33.002+0000] {python.py:237} INFO - Done. Returned value was:   BUSINESS_DATE  YEAR  MONTH  WEEK  DAY
0    2024-07-09  2024      7    28    9
[2024-07-10T11:18:33.017+0000] {taskinstance.py:441} INFO - ::group::Post task execution logs
[2024-07-10T11:18:33.094+0000] {taskinstance.py:1206} INFO - Marking task as SUCCESS. dag_id=market_etl, task_id=create_date_dimension, run_id=scheduled__2024-06-28T06:15:00+00:00, execution_date=20240628T061500, start_date=20240710T111832, end_date=20240710T111833
[2024-07-10T11:18:33.168+0000] {local_task_job_runner.py:240} INFO - Task exited with return code 0
[2024-07-10T11:18:33.192+0000] {local_task_job_runner.py:222} INFO - ::endgroup::
[2024-07-11T08:17:21.304+0000] {local_task_job_runner.py:120} INFO - ::group::Pre task execution logs
[2024-07-11T08:17:21.319+0000] {taskinstance.py:2076} INFO - Dependencies all met for dep_context=non-requeueable deps ti=<TaskInstance: market_etl.create_date_dimension scheduled__2024-06-28T06:15:00+00:00 [queued]>
[2024-07-11T08:17:21.324+0000] {taskinstance.py:2076} INFO - Dependencies all met for dep_context=requeueable deps ti=<TaskInstance: market_etl.create_date_dimension scheduled__2024-06-28T06:15:00+00:00 [queued]>
[2024-07-11T08:17:21.324+0000] {taskinstance.py:2306} INFO - Starting attempt 1 of 4
[2024-07-11T08:17:21.339+0000] {taskinstance.py:2330} INFO - Executing <Task(_PythonDecoratedOperator): create_date_dimension> on 2024-06-28 06:15:00+00:00
[2024-07-11T08:17:21.347+0000] {warnings.py:112} WARNING - /home/airflow/.local/lib/python3.12/site-packages/airflow/task/task_runner/standard_task_runner.py:61: DeprecationWarning: This process (pid=60) is multi-threaded, use of fork() may lead to deadlocks in the child.
  pid = os.fork()

[2024-07-11T08:17:21.351+0000] {standard_task_runner.py:63} INFO - Started process 67 to run task
[2024-07-11T08:17:21.353+0000] {standard_task_runner.py:90} INFO - Running: ['airflow', 'tasks', 'run', 'market_etl', 'create_date_dimension', 'scheduled__2024-06-28T06:15:00+00:00', '--job-id', '1089', '--raw', '--subdir', 'DAGS_FOLDER/etl.py', '--cfg-path', '/tmp/tmpj1czaof4']
[2024-07-11T08:17:21.359+0000] {standard_task_runner.py:91} INFO - Job 1089: Subtask create_date_dimension
[2024-07-11T08:17:21.419+0000] {task_command.py:426} INFO - Running <TaskInstance: market_etl.create_date_dimension scheduled__2024-06-28T06:15:00+00:00 [running]> on host aa283b53dd54
[2024-07-11T08:17:21.698+0000] {taskinstance.py:2648} INFO - Exporting env vars: AIRFLOW_CTX_DAG_OWNER='airflow' AIRFLOW_CTX_DAG_ID='market_etl' AIRFLOW_CTX_TASK_ID='create_date_dimension' AIRFLOW_CTX_EXECUTION_DATE='2024-06-28T06:15:00+00:00' AIRFLOW_CTX_TRY_NUMBER='1' AIRFLOW_CTX_DAG_RUN_ID='scheduled__2024-06-28T06:15:00+00:00'
[2024-07-11T08:17:21.699+0000] {taskinstance.py:430} INFO - ::endgroup::
[2024-07-11T08:17:21.709+0000] {python.py:237} INFO - Done. Returned value was:   BUSINESS_DATE  YEAR  MONTH  WEEK  DAY
0    2024-07-10  2024      7    28   10
[2024-07-11T08:17:21.715+0000] {taskinstance.py:441} INFO - ::group::Post task execution logs
[2024-07-11T08:17:21.752+0000] {taskinstance.py:1206} INFO - Marking task as SUCCESS. dag_id=market_etl, task_id=create_date_dimension, run_id=scheduled__2024-06-28T06:15:00+00:00, execution_date=20240628T061500, start_date=20240711T081721, end_date=20240711T081721
[2024-07-11T08:17:21.785+0000] {local_task_job_runner.py:240} INFO - Task exited with return code 0
[2024-07-11T08:17:21.799+0000] {local_task_job_runner.py:222} INFO - ::endgroup::
