[2024-07-01T05:55:09.767+0000] {local_task_job_runner.py:120} INFO - ::group::Pre task execution logs
[2024-07-01T05:55:09.783+0000] {taskinstance.py:2076} INFO - Dependencies all met for dep_context=non-requeueable deps ti=<TaskInstance: market_etl.transform_data manual__2024-07-01T05:54:39.687106+00:00 [queued]>
[2024-07-01T05:55:09.789+0000] {taskinstance.py:2076} INFO - Dependencies all met for dep_context=requeueable deps ti=<TaskInstance: market_etl.transform_data manual__2024-07-01T05:54:39.687106+00:00 [queued]>
[2024-07-01T05:55:09.790+0000] {taskinstance.py:2306} INFO - Starting attempt 1 of 4
[2024-07-01T05:55:09.797+0000] {taskinstance.py:2330} INFO - Executing <Task(_PythonDecoratedOperator): transform_data> on 2024-07-01 05:54:39.687106+00:00
[2024-07-01T05:55:09.804+0000] {warnings.py:112} WARNING - /home/airflow/.local/lib/python3.12/site-packages/airflow/task/task_runner/standard_task_runner.py:61: DeprecationWarning: This process (pid=87) is multi-threaded, use of fork() may lead to deadlocks in the child.
  pid = os.fork()

[2024-07-01T05:55:09.805+0000] {standard_task_runner.py:63} INFO - Started process 91 to run task
[2024-07-01T05:55:09.806+0000] {standard_task_runner.py:90} INFO - Running: ['airflow', 'tasks', 'run', 'market_etl', 'transform_data', 'manual__2024-07-01T05:54:39.687106+00:00', '--job-id', '372', '--raw', '--subdir', 'DAGS_FOLDER/etl.py', '--cfg-path', '/tmp/tmpruscw8dl']
[2024-07-01T05:55:09.807+0000] {standard_task_runner.py:91} INFO - Job 372: Subtask transform_data
[2024-07-01T05:55:09.863+0000] {task_command.py:426} INFO - Running <TaskInstance: market_etl.transform_data manual__2024-07-01T05:54:39.687106+00:00 [running]> on host 5eec0a067191
[2024-07-01T05:55:09.952+0000] {taskinstance.py:2648} INFO - Exporting env vars: AIRFLOW_CTX_DAG_OWNER='airflow' AIRFLOW_CTX_DAG_ID='market_etl' AIRFLOW_CTX_TASK_ID='transform_data' AIRFLOW_CTX_EXECUTION_DATE='2024-07-01T05:54:39.687106+00:00' AIRFLOW_CTX_TRY_NUMBER='1' AIRFLOW_CTX_DAG_RUN_ID='manual__2024-07-01T05:54:39.687106+00:00'
[2024-07-01T05:55:09.953+0000] {taskinstance.py:430} INFO - ::endgroup::
[2024-07-01T05:55:09.962+0000] {base.py:84} INFO - Using connection ID 'aws_default' for task execution.
[2024-07-01T05:55:09.963+0000] {connection_wrapper.py:384} INFO - AWS Connection (conn_id='aws_default', conn_type='aws') credentials retrieved from login and password.
[2024-07-01T05:55:09.963+0000] {connection_wrapper.py:401} INFO - AWS Connection (conn_id='aws_default', conn_type='aws') session token retrieved from extra, please note you are responsible for renewing these.
[2024-07-01T05:55:11.777+0000] {python.py:237} INFO - Done. Returned value was: Symbol,Close_Price_Rs,Open_Price_Rs,High_Price_Rs,Low_Price_Rs,Total_Traded_Quantity,Total_Traded_Value,Total_Trades,LTP,Previous_Day_Close_Price_Rs,Average_Traded_Price_Rs,Fifty_Two_Week_High_Rs,Fifty_Two_Week_Low_Rs,Market_Capitalization_Rs__Amt_in_Millions,Close_Date

[2024-07-01T05:55:11.779+0000] {taskinstance.py:441} INFO - ::group::Post task execution logs
[2024-07-01T05:55:11.807+0000] {taskinstance.py:1206} INFO - Marking task as SUCCESS. dag_id=market_etl, task_id=transform_data, run_id=manual__2024-07-01T05:54:39.687106+00:00, execution_date=20240701T055439, start_date=20240701T055509, end_date=20240701T055511
[2024-07-01T05:55:11.834+0000] {local_task_job_runner.py:240} INFO - Task exited with return code 0
[2024-07-01T05:55:11.859+0000] {taskinstance.py:3503} INFO - 1 downstream tasks scheduled from follow-on schedule check
[2024-07-01T05:55:11.859+0000] {local_task_job_runner.py:222} INFO - ::endgroup::
