[2024-07-10T09:16:06.644+0000] {local_task_job_runner.py:120} INFO - ::group::Pre task execution logs
[2024-07-10T09:16:06.691+0000] {taskinstance.py:2076} INFO - Dependencies all met for dep_context=non-requeueable deps ti=<TaskInstance: market_etl.create_fact_table scheduled__2024-07-02T06:15:00+00:00 [queued]>
[2024-07-10T09:16:06.712+0000] {taskinstance.py:2076} INFO - Dependencies all met for dep_context=requeueable deps ti=<TaskInstance: market_etl.create_fact_table scheduled__2024-07-02T06:15:00+00:00 [queued]>
[2024-07-10T09:16:06.716+0000] {taskinstance.py:2306} INFO - Starting attempt 1 of 4
[2024-07-10T09:16:06.742+0000] {taskinstance.py:2330} INFO - Executing <Task(_PythonDecoratedOperator): create_fact_table> on 2024-07-02 06:15:00+00:00
[2024-07-10T09:16:06.796+0000] {warnings.py:112} WARNING - /home/airflow/.local/lib/python3.12/site-packages/airflow/task/task_runner/standard_task_runner.py:61: DeprecationWarning: This process (pid=731) is multi-threaded, use of fork() may lead to deadlocks in the child.
  pid = os.fork()

[2024-07-10T09:16:06.800+0000] {standard_task_runner.py:63} INFO - Started process 736 to run task
[2024-07-10T09:16:06.810+0000] {standard_task_runner.py:90} INFO - Running: ['airflow', 'tasks', 'run', 'market_etl', 'create_fact_table', 'scheduled__2024-07-02T06:15:00+00:00', '--job-id', '349', '--raw', '--subdir', 'DAGS_FOLDER/etl.py', '--cfg-path', '/tmp/tmp2wif4128']
[2024-07-10T09:16:06.815+0000] {standard_task_runner.py:91} INFO - Job 349: Subtask create_fact_table
[2024-07-10T09:16:06.915+0000] {task_command.py:426} INFO - Running <TaskInstance: market_etl.create_fact_table scheduled__2024-07-02T06:15:00+00:00 [running]> on host 514b016b59c3
[2024-07-10T09:16:07.307+0000] {taskinstance.py:2648} INFO - Exporting env vars: AIRFLOW_CTX_DAG_OWNER='airflow' AIRFLOW_CTX_DAG_ID='market_etl' AIRFLOW_CTX_TASK_ID='create_fact_table' AIRFLOW_CTX_EXECUTION_DATE='2024-07-02T06:15:00+00:00' AIRFLOW_CTX_TRY_NUMBER='1' AIRFLOW_CTX_DAG_RUN_ID='scheduled__2024-07-02T06:15:00+00:00'
[2024-07-10T09:16:07.310+0000] {taskinstance.py:430} INFO - ::endgroup::
[2024-07-10T09:16:07.322+0000] {python.py:237} INFO - Done. Returned value was:     SECURITY_ID BUSINESS_DATE  ...  AVERAGE_TRADED_PRICE          STOCK_ID
0          ADBL    2024-07-09  ...                285.25   ADBL_2024-07-09
1           AHL    2024-07-09  ...                518.39    AHL_2024-07-09
2          AHPC    2024-07-09  ...                154.33   AHPC_2024-07-09
3         AKJCL    2024-07-09  ...                221.13  AKJCL_2024-07-09
4          AKPL    2024-07-09  ...                163.25   AKPL_2024-07-09
..          ...           ...  ...                   ...               ...
310        USHL    2024-07-09  ...                580.62   USHL_2024-07-09
311        USLB    2024-07-09  ...               1748.07   USLB_2024-07-09
312        VLBS    2024-07-09  ...               1044.35   VLBS_2024-07-09
313       VLUCL    2024-07-09  ...                511.52  VLUCL_2024-07-09
314        WNLB    2024-07-09  ...               1511.85   WNLB_2024-07-09

[315 rows x 8 columns]
[2024-07-10T09:16:07.331+0000] {taskinstance.py:441} INFO - ::group::Post task execution logs
[2024-07-10T09:16:07.372+0000] {taskinstance.py:1206} INFO - Marking task as SUCCESS. dag_id=market_etl, task_id=create_fact_table, run_id=scheduled__2024-07-02T06:15:00+00:00, execution_date=20240702T061500, start_date=20240710T091606, end_date=20240710T091607
[2024-07-10T09:16:07.398+0000] {local_task_job_runner.py:240} INFO - Task exited with return code 0
[2024-07-10T09:16:07.417+0000] {local_task_job_runner.py:222} INFO - ::endgroup::
[2024-07-10T09:54:48.238+0000] {local_task_job_runner.py:120} INFO - ::group::Pre task execution logs
[2024-07-10T09:54:48.256+0000] {taskinstance.py:2076} INFO - Dependencies all met for dep_context=non-requeueable deps ti=<TaskInstance: market_etl.create_fact_table scheduled__2024-07-02T06:15:00+00:00 [queued]>
[2024-07-10T09:54:48.263+0000] {taskinstance.py:2076} INFO - Dependencies all met for dep_context=requeueable deps ti=<TaskInstance: market_etl.create_fact_table scheduled__2024-07-02T06:15:00+00:00 [queued]>
[2024-07-10T09:54:48.263+0000] {taskinstance.py:2306} INFO - Starting attempt 1 of 4
[2024-07-10T09:54:48.273+0000] {taskinstance.py:2330} INFO - Executing <Task(_PythonDecoratedOperator): create_fact_table> on 2024-07-02 06:15:00+00:00
[2024-07-10T09:54:48.296+0000] {warnings.py:112} WARNING - /home/airflow/.local/lib/python3.12/site-packages/airflow/task/task_runner/standard_task_runner.py:61: DeprecationWarning: This process (pid=727) is multi-threaded, use of fork() may lead to deadlocks in the child.
  pid = os.fork()

[2024-07-10T09:54:48.299+0000] {standard_task_runner.py:90} INFO - Running: ['airflow', 'tasks', 'run', 'market_etl', 'create_fact_table', 'scheduled__2024-07-02T06:15:00+00:00', '--job-id', '599', '--raw', '--subdir', 'DAGS_FOLDER/etl.py', '--cfg-path', '/tmp/tmpqq6ys6tf']
[2024-07-10T09:54:48.302+0000] {standard_task_runner.py:63} INFO - Started process 732 to run task
[2024-07-10T09:54:48.303+0000] {standard_task_runner.py:91} INFO - Job 599: Subtask create_fact_table
[2024-07-10T09:54:48.383+0000] {task_command.py:426} INFO - Running <TaskInstance: market_etl.create_fact_table scheduled__2024-07-02T06:15:00+00:00 [running]> on host 514b016b59c3
[2024-07-10T09:54:48.633+0000] {taskinstance.py:2648} INFO - Exporting env vars: AIRFLOW_CTX_DAG_OWNER='airflow' AIRFLOW_CTX_DAG_ID='market_etl' AIRFLOW_CTX_TASK_ID='create_fact_table' AIRFLOW_CTX_EXECUTION_DATE='2024-07-02T06:15:00+00:00' AIRFLOW_CTX_TRY_NUMBER='1' AIRFLOW_CTX_DAG_RUN_ID='scheduled__2024-07-02T06:15:00+00:00'
[2024-07-10T09:54:48.635+0000] {taskinstance.py:430} INFO - ::endgroup::
[2024-07-10T09:54:48.644+0000] {python.py:237} INFO - Done. Returned value was:     SECURITY_ID BUSINESS_DATE  ...          STOCK_ID          PRICE_ID
0          ADBL    2024-07-09  ...   ADBL_2024-07-09   ADBL_2024-07-09
1           AHL    2024-07-09  ...    AHL_2024-07-09    AHL_2024-07-09
2          AHPC    2024-07-09  ...   AHPC_2024-07-09   AHPC_2024-07-09
3         AKJCL    2024-07-09  ...  AKJCL_2024-07-09  AKJCL_2024-07-09
4          AKPL    2024-07-09  ...   AKPL_2024-07-09   AKPL_2024-07-09
..          ...           ...  ...               ...               ...
310        USHL    2024-07-09  ...   USHL_2024-07-09   USHL_2024-07-09
311        USLB    2024-07-09  ...   USLB_2024-07-09   USLB_2024-07-09
312        VLBS    2024-07-09  ...   VLBS_2024-07-09   VLBS_2024-07-09
313       VLUCL    2024-07-09  ...  VLUCL_2024-07-09  VLUCL_2024-07-09
314        WNLB    2024-07-09  ...   WNLB_2024-07-09   WNLB_2024-07-09

[315 rows x 9 columns]
[2024-07-10T09:54:48.654+0000] {taskinstance.py:441} INFO - ::group::Post task execution logs
[2024-07-10T09:54:48.688+0000] {taskinstance.py:1206} INFO - Marking task as SUCCESS. dag_id=market_etl, task_id=create_fact_table, run_id=scheduled__2024-07-02T06:15:00+00:00, execution_date=20240702T061500, start_date=20240710T095448, end_date=20240710T095448
[2024-07-10T09:54:48.729+0000] {local_task_job_runner.py:240} INFO - Task exited with return code 0
[2024-07-10T09:54:48.761+0000] {taskinstance.py:3503} INFO - 0 downstream tasks scheduled from follow-on schedule check
[2024-07-10T09:54:48.763+0000] {local_task_job_runner.py:222} INFO - ::endgroup::
[2024-07-10T11:36:57.695+0000] {local_task_job_runner.py:120} INFO - ::group::Pre task execution logs
[2024-07-10T11:36:57.760+0000] {taskinstance.py:2076} INFO - Dependencies all met for dep_context=non-requeueable deps ti=<TaskInstance: market_etl.create_fact_table scheduled__2024-07-02T06:15:00+00:00 [queued]>
[2024-07-10T11:36:57.784+0000] {taskinstance.py:2076} INFO - Dependencies all met for dep_context=requeueable deps ti=<TaskInstance: market_etl.create_fact_table scheduled__2024-07-02T06:15:00+00:00 [queued]>
[2024-07-10T11:36:57.788+0000] {taskinstance.py:2306} INFO - Starting attempt 1 of 4
[2024-07-10T11:36:57.832+0000] {taskinstance.py:2330} INFO - Executing <Task(_PythonDecoratedOperator): create_fact_table> on 2024-07-02 06:15:00+00:00
[2024-07-10T11:36:57.853+0000] {warnings.py:112} WARNING - /home/airflow/.local/lib/python3.12/site-packages/airflow/task/task_runner/standard_task_runner.py:61: DeprecationWarning: This process (pid=848) is multi-threaded, use of fork() may lead to deadlocks in the child.
  pid = os.fork()

[2024-07-10T11:36:57.860+0000] {standard_task_runner.py:63} INFO - Started process 854 to run task
[2024-07-10T11:36:57.855+0000] {standard_task_runner.py:90} INFO - Running: ['airflow', 'tasks', 'run', 'market_etl', 'create_fact_table', 'scheduled__2024-07-02T06:15:00+00:00', '--job-id', '753', '--raw', '--subdir', 'DAGS_FOLDER/etl.py', '--cfg-path', '/tmp/tmpjsqtd_kc']
[2024-07-10T11:36:57.864+0000] {standard_task_runner.py:91} INFO - Job 753: Subtask create_fact_table
[2024-07-10T11:36:58.052+0000] {task_command.py:426} INFO - Running <TaskInstance: market_etl.create_fact_table scheduled__2024-07-02T06:15:00+00:00 [running]> on host 514b016b59c3
[2024-07-10T11:36:58.691+0000] {taskinstance.py:2648} INFO - Exporting env vars: AIRFLOW_CTX_DAG_OWNER='airflow' AIRFLOW_CTX_DAG_ID='market_etl' AIRFLOW_CTX_TASK_ID='create_fact_table' AIRFLOW_CTX_EXECUTION_DATE='2024-07-02T06:15:00+00:00' AIRFLOW_CTX_TRY_NUMBER='1' AIRFLOW_CTX_DAG_RUN_ID='scheduled__2024-07-02T06:15:00+00:00'
[2024-07-10T11:36:58.696+0000] {taskinstance.py:430} INFO - ::endgroup::
[2024-07-10T11:36:58.721+0000] {python.py:237} INFO - Done. Returned value was:     SECURITY_ID  ...                                           PRICE_ID
0          ADBL  ...  ADBL_<bound method Timestamp.date of Timestamp...
1           AHL  ...  AHL_<bound method Timestamp.date of Timestamp(...
2          AHPC  ...  AHPC_<bound method Timestamp.date of Timestamp...
3         AKJCL  ...  AKJCL_<bound method Timestamp.date of Timestam...
4          AKPL  ...  AKPL_<bound method Timestamp.date of Timestamp...
..          ...  ...                                                ...
310        USHL  ...  USHL_<bound method Timestamp.date of Timestamp...
311        USLB  ...  USLB_<bound method Timestamp.date of Timestamp...
312        VLBS  ...  VLBS_<bound method Timestamp.date of Timestamp...
313       VLUCL  ...  VLUCL_<bound method Timestamp.date of Timestam...
314        WNLB  ...  WNLB_<bound method Timestamp.date of Timestamp...

[315 rows x 9 columns]
[2024-07-10T11:36:58.757+0000] {taskinstance.py:441} INFO - ::group::Post task execution logs
[2024-07-10T11:36:58.850+0000] {taskinstance.py:1206} INFO - Marking task as SUCCESS. dag_id=market_etl, task_id=create_fact_table, run_id=scheduled__2024-07-02T06:15:00+00:00, execution_date=20240702T061500, start_date=20240710T113657, end_date=20240710T113658
[2024-07-10T11:36:58.927+0000] {local_task_job_runner.py:240} INFO - Task exited with return code 0
[2024-07-10T11:36:59.033+0000] {taskinstance.py:3503} INFO - 0 downstream tasks scheduled from follow-on schedule check
[2024-07-10T11:36:59.037+0000] {local_task_job_runner.py:222} INFO - ::endgroup::
[2024-07-11T08:20:00.204+0000] {local_task_job_runner.py:120} INFO - ::group::Pre task execution logs
[2024-07-11T08:20:00.245+0000] {taskinstance.py:2076} INFO - Dependencies all met for dep_context=non-requeueable deps ti=<TaskInstance: market_etl.create_fact_table scheduled__2024-07-02T06:15:00+00:00 [queued]>
[2024-07-11T08:20:00.255+0000] {taskinstance.py:2076} INFO - Dependencies all met for dep_context=requeueable deps ti=<TaskInstance: market_etl.create_fact_table scheduled__2024-07-02T06:15:00+00:00 [queued]>
[2024-07-11T08:20:00.255+0000] {taskinstance.py:2306} INFO - Starting attempt 1 of 4
[2024-07-11T08:20:00.270+0000] {taskinstance.py:2330} INFO - Executing <Task(_PythonDecoratedOperator): create_fact_table> on 2024-07-02 06:15:00+00:00
[2024-07-11T08:20:00.288+0000] {warnings.py:112} WARNING - /home/airflow/.local/lib/python3.12/site-packages/airflow/task/task_runner/standard_task_runner.py:61: DeprecationWarning: This process (pid=752) is multi-threaded, use of fork() may lead to deadlocks in the child.
  pid = os.fork()

[2024-07-11T08:20:00.292+0000] {standard_task_runner.py:63} INFO - Started process 757 to run task
[2024-07-11T08:20:00.292+0000] {standard_task_runner.py:90} INFO - Running: ['airflow', 'tasks', 'run', 'market_etl', 'create_fact_table', 'scheduled__2024-07-02T06:15:00+00:00', '--job-id', '1148', '--raw', '--subdir', 'DAGS_FOLDER/etl.py', '--cfg-path', '/tmp/tmpt5wjeul3']
[2024-07-11T08:20:00.294+0000] {standard_task_runner.py:91} INFO - Job 1148: Subtask create_fact_table
[2024-07-11T08:20:00.392+0000] {task_command.py:426} INFO - Running <TaskInstance: market_etl.create_fact_table scheduled__2024-07-02T06:15:00+00:00 [running]> on host aa283b53dd54
[2024-07-11T08:20:00.670+0000] {taskinstance.py:2648} INFO - Exporting env vars: AIRFLOW_CTX_DAG_OWNER='airflow' AIRFLOW_CTX_DAG_ID='market_etl' AIRFLOW_CTX_TASK_ID='create_fact_table' AIRFLOW_CTX_EXECUTION_DATE='2024-07-02T06:15:00+00:00' AIRFLOW_CTX_TRY_NUMBER='1' AIRFLOW_CTX_DAG_RUN_ID='scheduled__2024-07-02T06:15:00+00:00'
[2024-07-11T08:20:00.671+0000] {taskinstance.py:430} INFO - ::endgroup::
[2024-07-11T08:20:00.678+0000] {python.py:237} INFO - Done. Returned value was:     SECURITY_ID BUSINESS_DATE  ...            STOCK_ID            PRICE_ID
0          ADBL    2024-07-10  ...     ADBL_2024-07-10     ADBL_2024-07-10
1       ADBLD83    2024-07-10  ...  ADBLD83_2024-07-10  ADBLD83_2024-07-10
2           AHL    2024-07-10  ...      AHL_2024-07-10      AHL_2024-07-10
3          AHPC    2024-07-10  ...     AHPC_2024-07-10     AHPC_2024-07-10
4         AKJCL    2024-07-10  ...    AKJCL_2024-07-10    AKJCL_2024-07-10
..          ...           ...  ...                 ...                 ...
316        USHL    2024-07-10  ...     USHL_2024-07-10     USHL_2024-07-10
317        USLB    2024-07-10  ...     USLB_2024-07-10     USLB_2024-07-10
318        VLBS    2024-07-10  ...     VLBS_2024-07-10     VLBS_2024-07-10
319       VLUCL    2024-07-10  ...    VLUCL_2024-07-10    VLUCL_2024-07-10
320        WNLB    2024-07-10  ...     WNLB_2024-07-10     WNLB_2024-07-10

[321 rows x 9 columns]
[2024-07-11T08:20:00.687+0000] {taskinstance.py:441} INFO - ::group::Post task execution logs
[2024-07-11T08:20:00.728+0000] {taskinstance.py:1206} INFO - Marking task as SUCCESS. dag_id=market_etl, task_id=create_fact_table, run_id=scheduled__2024-07-02T06:15:00+00:00, execution_date=20240702T061500, start_date=20240711T082000, end_date=20240711T082000
[2024-07-11T08:20:00.759+0000] {local_task_job_runner.py:240} INFO - Task exited with return code 0
[2024-07-11T08:20:00.772+0000] {local_task_job_runner.py:222} INFO - ::endgroup::
