[2024-07-15T05:05:40.626+0000] {processor.py:161} INFO - Started process (PID=57) to work on /opt/airflow/dags/etl.py
[2024-07-15T05:05:40.646+0000] {processor.py:830} INFO - Processing file /opt/airflow/dags/etl.py for tasks to queue
[2024-07-15T05:05:40.687+0000] {logging_mixin.py:188} INFO - [2024-07-15T05:05:40.676+0000] {dagbag.py:545} INFO - Filling up the DagBag from /opt/airflow/dags/etl.py
[2024-07-15T05:05:46.297+0000] {processor.py:840} INFO - DAG(s) 'market_etl' retrieved from /opt/airflow/dags/etl.py
[2024-07-15T05:05:46.806+0000] {logging_mixin.py:188} INFO - [2024-07-15T05:05:46.792+0000] {dag.py:3096} INFO - Sync 1 DAGs
[2024-07-15T05:05:47.053+0000] {processor.py:183} INFO - Processing /opt/airflow/dags/etl.py took 6.489 seconds
[2024-07-15T05:06:17.911+0000] {processor.py:161} INFO - Started process (PID=65) to work on /opt/airflow/dags/etl.py
[2024-07-15T05:06:17.913+0000] {processor.py:830} INFO - Processing file /opt/airflow/dags/etl.py for tasks to queue
[2024-07-15T05:06:17.918+0000] {logging_mixin.py:188} INFO - [2024-07-15T05:06:17.916+0000] {dagbag.py:545} INFO - Filling up the DagBag from /opt/airflow/dags/etl.py
[2024-07-15T05:06:18.549+0000] {processor.py:840} INFO - DAG(s) 'market_etl' retrieved from /opt/airflow/dags/etl.py
[2024-07-15T05:06:18.595+0000] {logging_mixin.py:188} INFO - [2024-07-15T05:06:18.594+0000] {dag.py:3096} INFO - Sync 1 DAGs
[2024-07-15T05:06:18.624+0000] {processor.py:183} INFO - Processing /opt/airflow/dags/etl.py took 0.739 seconds
[2024-07-15T05:06:48.976+0000] {processor.py:161} INFO - Started process (PID=73) to work on /opt/airflow/dags/etl.py
[2024-07-15T05:06:48.979+0000] {processor.py:830} INFO - Processing file /opt/airflow/dags/etl.py for tasks to queue
[2024-07-15T05:06:48.982+0000] {logging_mixin.py:188} INFO - [2024-07-15T05:06:48.981+0000] {dagbag.py:545} INFO - Filling up the DagBag from /opt/airflow/dags/etl.py
[2024-07-15T05:06:49.353+0000] {processor.py:840} INFO - DAG(s) 'market_etl' retrieved from /opt/airflow/dags/etl.py
[2024-07-15T05:06:49.385+0000] {logging_mixin.py:188} INFO - [2024-07-15T05:06:49.385+0000] {dag.py:3096} INFO - Sync 1 DAGs
[2024-07-15T05:06:49.414+0000] {processor.py:183} INFO - Processing /opt/airflow/dags/etl.py took 0.448 seconds
[2024-07-15T05:07:19.777+0000] {processor.py:161} INFO - Started process (PID=81) to work on /opt/airflow/dags/etl.py
[2024-07-15T05:07:19.779+0000] {processor.py:830} INFO - Processing file /opt/airflow/dags/etl.py for tasks to queue
[2024-07-15T05:07:19.782+0000] {logging_mixin.py:188} INFO - [2024-07-15T05:07:19.782+0000] {dagbag.py:545} INFO - Filling up the DagBag from /opt/airflow/dags/etl.py
[2024-07-15T05:07:20.807+0000] {processor.py:840} INFO - DAG(s) 'market_etl' retrieved from /opt/airflow/dags/etl.py
[2024-07-15T05:07:20.892+0000] {logging_mixin.py:188} INFO - [2024-07-15T05:07:20.891+0000] {dag.py:3096} INFO - Sync 1 DAGs
[2024-07-15T05:07:20.960+0000] {processor.py:183} INFO - Processing /opt/airflow/dags/etl.py took 1.196 seconds
[2024-07-15T05:07:51.116+0000] {processor.py:161} INFO - Started process (PID=89) to work on /opt/airflow/dags/etl.py
[2024-07-15T05:07:51.118+0000] {processor.py:830} INFO - Processing file /opt/airflow/dags/etl.py for tasks to queue
[2024-07-15T05:07:51.122+0000] {logging_mixin.py:188} INFO - [2024-07-15T05:07:51.122+0000] {dagbag.py:545} INFO - Filling up the DagBag from /opt/airflow/dags/etl.py
[2024-07-15T05:07:51.648+0000] {processor.py:840} INFO - DAG(s) 'market_etl' retrieved from /opt/airflow/dags/etl.py
[2024-07-15T05:07:51.693+0000] {logging_mixin.py:188} INFO - [2024-07-15T05:07:51.692+0000] {dag.py:3096} INFO - Sync 1 DAGs
[2024-07-15T05:07:51.720+0000] {processor.py:183} INFO - Processing /opt/airflow/dags/etl.py took 0.619 seconds
[2024-07-15T05:08:21.996+0000] {processor.py:161} INFO - Started process (PID=97) to work on /opt/airflow/dags/etl.py
[2024-07-15T05:08:21.998+0000] {processor.py:830} INFO - Processing file /opt/airflow/dags/etl.py for tasks to queue
[2024-07-15T05:08:22.000+0000] {logging_mixin.py:188} INFO - [2024-07-15T05:08:21.999+0000] {dagbag.py:545} INFO - Filling up the DagBag from /opt/airflow/dags/etl.py
[2024-07-15T05:08:22.397+0000] {processor.py:840} INFO - DAG(s) 'market_etl' retrieved from /opt/airflow/dags/etl.py
[2024-07-15T05:08:22.431+0000] {logging_mixin.py:188} INFO - [2024-07-15T05:08:22.431+0000] {dag.py:3096} INFO - Sync 1 DAGs
[2024-07-15T05:08:22.497+0000] {processor.py:183} INFO - Processing /opt/airflow/dags/etl.py took 0.509 seconds
[2024-07-15T05:08:53.077+0000] {processor.py:161} INFO - Started process (PID=105) to work on /opt/airflow/dags/etl.py
[2024-07-15T05:08:53.079+0000] {processor.py:830} INFO - Processing file /opt/airflow/dags/etl.py for tasks to queue
[2024-07-15T05:08:53.082+0000] {logging_mixin.py:188} INFO - [2024-07-15T05:08:53.082+0000] {dagbag.py:545} INFO - Filling up the DagBag from /opt/airflow/dags/etl.py
[2024-07-15T05:08:53.759+0000] {processor.py:840} INFO - DAG(s) 'market_etl' retrieved from /opt/airflow/dags/etl.py
[2024-07-15T05:08:53.806+0000] {logging_mixin.py:188} INFO - [2024-07-15T05:08:53.806+0000] {dag.py:3096} INFO - Sync 1 DAGs
[2024-07-15T05:08:53.832+0000] {processor.py:183} INFO - Processing /opt/airflow/dags/etl.py took 0.791 seconds
[2024-07-15T05:09:24.419+0000] {processor.py:161} INFO - Started process (PID=113) to work on /opt/airflow/dags/etl.py
[2024-07-15T05:09:24.420+0000] {processor.py:830} INFO - Processing file /opt/airflow/dags/etl.py for tasks to queue
[2024-07-15T05:09:24.422+0000] {logging_mixin.py:188} INFO - [2024-07-15T05:09:24.422+0000] {dagbag.py:545} INFO - Filling up the DagBag from /opt/airflow/dags/etl.py
[2024-07-15T05:09:24.951+0000] {processor.py:840} INFO - DAG(s) 'market_etl' retrieved from /opt/airflow/dags/etl.py
[2024-07-15T05:09:24.987+0000] {logging_mixin.py:188} INFO - [2024-07-15T05:09:24.986+0000] {dag.py:3096} INFO - Sync 1 DAGs
[2024-07-15T05:09:25.015+0000] {processor.py:183} INFO - Processing /opt/airflow/dags/etl.py took 0.605 seconds
[2024-07-15T05:09:55.681+0000] {processor.py:161} INFO - Started process (PID=121) to work on /opt/airflow/dags/etl.py
[2024-07-15T05:09:55.683+0000] {processor.py:830} INFO - Processing file /opt/airflow/dags/etl.py for tasks to queue
[2024-07-15T05:09:55.687+0000] {logging_mixin.py:188} INFO - [2024-07-15T05:09:55.686+0000] {dagbag.py:545} INFO - Filling up the DagBag from /opt/airflow/dags/etl.py
[2024-07-15T05:09:56.094+0000] {processor.py:840} INFO - DAG(s) 'market_etl' retrieved from /opt/airflow/dags/etl.py
[2024-07-15T05:09:56.133+0000] {logging_mixin.py:188} INFO - [2024-07-15T05:09:56.132+0000] {dag.py:3096} INFO - Sync 1 DAGs
[2024-07-15T05:09:56.163+0000] {processor.py:183} INFO - Processing /opt/airflow/dags/etl.py took 0.496 seconds
[2024-07-15T05:10:26.233+0000] {processor.py:161} INFO - Started process (PID=129) to work on /opt/airflow/dags/etl.py
[2024-07-15T05:10:26.235+0000] {processor.py:830} INFO - Processing file /opt/airflow/dags/etl.py for tasks to queue
[2024-07-15T05:10:26.238+0000] {logging_mixin.py:188} INFO - [2024-07-15T05:10:26.238+0000] {dagbag.py:545} INFO - Filling up the DagBag from /opt/airflow/dags/etl.py
[2024-07-15T05:10:26.665+0000] {processor.py:840} INFO - DAG(s) 'market_etl' retrieved from /opt/airflow/dags/etl.py
[2024-07-15T05:10:26.706+0000] {logging_mixin.py:188} INFO - [2024-07-15T05:10:26.706+0000] {dag.py:3096} INFO - Sync 1 DAGs
[2024-07-15T05:10:26.734+0000] {processor.py:183} INFO - Processing /opt/airflow/dags/etl.py took 0.511 seconds
[2024-07-15T05:10:57.052+0000] {processor.py:161} INFO - Started process (PID=137) to work on /opt/airflow/dags/etl.py
[2024-07-15T05:10:57.055+0000] {processor.py:830} INFO - Processing file /opt/airflow/dags/etl.py for tasks to queue
[2024-07-15T05:10:57.061+0000] {logging_mixin.py:188} INFO - [2024-07-15T05:10:57.060+0000] {dagbag.py:545} INFO - Filling up the DagBag from /opt/airflow/dags/etl.py
[2024-07-15T05:10:57.734+0000] {processor.py:840} INFO - DAG(s) 'market_etl' retrieved from /opt/airflow/dags/etl.py
[2024-07-15T05:10:57.760+0000] {logging_mixin.py:188} INFO - [2024-07-15T05:10:57.760+0000] {dag.py:3096} INFO - Sync 1 DAGs
[2024-07-15T05:10:57.819+0000] {processor.py:183} INFO - Processing /opt/airflow/dags/etl.py took 0.784 seconds
[2024-07-15T05:11:28.339+0000] {processor.py:161} INFO - Started process (PID=145) to work on /opt/airflow/dags/etl.py
[2024-07-15T05:11:28.341+0000] {processor.py:830} INFO - Processing file /opt/airflow/dags/etl.py for tasks to queue
[2024-07-15T05:11:28.344+0000] {logging_mixin.py:188} INFO - [2024-07-15T05:11:28.344+0000] {dagbag.py:545} INFO - Filling up the DagBag from /opt/airflow/dags/etl.py
[2024-07-15T05:11:28.857+0000] {processor.py:840} INFO - DAG(s) 'market_etl' retrieved from /opt/airflow/dags/etl.py
[2024-07-15T05:11:28.907+0000] {logging_mixin.py:188} INFO - [2024-07-15T05:11:28.907+0000] {dag.py:3096} INFO - Sync 1 DAGs
[2024-07-15T05:11:28.933+0000] {processor.py:183} INFO - Processing /opt/airflow/dags/etl.py took 0.608 seconds
[2024-07-15T05:11:59.977+0000] {processor.py:161} INFO - Started process (PID=153) to work on /opt/airflow/dags/etl.py
[2024-07-15T05:11:59.980+0000] {processor.py:830} INFO - Processing file /opt/airflow/dags/etl.py for tasks to queue
[2024-07-15T05:11:59.984+0000] {logging_mixin.py:188} INFO - [2024-07-15T05:11:59.983+0000] {dagbag.py:545} INFO - Filling up the DagBag from /opt/airflow/dags/etl.py
[2024-07-15T05:12:00.665+0000] {processor.py:840} INFO - DAG(s) 'market_etl' retrieved from /opt/airflow/dags/etl.py
[2024-07-15T05:12:00.744+0000] {logging_mixin.py:188} INFO - [2024-07-15T05:12:00.744+0000] {dag.py:3096} INFO - Sync 1 DAGs
[2024-07-15T05:12:00.796+0000] {processor.py:183} INFO - Processing /opt/airflow/dags/etl.py took 0.850 seconds
[2024-07-15T05:12:31.755+0000] {processor.py:161} INFO - Started process (PID=161) to work on /opt/airflow/dags/etl.py
[2024-07-15T05:12:31.757+0000] {processor.py:830} INFO - Processing file /opt/airflow/dags/etl.py for tasks to queue
[2024-07-15T05:12:31.762+0000] {logging_mixin.py:188} INFO - [2024-07-15T05:12:31.761+0000] {dagbag.py:545} INFO - Filling up the DagBag from /opt/airflow/dags/etl.py
[2024-07-15T05:12:32.256+0000] {processor.py:840} INFO - DAG(s) 'market_etl' retrieved from /opt/airflow/dags/etl.py
[2024-07-15T05:12:32.290+0000] {logging_mixin.py:188} INFO - [2024-07-15T05:12:32.290+0000] {dag.py:3096} INFO - Sync 1 DAGs
[2024-07-15T05:12:32.317+0000] {processor.py:183} INFO - Processing /opt/airflow/dags/etl.py took 0.588 seconds
[2024-07-15T05:13:02.677+0000] {processor.py:161} INFO - Started process (PID=169) to work on /opt/airflow/dags/etl.py
[2024-07-15T05:13:02.679+0000] {processor.py:830} INFO - Processing file /opt/airflow/dags/etl.py for tasks to queue
[2024-07-15T05:13:02.683+0000] {logging_mixin.py:188} INFO - [2024-07-15T05:13:02.682+0000] {dagbag.py:545} INFO - Filling up the DagBag from /opt/airflow/dags/etl.py
[2024-07-15T05:13:03.145+0000] {processor.py:840} INFO - DAG(s) 'market_etl' retrieved from /opt/airflow/dags/etl.py
[2024-07-15T05:13:03.175+0000] {logging_mixin.py:188} INFO - [2024-07-15T05:13:03.175+0000] {dag.py:3096} INFO - Sync 1 DAGs
[2024-07-15T05:13:03.203+0000] {processor.py:183} INFO - Processing /opt/airflow/dags/etl.py took 0.544 seconds
[2024-07-15T05:13:33.323+0000] {processor.py:161} INFO - Started process (PID=177) to work on /opt/airflow/dags/etl.py
[2024-07-15T05:13:33.326+0000] {processor.py:830} INFO - Processing file /opt/airflow/dags/etl.py for tasks to queue
[2024-07-15T05:13:33.330+0000] {logging_mixin.py:188} INFO - [2024-07-15T05:13:33.330+0000] {dagbag.py:545} INFO - Filling up the DagBag from /opt/airflow/dags/etl.py
[2024-07-15T05:13:33.780+0000] {processor.py:840} INFO - DAG(s) 'market_etl' retrieved from /opt/airflow/dags/etl.py
[2024-07-15T05:13:33.808+0000] {logging_mixin.py:188} INFO - [2024-07-15T05:13:33.808+0000] {dag.py:3096} INFO - Sync 1 DAGs
[2024-07-15T05:13:33.857+0000] {processor.py:183} INFO - Processing /opt/airflow/dags/etl.py took 0.553 seconds
[2024-07-15T05:14:04.270+0000] {processor.py:161} INFO - Started process (PID=185) to work on /opt/airflow/dags/etl.py
[2024-07-15T05:14:04.272+0000] {processor.py:830} INFO - Processing file /opt/airflow/dags/etl.py for tasks to queue
[2024-07-15T05:14:04.275+0000] {logging_mixin.py:188} INFO - [2024-07-15T05:14:04.275+0000] {dagbag.py:545} INFO - Filling up the DagBag from /opt/airflow/dags/etl.py
[2024-07-15T05:14:04.764+0000] {processor.py:840} INFO - DAG(s) 'market_etl' retrieved from /opt/airflow/dags/etl.py
[2024-07-15T05:14:04.789+0000] {logging_mixin.py:188} INFO - [2024-07-15T05:14:04.789+0000] {dag.py:3096} INFO - Sync 1 DAGs
[2024-07-15T05:14:04.816+0000] {processor.py:183} INFO - Processing /opt/airflow/dags/etl.py took 0.562 seconds
[2024-07-15T05:14:35.261+0000] {processor.py:161} INFO - Started process (PID=193) to work on /opt/airflow/dags/etl.py
[2024-07-15T05:14:35.264+0000] {processor.py:830} INFO - Processing file /opt/airflow/dags/etl.py for tasks to queue
[2024-07-15T05:14:35.268+0000] {logging_mixin.py:188} INFO - [2024-07-15T05:14:35.267+0000] {dagbag.py:545} INFO - Filling up the DagBag from /opt/airflow/dags/etl.py
[2024-07-15T05:14:35.722+0000] {processor.py:840} INFO - DAG(s) 'market_etl' retrieved from /opt/airflow/dags/etl.py
[2024-07-15T05:14:35.768+0000] {logging_mixin.py:188} INFO - [2024-07-15T05:14:35.768+0000] {dag.py:3096} INFO - Sync 1 DAGs
[2024-07-15T05:14:35.795+0000] {processor.py:183} INFO - Processing /opt/airflow/dags/etl.py took 0.549 seconds
[2024-07-15T05:15:06.064+0000] {processor.py:161} INFO - Started process (PID=201) to work on /opt/airflow/dags/etl.py
[2024-07-15T05:15:06.065+0000] {processor.py:830} INFO - Processing file /opt/airflow/dags/etl.py for tasks to queue
[2024-07-15T05:15:06.068+0000] {logging_mixin.py:188} INFO - [2024-07-15T05:15:06.067+0000] {dagbag.py:545} INFO - Filling up the DagBag from /opt/airflow/dags/etl.py
[2024-07-15T05:15:06.490+0000] {processor.py:840} INFO - DAG(s) 'market_etl' retrieved from /opt/airflow/dags/etl.py
[2024-07-15T05:15:06.537+0000] {logging_mixin.py:188} INFO - [2024-07-15T05:15:06.537+0000] {dag.py:3096} INFO - Sync 1 DAGs
[2024-07-15T05:15:06.561+0000] {processor.py:183} INFO - Processing /opt/airflow/dags/etl.py took 0.506 seconds
[2024-07-15T05:15:36.933+0000] {processor.py:161} INFO - Started process (PID=209) to work on /opt/airflow/dags/etl.py
[2024-07-15T05:15:36.936+0000] {processor.py:830} INFO - Processing file /opt/airflow/dags/etl.py for tasks to queue
[2024-07-15T05:15:36.941+0000] {logging_mixin.py:188} INFO - [2024-07-15T05:15:36.940+0000] {dagbag.py:545} INFO - Filling up the DagBag from /opt/airflow/dags/etl.py
[2024-07-15T05:15:37.521+0000] {processor.py:840} INFO - DAG(s) 'market_etl' retrieved from /opt/airflow/dags/etl.py
[2024-07-15T05:15:37.547+0000] {logging_mixin.py:188} INFO - [2024-07-15T05:15:37.547+0000] {dag.py:3096} INFO - Sync 1 DAGs
[2024-07-15T05:15:37.572+0000] {processor.py:183} INFO - Processing /opt/airflow/dags/etl.py took 0.659 seconds
[2024-07-15T05:16:07.983+0000] {processor.py:161} INFO - Started process (PID=217) to work on /opt/airflow/dags/etl.py
[2024-07-15T05:16:07.985+0000] {processor.py:830} INFO - Processing file /opt/airflow/dags/etl.py for tasks to queue
[2024-07-15T05:16:07.989+0000] {logging_mixin.py:188} INFO - [2024-07-15T05:16:07.989+0000] {dagbag.py:545} INFO - Filling up the DagBag from /opt/airflow/dags/etl.py
[2024-07-15T05:16:08.580+0000] {processor.py:840} INFO - DAG(s) 'market_etl' retrieved from /opt/airflow/dags/etl.py
[2024-07-15T05:16:08.622+0000] {logging_mixin.py:188} INFO - [2024-07-15T05:16:08.622+0000] {dag.py:3096} INFO - Sync 1 DAGs
[2024-07-15T05:16:08.651+0000] {processor.py:183} INFO - Processing /opt/airflow/dags/etl.py took 0.711 seconds
[2024-07-15T05:16:39.083+0000] {processor.py:161} INFO - Started process (PID=225) to work on /opt/airflow/dags/etl.py
[2024-07-15T05:16:39.085+0000] {processor.py:830} INFO - Processing file /opt/airflow/dags/etl.py for tasks to queue
[2024-07-15T05:16:39.089+0000] {logging_mixin.py:188} INFO - [2024-07-15T05:16:39.088+0000] {dagbag.py:545} INFO - Filling up the DagBag from /opt/airflow/dags/etl.py
[2024-07-15T05:16:39.584+0000] {processor.py:840} INFO - DAG(s) 'market_etl' retrieved from /opt/airflow/dags/etl.py
[2024-07-15T05:16:39.630+0000] {logging_mixin.py:188} INFO - [2024-07-15T05:16:39.630+0000] {dag.py:3096} INFO - Sync 1 DAGs
[2024-07-15T05:16:39.657+0000] {processor.py:183} INFO - Processing /opt/airflow/dags/etl.py took 0.605 seconds
[2024-07-15T05:17:09.845+0000] {processor.py:161} INFO - Started process (PID=233) to work on /opt/airflow/dags/etl.py
[2024-07-15T05:17:09.849+0000] {processor.py:830} INFO - Processing file /opt/airflow/dags/etl.py for tasks to queue
[2024-07-15T05:17:09.858+0000] {logging_mixin.py:188} INFO - [2024-07-15T05:17:09.856+0000] {dagbag.py:545} INFO - Filling up the DagBag from /opt/airflow/dags/etl.py
[2024-07-15T05:17:10.381+0000] {processor.py:840} INFO - DAG(s) 'market_etl' retrieved from /opt/airflow/dags/etl.py
[2024-07-15T05:17:10.427+0000] {logging_mixin.py:188} INFO - [2024-07-15T05:17:10.427+0000] {dag.py:3096} INFO - Sync 1 DAGs
[2024-07-15T05:17:10.457+0000] {processor.py:183} INFO - Processing /opt/airflow/dags/etl.py took 0.634 seconds
[2024-07-15T05:17:40.759+0000] {processor.py:161} INFO - Started process (PID=241) to work on /opt/airflow/dags/etl.py
[2024-07-15T05:17:40.761+0000] {processor.py:830} INFO - Processing file /opt/airflow/dags/etl.py for tasks to queue
[2024-07-15T05:17:40.763+0000] {logging_mixin.py:188} INFO - [2024-07-15T05:17:40.763+0000] {dagbag.py:545} INFO - Filling up the DagBag from /opt/airflow/dags/etl.py
[2024-07-15T05:17:41.383+0000] {processor.py:840} INFO - DAG(s) 'market_etl' retrieved from /opt/airflow/dags/etl.py
[2024-07-15T05:17:41.413+0000] {logging_mixin.py:188} INFO - [2024-07-15T05:17:41.412+0000] {dag.py:3096} INFO - Sync 1 DAGs
[2024-07-15T05:17:41.454+0000] {processor.py:183} INFO - Processing /opt/airflow/dags/etl.py took 0.707 seconds
[2024-07-15T05:18:11.657+0000] {processor.py:161} INFO - Started process (PID=249) to work on /opt/airflow/dags/etl.py
[2024-07-15T05:18:11.660+0000] {processor.py:830} INFO - Processing file /opt/airflow/dags/etl.py for tasks to queue
[2024-07-15T05:18:11.664+0000] {logging_mixin.py:188} INFO - [2024-07-15T05:18:11.663+0000] {dagbag.py:545} INFO - Filling up the DagBag from /opt/airflow/dags/etl.py
[2024-07-15T05:18:12.206+0000] {processor.py:840} INFO - DAG(s) 'market_etl' retrieved from /opt/airflow/dags/etl.py
[2024-07-15T05:18:12.287+0000] {logging_mixin.py:188} INFO - [2024-07-15T05:18:12.287+0000] {dag.py:3096} INFO - Sync 1 DAGs
[2024-07-15T05:18:12.317+0000] {processor.py:183} INFO - Processing /opt/airflow/dags/etl.py took 0.703 seconds
[2024-07-15T05:18:42.709+0000] {processor.py:161} INFO - Started process (PID=257) to work on /opt/airflow/dags/etl.py
[2024-07-15T05:18:42.713+0000] {processor.py:830} INFO - Processing file /opt/airflow/dags/etl.py for tasks to queue
[2024-07-15T05:18:42.719+0000] {logging_mixin.py:188} INFO - [2024-07-15T05:18:42.718+0000] {dagbag.py:545} INFO - Filling up the DagBag from /opt/airflow/dags/etl.py
[2024-07-15T05:18:43.629+0000] {processor.py:840} INFO - DAG(s) 'market_etl' retrieved from /opt/airflow/dags/etl.py
[2024-07-15T05:18:43.716+0000] {logging_mixin.py:188} INFO - [2024-07-15T05:18:43.713+0000] {dag.py:3096} INFO - Sync 1 DAGs
[2024-07-15T05:18:43.794+0000] {processor.py:183} INFO - Processing /opt/airflow/dags/etl.py took 1.134 seconds
[2024-07-15T05:19:14.243+0000] {processor.py:161} INFO - Started process (PID=271) to work on /opt/airflow/dags/etl.py
[2024-07-15T05:19:14.245+0000] {processor.py:830} INFO - Processing file /opt/airflow/dags/etl.py for tasks to queue
[2024-07-15T05:19:14.249+0000] {logging_mixin.py:188} INFO - [2024-07-15T05:19:14.249+0000] {dagbag.py:545} INFO - Filling up the DagBag from /opt/airflow/dags/etl.py
[2024-07-15T05:19:14.722+0000] {processor.py:840} INFO - DAG(s) 'market_etl' retrieved from /opt/airflow/dags/etl.py
[2024-07-15T05:19:14.769+0000] {logging_mixin.py:188} INFO - [2024-07-15T05:19:14.768+0000] {dag.py:3096} INFO - Sync 1 DAGs
[2024-07-15T05:19:14.800+0000] {processor.py:183} INFO - Processing /opt/airflow/dags/etl.py took 0.575 seconds
[2024-07-15T05:19:45.320+0000] {processor.py:161} INFO - Started process (PID=279) to work on /opt/airflow/dags/etl.py
[2024-07-15T05:19:45.322+0000] {processor.py:830} INFO - Processing file /opt/airflow/dags/etl.py for tasks to queue
[2024-07-15T05:19:45.327+0000] {logging_mixin.py:188} INFO - [2024-07-15T05:19:45.326+0000] {dagbag.py:545} INFO - Filling up the DagBag from /opt/airflow/dags/etl.py
[2024-07-15T05:19:45.960+0000] {processor.py:840} INFO - DAG(s) 'market_etl' retrieved from /opt/airflow/dags/etl.py
[2024-07-15T05:19:45.995+0000] {logging_mixin.py:188} INFO - [2024-07-15T05:19:45.995+0000] {dag.py:3096} INFO - Sync 1 DAGs
[2024-07-15T05:19:46.022+0000] {processor.py:183} INFO - Processing /opt/airflow/dags/etl.py took 0.721 seconds
[2024-07-15T05:20:16.491+0000] {processor.py:161} INFO - Started process (PID=287) to work on /opt/airflow/dags/etl.py
[2024-07-15T05:20:16.498+0000] {processor.py:830} INFO - Processing file /opt/airflow/dags/etl.py for tasks to queue
[2024-07-15T05:20:16.501+0000] {logging_mixin.py:188} INFO - [2024-07-15T05:20:16.501+0000] {dagbag.py:545} INFO - Filling up the DagBag from /opt/airflow/dags/etl.py
[2024-07-15T05:20:17.193+0000] {processor.py:840} INFO - DAG(s) 'market_etl' retrieved from /opt/airflow/dags/etl.py
[2024-07-15T05:20:17.253+0000] {logging_mixin.py:188} INFO - [2024-07-15T05:20:17.252+0000] {dag.py:3096} INFO - Sync 1 DAGs
[2024-07-15T05:20:17.285+0000] {processor.py:183} INFO - Processing /opt/airflow/dags/etl.py took 0.824 seconds
[2024-07-15T05:20:47.564+0000] {processor.py:161} INFO - Started process (PID=295) to work on /opt/airflow/dags/etl.py
[2024-07-15T05:20:47.565+0000] {processor.py:830} INFO - Processing file /opt/airflow/dags/etl.py for tasks to queue
[2024-07-15T05:20:47.567+0000] {logging_mixin.py:188} INFO - [2024-07-15T05:20:47.567+0000] {dagbag.py:545} INFO - Filling up the DagBag from /opt/airflow/dags/etl.py
[2024-07-15T05:20:47.943+0000] {processor.py:840} INFO - DAG(s) 'market_etl' retrieved from /opt/airflow/dags/etl.py
[2024-07-15T05:20:47.968+0000] {logging_mixin.py:188} INFO - [2024-07-15T05:20:47.968+0000] {dag.py:3096} INFO - Sync 1 DAGs
[2024-07-15T05:20:47.994+0000] {processor.py:183} INFO - Processing /opt/airflow/dags/etl.py took 0.438 seconds
[2024-07-15T05:21:18.081+0000] {processor.py:161} INFO - Started process (PID=303) to work on /opt/airflow/dags/etl.py
[2024-07-15T05:21:18.082+0000] {processor.py:830} INFO - Processing file /opt/airflow/dags/etl.py for tasks to queue
[2024-07-15T05:21:18.085+0000] {logging_mixin.py:188} INFO - [2024-07-15T05:21:18.084+0000] {dagbag.py:545} INFO - Filling up the DagBag from /opt/airflow/dags/etl.py
[2024-07-15T05:21:18.889+0000] {processor.py:840} INFO - DAG(s) 'market_etl' retrieved from /opt/airflow/dags/etl.py
[2024-07-15T05:21:18.922+0000] {logging_mixin.py:188} INFO - [2024-07-15T05:21:18.922+0000] {dag.py:3096} INFO - Sync 1 DAGs
[2024-07-15T05:21:18.955+0000] {processor.py:183} INFO - Processing /opt/airflow/dags/etl.py took 0.885 seconds
[2024-07-15T05:21:49.423+0000] {processor.py:161} INFO - Started process (PID=311) to work on /opt/airflow/dags/etl.py
[2024-07-15T05:21:49.429+0000] {processor.py:830} INFO - Processing file /opt/airflow/dags/etl.py for tasks to queue
[2024-07-15T05:21:49.435+0000] {logging_mixin.py:188} INFO - [2024-07-15T05:21:49.434+0000] {dagbag.py:545} INFO - Filling up the DagBag from /opt/airflow/dags/etl.py
[2024-07-15T05:21:52.120+0000] {processor.py:840} INFO - DAG(s) 'market_etl' retrieved from /opt/airflow/dags/etl.py
[2024-07-15T05:21:52.514+0000] {logging_mixin.py:188} INFO - [2024-07-15T05:21:52.511+0000] {dag.py:3096} INFO - Sync 1 DAGs
[2024-07-15T05:21:52.918+0000] {processor.py:183} INFO - Processing /opt/airflow/dags/etl.py took 3.531 seconds
[2024-07-15T05:22:23.299+0000] {processor.py:161} INFO - Started process (PID=318) to work on /opt/airflow/dags/etl.py
[2024-07-15T05:22:23.300+0000] {processor.py:830} INFO - Processing file /opt/airflow/dags/etl.py for tasks to queue
[2024-07-15T05:22:23.305+0000] {logging_mixin.py:188} INFO - [2024-07-15T05:22:23.304+0000] {dagbag.py:545} INFO - Filling up the DagBag from /opt/airflow/dags/etl.py
[2024-07-15T05:22:23.898+0000] {processor.py:840} INFO - DAG(s) 'market_etl' retrieved from /opt/airflow/dags/etl.py
[2024-07-15T05:22:23.953+0000] {logging_mixin.py:188} INFO - [2024-07-15T05:22:23.952+0000] {dag.py:3096} INFO - Sync 1 DAGs
[2024-07-15T05:22:23.982+0000] {processor.py:183} INFO - Processing /opt/airflow/dags/etl.py took 0.710 seconds
[2024-07-15T05:22:54.396+0000] {processor.py:161} INFO - Started process (PID=326) to work on /opt/airflow/dags/etl.py
[2024-07-15T05:22:54.397+0000] {processor.py:830} INFO - Processing file /opt/airflow/dags/etl.py for tasks to queue
[2024-07-15T05:22:54.402+0000] {logging_mixin.py:188} INFO - [2024-07-15T05:22:54.401+0000] {dagbag.py:545} INFO - Filling up the DagBag from /opt/airflow/dags/etl.py
[2024-07-15T05:22:54.895+0000] {processor.py:840} INFO - DAG(s) 'market_etl' retrieved from /opt/airflow/dags/etl.py
[2024-07-15T05:22:54.938+0000] {logging_mixin.py:188} INFO - [2024-07-15T05:22:54.938+0000] {dag.py:3096} INFO - Sync 1 DAGs
[2024-07-15T05:22:54.972+0000] {processor.py:183} INFO - Processing /opt/airflow/dags/etl.py took 0.594 seconds
[2024-07-15T05:23:25.284+0000] {processor.py:161} INFO - Started process (PID=333) to work on /opt/airflow/dags/etl.py
[2024-07-15T05:23:25.286+0000] {processor.py:830} INFO - Processing file /opt/airflow/dags/etl.py for tasks to queue
[2024-07-15T05:23:25.288+0000] {logging_mixin.py:188} INFO - [2024-07-15T05:23:25.288+0000] {dagbag.py:545} INFO - Filling up the DagBag from /opt/airflow/dags/etl.py
[2024-07-15T05:23:25.664+0000] {processor.py:840} INFO - DAG(s) 'market_etl' retrieved from /opt/airflow/dags/etl.py
[2024-07-15T05:23:25.694+0000] {logging_mixin.py:188} INFO - [2024-07-15T05:23:25.694+0000] {dag.py:3096} INFO - Sync 1 DAGs
[2024-07-15T05:23:25.726+0000] {processor.py:183} INFO - Processing /opt/airflow/dags/etl.py took 0.456 seconds
[2024-07-15T05:23:56.065+0000] {processor.py:161} INFO - Started process (PID=341) to work on /opt/airflow/dags/etl.py
[2024-07-15T05:23:56.067+0000] {processor.py:830} INFO - Processing file /opt/airflow/dags/etl.py for tasks to queue
[2024-07-15T05:23:56.070+0000] {logging_mixin.py:188} INFO - [2024-07-15T05:23:56.069+0000] {dagbag.py:545} INFO - Filling up the DagBag from /opt/airflow/dags/etl.py
[2024-07-15T05:23:56.495+0000] {processor.py:840} INFO - DAG(s) 'market_etl' retrieved from /opt/airflow/dags/etl.py
[2024-07-15T05:23:56.535+0000] {logging_mixin.py:188} INFO - [2024-07-15T05:23:56.535+0000] {dag.py:3096} INFO - Sync 1 DAGs
[2024-07-15T05:23:56.568+0000] {processor.py:183} INFO - Processing /opt/airflow/dags/etl.py took 0.522 seconds
[2024-07-15T05:24:26.929+0000] {processor.py:161} INFO - Started process (PID=349) to work on /opt/airflow/dags/etl.py
[2024-07-15T05:24:26.931+0000] {processor.py:830} INFO - Processing file /opt/airflow/dags/etl.py for tasks to queue
[2024-07-15T05:24:26.935+0000] {logging_mixin.py:188} INFO - [2024-07-15T05:24:26.934+0000] {dagbag.py:545} INFO - Filling up the DagBag from /opt/airflow/dags/etl.py
[2024-07-15T05:24:27.569+0000] {processor.py:840} INFO - DAG(s) 'market_etl' retrieved from /opt/airflow/dags/etl.py
[2024-07-15T05:24:27.610+0000] {logging_mixin.py:188} INFO - [2024-07-15T05:24:27.610+0000] {dag.py:3096} INFO - Sync 1 DAGs
[2024-07-15T05:24:27.639+0000] {processor.py:183} INFO - Processing /opt/airflow/dags/etl.py took 0.741 seconds
[2024-07-15T05:24:58.036+0000] {processor.py:161} INFO - Started process (PID=357) to work on /opt/airflow/dags/etl.py
[2024-07-15T05:24:58.045+0000] {processor.py:830} INFO - Processing file /opt/airflow/dags/etl.py for tasks to queue
[2024-07-15T05:24:58.049+0000] {logging_mixin.py:188} INFO - [2024-07-15T05:24:58.048+0000] {dagbag.py:545} INFO - Filling up the DagBag from /opt/airflow/dags/etl.py
[2024-07-15T05:24:58.505+0000] {processor.py:840} INFO - DAG(s) 'market_etl' retrieved from /opt/airflow/dags/etl.py
[2024-07-15T05:24:58.542+0000] {logging_mixin.py:188} INFO - [2024-07-15T05:24:58.542+0000] {dag.py:3096} INFO - Sync 1 DAGs
[2024-07-15T05:24:58.574+0000] {processor.py:183} INFO - Processing /opt/airflow/dags/etl.py took 0.569 seconds
