[2024-07-01T05:00:57.654+0000] {local_task_job_runner.py:120} INFO - ::group::Pre task execution logs
[2024-07-01T05:00:57.668+0000] {taskinstance.py:2076} INFO - Dependencies all met for dep_context=non-requeueable deps ti=<TaskInstance: market_etl.upload_to_s3 scheduled__2024-06-29T00:00:00+00:00 [queued]>
[2024-07-01T05:00:57.674+0000] {taskinstance.py:2076} INFO - Dependencies all met for dep_context=requeueable deps ti=<TaskInstance: market_etl.upload_to_s3 scheduled__2024-06-29T00:00:00+00:00 [queued]>
[2024-07-01T05:00:57.675+0000] {taskinstance.py:2306} INFO - Starting attempt 1 of 4
[2024-07-01T05:00:57.682+0000] {taskinstance.py:2330} INFO - Executing <Task(_PythonDecoratedOperator): upload_to_s3> on 2024-06-29 00:00:00+00:00
[2024-07-01T05:00:57.686+0000] {warnings.py:112} WARNING - /home/airflow/.local/lib/python3.12/site-packages/airflow/task/task_runner/standard_task_runner.py:61: DeprecationWarning: This process (pid=259) is multi-threaded, use of fork() may lead to deadlocks in the child.
  pid = os.fork()

[2024-07-01T05:00:57.687+0000] {standard_task_runner.py:63} INFO - Started process 261 to run task
[2024-07-01T05:00:57.688+0000] {standard_task_runner.py:90} INFO - Running: ['airflow', 'tasks', 'run', 'market_etl', 'upload_to_s3', 'scheduled__2024-06-29T00:00:00+00:00', '--job-id', '340', '--raw', '--subdir', 'DAGS_FOLDER/etl.py', '--cfg-path', '/tmp/tmppgvaw2qp']
[2024-07-01T05:00:57.689+0000] {standard_task_runner.py:91} INFO - Job 340: Subtask upload_to_s3
[2024-07-01T05:00:57.729+0000] {task_command.py:426} INFO - Running <TaskInstance: market_etl.upload_to_s3 scheduled__2024-06-29T00:00:00+00:00 [running]> on host 5eec0a067191
[2024-07-01T05:00:57.844+0000] {taskinstance.py:2648} INFO - Exporting env vars: AIRFLOW_CTX_DAG_OWNER='airflow' AIRFLOW_CTX_DAG_ID='market_etl' AIRFLOW_CTX_TASK_ID='upload_to_s3' AIRFLOW_CTX_EXECUTION_DATE='2024-06-29T00:00:00+00:00' AIRFLOW_CTX_TRY_NUMBER='1' AIRFLOW_CTX_DAG_RUN_ID='scheduled__2024-06-29T00:00:00+00:00'
[2024-07-01T05:00:57.844+0000] {taskinstance.py:430} INFO - ::endgroup::
[2024-07-01T05:00:57.856+0000] {base.py:84} INFO - Using connection ID 'aws_default' for task execution.
[2024-07-01T05:00:57.856+0000] {connection_wrapper.py:384} INFO - AWS Connection (conn_id='aws_default', conn_type='aws') credentials retrieved from login and password.
[2024-07-01T05:00:57.857+0000] {connection_wrapper.py:401} INFO - AWS Connection (conn_id='aws_default', conn_type='aws') session token retrieved from extra, please note you are responsible for renewing these.
[2024-07-01T05:00:59.823+0000] {python.py:237} INFO - Done. Returned value was: None
[2024-07-01T05:00:59.827+0000] {taskinstance.py:441} INFO - ::group::Post task execution logs
[2024-07-01T05:00:59.855+0000] {taskinstance.py:1206} INFO - Marking task as SUCCESS. dag_id=market_etl, task_id=upload_to_s3, run_id=scheduled__2024-06-29T00:00:00+00:00, execution_date=20240629T000000, start_date=20240701T050057, end_date=20240701T050059
[2024-07-01T05:00:59.953+0000] {local_task_job_runner.py:240} INFO - Task exited with return code 0
[2024-07-01T05:01:00.000+0000] {taskinstance.py:3503} INFO - 0 downstream tasks scheduled from follow-on schedule check
[2024-07-01T05:01:00.001+0000] {local_task_job_runner.py:222} INFO - ::endgroup::
