[2024-07-10T09:18:17.040+0000] {local_task_job_runner.py:120} INFO - ::group::Pre task execution logs
[2024-07-10T09:18:17.085+0000] {taskinstance.py:2076} INFO - Dependencies all met for dep_context=non-requeueable deps ti=<TaskInstance: market_etl.create_date_dimension scheduled__2024-07-05T06:15:00+00:00 [queued]>
[2024-07-10T09:18:17.095+0000] {taskinstance.py:2076} INFO - Dependencies all met for dep_context=requeueable deps ti=<TaskInstance: market_etl.create_date_dimension scheduled__2024-07-05T06:15:00+00:00 [queued]>
[2024-07-10T09:18:17.096+0000] {taskinstance.py:2306} INFO - Starting attempt 1 of 4
[2024-07-10T09:18:17.117+0000] {taskinstance.py:2330} INFO - Executing <Task(_PythonDecoratedOperator): create_date_dimension> on 2024-07-05 06:15:00+00:00
[2024-07-10T09:18:17.134+0000] {warnings.py:112} WARNING - /home/airflow/.local/lib/python3.12/site-packages/airflow/task/task_runner/standard_task_runner.py:61: DeprecationWarning: This process (pid=135) is multi-threaded, use of fork() may lead to deadlocks in the child.
  pid = os.fork()

[2024-07-10T09:18:17.135+0000] {standard_task_runner.py:63} INFO - Started process 145 to run task
[2024-07-10T09:18:17.138+0000] {standard_task_runner.py:90} INFO - Running: ['airflow', 'tasks', 'run', 'market_etl', 'create_date_dimension', 'scheduled__2024-07-05T06:15:00+00:00', '--job-id', '378', '--raw', '--subdir', 'DAGS_FOLDER/etl.py', '--cfg-path', '/tmp/tmp97tka9sw']
[2024-07-10T09:18:17.141+0000] {standard_task_runner.py:91} INFO - Job 378: Subtask create_date_dimension
[2024-07-10T09:18:17.223+0000] {task_command.py:426} INFO - Running <TaskInstance: market_etl.create_date_dimension scheduled__2024-07-05T06:15:00+00:00 [running]> on host 514b016b59c3
[2024-07-10T09:18:17.552+0000] {taskinstance.py:2648} INFO - Exporting env vars: AIRFLOW_CTX_DAG_OWNER='airflow' AIRFLOW_CTX_DAG_ID='market_etl' AIRFLOW_CTX_TASK_ID='create_date_dimension' AIRFLOW_CTX_EXECUTION_DATE='2024-07-05T06:15:00+00:00' AIRFLOW_CTX_TRY_NUMBER='1' AIRFLOW_CTX_DAG_RUN_ID='scheduled__2024-07-05T06:15:00+00:00'
[2024-07-10T09:18:17.556+0000] {taskinstance.py:430} INFO - ::endgroup::
[2024-07-10T09:18:17.596+0000] {python.py:237} INFO - Done. Returned value was:   BUSINESS_DATE  YEAR  MONTH  WEEK  DAY
0    2024-07-09  2024      7    28    9
[2024-07-10T09:18:17.610+0000] {taskinstance.py:441} INFO - ::group::Post task execution logs
[2024-07-10T09:18:17.719+0000] {taskinstance.py:1206} INFO - Marking task as SUCCESS. dag_id=market_etl, task_id=create_date_dimension, run_id=scheduled__2024-07-05T06:15:00+00:00, execution_date=20240705T061500, start_date=20240710T091817, end_date=20240710T091817
[2024-07-10T09:18:17.780+0000] {local_task_job_runner.py:240} INFO - Task exited with return code 0
[2024-07-10T09:18:17.810+0000] {local_task_job_runner.py:222} INFO - ::endgroup::
[2024-07-10T14:20:01.570+0000] {local_task_job_runner.py:120} INFO - ::group::Pre task execution logs
[2024-07-10T14:20:01.587+0000] {taskinstance.py:2076} INFO - Dependencies all met for dep_context=non-requeueable deps ti=<TaskInstance: market_etl.create_date_dimension scheduled__2024-07-05T06:15:00+00:00 [queued]>
[2024-07-10T14:20:01.607+0000] {taskinstance.py:2076} INFO - Dependencies all met for dep_context=requeueable deps ti=<TaskInstance: market_etl.create_date_dimension scheduled__2024-07-05T06:15:00+00:00 [queued]>
[2024-07-10T14:20:01.607+0000] {taskinstance.py:2306} INFO - Starting attempt 1 of 4
[2024-07-10T14:20:01.620+0000] {taskinstance.py:2330} INFO - Executing <Task(_PythonDecoratedOperator): create_date_dimension> on 2024-07-05 06:15:00+00:00
[2024-07-10T14:20:01.624+0000] {warnings.py:112} WARNING - /home/airflow/.local/lib/python3.12/site-packages/airflow/task/task_runner/standard_task_runner.py:61: DeprecationWarning: This process (pid=208) is multi-threaded, use of fork() may lead to deadlocks in the child.
  pid = os.fork()

[2024-07-10T14:20:01.625+0000] {standard_task_runner.py:63} INFO - Started process 215 to run task
[2024-07-10T14:20:01.626+0000] {standard_task_runner.py:90} INFO - Running: ['airflow', 'tasks', 'run', 'market_etl', 'create_date_dimension', 'scheduled__2024-07-05T06:15:00+00:00', '--job-id', '780', '--raw', '--subdir', 'DAGS_FOLDER/etl.py', '--cfg-path', '/tmp/tmpzenvef_2']
[2024-07-10T14:20:01.628+0000] {standard_task_runner.py:91} INFO - Job 780: Subtask create_date_dimension
[2024-07-10T14:20:01.676+0000] {task_command.py:426} INFO - Running <TaskInstance: market_etl.create_date_dimension scheduled__2024-07-05T06:15:00+00:00 [running]> on host 514b016b59c3
[2024-07-10T14:20:01.886+0000] {taskinstance.py:2648} INFO - Exporting env vars: AIRFLOW_CTX_DAG_OWNER='airflow' AIRFLOW_CTX_DAG_ID='market_etl' AIRFLOW_CTX_TASK_ID='create_date_dimension' AIRFLOW_CTX_EXECUTION_DATE='2024-07-05T06:15:00+00:00' AIRFLOW_CTX_TRY_NUMBER='1' AIRFLOW_CTX_DAG_RUN_ID='scheduled__2024-07-05T06:15:00+00:00'
[2024-07-10T14:20:01.887+0000] {taskinstance.py:430} INFO - ::endgroup::
[2024-07-10T14:20:01.891+0000] {python.py:237} INFO - Done. Returned value was:   BUSINESS_DATE  YEAR  MONTH  WEEK  DAY
0    2024-07-09  2024      7    28    9
[2024-07-10T14:20:01.894+0000] {taskinstance.py:441} INFO - ::group::Post task execution logs
[2024-07-10T14:20:01.930+0000] {taskinstance.py:1206} INFO - Marking task as SUCCESS. dag_id=market_etl, task_id=create_date_dimension, run_id=scheduled__2024-07-05T06:15:00+00:00, execution_date=20240705T061500, start_date=20240710T142001, end_date=20240710T142001
[2024-07-10T14:20:01.970+0000] {local_task_job_runner.py:240} INFO - Task exited with return code 0
[2024-07-10T14:20:01.991+0000] {local_task_job_runner.py:222} INFO - ::endgroup::
[2024-07-11T08:21:29.705+0000] {local_task_job_runner.py:120} INFO - ::group::Pre task execution logs
[2024-07-11T08:21:29.732+0000] {taskinstance.py:2076} INFO - Dependencies all met for dep_context=non-requeueable deps ti=<TaskInstance: market_etl.create_date_dimension scheduled__2024-07-05T06:15:00+00:00 [queued]>
[2024-07-11T08:21:29.739+0000] {taskinstance.py:2076} INFO - Dependencies all met for dep_context=requeueable deps ti=<TaskInstance: market_etl.create_date_dimension scheduled__2024-07-05T06:15:00+00:00 [queued]>
[2024-07-11T08:21:29.740+0000] {taskinstance.py:2306} INFO - Starting attempt 1 of 4
[2024-07-11T08:21:29.748+0000] {taskinstance.py:2330} INFO - Executing <Task(_PythonDecoratedOperator): create_date_dimension> on 2024-07-05 06:15:00+00:00
[2024-07-11T08:21:29.759+0000] {warnings.py:112} WARNING - /home/airflow/.local/lib/python3.12/site-packages/airflow/task/task_runner/standard_task_runner.py:61: DeprecationWarning: This process (pid=1164) is multi-threaded, use of fork() may lead to deadlocks in the child.
  pid = os.fork()

[2024-07-11T08:21:29.760+0000] {standard_task_runner.py:63} INFO - Started process 1171 to run task
[2024-07-11T08:21:29.762+0000] {standard_task_runner.py:90} INFO - Running: ['airflow', 'tasks', 'run', 'market_etl', 'create_date_dimension', 'scheduled__2024-07-05T06:15:00+00:00', '--job-id', '1184', '--raw', '--subdir', 'DAGS_FOLDER/etl.py', '--cfg-path', '/tmp/tmpr3zx6omb']
[2024-07-11T08:21:29.764+0000] {standard_task_runner.py:91} INFO - Job 1184: Subtask create_date_dimension
[2024-07-11T08:21:29.833+0000] {task_command.py:426} INFO - Running <TaskInstance: market_etl.create_date_dimension scheduled__2024-07-05T06:15:00+00:00 [running]> on host aa283b53dd54
[2024-07-11T08:21:30.125+0000] {taskinstance.py:2648} INFO - Exporting env vars: AIRFLOW_CTX_DAG_OWNER='airflow' AIRFLOW_CTX_DAG_ID='market_etl' AIRFLOW_CTX_TASK_ID='create_date_dimension' AIRFLOW_CTX_EXECUTION_DATE='2024-07-05T06:15:00+00:00' AIRFLOW_CTX_TRY_NUMBER='1' AIRFLOW_CTX_DAG_RUN_ID='scheduled__2024-07-05T06:15:00+00:00'
[2024-07-11T08:21:30.127+0000] {taskinstance.py:430} INFO - ::endgroup::
[2024-07-11T08:21:30.132+0000] {python.py:237} INFO - Done. Returned value was:   BUSINESS_DATE  YEAR  MONTH  WEEK  DAY
0    2024-07-10  2024      7    28   10
[2024-07-11T08:21:30.136+0000] {taskinstance.py:441} INFO - ::group::Post task execution logs
[2024-07-11T08:21:30.160+0000] {taskinstance.py:1206} INFO - Marking task as SUCCESS. dag_id=market_etl, task_id=create_date_dimension, run_id=scheduled__2024-07-05T06:15:00+00:00, execution_date=20240705T061500, start_date=20240711T082129, end_date=20240711T082130
[2024-07-11T08:21:30.190+0000] {local_task_job_runner.py:240} INFO - Task exited with return code 0
[2024-07-11T08:21:30.204+0000] {local_task_job_runner.py:222} INFO - ::endgroup::
