[2024-07-11T08:21:37.254+0000] {local_task_job_runner.py:120} INFO - ::group::Pre task execution logs
[2024-07-11T08:21:37.274+0000] {taskinstance.py:2076} INFO - Dependencies all met for dep_context=non-requeueable deps ti=<TaskInstance: market_etl.upload_to_s3__3 scheduled__2024-07-05T06:15:00+00:00 [queued]>
[2024-07-11T08:21:37.281+0000] {taskinstance.py:2076} INFO - Dependencies all met for dep_context=requeueable deps ti=<TaskInstance: market_etl.upload_to_s3__3 scheduled__2024-07-05T06:15:00+00:00 [queued]>
[2024-07-11T08:21:37.282+0000] {taskinstance.py:2306} INFO - Starting attempt 1 of 4
[2024-07-11T08:21:37.292+0000] {taskinstance.py:2330} INFO - Executing <Task(_PythonDecoratedOperator): upload_to_s3__3> on 2024-07-05 06:15:00+00:00
[2024-07-11T08:21:37.306+0000] {warnings.py:112} WARNING - /home/airflow/.local/lib/python3.12/site-packages/airflow/task/task_runner/standard_task_runner.py:61: DeprecationWarning: This process (pid=1239) is multi-threaded, use of fork() may lead to deadlocks in the child.
  pid = os.fork()

[2024-07-11T08:21:37.310+0000] {standard_task_runner.py:63} INFO - Started process 1245 to run task
[2024-07-11T08:21:37.312+0000] {standard_task_runner.py:90} INFO - Running: ['airflow', 'tasks', 'run', 'market_etl', 'upload_to_s3__3', 'scheduled__2024-07-05T06:15:00+00:00', '--job-id', '1191', '--raw', '--subdir', 'DAGS_FOLDER/etl.py', '--cfg-path', '/tmp/tmpml1sqw_b']
[2024-07-11T08:21:37.316+0000] {standard_task_runner.py:91} INFO - Job 1191: Subtask upload_to_s3__3
[2024-07-11T08:21:37.385+0000] {task_command.py:426} INFO - Running <TaskInstance: market_etl.upload_to_s3__3 scheduled__2024-07-05T06:15:00+00:00 [running]> on host aa283b53dd54
[2024-07-11T08:21:37.643+0000] {taskinstance.py:2648} INFO - Exporting env vars: AIRFLOW_CTX_DAG_OWNER='airflow' AIRFLOW_CTX_DAG_ID='market_etl' AIRFLOW_CTX_TASK_ID='upload_to_s3__3' AIRFLOW_CTX_EXECUTION_DATE='2024-07-05T06:15:00+00:00' AIRFLOW_CTX_TRY_NUMBER='1' AIRFLOW_CTX_DAG_RUN_ID='scheduled__2024-07-05T06:15:00+00:00'
[2024-07-11T08:21:37.647+0000] {taskinstance.py:430} INFO - ::endgroup::
[2024-07-11T08:21:37.675+0000] {base.py:84} INFO - Using connection ID 'aws_default' for task execution.
[2024-07-11T08:21:37.676+0000] {connection_wrapper.py:384} INFO - AWS Connection (conn_id='aws_default', conn_type='aws') credentials retrieved from login and password.
[2024-07-11T08:21:37.676+0000] {connection_wrapper.py:401} INFO - AWS Connection (conn_id='aws_default', conn_type='aws') session token retrieved from extra, please note you are responsible for renewing these.
[2024-07-11T08:21:40.186+0000] {python.py:237} INFO - Done. Returned value was: nepse_price_dimension_2024-07-05.csv
[2024-07-11T08:21:40.188+0000] {taskinstance.py:441} INFO - ::group::Post task execution logs
[2024-07-11T08:21:40.230+0000] {taskinstance.py:1206} INFO - Marking task as SUCCESS. dag_id=market_etl, task_id=upload_to_s3__3, run_id=scheduled__2024-07-05T06:15:00+00:00, execution_date=20240705T061500, start_date=20240711T082137, end_date=20240711T082140
[2024-07-11T08:21:40.253+0000] {local_task_job_runner.py:240} INFO - Task exited with return code 0
[2024-07-11T08:21:40.291+0000] {taskinstance.py:3503} INFO - 0 downstream tasks scheduled from follow-on schedule check
[2024-07-11T08:21:40.292+0000] {local_task_job_runner.py:222} INFO - ::endgroup::
