[2024-07-09T06:44:21.092+0000] {local_task_job_runner.py:120} INFO - ::group::Pre task execution logs
[2024-07-09T06:44:21.111+0000] {taskinstance.py:2076} INFO - Dependencies all met for dep_context=non-requeueable deps ti=<TaskInstance: market_etl.create_price_dimension scheduled__2024-06-25T00:00:00+00:00 [queued]>
[2024-07-09T06:44:21.116+0000] {taskinstance.py:2076} INFO - Dependencies all met for dep_context=requeueable deps ti=<TaskInstance: market_etl.create_price_dimension scheduled__2024-06-25T00:00:00+00:00 [queued]>
[2024-07-09T06:44:21.116+0000] {taskinstance.py:2306} INFO - Starting attempt 2 of 4
[2024-07-09T06:44:21.126+0000] {taskinstance.py:2330} INFO - Executing <Task(_PythonDecoratedOperator): create_price_dimension> on 2024-06-25 00:00:00+00:00
[2024-07-09T06:44:21.138+0000] {warnings.py:112} WARNING - /home/airflow/.local/lib/python3.12/site-packages/airflow/task/task_runner/standard_task_runner.py:61: DeprecationWarning: This process (pid=48) is multi-threaded, use of fork() may lead to deadlocks in the child.
  pid = os.fork()

[2024-07-09T06:44:21.151+0000] {standard_task_runner.py:63} INFO - Started process 55 to run task
[2024-07-09T06:44:21.153+0000] {standard_task_runner.py:90} INFO - Running: ['airflow', 'tasks', 'run', 'market_etl', 'create_price_dimension', 'scheduled__2024-06-25T00:00:00+00:00', '--job-id', '16', '--raw', '--subdir', 'DAGS_FOLDER/etl.py', '--cfg-path', '/tmp/tmp52wooh3l']
[2024-07-09T06:44:21.161+0000] {standard_task_runner.py:91} INFO - Job 16: Subtask create_price_dimension
[2024-07-09T06:44:21.260+0000] {task_command.py:426} INFO - Running <TaskInstance: market_etl.create_price_dimension scheduled__2024-06-25T00:00:00+00:00 [running]> on host e3bf5389da5f
[2024-07-09T06:44:21.603+0000] {taskinstance.py:2648} INFO - Exporting env vars: AIRFLOW_CTX_DAG_OWNER='airflow' AIRFLOW_CTX_DAG_ID='market_etl' AIRFLOW_CTX_TASK_ID='create_price_dimension' AIRFLOW_CTX_EXECUTION_DATE='2024-06-25T00:00:00+00:00' AIRFLOW_CTX_TRY_NUMBER='2' AIRFLOW_CTX_DAG_RUN_ID='scheduled__2024-06-25T00:00:00+00:00'
[2024-07-09T06:44:21.606+0000] {taskinstance.py:430} INFO - ::endgroup::
[2024-07-09T06:44:21.608+0000] {taskinstance.py:441} INFO - ::group::Post task execution logs
[2024-07-09T06:44:21.610+0000] {taskinstance.py:2905} ERROR - Task failed with exception
Traceback (most recent call last):
  File "/home/airflow/.local/lib/python3.12/site-packages/airflow/models/taskinstance.py", line 465, in _execute_task
    result = _execute_callable(context=context, **execute_callable_kwargs)
             ^^^^^^^^^^^^^^^^^^^^^^^^^^^^^^^^^^^^^^^^^^^^^^^^^^^^^^^^^^^^^
  File "/home/airflow/.local/lib/python3.12/site-packages/airflow/models/taskinstance.py", line 432, in _execute_callable
    return execute_callable(context=context, **execute_callable_kwargs)
           ^^^^^^^^^^^^^^^^^^^^^^^^^^^^^^^^^^^^^^^^^^^^^^^^^^^^^^^^^^^^
  File "/home/airflow/.local/lib/python3.12/site-packages/airflow/models/baseoperator.py", line 401, in wrapper
    return func(self, *args, **kwargs)
           ^^^^^^^^^^^^^^^^^^^^^^^^^^^
  File "/home/airflow/.local/lib/python3.12/site-packages/airflow/decorators/base.py", line 265, in execute
    return_value = super().execute(context)
                   ^^^^^^^^^^^^^^^^^^^^^^^^
  File "/home/airflow/.local/lib/python3.12/site-packages/airflow/models/baseoperator.py", line 401, in wrapper
    return func(self, *args, **kwargs)
           ^^^^^^^^^^^^^^^^^^^^^^^^^^^
  File "/home/airflow/.local/lib/python3.12/site-packages/airflow/operators/python.py", line 235, in execute
    return_value = self.execute_callable()
                   ^^^^^^^^^^^^^^^^^^^^^^^
  File "/home/airflow/.local/lib/python3.12/site-packages/airflow/operators/python.py", line 252, in execute_callable
    return self.python_callable(*self.op_args, **self.op_kwargs)
           ^^^^^^^^^^^^^^^^^^^^^^^^^^^^^^^^^^^^^^^^^^^^^^^^^^^^^
  File "/opt/airflow/dags/etl.py", line 76, in create_price_dimension
    price_dimension = df[['SECURITY_ID', 'SYMBOL', 'OPEN_PRICE', 'HIGH_PRICE', 'LOW_PRICE', 'CLOSE_PRICE', 'LAST_UPDATED_PRICE', 'PREVIOUS_DAY_PRICE']].drop_duplicates().copy()
                      ~~^^^^^^^^^^^^^^^^^^^^^^^^^^^^^^^^^^^^^^^^^^^^^^^^^^^^^^^^^^^^^^^^^^^^^^^^^^^^^^^^^^^^^^^^^^^^^^^^^^^^^^^^^^^^^^^^^^^^^^^^^^^^^^^
  File "/home/airflow/.local/lib/python3.12/site-packages/pandas/core/frame.py", line 3899, in __getitem__
    indexer = self.columns._get_indexer_strict(key, "columns")[1]
              ^^^^^^^^^^^^^^^^^^^^^^^^^^^^^^^^^^^^^^^^^^^^^^^^
  File "/home/airflow/.local/lib/python3.12/site-packages/pandas/core/indexes/base.py", line 6115, in _get_indexer_strict
    self._raise_if_missing(keyarr, indexer, axis_name)
  File "/home/airflow/.local/lib/python3.12/site-packages/pandas/core/indexes/base.py", line 6176, in _raise_if_missing
    raise KeyError(f"None of [{key}] are in the [{axis_name}]")
KeyError: "None of [Index(['SECURITY_ID', 'SYMBOL', 'OPEN_PRICE', 'HIGH_PRICE', 'LOW_PRICE',\n       'CLOSE_PRICE', 'LAST_UPDATED_PRICE', 'PREVIOUS_DAY_PRICE'],\n      dtype='object')] are in the [columns]"
[2024-07-09T06:44:21.640+0000] {taskinstance.py:1206} INFO - Marking task as UP_FOR_RETRY. dag_id=market_etl, task_id=create_price_dimension, run_id=scheduled__2024-06-25T00:00:00+00:00, execution_date=20240625T000000, start_date=20240709T064421, end_date=20240709T064421
[2024-07-09T06:44:21.650+0000] {standard_task_runner.py:110} ERROR - Failed to execute job 16 for task create_price_dimension ("None of [Index(['SECURITY_ID', 'SYMBOL', 'OPEN_PRICE', 'HIGH_PRICE', 'LOW_PRICE',\n       'CLOSE_PRICE', 'LAST_UPDATED_PRICE', 'PREVIOUS_DAY_PRICE'],\n      dtype='object')] are in the [columns]"; 55)
[2024-07-09T06:44:21.667+0000] {local_task_job_runner.py:240} INFO - Task exited with return code 1
[2024-07-09T06:44:21.681+0000] {local_task_job_runner.py:222} INFO - ::endgroup::
[2024-07-09T07:13:12.387+0000] {local_task_job_runner.py:120} INFO - ::group::Pre task execution logs
[2024-07-09T07:13:12.425+0000] {taskinstance.py:2076} INFO - Dependencies all met for dep_context=non-requeueable deps ti=<TaskInstance: market_etl.create_price_dimension scheduled__2024-06-25T00:00:00+00:00 [queued]>
[2024-07-09T07:13:12.433+0000] {taskinstance.py:2076} INFO - Dependencies all met for dep_context=requeueable deps ti=<TaskInstance: market_etl.create_price_dimension scheduled__2024-06-25T00:00:00+00:00 [queued]>
[2024-07-09T07:13:12.433+0000] {taskinstance.py:2306} INFO - Starting attempt 2 of 4
[2024-07-09T07:13:12.443+0000] {taskinstance.py:2330} INFO - Executing <Task(_PythonDecoratedOperator): create_price_dimension> on 2024-06-25 00:00:00+00:00
[2024-07-09T07:13:12.458+0000] {warnings.py:112} WARNING - /home/airflow/.local/lib/python3.12/site-packages/airflow/task/task_runner/standard_task_runner.py:61: DeprecationWarning: This process (pid=49) is multi-threaded, use of fork() may lead to deadlocks in the child.
  pid = os.fork()

[2024-07-09T07:13:12.460+0000] {standard_task_runner.py:63} INFO - Started process 51 to run task
[2024-07-09T07:13:12.460+0000] {standard_task_runner.py:90} INFO - Running: ['airflow', 'tasks', 'run', 'market_etl', 'create_price_dimension', 'scheduled__2024-06-25T00:00:00+00:00', '--job-id', '58', '--raw', '--subdir', 'DAGS_FOLDER/etl.py', '--cfg-path', '/tmp/tmpmgctni7f']
[2024-07-09T07:13:12.462+0000] {standard_task_runner.py:91} INFO - Job 58: Subtask create_price_dimension
[2024-07-09T07:13:12.529+0000] {task_command.py:426} INFO - Running <TaskInstance: market_etl.create_price_dimension scheduled__2024-06-25T00:00:00+00:00 [running]> on host e9d7a1807053
[2024-07-09T07:13:12.801+0000] {taskinstance.py:2648} INFO - Exporting env vars: AIRFLOW_CTX_DAG_OWNER='airflow' AIRFLOW_CTX_DAG_ID='market_etl' AIRFLOW_CTX_TASK_ID='create_price_dimension' AIRFLOW_CTX_EXECUTION_DATE='2024-06-25T00:00:00+00:00' AIRFLOW_CTX_TRY_NUMBER='2' AIRFLOW_CTX_DAG_RUN_ID='scheduled__2024-06-25T00:00:00+00:00'
[2024-07-09T07:13:12.802+0000] {taskinstance.py:430} INFO - ::endgroup::
[2024-07-09T07:13:12.808+0000] {python.py:237} INFO - Done. Returned value was:     SECURITY_ID  OPEN_PRICE  ...  Close_Date                     PRICE_ID
0          ADBL       282.0  ...  2024-07-08     ADBL_2024-07-08 00:00:00
1       ADBLD83      1138.5  ...  2024-07-08  ADBLD83_2024-07-08 00:00:00
2           AHL       527.3  ...  2024-07-08      AHL_2024-07-08 00:00:00
3          AHPC       159.0  ...  2024-07-08     AHPC_2024-07-08 00:00:00
4         AKJCL       235.0  ...  2024-07-08    AKJCL_2024-07-08 00:00:00
..          ...         ...  ...         ...                          ...
318        USHL       582.0  ...  2024-07-08     USHL_2024-07-08 00:00:00
319        USLB      1695.4  ...  2024-07-08     USLB_2024-07-08 00:00:00
320        VLBS      1048.0  ...  2024-07-08     VLBS_2024-07-08 00:00:00
321       VLUCL       509.0  ...  2024-07-08    VLUCL_2024-07-08 00:00:00
322        WNLB      1450.0  ...  2024-07-08     WNLB_2024-07-08 00:00:00

[323 rows x 9 columns]
[2024-07-09T07:13:12.816+0000] {taskinstance.py:441} INFO - ::group::Post task execution logs
[2024-07-09T07:13:12.873+0000] {taskinstance.py:1206} INFO - Marking task as SUCCESS. dag_id=market_etl, task_id=create_price_dimension, run_id=scheduled__2024-06-25T00:00:00+00:00, execution_date=20240625T000000, start_date=20240709T071312, end_date=20240709T071312
[2024-07-09T07:13:12.889+0000] {local_task_job_runner.py:240} INFO - Task exited with return code 0
[2024-07-09T07:13:12.908+0000] {taskinstance.py:3503} INFO - 1 downstream tasks scheduled from follow-on schedule check
[2024-07-09T07:13:12.909+0000] {local_task_job_runner.py:222} INFO - ::endgroup::
