[2024-07-09T08:45:53.475+0000] {local_task_job_runner.py:120} INFO - ::group::Pre task execution logs
[2024-07-09T08:45:53.509+0000] {taskinstance.py:2076} INFO - Dependencies all met for dep_context=non-requeueable deps ti=<TaskInstance: market_etl.create_security_dimension scheduled__2024-07-06T00:00:00+00:00 [queued]>
[2024-07-09T08:45:53.522+0000] {taskinstance.py:2076} INFO - Dependencies all met for dep_context=requeueable deps ti=<TaskInstance: market_etl.create_security_dimension scheduled__2024-07-06T00:00:00+00:00 [queued]>
[2024-07-09T08:45:53.522+0000] {taskinstance.py:2306} INFO - Starting attempt 1 of 4
[2024-07-09T08:45:53.550+0000] {taskinstance.py:2330} INFO - Executing <Task(_PythonDecoratedOperator): create_security_dimension> on 2024-07-06 00:00:00+00:00
[2024-07-09T08:45:53.564+0000] {warnings.py:112} WARNING - /home/airflow/.local/lib/python3.12/site-packages/airflow/task/task_runner/standard_task_runner.py:61: DeprecationWarning: This process (pid=917) is multi-threaded, use of fork() may lead to deadlocks in the child.
  pid = os.fork()

[2024-07-09T08:45:53.566+0000] {standard_task_runner.py:63} INFO - Started process 926 to run task
[2024-07-09T08:45:53.569+0000] {standard_task_runner.py:90} INFO - Running: ['airflow', 'tasks', 'run', 'market_etl', 'create_security_dimension', 'scheduled__2024-07-06T00:00:00+00:00', '--job-id', '184', '--raw', '--subdir', 'DAGS_FOLDER/etl.py', '--cfg-path', '/tmp/tmpx10pkcvb']
[2024-07-09T08:45:53.574+0000] {standard_task_runner.py:91} INFO - Job 184: Subtask create_security_dimension
[2024-07-09T08:45:53.664+0000] {task_command.py:426} INFO - Running <TaskInstance: market_etl.create_security_dimension scheduled__2024-07-06T00:00:00+00:00 [running]> on host 7aa01bd35230
[2024-07-09T08:45:53.993+0000] {taskinstance.py:2648} INFO - Exporting env vars: AIRFLOW_CTX_DAG_OWNER='airflow' AIRFLOW_CTX_DAG_ID='market_etl' AIRFLOW_CTX_TASK_ID='create_security_dimension' AIRFLOW_CTX_EXECUTION_DATE='2024-07-06T00:00:00+00:00' AIRFLOW_CTX_TRY_NUMBER='1' AIRFLOW_CTX_DAG_RUN_ID='scheduled__2024-07-06T00:00:00+00:00'
[2024-07-09T08:45:53.995+0000] {taskinstance.py:430} INFO - ::endgroup::
[2024-07-09T08:45:54.000+0000] {python.py:237} INFO - Done. Returned value was:     SECURITY_ID  ...  FIFTY_TWO_WEEKS_LOW
0          ADBL  ...                220.5
1       ADBLD83  ...                941.0
2           AHL  ...                273.1
3          AHPC  ...                149.0
4         AKJCL  ...                141.3
..          ...  ...                  ...
318        USHL  ...                253.6
319        USLB  ...                591.1
320        VLBS  ...                546.1
321       VLUCL  ...                365.3
322        WNLB  ...                680.0

[323 rows x 4 columns]
[2024-07-09T08:45:54.006+0000] {taskinstance.py:441} INFO - ::group::Post task execution logs
[2024-07-09T08:45:54.050+0000] {taskinstance.py:1206} INFO - Marking task as SUCCESS. dag_id=market_etl, task_id=create_security_dimension, run_id=scheduled__2024-07-06T00:00:00+00:00, execution_date=20240706T000000, start_date=20240709T084553, end_date=20240709T084554
[2024-07-09T08:45:54.080+0000] {local_task_job_runner.py:240} INFO - Task exited with return code 0
[2024-07-09T08:45:54.128+0000] {taskinstance.py:3503} INFO - 1 downstream tasks scheduled from follow-on schedule check
[2024-07-09T08:45:54.131+0000] {local_task_job_runner.py:222} INFO - ::endgroup::
