[2024-07-10T08:52:11.917+0000] {local_task_job_runner.py:120} INFO - ::group::Pre task execution logs
[2024-07-10T08:52:11.940+0000] {taskinstance.py:2076} INFO - Dependencies all met for dep_context=non-requeueable deps ti=<TaskInstance: market_etl.get_business_date scheduled__2024-06-25T06:15:00+00:00 [queued]>
[2024-07-10T08:52:11.947+0000] {taskinstance.py:2076} INFO - Dependencies all met for dep_context=requeueable deps ti=<TaskInstance: market_etl.get_business_date scheduled__2024-06-25T06:15:00+00:00 [queued]>
[2024-07-10T08:52:11.948+0000] {taskinstance.py:2306} INFO - Starting attempt 1 of 4
[2024-07-10T08:52:11.967+0000] {taskinstance.py:2330} INFO - Executing <Task(_PythonDecoratedOperator): get_business_date> on 2024-06-25 06:15:00+00:00
[2024-07-10T08:52:11.979+0000] {warnings.py:112} WARNING - /home/airflow/.local/lib/python3.12/site-packages/airflow/task/task_runner/standard_task_runner.py:61: DeprecationWarning: This process (pid=69) is multi-threaded, use of fork() may lead to deadlocks in the child.
  pid = os.fork()

[2024-07-10T08:52:11.982+0000] {standard_task_runner.py:63} INFO - Started process 75 to run task
[2024-07-10T08:52:11.983+0000] {standard_task_runner.py:90} INFO - Running: ['airflow', 'tasks', 'run', 'market_etl', 'get_business_date', 'scheduled__2024-06-25T06:15:00+00:00', '--job-id', '245', '--raw', '--subdir', 'DAGS_FOLDER/etl.py', '--cfg-path', '/tmp/tmphjoi2rim']
[2024-07-10T08:52:11.986+0000] {standard_task_runner.py:91} INFO - Job 245: Subtask get_business_date
[2024-07-10T08:52:12.052+0000] {task_command.py:426} INFO - Running <TaskInstance: market_etl.get_business_date scheduled__2024-06-25T06:15:00+00:00 [running]> on host 514b016b59c3
[2024-07-10T08:52:12.443+0000] {taskinstance.py:2648} INFO - Exporting env vars: AIRFLOW_CTX_DAG_OWNER='airflow' AIRFLOW_CTX_DAG_ID='market_etl' AIRFLOW_CTX_TASK_ID='get_business_date' AIRFLOW_CTX_EXECUTION_DATE='2024-06-25T06:15:00+00:00' AIRFLOW_CTX_TRY_NUMBER='1' AIRFLOW_CTX_DAG_RUN_ID='scheduled__2024-06-25T06:15:00+00:00'
[2024-07-10T08:52:12.473+0000] {taskinstance.py:430} INFO - ::endgroup::
[2024-07-10T08:52:12.476+0000] {python.py:237} INFO - Done. Returned value was: 2024-07-09
[2024-07-10T08:52:12.477+0000] {taskinstance.py:441} INFO - ::group::Post task execution logs
[2024-07-10T08:52:12.532+0000] {taskinstance.py:1206} INFO - Marking task as SUCCESS. dag_id=market_etl, task_id=get_business_date, run_id=scheduled__2024-06-25T06:15:00+00:00, execution_date=20240625T061500, start_date=20240710T085211, end_date=20240710T085212
[2024-07-10T08:52:12.575+0000] {local_task_job_runner.py:240} INFO - Task exited with return code 0
[2024-07-10T08:52:12.641+0000] {taskinstance.py:3503} INFO - 1 downstream tasks scheduled from follow-on schedule check
[2024-07-10T08:52:12.680+0000] {local_task_job_runner.py:222} INFO - ::endgroup::
[2024-07-10T08:55:47.566+0000] {local_task_job_runner.py:120} INFO - ::group::Pre task execution logs
[2024-07-10T08:55:47.609+0000] {taskinstance.py:2076} INFO - Dependencies all met for dep_context=non-requeueable deps ti=<TaskInstance: market_etl.get_business_date scheduled__2024-06-25T06:15:00+00:00 [queued]>
[2024-07-10T08:55:47.616+0000] {taskinstance.py:2076} INFO - Dependencies all met for dep_context=requeueable deps ti=<TaskInstance: market_etl.get_business_date scheduled__2024-06-25T06:15:00+00:00 [queued]>
[2024-07-10T08:55:47.617+0000] {taskinstance.py:2306} INFO - Starting attempt 1 of 4
[2024-07-10T08:55:47.629+0000] {taskinstance.py:2330} INFO - Executing <Task(_PythonDecoratedOperator): get_business_date> on 2024-06-25 06:15:00+00:00
[2024-07-10T08:55:47.639+0000] {warnings.py:112} WARNING - /home/airflow/.local/lib/python3.12/site-packages/airflow/task/task_runner/standard_task_runner.py:61: DeprecationWarning: This process (pid=63) is multi-threaded, use of fork() may lead to deadlocks in the child.
  pid = os.fork()

[2024-07-10T08:55:47.641+0000] {standard_task_runner.py:63} INFO - Started process 71 to run task
[2024-07-10T08:55:47.641+0000] {standard_task_runner.py:90} INFO - Running: ['airflow', 'tasks', 'run', 'market_etl', 'get_business_date', 'scheduled__2024-06-25T06:15:00+00:00', '--job-id', '254', '--raw', '--subdir', 'DAGS_FOLDER/etl.py', '--cfg-path', '/tmp/tmp3z80tot6']
[2024-07-10T08:55:47.643+0000] {standard_task_runner.py:91} INFO - Job 254: Subtask get_business_date
[2024-07-10T08:55:47.752+0000] {task_command.py:426} INFO - Running <TaskInstance: market_etl.get_business_date scheduled__2024-06-25T06:15:00+00:00 [running]> on host 514b016b59c3
[2024-07-10T08:55:48.343+0000] {taskinstance.py:2648} INFO - Exporting env vars: AIRFLOW_CTX_DAG_OWNER='airflow' AIRFLOW_CTX_DAG_ID='market_etl' AIRFLOW_CTX_TASK_ID='get_business_date' AIRFLOW_CTX_EXECUTION_DATE='2024-06-25T06:15:00+00:00' AIRFLOW_CTX_TRY_NUMBER='1' AIRFLOW_CTX_DAG_RUN_ID='scheduled__2024-06-25T06:15:00+00:00'
[2024-07-10T08:55:48.349+0000] {taskinstance.py:430} INFO - ::endgroup::
[2024-07-10T08:55:48.363+0000] {python.py:237} INFO - Done. Returned value was: 2024-07-09
[2024-07-10T08:55:48.366+0000] {taskinstance.py:441} INFO - ::group::Post task execution logs
[2024-07-10T08:55:48.416+0000] {taskinstance.py:1206} INFO - Marking task as SUCCESS. dag_id=market_etl, task_id=get_business_date, run_id=scheduled__2024-06-25T06:15:00+00:00, execution_date=20240625T061500, start_date=20240710T085547, end_date=20240710T085548
[2024-07-10T08:55:48.457+0000] {local_task_job_runner.py:240} INFO - Task exited with return code 0
[2024-07-10T08:55:48.510+0000] {taskinstance.py:3503} INFO - 1 downstream tasks scheduled from follow-on schedule check
[2024-07-10T08:55:48.511+0000] {local_task_job_runner.py:222} INFO - ::endgroup::
[2024-07-10T09:09:44.234+0000] {local_task_job_runner.py:120} INFO - ::group::Pre task execution logs
[2024-07-10T09:09:44.265+0000] {taskinstance.py:2076} INFO - Dependencies all met for dep_context=non-requeueable deps ti=<TaskInstance: market_etl.get_business_date scheduled__2024-06-25T06:15:00+00:00 [queued]>
[2024-07-10T09:09:44.272+0000] {taskinstance.py:2076} INFO - Dependencies all met for dep_context=requeueable deps ti=<TaskInstance: market_etl.get_business_date scheduled__2024-06-25T06:15:00+00:00 [queued]>
[2024-07-10T09:09:44.272+0000] {taskinstance.py:2306} INFO - Starting attempt 1 of 4
[2024-07-10T09:09:44.287+0000] {taskinstance.py:2330} INFO - Executing <Task(_PythonDecoratedOperator): get_business_date> on 2024-06-25 06:15:00+00:00
[2024-07-10T09:09:44.294+0000] {warnings.py:112} WARNING - /home/airflow/.local/lib/python3.12/site-packages/airflow/task/task_runner/standard_task_runner.py:61: DeprecationWarning: This process (pid=71) is multi-threaded, use of fork() may lead to deadlocks in the child.
  pid = os.fork()

[2024-07-10T09:09:44.296+0000] {standard_task_runner.py:63} INFO - Started process 78 to run task
[2024-07-10T09:09:44.296+0000] {standard_task_runner.py:90} INFO - Running: ['airflow', 'tasks', 'run', 'market_etl', 'get_business_date', 'scheduled__2024-06-25T06:15:00+00:00', '--job-id', '276', '--raw', '--subdir', 'DAGS_FOLDER/etl.py', '--cfg-path', '/tmp/tmpuwxqzxq2']
[2024-07-10T09:09:44.299+0000] {standard_task_runner.py:91} INFO - Job 276: Subtask get_business_date
[2024-07-10T09:09:44.356+0000] {task_command.py:426} INFO - Running <TaskInstance: market_etl.get_business_date scheduled__2024-06-25T06:15:00+00:00 [running]> on host 514b016b59c3
[2024-07-10T09:09:44.694+0000] {taskinstance.py:2648} INFO - Exporting env vars: AIRFLOW_CTX_DAG_OWNER='airflow' AIRFLOW_CTX_DAG_ID='market_etl' AIRFLOW_CTX_TASK_ID='get_business_date' AIRFLOW_CTX_EXECUTION_DATE='2024-06-25T06:15:00+00:00' AIRFLOW_CTX_TRY_NUMBER='1' AIRFLOW_CTX_DAG_RUN_ID='scheduled__2024-06-25T06:15:00+00:00'
[2024-07-10T09:09:44.696+0000] {taskinstance.py:430} INFO - ::endgroup::
[2024-07-10T09:09:44.697+0000] {python.py:237} INFO - Done. Returned value was: 2024-07-09
[2024-07-10T09:09:44.697+0000] {taskinstance.py:441} INFO - ::group::Post task execution logs
[2024-07-10T09:09:44.725+0000] {taskinstance.py:1206} INFO - Marking task as SUCCESS. dag_id=market_etl, task_id=get_business_date, run_id=scheduled__2024-06-25T06:15:00+00:00, execution_date=20240625T061500, start_date=20240710T090944, end_date=20240710T090944
[2024-07-10T09:09:44.766+0000] {local_task_job_runner.py:240} INFO - Task exited with return code 0
[2024-07-10T09:09:44.786+0000] {local_task_job_runner.py:222} INFO - ::endgroup::
[2024-07-10T09:12:33.704+0000] {local_task_job_runner.py:120} INFO - ::group::Pre task execution logs
[2024-07-10T09:12:33.723+0000] {taskinstance.py:2076} INFO - Dependencies all met for dep_context=non-requeueable deps ti=<TaskInstance: market_etl.get_business_date scheduled__2024-06-25T06:15:00+00:00 [queued]>
[2024-07-10T09:12:33.730+0000] {taskinstance.py:2076} INFO - Dependencies all met for dep_context=requeueable deps ti=<TaskInstance: market_etl.get_business_date scheduled__2024-06-25T06:15:00+00:00 [queued]>
[2024-07-10T09:12:33.730+0000] {taskinstance.py:2306} INFO - Starting attempt 1 of 4
[2024-07-10T09:12:33.740+0000] {taskinstance.py:2330} INFO - Executing <Task(_PythonDecoratedOperator): get_business_date> on 2024-06-25 06:15:00+00:00
[2024-07-10T09:12:33.764+0000] {warnings.py:112} WARNING - /home/airflow/.local/lib/python3.12/site-packages/airflow/task/task_runner/standard_task_runner.py:61: DeprecationWarning: This process (pid=62) is multi-threaded, use of fork() may lead to deadlocks in the child.
  pid = os.fork()

[2024-07-10T09:12:33.772+0000] {standard_task_runner.py:63} INFO - Started process 73 to run task
[2024-07-10T09:12:33.772+0000] {standard_task_runner.py:90} INFO - Running: ['airflow', 'tasks', 'run', 'market_etl', 'get_business_date', 'scheduled__2024-06-25T06:15:00+00:00', '--job-id', '285', '--raw', '--subdir', 'DAGS_FOLDER/etl.py', '--cfg-path', '/tmp/tmpt527dzxz']
[2024-07-10T09:12:33.775+0000] {standard_task_runner.py:91} INFO - Job 285: Subtask get_business_date
[2024-07-10T09:12:33.866+0000] {task_command.py:426} INFO - Running <TaskInstance: market_etl.get_business_date scheduled__2024-06-25T06:15:00+00:00 [running]> on host 514b016b59c3
[2024-07-10T09:12:34.161+0000] {taskinstance.py:2648} INFO - Exporting env vars: AIRFLOW_CTX_DAG_OWNER='airflow' AIRFLOW_CTX_DAG_ID='market_etl' AIRFLOW_CTX_TASK_ID='get_business_date' AIRFLOW_CTX_EXECUTION_DATE='2024-06-25T06:15:00+00:00' AIRFLOW_CTX_TRY_NUMBER='1' AIRFLOW_CTX_DAG_RUN_ID='scheduled__2024-06-25T06:15:00+00:00'
[2024-07-10T09:12:34.162+0000] {taskinstance.py:430} INFO - ::endgroup::
[2024-07-10T09:12:34.164+0000] {python.py:237} INFO - Done. Returned value was: 2024-07-09
[2024-07-10T09:12:34.164+0000] {taskinstance.py:441} INFO - ::group::Post task execution logs
[2024-07-10T09:12:34.189+0000] {taskinstance.py:1206} INFO - Marking task as SUCCESS. dag_id=market_etl, task_id=get_business_date, run_id=scheduled__2024-06-25T06:15:00+00:00, execution_date=20240625T061500, start_date=20240710T091233, end_date=20240710T091234
[2024-07-10T09:12:34.242+0000] {local_task_job_runner.py:240} INFO - Task exited with return code 0
[2024-07-10T09:12:34.259+0000] {local_task_job_runner.py:222} INFO - ::endgroup::
[2024-07-10T09:21:26.183+0000] {local_task_job_runner.py:120} INFO - ::group::Pre task execution logs
[2024-07-10T09:21:26.206+0000] {taskinstance.py:2076} INFO - Dependencies all met for dep_context=non-requeueable deps ti=<TaskInstance: market_etl.get_business_date scheduled__2024-06-25T06:15:00+00:00 [queued]>
[2024-07-10T09:21:26.232+0000] {taskinstance.py:2076} INFO - Dependencies all met for dep_context=requeueable deps ti=<TaskInstance: market_etl.get_business_date scheduled__2024-06-25T06:15:00+00:00 [queued]>
[2024-07-10T09:21:26.233+0000] {taskinstance.py:2306} INFO - Starting attempt 1 of 4
[2024-07-10T09:21:26.246+0000] {taskinstance.py:2330} INFO - Executing <Task(_PythonDecoratedOperator): get_business_date> on 2024-06-25 06:15:00+00:00
[2024-07-10T09:21:26.276+0000] {warnings.py:112} WARNING - /home/airflow/.local/lib/python3.12/site-packages/airflow/task/task_runner/standard_task_runner.py:61: DeprecationWarning: This process (pid=64) is multi-threaded, use of fork() may lead to deadlocks in the child.
  pid = os.fork()

[2024-07-10T09:21:26.281+0000] {standard_task_runner.py:90} INFO - Running: ['airflow', 'tasks', 'run', 'market_etl', 'get_business_date', 'scheduled__2024-06-25T06:15:00+00:00', '--job-id', '408', '--raw', '--subdir', 'DAGS_FOLDER/etl.py', '--cfg-path', '/tmp/tmprcsarc9j']
[2024-07-10T09:21:26.284+0000] {standard_task_runner.py:63} INFO - Started process 71 to run task
[2024-07-10T09:21:26.286+0000] {standard_task_runner.py:91} INFO - Job 408: Subtask get_business_date
[2024-07-10T09:21:26.385+0000] {task_command.py:426} INFO - Running <TaskInstance: market_etl.get_business_date scheduled__2024-06-25T06:15:00+00:00 [running]> on host 514b016b59c3
[2024-07-10T09:21:26.807+0000] {taskinstance.py:2648} INFO - Exporting env vars: AIRFLOW_CTX_DAG_OWNER='airflow' AIRFLOW_CTX_DAG_ID='market_etl' AIRFLOW_CTX_TASK_ID='get_business_date' AIRFLOW_CTX_EXECUTION_DATE='2024-06-25T06:15:00+00:00' AIRFLOW_CTX_TRY_NUMBER='1' AIRFLOW_CTX_DAG_RUN_ID='scheduled__2024-06-25T06:15:00+00:00'
[2024-07-10T09:21:26.810+0000] {taskinstance.py:430} INFO - ::endgroup::
[2024-07-10T09:21:26.813+0000] {python.py:237} INFO - Done. Returned value was: 2024-07-09
[2024-07-10T09:21:26.814+0000] {taskinstance.py:441} INFO - ::group::Post task execution logs
[2024-07-10T09:21:26.868+0000] {taskinstance.py:1206} INFO - Marking task as SUCCESS. dag_id=market_etl, task_id=get_business_date, run_id=scheduled__2024-06-25T06:15:00+00:00, execution_date=20240625T061500, start_date=20240710T092126, end_date=20240710T092126
[2024-07-10T09:21:26.930+0000] {local_task_job_runner.py:240} INFO - Task exited with return code 0
[2024-07-10T09:21:26.963+0000] {local_task_job_runner.py:222} INFO - ::endgroup::
[2024-07-10T09:27:00.654+0000] {local_task_job_runner.py:120} INFO - ::group::Pre task execution logs
[2024-07-10T09:27:00.695+0000] {taskinstance.py:2076} INFO - Dependencies all met for dep_context=non-requeueable deps ti=<TaskInstance: market_etl.get_business_date scheduled__2024-06-25T06:15:00+00:00 [queued]>
[2024-07-10T09:27:00.702+0000] {taskinstance.py:2076} INFO - Dependencies all met for dep_context=requeueable deps ti=<TaskInstance: market_etl.get_business_date scheduled__2024-06-25T06:15:00+00:00 [queued]>
[2024-07-10T09:27:00.703+0000] {taskinstance.py:2306} INFO - Starting attempt 1 of 4
[2024-07-10T09:27:00.727+0000] {taskinstance.py:2330} INFO - Executing <Task(_PythonDecoratedOperator): get_business_date> on 2024-06-25 06:15:00+00:00
[2024-07-10T09:27:00.754+0000] {warnings.py:112} WARNING - /home/airflow/.local/lib/python3.12/site-packages/airflow/task/task_runner/standard_task_runner.py:61: DeprecationWarning: This process (pid=63) is multi-threaded, use of fork() may lead to deadlocks in the child.
  pid = os.fork()

[2024-07-10T09:27:00.758+0000] {standard_task_runner.py:63} INFO - Started process 71 to run task
[2024-07-10T09:27:00.762+0000] {standard_task_runner.py:90} INFO - Running: ['airflow', 'tasks', 'run', 'market_etl', 'get_business_date', 'scheduled__2024-06-25T06:15:00+00:00', '--job-id', '470', '--raw', '--subdir', 'DAGS_FOLDER/etl.py', '--cfg-path', '/tmp/tmpdzqw4dpu']
[2024-07-10T09:27:00.770+0000] {standard_task_runner.py:91} INFO - Job 470: Subtask get_business_date
[2024-07-10T09:27:00.901+0000] {task_command.py:426} INFO - Running <TaskInstance: market_etl.get_business_date scheduled__2024-06-25T06:15:00+00:00 [running]> on host 514b016b59c3
[2024-07-10T09:27:01.211+0000] {taskinstance.py:2648} INFO - Exporting env vars: AIRFLOW_CTX_DAG_OWNER='airflow' AIRFLOW_CTX_DAG_ID='market_etl' AIRFLOW_CTX_TASK_ID='get_business_date' AIRFLOW_CTX_EXECUTION_DATE='2024-06-25T06:15:00+00:00' AIRFLOW_CTX_TRY_NUMBER='1' AIRFLOW_CTX_DAG_RUN_ID='scheduled__2024-06-25T06:15:00+00:00'
[2024-07-10T09:27:01.213+0000] {taskinstance.py:430} INFO - ::endgroup::
[2024-07-10T09:27:01.215+0000] {python.py:237} INFO - Done. Returned value was: 2024-07-09
[2024-07-10T09:27:01.215+0000] {taskinstance.py:441} INFO - ::group::Post task execution logs
[2024-07-10T09:27:01.258+0000] {taskinstance.py:1206} INFO - Marking task as SUCCESS. dag_id=market_etl, task_id=get_business_date, run_id=scheduled__2024-06-25T06:15:00+00:00, execution_date=20240625T061500, start_date=20240710T092700, end_date=20240710T092701
[2024-07-10T09:27:01.313+0000] {local_task_job_runner.py:240} INFO - Task exited with return code 0
[2024-07-10T09:27:01.334+0000] {local_task_job_runner.py:222} INFO - ::endgroup::
[2024-07-10T09:30:00.865+0000] {local_task_job_runner.py:120} INFO - ::group::Pre task execution logs
[2024-07-10T09:30:00.909+0000] {taskinstance.py:2076} INFO - Dependencies all met for dep_context=non-requeueable deps ti=<TaskInstance: market_etl.get_business_date scheduled__2024-06-25T06:15:00+00:00 [queued]>
[2024-07-10T09:30:00.915+0000] {taskinstance.py:2076} INFO - Dependencies all met for dep_context=requeueable deps ti=<TaskInstance: market_etl.get_business_date scheduled__2024-06-25T06:15:00+00:00 [queued]>
[2024-07-10T09:30:00.915+0000] {taskinstance.py:2306} INFO - Starting attempt 1 of 4
[2024-07-10T09:30:00.931+0000] {taskinstance.py:2330} INFO - Executing <Task(_PythonDecoratedOperator): get_business_date> on 2024-06-25 06:15:00+00:00
[2024-07-10T09:30:00.938+0000] {warnings.py:112} WARNING - /home/airflow/.local/lib/python3.12/site-packages/airflow/task/task_runner/standard_task_runner.py:61: DeprecationWarning: This process (pid=62) is multi-threaded, use of fork() may lead to deadlocks in the child.
  pid = os.fork()

[2024-07-10T09:30:00.940+0000] {standard_task_runner.py:90} INFO - Running: ['airflow', 'tasks', 'run', 'market_etl', 'get_business_date', 'scheduled__2024-06-25T06:15:00+00:00', '--job-id', '480', '--raw', '--subdir', 'DAGS_FOLDER/etl.py', '--cfg-path', '/tmp/tmpj4uamwfh']
[2024-07-10T09:30:00.943+0000] {standard_task_runner.py:63} INFO - Started process 70 to run task
[2024-07-10T09:30:00.943+0000] {standard_task_runner.py:91} INFO - Job 480: Subtask get_business_date
[2024-07-10T09:30:01.031+0000] {task_command.py:426} INFO - Running <TaskInstance: market_etl.get_business_date scheduled__2024-06-25T06:15:00+00:00 [running]> on host 514b016b59c3
[2024-07-10T09:30:01.506+0000] {taskinstance.py:2648} INFO - Exporting env vars: AIRFLOW_CTX_DAG_OWNER='airflow' AIRFLOW_CTX_DAG_ID='market_etl' AIRFLOW_CTX_TASK_ID='get_business_date' AIRFLOW_CTX_EXECUTION_DATE='2024-06-25T06:15:00+00:00' AIRFLOW_CTX_TRY_NUMBER='1' AIRFLOW_CTX_DAG_RUN_ID='scheduled__2024-06-25T06:15:00+00:00'
[2024-07-10T09:30:01.508+0000] {taskinstance.py:430} INFO - ::endgroup::
[2024-07-10T09:30:01.511+0000] {python.py:237} INFO - Done. Returned value was: 2024-07-09
[2024-07-10T09:30:01.515+0000] {taskinstance.py:441} INFO - ::group::Post task execution logs
[2024-07-10T09:30:01.559+0000] {taskinstance.py:1206} INFO - Marking task as SUCCESS. dag_id=market_etl, task_id=get_business_date, run_id=scheduled__2024-06-25T06:15:00+00:00, execution_date=20240625T061500, start_date=20240710T093000, end_date=20240710T093001
[2024-07-10T09:30:01.633+0000] {local_task_job_runner.py:240} INFO - Task exited with return code 0
[2024-07-10T09:30:01.666+0000] {local_task_job_runner.py:222} INFO - ::endgroup::
[2024-07-10T09:41:56.893+0000] {local_task_job_runner.py:120} INFO - ::group::Pre task execution logs
[2024-07-10T09:41:56.909+0000] {taskinstance.py:2076} INFO - Dependencies all met for dep_context=non-requeueable deps ti=<TaskInstance: market_etl.get_business_date scheduled__2024-06-25T06:15:00+00:00 [queued]>
[2024-07-10T09:41:56.914+0000] {taskinstance.py:2076} INFO - Dependencies all met for dep_context=requeueable deps ti=<TaskInstance: market_etl.get_business_date scheduled__2024-06-25T06:15:00+00:00 [queued]>
[2024-07-10T09:41:56.915+0000] {taskinstance.py:2306} INFO - Starting attempt 1 of 4
[2024-07-10T09:41:56.922+0000] {taskinstance.py:2330} INFO - Executing <Task(_PythonDecoratedOperator): get_business_date> on 2024-06-25 06:15:00+00:00
[2024-07-10T09:41:56.933+0000] {warnings.py:112} WARNING - /home/airflow/.local/lib/python3.12/site-packages/airflow/task/task_runner/standard_task_runner.py:61: DeprecationWarning: This process (pid=61) is multi-threaded, use of fork() may lead to deadlocks in the child.
  pid = os.fork()

[2024-07-10T09:41:56.934+0000] {standard_task_runner.py:63} INFO - Started process 67 to run task
[2024-07-10T09:41:56.935+0000] {standard_task_runner.py:90} INFO - Running: ['airflow', 'tasks', 'run', 'market_etl', 'get_business_date', 'scheduled__2024-06-25T06:15:00+00:00', '--job-id', '514', '--raw', '--subdir', 'DAGS_FOLDER/etl.py', '--cfg-path', '/tmp/tmpz9ej5bv9']
[2024-07-10T09:41:56.938+0000] {standard_task_runner.py:91} INFO - Job 514: Subtask get_business_date
[2024-07-10T09:41:56.986+0000] {task_command.py:426} INFO - Running <TaskInstance: market_etl.get_business_date scheduled__2024-06-25T06:15:00+00:00 [running]> on host 514b016b59c3
[2024-07-10T09:41:57.185+0000] {taskinstance.py:2648} INFO - Exporting env vars: AIRFLOW_CTX_DAG_OWNER='airflow' AIRFLOW_CTX_DAG_ID='market_etl' AIRFLOW_CTX_TASK_ID='get_business_date' AIRFLOW_CTX_EXECUTION_DATE='2024-06-25T06:15:00+00:00' AIRFLOW_CTX_TRY_NUMBER='1' AIRFLOW_CTX_DAG_RUN_ID='scheduled__2024-06-25T06:15:00+00:00'
[2024-07-10T09:41:57.186+0000] {taskinstance.py:430} INFO - ::endgroup::
[2024-07-10T09:41:57.187+0000] {python.py:237} INFO - Done. Returned value was: 2024-07-09
[2024-07-10T09:41:57.187+0000] {taskinstance.py:441} INFO - ::group::Post task execution logs
[2024-07-10T09:41:57.221+0000] {taskinstance.py:1206} INFO - Marking task as SUCCESS. dag_id=market_etl, task_id=get_business_date, run_id=scheduled__2024-06-25T06:15:00+00:00, execution_date=20240625T061500, start_date=20240710T094156, end_date=20240710T094157
[2024-07-10T09:41:57.241+0000] {local_task_job_runner.py:240} INFO - Task exited with return code 0
[2024-07-10T09:41:57.262+0000] {taskinstance.py:3503} INFO - 2 downstream tasks scheduled from follow-on schedule check
[2024-07-10T09:41:57.263+0000] {local_task_job_runner.py:222} INFO - ::endgroup::
[2024-07-10T09:46:59.209+0000] {local_task_job_runner.py:120} INFO - ::group::Pre task execution logs
[2024-07-10T09:46:59.249+0000] {taskinstance.py:2076} INFO - Dependencies all met for dep_context=non-requeueable deps ti=<TaskInstance: market_etl.get_business_date scheduled__2024-06-25T06:15:00+00:00 [queued]>
[2024-07-10T09:46:59.265+0000] {taskinstance.py:2076} INFO - Dependencies all met for dep_context=requeueable deps ti=<TaskInstance: market_etl.get_business_date scheduled__2024-06-25T06:15:00+00:00 [queued]>
[2024-07-10T09:46:59.267+0000] {taskinstance.py:2306} INFO - Starting attempt 1 of 4
[2024-07-10T09:46:59.304+0000] {taskinstance.py:2330} INFO - Executing <Task(_PythonDecoratedOperator): get_business_date> on 2024-06-25 06:15:00+00:00
[2024-07-10T09:46:59.339+0000] {warnings.py:112} WARNING - /home/airflow/.local/lib/python3.12/site-packages/airflow/task/task_runner/standard_task_runner.py:61: DeprecationWarning: This process (pid=60) is multi-threaded, use of fork() may lead to deadlocks in the child.
  pid = os.fork()

[2024-07-10T09:46:59.341+0000] {standard_task_runner.py:63} INFO - Started process 67 to run task
[2024-07-10T09:46:59.341+0000] {standard_task_runner.py:90} INFO - Running: ['airflow', 'tasks', 'run', 'market_etl', 'get_business_date', 'scheduled__2024-06-25T06:15:00+00:00', '--job-id', '523', '--raw', '--subdir', 'DAGS_FOLDER/etl.py', '--cfg-path', '/tmp/tmp280pzlwh']
[2024-07-10T09:46:59.346+0000] {standard_task_runner.py:91} INFO - Job 523: Subtask get_business_date
[2024-07-10T09:46:59.415+0000] {task_command.py:426} INFO - Running <TaskInstance: market_etl.get_business_date scheduled__2024-06-25T06:15:00+00:00 [running]> on host 514b016b59c3
[2024-07-10T09:46:59.672+0000] {taskinstance.py:2648} INFO - Exporting env vars: AIRFLOW_CTX_DAG_OWNER='airflow' AIRFLOW_CTX_DAG_ID='market_etl' AIRFLOW_CTX_TASK_ID='get_business_date' AIRFLOW_CTX_EXECUTION_DATE='2024-06-25T06:15:00+00:00' AIRFLOW_CTX_TRY_NUMBER='1' AIRFLOW_CTX_DAG_RUN_ID='scheduled__2024-06-25T06:15:00+00:00'
[2024-07-10T09:46:59.673+0000] {taskinstance.py:430} INFO - ::endgroup::
[2024-07-10T09:46:59.674+0000] {python.py:237} INFO - Done. Returned value was: 2024-07-09
[2024-07-10T09:46:59.675+0000] {taskinstance.py:441} INFO - ::group::Post task execution logs
[2024-07-10T09:46:59.697+0000] {taskinstance.py:1206} INFO - Marking task as SUCCESS. dag_id=market_etl, task_id=get_business_date, run_id=scheduled__2024-06-25T06:15:00+00:00, execution_date=20240625T061500, start_date=20240710T094659, end_date=20240710T094659
[2024-07-10T09:46:59.728+0000] {local_task_job_runner.py:240} INFO - Task exited with return code 0
[2024-07-10T09:46:59.740+0000] {local_task_job_runner.py:222} INFO - ::endgroup::
[2024-07-10T09:51:22.856+0000] {local_task_job_runner.py:120} INFO - ::group::Pre task execution logs
[2024-07-10T09:51:22.872+0000] {taskinstance.py:2076} INFO - Dependencies all met for dep_context=non-requeueable deps ti=<TaskInstance: market_etl.get_business_date scheduled__2024-06-25T06:15:00+00:00 [queued]>
[2024-07-10T09:51:22.878+0000] {taskinstance.py:2076} INFO - Dependencies all met for dep_context=requeueable deps ti=<TaskInstance: market_etl.get_business_date scheduled__2024-06-25T06:15:00+00:00 [queued]>
[2024-07-10T09:51:22.879+0000] {taskinstance.py:2306} INFO - Starting attempt 1 of 4
[2024-07-10T09:51:22.898+0000] {taskinstance.py:2330} INFO - Executing <Task(_PythonDecoratedOperator): get_business_date> on 2024-06-25 06:15:00+00:00
[2024-07-10T09:51:22.905+0000] {warnings.py:112} WARNING - /home/airflow/.local/lib/python3.12/site-packages/airflow/task/task_runner/standard_task_runner.py:61: DeprecationWarning: This process (pid=61) is multi-threaded, use of fork() may lead to deadlocks in the child.
  pid = os.fork()

[2024-07-10T09:51:22.906+0000] {standard_task_runner.py:63} INFO - Started process 68 to run task
[2024-07-10T09:51:22.907+0000] {standard_task_runner.py:90} INFO - Running: ['airflow', 'tasks', 'run', 'market_etl', 'get_business_date', 'scheduled__2024-06-25T06:15:00+00:00', '--job-id', '534', '--raw', '--subdir', 'DAGS_FOLDER/etl.py', '--cfg-path', '/tmp/tmp85usemjv']
[2024-07-10T09:51:22.910+0000] {standard_task_runner.py:91} INFO - Job 534: Subtask get_business_date
[2024-07-10T09:51:22.972+0000] {task_command.py:426} INFO - Running <TaskInstance: market_etl.get_business_date scheduled__2024-06-25T06:15:00+00:00 [running]> on host 514b016b59c3
[2024-07-10T09:51:23.193+0000] {taskinstance.py:2648} INFO - Exporting env vars: AIRFLOW_CTX_DAG_OWNER='airflow' AIRFLOW_CTX_DAG_ID='market_etl' AIRFLOW_CTX_TASK_ID='get_business_date' AIRFLOW_CTX_EXECUTION_DATE='2024-06-25T06:15:00+00:00' AIRFLOW_CTX_TRY_NUMBER='1' AIRFLOW_CTX_DAG_RUN_ID='scheduled__2024-06-25T06:15:00+00:00'
[2024-07-10T09:51:23.195+0000] {taskinstance.py:430} INFO - ::endgroup::
[2024-07-10T09:51:23.196+0000] {python.py:237} INFO - Done. Returned value was: 2024-07-09
[2024-07-10T09:51:23.196+0000] {taskinstance.py:441} INFO - ::group::Post task execution logs
[2024-07-10T09:51:23.218+0000] {taskinstance.py:1206} INFO - Marking task as SUCCESS. dag_id=market_etl, task_id=get_business_date, run_id=scheduled__2024-06-25T06:15:00+00:00, execution_date=20240625T061500, start_date=20240710T095122, end_date=20240710T095123
[2024-07-10T09:51:23.256+0000] {local_task_job_runner.py:240} INFO - Task exited with return code 0
[2024-07-10T09:51:23.276+0000] {taskinstance.py:3503} INFO - 2 downstream tasks scheduled from follow-on schedule check
[2024-07-10T09:51:23.277+0000] {local_task_job_runner.py:222} INFO - ::endgroup::
[2024-07-10T09:57:01.667+0000] {local_task_job_runner.py:120} INFO - ::group::Pre task execution logs
[2024-07-10T09:57:01.682+0000] {taskinstance.py:2076} INFO - Dependencies all met for dep_context=non-requeueable deps ti=<TaskInstance: market_etl.get_business_date scheduled__2024-06-25T06:15:00+00:00 [queued]>
[2024-07-10T09:57:01.688+0000] {taskinstance.py:2076} INFO - Dependencies all met for dep_context=requeueable deps ti=<TaskInstance: market_etl.get_business_date scheduled__2024-06-25T06:15:00+00:00 [queued]>
[2024-07-10T09:57:01.688+0000] {taskinstance.py:2306} INFO - Starting attempt 1 of 4
[2024-07-10T09:57:01.696+0000] {taskinstance.py:2330} INFO - Executing <Task(_PythonDecoratedOperator): get_business_date> on 2024-06-25 06:15:00+00:00
[2024-07-10T09:57:01.703+0000] {warnings.py:112} WARNING - /home/airflow/.local/lib/python3.12/site-packages/airflow/task/task_runner/standard_task_runner.py:61: DeprecationWarning: This process (pid=61) is multi-threaded, use of fork() may lead to deadlocks in the child.
  pid = os.fork()

[2024-07-10T09:57:01.704+0000] {standard_task_runner.py:63} INFO - Started process 67 to run task
[2024-07-10T09:57:01.704+0000] {standard_task_runner.py:90} INFO - Running: ['airflow', 'tasks', 'run', 'market_etl', 'get_business_date', 'scheduled__2024-06-25T06:15:00+00:00', '--job-id', '614', '--raw', '--subdir', 'DAGS_FOLDER/etl.py', '--cfg-path', '/tmp/tmpnk6rlbh6']
[2024-07-10T09:57:01.706+0000] {standard_task_runner.py:91} INFO - Job 614: Subtask get_business_date
[2024-07-10T09:57:01.796+0000] {task_command.py:426} INFO - Running <TaskInstance: market_etl.get_business_date scheduled__2024-06-25T06:15:00+00:00 [running]> on host 514b016b59c3
[2024-07-10T09:57:01.990+0000] {taskinstance.py:2648} INFO - Exporting env vars: AIRFLOW_CTX_DAG_OWNER='airflow' AIRFLOW_CTX_DAG_ID='market_etl' AIRFLOW_CTX_TASK_ID='get_business_date' AIRFLOW_CTX_EXECUTION_DATE='2024-06-25T06:15:00+00:00' AIRFLOW_CTX_TRY_NUMBER='1' AIRFLOW_CTX_DAG_RUN_ID='scheduled__2024-06-25T06:15:00+00:00'
[2024-07-10T09:57:01.991+0000] {taskinstance.py:430} INFO - ::endgroup::
[2024-07-10T09:57:01.992+0000] {python.py:237} INFO - Done. Returned value was: <bound method Timestamp.date of Timestamp('2024-07-09 00:00:00')>
[2024-07-10T09:57:01.993+0000] {taskinstance.py:441} INFO - ::group::Post task execution logs
[2024-07-10T09:57:02.004+0000] {xcom.py:675} ERROR - Object of type method is not JSON serializable. If you are using pickle instead of JSON for XCom, then you need to enable pickle support for XCom in your airflow config or make sure to decorate your object with attr.
[2024-07-10T09:57:02.005+0000] {taskinstance.py:2905} ERROR - Task failed with exception
Traceback (most recent call last):
  File "/home/airflow/.local/lib/python3.12/site-packages/airflow/utils/json.py", line 91, in default
    return serialize(o)
           ^^^^^^^^^^^^
  File "/home/airflow/.local/lib/python3.12/site-packages/airflow/serialization/serde.py", line 189, in serialize
    raise TypeError(f"cannot serialize object of type {cls}")
TypeError: cannot serialize object of type <class 'method'>

During handling of the above exception, another exception occurred:

Traceback (most recent call last):
  File "/home/airflow/.local/lib/python3.12/site-packages/airflow/models/taskinstance.py", line 486, in _execute_task
    task_instance.xcom_push(key=XCOM_RETURN_KEY, value=xcom_value, session=session)
  File "/home/airflow/.local/lib/python3.12/site-packages/airflow/utils/session.py", line 76, in wrapper
    return func(*args, **kwargs)
           ^^^^^^^^^^^^^^^^^^^^^
  File "/home/airflow/.local/lib/python3.12/site-packages/airflow/models/taskinstance.py", line 3197, in xcom_push
    XCom.set(
  File "/home/airflow/.local/lib/python3.12/site-packages/airflow/utils/session.py", line 76, in wrapper
    return func(*args, **kwargs)
           ^^^^^^^^^^^^^^^^^^^^^
  File "/home/airflow/.local/lib/python3.12/site-packages/airflow/models/xcom.py", line 246, in set
    value = cls.serialize_value(
            ^^^^^^^^^^^^^^^^^^^^
  File "/home/airflow/.local/lib/python3.12/site-packages/airflow/models/xcom.py", line 673, in serialize_value
    return json.dumps(value, cls=XComEncoder).encode("UTF-8")
           ^^^^^^^^^^^^^^^^^^^^^^^^^^^^^^^^^^
  File "/usr/local/lib/python3.12/json/__init__.py", line 238, in dumps
    **kw).encode(obj)
          ^^^^^^^^^^^
  File "/home/airflow/.local/lib/python3.12/site-packages/airflow/utils/json.py", line 104, in encode
    return super().encode(o)
           ^^^^^^^^^^^^^^^^^
  File "/usr/local/lib/python3.12/json/encoder.py", line 200, in encode
    chunks = self.iterencode(o, _one_shot=True)
             ^^^^^^^^^^^^^^^^^^^^^^^^^^^^^^^^^^
  File "/usr/local/lib/python3.12/json/encoder.py", line 258, in iterencode
    return _iterencode(o, 0)
           ^^^^^^^^^^^^^^^^^
  File "/home/airflow/.local/lib/python3.12/site-packages/airflow/utils/json.py", line 93, in default
    return super().default(o)
           ^^^^^^^^^^^^^^^^^^
  File "/usr/local/lib/python3.12/json/encoder.py", line 180, in default
    raise TypeError(f'Object of type {o.__class__.__name__} '
TypeError: Object of type method is not JSON serializable
[2024-07-10T09:57:02.017+0000] {taskinstance.py:1206} INFO - Marking task as UP_FOR_RETRY. dag_id=market_etl, task_id=get_business_date, run_id=scheduled__2024-06-25T06:15:00+00:00, execution_date=20240625T061500, start_date=20240710T095701, end_date=20240710T095702
[2024-07-10T09:57:02.149+0000] {standard_task_runner.py:110} ERROR - Failed to execute job 614 for task get_business_date (Object of type method is not JSON serializable; 67)
[2024-07-10T09:57:02.178+0000] {local_task_job_runner.py:240} INFO - Task exited with return code 1
[2024-07-10T09:57:02.203+0000] {local_task_job_runner.py:222} INFO - ::endgroup::
[2024-07-10T10:00:59.740+0000] {local_task_job_runner.py:120} INFO - ::group::Pre task execution logs
[2024-07-10T10:00:59.777+0000] {taskinstance.py:2076} INFO - Dependencies all met for dep_context=non-requeueable deps ti=<TaskInstance: market_etl.get_business_date scheduled__2024-06-25T06:15:00+00:00 [queued]>
[2024-07-10T10:00:59.783+0000] {taskinstance.py:2076} INFO - Dependencies all met for dep_context=requeueable deps ti=<TaskInstance: market_etl.get_business_date scheduled__2024-06-25T06:15:00+00:00 [queued]>
[2024-07-10T10:00:59.784+0000] {taskinstance.py:2306} INFO - Starting attempt 1 of 4
[2024-07-10T10:00:59.794+0000] {taskinstance.py:2330} INFO - Executing <Task(_PythonDecoratedOperator): get_business_date> on 2024-06-25 06:15:00+00:00
[2024-07-10T10:00:59.800+0000] {warnings.py:112} WARNING - /home/airflow/.local/lib/python3.12/site-packages/airflow/task/task_runner/standard_task_runner.py:61: DeprecationWarning: This process (pid=63) is multi-threaded, use of fork() may lead to deadlocks in the child.
  pid = os.fork()

[2024-07-10T10:00:59.802+0000] {standard_task_runner.py:63} INFO - Started process 69 to run task
[2024-07-10T10:00:59.802+0000] {standard_task_runner.py:90} INFO - Running: ['airflow', 'tasks', 'run', 'market_etl', 'get_business_date', 'scheduled__2024-06-25T06:15:00+00:00', '--job-id', '621', '--raw', '--subdir', 'DAGS_FOLDER/etl.py', '--cfg-path', '/tmp/tmpuy2n_via']
[2024-07-10T10:00:59.805+0000] {standard_task_runner.py:91} INFO - Job 621: Subtask get_business_date
[2024-07-10T10:00:59.917+0000] {task_command.py:426} INFO - Running <TaskInstance: market_etl.get_business_date scheduled__2024-06-25T06:15:00+00:00 [running]> on host 514b016b59c3
[2024-07-10T10:01:00.243+0000] {taskinstance.py:2648} INFO - Exporting env vars: AIRFLOW_CTX_DAG_OWNER='airflow' AIRFLOW_CTX_DAG_ID='market_etl' AIRFLOW_CTX_TASK_ID='get_business_date' AIRFLOW_CTX_EXECUTION_DATE='2024-06-25T06:15:00+00:00' AIRFLOW_CTX_TRY_NUMBER='1' AIRFLOW_CTX_DAG_RUN_ID='scheduled__2024-06-25T06:15:00+00:00'
[2024-07-10T10:01:00.246+0000] {taskinstance.py:430} INFO - ::endgroup::
[2024-07-10T10:01:00.247+0000] {python.py:237} INFO - Done. Returned value was: 2024-07-09
[2024-07-10T10:01:00.248+0000] {taskinstance.py:441} INFO - ::group::Post task execution logs
[2024-07-10T10:01:00.295+0000] {taskinstance.py:1206} INFO - Marking task as SUCCESS. dag_id=market_etl, task_id=get_business_date, run_id=scheduled__2024-06-25T06:15:00+00:00, execution_date=20240625T061500, start_date=20240710T100059, end_date=20240710T100100
[2024-07-10T10:01:00.351+0000] {local_task_job_runner.py:240} INFO - Task exited with return code 0
[2024-07-10T10:01:00.386+0000] {local_task_job_runner.py:222} INFO - ::endgroup::
[2024-07-10T10:04:57.866+0000] {local_task_job_runner.py:120} INFO - ::group::Pre task execution logs
[2024-07-10T10:04:57.882+0000] {taskinstance.py:2076} INFO - Dependencies all met for dep_context=non-requeueable deps ti=<TaskInstance: market_etl.get_business_date scheduled__2024-06-25T06:15:00+00:00 [queued]>
[2024-07-10T10:04:57.902+0000] {taskinstance.py:2076} INFO - Dependencies all met for dep_context=requeueable deps ti=<TaskInstance: market_etl.get_business_date scheduled__2024-06-25T06:15:00+00:00 [queued]>
[2024-07-10T10:04:57.902+0000] {taskinstance.py:2306} INFO - Starting attempt 1 of 4
[2024-07-10T10:04:57.914+0000] {taskinstance.py:2330} INFO - Executing <Task(_PythonDecoratedOperator): get_business_date> on 2024-06-25 06:15:00+00:00
[2024-07-10T10:04:57.920+0000] {warnings.py:112} WARNING - /home/airflow/.local/lib/python3.12/site-packages/airflow/task/task_runner/standard_task_runner.py:61: DeprecationWarning: This process (pid=61) is multi-threaded, use of fork() may lead to deadlocks in the child.
  pid = os.fork()

[2024-07-10T10:04:57.921+0000] {standard_task_runner.py:63} INFO - Started process 68 to run task
[2024-07-10T10:04:57.922+0000] {standard_task_runner.py:90} INFO - Running: ['airflow', 'tasks', 'run', 'market_etl', 'get_business_date', 'scheduled__2024-06-25T06:15:00+00:00', '--job-id', '664', '--raw', '--subdir', 'DAGS_FOLDER/etl.py', '--cfg-path', '/tmp/tmpclwkywmn']
[2024-07-10T10:04:57.925+0000] {standard_task_runner.py:91} INFO - Job 664: Subtask get_business_date
[2024-07-10T10:04:57.994+0000] {task_command.py:426} INFO - Running <TaskInstance: market_etl.get_business_date scheduled__2024-06-25T06:15:00+00:00 [running]> on host 514b016b59c3
[2024-07-10T10:04:58.205+0000] {taskinstance.py:2648} INFO - Exporting env vars: AIRFLOW_CTX_DAG_OWNER='airflow' AIRFLOW_CTX_DAG_ID='market_etl' AIRFLOW_CTX_TASK_ID='get_business_date' AIRFLOW_CTX_EXECUTION_DATE='2024-06-25T06:15:00+00:00' AIRFLOW_CTX_TRY_NUMBER='1' AIRFLOW_CTX_DAG_RUN_ID='scheduled__2024-06-25T06:15:00+00:00'
[2024-07-10T10:04:58.209+0000] {taskinstance.py:430} INFO - ::endgroup::
[2024-07-10T10:04:58.213+0000] {python.py:237} INFO - Done. Returned value was: 2024-07-09
[2024-07-10T10:04:58.215+0000] {taskinstance.py:441} INFO - ::group::Post task execution logs
[2024-07-10T10:04:58.247+0000] {taskinstance.py:1206} INFO - Marking task as SUCCESS. dag_id=market_etl, task_id=get_business_date, run_id=scheduled__2024-06-25T06:15:00+00:00, execution_date=20240625T061500, start_date=20240710T100457, end_date=20240710T100458
[2024-07-10T10:04:58.267+0000] {local_task_job_runner.py:240} INFO - Task exited with return code 0
[2024-07-10T10:04:58.291+0000] {taskinstance.py:3503} INFO - 2 downstream tasks scheduled from follow-on schedule check
[2024-07-10T10:04:58.292+0000] {local_task_job_runner.py:222} INFO - ::endgroup::
[2024-07-10T10:07:02.568+0000] {local_task_job_runner.py:120} INFO - ::group::Pre task execution logs
[2024-07-10T10:07:02.593+0000] {taskinstance.py:2076} INFO - Dependencies all met for dep_context=non-requeueable deps ti=<TaskInstance: market_etl.get_business_date scheduled__2024-06-25T06:15:00+00:00 [queued]>
[2024-07-10T10:07:02.599+0000] {taskinstance.py:2076} INFO - Dependencies all met for dep_context=requeueable deps ti=<TaskInstance: market_etl.get_business_date scheduled__2024-06-25T06:15:00+00:00 [queued]>
[2024-07-10T10:07:02.599+0000] {taskinstance.py:2306} INFO - Starting attempt 1 of 4
[2024-07-10T10:07:02.606+0000] {taskinstance.py:2330} INFO - Executing <Task(_PythonDecoratedOperator): get_business_date> on 2024-06-25 06:15:00+00:00
[2024-07-10T10:07:02.610+0000] {warnings.py:112} WARNING - /home/airflow/.local/lib/python3.12/site-packages/airflow/task/task_runner/standard_task_runner.py:61: DeprecationWarning: This process (pid=63) is multi-threaded, use of fork() may lead to deadlocks in the child.
  pid = os.fork()

[2024-07-10T10:07:02.611+0000] {standard_task_runner.py:63} INFO - Started process 68 to run task
[2024-07-10T10:07:02.612+0000] {standard_task_runner.py:90} INFO - Running: ['airflow', 'tasks', 'run', 'market_etl', 'get_business_date', 'scheduled__2024-06-25T06:15:00+00:00', '--job-id', '684', '--raw', '--subdir', 'DAGS_FOLDER/etl.py', '--cfg-path', '/tmp/tmplbxmmyys']
[2024-07-10T10:07:02.614+0000] {standard_task_runner.py:91} INFO - Job 684: Subtask get_business_date
[2024-07-10T10:07:02.680+0000] {task_command.py:426} INFO - Running <TaskInstance: market_etl.get_business_date scheduled__2024-06-25T06:15:00+00:00 [running]> on host 514b016b59c3
[2024-07-10T10:07:02.885+0000] {taskinstance.py:2648} INFO - Exporting env vars: AIRFLOW_CTX_DAG_OWNER='airflow' AIRFLOW_CTX_DAG_ID='market_etl' AIRFLOW_CTX_TASK_ID='get_business_date' AIRFLOW_CTX_EXECUTION_DATE='2024-06-25T06:15:00+00:00' AIRFLOW_CTX_TRY_NUMBER='1' AIRFLOW_CTX_DAG_RUN_ID='scheduled__2024-06-25T06:15:00+00:00'
[2024-07-10T10:07:02.887+0000] {taskinstance.py:430} INFO - ::endgroup::
[2024-07-10T10:07:02.889+0000] {python.py:237} INFO - Done. Returned value was: 2024-07-09
[2024-07-10T10:07:02.890+0000] {taskinstance.py:441} INFO - ::group::Post task execution logs
[2024-07-10T10:07:02.958+0000] {taskinstance.py:1206} INFO - Marking task as SUCCESS. dag_id=market_etl, task_id=get_business_date, run_id=scheduled__2024-06-25T06:15:00+00:00, execution_date=20240625T061500, start_date=20240710T100702, end_date=20240710T100702
[2024-07-10T10:07:02.997+0000] {local_task_job_runner.py:240} INFO - Task exited with return code 0
[2024-07-10T10:07:03.024+0000] {taskinstance.py:3503} INFO - 2 downstream tasks scheduled from follow-on schedule check
[2024-07-10T10:07:03.025+0000] {local_task_job_runner.py:222} INFO - ::endgroup::
[2024-07-11T06:38:13.890+0000] {local_task_job_runner.py:120} INFO - ::group::Pre task execution logs
[2024-07-11T06:38:13.908+0000] {taskinstance.py:2076} INFO - Dependencies all met for dep_context=non-requeueable deps ti=<TaskInstance: market_etl.get_business_date scheduled__2024-06-25T06:15:00+00:00 [queued]>
[2024-07-11T06:38:13.915+0000] {taskinstance.py:2076} INFO - Dependencies all met for dep_context=requeueable deps ti=<TaskInstance: market_etl.get_business_date scheduled__2024-06-25T06:15:00+00:00 [queued]>
[2024-07-11T06:38:13.916+0000] {taskinstance.py:2306} INFO - Starting attempt 1 of 4
[2024-07-11T06:38:13.924+0000] {taskinstance.py:2330} INFO - Executing <Task(_PythonDecoratedOperator): get_business_date> on 2024-06-25 06:15:00+00:00
[2024-07-11T06:38:13.945+0000] {warnings.py:112} WARNING - /home/airflow/.local/lib/python3.12/site-packages/airflow/task/task_runner/standard_task_runner.py:61: DeprecationWarning: This process (pid=62) is multi-threaded, use of fork() may lead to deadlocks in the child.
  pid = os.fork()

[2024-07-11T06:38:13.951+0000] {standard_task_runner.py:63} INFO - Started process 68 to run task
[2024-07-11T06:38:13.949+0000] {standard_task_runner.py:90} INFO - Running: ['airflow', 'tasks', 'run', 'market_etl', 'get_business_date', 'scheduled__2024-06-25T06:15:00+00:00', '--job-id', '892', '--raw', '--subdir', 'DAGS_FOLDER/etl.py', '--cfg-path', '/tmp/tmpvwbcvjy9']
[2024-07-11T06:38:13.953+0000] {standard_task_runner.py:91} INFO - Job 892: Subtask get_business_date
[2024-07-11T06:38:14.044+0000] {task_command.py:426} INFO - Running <TaskInstance: market_etl.get_business_date scheduled__2024-06-25T06:15:00+00:00 [running]> on host aa283b53dd54
[2024-07-11T06:38:14.373+0000] {taskinstance.py:2648} INFO - Exporting env vars: AIRFLOW_CTX_DAG_OWNER='airflow' AIRFLOW_CTX_DAG_ID='market_etl' AIRFLOW_CTX_TASK_ID='get_business_date' AIRFLOW_CTX_EXECUTION_DATE='2024-06-25T06:15:00+00:00' AIRFLOW_CTX_TRY_NUMBER='1' AIRFLOW_CTX_DAG_RUN_ID='scheduled__2024-06-25T06:15:00+00:00'
[2024-07-11T06:38:14.374+0000] {taskinstance.py:430} INFO - ::endgroup::
[2024-07-11T06:38:14.376+0000] {python.py:237} INFO - Done. Returned value was: 2024-07-10
[2024-07-11T06:38:14.376+0000] {taskinstance.py:441} INFO - ::group::Post task execution logs
[2024-07-11T06:38:14.416+0000] {taskinstance.py:1206} INFO - Marking task as SUCCESS. dag_id=market_etl, task_id=get_business_date, run_id=scheduled__2024-06-25T06:15:00+00:00, execution_date=20240625T061500, start_date=20240711T063813, end_date=20240711T063814
[2024-07-11T06:38:14.465+0000] {local_task_job_runner.py:240} INFO - Task exited with return code 0
[2024-07-11T06:38:14.508+0000] {taskinstance.py:3503} INFO - 2 downstream tasks scheduled from follow-on schedule check
[2024-07-11T06:38:14.510+0000] {local_task_job_runner.py:222} INFO - ::endgroup::
[2024-07-11T07:10:46.302+0000] {local_task_job_runner.py:120} INFO - ::group::Pre task execution logs
[2024-07-11T07:10:46.337+0000] {taskinstance.py:2076} INFO - Dependencies all met for dep_context=non-requeueable deps ti=<TaskInstance: market_etl.get_business_date scheduled__2024-06-25T06:15:00+00:00 [queued]>
[2024-07-11T07:10:46.346+0000] {taskinstance.py:2076} INFO - Dependencies all met for dep_context=requeueable deps ti=<TaskInstance: market_etl.get_business_date scheduled__2024-06-25T06:15:00+00:00 [queued]>
[2024-07-11T07:10:46.347+0000] {taskinstance.py:2306} INFO - Starting attempt 1 of 4
[2024-07-11T07:10:46.359+0000] {taskinstance.py:2330} INFO - Executing <Task(_PythonDecoratedOperator): get_business_date> on 2024-06-25 06:15:00+00:00
[2024-07-11T07:10:46.397+0000] {warnings.py:112} WARNING - /home/airflow/.local/lib/python3.12/site-packages/airflow/task/task_runner/standard_task_runner.py:61: DeprecationWarning: This process (pid=98) is multi-threaded, use of fork() may lead to deadlocks in the child.
  pid = os.fork()

[2024-07-11T07:10:46.405+0000] {standard_task_runner.py:63} INFO - Started process 103 to run task
[2024-07-11T07:10:46.406+0000] {standard_task_runner.py:90} INFO - Running: ['airflow', 'tasks', 'run', 'market_etl', 'get_business_date', 'scheduled__2024-06-25T06:15:00+00:00', '--job-id', '957', '--raw', '--subdir', 'DAGS_FOLDER/etl.py', '--cfg-path', '/tmp/tmprttnv3_e']
[2024-07-11T07:10:46.410+0000] {standard_task_runner.py:91} INFO - Job 957: Subtask get_business_date
[2024-07-11T07:10:46.528+0000] {task_command.py:426} INFO - Running <TaskInstance: market_etl.get_business_date scheduled__2024-06-25T06:15:00+00:00 [running]> on host aa283b53dd54
[2024-07-11T07:10:46.844+0000] {taskinstance.py:2648} INFO - Exporting env vars: AIRFLOW_CTX_DAG_OWNER='airflow' AIRFLOW_CTX_DAG_ID='market_etl' AIRFLOW_CTX_TASK_ID='get_business_date' AIRFLOW_CTX_EXECUTION_DATE='2024-06-25T06:15:00+00:00' AIRFLOW_CTX_TRY_NUMBER='1' AIRFLOW_CTX_DAG_RUN_ID='scheduled__2024-06-25T06:15:00+00:00'
[2024-07-11T07:10:46.847+0000] {taskinstance.py:430} INFO - ::endgroup::
[2024-07-11T07:10:46.848+0000] {python.py:237} INFO - Done. Returned value was: 2024-07-10
[2024-07-11T07:10:46.849+0000] {taskinstance.py:441} INFO - ::group::Post task execution logs
[2024-07-11T07:10:46.918+0000] {taskinstance.py:1206} INFO - Marking task as SUCCESS. dag_id=market_etl, task_id=get_business_date, run_id=scheduled__2024-06-25T06:15:00+00:00, execution_date=20240625T061500, start_date=20240711T071046, end_date=20240711T071046
[2024-07-11T07:10:46.962+0000] {local_task_job_runner.py:240} INFO - Task exited with return code 0
[2024-07-11T07:10:47.002+0000] {local_task_job_runner.py:222} INFO - ::endgroup::
[2024-07-11T07:34:02.656+0000] {local_task_job_runner.py:120} INFO - ::group::Pre task execution logs
[2024-07-11T07:34:02.669+0000] {taskinstance.py:2076} INFO - Dependencies all met for dep_context=non-requeueable deps ti=<TaskInstance: market_etl.get_business_date scheduled__2024-06-25T06:15:00+00:00 [queued]>
[2024-07-11T07:34:02.674+0000] {taskinstance.py:2076} INFO - Dependencies all met for dep_context=requeueable deps ti=<TaskInstance: market_etl.get_business_date scheduled__2024-06-25T06:15:00+00:00 [queued]>
[2024-07-11T07:34:02.675+0000] {taskinstance.py:2306} INFO - Starting attempt 1 of 4
[2024-07-11T07:34:02.683+0000] {taskinstance.py:2330} INFO - Executing <Task(_PythonDecoratedOperator): get_business_date> on 2024-06-25 06:15:00+00:00
[2024-07-11T07:34:02.689+0000] {warnings.py:112} WARNING - /home/airflow/.local/lib/python3.12/site-packages/airflow/task/task_runner/standard_task_runner.py:61: DeprecationWarning: This process (pid=62) is multi-threaded, use of fork() may lead to deadlocks in the child.
  pid = os.fork()

[2024-07-11T07:34:02.690+0000] {standard_task_runner.py:63} INFO - Started process 68 to run task
[2024-07-11T07:34:02.691+0000] {standard_task_runner.py:90} INFO - Running: ['airflow', 'tasks', 'run', 'market_etl', 'get_business_date', 'scheduled__2024-06-25T06:15:00+00:00', '--job-id', '999', '--raw', '--subdir', 'DAGS_FOLDER/etl.py', '--cfg-path', '/tmp/tmpi1ps6g89']
[2024-07-11T07:34:02.693+0000] {standard_task_runner.py:91} INFO - Job 999: Subtask get_business_date
[2024-07-11T07:34:02.762+0000] {task_command.py:426} INFO - Running <TaskInstance: market_etl.get_business_date scheduled__2024-06-25T06:15:00+00:00 [running]> on host aa283b53dd54
[2024-07-11T07:34:02.983+0000] {taskinstance.py:2648} INFO - Exporting env vars: AIRFLOW_CTX_DAG_OWNER='airflow' AIRFLOW_CTX_DAG_ID='market_etl' AIRFLOW_CTX_TASK_ID='get_business_date' AIRFLOW_CTX_EXECUTION_DATE='2024-06-25T06:15:00+00:00' AIRFLOW_CTX_TRY_NUMBER='1' AIRFLOW_CTX_DAG_RUN_ID='scheduled__2024-06-25T06:15:00+00:00'
[2024-07-11T07:34:02.984+0000] {taskinstance.py:430} INFO - ::endgroup::
[2024-07-11T07:34:02.985+0000] {python.py:237} INFO - Done. Returned value was: 2024-07-10
[2024-07-11T07:34:02.986+0000] {taskinstance.py:441} INFO - ::group::Post task execution logs
[2024-07-11T07:34:03.008+0000] {taskinstance.py:1206} INFO - Marking task as SUCCESS. dag_id=market_etl, task_id=get_business_date, run_id=scheduled__2024-06-25T06:15:00+00:00, execution_date=20240625T061500, start_date=20240711T073402, end_date=20240711T073403
[2024-07-11T07:34:03.035+0000] {local_task_job_runner.py:240} INFO - Task exited with return code 0
[2024-07-11T07:34:03.142+0000] {taskinstance.py:3503} INFO - 2 downstream tasks scheduled from follow-on schedule check
[2024-07-11T07:34:03.144+0000] {local_task_job_runner.py:222} INFO - ::endgroup::
