[2024-07-09T08:45:50.836+0000] {local_task_job_runner.py:120} INFO - ::group::Pre task execution logs
[2024-07-09T08:45:50.853+0000] {taskinstance.py:2076} INFO - Dependencies all met for dep_context=non-requeueable deps ti=<TaskInstance: market_etl.flatten_market_data scheduled__2024-07-06T00:00:00+00:00 [queued]>
[2024-07-09T08:45:50.861+0000] {taskinstance.py:2076} INFO - Dependencies all met for dep_context=requeueable deps ti=<TaskInstance: market_etl.flatten_market_data scheduled__2024-07-06T00:00:00+00:00 [queued]>
[2024-07-09T08:45:50.861+0000] {taskinstance.py:2306} INFO - Starting attempt 1 of 4
[2024-07-09T08:45:50.869+0000] {taskinstance.py:2330} INFO - Executing <Task(_PythonDecoratedOperator): flatten_market_data> on 2024-07-06 00:00:00+00:00
[2024-07-09T08:45:50.877+0000] {warnings.py:112} WARNING - /home/airflow/.local/lib/python3.12/site-packages/airflow/task/task_runner/standard_task_runner.py:61: DeprecationWarning: This process (pid=914) is multi-threaded, use of fork() may lead to deadlocks in the child.
  pid = os.fork()

[2024-07-09T08:45:50.878+0000] {standard_task_runner.py:63} INFO - Started process 916 to run task
[2024-07-09T08:45:50.879+0000] {standard_task_runner.py:90} INFO - Running: ['airflow', 'tasks', 'run', 'market_etl', 'flatten_market_data', 'scheduled__2024-07-06T00:00:00+00:00', '--job-id', '181', '--raw', '--subdir', 'DAGS_FOLDER/etl.py', '--cfg-path', '/tmp/tmpj75qrvjh']
[2024-07-09T08:45:50.881+0000] {standard_task_runner.py:91} INFO - Job 181: Subtask flatten_market_data
[2024-07-09T08:45:50.954+0000] {task_command.py:426} INFO - Running <TaskInstance: market_etl.flatten_market_data scheduled__2024-07-06T00:00:00+00:00 [running]> on host 7aa01bd35230
[2024-07-09T08:45:51.117+0000] {taskinstance.py:2648} INFO - Exporting env vars: AIRFLOW_CTX_DAG_OWNER='airflow' AIRFLOW_CTX_DAG_ID='market_etl' AIRFLOW_CTX_TASK_ID='flatten_market_data' AIRFLOW_CTX_EXECUTION_DATE='2024-07-06T00:00:00+00:00' AIRFLOW_CTX_TRY_NUMBER='1' AIRFLOW_CTX_DAG_RUN_ID='scheduled__2024-07-06T00:00:00+00:00'
[2024-07-09T08:45:51.120+0000] {taskinstance.py:430} INFO - ::endgroup::
[2024-07-09T08:45:51.175+0000] {logging_mixin.py:188} INFO - Index(['Symbol', 'Close_Price_Rs', 'Open_Price_Rs', 'High_Price_Rs',
       'Low_Price_Rs', 'Total_Traded_Quantity', 'Total_Traded_Value',
       'Total_Trades', 'LTP', 'Previous_Day_Close_Price_Rs',
       'Average_Traded_Price_Rs', 'Fifty_Two_Week_High_Rs',
       'Fifty_Two_Week_Low_Rs', 'Market_Capitalization_Rs__Amt_in_Millions',
       'Close_Date'],
      dtype='object')
[2024-07-09T08:45:51.199+0000] {logging_mixin.py:188} INFO -     Symbol  ...  Close_Date
0     ADBL  ...  2024-07-08
1  ADBLD83  ...  2024-07-08
2      AHL  ...  2024-07-08
3     AHPC  ...  2024-07-08
4    AKJCL  ...  2024-07-08

[5 rows x 15 columns]
[2024-07-09T08:45:51.199+0000] {python.py:237} INFO - Done. Returned value was:       Symbol  ...  Close_Date
0       ADBL  ...  2024-07-08
1    ADBLD83  ...  2024-07-08
2        AHL  ...  2024-07-08
3       AHPC  ...  2024-07-08
4      AKJCL  ...  2024-07-08
..       ...  ...         ...
318     USHL  ...  2024-07-08
319     USLB  ...  2024-07-08
320     VLBS  ...  2024-07-08
321    VLUCL  ...  2024-07-08
322     WNLB  ...  2024-07-08

[323 rows x 15 columns]
[2024-07-09T08:45:51.212+0000] {taskinstance.py:441} INFO - ::group::Post task execution logs
[2024-07-09T08:45:51.270+0000] {taskinstance.py:1206} INFO - Marking task as SUCCESS. dag_id=market_etl, task_id=flatten_market_data, run_id=scheduled__2024-07-06T00:00:00+00:00, execution_date=20240706T000000, start_date=20240709T084550, end_date=20240709T084551
[2024-07-09T08:45:51.325+0000] {local_task_job_runner.py:240} INFO - Task exited with return code 0
[2024-07-09T08:45:51.363+0000] {taskinstance.py:3503} INFO - 4 downstream tasks scheduled from follow-on schedule check
[2024-07-09T08:45:51.364+0000] {local_task_job_runner.py:222} INFO - ::endgroup::
