[2024-06-25T09:32:58.700+0000] {local_task_job_runner.py:120} INFO - ::group::Pre task execution logs
[2024-06-25T09:32:58.719+0000] {taskinstance.py:2076} INFO - Dependencies all met for dep_context=non-requeueable deps ti=<TaskInstance: market_etl.flatten_market_data scheduled__2024-06-24T00:00:00+00:00 [queued]>
[2024-06-25T09:32:58.725+0000] {taskinstance.py:2076} INFO - Dependencies all met for dep_context=requeueable deps ti=<TaskInstance: market_etl.flatten_market_data scheduled__2024-06-24T00:00:00+00:00 [queued]>
[2024-06-25T09:32:58.725+0000] {taskinstance.py:2306} INFO - Starting attempt 1 of 4
[2024-06-25T09:32:58.733+0000] {taskinstance.py:2330} INFO - Executing <Task(_PythonDecoratedOperator): flatten_market_data> on 2024-06-24 00:00:00+00:00
[2024-06-25T09:32:58.741+0000] {warnings.py:112} WARNING - /home/airflow/.local/lib/python3.12/site-packages/airflow/task/task_runner/standard_task_runner.py:61: DeprecationWarning: This process (pid=66) is multi-threaded, use of fork() may lead to deadlocks in the child.
  pid = os.fork()

[2024-06-25T09:32:58.742+0000] {standard_task_runner.py:63} INFO - Started process 68 to run task
[2024-06-25T09:32:58.742+0000] {standard_task_runner.py:90} INFO - Running: ['airflow', 'tasks', 'run', 'market_etl', 'flatten_market_data', 'scheduled__2024-06-24T00:00:00+00:00', '--job-id', '7', '--raw', '--subdir', 'DAGS_FOLDER/etl.py', '--cfg-path', '/tmp/tmp9942vyhl']
[2024-06-25T09:32:58.743+0000] {standard_task_runner.py:91} INFO - Job 7: Subtask flatten_market_data
[2024-06-25T09:32:58.803+0000] {task_command.py:426} INFO - Running <TaskInstance: market_etl.flatten_market_data scheduled__2024-06-24T00:00:00+00:00 [running]> on host f3f48f0457b9
[2024-06-25T09:32:58.902+0000] {taskinstance.py:2648} INFO - Exporting env vars: AIRFLOW_CTX_DAG_OWNER='airflow' AIRFLOW_CTX_DAG_ID='market_etl' AIRFLOW_CTX_TASK_ID='flatten_market_data' AIRFLOW_CTX_EXECUTION_DATE='2024-06-24T00:00:00+00:00' AIRFLOW_CTX_TRY_NUMBER='1' AIRFLOW_CTX_DAG_RUN_ID='scheduled__2024-06-24T00:00:00+00:00'
[2024-06-25T09:32:58.903+0000] {taskinstance.py:430} INFO - ::endgroup::
[2024-06-25T09:32:58.907+0000] {python.py:237} INFO - Done. Returned value was:       status        from symbol  open  high   low close volume
0  NOT_FOUND  2024-06-24   AMZN  None  None  None  None   None
[2024-06-25T09:32:58.920+0000] {taskinstance.py:441} INFO - ::group::Post task execution logs
[2024-06-25T09:32:59.004+0000] {taskinstance.py:1206} INFO - Marking task as SUCCESS. dag_id=market_etl, task_id=flatten_market_data, run_id=scheduled__2024-06-24T00:00:00+00:00, execution_date=20240624T000000, start_date=20240625T093258, end_date=20240625T093259
[2024-06-25T09:32:59.054+0000] {local_task_job_runner.py:240} INFO - Task exited with return code 0
[2024-06-25T09:32:59.076+0000] {taskinstance.py:3503} INFO - 1 downstream tasks scheduled from follow-on schedule check
[2024-06-25T09:32:59.077+0000] {local_task_job_runner.py:222} INFO - ::endgroup::
[2024-06-25T09:38:47.371+0000] {local_task_job_runner.py:120} INFO - ::group::Pre task execution logs
[2024-06-25T09:38:47.389+0000] {taskinstance.py:2076} INFO - Dependencies all met for dep_context=non-requeueable deps ti=<TaskInstance: market_etl.flatten_market_data scheduled__2024-06-24T00:00:00+00:00 [queued]>
[2024-06-25T09:38:47.394+0000] {taskinstance.py:2076} INFO - Dependencies all met for dep_context=requeueable deps ti=<TaskInstance: market_etl.flatten_market_data scheduled__2024-06-24T00:00:00+00:00 [queued]>
[2024-06-25T09:38:47.395+0000] {taskinstance.py:2306} INFO - Starting attempt 1 of 4
[2024-06-25T09:38:47.401+0000] {taskinstance.py:2330} INFO - Executing <Task(_PythonDecoratedOperator): flatten_market_data> on 2024-06-24 00:00:00+00:00
[2024-06-25T09:38:47.407+0000] {warnings.py:112} WARNING - /home/airflow/.local/lib/python3.12/site-packages/airflow/task/task_runner/standard_task_runner.py:61: DeprecationWarning: This process (pid=58) is multi-threaded, use of fork() may lead to deadlocks in the child.
  pid = os.fork()

[2024-06-25T09:38:47.407+0000] {standard_task_runner.py:63} INFO - Started process 60 to run task
[2024-06-25T09:38:47.408+0000] {standard_task_runner.py:90} INFO - Running: ['airflow', 'tasks', 'run', 'market_etl', 'flatten_market_data', 'scheduled__2024-06-24T00:00:00+00:00', '--job-id', '14', '--raw', '--subdir', 'DAGS_FOLDER/etl.py', '--cfg-path', '/tmp/tmpzfr6c2_i']
[2024-06-25T09:38:47.409+0000] {standard_task_runner.py:91} INFO - Job 14: Subtask flatten_market_data
[2024-06-25T09:38:47.445+0000] {task_command.py:426} INFO - Running <TaskInstance: market_etl.flatten_market_data scheduled__2024-06-24T00:00:00+00:00 [running]> on host f3f48f0457b9
[2024-06-25T09:38:47.538+0000] {taskinstance.py:2648} INFO - Exporting env vars: AIRFLOW_CTX_DAG_OWNER='airflow' AIRFLOW_CTX_DAG_ID='market_etl' AIRFLOW_CTX_TASK_ID='flatten_market_data' AIRFLOW_CTX_EXECUTION_DATE='2024-06-24T00:00:00+00:00' AIRFLOW_CTX_TRY_NUMBER='1' AIRFLOW_CTX_DAG_RUN_ID='scheduled__2024-06-24T00:00:00+00:00'
[2024-06-25T09:38:47.540+0000] {taskinstance.py:430} INFO - ::endgroup::
[2024-06-25T09:38:47.543+0000] {python.py:237} INFO - Done. Returned value was:       status        from symbol  open  high   low close volume
0  NOT_FOUND  2024-06-24   AMZN  None  None  None  None   None
[2024-06-25T09:38:47.553+0000] {taskinstance.py:441} INFO - ::group::Post task execution logs
[2024-06-25T09:38:47.604+0000] {taskinstance.py:1206} INFO - Marking task as SUCCESS. dag_id=market_etl, task_id=flatten_market_data, run_id=scheduled__2024-06-24T00:00:00+00:00, execution_date=20240624T000000, start_date=20240625T093847, end_date=20240625T093847
[2024-06-25T09:38:47.632+0000] {local_task_job_runner.py:240} INFO - Task exited with return code 0
[2024-06-25T09:38:47.654+0000] {taskinstance.py:3503} INFO - 1 downstream tasks scheduled from follow-on schedule check
[2024-06-25T09:38:47.655+0000] {local_task_job_runner.py:222} INFO - ::endgroup::
