[2024-07-10T09:15:46.019+0000] {local_task_job_runner.py:120} INFO - ::group::Pre task execution logs
[2024-07-10T09:15:46.052+0000] {taskinstance.py:2076} INFO - Dependencies all met for dep_context=non-requeueable deps ti=<TaskInstance: market_etl.load_data_to_postgres scheduled__2024-07-01T06:15:00+00:00 [queued]>
[2024-07-10T09:15:46.066+0000] {taskinstance.py:2076} INFO - Dependencies all met for dep_context=requeueable deps ti=<TaskInstance: market_etl.load_data_to_postgres scheduled__2024-07-01T06:15:00+00:00 [queued]>
[2024-07-10T09:15:46.067+0000] {taskinstance.py:2306} INFO - Starting attempt 1 of 4
[2024-07-10T09:15:46.088+0000] {taskinstance.py:2330} INFO - Executing <Task(_PythonDecoratedOperator): load_data_to_postgres> on 2024-07-01 06:15:00+00:00
[2024-07-10T09:15:46.127+0000] {warnings.py:112} WARNING - /home/airflow/.local/lib/python3.12/site-packages/airflow/task/task_runner/standard_task_runner.py:61: DeprecationWarning: This process (pid=710) is multi-threaded, use of fork() may lead to deadlocks in the child.
  pid = os.fork()

[2024-07-10T09:15:46.129+0000] {standard_task_runner.py:63} INFO - Started process 712 to run task
[2024-07-10T09:15:46.137+0000] {standard_task_runner.py:90} INFO - Running: ['airflow', 'tasks', 'run', 'market_etl', 'load_data_to_postgres', 'scheduled__2024-07-01T06:15:00+00:00', '--job-id', '346', '--raw', '--subdir', 'DAGS_FOLDER/etl.py', '--cfg-path', '/tmp/tmpr10qkkvr']
[2024-07-10T09:15:46.141+0000] {standard_task_runner.py:91} INFO - Job 346: Subtask load_data_to_postgres
[2024-07-10T09:15:46.240+0000] {task_command.py:426} INFO - Running <TaskInstance: market_etl.load_data_to_postgres scheduled__2024-07-01T06:15:00+00:00 [running]> on host 514b016b59c3
[2024-07-10T09:15:46.622+0000] {taskinstance.py:2648} INFO - Exporting env vars: AIRFLOW_CTX_DAG_OWNER='airflow' AIRFLOW_CTX_DAG_ID='market_etl' AIRFLOW_CTX_TASK_ID='load_data_to_postgres' AIRFLOW_CTX_EXECUTION_DATE='2024-07-01T06:15:00+00:00' AIRFLOW_CTX_TRY_NUMBER='1' AIRFLOW_CTX_DAG_RUN_ID='scheduled__2024-07-01T06:15:00+00:00'
[2024-07-10T09:15:46.624+0000] {taskinstance.py:430} INFO - ::endgroup::
[2024-07-10T09:15:46.635+0000] {base.py:84} INFO - Using connection ID 'market_database_conn' for task execution.
[2024-07-10T09:15:46.709+0000] {python.py:237} INFO - Done. Returned value was: None
[2024-07-10T09:15:46.710+0000] {taskinstance.py:441} INFO - ::group::Post task execution logs
[2024-07-10T09:15:46.721+0000] {taskinstance.py:1206} INFO - Marking task as SUCCESS. dag_id=market_etl, task_id=load_data_to_postgres, run_id=scheduled__2024-07-01T06:15:00+00:00, execution_date=20240701T061500, start_date=20240710T091546, end_date=20240710T091546
[2024-07-10T09:15:46.748+0000] {local_task_job_runner.py:240} INFO - Task exited with return code 0
[2024-07-10T09:15:46.851+0000] {taskinstance.py:3503} INFO - 0 downstream tasks scheduled from follow-on schedule check
[2024-07-10T09:15:46.856+0000] {local_task_job_runner.py:222} INFO - ::endgroup::
[2024-07-10T09:54:27.548+0000] {local_task_job_runner.py:120} INFO - ::group::Pre task execution logs
[2024-07-10T09:54:27.566+0000] {taskinstance.py:2076} INFO - Dependencies all met for dep_context=non-requeueable deps ti=<TaskInstance: market_etl.load_data_to_postgres scheduled__2024-07-01T06:15:00+00:00 [queued]>
[2024-07-10T09:54:27.573+0000] {taskinstance.py:2076} INFO - Dependencies all met for dep_context=requeueable deps ti=<TaskInstance: market_etl.load_data_to_postgres scheduled__2024-07-01T06:15:00+00:00 [queued]>
[2024-07-10T09:54:27.574+0000] {taskinstance.py:2306} INFO - Starting attempt 1 of 4
[2024-07-10T09:54:27.582+0000] {taskinstance.py:2330} INFO - Executing <Task(_PythonDecoratedOperator): load_data_to_postgres> on 2024-07-01 06:15:00+00:00
[2024-07-10T09:54:27.590+0000] {warnings.py:112} WARNING - /home/airflow/.local/lib/python3.12/site-packages/airflow/task/task_runner/standard_task_runner.py:61: DeprecationWarning: This process (pid=701) is multi-threaded, use of fork() may lead to deadlocks in the child.
  pid = os.fork()

[2024-07-10T09:54:27.591+0000] {standard_task_runner.py:63} INFO - Started process 703 to run task
[2024-07-10T09:54:27.592+0000] {standard_task_runner.py:90} INFO - Running: ['airflow', 'tasks', 'run', 'market_etl', 'load_data_to_postgres', 'scheduled__2024-07-01T06:15:00+00:00', '--job-id', '595', '--raw', '--subdir', 'DAGS_FOLDER/etl.py', '--cfg-path', '/tmp/tmpg0ns33s_']
[2024-07-10T09:54:27.594+0000] {standard_task_runner.py:91} INFO - Job 595: Subtask load_data_to_postgres
[2024-07-10T09:54:27.655+0000] {task_command.py:426} INFO - Running <TaskInstance: market_etl.load_data_to_postgres scheduled__2024-07-01T06:15:00+00:00 [running]> on host 514b016b59c3
[2024-07-10T09:54:27.896+0000] {taskinstance.py:2648} INFO - Exporting env vars: AIRFLOW_CTX_DAG_OWNER='airflow' AIRFLOW_CTX_DAG_ID='market_etl' AIRFLOW_CTX_TASK_ID='load_data_to_postgres' AIRFLOW_CTX_EXECUTION_DATE='2024-07-01T06:15:00+00:00' AIRFLOW_CTX_TRY_NUMBER='1' AIRFLOW_CTX_DAG_RUN_ID='scheduled__2024-07-01T06:15:00+00:00'
[2024-07-10T09:54:27.897+0000] {taskinstance.py:430} INFO - ::endgroup::
[2024-07-10T09:54:27.907+0000] {base.py:84} INFO - Using connection ID 'market_database_conn' for task execution.
[2024-07-10T09:54:27.983+0000] {python.py:237} INFO - Done. Returned value was: None
[2024-07-10T09:54:27.984+0000] {taskinstance.py:441} INFO - ::group::Post task execution logs
[2024-07-10T09:54:27.995+0000] {taskinstance.py:1206} INFO - Marking task as SUCCESS. dag_id=market_etl, task_id=load_data_to_postgres, run_id=scheduled__2024-07-01T06:15:00+00:00, execution_date=20240701T061500, start_date=20240710T095427, end_date=20240710T095427
[2024-07-10T09:54:28.017+0000] {local_task_job_runner.py:240} INFO - Task exited with return code 0
[2024-07-10T09:54:28.035+0000] {taskinstance.py:3503} INFO - 0 downstream tasks scheduled from follow-on schedule check
[2024-07-10T09:54:28.036+0000] {local_task_job_runner.py:222} INFO - ::endgroup::
[2024-07-10T11:36:38.029+0000] {local_task_job_runner.py:120} INFO - ::group::Pre task execution logs
[2024-07-10T11:36:38.053+0000] {taskinstance.py:2076} INFO - Dependencies all met for dep_context=non-requeueable deps ti=<TaskInstance: market_etl.load_data_to_postgres scheduled__2024-07-01T06:15:00+00:00 [queued]>
[2024-07-10T11:36:38.062+0000] {taskinstance.py:2076} INFO - Dependencies all met for dep_context=requeueable deps ti=<TaskInstance: market_etl.load_data_to_postgres scheduled__2024-07-01T06:15:00+00:00 [queued]>
[2024-07-10T11:36:38.063+0000] {taskinstance.py:2306} INFO - Starting attempt 1 of 4
[2024-07-10T11:36:38.075+0000] {taskinstance.py:2330} INFO - Executing <Task(_PythonDecoratedOperator): load_data_to_postgres> on 2024-07-01 06:15:00+00:00
[2024-07-10T11:36:38.085+0000] {warnings.py:112} WARNING - /home/airflow/.local/lib/python3.12/site-packages/airflow/task/task_runner/standard_task_runner.py:61: DeprecationWarning: This process (pid=822) is multi-threaded, use of fork() may lead to deadlocks in the child.
  pid = os.fork()

[2024-07-10T11:36:38.087+0000] {standard_task_runner.py:63} INFO - Started process 824 to run task
[2024-07-10T11:36:38.089+0000] {standard_task_runner.py:90} INFO - Running: ['airflow', 'tasks', 'run', 'market_etl', 'load_data_to_postgres', 'scheduled__2024-07-01T06:15:00+00:00', '--job-id', '749', '--raw', '--subdir', 'DAGS_FOLDER/etl.py', '--cfg-path', '/tmp/tmpfb7igf1w']
[2024-07-10T11:36:38.091+0000] {standard_task_runner.py:91} INFO - Job 749: Subtask load_data_to_postgres
[2024-07-10T11:36:38.163+0000] {task_command.py:426} INFO - Running <TaskInstance: market_etl.load_data_to_postgres scheduled__2024-07-01T06:15:00+00:00 [running]> on host 514b016b59c3
[2024-07-10T11:36:38.492+0000] {taskinstance.py:2648} INFO - Exporting env vars: AIRFLOW_CTX_DAG_OWNER='airflow' AIRFLOW_CTX_DAG_ID='market_etl' AIRFLOW_CTX_TASK_ID='load_data_to_postgres' AIRFLOW_CTX_EXECUTION_DATE='2024-07-01T06:15:00+00:00' AIRFLOW_CTX_TRY_NUMBER='1' AIRFLOW_CTX_DAG_RUN_ID='scheduled__2024-07-01T06:15:00+00:00'
[2024-07-10T11:36:38.493+0000] {taskinstance.py:430} INFO - ::endgroup::
[2024-07-10T11:36:38.506+0000] {base.py:84} INFO - Using connection ID 'market_database_conn' for task execution.
[2024-07-10T11:36:38.590+0000] {python.py:237} INFO - Done. Returned value was: None
[2024-07-10T11:36:38.591+0000] {taskinstance.py:441} INFO - ::group::Post task execution logs
[2024-07-10T11:36:38.604+0000] {taskinstance.py:1206} INFO - Marking task as SUCCESS. dag_id=market_etl, task_id=load_data_to_postgres, run_id=scheduled__2024-07-01T06:15:00+00:00, execution_date=20240701T061500, start_date=20240710T113638, end_date=20240710T113638
[2024-07-10T11:36:38.624+0000] {local_task_job_runner.py:240} INFO - Task exited with return code 0
[2024-07-10T11:36:38.677+0000] {taskinstance.py:3503} INFO - 0 downstream tasks scheduled from follow-on schedule check
[2024-07-10T11:36:38.690+0000] {local_task_job_runner.py:222} INFO - ::endgroup::
[2024-07-11T08:19:28.502+0000] {local_task_job_runner.py:120} INFO - ::group::Pre task execution logs
[2024-07-11T08:19:28.520+0000] {taskinstance.py:2076} INFO - Dependencies all met for dep_context=non-requeueable deps ti=<TaskInstance: market_etl.load_data_to_postgres scheduled__2024-07-01T06:15:00+00:00 [queued]>
[2024-07-11T08:19:28.527+0000] {taskinstance.py:2076} INFO - Dependencies all met for dep_context=requeueable deps ti=<TaskInstance: market_etl.load_data_to_postgres scheduled__2024-07-01T06:15:00+00:00 [queued]>
[2024-07-11T08:19:28.528+0000] {taskinstance.py:2306} INFO - Starting attempt 1 of 4
[2024-07-11T08:19:28.536+0000] {taskinstance.py:2330} INFO - Executing <Task(_PythonDecoratedOperator): load_data_to_postgres> on 2024-07-01 06:15:00+00:00
[2024-07-11T08:19:28.546+0000] {warnings.py:112} WARNING - /home/airflow/.local/lib/python3.12/site-packages/airflow/task/task_runner/standard_task_runner.py:61: DeprecationWarning: This process (pid=672) is multi-threaded, use of fork() may lead to deadlocks in the child.
  pid = os.fork()

[2024-07-11T08:19:28.547+0000] {standard_task_runner.py:63} INFO - Started process 674 to run task
[2024-07-11T08:19:28.551+0000] {standard_task_runner.py:90} INFO - Running: ['airflow', 'tasks', 'run', 'market_etl', 'load_data_to_postgres', 'scheduled__2024-07-01T06:15:00+00:00', '--job-id', '1141', '--raw', '--subdir', 'DAGS_FOLDER/etl.py', '--cfg-path', '/tmp/tmp4zm8g9kn']
[2024-07-11T08:19:28.563+0000] {standard_task_runner.py:91} INFO - Job 1141: Subtask load_data_to_postgres
[2024-07-11T08:19:28.621+0000] {task_command.py:426} INFO - Running <TaskInstance: market_etl.load_data_to_postgres scheduled__2024-07-01T06:15:00+00:00 [running]> on host aa283b53dd54
[2024-07-11T08:19:28.856+0000] {taskinstance.py:2648} INFO - Exporting env vars: AIRFLOW_CTX_DAG_OWNER='airflow' AIRFLOW_CTX_DAG_ID='market_etl' AIRFLOW_CTX_TASK_ID='load_data_to_postgres' AIRFLOW_CTX_EXECUTION_DATE='2024-07-01T06:15:00+00:00' AIRFLOW_CTX_TRY_NUMBER='1' AIRFLOW_CTX_DAG_RUN_ID='scheduled__2024-07-01T06:15:00+00:00'
[2024-07-11T08:19:28.857+0000] {taskinstance.py:430} INFO - ::endgroup::
[2024-07-11T08:19:28.867+0000] {base.py:84} INFO - Using connection ID 'market_database_conn' for task execution.
[2024-07-11T08:19:28.948+0000] {python.py:237} INFO - Done. Returned value was: None
[2024-07-11T08:19:28.949+0000] {taskinstance.py:441} INFO - ::group::Post task execution logs
[2024-07-11T08:19:28.959+0000] {taskinstance.py:1206} INFO - Marking task as SUCCESS. dag_id=market_etl, task_id=load_data_to_postgres, run_id=scheduled__2024-07-01T06:15:00+00:00, execution_date=20240701T061500, start_date=20240711T081928, end_date=20240711T081928
[2024-07-11T08:19:28.980+0000] {local_task_job_runner.py:240} INFO - Task exited with return code 0
[2024-07-11T08:19:29.005+0000] {taskinstance.py:3503} INFO - 4 downstream tasks scheduled from follow-on schedule check
[2024-07-11T08:19:29.006+0000] {local_task_job_runner.py:222} INFO - ::endgroup::
