[2024-07-11T07:42:52.999+0000] {local_task_job_runner.py:120} INFO - ::group::Pre task execution logs
[2024-07-11T07:42:53.015+0000] {taskinstance.py:2076} INFO - Dependencies all met for dep_context=non-requeueable deps ti=<TaskInstance: market_etl.create_price_dimension manual__2024-07-11T07:42:32.495829+00:00 [queued]>
[2024-07-11T07:42:53.021+0000] {taskinstance.py:2076} INFO - Dependencies all met for dep_context=requeueable deps ti=<TaskInstance: market_etl.create_price_dimension manual__2024-07-11T07:42:32.495829+00:00 [queued]>
[2024-07-11T07:42:53.022+0000] {taskinstance.py:2306} INFO - Starting attempt 1 of 4
[2024-07-11T07:42:53.033+0000] {taskinstance.py:2330} INFO - Executing <Task(_PythonDecoratedOperator): create_price_dimension> on 2024-07-11 07:42:32.495829+00:00
[2024-07-11T07:42:53.056+0000] {warnings.py:112} WARNING - /home/airflow/.local/lib/python3.12/site-packages/airflow/task/task_runner/standard_task_runner.py:61: DeprecationWarning: This process (pid=532) is multi-threaded, use of fork() may lead to deadlocks in the child.
  pid = os.fork()

[2024-07-11T07:42:53.058+0000] {standard_task_runner.py:63} INFO - Started process 536 to run task
[2024-07-11T07:42:53.060+0000] {standard_task_runner.py:90} INFO - Running: ['airflow', 'tasks', 'run', 'market_etl', 'create_price_dimension', 'manual__2024-07-11T07:42:32.495829+00:00', '--job-id', '1029', '--raw', '--subdir', 'DAGS_FOLDER/etl.py', '--cfg-path', '/tmp/tmp67c2r6hm']
[2024-07-11T07:42:53.062+0000] {standard_task_runner.py:91} INFO - Job 1029: Subtask create_price_dimension
[2024-07-11T07:42:53.121+0000] {task_command.py:426} INFO - Running <TaskInstance: market_etl.create_price_dimension manual__2024-07-11T07:42:32.495829+00:00 [running]> on host aa283b53dd54
[2024-07-11T07:42:53.308+0000] {taskinstance.py:2648} INFO - Exporting env vars: AIRFLOW_CTX_DAG_OWNER='airflow' AIRFLOW_CTX_DAG_ID='market_etl' AIRFLOW_CTX_TASK_ID='create_price_dimension' AIRFLOW_CTX_EXECUTION_DATE='2024-07-11T07:42:32.495829+00:00' AIRFLOW_CTX_TRY_NUMBER='1' AIRFLOW_CTX_DAG_RUN_ID='manual__2024-07-11T07:42:32.495829+00:00'
[2024-07-11T07:42:53.310+0000] {taskinstance.py:430} INFO - ::endgroup::
[2024-07-11T07:42:53.314+0000] {python.py:237} INFO - Done. Returned value was:     SECURITY_ID  OPEN_PRICE  ...  PREVIOUS_DAY_PRICE            PRICE_ID
0          ADBL       283.0  ...               285.2     ADBL_2024-07-10
1       ADBLD83      1118.0  ...              1138.5  ADBLD83_2024-07-10
2           AHL       530.9  ...               521.3      AHL_2024-07-10
3          AHPC       154.0  ...               154.8     AHPC_2024-07-10
4         AKJCL       224.0  ...               221.0    AKJCL_2024-07-10
..          ...         ...  ...                 ...                 ...
316        USHL       580.0  ...               575.7     USHL_2024-07-10
317        USLB      1833.0  ...              1797.9     USLB_2024-07-10
318        VLBS      1060.0  ...              1050.0     VLBS_2024-07-10
319       VLUCL       520.0  ...               513.0    VLUCL_2024-07-10
320        WNLB      1550.0  ...              1522.0     WNLB_2024-07-10

[321 rows x 8 columns]
[2024-07-11T07:42:53.324+0000] {taskinstance.py:441} INFO - ::group::Post task execution logs
[2024-07-11T07:42:53.365+0000] {taskinstance.py:1206} INFO - Marking task as SUCCESS. dag_id=market_etl, task_id=create_price_dimension, run_id=manual__2024-07-11T07:42:32.495829+00:00, execution_date=20240711T074232, start_date=20240711T074253, end_date=20240711T074253
[2024-07-11T07:42:53.403+0000] {local_task_job_runner.py:240} INFO - Task exited with return code 0
[2024-07-11T07:42:53.417+0000] {local_task_job_runner.py:222} INFO - ::endgroup::
