[2024-07-10T09:15:12.555+0000] {local_task_job_runner.py:120} INFO - ::group::Pre task execution logs
[2024-07-10T09:15:12.598+0000] {taskinstance.py:2076} INFO - Dependencies all met for dep_context=non-requeueable deps ti=<TaskInstance: market_etl.flatten_market_data scheduled__2024-06-30T06:15:00+00:00 [queued]>
[2024-07-10T09:15:12.624+0000] {taskinstance.py:2076} INFO - Dependencies all met for dep_context=requeueable deps ti=<TaskInstance: market_etl.flatten_market_data scheduled__2024-06-30T06:15:00+00:00 [queued]>
[2024-07-10T09:15:12.625+0000] {taskinstance.py:2306} INFO - Starting attempt 1 of 4
[2024-07-10T09:15:12.677+0000] {taskinstance.py:2330} INFO - Executing <Task(_PythonDecoratedOperator): flatten_market_data> on 2024-06-30 06:15:00+00:00
[2024-07-10T09:15:12.707+0000] {warnings.py:112} WARNING - /home/airflow/.local/lib/python3.12/site-packages/airflow/task/task_runner/standard_task_runner.py:61: DeprecationWarning: This process (pid=562) is multi-threaded, use of fork() may lead to deadlocks in the child.
  pid = os.fork()

[2024-07-10T09:15:12.710+0000] {standard_task_runner.py:63} INFO - Started process 564 to run task
[2024-07-10T09:15:12.712+0000] {standard_task_runner.py:90} INFO - Running: ['airflow', 'tasks', 'run', 'market_etl', 'flatten_market_data', 'scheduled__2024-06-30T06:15:00+00:00', '--job-id', '332', '--raw', '--subdir', 'DAGS_FOLDER/etl.py', '--cfg-path', '/tmp/tmpvvmpd8q9']
[2024-07-10T09:15:12.716+0000] {standard_task_runner.py:91} INFO - Job 332: Subtask flatten_market_data
[2024-07-10T09:15:12.827+0000] {task_command.py:426} INFO - Running <TaskInstance: market_etl.flatten_market_data scheduled__2024-06-30T06:15:00+00:00 [running]> on host 514b016b59c3
[2024-07-10T09:15:13.000+0000] {taskinstance.py:2648} INFO - Exporting env vars: AIRFLOW_CTX_DAG_OWNER='airflow' AIRFLOW_CTX_DAG_ID='market_etl' AIRFLOW_CTX_TASK_ID='flatten_market_data' AIRFLOW_CTX_EXECUTION_DATE='2024-06-30T06:15:00+00:00' AIRFLOW_CTX_TRY_NUMBER='1' AIRFLOW_CTX_DAG_RUN_ID='scheduled__2024-06-30T06:15:00+00:00'
[2024-07-10T09:15:13.002+0000] {taskinstance.py:430} INFO - ::endgroup::
[2024-07-10T09:15:13.023+0000] {python.py:237} INFO - Done. Returned value was:     Symbol  ...  Close_Date
0     ADBL  ...  2024-07-09
1      AHL  ...  2024-07-09
2     AHPC  ...  2024-07-09
3    AKJCL  ...  2024-07-09
4     AKPL  ...  2024-07-09
..     ...  ...         ...
310   USHL  ...  2024-07-09
311   USLB  ...  2024-07-09
312   VLBS  ...  2024-07-09
313  VLUCL  ...  2024-07-09
314   WNLB  ...  2024-07-09

[315 rows x 15 columns]
[2024-07-10T09:15:13.043+0000] {taskinstance.py:441} INFO - ::group::Post task execution logs
[2024-07-10T09:15:13.116+0000] {taskinstance.py:1206} INFO - Marking task as SUCCESS. dag_id=market_etl, task_id=flatten_market_data, run_id=scheduled__2024-06-30T06:15:00+00:00, execution_date=20240630T061500, start_date=20240710T091512, end_date=20240710T091513
[2024-07-10T09:15:13.144+0000] {local_task_job_runner.py:240} INFO - Task exited with return code 0
[2024-07-10T09:15:13.187+0000] {taskinstance.py:3503} INFO - 4 downstream tasks scheduled from follow-on schedule check
[2024-07-10T09:15:13.189+0000] {local_task_job_runner.py:222} INFO - ::endgroup::
[2024-07-10T09:24:10.045+0000] {local_task_job_runner.py:120} INFO - ::group::Pre task execution logs
[2024-07-10T09:24:10.062+0000] {taskinstance.py:2076} INFO - Dependencies all met for dep_context=non-requeueable deps ti=<TaskInstance: market_etl.flatten_market_data scheduled__2024-06-30T06:15:00+00:00 [queued]>
[2024-07-10T09:24:10.068+0000] {taskinstance.py:2076} INFO - Dependencies all met for dep_context=requeueable deps ti=<TaskInstance: market_etl.flatten_market_data scheduled__2024-06-30T06:15:00+00:00 [queued]>
[2024-07-10T09:24:10.069+0000] {taskinstance.py:2306} INFO - Starting attempt 1 of 4
[2024-07-10T09:24:10.077+0000] {taskinstance.py:2330} INFO - Executing <Task(_PythonDecoratedOperator): flatten_market_data> on 2024-06-30 06:15:00+00:00
[2024-07-10T09:24:10.083+0000] {warnings.py:112} WARNING - /home/airflow/.local/lib/python3.12/site-packages/airflow/task/task_runner/standard_task_runner.py:61: DeprecationWarning: This process (pid=561) is multi-threaded, use of fork() may lead to deadlocks in the child.
  pid = os.fork()

[2024-07-10T09:24:10.084+0000] {standard_task_runner.py:63} INFO - Started process 563 to run task
[2024-07-10T09:24:10.086+0000] {standard_task_runner.py:90} INFO - Running: ['airflow', 'tasks', 'run', 'market_etl', 'flatten_market_data', 'scheduled__2024-06-30T06:15:00+00:00', '--job-id', '455', '--raw', '--subdir', 'DAGS_FOLDER/etl.py', '--cfg-path', '/tmp/tmp97i3_q_8']
[2024-07-10T09:24:10.087+0000] {standard_task_runner.py:91} INFO - Job 455: Subtask flatten_market_data
[2024-07-10T09:24:10.153+0000] {task_command.py:426} INFO - Running <TaskInstance: market_etl.flatten_market_data scheduled__2024-06-30T06:15:00+00:00 [running]> on host 514b016b59c3
[2024-07-10T09:24:10.279+0000] {taskinstance.py:2648} INFO - Exporting env vars: AIRFLOW_CTX_DAG_OWNER='airflow' AIRFLOW_CTX_DAG_ID='market_etl' AIRFLOW_CTX_TASK_ID='flatten_market_data' AIRFLOW_CTX_EXECUTION_DATE='2024-06-30T06:15:00+00:00' AIRFLOW_CTX_TRY_NUMBER='1' AIRFLOW_CTX_DAG_RUN_ID='scheduled__2024-06-30T06:15:00+00:00'
[2024-07-10T09:24:10.283+0000] {taskinstance.py:430} INFO - ::endgroup::
[2024-07-10T09:24:10.300+0000] {python.py:237} INFO - Done. Returned value was:     Symbol  ...  Close_Date
0     ADBL  ...  2024-07-09
1      AHL  ...  2024-07-09
2     AHPC  ...  2024-07-09
3    AKJCL  ...  2024-07-09
4     AKPL  ...  2024-07-09
..     ...  ...         ...
310   USHL  ...  2024-07-09
311   USLB  ...  2024-07-09
312   VLBS  ...  2024-07-09
313  VLUCL  ...  2024-07-09
314   WNLB  ...  2024-07-09

[315 rows x 15 columns]
[2024-07-10T09:24:10.316+0000] {taskinstance.py:441} INFO - ::group::Post task execution logs
[2024-07-10T09:24:10.365+0000] {taskinstance.py:1206} INFO - Marking task as SUCCESS. dag_id=market_etl, task_id=flatten_market_data, run_id=scheduled__2024-06-30T06:15:00+00:00, execution_date=20240630T061500, start_date=20240710T092410, end_date=20240710T092410
[2024-07-10T09:24:10.395+0000] {local_task_job_runner.py:240} INFO - Task exited with return code 0
[2024-07-10T09:24:10.421+0000] {taskinstance.py:3503} INFO - 4 downstream tasks scheduled from follow-on schedule check
[2024-07-10T09:24:10.422+0000] {local_task_job_runner.py:222} INFO - ::endgroup::
[2024-07-10T09:53:55.149+0000] {local_task_job_runner.py:120} INFO - ::group::Pre task execution logs
[2024-07-10T09:53:55.163+0000] {taskinstance.py:2076} INFO - Dependencies all met for dep_context=non-requeueable deps ti=<TaskInstance: market_etl.flatten_market_data scheduled__2024-06-30T06:15:00+00:00 [queued]>
[2024-07-10T09:53:55.168+0000] {taskinstance.py:2076} INFO - Dependencies all met for dep_context=requeueable deps ti=<TaskInstance: market_etl.flatten_market_data scheduled__2024-06-30T06:15:00+00:00 [queued]>
[2024-07-10T09:53:55.168+0000] {taskinstance.py:2306} INFO - Starting attempt 1 of 4
[2024-07-10T09:53:55.176+0000] {taskinstance.py:2330} INFO - Executing <Task(_PythonDecoratedOperator): flatten_market_data> on 2024-06-30 06:15:00+00:00
[2024-07-10T09:53:55.183+0000] {warnings.py:112} WARNING - /home/airflow/.local/lib/python3.12/site-packages/airflow/task/task_runner/standard_task_runner.py:61: DeprecationWarning: This process (pid=554) is multi-threaded, use of fork() may lead to deadlocks in the child.
  pid = os.fork()

[2024-07-10T09:53:55.184+0000] {standard_task_runner.py:63} INFO - Started process 556 to run task
[2024-07-10T09:53:55.184+0000] {standard_task_runner.py:90} INFO - Running: ['airflow', 'tasks', 'run', 'market_etl', 'flatten_market_data', 'scheduled__2024-06-30T06:15:00+00:00', '--job-id', '581', '--raw', '--subdir', 'DAGS_FOLDER/etl.py', '--cfg-path', '/tmp/tmp52t74c23']
[2024-07-10T09:53:55.186+0000] {standard_task_runner.py:91} INFO - Job 581: Subtask flatten_market_data
[2024-07-10T09:53:55.231+0000] {task_command.py:426} INFO - Running <TaskInstance: market_etl.flatten_market_data scheduled__2024-06-30T06:15:00+00:00 [running]> on host 514b016b59c3
[2024-07-10T09:53:55.348+0000] {taskinstance.py:2648} INFO - Exporting env vars: AIRFLOW_CTX_DAG_OWNER='airflow' AIRFLOW_CTX_DAG_ID='market_etl' AIRFLOW_CTX_TASK_ID='flatten_market_data' AIRFLOW_CTX_EXECUTION_DATE='2024-06-30T06:15:00+00:00' AIRFLOW_CTX_TRY_NUMBER='1' AIRFLOW_CTX_DAG_RUN_ID='scheduled__2024-06-30T06:15:00+00:00'
[2024-07-10T09:53:55.349+0000] {taskinstance.py:430} INFO - ::endgroup::
[2024-07-10T09:53:55.360+0000] {python.py:237} INFO - Done. Returned value was:     Symbol  ...  Close_Date
0     ADBL  ...  2024-07-09
1      AHL  ...  2024-07-09
2     AHPC  ...  2024-07-09
3    AKJCL  ...  2024-07-09
4     AKPL  ...  2024-07-09
..     ...  ...         ...
310   USHL  ...  2024-07-09
311   USLB  ...  2024-07-09
312   VLBS  ...  2024-07-09
313  VLUCL  ...  2024-07-09
314   WNLB  ...  2024-07-09

[315 rows x 15 columns]
[2024-07-10T09:53:55.379+0000] {taskinstance.py:441} INFO - ::group::Post task execution logs
[2024-07-10T09:53:55.443+0000] {taskinstance.py:1206} INFO - Marking task as SUCCESS. dag_id=market_etl, task_id=flatten_market_data, run_id=scheduled__2024-06-30T06:15:00+00:00, execution_date=20240630T061500, start_date=20240710T095355, end_date=20240710T095355
[2024-07-10T09:53:55.488+0000] {local_task_job_runner.py:240} INFO - Task exited with return code 0
[2024-07-10T09:53:55.512+0000] {taskinstance.py:3503} INFO - 3 downstream tasks scheduled from follow-on schedule check
[2024-07-10T09:53:55.514+0000] {local_task_job_runner.py:222} INFO - ::endgroup::
[2024-07-10T11:35:58.808+0000] {local_task_job_runner.py:120} INFO - ::group::Pre task execution logs
[2024-07-10T11:35:58.823+0000] {taskinstance.py:2076} INFO - Dependencies all met for dep_context=non-requeueable deps ti=<TaskInstance: market_etl.flatten_market_data scheduled__2024-06-30T06:15:00+00:00 [queued]>
[2024-07-10T11:35:58.829+0000] {taskinstance.py:2076} INFO - Dependencies all met for dep_context=requeueable deps ti=<TaskInstance: market_etl.flatten_market_data scheduled__2024-06-30T06:15:00+00:00 [queued]>
[2024-07-10T11:35:58.830+0000] {taskinstance.py:2306} INFO - Starting attempt 1 of 4
[2024-07-10T11:35:58.841+0000] {taskinstance.py:2330} INFO - Executing <Task(_PythonDecoratedOperator): flatten_market_data> on 2024-06-30 06:15:00+00:00
[2024-07-10T11:35:58.845+0000] {warnings.py:112} WARNING - /home/airflow/.local/lib/python3.12/site-packages/airflow/task/task_runner/standard_task_runner.py:61: DeprecationWarning: This process (pid=674) is multi-threaded, use of fork() may lead to deadlocks in the child.
  pid = os.fork()

[2024-07-10T11:35:58.845+0000] {standard_task_runner.py:63} INFO - Started process 676 to run task
[2024-07-10T11:35:58.846+0000] {standard_task_runner.py:90} INFO - Running: ['airflow', 'tasks', 'run', 'market_etl', 'flatten_market_data', 'scheduled__2024-06-30T06:15:00+00:00', '--job-id', '735', '--raw', '--subdir', 'DAGS_FOLDER/etl.py', '--cfg-path', '/tmp/tmp38l8xv6f']
[2024-07-10T11:35:58.847+0000] {standard_task_runner.py:91} INFO - Job 735: Subtask flatten_market_data
[2024-07-10T11:35:58.892+0000] {task_command.py:426} INFO - Running <TaskInstance: market_etl.flatten_market_data scheduled__2024-06-30T06:15:00+00:00 [running]> on host 514b016b59c3
[2024-07-10T11:35:59.016+0000] {taskinstance.py:2648} INFO - Exporting env vars: AIRFLOW_CTX_DAG_OWNER='airflow' AIRFLOW_CTX_DAG_ID='market_etl' AIRFLOW_CTX_TASK_ID='flatten_market_data' AIRFLOW_CTX_EXECUTION_DATE='2024-06-30T06:15:00+00:00' AIRFLOW_CTX_TRY_NUMBER='1' AIRFLOW_CTX_DAG_RUN_ID='scheduled__2024-06-30T06:15:00+00:00'
[2024-07-10T11:35:59.017+0000] {taskinstance.py:430} INFO - ::endgroup::
[2024-07-10T11:35:59.025+0000] {python.py:237} INFO - Done. Returned value was:     Symbol  ...  Close_Date
0     ADBL  ...  2024-07-09
1      AHL  ...  2024-07-09
2     AHPC  ...  2024-07-09
3    AKJCL  ...  2024-07-09
4     AKPL  ...  2024-07-09
..     ...  ...         ...
310   USHL  ...  2024-07-09
311   USLB  ...  2024-07-09
312   VLBS  ...  2024-07-09
313  VLUCL  ...  2024-07-09
314   WNLB  ...  2024-07-09

[315 rows x 15 columns]
[2024-07-10T11:35:59.040+0000] {taskinstance.py:441} INFO - ::group::Post task execution logs
[2024-07-10T11:35:59.087+0000] {taskinstance.py:1206} INFO - Marking task as SUCCESS. dag_id=market_etl, task_id=flatten_market_data, run_id=scheduled__2024-06-30T06:15:00+00:00, execution_date=20240630T061500, start_date=20240710T113558, end_date=20240710T113559
[2024-07-10T11:35:59.108+0000] {local_task_job_runner.py:240} INFO - Task exited with return code 0
[2024-07-10T11:35:59.132+0000] {taskinstance.py:3503} INFO - 3 downstream tasks scheduled from follow-on schedule check
[2024-07-10T11:35:59.133+0000] {local_task_job_runner.py:222} INFO - ::endgroup::
[2024-07-11T08:18:55.451+0000] {local_task_job_runner.py:120} INFO - ::group::Pre task execution logs
[2024-07-11T08:18:55.468+0000] {taskinstance.py:2076} INFO - Dependencies all met for dep_context=non-requeueable deps ti=<TaskInstance: market_etl.flatten_market_data scheduled__2024-06-30T06:15:00+00:00 [queued]>
[2024-07-11T08:18:55.474+0000] {taskinstance.py:2076} INFO - Dependencies all met for dep_context=requeueable deps ti=<TaskInstance: market_etl.flatten_market_data scheduled__2024-06-30T06:15:00+00:00 [queued]>
[2024-07-11T08:18:55.475+0000] {taskinstance.py:2306} INFO - Starting attempt 1 of 4
[2024-07-11T08:18:55.483+0000] {taskinstance.py:2330} INFO - Executing <Task(_PythonDecoratedOperator): flatten_market_data> on 2024-06-30 06:15:00+00:00
[2024-07-11T08:18:55.488+0000] {warnings.py:112} WARNING - /home/airflow/.local/lib/python3.12/site-packages/airflow/task/task_runner/standard_task_runner.py:61: DeprecationWarning: This process (pid=471) is multi-threaded, use of fork() may lead to deadlocks in the child.
  pid = os.fork()

[2024-07-11T08:18:55.489+0000] {standard_task_runner.py:63} INFO - Started process 473 to run task
[2024-07-11T08:18:55.491+0000] {standard_task_runner.py:90} INFO - Running: ['airflow', 'tasks', 'run', 'market_etl', 'flatten_market_data', 'scheduled__2024-06-30T06:15:00+00:00', '--job-id', '1123', '--raw', '--subdir', 'DAGS_FOLDER/etl.py', '--cfg-path', '/tmp/tmps6agqkg5']
[2024-07-11T08:18:55.493+0000] {standard_task_runner.py:91} INFO - Job 1123: Subtask flatten_market_data
[2024-07-11T08:18:55.577+0000] {task_command.py:426} INFO - Running <TaskInstance: market_etl.flatten_market_data scheduled__2024-06-30T06:15:00+00:00 [running]> on host aa283b53dd54
[2024-07-11T08:18:55.684+0000] {taskinstance.py:2648} INFO - Exporting env vars: AIRFLOW_CTX_DAG_OWNER='airflow' AIRFLOW_CTX_DAG_ID='market_etl' AIRFLOW_CTX_TASK_ID='flatten_market_data' AIRFLOW_CTX_EXECUTION_DATE='2024-06-30T06:15:00+00:00' AIRFLOW_CTX_TRY_NUMBER='1' AIRFLOW_CTX_DAG_RUN_ID='scheduled__2024-06-30T06:15:00+00:00'
[2024-07-11T08:18:55.688+0000] {taskinstance.py:430} INFO - ::endgroup::
[2024-07-11T08:18:55.707+0000] {python.py:237} INFO - Done. Returned value was:       Symbol  ...  Close_Date
0       ADBL  ...  2024-07-10
1    ADBLD83  ...  2024-07-10
2        AHL  ...  2024-07-10
3       AHPC  ...  2024-07-10
4      AKJCL  ...  2024-07-10
..       ...  ...         ...
316     USHL  ...  2024-07-10
317     USLB  ...  2024-07-10
318     VLBS  ...  2024-07-10
319    VLUCL  ...  2024-07-10
320     WNLB  ...  2024-07-10

[321 rows x 15 columns]
[2024-07-11T08:18:55.724+0000] {taskinstance.py:441} INFO - ::group::Post task execution logs
[2024-07-11T08:18:55.769+0000] {taskinstance.py:1206} INFO - Marking task as SUCCESS. dag_id=market_etl, task_id=flatten_market_data, run_id=scheduled__2024-06-30T06:15:00+00:00, execution_date=20240630T061500, start_date=20240711T081855, end_date=20240711T081855
[2024-07-11T08:18:55.801+0000] {local_task_job_runner.py:240} INFO - Task exited with return code 0
[2024-07-11T08:18:55.892+0000] {taskinstance.py:3503} INFO - 0 downstream tasks scheduled from follow-on schedule check
[2024-07-11T08:18:55.893+0000] {local_task_job_runner.py:222} INFO - ::endgroup::
