[2024-06-26T05:14:17.609+0000] {local_task_job_runner.py:120} INFO - ::group::Pre task execution logs
[2024-06-26T05:14:17.627+0000] {taskinstance.py:2076} INFO - Dependencies all met for dep_context=non-requeueable deps ti=<TaskInstance: market_etl.flatten_market_data manual__2024-06-26T05:14:06.161971+00:00 [queued]>
[2024-06-26T05:14:17.633+0000] {taskinstance.py:2076} INFO - Dependencies all met for dep_context=requeueable deps ti=<TaskInstance: market_etl.flatten_market_data manual__2024-06-26T05:14:06.161971+00:00 [queued]>
[2024-06-26T05:14:17.633+0000] {taskinstance.py:2306} INFO - Starting attempt 1 of 4
[2024-06-26T05:14:17.641+0000] {taskinstance.py:2330} INFO - Executing <Task(_PythonDecoratedOperator): flatten_market_data> on 2024-06-26 05:14:06.161971+00:00
[2024-06-26T05:14:17.647+0000] {warnings.py:112} WARNING - /home/airflow/.local/lib/python3.12/site-packages/airflow/task/task_runner/standard_task_runner.py:61: DeprecationWarning: This process (pid=75) is multi-threaded, use of fork() may lead to deadlocks in the child.
  pid = os.fork()

[2024-06-26T05:14:17.648+0000] {standard_task_runner.py:63} INFO - Started process 77 to run task
[2024-06-26T05:14:17.648+0000] {standard_task_runner.py:90} INFO - Running: ['airflow', 'tasks', 'run', 'market_etl', 'flatten_market_data', 'manual__2024-06-26T05:14:06.161971+00:00', '--job-id', '115', '--raw', '--subdir', 'DAGS_FOLDER/etl.py', '--cfg-path', '/tmp/tmpip67y5gl']
[2024-06-26T05:14:17.650+0000] {standard_task_runner.py:91} INFO - Job 115: Subtask flatten_market_data
[2024-06-26T05:14:17.691+0000] {task_command.py:426} INFO - Running <TaskInstance: market_etl.flatten_market_data manual__2024-06-26T05:14:06.161971+00:00 [running]> on host f3f48f0457b9
[2024-06-26T05:14:17.781+0000] {taskinstance.py:2648} INFO - Exporting env vars: AIRFLOW_CTX_DAG_OWNER='airflow' AIRFLOW_CTX_DAG_ID='market_etl' AIRFLOW_CTX_TASK_ID='flatten_market_data' AIRFLOW_CTX_EXECUTION_DATE='2024-06-26T05:14:06.161971+00:00' AIRFLOW_CTX_TRY_NUMBER='1' AIRFLOW_CTX_DAG_RUN_ID='manual__2024-06-26T05:14:06.161971+00:00'
[2024-06-26T05:14:17.782+0000] {taskinstance.py:430} INFO - ::endgroup::
[2024-06-26T05:14:17.787+0000] {python.py:237} INFO - Done. Returned value was:        volume  volume_weighted  ...  number_of_transactions  symbol
0  44586537.0           186.97  ...                  382026    AMZN

[1 rows x 9 columns]
[2024-06-26T05:14:17.795+0000] {taskinstance.py:441} INFO - ::group::Post task execution logs
[2024-06-26T05:14:17.827+0000] {taskinstance.py:1206} INFO - Marking task as SUCCESS. dag_id=market_etl, task_id=flatten_market_data, run_id=manual__2024-06-26T05:14:06.161971+00:00, execution_date=20240626T051406, start_date=20240626T051417, end_date=20240626T051417
[2024-06-26T05:14:17.871+0000] {local_task_job_runner.py:240} INFO - Task exited with return code 0
[2024-06-26T05:14:17.892+0000] {taskinstance.py:3503} INFO - 1 downstream tasks scheduled from follow-on schedule check
[2024-06-26T05:14:17.893+0000] {local_task_job_runner.py:222} INFO - ::endgroup::
