[2024-07-10T09:15:43.292+0000] {local_task_job_runner.py:120} INFO - ::group::Pre task execution logs
[2024-07-10T09:15:43.331+0000] {taskinstance.py:2076} INFO - Dependencies all met for dep_context=non-requeueable deps ti=<TaskInstance: market_etl.create_security_dimension scheduled__2024-07-01T06:15:00+00:00 [queued]>
[2024-07-10T09:15:43.343+0000] {taskinstance.py:2076} INFO - Dependencies all met for dep_context=requeueable deps ti=<TaskInstance: market_etl.create_security_dimension scheduled__2024-07-01T06:15:00+00:00 [queued]>
[2024-07-10T09:15:43.344+0000] {taskinstance.py:2306} INFO - Starting attempt 1 of 4
[2024-07-10T09:15:43.353+0000] {taskinstance.py:2330} INFO - Executing <Task(_PythonDecoratedOperator): create_security_dimension> on 2024-07-01 06:15:00+00:00
[2024-07-10T09:15:43.361+0000] {warnings.py:112} WARNING - /home/airflow/.local/lib/python3.12/site-packages/airflow/task/task_runner/standard_task_runner.py:61: DeprecationWarning: This process (pid=698) is multi-threaded, use of fork() may lead to deadlocks in the child.
  pid = os.fork()

[2024-07-10T09:15:43.363+0000] {standard_task_runner.py:63} INFO - Started process 700 to run task
[2024-07-10T09:15:43.363+0000] {standard_task_runner.py:90} INFO - Running: ['airflow', 'tasks', 'run', 'market_etl', 'create_security_dimension', 'scheduled__2024-07-01T06:15:00+00:00', '--job-id', '345', '--raw', '--subdir', 'DAGS_FOLDER/etl.py', '--cfg-path', '/tmp/tmpuhuhj04q']
[2024-07-10T09:15:43.365+0000] {standard_task_runner.py:91} INFO - Job 345: Subtask create_security_dimension
[2024-07-10T09:15:43.502+0000] {task_command.py:426} INFO - Running <TaskInstance: market_etl.create_security_dimension scheduled__2024-07-01T06:15:00+00:00 [running]> on host 514b016b59c3
[2024-07-10T09:15:43.889+0000] {taskinstance.py:2648} INFO - Exporting env vars: AIRFLOW_CTX_DAG_OWNER='airflow' AIRFLOW_CTX_DAG_ID='market_etl' AIRFLOW_CTX_TASK_ID='create_security_dimension' AIRFLOW_CTX_EXECUTION_DATE='2024-07-01T06:15:00+00:00' AIRFLOW_CTX_TRY_NUMBER='1' AIRFLOW_CTX_DAG_RUN_ID='scheduled__2024-07-01T06:15:00+00:00'
[2024-07-10T09:15:43.893+0000] {taskinstance.py:430} INFO - ::endgroup::
[2024-07-10T09:15:43.901+0000] {python.py:237} INFO - Done. Returned value was:     SECURITY_ID  MARKET_CAPITALIZATION  ...  FIFTY_TWO_WEEKS_LOW  SECURITY_STOCK_ID
0          ADBL               38364.17  ...                220.5    ADBL_2024-07-09
1           AHL                1772.42  ...                273.1     AHL_2024-07-09
2          AHPC                5783.21  ...                149.0    AHPC_2024-07-09
3         AKJCL                1768.00  ...                141.3   AKJCL_2024-07-09
4          AKPL                6389.35  ...                152.4    AKPL_2024-07-09
..          ...                    ...  ...                  ...                ...
310        USHL                1266.54  ...                253.6    USHL_2024-07-09
311        USLB                4438.40  ...                591.1    USLB_2024-07-09
312        VLBS                7822.92  ...                546.1    VLBS_2024-07-09
313       VLUCL                9811.13  ...                365.3   VLUCL_2024-07-09
314        WNLB                1205.60  ...                680.0    WNLB_2024-07-09

[315 rows x 5 columns]
[2024-07-10T09:15:43.912+0000] {taskinstance.py:441} INFO - ::group::Post task execution logs
[2024-07-10T09:15:44.021+0000] {taskinstance.py:1206} INFO - Marking task as SUCCESS. dag_id=market_etl, task_id=create_security_dimension, run_id=scheduled__2024-07-01T06:15:00+00:00, execution_date=20240701T061500, start_date=20240710T091543, end_date=20240710T091544
[2024-07-10T09:15:44.083+0000] {local_task_job_runner.py:240} INFO - Task exited with return code 0
[2024-07-10T09:15:44.130+0000] {taskinstance.py:3503} INFO - 1 downstream tasks scheduled from follow-on schedule check
[2024-07-10T09:15:44.132+0000] {local_task_job_runner.py:222} INFO - ::endgroup::
[2024-07-10T09:54:25.303+0000] {local_task_job_runner.py:120} INFO - ::group::Pre task execution logs
[2024-07-10T09:54:25.318+0000] {taskinstance.py:2076} INFO - Dependencies all met for dep_context=non-requeueable deps ti=<TaskInstance: market_etl.create_security_dimension scheduled__2024-07-01T06:15:00+00:00 [queued]>
[2024-07-10T09:54:25.324+0000] {taskinstance.py:2076} INFO - Dependencies all met for dep_context=requeueable deps ti=<TaskInstance: market_etl.create_security_dimension scheduled__2024-07-01T06:15:00+00:00 [queued]>
[2024-07-10T09:54:25.328+0000] {taskinstance.py:2306} INFO - Starting attempt 1 of 4
[2024-07-10T09:54:25.345+0000] {taskinstance.py:2330} INFO - Executing <Task(_PythonDecoratedOperator): create_security_dimension> on 2024-07-01 06:15:00+00:00
[2024-07-10T09:54:25.363+0000] {warnings.py:112} WARNING - /home/airflow/.local/lib/python3.12/site-packages/airflow/task/task_runner/standard_task_runner.py:61: DeprecationWarning: This process (pid=677) is multi-threaded, use of fork() may lead to deadlocks in the child.
  pid = os.fork()

[2024-07-10T09:54:25.365+0000] {standard_task_runner.py:63} INFO - Started process 681 to run task
[2024-07-10T09:54:25.366+0000] {standard_task_runner.py:90} INFO - Running: ['airflow', 'tasks', 'run', 'market_etl', 'create_security_dimension', 'scheduled__2024-07-01T06:15:00+00:00', '--job-id', '593', '--raw', '--subdir', 'DAGS_FOLDER/etl.py', '--cfg-path', '/tmp/tmpo1ygspwx']
[2024-07-10T09:54:25.368+0000] {standard_task_runner.py:91} INFO - Job 593: Subtask create_security_dimension
[2024-07-10T09:54:25.430+0000] {task_command.py:426} INFO - Running <TaskInstance: market_etl.create_security_dimension scheduled__2024-07-01T06:15:00+00:00 [running]> on host 514b016b59c3
[2024-07-10T09:54:25.653+0000] {taskinstance.py:2648} INFO - Exporting env vars: AIRFLOW_CTX_DAG_OWNER='airflow' AIRFLOW_CTX_DAG_ID='market_etl' AIRFLOW_CTX_TASK_ID='create_security_dimension' AIRFLOW_CTX_EXECUTION_DATE='2024-07-01T06:15:00+00:00' AIRFLOW_CTX_TRY_NUMBER='1' AIRFLOW_CTX_DAG_RUN_ID='scheduled__2024-07-01T06:15:00+00:00'
[2024-07-10T09:54:25.654+0000] {taskinstance.py:430} INFO - ::endgroup::
[2024-07-10T09:54:25.658+0000] {python.py:237} INFO - Done. Returned value was:     SECURITY_ID  MARKET_CAPITALIZATION  ...  FIFTY_TWO_WEEKS_LOW  SECURITY_STOCK_ID
0          ADBL               38364.17  ...                220.5    ADBL_2024-07-09
1           AHL                1772.42  ...                273.1     AHL_2024-07-09
2          AHPC                5783.21  ...                149.0    AHPC_2024-07-09
3         AKJCL                1768.00  ...                141.3   AKJCL_2024-07-09
4          AKPL                6389.35  ...                152.4    AKPL_2024-07-09
..          ...                    ...  ...                  ...                ...
310        USHL                1266.54  ...                253.6    USHL_2024-07-09
311        USLB                4438.40  ...                591.1    USLB_2024-07-09
312        VLBS                7822.92  ...                546.1    VLBS_2024-07-09
313       VLUCL                9811.13  ...                365.3   VLUCL_2024-07-09
314        WNLB                1205.60  ...                680.0    WNLB_2024-07-09

[315 rows x 5 columns]
[2024-07-10T09:54:25.664+0000] {taskinstance.py:441} INFO - ::group::Post task execution logs
[2024-07-10T09:54:25.695+0000] {taskinstance.py:1206} INFO - Marking task as SUCCESS. dag_id=market_etl, task_id=create_security_dimension, run_id=scheduled__2024-07-01T06:15:00+00:00, execution_date=20240701T061500, start_date=20240710T095425, end_date=20240710T095425
[2024-07-10T09:54:25.711+0000] {local_task_job_runner.py:240} INFO - Task exited with return code 0
[2024-07-10T09:54:25.754+0000] {taskinstance.py:3503} INFO - 1 downstream tasks scheduled from follow-on schedule check
[2024-07-10T09:54:25.755+0000] {local_task_job_runner.py:222} INFO - ::endgroup::
[2024-07-10T11:36:35.277+0000] {local_task_job_runner.py:120} INFO - ::group::Pre task execution logs
[2024-07-10T11:36:35.300+0000] {taskinstance.py:2076} INFO - Dependencies all met for dep_context=non-requeueable deps ti=<TaskInstance: market_etl.create_security_dimension scheduled__2024-07-01T06:15:00+00:00 [queued]>
[2024-07-10T11:36:35.310+0000] {taskinstance.py:2076} INFO - Dependencies all met for dep_context=requeueable deps ti=<TaskInstance: market_etl.create_security_dimension scheduled__2024-07-01T06:15:00+00:00 [queued]>
[2024-07-10T11:36:35.311+0000] {taskinstance.py:2306} INFO - Starting attempt 1 of 4
[2024-07-10T11:36:35.325+0000] {taskinstance.py:2330} INFO - Executing <Task(_PythonDecoratedOperator): create_security_dimension> on 2024-07-01 06:15:00+00:00
[2024-07-10T11:36:35.340+0000] {warnings.py:112} WARNING - /home/airflow/.local/lib/python3.12/site-packages/airflow/task/task_runner/standard_task_runner.py:61: DeprecationWarning: This process (pid=798) is multi-threaded, use of fork() may lead to deadlocks in the child.
  pid = os.fork()

[2024-07-10T11:36:35.345+0000] {standard_task_runner.py:63} INFO - Started process 802 to run task
[2024-07-10T11:36:35.348+0000] {standard_task_runner.py:90} INFO - Running: ['airflow', 'tasks', 'run', 'market_etl', 'create_security_dimension', 'scheduled__2024-07-01T06:15:00+00:00', '--job-id', '748', '--raw', '--subdir', 'DAGS_FOLDER/etl.py', '--cfg-path', '/tmp/tmp0mpbo_bc']
[2024-07-10T11:36:35.352+0000] {standard_task_runner.py:91} INFO - Job 748: Subtask create_security_dimension
[2024-07-10T11:36:35.452+0000] {task_command.py:426} INFO - Running <TaskInstance: market_etl.create_security_dimension scheduled__2024-07-01T06:15:00+00:00 [running]> on host 514b016b59c3
[2024-07-10T11:36:35.769+0000] {taskinstance.py:2648} INFO - Exporting env vars: AIRFLOW_CTX_DAG_OWNER='airflow' AIRFLOW_CTX_DAG_ID='market_etl' AIRFLOW_CTX_TASK_ID='create_security_dimension' AIRFLOW_CTX_EXECUTION_DATE='2024-07-01T06:15:00+00:00' AIRFLOW_CTX_TRY_NUMBER='1' AIRFLOW_CTX_DAG_RUN_ID='scheduled__2024-07-01T06:15:00+00:00'
[2024-07-10T11:36:35.771+0000] {taskinstance.py:430} INFO - ::endgroup::
[2024-07-10T11:36:35.780+0000] {python.py:237} INFO - Done. Returned value was:     SECURITY_ID  MARKET_CAPITALIZATION  ...  FIFTY_TWO_WEEKS_LOW  SECURITY_STOCK_ID
0          ADBL               38364.17  ...                220.5    ADBL_2024-07-09
1           AHL                1772.42  ...                273.1     AHL_2024-07-09
2          AHPC                5783.21  ...                149.0    AHPC_2024-07-09
3         AKJCL                1768.00  ...                141.3   AKJCL_2024-07-09
4          AKPL                6389.35  ...                152.4    AKPL_2024-07-09
..          ...                    ...  ...                  ...                ...
310        USHL                1266.54  ...                253.6    USHL_2024-07-09
311        USLB                4438.40  ...                591.1    USLB_2024-07-09
312        VLBS                7822.92  ...                546.1    VLBS_2024-07-09
313       VLUCL                9811.13  ...                365.3   VLUCL_2024-07-09
314        WNLB                1205.60  ...                680.0    WNLB_2024-07-09

[315 rows x 5 columns]
[2024-07-10T11:36:35.796+0000] {taskinstance.py:441} INFO - ::group::Post task execution logs
[2024-07-10T11:36:35.857+0000] {taskinstance.py:1206} INFO - Marking task as SUCCESS. dag_id=market_etl, task_id=create_security_dimension, run_id=scheduled__2024-07-01T06:15:00+00:00, execution_date=20240701T061500, start_date=20240710T113635, end_date=20240710T113635
[2024-07-10T11:36:35.925+0000] {local_task_job_runner.py:240} INFO - Task exited with return code 0
[2024-07-10T11:36:36.034+0000] {taskinstance.py:3503} INFO - 1 downstream tasks scheduled from follow-on schedule check
[2024-07-10T11:36:36.037+0000] {local_task_job_runner.py:222} INFO - ::endgroup::
[2024-07-11T08:19:26.393+0000] {local_task_job_runner.py:120} INFO - ::group::Pre task execution logs
[2024-07-11T08:19:26.412+0000] {taskinstance.py:2076} INFO - Dependencies all met for dep_context=non-requeueable deps ti=<TaskInstance: market_etl.create_security_dimension scheduled__2024-07-01T06:15:00+00:00 [queued]>
[2024-07-11T08:19:26.419+0000] {taskinstance.py:2076} INFO - Dependencies all met for dep_context=requeueable deps ti=<TaskInstance: market_etl.create_security_dimension scheduled__2024-07-01T06:15:00+00:00 [queued]>
[2024-07-11T08:19:26.420+0000] {taskinstance.py:2306} INFO - Starting attempt 1 of 4
[2024-07-11T08:19:26.429+0000] {taskinstance.py:2330} INFO - Executing <Task(_PythonDecoratedOperator): create_security_dimension> on 2024-07-01 06:15:00+00:00
[2024-07-11T08:19:26.442+0000] {warnings.py:112} WARNING - /home/airflow/.local/lib/python3.12/site-packages/airflow/task/task_runner/standard_task_runner.py:61: DeprecationWarning: This process (pid=649) is multi-threaded, use of fork() may lead to deadlocks in the child.
  pid = os.fork()

[2024-07-11T08:19:26.446+0000] {standard_task_runner.py:63} INFO - Started process 652 to run task
[2024-07-11T08:19:26.445+0000] {standard_task_runner.py:90} INFO - Running: ['airflow', 'tasks', 'run', 'market_etl', 'create_security_dimension', 'scheduled__2024-07-01T06:15:00+00:00', '--job-id', '1140', '--raw', '--subdir', 'DAGS_FOLDER/etl.py', '--cfg-path', '/tmp/tmphukro_ui']
[2024-07-11T08:19:26.447+0000] {standard_task_runner.py:91} INFO - Job 1140: Subtask create_security_dimension
[2024-07-11T08:19:26.515+0000] {task_command.py:426} INFO - Running <TaskInstance: market_etl.create_security_dimension scheduled__2024-07-01T06:15:00+00:00 [running]> on host aa283b53dd54
[2024-07-11T08:19:26.808+0000] {taskinstance.py:2648} INFO - Exporting env vars: AIRFLOW_CTX_DAG_OWNER='airflow' AIRFLOW_CTX_DAG_ID='market_etl' AIRFLOW_CTX_TASK_ID='create_security_dimension' AIRFLOW_CTX_EXECUTION_DATE='2024-07-01T06:15:00+00:00' AIRFLOW_CTX_TRY_NUMBER='1' AIRFLOW_CTX_DAG_RUN_ID='scheduled__2024-07-01T06:15:00+00:00'
[2024-07-11T08:19:26.809+0000] {taskinstance.py:430} INFO - ::endgroup::
[2024-07-11T08:19:26.819+0000] {python.py:237} INFO - Done. Returned value was:     SECURITY_ID  MARKET_CAPITALIZATION  ...  FIFTY_TWO_WEEKS_LOW   SECURITY_STOCK_ID
0          ADBL               38539.05  ...                220.5     ADBL_2024-07-10
1       ADBLD83                   0.00  ...                941.0  ADBLD83_2024-07-10
2           AHL                1781.60  ...                273.1      AHL_2024-07-10
3          AHPC                5828.04  ...                149.0     AHPC_2024-07-10
4         AKJCL                1744.80  ...                141.3    AKJCL_2024-07-10
..          ...                    ...  ...                  ...                 ...
316        USHL                1284.80  ...                253.6     USHL_2024-07-10
317        USLB                4394.21  ...                591.1     USLB_2024-07-10
318        VLBS                7979.38  ...                546.1     VLBS_2024-07-10
319       VLUCL               10098.00  ...                365.3    VLUCL_2024-07-10
320        WNLB                1235.70  ...                680.0     WNLB_2024-07-10

[321 rows x 5 columns]
[2024-07-11T08:19:26.833+0000] {taskinstance.py:441} INFO - ::group::Post task execution logs
[2024-07-11T08:19:26.890+0000] {taskinstance.py:1206} INFO - Marking task as SUCCESS. dag_id=market_etl, task_id=create_security_dimension, run_id=scheduled__2024-07-01T06:15:00+00:00, execution_date=20240701T061500, start_date=20240711T081926, end_date=20240711T081926
[2024-07-11T08:19:26.914+0000] {local_task_job_runner.py:240} INFO - Task exited with return code 0
[2024-07-11T08:19:26.944+0000] {local_task_job_runner.py:222} INFO - ::endgroup::
