[2024-07-01T05:18:57.150+0000] {local_task_job_runner.py:120} INFO - ::group::Pre task execution logs
[2024-07-01T05:18:57.198+0000] {taskinstance.py:2076} INFO - Dependencies all met for dep_context=non-requeueable deps ti=<TaskInstance: market_etl.load_market_data manual__2024-07-01T05:13:37.231157+00:00 [queued]>
[2024-07-01T05:18:57.206+0000] {taskinstance.py:2076} INFO - Dependencies all met for dep_context=requeueable deps ti=<TaskInstance: market_etl.load_market_data manual__2024-07-01T05:13:37.231157+00:00 [queued]>
[2024-07-01T05:18:57.206+0000] {taskinstance.py:2306} INFO - Starting attempt 2 of 4
[2024-07-01T05:18:57.216+0000] {taskinstance.py:2330} INFO - Executing <Task(_PythonDecoratedOperator): load_market_data> on 2024-07-01 05:13:37.231157+00:00
[2024-07-01T05:18:57.225+0000] {warnings.py:112} WARNING - /home/airflow/.local/lib/python3.12/site-packages/airflow/task/task_runner/standard_task_runner.py:61: DeprecationWarning: This process (pid=48) is multi-threaded, use of fork() may lead to deadlocks in the child.
  pid = os.fork()

[2024-07-01T05:18:57.226+0000] {standard_task_runner.py:63} INFO - Started process 50 to run task
[2024-07-01T05:18:57.227+0000] {standard_task_runner.py:90} INFO - Running: ['airflow', 'tasks', 'run', 'market_etl', 'load_market_data', 'manual__2024-07-01T05:13:37.231157+00:00', '--job-id', '352', '--raw', '--subdir', 'DAGS_FOLDER/etl.py', '--cfg-path', '/tmp/tmpl8w697k0']
[2024-07-01T05:18:57.229+0000] {standard_task_runner.py:91} INFO - Job 352: Subtask load_market_data
[2024-07-01T05:18:57.297+0000] {task_command.py:426} INFO - Running <TaskInstance: market_etl.load_market_data manual__2024-07-01T05:13:37.231157+00:00 [running]> on host 5eec0a067191
[2024-07-01T05:18:57.469+0000] {taskinstance.py:2648} INFO - Exporting env vars: AIRFLOW_CTX_DAG_OWNER='airflow' AIRFLOW_CTX_DAG_ID='market_etl' AIRFLOW_CTX_TASK_ID='load_market_data' AIRFLOW_CTX_EXECUTION_DATE='2024-07-01T05:13:37.231157+00:00' AIRFLOW_CTX_TRY_NUMBER='2' AIRFLOW_CTX_DAG_RUN_ID='manual__2024-07-01T05:13:37.231157+00:00'
[2024-07-01T05:18:57.470+0000] {taskinstance.py:430} INFO - ::endgroup::
[2024-07-01T05:18:57.480+0000] {base.py:84} INFO - Using connection ID 'market_database_conn' for task execution.
[2024-07-01T05:18:57.499+0000] {python.py:237} INFO - Done. Returned value was:   Symbol  Close_Price_Rs  ...  Market_Capitalization_Rs__Amt_in_Millions  Close_Date
0     KQ             1.0  ...                                        1.0  2024-06-30
1     KQ             1.0  ...                                        1.0  2024-06-30

[2 rows x 15 columns]
[2024-07-01T05:18:57.507+0000] {taskinstance.py:441} INFO - ::group::Post task execution logs
[2024-07-01T05:18:57.533+0000] {taskinstance.py:1206} INFO - Marking task as SUCCESS. dag_id=market_etl, task_id=load_market_data, run_id=manual__2024-07-01T05:13:37.231157+00:00, execution_date=20240701T051337, start_date=20240701T051857, end_date=20240701T051857
[2024-07-01T05:18:57.575+0000] {local_task_job_runner.py:240} INFO - Task exited with return code 0
[2024-07-01T05:18:57.609+0000] {taskinstance.py:3503} INFO - 1 downstream tasks scheduled from follow-on schedule check
[2024-07-01T05:18:57.610+0000] {local_task_job_runner.py:222} INFO - ::endgroup::
