[2024-07-10T09:16:03.698+0000] {local_task_job_runner.py:120} INFO - ::group::Pre task execution logs
[2024-07-10T09:16:03.713+0000] {taskinstance.py:2076} INFO - Dependencies all met for dep_context=non-requeueable deps ti=<TaskInstance: market_etl.flatten_market_data scheduled__2024-07-02T06:15:00+00:00 [queued]>
[2024-07-10T09:16:03.719+0000] {taskinstance.py:2076} INFO - Dependencies all met for dep_context=requeueable deps ti=<TaskInstance: market_etl.flatten_market_data scheduled__2024-07-02T06:15:00+00:00 [queued]>
[2024-07-10T09:16:03.719+0000] {taskinstance.py:2306} INFO - Starting attempt 1 of 4
[2024-07-10T09:16:03.727+0000] {taskinstance.py:2330} INFO - Executing <Task(_PythonDecoratedOperator): flatten_market_data> on 2024-07-02 06:15:00+00:00
[2024-07-10T09:16:03.731+0000] {warnings.py:112} WARNING - /home/airflow/.local/lib/python3.12/site-packages/airflow/task/task_runner/standard_task_runner.py:61: DeprecationWarning: This process (pid=725) is multi-threaded, use of fork() may lead to deadlocks in the child.
  pid = os.fork()

[2024-07-10T09:16:03.732+0000] {standard_task_runner.py:63} INFO - Started process 727 to run task
[2024-07-10T09:16:03.733+0000] {standard_task_runner.py:90} INFO - Running: ['airflow', 'tasks', 'run', 'market_etl', 'flatten_market_data', 'scheduled__2024-07-02T06:15:00+00:00', '--job-id', '348', '--raw', '--subdir', 'DAGS_FOLDER/etl.py', '--cfg-path', '/tmp/tmp82hnkqni']
[2024-07-10T09:16:03.734+0000] {standard_task_runner.py:91} INFO - Job 348: Subtask flatten_market_data
[2024-07-10T09:16:03.777+0000] {task_command.py:426} INFO - Running <TaskInstance: market_etl.flatten_market_data scheduled__2024-07-02T06:15:00+00:00 [running]> on host 514b016b59c3
[2024-07-10T09:16:03.881+0000] {taskinstance.py:2648} INFO - Exporting env vars: AIRFLOW_CTX_DAG_OWNER='airflow' AIRFLOW_CTX_DAG_ID='market_etl' AIRFLOW_CTX_TASK_ID='flatten_market_data' AIRFLOW_CTX_EXECUTION_DATE='2024-07-02T06:15:00+00:00' AIRFLOW_CTX_TRY_NUMBER='1' AIRFLOW_CTX_DAG_RUN_ID='scheduled__2024-07-02T06:15:00+00:00'
[2024-07-10T09:16:03.883+0000] {taskinstance.py:430} INFO - ::endgroup::
[2024-07-10T09:16:03.892+0000] {python.py:237} INFO - Done. Returned value was:     Symbol  ...  Close_Date
0     ADBL  ...  2024-07-09
1      AHL  ...  2024-07-09
2     AHPC  ...  2024-07-09
3    AKJCL  ...  2024-07-09
4     AKPL  ...  2024-07-09
..     ...  ...         ...
310   USHL  ...  2024-07-09
311   USLB  ...  2024-07-09
312   VLBS  ...  2024-07-09
313  VLUCL  ...  2024-07-09
314   WNLB  ...  2024-07-09

[315 rows x 15 columns]
[2024-07-10T09:16:03.908+0000] {taskinstance.py:441} INFO - ::group::Post task execution logs
[2024-07-10T09:16:03.968+0000] {taskinstance.py:1206} INFO - Marking task as SUCCESS. dag_id=market_etl, task_id=flatten_market_data, run_id=scheduled__2024-07-02T06:15:00+00:00, execution_date=20240702T061500, start_date=20240710T091603, end_date=20240710T091603
[2024-07-10T09:16:03.996+0000] {local_task_job_runner.py:240} INFO - Task exited with return code 0
[2024-07-10T09:16:04.019+0000] {taskinstance.py:3503} INFO - 4 downstream tasks scheduled from follow-on schedule check
[2024-07-10T09:16:04.020+0000] {local_task_job_runner.py:222} INFO - ::endgroup::
[2024-07-10T09:54:45.668+0000] {local_task_job_runner.py:120} INFO - ::group::Pre task execution logs
[2024-07-10T09:54:45.683+0000] {taskinstance.py:2076} INFO - Dependencies all met for dep_context=non-requeueable deps ti=<TaskInstance: market_etl.flatten_market_data scheduled__2024-07-02T06:15:00+00:00 [queued]>
[2024-07-10T09:54:45.690+0000] {taskinstance.py:2076} INFO - Dependencies all met for dep_context=requeueable deps ti=<TaskInstance: market_etl.flatten_market_data scheduled__2024-07-02T06:15:00+00:00 [queued]>
[2024-07-10T09:54:45.690+0000] {taskinstance.py:2306} INFO - Starting attempt 1 of 4
[2024-07-10T09:54:45.698+0000] {taskinstance.py:2330} INFO - Executing <Task(_PythonDecoratedOperator): flatten_market_data> on 2024-07-02 06:15:00+00:00
[2024-07-10T09:54:45.704+0000] {warnings.py:112} WARNING - /home/airflow/.local/lib/python3.12/site-packages/airflow/task/task_runner/standard_task_runner.py:61: DeprecationWarning: This process (pid=723) is multi-threaded, use of fork() may lead to deadlocks in the child.
  pid = os.fork()

[2024-07-10T09:54:45.705+0000] {standard_task_runner.py:63} INFO - Started process 725 to run task
[2024-07-10T09:54:45.706+0000] {standard_task_runner.py:90} INFO - Running: ['airflow', 'tasks', 'run', 'market_etl', 'flatten_market_data', 'scheduled__2024-07-02T06:15:00+00:00', '--job-id', '597', '--raw', '--subdir', 'DAGS_FOLDER/etl.py', '--cfg-path', '/tmp/tmpwkra0ada']
[2024-07-10T09:54:45.708+0000] {standard_task_runner.py:91} INFO - Job 597: Subtask flatten_market_data
[2024-07-10T09:54:45.904+0000] {task_command.py:426} INFO - Running <TaskInstance: market_etl.flatten_market_data scheduled__2024-07-02T06:15:00+00:00 [running]> on host 514b016b59c3
[2024-07-10T09:54:46.135+0000] {taskinstance.py:2648} INFO - Exporting env vars: AIRFLOW_CTX_DAG_OWNER='airflow' AIRFLOW_CTX_DAG_ID='market_etl' AIRFLOW_CTX_TASK_ID='flatten_market_data' AIRFLOW_CTX_EXECUTION_DATE='2024-07-02T06:15:00+00:00' AIRFLOW_CTX_TRY_NUMBER='1' AIRFLOW_CTX_DAG_RUN_ID='scheduled__2024-07-02T06:15:00+00:00'
[2024-07-10T09:54:46.136+0000] {taskinstance.py:430} INFO - ::endgroup::
[2024-07-10T09:54:46.155+0000] {python.py:237} INFO - Done. Returned value was:     Symbol  ...  Close_Date
0     ADBL  ...  2024-07-09
1      AHL  ...  2024-07-09
2     AHPC  ...  2024-07-09
3    AKJCL  ...  2024-07-09
4     AKPL  ...  2024-07-09
..     ...  ...         ...
310   USHL  ...  2024-07-09
311   USLB  ...  2024-07-09
312   VLBS  ...  2024-07-09
313  VLUCL  ...  2024-07-09
314   WNLB  ...  2024-07-09

[315 rows x 15 columns]
[2024-07-10T09:54:46.197+0000] {taskinstance.py:441} INFO - ::group::Post task execution logs
[2024-07-10T09:54:46.307+0000] {taskinstance.py:1206} INFO - Marking task as SUCCESS. dag_id=market_etl, task_id=flatten_market_data, run_id=scheduled__2024-07-02T06:15:00+00:00, execution_date=20240702T061500, start_date=20240710T095445, end_date=20240710T095446
[2024-07-10T09:54:46.341+0000] {local_task_job_runner.py:240} INFO - Task exited with return code 0
[2024-07-10T09:54:46.399+0000] {taskinstance.py:3503} INFO - 3 downstream tasks scheduled from follow-on schedule check
[2024-07-10T09:54:46.401+0000] {local_task_job_runner.py:222} INFO - ::endgroup::
[2024-07-10T11:36:55.092+0000] {local_task_job_runner.py:120} INFO - ::group::Pre task execution logs
[2024-07-10T11:36:55.106+0000] {taskinstance.py:2076} INFO - Dependencies all met for dep_context=non-requeueable deps ti=<TaskInstance: market_etl.flatten_market_data scheduled__2024-07-02T06:15:00+00:00 [queued]>
[2024-07-10T11:36:55.112+0000] {taskinstance.py:2076} INFO - Dependencies all met for dep_context=requeueable deps ti=<TaskInstance: market_etl.flatten_market_data scheduled__2024-07-02T06:15:00+00:00 [queued]>
[2024-07-10T11:36:55.113+0000] {taskinstance.py:2306} INFO - Starting attempt 1 of 4
[2024-07-10T11:36:55.122+0000] {taskinstance.py:2330} INFO - Executing <Task(_PythonDecoratedOperator): flatten_market_data> on 2024-07-02 06:15:00+00:00
[2024-07-10T11:36:55.128+0000] {warnings.py:112} WARNING - /home/airflow/.local/lib/python3.12/site-packages/airflow/task/task_runner/standard_task_runner.py:61: DeprecationWarning: This process (pid=844) is multi-threaded, use of fork() may lead to deadlocks in the child.
  pid = os.fork()

[2024-07-10T11:36:55.129+0000] {standard_task_runner.py:63} INFO - Started process 846 to run task
[2024-07-10T11:36:55.130+0000] {standard_task_runner.py:90} INFO - Running: ['airflow', 'tasks', 'run', 'market_etl', 'flatten_market_data', 'scheduled__2024-07-02T06:15:00+00:00', '--job-id', '751', '--raw', '--subdir', 'DAGS_FOLDER/etl.py', '--cfg-path', '/tmp/tmpz26cnpvv']
[2024-07-10T11:36:55.132+0000] {standard_task_runner.py:91} INFO - Job 751: Subtask flatten_market_data
[2024-07-10T11:36:55.192+0000] {task_command.py:426} INFO - Running <TaskInstance: market_etl.flatten_market_data scheduled__2024-07-02T06:15:00+00:00 [running]> on host 514b016b59c3
[2024-07-10T11:36:55.292+0000] {taskinstance.py:2648} INFO - Exporting env vars: AIRFLOW_CTX_DAG_OWNER='airflow' AIRFLOW_CTX_DAG_ID='market_etl' AIRFLOW_CTX_TASK_ID='flatten_market_data' AIRFLOW_CTX_EXECUTION_DATE='2024-07-02T06:15:00+00:00' AIRFLOW_CTX_TRY_NUMBER='1' AIRFLOW_CTX_DAG_RUN_ID='scheduled__2024-07-02T06:15:00+00:00'
[2024-07-10T11:36:55.293+0000] {taskinstance.py:430} INFO - ::endgroup::
[2024-07-10T11:36:55.301+0000] {python.py:237} INFO - Done. Returned value was:     Symbol  ...  Close_Date
0     ADBL  ...  2024-07-09
1      AHL  ...  2024-07-09
2     AHPC  ...  2024-07-09
3    AKJCL  ...  2024-07-09
4     AKPL  ...  2024-07-09
..     ...  ...         ...
310   USHL  ...  2024-07-09
311   USLB  ...  2024-07-09
312   VLBS  ...  2024-07-09
313  VLUCL  ...  2024-07-09
314   WNLB  ...  2024-07-09

[315 rows x 15 columns]
[2024-07-10T11:36:55.318+0000] {taskinstance.py:441} INFO - ::group::Post task execution logs
[2024-07-10T11:36:55.369+0000] {taskinstance.py:1206} INFO - Marking task as SUCCESS. dag_id=market_etl, task_id=flatten_market_data, run_id=scheduled__2024-07-02T06:15:00+00:00, execution_date=20240702T061500, start_date=20240710T113655, end_date=20240710T113655
[2024-07-10T11:36:55.409+0000] {local_task_job_runner.py:240} INFO - Task exited with return code 0
[2024-07-10T11:36:55.436+0000] {taskinstance.py:3503} INFO - 3 downstream tasks scheduled from follow-on schedule check
[2024-07-10T11:36:55.437+0000] {local_task_job_runner.py:222} INFO - ::endgroup::
[2024-07-11T08:19:58.276+0000] {local_task_job_runner.py:120} INFO - ::group::Pre task execution logs
[2024-07-11T08:19:58.293+0000] {taskinstance.py:2076} INFO - Dependencies all met for dep_context=non-requeueable deps ti=<TaskInstance: market_etl.flatten_market_data scheduled__2024-07-02T06:15:00+00:00 [queued]>
[2024-07-11T08:19:58.299+0000] {taskinstance.py:2076} INFO - Dependencies all met for dep_context=requeueable deps ti=<TaskInstance: market_etl.flatten_market_data scheduled__2024-07-02T06:15:00+00:00 [queued]>
[2024-07-11T08:19:58.300+0000] {taskinstance.py:2306} INFO - Starting attempt 1 of 4
[2024-07-11T08:19:58.309+0000] {taskinstance.py:2330} INFO - Executing <Task(_PythonDecoratedOperator): flatten_market_data> on 2024-07-02 06:15:00+00:00
[2024-07-11T08:19:58.318+0000] {warnings.py:112} WARNING - /home/airflow/.local/lib/python3.12/site-packages/airflow/task/task_runner/standard_task_runner.py:61: DeprecationWarning: This process (pid=747) is multi-threaded, use of fork() may lead to deadlocks in the child.
  pid = os.fork()

[2024-07-11T08:19:58.320+0000] {standard_task_runner.py:63} INFO - Started process 749 to run task
[2024-07-11T08:19:58.321+0000] {standard_task_runner.py:90} INFO - Running: ['airflow', 'tasks', 'run', 'market_etl', 'flatten_market_data', 'scheduled__2024-07-02T06:15:00+00:00', '--job-id', '1147', '--raw', '--subdir', 'DAGS_FOLDER/etl.py', '--cfg-path', '/tmp/tmp267tw9iw']
[2024-07-11T08:19:58.328+0000] {standard_task_runner.py:91} INFO - Job 1147: Subtask flatten_market_data
[2024-07-11T08:19:58.390+0000] {task_command.py:426} INFO - Running <TaskInstance: market_etl.flatten_market_data scheduled__2024-07-02T06:15:00+00:00 [running]> on host aa283b53dd54
[2024-07-11T08:19:58.540+0000] {taskinstance.py:2648} INFO - Exporting env vars: AIRFLOW_CTX_DAG_OWNER='airflow' AIRFLOW_CTX_DAG_ID='market_etl' AIRFLOW_CTX_TASK_ID='flatten_market_data' AIRFLOW_CTX_EXECUTION_DATE='2024-07-02T06:15:00+00:00' AIRFLOW_CTX_TRY_NUMBER='1' AIRFLOW_CTX_DAG_RUN_ID='scheduled__2024-07-02T06:15:00+00:00'
[2024-07-11T08:19:58.541+0000] {taskinstance.py:430} INFO - ::endgroup::
[2024-07-11T08:19:58.551+0000] {python.py:237} INFO - Done. Returned value was:       Symbol  ...  Close_Date
0       ADBL  ...  2024-07-10
1    ADBLD83  ...  2024-07-10
2        AHL  ...  2024-07-10
3       AHPC  ...  2024-07-10
4      AKJCL  ...  2024-07-10
..       ...  ...         ...
316     USHL  ...  2024-07-10
317     USLB  ...  2024-07-10
318     VLBS  ...  2024-07-10
319    VLUCL  ...  2024-07-10
320     WNLB  ...  2024-07-10

[321 rows x 15 columns]
[2024-07-11T08:19:58.567+0000] {taskinstance.py:441} INFO - ::group::Post task execution logs
[2024-07-11T08:19:58.626+0000] {taskinstance.py:1206} INFO - Marking task as SUCCESS. dag_id=market_etl, task_id=flatten_market_data, run_id=scheduled__2024-07-02T06:15:00+00:00, execution_date=20240702T061500, start_date=20240711T081958, end_date=20240711T081958
[2024-07-11T08:19:58.673+0000] {local_task_job_runner.py:240} INFO - Task exited with return code 0
[2024-07-11T08:19:58.704+0000] {taskinstance.py:3503} INFO - 3 downstream tasks scheduled from follow-on schedule check
[2024-07-11T08:19:58.705+0000] {local_task_job_runner.py:222} INFO - ::endgroup::
