[2024-07-10T09:18:40.369+0000] {local_task_job_runner.py:120} INFO - ::group::Pre task execution logs
[2024-07-10T09:18:40.385+0000] {taskinstance.py:2076} INFO - Dependencies all met for dep_context=non-requeueable deps ti=<TaskInstance: market_etl.create_fact_table scheduled__2024-07-06T06:15:00+00:00 [queued]>
[2024-07-10T09:18:40.392+0000] {taskinstance.py:2076} INFO - Dependencies all met for dep_context=requeueable deps ti=<TaskInstance: market_etl.create_fact_table scheduled__2024-07-06T06:15:00+00:00 [queued]>
[2024-07-10T09:18:40.392+0000] {taskinstance.py:2306} INFO - Starting attempt 1 of 4
[2024-07-10T09:18:40.410+0000] {taskinstance.py:2330} INFO - Executing <Task(_PythonDecoratedOperator): create_fact_table> on 2024-07-06 06:15:00+00:00
[2024-07-10T09:18:40.430+0000] {warnings.py:112} WARNING - /home/airflow/.local/lib/python3.12/site-packages/airflow/task/task_runner/standard_task_runner.py:61: DeprecationWarning: This process (pid=222) is multi-threaded, use of fork() may lead to deadlocks in the child.
  pid = os.fork()

[2024-07-10T09:18:40.432+0000] {standard_task_runner.py:63} INFO - Started process 230 to run task
[2024-07-10T09:18:40.435+0000] {standard_task_runner.py:90} INFO - Running: ['airflow', 'tasks', 'run', 'market_etl', 'create_fact_table', 'scheduled__2024-07-06T06:15:00+00:00', '--job-id', '384', '--raw', '--subdir', 'DAGS_FOLDER/etl.py', '--cfg-path', '/tmp/tmp86tswwyj']
[2024-07-10T09:18:40.438+0000] {standard_task_runner.py:91} INFO - Job 384: Subtask create_fact_table
[2024-07-10T09:18:40.517+0000] {task_command.py:426} INFO - Running <TaskInstance: market_etl.create_fact_table scheduled__2024-07-06T06:15:00+00:00 [running]> on host 514b016b59c3
[2024-07-10T09:18:40.793+0000] {taskinstance.py:2648} INFO - Exporting env vars: AIRFLOW_CTX_DAG_OWNER='airflow' AIRFLOW_CTX_DAG_ID='market_etl' AIRFLOW_CTX_TASK_ID='create_fact_table' AIRFLOW_CTX_EXECUTION_DATE='2024-07-06T06:15:00+00:00' AIRFLOW_CTX_TRY_NUMBER='1' AIRFLOW_CTX_DAG_RUN_ID='scheduled__2024-07-06T06:15:00+00:00'
[2024-07-10T09:18:40.797+0000] {taskinstance.py:430} INFO - ::endgroup::
[2024-07-10T09:18:40.808+0000] {python.py:237} INFO - Done. Returned value was:    SECURITY_ID BUSINESS_DATE  ...            STOCK_ID                     PRICE_ID
0         ADBL    2024-07-09  ...     ADBL_2024-07-09     ADBL_2024-07-09 00:00:00
1      ADBLD83    2024-07-09  ...  ADBLD83_2024-07-09  ADBLD83_2024-07-09 00:00:00
2          AHL    2024-07-09  ...      AHL_2024-07-09      AHL_2024-07-09 00:00:00
3         AHPC    2024-07-09  ...     AHPC_2024-07-09     AHPC_2024-07-09 00:00:00
4        AKJCL    2024-07-09  ...    AKJCL_2024-07-09    AKJCL_2024-07-09 00:00:00
5         AKPL    2024-07-09  ...     AKPL_2024-07-09     AKPL_2024-07-09 00:00:00
6        ALBSL    2024-07-09  ...    ALBSL_2024-07-09    ALBSL_2024-07-09 00:00:00
7        ALICL    2024-07-09  ...    ALICL_2024-07-09    ALICL_2024-07-09 00:00:00
8         ANLB    2024-07-09  ...     ANLB_2024-07-09     ANLB_2024-07-09 00:00:00
9          API    2024-07-09  ...      API_2024-07-09      API_2024-07-09 00:00:00
10       AVYAN    2024-07-09  ...    AVYAN_2024-07-09    AVYAN_2024-07-09 00:00:00
11       BARUN    2024-07-09  ...    BARUN_2024-07-09    BARUN_2024-07-09 00:00:00
12         BBC    2024-07-09  ...      BBC_2024-07-09      BBC_2024-07-09 00:00:00
13        BEDC    2024-07-09  ...     BEDC_2024-07-09     BEDC_2024-07-09 00:00:00
14         BFC    2024-07-09  ...      BFC_2024-07-09      BFC_2024-07-09 00:00:00
15        BGWT    2024-07-09  ...     BGWT_2024-07-09     BGWT_2024-07-09 00:00:00
16        BHDC    2024-07-09  ...     BHDC_2024-07-09     BHDC_2024-07-09 00:00:00
17         BHL    2024-07-09  ...      BHL_2024-07-09      BHL_2024-07-09 00:00:00
18        BHPL    2024-07-09  ...     BHPL_2024-07-09     BHPL_2024-07-09 00:00:00

[19 rows x 9 columns]
[2024-07-10T09:18:40.818+0000] {taskinstance.py:441} INFO - ::group::Post task execution logs
[2024-07-10T09:18:40.868+0000] {taskinstance.py:1206} INFO - Marking task as SUCCESS. dag_id=market_etl, task_id=create_fact_table, run_id=scheduled__2024-07-06T06:15:00+00:00, execution_date=20240706T061500, start_date=20240710T091840, end_date=20240710T091840
[2024-07-10T09:18:40.903+0000] {local_task_job_runner.py:240} INFO - Task exited with return code 0
[2024-07-10T09:18:40.947+0000] {taskinstance.py:3503} INFO - 0 downstream tasks scheduled from follow-on schedule check
[2024-07-10T09:18:40.948+0000] {local_task_job_runner.py:222} INFO - ::endgroup::
[2024-07-10T14:20:22.305+0000] {local_task_job_runner.py:120} INFO - ::group::Pre task execution logs
[2024-07-10T14:20:22.334+0000] {taskinstance.py:2076} INFO - Dependencies all met for dep_context=non-requeueable deps ti=<TaskInstance: market_etl.create_fact_table scheduled__2024-07-06T06:15:00+00:00 [queued]>
[2024-07-10T14:20:22.342+0000] {taskinstance.py:2076} INFO - Dependencies all met for dep_context=requeueable deps ti=<TaskInstance: market_etl.create_fact_table scheduled__2024-07-06T06:15:00+00:00 [queued]>
[2024-07-10T14:20:22.343+0000] {taskinstance.py:2306} INFO - Starting attempt 1 of 4
[2024-07-10T14:20:22.351+0000] {taskinstance.py:2330} INFO - Executing <Task(_PythonDecoratedOperator): create_fact_table> on 2024-07-06 06:15:00+00:00
[2024-07-10T14:20:22.356+0000] {warnings.py:112} WARNING - /home/airflow/.local/lib/python3.12/site-packages/airflow/task/task_runner/standard_task_runner.py:61: DeprecationWarning: This process (pid=293) is multi-threaded, use of fork() may lead to deadlocks in the child.
  pid = os.fork()

[2024-07-10T14:20:22.357+0000] {standard_task_runner.py:63} INFO - Started process 299 to run task
[2024-07-10T14:20:22.358+0000] {standard_task_runner.py:90} INFO - Running: ['airflow', 'tasks', 'run', 'market_etl', 'create_fact_table', 'scheduled__2024-07-06T06:15:00+00:00', '--job-id', '788', '--raw', '--subdir', 'DAGS_FOLDER/etl.py', '--cfg-path', '/tmp/tmp_0gckph2']
[2024-07-10T14:20:22.359+0000] {standard_task_runner.py:91} INFO - Job 788: Subtask create_fact_table
[2024-07-10T14:20:22.424+0000] {task_command.py:426} INFO - Running <TaskInstance: market_etl.create_fact_table scheduled__2024-07-06T06:15:00+00:00 [running]> on host 514b016b59c3
[2024-07-10T14:20:22.633+0000] {taskinstance.py:2648} INFO - Exporting env vars: AIRFLOW_CTX_DAG_OWNER='airflow' AIRFLOW_CTX_DAG_ID='market_etl' AIRFLOW_CTX_TASK_ID='create_fact_table' AIRFLOW_CTX_EXECUTION_DATE='2024-07-06T06:15:00+00:00' AIRFLOW_CTX_TRY_NUMBER='1' AIRFLOW_CTX_DAG_RUN_ID='scheduled__2024-07-06T06:15:00+00:00'
[2024-07-10T14:20:22.635+0000] {taskinstance.py:430} INFO - ::endgroup::
[2024-07-10T14:20:22.644+0000] {python.py:237} INFO - Done. Returned value was:     SECURITY_ID  ...                                           PRICE_ID
0          ADBL  ...  ADBL_<bound method Timestamp.date of Timestamp...
1           AHL  ...  AHL_<bound method Timestamp.date of Timestamp(...
2          AHPC  ...  AHPC_<bound method Timestamp.date of Timestamp...
3         AKJCL  ...  AKJCL_<bound method Timestamp.date of Timestam...
4          AKPL  ...  AKPL_<bound method Timestamp.date of Timestamp...
..          ...  ...                                                ...
310        USHL  ...  USHL_<bound method Timestamp.date of Timestamp...
311        USLB  ...  USLB_<bound method Timestamp.date of Timestamp...
312        VLBS  ...  VLBS_<bound method Timestamp.date of Timestamp...
313       VLUCL  ...  VLUCL_<bound method Timestamp.date of Timestam...
314        WNLB  ...  WNLB_<bound method Timestamp.date of Timestamp...

[315 rows x 9 columns]
[2024-07-10T14:20:22.654+0000] {taskinstance.py:441} INFO - ::group::Post task execution logs
[2024-07-10T14:20:22.699+0000] {taskinstance.py:1206} INFO - Marking task as SUCCESS. dag_id=market_etl, task_id=create_fact_table, run_id=scheduled__2024-07-06T06:15:00+00:00, execution_date=20240706T061500, start_date=20240710T142022, end_date=20240710T142022
[2024-07-10T14:20:22.740+0000] {local_task_job_runner.py:240} INFO - Task exited with return code 0
[2024-07-10T14:20:22.762+0000] {taskinstance.py:3503} INFO - 0 downstream tasks scheduled from follow-on schedule check
[2024-07-10T14:20:22.763+0000] {local_task_job_runner.py:222} INFO - ::endgroup::
[2024-07-11T08:21:58.970+0000] {local_task_job_runner.py:120} INFO - ::group::Pre task execution logs
[2024-07-11T08:21:59.017+0000] {taskinstance.py:2076} INFO - Dependencies all met for dep_context=non-requeueable deps ti=<TaskInstance: market_etl.create_fact_table scheduled__2024-07-06T06:15:00+00:00 [queued]>
[2024-07-11T08:21:59.029+0000] {taskinstance.py:2076} INFO - Dependencies all met for dep_context=requeueable deps ti=<TaskInstance: market_etl.create_fact_table scheduled__2024-07-06T06:15:00+00:00 [queued]>
[2024-07-11T08:21:59.029+0000] {taskinstance.py:2306} INFO - Starting attempt 1 of 4
[2024-07-11T08:21:59.053+0000] {taskinstance.py:2330} INFO - Executing <Task(_PythonDecoratedOperator): create_fact_table> on 2024-07-06 06:15:00+00:00
[2024-07-11T08:21:59.069+0000] {warnings.py:112} WARNING - /home/airflow/.local/lib/python3.12/site-packages/airflow/task/task_runner/standard_task_runner.py:61: DeprecationWarning: This process (pid=1304) is multi-threaded, use of fork() may lead to deadlocks in the child.
  pid = os.fork()

[2024-07-11T08:21:59.071+0000] {standard_task_runner.py:63} INFO - Started process 1308 to run task
[2024-07-11T08:21:59.075+0000] {standard_task_runner.py:90} INFO - Running: ['airflow', 'tasks', 'run', 'market_etl', 'create_fact_table', 'scheduled__2024-07-06T06:15:00+00:00', '--job-id', '1197', '--raw', '--subdir', 'DAGS_FOLDER/etl.py', '--cfg-path', '/tmp/tmpztxyprsm']
[2024-07-11T08:21:59.079+0000] {standard_task_runner.py:91} INFO - Job 1197: Subtask create_fact_table
[2024-07-11T08:21:59.188+0000] {task_command.py:426} INFO - Running <TaskInstance: market_etl.create_fact_table scheduled__2024-07-06T06:15:00+00:00 [running]> on host aa283b53dd54
[2024-07-11T08:21:59.424+0000] {taskinstance.py:2648} INFO - Exporting env vars: AIRFLOW_CTX_DAG_OWNER='airflow' AIRFLOW_CTX_DAG_ID='market_etl' AIRFLOW_CTX_TASK_ID='create_fact_table' AIRFLOW_CTX_EXECUTION_DATE='2024-07-06T06:15:00+00:00' AIRFLOW_CTX_TRY_NUMBER='1' AIRFLOW_CTX_DAG_RUN_ID='scheduled__2024-07-06T06:15:00+00:00'
[2024-07-11T08:21:59.426+0000] {taskinstance.py:430} INFO - ::endgroup::
[2024-07-11T08:21:59.433+0000] {python.py:237} INFO - Done. Returned value was:     SECURITY_ID BUSINESS_DATE  ...            STOCK_ID            PRICE_ID
0          ADBL    2024-07-10  ...     ADBL_2024-07-10     ADBL_2024-07-10
1       ADBLD83    2024-07-10  ...  ADBLD83_2024-07-10  ADBLD83_2024-07-10
2           AHL    2024-07-10  ...      AHL_2024-07-10      AHL_2024-07-10
3          AHPC    2024-07-10  ...     AHPC_2024-07-10     AHPC_2024-07-10
4         AKJCL    2024-07-10  ...    AKJCL_2024-07-10    AKJCL_2024-07-10
..          ...           ...  ...                 ...                 ...
316        USHL    2024-07-10  ...     USHL_2024-07-10     USHL_2024-07-10
317        USLB    2024-07-10  ...     USLB_2024-07-10     USLB_2024-07-10
318        VLBS    2024-07-10  ...     VLBS_2024-07-10     VLBS_2024-07-10
319       VLUCL    2024-07-10  ...    VLUCL_2024-07-10    VLUCL_2024-07-10
320        WNLB    2024-07-10  ...     WNLB_2024-07-10     WNLB_2024-07-10

[321 rows x 9 columns]
[2024-07-11T08:21:59.442+0000] {taskinstance.py:441} INFO - ::group::Post task execution logs
[2024-07-11T08:21:59.471+0000] {taskinstance.py:1206} INFO - Marking task as SUCCESS. dag_id=market_etl, task_id=create_fact_table, run_id=scheduled__2024-07-06T06:15:00+00:00, execution_date=20240706T061500, start_date=20240711T082159, end_date=20240711T082159
[2024-07-11T08:21:59.503+0000] {local_task_job_runner.py:240} INFO - Task exited with return code 0
[2024-07-11T08:21:59.535+0000] {local_task_job_runner.py:222} INFO - ::endgroup::
