[2024-07-10T09:13:56.405+0000] {local_task_job_runner.py:120} INFO - ::group::Pre task execution logs
[2024-07-10T09:13:56.438+0000] {taskinstance.py:2076} INFO - Dependencies all met for dep_context=non-requeueable deps ti=<TaskInstance: market_etl.load_data_to_postgres scheduled__2024-06-27T06:15:00+00:00 [queued]>
[2024-07-10T09:13:56.445+0000] {taskinstance.py:2076} INFO - Dependencies all met for dep_context=requeueable deps ti=<TaskInstance: market_etl.load_data_to_postgres scheduled__2024-06-27T06:15:00+00:00 [queued]>
[2024-07-10T09:13:56.445+0000] {taskinstance.py:2306} INFO - Starting attempt 1 of 4
[2024-07-10T09:13:56.455+0000] {taskinstance.py:2330} INFO - Executing <Task(_PythonDecoratedOperator): load_data_to_postgres> on 2024-06-27 06:15:00+00:00
[2024-07-10T09:13:56.464+0000] {warnings.py:112} WARNING - /home/airflow/.local/lib/python3.12/site-packages/airflow/task/task_runner/standard_task_runner.py:61: DeprecationWarning: This process (pid=370) is multi-threaded, use of fork() may lead to deadlocks in the child.
  pid = os.fork()

[2024-07-10T09:13:56.465+0000] {standard_task_runner.py:63} INFO - Started process 372 to run task
[2024-07-10T09:13:56.466+0000] {standard_task_runner.py:90} INFO - Running: ['airflow', 'tasks', 'run', 'market_etl', 'load_data_to_postgres', 'scheduled__2024-06-27T06:15:00+00:00', '--job-id', '314', '--raw', '--subdir', 'DAGS_FOLDER/etl.py', '--cfg-path', '/tmp/tmpoamdxry_']
[2024-07-10T09:13:56.468+0000] {standard_task_runner.py:91} INFO - Job 314: Subtask load_data_to_postgres
[2024-07-10T09:13:56.528+0000] {task_command.py:426} INFO - Running <TaskInstance: market_etl.load_data_to_postgres scheduled__2024-06-27T06:15:00+00:00 [running]> on host 514b016b59c3
[2024-07-10T09:13:56.773+0000] {taskinstance.py:2648} INFO - Exporting env vars: AIRFLOW_CTX_DAG_OWNER='airflow' AIRFLOW_CTX_DAG_ID='market_etl' AIRFLOW_CTX_TASK_ID='load_data_to_postgres' AIRFLOW_CTX_EXECUTION_DATE='2024-06-27T06:15:00+00:00' AIRFLOW_CTX_TRY_NUMBER='1' AIRFLOW_CTX_DAG_RUN_ID='scheduled__2024-06-27T06:15:00+00:00'
[2024-07-10T09:13:56.774+0000] {taskinstance.py:430} INFO - ::endgroup::
[2024-07-10T09:13:56.796+0000] {base.py:84} INFO - Using connection ID 'market_database_conn' for task execution.
[2024-07-10T09:13:56.979+0000] {python.py:237} INFO - Done. Returned value was: None
[2024-07-10T09:13:56.980+0000] {taskinstance.py:441} INFO - ::group::Post task execution logs
[2024-07-10T09:13:56.991+0000] {taskinstance.py:1206} INFO - Marking task as SUCCESS. dag_id=market_etl, task_id=load_data_to_postgres, run_id=scheduled__2024-06-27T06:15:00+00:00, execution_date=20240627T061500, start_date=20240710T091356, end_date=20240710T091356
[2024-07-10T09:13:57.024+0000] {local_task_job_runner.py:240} INFO - Task exited with return code 0
[2024-07-10T09:13:57.044+0000] {taskinstance.py:3503} INFO - 0 downstream tasks scheduled from follow-on schedule check
[2024-07-10T09:13:57.045+0000] {local_task_job_runner.py:222} INFO - ::endgroup::
[2024-07-10T09:23:03.774+0000] {local_task_job_runner.py:120} INFO - ::group::Pre task execution logs
[2024-07-10T09:23:03.816+0000] {taskinstance.py:2076} INFO - Dependencies all met for dep_context=non-requeueable deps ti=<TaskInstance: market_etl.load_data_to_postgres scheduled__2024-06-27T06:15:00+00:00 [queued]>
[2024-07-10T09:23:03.822+0000] {taskinstance.py:2076} INFO - Dependencies all met for dep_context=requeueable deps ti=<TaskInstance: market_etl.load_data_to_postgres scheduled__2024-06-27T06:15:00+00:00 [queued]>
[2024-07-10T09:23:03.822+0000] {taskinstance.py:2306} INFO - Starting attempt 1 of 4
[2024-07-10T09:23:03.831+0000] {taskinstance.py:2330} INFO - Executing <Task(_PythonDecoratedOperator): load_data_to_postgres> on 2024-06-27 06:15:00+00:00
[2024-07-10T09:23:03.840+0000] {warnings.py:112} WARNING - /home/airflow/.local/lib/python3.12/site-packages/airflow/task/task_runner/standard_task_runner.py:61: DeprecationWarning: This process (pid=376) is multi-threaded, use of fork() may lead to deadlocks in the child.
  pid = os.fork()

[2024-07-10T09:23:03.842+0000] {standard_task_runner.py:63} INFO - Started process 378 to run task
[2024-07-10T09:23:03.844+0000] {standard_task_runner.py:90} INFO - Running: ['airflow', 'tasks', 'run', 'market_etl', 'load_data_to_postgres', 'scheduled__2024-06-27T06:15:00+00:00', '--job-id', '437', '--raw', '--subdir', 'DAGS_FOLDER/etl.py', '--cfg-path', '/tmp/tmpp14q9hkr']
[2024-07-10T09:23:03.846+0000] {standard_task_runner.py:91} INFO - Job 437: Subtask load_data_to_postgres
[2024-07-10T09:23:03.920+0000] {task_command.py:426} INFO - Running <TaskInstance: market_etl.load_data_to_postgres scheduled__2024-06-27T06:15:00+00:00 [running]> on host 514b016b59c3
[2024-07-10T09:23:04.157+0000] {taskinstance.py:2648} INFO - Exporting env vars: AIRFLOW_CTX_DAG_OWNER='airflow' AIRFLOW_CTX_DAG_ID='market_etl' AIRFLOW_CTX_TASK_ID='load_data_to_postgres' AIRFLOW_CTX_EXECUTION_DATE='2024-06-27T06:15:00+00:00' AIRFLOW_CTX_TRY_NUMBER='1' AIRFLOW_CTX_DAG_RUN_ID='scheduled__2024-06-27T06:15:00+00:00'
[2024-07-10T09:23:04.159+0000] {taskinstance.py:430} INFO - ::endgroup::
[2024-07-10T09:23:04.170+0000] {base.py:84} INFO - Using connection ID 'market_database_conn' for task execution.
[2024-07-10T09:23:04.252+0000] {python.py:237} INFO - Done. Returned value was: None
[2024-07-10T09:23:04.252+0000] {taskinstance.py:441} INFO - ::group::Post task execution logs
[2024-07-10T09:23:04.284+0000] {taskinstance.py:1206} INFO - Marking task as SUCCESS. dag_id=market_etl, task_id=load_data_to_postgres, run_id=scheduled__2024-06-27T06:15:00+00:00, execution_date=20240627T061500, start_date=20240710T092303, end_date=20240710T092304
[2024-07-10T09:23:04.313+0000] {local_task_job_runner.py:240} INFO - Task exited with return code 0
[2024-07-10T09:23:04.401+0000] {taskinstance.py:3503} INFO - 0 downstream tasks scheduled from follow-on schedule check
[2024-07-10T09:23:04.404+0000] {local_task_job_runner.py:222} INFO - ::endgroup::
[2024-07-10T09:52:45.849+0000] {local_task_job_runner.py:120} INFO - ::group::Pre task execution logs
[2024-07-10T09:52:45.867+0000] {taskinstance.py:2076} INFO - Dependencies all met for dep_context=non-requeueable deps ti=<TaskInstance: market_etl.load_data_to_postgres scheduled__2024-06-27T06:15:00+00:00 [queued]>
[2024-07-10T09:52:45.873+0000] {taskinstance.py:2076} INFO - Dependencies all met for dep_context=requeueable deps ti=<TaskInstance: market_etl.load_data_to_postgres scheduled__2024-06-27T06:15:00+00:00 [queued]>
[2024-07-10T09:52:45.874+0000] {taskinstance.py:2306} INFO - Starting attempt 1 of 4
[2024-07-10T09:52:45.883+0000] {taskinstance.py:2330} INFO - Executing <Task(_PythonDecoratedOperator): load_data_to_postgres> on 2024-06-27 06:15:00+00:00
[2024-07-10T09:52:45.894+0000] {warnings.py:112} WARNING - /home/airflow/.local/lib/python3.12/site-packages/airflow/task/task_runner/standard_task_runner.py:61: DeprecationWarning: This process (pid=369) is multi-threaded, use of fork() may lead to deadlocks in the child.
  pid = os.fork()

[2024-07-10T09:52:45.895+0000] {standard_task_runner.py:63} INFO - Started process 371 to run task
[2024-07-10T09:52:45.896+0000] {standard_task_runner.py:90} INFO - Running: ['airflow', 'tasks', 'run', 'market_etl', 'load_data_to_postgres', 'scheduled__2024-06-27T06:15:00+00:00', '--job-id', '563', '--raw', '--subdir', 'DAGS_FOLDER/etl.py', '--cfg-path', '/tmp/tmppimsnmkl']
[2024-07-10T09:52:45.897+0000] {standard_task_runner.py:91} INFO - Job 563: Subtask load_data_to_postgres
[2024-07-10T09:52:45.942+0000] {task_command.py:426} INFO - Running <TaskInstance: market_etl.load_data_to_postgres scheduled__2024-06-27T06:15:00+00:00 [running]> on host 514b016b59c3
[2024-07-10T09:52:46.134+0000] {taskinstance.py:2648} INFO - Exporting env vars: AIRFLOW_CTX_DAG_OWNER='airflow' AIRFLOW_CTX_DAG_ID='market_etl' AIRFLOW_CTX_TASK_ID='load_data_to_postgres' AIRFLOW_CTX_EXECUTION_DATE='2024-06-27T06:15:00+00:00' AIRFLOW_CTX_TRY_NUMBER='1' AIRFLOW_CTX_DAG_RUN_ID='scheduled__2024-06-27T06:15:00+00:00'
[2024-07-10T09:52:46.135+0000] {taskinstance.py:430} INFO - ::endgroup::
[2024-07-10T09:52:46.144+0000] {base.py:84} INFO - Using connection ID 'market_database_conn' for task execution.
[2024-07-10T09:52:46.210+0000] {python.py:237} INFO - Done. Returned value was: None
[2024-07-10T09:52:46.210+0000] {taskinstance.py:441} INFO - ::group::Post task execution logs
[2024-07-10T09:52:46.221+0000] {taskinstance.py:1206} INFO - Marking task as SUCCESS. dag_id=market_etl, task_id=load_data_to_postgres, run_id=scheduled__2024-06-27T06:15:00+00:00, execution_date=20240627T061500, start_date=20240710T095245, end_date=20240710T095246
[2024-07-10T09:52:46.244+0000] {local_task_job_runner.py:240} INFO - Task exited with return code 0
[2024-07-10T09:52:46.258+0000] {taskinstance.py:3503} INFO - 0 downstream tasks scheduled from follow-on schedule check
[2024-07-10T09:52:46.259+0000] {local_task_job_runner.py:222} INFO - ::endgroup::
[2024-07-10T10:02:44.828+0000] {local_task_job_runner.py:120} INFO - ::group::Pre task execution logs
[2024-07-10T10:02:44.917+0000] {taskinstance.py:2076} INFO - Dependencies all met for dep_context=non-requeueable deps ti=<TaskInstance: market_etl.load_data_to_postgres scheduled__2024-06-27T06:15:00+00:00 [queued]>
[2024-07-10T10:02:44.969+0000] {taskinstance.py:2076} INFO - Dependencies all met for dep_context=requeueable deps ti=<TaskInstance: market_etl.load_data_to_postgres scheduled__2024-06-27T06:15:00+00:00 [queued]>
[2024-07-10T10:02:44.972+0000] {taskinstance.py:2306} INFO - Starting attempt 1 of 4
[2024-07-10T10:02:45.011+0000] {taskinstance.py:2330} INFO - Executing <Task(_PythonDecoratedOperator): load_data_to_postgres> on 2024-06-27 06:15:00+00:00
[2024-07-10T10:02:45.104+0000] {warnings.py:112} WARNING - /home/airflow/.local/lib/python3.12/site-packages/airflow/task/task_runner/standard_task_runner.py:61: DeprecationWarning: This process (pid=376) is multi-threaded, use of fork() may lead to deadlocks in the child.
  pid = os.fork()

[2024-07-10T10:02:45.108+0000] {standard_task_runner.py:63} INFO - Started process 378 to run task
[2024-07-10T10:02:45.119+0000] {standard_task_runner.py:90} INFO - Running: ['airflow', 'tasks', 'run', 'market_etl', 'load_data_to_postgres', 'scheduled__2024-06-27T06:15:00+00:00', '--job-id', '649', '--raw', '--subdir', 'DAGS_FOLDER/etl.py', '--cfg-path', '/tmp/tmpbzwmsc5b']
[2024-07-10T10:02:45.141+0000] {standard_task_runner.py:91} INFO - Job 649: Subtask load_data_to_postgres
[2024-07-10T10:02:45.219+0000] {task_command.py:426} INFO - Running <TaskInstance: market_etl.load_data_to_postgres scheduled__2024-06-27T06:15:00+00:00 [running]> on host 514b016b59c3
[2024-07-10T10:02:45.468+0000] {taskinstance.py:2648} INFO - Exporting env vars: AIRFLOW_CTX_DAG_OWNER='airflow' AIRFLOW_CTX_DAG_ID='market_etl' AIRFLOW_CTX_TASK_ID='load_data_to_postgres' AIRFLOW_CTX_EXECUTION_DATE='2024-06-27T06:15:00+00:00' AIRFLOW_CTX_TRY_NUMBER='1' AIRFLOW_CTX_DAG_RUN_ID='scheduled__2024-06-27T06:15:00+00:00'
[2024-07-10T10:02:45.470+0000] {taskinstance.py:430} INFO - ::endgroup::
[2024-07-10T10:02:45.481+0000] {base.py:84} INFO - Using connection ID 'market_database_conn' for task execution.
[2024-07-10T10:02:45.550+0000] {python.py:237} INFO - Done. Returned value was: None
[2024-07-10T10:02:45.550+0000] {taskinstance.py:441} INFO - ::group::Post task execution logs
[2024-07-10T10:02:45.560+0000] {taskinstance.py:1206} INFO - Marking task as SUCCESS. dag_id=market_etl, task_id=load_data_to_postgres, run_id=scheduled__2024-06-27T06:15:00+00:00, execution_date=20240627T061500, start_date=20240710T100244, end_date=20240710T100245
[2024-07-10T10:02:45.593+0000] {local_task_job_runner.py:240} INFO - Task exited with return code 0
[2024-07-10T10:02:45.629+0000] {taskinstance.py:3503} INFO - 0 downstream tasks scheduled from follow-on schedule check
[2024-07-10T10:02:45.630+0000] {local_task_job_runner.py:222} INFO - ::endgroup::
[2024-07-10T11:02:21.487+0000] {local_task_job_runner.py:120} INFO - ::group::Pre task execution logs
[2024-07-10T11:02:21.517+0000] {taskinstance.py:2076} INFO - Dependencies all met for dep_context=non-requeueable deps ti=<TaskInstance: market_etl.load_data_to_postgres scheduled__2024-06-27T06:15:00+00:00 [queued]>
[2024-07-10T11:02:21.532+0000] {taskinstance.py:2076} INFO - Dependencies all met for dep_context=requeueable deps ti=<TaskInstance: market_etl.load_data_to_postgres scheduled__2024-06-27T06:15:00+00:00 [queued]>
[2024-07-10T11:02:21.532+0000] {taskinstance.py:2306} INFO - Starting attempt 1 of 4
[2024-07-10T11:02:21.542+0000] {taskinstance.py:2330} INFO - Executing <Task(_PythonDecoratedOperator): load_data_to_postgres> on 2024-06-27 06:15:00+00:00
[2024-07-10T11:02:21.554+0000] {warnings.py:112} WARNING - /home/airflow/.local/lib/python3.12/site-packages/airflow/task/task_runner/standard_task_runner.py:61: DeprecationWarning: This process (pid=407) is multi-threaded, use of fork() may lead to deadlocks in the child.
  pid = os.fork()

[2024-07-10T11:02:21.555+0000] {standard_task_runner.py:63} INFO - Started process 409 to run task
[2024-07-10T11:02:21.556+0000] {standard_task_runner.py:90} INFO - Running: ['airflow', 'tasks', 'run', 'market_etl', 'load_data_to_postgres', 'scheduled__2024-06-27T06:15:00+00:00', '--job-id', '715', '--raw', '--subdir', 'DAGS_FOLDER/etl.py', '--cfg-path', '/tmp/tmpym3g30vk']
[2024-07-10T11:02:21.558+0000] {standard_task_runner.py:91} INFO - Job 715: Subtask load_data_to_postgres
[2024-07-10T11:02:21.607+0000] {task_command.py:426} INFO - Running <TaskInstance: market_etl.load_data_to_postgres scheduled__2024-06-27T06:15:00+00:00 [running]> on host 514b016b59c3
[2024-07-10T11:02:21.932+0000] {taskinstance.py:2648} INFO - Exporting env vars: AIRFLOW_CTX_DAG_OWNER='airflow' AIRFLOW_CTX_DAG_ID='market_etl' AIRFLOW_CTX_TASK_ID='load_data_to_postgres' AIRFLOW_CTX_EXECUTION_DATE='2024-06-27T06:15:00+00:00' AIRFLOW_CTX_TRY_NUMBER='1' AIRFLOW_CTX_DAG_RUN_ID='scheduled__2024-06-27T06:15:00+00:00'
[2024-07-10T11:02:21.933+0000] {taskinstance.py:430} INFO - ::endgroup::
[2024-07-10T11:02:21.945+0000] {base.py:84} INFO - Using connection ID 'market_database_conn' for task execution.
[2024-07-10T11:02:22.032+0000] {python.py:237} INFO - Done. Returned value was: None
[2024-07-10T11:02:22.035+0000] {taskinstance.py:441} INFO - ::group::Post task execution logs
[2024-07-10T11:02:22.054+0000] {taskinstance.py:1206} INFO - Marking task as SUCCESS. dag_id=market_etl, task_id=load_data_to_postgres, run_id=scheduled__2024-06-27T06:15:00+00:00, execution_date=20240627T061500, start_date=20240710T110221, end_date=20240710T110222
[2024-07-10T11:02:22.092+0000] {local_task_job_runner.py:240} INFO - Task exited with return code 0
[2024-07-10T11:02:22.110+0000] {taskinstance.py:3503} INFO - 0 downstream tasks scheduled from follow-on schedule check
[2024-07-10T11:02:22.111+0000] {local_task_job_runner.py:222} INFO - ::endgroup::
[2024-07-11T06:59:32.675+0000] {local_task_job_runner.py:120} INFO - ::group::Pre task execution logs
[2024-07-11T06:59:32.690+0000] {taskinstance.py:2076} INFO - Dependencies all met for dep_context=non-requeueable deps ti=<TaskInstance: market_etl.load_data_to_postgres scheduled__2024-06-27T06:15:00+00:00 [queued]>
[2024-07-11T06:59:32.709+0000] {taskinstance.py:2076} INFO - Dependencies all met for dep_context=requeueable deps ti=<TaskInstance: market_etl.load_data_to_postgres scheduled__2024-06-27T06:15:00+00:00 [queued]>
[2024-07-11T06:59:32.709+0000] {taskinstance.py:2306} INFO - Starting attempt 1 of 4
[2024-07-11T06:59:32.718+0000] {taskinstance.py:2330} INFO - Executing <Task(_PythonDecoratedOperator): load_data_to_postgres> on 2024-06-27 06:15:00+00:00
[2024-07-11T06:59:32.733+0000] {warnings.py:112} WARNING - /home/airflow/.local/lib/python3.12/site-packages/airflow/task/task_runner/standard_task_runner.py:61: DeprecationWarning: This process (pid=410) is multi-threaded, use of fork() may lead to deadlocks in the child.
  pid = os.fork()

[2024-07-11T06:59:32.739+0000] {standard_task_runner.py:63} INFO - Started process 412 to run task
[2024-07-11T06:59:32.742+0000] {standard_task_runner.py:90} INFO - Running: ['airflow', 'tasks', 'run', 'market_etl', 'load_data_to_postgres', 'scheduled__2024-06-27T06:15:00+00:00', '--job-id', '943', '--raw', '--subdir', 'DAGS_FOLDER/etl.py', '--cfg-path', '/tmp/tmp3t0yx2g2']
[2024-07-11T06:59:32.746+0000] {standard_task_runner.py:91} INFO - Job 943: Subtask load_data_to_postgres
[2024-07-11T06:59:32.799+0000] {task_command.py:426} INFO - Running <TaskInstance: market_etl.load_data_to_postgres scheduled__2024-06-27T06:15:00+00:00 [running]> on host aa283b53dd54
[2024-07-11T06:59:33.033+0000] {taskinstance.py:2648} INFO - Exporting env vars: AIRFLOW_CTX_DAG_OWNER='airflow' AIRFLOW_CTX_DAG_ID='market_etl' AIRFLOW_CTX_TASK_ID='load_data_to_postgres' AIRFLOW_CTX_EXECUTION_DATE='2024-06-27T06:15:00+00:00' AIRFLOW_CTX_TRY_NUMBER='1' AIRFLOW_CTX_DAG_RUN_ID='scheduled__2024-06-27T06:15:00+00:00'
[2024-07-11T06:59:33.034+0000] {taskinstance.py:430} INFO - ::endgroup::
[2024-07-11T06:59:33.045+0000] {base.py:84} INFO - Using connection ID 'market_database_conn' for task execution.
[2024-07-11T06:59:33.171+0000] {python.py:237} INFO - Done. Returned value was: None
[2024-07-11T06:59:33.172+0000] {taskinstance.py:441} INFO - ::group::Post task execution logs
[2024-07-11T06:59:33.182+0000] {taskinstance.py:1206} INFO - Marking task as SUCCESS. dag_id=market_etl, task_id=load_data_to_postgres, run_id=scheduled__2024-06-27T06:15:00+00:00, execution_date=20240627T061500, start_date=20240711T065932, end_date=20240711T065933
[2024-07-11T06:59:33.218+0000] {local_task_job_runner.py:240} INFO - Task exited with return code 0
[2024-07-11T06:59:33.240+0000] {taskinstance.py:3503} INFO - 4 downstream tasks scheduled from follow-on schedule check
[2024-07-11T06:59:33.241+0000] {local_task_job_runner.py:222} INFO - ::endgroup::
[2024-07-11T08:14:51.316+0000] {local_task_job_runner.py:120} INFO - ::group::Pre task execution logs
[2024-07-11T08:14:51.336+0000] {taskinstance.py:2076} INFO - Dependencies all met for dep_context=non-requeueable deps ti=<TaskInstance: market_etl.load_data_to_postgres scheduled__2024-06-27T06:15:00+00:00 [queued]>
[2024-07-11T08:14:51.344+0000] {taskinstance.py:2076} INFO - Dependencies all met for dep_context=requeueable deps ti=<TaskInstance: market_etl.load_data_to_postgres scheduled__2024-06-27T06:15:00+00:00 [queued]>
[2024-07-11T08:14:51.345+0000] {taskinstance.py:2306} INFO - Starting attempt 1 of 4
[2024-07-11T08:14:51.355+0000] {taskinstance.py:2330} INFO - Executing <Task(_PythonDecoratedOperator): load_data_to_postgres> on 2024-06-27 06:15:00+00:00
[2024-07-11T08:14:51.375+0000] {warnings.py:112} WARNING - /home/airflow/.local/lib/python3.12/site-packages/airflow/task/task_runner/standard_task_runner.py:61: DeprecationWarning: This process (pid=1554) is multi-threaded, use of fork() may lead to deadlocks in the child.
  pid = os.fork()

[2024-07-11T08:14:51.379+0000] {standard_task_runner.py:63} INFO - Started process 1556 to run task
[2024-07-11T08:14:51.381+0000] {standard_task_runner.py:90} INFO - Running: ['airflow', 'tasks', 'run', 'market_etl', 'load_data_to_postgres', 'scheduled__2024-06-27T06:15:00+00:00', '--job-id', '1079', '--raw', '--subdir', 'DAGS_FOLDER/etl.py', '--cfg-path', '/tmp/tmp8l6i_w92']
[2024-07-11T08:14:51.384+0000] {standard_task_runner.py:91} INFO - Job 1079: Subtask load_data_to_postgres
[2024-07-11T08:14:51.448+0000] {task_command.py:426} INFO - Running <TaskInstance: market_etl.load_data_to_postgres scheduled__2024-06-27T06:15:00+00:00 [running]> on host aa283b53dd54
[2024-07-11T08:14:51.812+0000] {taskinstance.py:2648} INFO - Exporting env vars: AIRFLOW_CTX_DAG_OWNER='airflow' AIRFLOW_CTX_DAG_ID='market_etl' AIRFLOW_CTX_TASK_ID='load_data_to_postgres' AIRFLOW_CTX_EXECUTION_DATE='2024-06-27T06:15:00+00:00' AIRFLOW_CTX_TRY_NUMBER='1' AIRFLOW_CTX_DAG_RUN_ID='scheduled__2024-06-27T06:15:00+00:00'
[2024-07-11T08:14:51.815+0000] {taskinstance.py:430} INFO - ::endgroup::
[2024-07-11T08:14:51.847+0000] {base.py:84} INFO - Using connection ID 'market_database_conn' for task execution.
[2024-07-11T08:14:51.949+0000] {python.py:237} INFO - Done. Returned value was: None
[2024-07-11T08:14:51.950+0000] {taskinstance.py:441} INFO - ::group::Post task execution logs
[2024-07-11T08:14:51.961+0000] {taskinstance.py:1206} INFO - Marking task as SUCCESS. dag_id=market_etl, task_id=load_data_to_postgres, run_id=scheduled__2024-06-27T06:15:00+00:00, execution_date=20240627T061500, start_date=20240711T081451, end_date=20240711T081451
[2024-07-11T08:14:52.018+0000] {local_task_job_runner.py:240} INFO - Task exited with return code 0
[2024-07-11T08:14:52.057+0000] {taskinstance.py:3503} INFO - 4 downstream tasks scheduled from follow-on schedule check
[2024-07-11T08:14:52.058+0000] {local_task_job_runner.py:222} INFO - ::endgroup::
