[2024-07-10T09:15:38.593+0000] {local_task_job_runner.py:120} INFO - ::group::Pre task execution logs
[2024-07-10T09:15:38.608+0000] {taskinstance.py:2076} INFO - Dependencies all met for dep_context=non-requeueable deps ti=<TaskInstance: market_etl.flatten_market_data scheduled__2024-07-01T06:15:00+00:00 [queued]>
[2024-07-10T09:15:38.613+0000] {taskinstance.py:2076} INFO - Dependencies all met for dep_context=requeueable deps ti=<TaskInstance: market_etl.flatten_market_data scheduled__2024-07-01T06:15:00+00:00 [queued]>
[2024-07-10T09:15:38.613+0000] {taskinstance.py:2306} INFO - Starting attempt 1 of 4
[2024-07-10T09:15:38.621+0000] {taskinstance.py:2330} INFO - Executing <Task(_PythonDecoratedOperator): flatten_market_data> on 2024-07-01 06:15:00+00:00
[2024-07-10T09:15:38.627+0000] {warnings.py:112} WARNING - /home/airflow/.local/lib/python3.12/site-packages/airflow/task/task_runner/standard_task_runner.py:61: DeprecationWarning: This process (pid=640) is multi-threaded, use of fork() may lead to deadlocks in the child.
  pid = os.fork()

[2024-07-10T09:15:38.628+0000] {standard_task_runner.py:63} INFO - Started process 642 to run task
[2024-07-10T09:15:38.628+0000] {standard_task_runner.py:90} INFO - Running: ['airflow', 'tasks', 'run', 'market_etl', 'flatten_market_data', 'scheduled__2024-07-01T06:15:00+00:00', '--job-id', '340', '--raw', '--subdir', 'DAGS_FOLDER/etl.py', '--cfg-path', '/tmp/tmp549jvtg7']
[2024-07-10T09:15:38.630+0000] {standard_task_runner.py:91} INFO - Job 340: Subtask flatten_market_data
[2024-07-10T09:15:38.707+0000] {task_command.py:426} INFO - Running <TaskInstance: market_etl.flatten_market_data scheduled__2024-07-01T06:15:00+00:00 [running]> on host 514b016b59c3
[2024-07-10T09:15:38.845+0000] {taskinstance.py:2648} INFO - Exporting env vars: AIRFLOW_CTX_DAG_OWNER='airflow' AIRFLOW_CTX_DAG_ID='market_etl' AIRFLOW_CTX_TASK_ID='flatten_market_data' AIRFLOW_CTX_EXECUTION_DATE='2024-07-01T06:15:00+00:00' AIRFLOW_CTX_TRY_NUMBER='1' AIRFLOW_CTX_DAG_RUN_ID='scheduled__2024-07-01T06:15:00+00:00'
[2024-07-10T09:15:38.846+0000] {taskinstance.py:430} INFO - ::endgroup::
[2024-07-10T09:15:38.857+0000] {python.py:237} INFO - Done. Returned value was:     Symbol  ...  Close_Date
0     ADBL  ...  2024-07-09
1      AHL  ...  2024-07-09
2     AHPC  ...  2024-07-09
3    AKJCL  ...  2024-07-09
4     AKPL  ...  2024-07-09
..     ...  ...         ...
310   USHL  ...  2024-07-09
311   USLB  ...  2024-07-09
312   VLBS  ...  2024-07-09
313  VLUCL  ...  2024-07-09
314   WNLB  ...  2024-07-09

[315 rows x 15 columns]
[2024-07-10T09:15:38.875+0000] {taskinstance.py:441} INFO - ::group::Post task execution logs
[2024-07-10T09:15:38.935+0000] {taskinstance.py:1206} INFO - Marking task as SUCCESS. dag_id=market_etl, task_id=flatten_market_data, run_id=scheduled__2024-07-01T06:15:00+00:00, execution_date=20240701T061500, start_date=20240710T091538, end_date=20240710T091538
[2024-07-10T09:15:38.992+0000] {local_task_job_runner.py:240} INFO - Task exited with return code 0
[2024-07-10T09:15:39.016+0000] {taskinstance.py:3503} INFO - 4 downstream tasks scheduled from follow-on schedule check
[2024-07-10T09:15:39.017+0000] {local_task_job_runner.py:222} INFO - ::endgroup::
[2024-07-10T09:24:38.088+0000] {local_task_job_runner.py:120} INFO - ::group::Pre task execution logs
[2024-07-10T09:24:38.106+0000] {taskinstance.py:2076} INFO - Dependencies all met for dep_context=non-requeueable deps ti=<TaskInstance: market_etl.flatten_market_data scheduled__2024-07-01T06:15:00+00:00 [queued]>
[2024-07-10T09:24:38.113+0000] {taskinstance.py:2076} INFO - Dependencies all met for dep_context=requeueable deps ti=<TaskInstance: market_etl.flatten_market_data scheduled__2024-07-01T06:15:00+00:00 [queued]>
[2024-07-10T09:24:38.113+0000] {taskinstance.py:2306} INFO - Starting attempt 1 of 4
[2024-07-10T09:24:38.135+0000] {taskinstance.py:2330} INFO - Executing <Task(_PythonDecoratedOperator): flatten_market_data> on 2024-07-01 06:15:00+00:00
[2024-07-10T09:24:38.160+0000] {warnings.py:112} WARNING - /home/airflow/.local/lib/python3.12/site-packages/airflow/task/task_runner/standard_task_runner.py:61: DeprecationWarning: This process (pid=646) is multi-threaded, use of fork() may lead to deadlocks in the child.
  pid = os.fork()

[2024-07-10T09:24:38.162+0000] {standard_task_runner.py:63} INFO - Started process 648 to run task
[2024-07-10T09:24:38.164+0000] {standard_task_runner.py:90} INFO - Running: ['airflow', 'tasks', 'run', 'market_etl', 'flatten_market_data', 'scheduled__2024-07-01T06:15:00+00:00', '--job-id', '463', '--raw', '--subdir', 'DAGS_FOLDER/etl.py', '--cfg-path', '/tmp/tmpr70p6oa9']
[2024-07-10T09:24:38.178+0000] {standard_task_runner.py:91} INFO - Job 463: Subtask flatten_market_data
[2024-07-10T09:24:38.257+0000] {task_command.py:426} INFO - Running <TaskInstance: market_etl.flatten_market_data scheduled__2024-07-01T06:15:00+00:00 [running]> on host 514b016b59c3
[2024-07-10T09:24:38.398+0000] {taskinstance.py:2648} INFO - Exporting env vars: AIRFLOW_CTX_DAG_OWNER='airflow' AIRFLOW_CTX_DAG_ID='market_etl' AIRFLOW_CTX_TASK_ID='flatten_market_data' AIRFLOW_CTX_EXECUTION_DATE='2024-07-01T06:15:00+00:00' AIRFLOW_CTX_TRY_NUMBER='1' AIRFLOW_CTX_DAG_RUN_ID='scheduled__2024-07-01T06:15:00+00:00'
[2024-07-10T09:24:38.399+0000] {taskinstance.py:430} INFO - ::endgroup::
[2024-07-10T09:24:38.414+0000] {python.py:237} INFO - Done. Returned value was:     Symbol  ...  Close_Date
0     ADBL  ...  2024-07-09
1      AHL  ...  2024-07-09
2     AHPC  ...  2024-07-09
3    AKJCL  ...  2024-07-09
4     AKPL  ...  2024-07-09
..     ...  ...         ...
310   USHL  ...  2024-07-09
311   USLB  ...  2024-07-09
312   VLBS  ...  2024-07-09
313  VLUCL  ...  2024-07-09
314   WNLB  ...  2024-07-09

[315 rows x 15 columns]
[2024-07-10T09:24:38.443+0000] {taskinstance.py:441} INFO - ::group::Post task execution logs
[2024-07-10T09:24:38.509+0000] {taskinstance.py:1206} INFO - Marking task as SUCCESS. dag_id=market_etl, task_id=flatten_market_data, run_id=scheduled__2024-07-01T06:15:00+00:00, execution_date=20240701T061500, start_date=20240710T092438, end_date=20240710T092438
[2024-07-10T09:24:38.559+0000] {local_task_job_runner.py:240} INFO - Task exited with return code 0
[2024-07-10T09:24:38.597+0000] {taskinstance.py:3503} INFO - 4 downstream tasks scheduled from follow-on schedule check
[2024-07-10T09:24:38.600+0000] {local_task_job_runner.py:222} INFO - ::endgroup::
[2024-07-10T09:54:19.983+0000] {local_task_job_runner.py:120} INFO - ::group::Pre task execution logs
[2024-07-10T09:54:20.004+0000] {taskinstance.py:2076} INFO - Dependencies all met for dep_context=non-requeueable deps ti=<TaskInstance: market_etl.flatten_market_data scheduled__2024-07-01T06:15:00+00:00 [queued]>
[2024-07-10T09:54:20.023+0000] {taskinstance.py:2076} INFO - Dependencies all met for dep_context=requeueable deps ti=<TaskInstance: market_etl.flatten_market_data scheduled__2024-07-01T06:15:00+00:00 [queued]>
[2024-07-10T09:54:20.023+0000] {taskinstance.py:2306} INFO - Starting attempt 1 of 4
[2024-07-10T09:54:20.033+0000] {taskinstance.py:2330} INFO - Executing <Task(_PythonDecoratedOperator): flatten_market_data> on 2024-07-01 06:15:00+00:00
[2024-07-10T09:54:20.042+0000] {warnings.py:112} WARNING - /home/airflow/.local/lib/python3.12/site-packages/airflow/task/task_runner/standard_task_runner.py:61: DeprecationWarning: This process (pid=638) is multi-threaded, use of fork() may lead to deadlocks in the child.
  pid = os.fork()

[2024-07-10T09:54:20.043+0000] {standard_task_runner.py:63} INFO - Started process 640 to run task
[2024-07-10T09:54:20.045+0000] {standard_task_runner.py:90} INFO - Running: ['airflow', 'tasks', 'run', 'market_etl', 'flatten_market_data', 'scheduled__2024-07-01T06:15:00+00:00', '--job-id', '589', '--raw', '--subdir', 'DAGS_FOLDER/etl.py', '--cfg-path', '/tmp/tmpbo88yhq4']
[2024-07-10T09:54:20.046+0000] {standard_task_runner.py:91} INFO - Job 589: Subtask flatten_market_data
[2024-07-10T09:54:20.099+0000] {task_command.py:426} INFO - Running <TaskInstance: market_etl.flatten_market_data scheduled__2024-07-01T06:15:00+00:00 [running]> on host 514b016b59c3
[2024-07-10T09:54:20.224+0000] {taskinstance.py:2648} INFO - Exporting env vars: AIRFLOW_CTX_DAG_OWNER='airflow' AIRFLOW_CTX_DAG_ID='market_etl' AIRFLOW_CTX_TASK_ID='flatten_market_data' AIRFLOW_CTX_EXECUTION_DATE='2024-07-01T06:15:00+00:00' AIRFLOW_CTX_TRY_NUMBER='1' AIRFLOW_CTX_DAG_RUN_ID='scheduled__2024-07-01T06:15:00+00:00'
[2024-07-10T09:54:20.226+0000] {taskinstance.py:430} INFO - ::endgroup::
[2024-07-10T09:54:20.236+0000] {python.py:237} INFO - Done. Returned value was:     Symbol  ...  Close_Date
0     ADBL  ...  2024-07-09
1      AHL  ...  2024-07-09
2     AHPC  ...  2024-07-09
3    AKJCL  ...  2024-07-09
4     AKPL  ...  2024-07-09
..     ...  ...         ...
310   USHL  ...  2024-07-09
311   USLB  ...  2024-07-09
312   VLBS  ...  2024-07-09
313  VLUCL  ...  2024-07-09
314   WNLB  ...  2024-07-09

[315 rows x 15 columns]
[2024-07-10T09:54:20.259+0000] {taskinstance.py:441} INFO - ::group::Post task execution logs
[2024-07-10T09:54:20.312+0000] {taskinstance.py:1206} INFO - Marking task as SUCCESS. dag_id=market_etl, task_id=flatten_market_data, run_id=scheduled__2024-07-01T06:15:00+00:00, execution_date=20240701T061500, start_date=20240710T095420, end_date=20240710T095420
[2024-07-10T09:54:20.351+0000] {local_task_job_runner.py:240} INFO - Task exited with return code 0
[2024-07-10T09:54:20.392+0000] {taskinstance.py:3503} INFO - 3 downstream tasks scheduled from follow-on schedule check
[2024-07-10T09:54:20.393+0000] {local_task_job_runner.py:222} INFO - ::endgroup::
[2024-07-10T11:36:29.005+0000] {local_task_job_runner.py:120} INFO - ::group::Pre task execution logs
[2024-07-10T11:36:29.023+0000] {taskinstance.py:2076} INFO - Dependencies all met for dep_context=non-requeueable deps ti=<TaskInstance: market_etl.flatten_market_data scheduled__2024-07-01T06:15:00+00:00 [queued]>
[2024-07-10T11:36:29.030+0000] {taskinstance.py:2076} INFO - Dependencies all met for dep_context=requeueable deps ti=<TaskInstance: market_etl.flatten_market_data scheduled__2024-07-01T06:15:00+00:00 [queued]>
[2024-07-10T11:36:29.030+0000] {taskinstance.py:2306} INFO - Starting attempt 1 of 4
[2024-07-10T11:36:29.039+0000] {taskinstance.py:2330} INFO - Executing <Task(_PythonDecoratedOperator): flatten_market_data> on 2024-07-01 06:15:00+00:00
[2024-07-10T11:36:29.045+0000] {warnings.py:112} WARNING - /home/airflow/.local/lib/python3.12/site-packages/airflow/task/task_runner/standard_task_runner.py:61: DeprecationWarning: This process (pid=759) is multi-threaded, use of fork() may lead to deadlocks in the child.
  pid = os.fork()

[2024-07-10T11:36:29.046+0000] {standard_task_runner.py:63} INFO - Started process 761 to run task
[2024-07-10T11:36:29.047+0000] {standard_task_runner.py:90} INFO - Running: ['airflow', 'tasks', 'run', 'market_etl', 'flatten_market_data', 'scheduled__2024-07-01T06:15:00+00:00', '--job-id', '743', '--raw', '--subdir', 'DAGS_FOLDER/etl.py', '--cfg-path', '/tmp/tmp6yk4ffu4']
[2024-07-10T11:36:29.049+0000] {standard_task_runner.py:91} INFO - Job 743: Subtask flatten_market_data
[2024-07-10T11:36:29.099+0000] {task_command.py:426} INFO - Running <TaskInstance: market_etl.flatten_market_data scheduled__2024-07-01T06:15:00+00:00 [running]> on host 514b016b59c3
[2024-07-10T11:36:29.220+0000] {taskinstance.py:2648} INFO - Exporting env vars: AIRFLOW_CTX_DAG_OWNER='airflow' AIRFLOW_CTX_DAG_ID='market_etl' AIRFLOW_CTX_TASK_ID='flatten_market_data' AIRFLOW_CTX_EXECUTION_DATE='2024-07-01T06:15:00+00:00' AIRFLOW_CTX_TRY_NUMBER='1' AIRFLOW_CTX_DAG_RUN_ID='scheduled__2024-07-01T06:15:00+00:00'
[2024-07-10T11:36:29.222+0000] {taskinstance.py:430} INFO - ::endgroup::
[2024-07-10T11:36:29.232+0000] {python.py:237} INFO - Done. Returned value was:     Symbol  ...  Close_Date
0     ADBL  ...  2024-07-09
1      AHL  ...  2024-07-09
2     AHPC  ...  2024-07-09
3    AKJCL  ...  2024-07-09
4     AKPL  ...  2024-07-09
..     ...  ...         ...
310   USHL  ...  2024-07-09
311   USLB  ...  2024-07-09
312   VLBS  ...  2024-07-09
313  VLUCL  ...  2024-07-09
314   WNLB  ...  2024-07-09

[315 rows x 15 columns]
[2024-07-10T11:36:29.251+0000] {taskinstance.py:441} INFO - ::group::Post task execution logs
[2024-07-10T11:36:29.302+0000] {taskinstance.py:1206} INFO - Marking task as SUCCESS. dag_id=market_etl, task_id=flatten_market_data, run_id=scheduled__2024-07-01T06:15:00+00:00, execution_date=20240701T061500, start_date=20240710T113629, end_date=20240710T113629
[2024-07-10T11:36:29.353+0000] {local_task_job_runner.py:240} INFO - Task exited with return code 0
[2024-07-10T11:36:29.378+0000] {taskinstance.py:3503} INFO - 3 downstream tasks scheduled from follow-on schedule check
[2024-07-10T11:36:29.380+0000] {local_task_job_runner.py:222} INFO - ::endgroup::
[2024-07-11T08:19:22.172+0000] {local_task_job_runner.py:120} INFO - ::group::Pre task execution logs
[2024-07-11T08:19:22.190+0000] {taskinstance.py:2076} INFO - Dependencies all met for dep_context=non-requeueable deps ti=<TaskInstance: market_etl.flatten_market_data scheduled__2024-07-01T06:15:00+00:00 [queued]>
[2024-07-11T08:19:22.208+0000] {taskinstance.py:2076} INFO - Dependencies all met for dep_context=requeueable deps ti=<TaskInstance: market_etl.flatten_market_data scheduled__2024-07-01T06:15:00+00:00 [queued]>
[2024-07-11T08:19:22.209+0000] {taskinstance.py:2306} INFO - Starting attempt 1 of 4
[2024-07-11T08:19:22.218+0000] {taskinstance.py:2330} INFO - Executing <Task(_PythonDecoratedOperator): flatten_market_data> on 2024-07-01 06:15:00+00:00
[2024-07-11T08:19:22.227+0000] {warnings.py:112} WARNING - /home/airflow/.local/lib/python3.12/site-packages/airflow/task/task_runner/standard_task_runner.py:61: DeprecationWarning: This process (pid=609) is multi-threaded, use of fork() may lead to deadlocks in the child.
  pid = os.fork()

[2024-07-11T08:19:22.229+0000] {standard_task_runner.py:63} INFO - Started process 611 to run task
[2024-07-11T08:19:22.230+0000] {standard_task_runner.py:90} INFO - Running: ['airflow', 'tasks', 'run', 'market_etl', 'flatten_market_data', 'scheduled__2024-07-01T06:15:00+00:00', '--job-id', '1135', '--raw', '--subdir', 'DAGS_FOLDER/etl.py', '--cfg-path', '/tmp/tmp06q6x46x']
[2024-07-11T08:19:22.233+0000] {standard_task_runner.py:91} INFO - Job 1135: Subtask flatten_market_data
[2024-07-11T08:19:22.304+0000] {task_command.py:426} INFO - Running <TaskInstance: market_etl.flatten_market_data scheduled__2024-07-01T06:15:00+00:00 [running]> on host aa283b53dd54
[2024-07-11T08:19:22.422+0000] {taskinstance.py:2648} INFO - Exporting env vars: AIRFLOW_CTX_DAG_OWNER='airflow' AIRFLOW_CTX_DAG_ID='market_etl' AIRFLOW_CTX_TASK_ID='flatten_market_data' AIRFLOW_CTX_EXECUTION_DATE='2024-07-01T06:15:00+00:00' AIRFLOW_CTX_TRY_NUMBER='1' AIRFLOW_CTX_DAG_RUN_ID='scheduled__2024-07-01T06:15:00+00:00'
[2024-07-11T08:19:22.423+0000] {taskinstance.py:430} INFO - ::endgroup::
[2024-07-11T08:19:22.433+0000] {python.py:237} INFO - Done. Returned value was:       Symbol  ...  Close_Date
0       ADBL  ...  2024-07-10
1    ADBLD83  ...  2024-07-10
2        AHL  ...  2024-07-10
3       AHPC  ...  2024-07-10
4      AKJCL  ...  2024-07-10
..       ...  ...         ...
316     USHL  ...  2024-07-10
317     USLB  ...  2024-07-10
318     VLBS  ...  2024-07-10
319    VLUCL  ...  2024-07-10
320     WNLB  ...  2024-07-10

[321 rows x 15 columns]
[2024-07-11T08:19:22.448+0000] {taskinstance.py:441} INFO - ::group::Post task execution logs
[2024-07-11T08:19:22.512+0000] {taskinstance.py:1206} INFO - Marking task as SUCCESS. dag_id=market_etl, task_id=flatten_market_data, run_id=scheduled__2024-07-01T06:15:00+00:00, execution_date=20240701T061500, start_date=20240711T081922, end_date=20240711T081922
[2024-07-11T08:19:22.537+0000] {local_task_job_runner.py:240} INFO - Task exited with return code 0
[2024-07-11T08:19:22.569+0000] {taskinstance.py:3503} INFO - 3 downstream tasks scheduled from follow-on schedule check
[2024-07-11T08:19:22.570+0000] {local_task_job_runner.py:222} INFO - ::endgroup::
