[2024-07-10T09:17:52.088+0000] {local_task_job_runner.py:120} INFO - ::group::Pre task execution logs
[2024-07-10T09:17:52.108+0000] {taskinstance.py:2076} INFO - Dependencies all met for dep_context=non-requeueable deps ti=<TaskInstance: market_etl.get_business_date scheduled__2024-07-04T06:15:00+00:00 [queued]>
[2024-07-10T09:17:52.117+0000] {taskinstance.py:2076} INFO - Dependencies all met for dep_context=requeueable deps ti=<TaskInstance: market_etl.get_business_date scheduled__2024-07-04T06:15:00+00:00 [queued]>
[2024-07-10T09:17:52.117+0000] {taskinstance.py:2306} INFO - Starting attempt 1 of 4
[2024-07-10T09:17:52.129+0000] {taskinstance.py:2330} INFO - Executing <Task(_PythonDecoratedOperator): get_business_date> on 2024-07-04 06:15:00+00:00
[2024-07-10T09:17:52.163+0000] {warnings.py:112} WARNING - /home/airflow/.local/lib/python3.12/site-packages/airflow/task/task_runner/standard_task_runner.py:61: DeprecationWarning: This process (pid=53) is multi-threaded, use of fork() may lead to deadlocks in the child.
  pid = os.fork()

[2024-07-10T09:17:52.168+0000] {standard_task_runner.py:63} INFO - Started process 59 to run task
[2024-07-10T09:17:52.167+0000] {standard_task_runner.py:90} INFO - Running: ['airflow', 'tasks', 'run', 'market_etl', 'get_business_date', 'scheduled__2024-07-04T06:15:00+00:00', '--job-id', '368', '--raw', '--subdir', 'DAGS_FOLDER/etl.py', '--cfg-path', '/tmp/tmpd25x1r0e']
[2024-07-10T09:17:52.178+0000] {standard_task_runner.py:91} INFO - Job 368: Subtask get_business_date
[2024-07-10T09:17:52.358+0000] {task_command.py:426} INFO - Running <TaskInstance: market_etl.get_business_date scheduled__2024-07-04T06:15:00+00:00 [running]> on host 514b016b59c3
[2024-07-10T09:17:52.648+0000] {taskinstance.py:2648} INFO - Exporting env vars: AIRFLOW_CTX_DAG_OWNER='airflow' AIRFLOW_CTX_DAG_ID='market_etl' AIRFLOW_CTX_TASK_ID='get_business_date' AIRFLOW_CTX_EXECUTION_DATE='2024-07-04T06:15:00+00:00' AIRFLOW_CTX_TRY_NUMBER='1' AIRFLOW_CTX_DAG_RUN_ID='scheduled__2024-07-04T06:15:00+00:00'
[2024-07-10T09:17:52.650+0000] {taskinstance.py:430} INFO - ::endgroup::
[2024-07-10T09:17:52.652+0000] {python.py:237} INFO - Done. Returned value was: 2024-07-09
[2024-07-10T09:17:52.652+0000] {taskinstance.py:441} INFO - ::group::Post task execution logs
[2024-07-10T09:17:52.692+0000] {taskinstance.py:1206} INFO - Marking task as SUCCESS. dag_id=market_etl, task_id=get_business_date, run_id=scheduled__2024-07-04T06:15:00+00:00, execution_date=20240704T061500, start_date=20240710T091752, end_date=20240710T091752
[2024-07-10T09:17:52.768+0000] {local_task_job_runner.py:240} INFO - Task exited with return code 0
[2024-07-10T09:17:52.826+0000] {taskinstance.py:3503} INFO - 1 downstream tasks scheduled from follow-on schedule check
[2024-07-10T09:17:52.829+0000] {local_task_job_runner.py:222} INFO - ::endgroup::
[2024-07-10T14:19:39.998+0000] {local_task_job_runner.py:120} INFO - ::group::Pre task execution logs
[2024-07-10T14:19:40.017+0000] {taskinstance.py:2076} INFO - Dependencies all met for dep_context=non-requeueable deps ti=<TaskInstance: market_etl.get_business_date scheduled__2024-07-04T06:15:00+00:00 [queued]>
[2024-07-10T14:19:40.038+0000] {taskinstance.py:2076} INFO - Dependencies all met for dep_context=requeueable deps ti=<TaskInstance: market_etl.get_business_date scheduled__2024-07-04T06:15:00+00:00 [queued]>
[2024-07-10T14:19:40.038+0000] {taskinstance.py:2306} INFO - Starting attempt 1 of 4
[2024-07-10T14:19:40.047+0000] {taskinstance.py:2330} INFO - Executing <Task(_PythonDecoratedOperator): get_business_date> on 2024-07-04 06:15:00+00:00
[2024-07-10T14:19:40.053+0000] {warnings.py:112} WARNING - /home/airflow/.local/lib/python3.12/site-packages/airflow/task/task_runner/standard_task_runner.py:61: DeprecationWarning: This process (pid=124) is multi-threaded, use of fork() may lead to deadlocks in the child.
  pid = os.fork()

[2024-07-10T14:19:40.054+0000] {standard_task_runner.py:63} INFO - Started process 130 to run task
[2024-07-10T14:19:40.054+0000] {standard_task_runner.py:90} INFO - Running: ['airflow', 'tasks', 'run', 'market_etl', 'get_business_date', 'scheduled__2024-07-04T06:15:00+00:00', '--job-id', '773', '--raw', '--subdir', 'DAGS_FOLDER/etl.py', '--cfg-path', '/tmp/tmphawi15f5']
[2024-07-10T14:19:40.056+0000] {standard_task_runner.py:91} INFO - Job 773: Subtask get_business_date
[2024-07-10T14:19:40.118+0000] {task_command.py:426} INFO - Running <TaskInstance: market_etl.get_business_date scheduled__2024-07-04T06:15:00+00:00 [running]> on host 514b016b59c3
[2024-07-10T14:19:40.347+0000] {taskinstance.py:2648} INFO - Exporting env vars: AIRFLOW_CTX_DAG_OWNER='airflow' AIRFLOW_CTX_DAG_ID='market_etl' AIRFLOW_CTX_TASK_ID='get_business_date' AIRFLOW_CTX_EXECUTION_DATE='2024-07-04T06:15:00+00:00' AIRFLOW_CTX_TRY_NUMBER='1' AIRFLOW_CTX_DAG_RUN_ID='scheduled__2024-07-04T06:15:00+00:00'
[2024-07-10T14:19:40.348+0000] {taskinstance.py:430} INFO - ::endgroup::
[2024-07-10T14:19:40.349+0000] {python.py:237} INFO - Done. Returned value was: 2024-07-09
[2024-07-10T14:19:40.350+0000] {taskinstance.py:441} INFO - ::group::Post task execution logs
[2024-07-10T14:19:40.383+0000] {taskinstance.py:1206} INFO - Marking task as SUCCESS. dag_id=market_etl, task_id=get_business_date, run_id=scheduled__2024-07-04T06:15:00+00:00, execution_date=20240704T061500, start_date=20240710T141940, end_date=20240710T141940
[2024-07-10T14:19:40.401+0000] {local_task_job_runner.py:240} INFO - Task exited with return code 0
[2024-07-10T14:19:40.429+0000] {taskinstance.py:3503} INFO - 2 downstream tasks scheduled from follow-on schedule check
[2024-07-10T14:19:40.430+0000] {local_task_job_runner.py:222} INFO - ::endgroup::
[2024-07-11T08:20:59.165+0000] {local_task_job_runner.py:120} INFO - ::group::Pre task execution logs
[2024-07-11T08:20:59.184+0000] {taskinstance.py:2076} INFO - Dependencies all met for dep_context=non-requeueable deps ti=<TaskInstance: market_etl.get_business_date scheduled__2024-07-04T06:15:00+00:00 [queued]>
[2024-07-11T08:20:59.203+0000] {taskinstance.py:2076} INFO - Dependencies all met for dep_context=requeueable deps ti=<TaskInstance: market_etl.get_business_date scheduled__2024-07-04T06:15:00+00:00 [queued]>
[2024-07-11T08:20:59.204+0000] {taskinstance.py:2306} INFO - Starting attempt 1 of 4
[2024-07-11T08:20:59.213+0000] {taskinstance.py:2330} INFO - Executing <Task(_PythonDecoratedOperator): get_business_date> on 2024-07-04 06:15:00+00:00
[2024-07-11T08:20:59.229+0000] {warnings.py:112} WARNING - /home/airflow/.local/lib/python3.12/site-packages/airflow/task/task_runner/standard_task_runner.py:61: DeprecationWarning: This process (pid=1027) is multi-threaded, use of fork() may lead to deadlocks in the child.
  pid = os.fork()

[2024-07-11T08:20:59.231+0000] {standard_task_runner.py:63} INFO - Started process 1034 to run task
[2024-07-11T08:20:59.234+0000] {standard_task_runner.py:90} INFO - Running: ['airflow', 'tasks', 'run', 'market_etl', 'get_business_date', 'scheduled__2024-07-04T06:15:00+00:00', '--job-id', '1174', '--raw', '--subdir', 'DAGS_FOLDER/etl.py', '--cfg-path', '/tmp/tmpwrj3pwc5']
[2024-07-11T08:20:59.237+0000] {standard_task_runner.py:91} INFO - Job 1174: Subtask get_business_date
[2024-07-11T08:20:59.302+0000] {task_command.py:426} INFO - Running <TaskInstance: market_etl.get_business_date scheduled__2024-07-04T06:15:00+00:00 [running]> on host aa283b53dd54
[2024-07-11T08:20:59.504+0000] {taskinstance.py:2648} INFO - Exporting env vars: AIRFLOW_CTX_DAG_OWNER='airflow' AIRFLOW_CTX_DAG_ID='market_etl' AIRFLOW_CTX_TASK_ID='get_business_date' AIRFLOW_CTX_EXECUTION_DATE='2024-07-04T06:15:00+00:00' AIRFLOW_CTX_TRY_NUMBER='1' AIRFLOW_CTX_DAG_RUN_ID='scheduled__2024-07-04T06:15:00+00:00'
[2024-07-11T08:20:59.505+0000] {taskinstance.py:430} INFO - ::endgroup::
[2024-07-11T08:20:59.506+0000] {python.py:237} INFO - Done. Returned value was: 2024-07-10
[2024-07-11T08:20:59.507+0000] {taskinstance.py:441} INFO - ::group::Post task execution logs
[2024-07-11T08:20:59.554+0000] {taskinstance.py:1206} INFO - Marking task as SUCCESS. dag_id=market_etl, task_id=get_business_date, run_id=scheduled__2024-07-04T06:15:00+00:00, execution_date=20240704T061500, start_date=20240711T082059, end_date=20240711T082059
[2024-07-11T08:20:59.580+0000] {local_task_job_runner.py:240} INFO - Task exited with return code 0
[2024-07-11T08:20:59.614+0000] {taskinstance.py:3503} INFO - 2 downstream tasks scheduled from follow-on schedule check
[2024-07-11T08:20:59.615+0000] {local_task_job_runner.py:222} INFO - ::endgroup::
