[2024-06-27T03:10:21.034+0000] {local_task_job_runner.py:120} INFO - ::group::Pre task execution logs
[2024-06-27T03:10:21.049+0000] {taskinstance.py:2076} INFO - Dependencies all met for dep_context=non-requeueable deps ti=<TaskInstance: market_etl.flatten_market_data scheduled__2024-06-26T00:00:00+00:00 [queued]>
[2024-06-27T03:10:21.056+0000] {taskinstance.py:2076} INFO - Dependencies all met for dep_context=requeueable deps ti=<TaskInstance: market_etl.flatten_market_data scheduled__2024-06-26T00:00:00+00:00 [queued]>
[2024-06-27T03:10:21.056+0000] {taskinstance.py:2306} INFO - Starting attempt 1 of 4
[2024-06-27T03:10:21.063+0000] {taskinstance.py:2330} INFO - Executing <Task(_PythonDecoratedOperator): flatten_market_data> on 2024-06-26 00:00:00+00:00
[2024-06-27T03:10:21.068+0000] {warnings.py:112} WARNING - /home/airflow/.local/lib/python3.12/site-packages/airflow/task/task_runner/standard_task_runner.py:61: DeprecationWarning: This process (pid=135) is multi-threaded, use of fork() may lead to deadlocks in the child.
  pid = os.fork()

[2024-06-27T03:10:21.069+0000] {standard_task_runner.py:63} INFO - Started process 137 to run task
[2024-06-27T03:10:21.070+0000] {standard_task_runner.py:90} INFO - Running: ['airflow', 'tasks', 'run', 'market_etl', 'flatten_market_data', 'scheduled__2024-06-26T00:00:00+00:00', '--job-id', '227', '--raw', '--subdir', 'DAGS_FOLDER/etl.py', '--cfg-path', '/tmp/tmprs4cxzi0']
[2024-06-27T03:10:21.071+0000] {standard_task_runner.py:91} INFO - Job 227: Subtask flatten_market_data
[2024-06-27T03:10:21.105+0000] {task_command.py:426} INFO - Running <TaskInstance: market_etl.flatten_market_data scheduled__2024-06-26T00:00:00+00:00 [running]> on host f3f48f0457b9
[2024-06-27T03:10:21.190+0000] {taskinstance.py:2648} INFO - Exporting env vars: AIRFLOW_CTX_DAG_OWNER='airflow' AIRFLOW_CTX_DAG_ID='market_etl' AIRFLOW_CTX_TASK_ID='flatten_market_data' AIRFLOW_CTX_EXECUTION_DATE='2024-06-26T00:00:00+00:00' AIRFLOW_CTX_TRY_NUMBER='1' AIRFLOW_CTX_DAG_RUN_ID='scheduled__2024-06-26T00:00:00+00:00'
[2024-06-27T03:10:21.191+0000] {taskinstance.py:430} INFO - ::endgroup::
[2024-06-27T03:10:21.196+0000] {python.py:237} INFO - Done. Returned value was:   Symbol  Close_Price_Rs  ...  Market_Capitalization_Rs__Amt_in_Millions  Close_Date
0   ADBL           263.0  ...                                   35377.90  2024-06-26
1    AHL           513.1  ...                                    1744.54  2024-06-26
2   AHPC           152.0  ...                                    5678.61  2024-06-26
3  AKJCL           207.0  ...                                    1656.00  2024-06-26
4   AKPL           161.1  ...                                    6276.36  2024-06-26

[5 rows x 15 columns]
[2024-06-27T03:10:21.208+0000] {taskinstance.py:441} INFO - ::group::Post task execution logs
[2024-06-27T03:10:21.245+0000] {taskinstance.py:1206} INFO - Marking task as SUCCESS. dag_id=market_etl, task_id=flatten_market_data, run_id=scheduled__2024-06-26T00:00:00+00:00, execution_date=20240626T000000, start_date=20240627T031021, end_date=20240627T031021
[2024-06-27T03:10:21.295+0000] {local_task_job_runner.py:240} INFO - Task exited with return code 0
[2024-06-27T03:10:21.317+0000] {taskinstance.py:3503} INFO - 1 downstream tasks scheduled from follow-on schedule check
[2024-06-27T03:10:21.318+0000] {local_task_job_runner.py:222} INFO - ::endgroup::
[2024-07-01T04:59:31.248+0000] {local_task_job_runner.py:120} INFO - ::group::Pre task execution logs
[2024-07-01T04:59:31.265+0000] {taskinstance.py:2076} INFO - Dependencies all met for dep_context=non-requeueable deps ti=<TaskInstance: market_etl.flatten_market_data scheduled__2024-06-26T00:00:00+00:00 [queued]>
[2024-07-01T04:59:31.270+0000] {taskinstance.py:2076} INFO - Dependencies all met for dep_context=requeueable deps ti=<TaskInstance: market_etl.flatten_market_data scheduled__2024-06-26T00:00:00+00:00 [queued]>
[2024-07-01T04:59:31.271+0000] {taskinstance.py:2306} INFO - Starting attempt 1 of 4
[2024-07-01T04:59:31.279+0000] {taskinstance.py:2330} INFO - Executing <Task(_PythonDecoratedOperator): flatten_market_data> on 2024-06-26 00:00:00+00:00
[2024-07-01T04:59:31.288+0000] {warnings.py:112} WARNING - /home/airflow/.local/lib/python3.12/site-packages/airflow/task/task_runner/standard_task_runner.py:61: DeprecationWarning: This process (pid=135) is multi-threaded, use of fork() may lead to deadlocks in the child.
  pid = os.fork()

[2024-07-01T04:59:31.289+0000] {standard_task_runner.py:63} INFO - Started process 137 to run task
[2024-07-01T04:59:31.290+0000] {standard_task_runner.py:90} INFO - Running: ['airflow', 'tasks', 'run', 'market_etl', 'flatten_market_data', 'scheduled__2024-06-26T00:00:00+00:00', '--job-id', '326', '--raw', '--subdir', 'DAGS_FOLDER/etl.py', '--cfg-path', '/tmp/tmpw_tfk6qt']
[2024-07-01T04:59:31.291+0000] {standard_task_runner.py:91} INFO - Job 326: Subtask flatten_market_data
[2024-07-01T04:59:31.349+0000] {task_command.py:426} INFO - Running <TaskInstance: market_etl.flatten_market_data scheduled__2024-06-26T00:00:00+00:00 [running]> on host 5eec0a067191
[2024-07-01T04:59:31.442+0000] {taskinstance.py:2648} INFO - Exporting env vars: AIRFLOW_CTX_DAG_OWNER='airflow' AIRFLOW_CTX_DAG_ID='market_etl' AIRFLOW_CTX_TASK_ID='flatten_market_data' AIRFLOW_CTX_EXECUTION_DATE='2024-06-26T00:00:00+00:00' AIRFLOW_CTX_TRY_NUMBER='1' AIRFLOW_CTX_DAG_RUN_ID='scheduled__2024-06-26T00:00:00+00:00'
[2024-07-01T04:59:31.443+0000] {taskinstance.py:430} INFO - ::endgroup::
[2024-07-01T04:59:31.449+0000] {python.py:237} INFO - Done. Returned value was:   Symbol  Close_Price_Rs  ...  Market_Capitalization_Rs__Amt_in_Millions  Close_Date
0   ADBL           239.0  ...                                   32149.50  2024-05-05
1    AHL           441.0  ...                                    1499.40  2024-05-05
2   AHPC           162.0  ...                                    6052.20  2024-05-05
3  AKJCL           208.0  ...                                    1664.00  2024-05-05
4   AKPL           165.6  ...                                    6451.68  2024-05-05

[5 rows x 15 columns]
[2024-07-01T04:59:31.461+0000] {taskinstance.py:441} INFO - ::group::Post task execution logs
[2024-07-01T04:59:31.512+0000] {taskinstance.py:1206} INFO - Marking task as SUCCESS. dag_id=market_etl, task_id=flatten_market_data, run_id=scheduled__2024-06-26T00:00:00+00:00, execution_date=20240626T000000, start_date=20240701T045931, end_date=20240701T045931
[2024-07-01T04:59:31.556+0000] {local_task_job_runner.py:240} INFO - Task exited with return code 0
[2024-07-01T04:59:31.577+0000] {taskinstance.py:3503} INFO - 1 downstream tasks scheduled from follow-on schedule check
[2024-07-01T04:59:31.578+0000] {local_task_job_runner.py:222} INFO - ::endgroup::
[2024-07-09T08:42:07.527+0000] {local_task_job_runner.py:120} INFO - ::group::Pre task execution logs
[2024-07-09T08:42:07.546+0000] {taskinstance.py:2076} INFO - Dependencies all met for dep_context=non-requeueable deps ti=<TaskInstance: market_etl.flatten_market_data scheduled__2024-06-26T00:00:00+00:00 [queued]>
[2024-07-09T08:42:07.554+0000] {taskinstance.py:2076} INFO - Dependencies all met for dep_context=requeueable deps ti=<TaskInstance: market_etl.flatten_market_data scheduled__2024-06-26T00:00:00+00:00 [queued]>
[2024-07-09T08:42:07.554+0000] {taskinstance.py:2306} INFO - Starting attempt 1 of 4
[2024-07-09T08:42:07.562+0000] {taskinstance.py:2330} INFO - Executing <Task(_PythonDecoratedOperator): flatten_market_data> on 2024-06-26 00:00:00+00:00
[2024-07-09T08:42:07.567+0000] {warnings.py:112} WARNING - /home/airflow/.local/lib/python3.12/site-packages/airflow/task/task_runner/standard_task_runner.py:61: DeprecationWarning: This process (pid=205) is multi-threaded, use of fork() may lead to deadlocks in the child.
  pid = os.fork()

[2024-07-09T08:42:07.568+0000] {standard_task_runner.py:63} INFO - Started process 207 to run task
[2024-07-09T08:42:07.570+0000] {standard_task_runner.py:90} INFO - Running: ['airflow', 'tasks', 'run', 'market_etl', 'flatten_market_data', 'scheduled__2024-06-26T00:00:00+00:00', '--job-id', '111', '--raw', '--subdir', 'DAGS_FOLDER/etl.py', '--cfg-path', '/tmp/tmp3gmxj8kg']
[2024-07-09T08:42:07.572+0000] {standard_task_runner.py:91} INFO - Job 111: Subtask flatten_market_data
[2024-07-09T08:42:07.617+0000] {task_command.py:426} INFO - Running <TaskInstance: market_etl.flatten_market_data scheduled__2024-06-26T00:00:00+00:00 [running]> on host 7aa01bd35230
[2024-07-09T08:42:07.712+0000] {taskinstance.py:2648} INFO - Exporting env vars: AIRFLOW_CTX_DAG_OWNER='airflow' AIRFLOW_CTX_DAG_ID='market_etl' AIRFLOW_CTX_TASK_ID='flatten_market_data' AIRFLOW_CTX_EXECUTION_DATE='2024-06-26T00:00:00+00:00' AIRFLOW_CTX_TRY_NUMBER='1' AIRFLOW_CTX_DAG_RUN_ID='scheduled__2024-06-26T00:00:00+00:00'
[2024-07-09T08:42:07.713+0000] {taskinstance.py:430} INFO - ::endgroup::
[2024-07-09T08:42:07.720+0000] {logging_mixin.py:188} INFO - Index(['Symbol', 'Close_Price_Rs', 'Open_Price_Rs', 'High_Price_Rs',
       'Low_Price_Rs', 'Total_Traded_Quantity', 'Total_Traded_Value',
       'Total_Trades', 'LTP', 'Previous_Day_Close_Price_Rs',
       'Average_Traded_Price_Rs', 'Fifty_Two_Week_High_Rs',
       'Fifty_Two_Week_Low_Rs', 'Market_Capitalization_Rs__Amt_in_Millions',
       'Close_Date'],
      dtype='object')
[2024-07-09T08:42:07.728+0000] {logging_mixin.py:188} INFO -     Symbol  ...  Close_Date
0     ADBL  ...  2024-07-08
1  ADBLD83  ...  2024-07-08
2      AHL  ...  2024-07-08
3     AHPC  ...  2024-07-08
4    AKJCL  ...  2024-07-08

[5 rows x 15 columns]
[2024-07-09T08:42:07.728+0000] {python.py:237} INFO - Done. Returned value was:       Symbol  ...  Close_Date
0       ADBL  ...  2024-07-08
1    ADBLD83  ...  2024-07-08
2        AHL  ...  2024-07-08
3       AHPC  ...  2024-07-08
4      AKJCL  ...  2024-07-08
..       ...  ...         ...
318     USHL  ...  2024-07-08
319     USLB  ...  2024-07-08
320     VLBS  ...  2024-07-08
321    VLUCL  ...  2024-07-08
322     WNLB  ...  2024-07-08

[323 rows x 15 columns]
[2024-07-09T08:42:07.739+0000] {taskinstance.py:441} INFO - ::group::Post task execution logs
[2024-07-09T08:42:07.779+0000] {taskinstance.py:1206} INFO - Marking task as SUCCESS. dag_id=market_etl, task_id=flatten_market_data, run_id=scheduled__2024-06-26T00:00:00+00:00, execution_date=20240626T000000, start_date=20240709T084207, end_date=20240709T084207
[2024-07-09T08:42:07.793+0000] {local_task_job_runner.py:240} INFO - Task exited with return code 0
[2024-07-09T08:42:07.831+0000] {taskinstance.py:3503} INFO - 4 downstream tasks scheduled from follow-on schedule check
[2024-07-09T08:42:07.832+0000] {local_task_job_runner.py:222} INFO - ::endgroup::
