[2024-07-11T12:58:06.247+0000] {local_task_job_runner.py:120} INFO - ::group::Pre task execution logs
[2024-07-11T12:58:06.276+0000] {taskinstance.py:2076} INFO - Dependencies all met for dep_context=non-requeueable deps ti=<TaskInstance: market_etl.load_data_to_postgres manual__2024-07-11T12:57:33.019918+00:00 [queued]>
[2024-07-11T12:58:06.288+0000] {taskinstance.py:2076} INFO - Dependencies all met for dep_context=requeueable deps ti=<TaskInstance: market_etl.load_data_to_postgres manual__2024-07-11T12:57:33.019918+00:00 [queued]>
[2024-07-11T12:58:06.288+0000] {taskinstance.py:2306} INFO - Starting attempt 1 of 4
[2024-07-11T12:58:06.296+0000] {taskinstance.py:2330} INFO - Executing <Task(_PythonDecoratedOperator): load_data_to_postgres> on 2024-07-11 12:57:33.019918+00:00
[2024-07-11T12:58:06.304+0000] {warnings.py:112} WARNING - /home/airflow/.local/lib/python3.12/site-packages/airflow/task/task_runner/standard_task_runner.py:61: DeprecationWarning: This process (pid=548) is multi-threaded, use of fork() may lead to deadlocks in the child.
  pid = os.fork()

[2024-07-11T12:58:06.305+0000] {standard_task_runner.py:63} INFO - Started process 550 to run task
[2024-07-11T12:58:06.306+0000] {standard_task_runner.py:90} INFO - Running: ['airflow', 'tasks', 'run', 'market_etl', 'load_data_to_postgres', 'manual__2024-07-11T12:57:33.019918+00:00', '--job-id', '1291', '--raw', '--subdir', 'DAGS_FOLDER/etl.py', '--cfg-path', '/tmp/tmpbu038zao']
[2024-07-11T12:58:06.308+0000] {standard_task_runner.py:91} INFO - Job 1291: Subtask load_data_to_postgres
[2024-07-11T12:58:06.357+0000] {task_command.py:426} INFO - Running <TaskInstance: market_etl.load_data_to_postgres manual__2024-07-11T12:57:33.019918+00:00 [running]> on host aa283b53dd54
[2024-07-11T12:58:06.572+0000] {taskinstance.py:2648} INFO - Exporting env vars: AIRFLOW_CTX_DAG_OWNER='airflow' AIRFLOW_CTX_DAG_ID='market_etl' AIRFLOW_CTX_TASK_ID='load_data_to_postgres' AIRFLOW_CTX_EXECUTION_DATE='2024-07-11T12:57:33.019918+00:00' AIRFLOW_CTX_TRY_NUMBER='1' AIRFLOW_CTX_DAG_RUN_ID='manual__2024-07-11T12:57:33.019918+00:00'
[2024-07-11T12:58:06.573+0000] {taskinstance.py:430} INFO - ::endgroup::
[2024-07-11T12:58:06.584+0000] {base.py:84} INFO - Using connection ID 'market_database_conn' for task execution.
[2024-07-11T12:58:06.682+0000] {python.py:237} INFO - Done. Returned value was: None
[2024-07-11T12:58:06.683+0000] {taskinstance.py:441} INFO - ::group::Post task execution logs
[2024-07-11T12:58:06.695+0000] {taskinstance.py:1206} INFO - Marking task as SUCCESS. dag_id=market_etl, task_id=load_data_to_postgres, run_id=manual__2024-07-11T12:57:33.019918+00:00, execution_date=20240711T125733, start_date=20240711T125806, end_date=20240711T125806
[2024-07-11T12:58:06.741+0000] {local_task_job_runner.py:240} INFO - Task exited with return code 0
[2024-07-11T12:58:06.765+0000] {taskinstance.py:3503} INFO - 4 downstream tasks scheduled from follow-on schedule check
[2024-07-11T12:58:06.766+0000] {local_task_job_runner.py:222} INFO - ::endgroup::
