[2024-07-06T13:00:00.451+0000] {local_task_job_runner.py:120} INFO - ::group::Pre task execution logs
[2024-07-06T13:00:00.462+0000] {taskinstance.py:2076} INFO - Dependencies all met for dep_context=non-requeueable deps ti=<TaskInstance: market_etl.load_market_data manual__2024-07-06T12:59:43.775138+00:00 [queued]>
[2024-07-06T13:00:00.465+0000] {taskinstance.py:2076} INFO - Dependencies all met for dep_context=requeueable deps ti=<TaskInstance: market_etl.load_market_data manual__2024-07-06T12:59:43.775138+00:00 [queued]>
[2024-07-06T13:00:00.466+0000] {taskinstance.py:2306} INFO - Starting attempt 1 of 4
[2024-07-06T13:00:00.471+0000] {taskinstance.py:2330} INFO - Executing <Task(_PythonDecoratedOperator): load_market_data> on 2024-07-06 12:59:43.775138+00:00
[2024-07-06T13:00:00.475+0000] {warnings.py:112} WARNING - /home/***/.local/lib/python3.12/site-packages/***/task/task_runner/standard_task_runner.py:61: DeprecationWarning: This process (pid=61) is multi-threaded, use of fork() may lead to deadlocks in the child.
  pid = os.fork()

[2024-07-06T13:00:00.476+0000] {standard_task_runner.py:63} INFO - Started process 63 to run task
[2024-07-06T13:00:00.477+0000] {standard_task_runner.py:90} INFO - Running: ['***', 'tasks', 'run', 'market_etl', 'load_market_data', 'manual__2024-07-06T12:59:43.775138+00:00', '--job-id', '45', '--raw', '--subdir', 'DAGS_FOLDER/etl.py', '--cfg-path', '/tmp/tmpb1m37kct']
[2024-07-06T13:00:00.478+0000] {standard_task_runner.py:91} INFO - Job 45: Subtask load_market_data
[2024-07-06T13:00:00.498+0000] {task_command.py:426} INFO - Running <TaskInstance: market_etl.load_market_data manual__2024-07-06T12:59:43.775138+00:00 [running]> on host 03e268ada1a3
[2024-07-06T13:00:00.616+0000] {taskinstance.py:2648} INFO - Exporting env vars: AIRFLOW_CTX_DAG_OWNER='***' AIRFLOW_CTX_DAG_ID='market_etl' AIRFLOW_CTX_TASK_ID='load_market_data' AIRFLOW_CTX_EXECUTION_DATE='2024-07-06T12:59:43.775138+00:00' AIRFLOW_CTX_TRY_NUMBER='1' AIRFLOW_CTX_DAG_RUN_ID='manual__2024-07-06T12:59:43.775138+00:00'
[2024-07-06T13:00:00.617+0000] {taskinstance.py:430} INFO - ::endgroup::
[2024-07-06T13:00:00.621+0000] {base.py:84} INFO - Using connection ID 'market_database_conn' for task execution.
[2024-07-06T13:00:00.642+0000] {python.py:237} INFO - Done. Returned value was:     Symbol  ...  Close_Date
0     ADBL  ...  2024-07-04
1      AHL  ...  2024-07-04
2     AHPC  ...  2024-07-04
3    AKJCL  ...  2024-07-04
4     AKPL  ...  2024-07-04
..     ...  ...         ...
307   USHL  ...  2024-07-04
308   USLB  ...  2024-07-04
309   VLBS  ...  2024-07-04
310  VLUCL  ...  2024-07-04
311   WNLB  ...  2024-07-04

[312 rows x 15 columns]
[2024-07-06T13:00:00.653+0000] {taskinstance.py:441} INFO - ::group::Post task execution logs
[2024-07-06T13:00:00.668+0000] {taskinstance.py:1206} INFO - Marking task as SUCCESS. dag_id=market_etl, task_id=load_market_data, run_id=manual__2024-07-06T12:59:43.775138+00:00, execution_date=20240706T125943, start_date=20240706T130000, end_date=20240706T130000
[2024-07-06T13:00:00.705+0000] {local_task_job_runner.py:240} INFO - Task exited with return code 0
[2024-07-06T13:00:00.715+0000] {taskinstance.py:3503} INFO - 0 downstream tasks scheduled from follow-on schedule check
[2024-07-06T13:00:00.716+0000] {local_task_job_runner.py:222} INFO - ::endgroup::
