[2024-06-25T09:54:42.715+0000] {local_task_job_runner.py:120} INFO - ::group::Pre task execution logs
[2024-06-25T09:54:42.732+0000] {taskinstance.py:2076} INFO - Dependencies all met for dep_context=non-requeueable deps ti=<TaskInstance: market_etl.flatten_market_data manual__2024-06-25T09:54:37.687711+00:00 [queued]>
[2024-06-25T09:54:42.738+0000] {taskinstance.py:2076} INFO - Dependencies all met for dep_context=requeueable deps ti=<TaskInstance: market_etl.flatten_market_data manual__2024-06-25T09:54:37.687711+00:00 [queued]>
[2024-06-25T09:54:42.739+0000] {taskinstance.py:2306} INFO - Starting attempt 1 of 4
[2024-06-25T09:54:42.746+0000] {taskinstance.py:2330} INFO - Executing <Task(_PythonDecoratedOperator): flatten_market_data> on 2024-06-25 09:54:37.687711+00:00
[2024-06-25T09:54:42.754+0000] {warnings.py:112} WARNING - /home/airflow/.local/lib/python3.12/site-packages/airflow/task/task_runner/standard_task_runner.py:61: DeprecationWarning: This process (pid=57) is multi-threaded, use of fork() may lead to deadlocks in the child.
  pid = os.fork()

[2024-06-25T09:54:42.755+0000] {standard_task_runner.py:63} INFO - Started process 59 to run task
[2024-06-25T09:54:42.755+0000] {standard_task_runner.py:90} INFO - Running: ['airflow', 'tasks', 'run', 'market_etl', 'flatten_market_data', 'manual__2024-06-25T09:54:37.687711+00:00', '--job-id', '22', '--raw', '--subdir', 'DAGS_FOLDER/etl.py', '--cfg-path', '/tmp/tmptph2e6tn']
[2024-06-25T09:54:42.757+0000] {standard_task_runner.py:91} INFO - Job 22: Subtask flatten_market_data
[2024-06-25T09:54:42.799+0000] {task_command.py:426} INFO - Running <TaskInstance: market_etl.flatten_market_data manual__2024-06-25T09:54:37.687711+00:00 [running]> on host f3f48f0457b9
[2024-06-25T09:54:42.887+0000] {taskinstance.py:2648} INFO - Exporting env vars: AIRFLOW_CTX_DAG_OWNER='airflow' AIRFLOW_CTX_DAG_ID='market_etl' AIRFLOW_CTX_TASK_ID='flatten_market_data' AIRFLOW_CTX_EXECUTION_DATE='2024-06-25T09:54:37.687711+00:00' AIRFLOW_CTX_TRY_NUMBER='1' AIRFLOW_CTX_DAG_RUN_ID='manual__2024-06-25T09:54:37.687711+00:00'
[2024-06-25T09:54:42.888+0000] {taskinstance.py:430} INFO - ::endgroup::
[2024-06-25T09:54:42.890+0000] {python.py:237} INFO - Done. Returned value was:   status        from symbol  open  high   low close volume
0     OK  2024-06-25   AMZN  None  None  None  None   None
[2024-06-25T09:54:42.899+0000] {taskinstance.py:441} INFO - ::group::Post task execution logs
[2024-06-25T09:54:42.943+0000] {taskinstance.py:1206} INFO - Marking task as SUCCESS. dag_id=market_etl, task_id=flatten_market_data, run_id=manual__2024-06-25T09:54:37.687711+00:00, execution_date=20240625T095437, start_date=20240625T095442, end_date=20240625T095442
[2024-06-25T09:54:42.978+0000] {local_task_job_runner.py:240} INFO - Task exited with return code 0
[2024-06-25T09:54:42.996+0000] {taskinstance.py:3503} INFO - 1 downstream tasks scheduled from follow-on schedule check
[2024-06-25T09:54:42.997+0000] {local_task_job_runner.py:222} INFO - ::endgroup::
