[2024-07-10T14:31:52.412+0000] {local_task_job_runner.py:120} INFO - ::group::Pre task execution logs
[2024-07-10T14:31:52.437+0000] {taskinstance.py:2076} INFO - Dependencies all met for dep_context=non-requeueable deps ti=<TaskInstance: market_etl.load_data_to_postgres manual__2024-07-10T14:31:26.224326+00:00 [queued]>
[2024-07-10T14:31:52.445+0000] {taskinstance.py:2076} INFO - Dependencies all met for dep_context=requeueable deps ti=<TaskInstance: market_etl.load_data_to_postgres manual__2024-07-10T14:31:26.224326+00:00 [queued]>
[2024-07-10T14:31:52.445+0000] {taskinstance.py:2306} INFO - Starting attempt 1 of 4
[2024-07-10T14:31:52.455+0000] {taskinstance.py:2330} INFO - Executing <Task(_PythonDecoratedOperator): load_data_to_postgres> on 2024-07-10 14:31:26.224326+00:00
[2024-07-10T14:31:52.466+0000] {warnings.py:112} WARNING - /home/airflow/.local/lib/python3.12/site-packages/airflow/task/task_runner/standard_task_runner.py:61: DeprecationWarning: This process (pid=128) is multi-threaded, use of fork() may lead to deadlocks in the child.
  pid = os.fork()

[2024-07-10T14:31:52.467+0000] {standard_task_runner.py:63} INFO - Started process 137 to run task
[2024-07-10T14:31:52.468+0000] {standard_task_runner.py:90} INFO - Running: ['airflow', 'tasks', 'run', 'market_etl', 'load_data_to_postgres', 'manual__2024-07-10T14:31:26.224326+00:00', '--job-id', '826', '--raw', '--subdir', 'DAGS_FOLDER/etl.py', '--cfg-path', '/tmp/tmp34ke1qgt']
[2024-07-10T14:31:52.470+0000] {standard_task_runner.py:91} INFO - Job 826: Subtask load_data_to_postgres
[2024-07-10T14:31:52.545+0000] {task_command.py:426} INFO - Running <TaskInstance: market_etl.load_data_to_postgres manual__2024-07-10T14:31:26.224326+00:00 [running]> on host 514b016b59c3
[2024-07-10T14:31:53.002+0000] {taskinstance.py:2648} INFO - Exporting env vars: AIRFLOW_CTX_DAG_OWNER='airflow' AIRFLOW_CTX_DAG_ID='market_etl' AIRFLOW_CTX_TASK_ID='load_data_to_postgres' AIRFLOW_CTX_EXECUTION_DATE='2024-07-10T14:31:26.224326+00:00' AIRFLOW_CTX_TRY_NUMBER='1' AIRFLOW_CTX_DAG_RUN_ID='manual__2024-07-10T14:31:26.224326+00:00'
[2024-07-10T14:31:53.005+0000] {taskinstance.py:430} INFO - ::endgroup::
[2024-07-10T14:31:53.029+0000] {base.py:84} INFO - Using connection ID 'market_database_conn' for task execution.
[2024-07-10T14:31:53.160+0000] {python.py:237} INFO - Done. Returned value was: None
[2024-07-10T14:31:53.161+0000] {taskinstance.py:441} INFO - ::group::Post task execution logs
[2024-07-10T14:31:53.173+0000] {taskinstance.py:1206} INFO - Marking task as SUCCESS. dag_id=market_etl, task_id=load_data_to_postgres, run_id=manual__2024-07-10T14:31:26.224326+00:00, execution_date=20240710T143126, start_date=20240710T143152, end_date=20240710T143153
[2024-07-10T14:31:53.225+0000] {local_task_job_runner.py:240} INFO - Task exited with return code 0
[2024-07-10T14:31:53.254+0000] {taskinstance.py:3503} INFO - 0 downstream tasks scheduled from follow-on schedule check
[2024-07-10T14:31:53.255+0000] {local_task_job_runner.py:222} INFO - ::endgroup::
