[2024-07-10T09:15:16.171+0000] {local_task_job_runner.py:120} INFO - ::group::Pre task execution logs
[2024-07-10T09:15:16.197+0000] {taskinstance.py:2076} INFO - Dependencies all met for dep_context=non-requeueable deps ti=<TaskInstance: market_etl.create_fact_table scheduled__2024-06-30T06:15:00+00:00 [queued]>
[2024-07-10T09:15:16.218+0000] {taskinstance.py:2076} INFO - Dependencies all met for dep_context=requeueable deps ti=<TaskInstance: market_etl.create_fact_table scheduled__2024-06-30T06:15:00+00:00 [queued]>
[2024-07-10T09:15:16.221+0000] {taskinstance.py:2306} INFO - Starting attempt 1 of 4
[2024-07-10T09:15:16.247+0000] {taskinstance.py:2330} INFO - Executing <Task(_PythonDecoratedOperator): create_fact_table> on 2024-06-30 06:15:00+00:00
[2024-07-10T09:15:16.286+0000] {warnings.py:112} WARNING - /home/airflow/.local/lib/python3.12/site-packages/airflow/task/task_runner/standard_task_runner.py:61: DeprecationWarning: This process (pid=565) is multi-threaded, use of fork() may lead to deadlocks in the child.
  pid = os.fork()

[2024-07-10T09:15:16.288+0000] {standard_task_runner.py:63} INFO - Started process 574 to run task
[2024-07-10T09:15:16.290+0000] {standard_task_runner.py:90} INFO - Running: ['airflow', 'tasks', 'run', 'market_etl', 'create_fact_table', 'scheduled__2024-06-30T06:15:00+00:00', '--job-id', '334', '--raw', '--subdir', 'DAGS_FOLDER/etl.py', '--cfg-path', '/tmp/tmpzsr8yw8d']
[2024-07-10T09:15:16.294+0000] {standard_task_runner.py:91} INFO - Job 334: Subtask create_fact_table
[2024-07-10T09:15:16.434+0000] {task_command.py:426} INFO - Running <TaskInstance: market_etl.create_fact_table scheduled__2024-06-30T06:15:00+00:00 [running]> on host 514b016b59c3
[2024-07-10T09:15:16.836+0000] {taskinstance.py:2648} INFO - Exporting env vars: AIRFLOW_CTX_DAG_OWNER='airflow' AIRFLOW_CTX_DAG_ID='market_etl' AIRFLOW_CTX_TASK_ID='create_fact_table' AIRFLOW_CTX_EXECUTION_DATE='2024-06-30T06:15:00+00:00' AIRFLOW_CTX_TRY_NUMBER='1' AIRFLOW_CTX_DAG_RUN_ID='scheduled__2024-06-30T06:15:00+00:00'
[2024-07-10T09:15:16.840+0000] {taskinstance.py:430} INFO - ::endgroup::
[2024-07-10T09:15:16.852+0000] {python.py:237} INFO - Done. Returned value was:     SECURITY_ID BUSINESS_DATE  ...  AVERAGE_TRADED_PRICE          STOCK_ID
0          ADBL    2024-07-09  ...                285.25   ADBL_2024-07-09
1           AHL    2024-07-09  ...                518.39    AHL_2024-07-09
2          AHPC    2024-07-09  ...                154.33   AHPC_2024-07-09
3         AKJCL    2024-07-09  ...                221.13  AKJCL_2024-07-09
4          AKPL    2024-07-09  ...                163.25   AKPL_2024-07-09
..          ...           ...  ...                   ...               ...
310        USHL    2024-07-09  ...                580.62   USHL_2024-07-09
311        USLB    2024-07-09  ...               1748.07   USLB_2024-07-09
312        VLBS    2024-07-09  ...               1044.35   VLBS_2024-07-09
313       VLUCL    2024-07-09  ...                511.52  VLUCL_2024-07-09
314        WNLB    2024-07-09  ...               1511.85   WNLB_2024-07-09

[315 rows x 8 columns]
[2024-07-10T09:15:16.871+0000] {taskinstance.py:441} INFO - ::group::Post task execution logs
[2024-07-10T09:15:16.944+0000] {taskinstance.py:1206} INFO - Marking task as SUCCESS. dag_id=market_etl, task_id=create_fact_table, run_id=scheduled__2024-06-30T06:15:00+00:00, execution_date=20240630T061500, start_date=20240710T091516, end_date=20240710T091516
[2024-07-10T09:15:16.969+0000] {local_task_job_runner.py:240} INFO - Task exited with return code 0
[2024-07-10T09:15:17.031+0000] {local_task_job_runner.py:222} INFO - ::endgroup::
[2024-07-10T09:24:12.886+0000] {local_task_job_runner.py:120} INFO - ::group::Pre task execution logs
[2024-07-10T09:24:12.907+0000] {taskinstance.py:2076} INFO - Dependencies all met for dep_context=non-requeueable deps ti=<TaskInstance: market_etl.create_fact_table scheduled__2024-06-30T06:15:00+00:00 [queued]>
[2024-07-10T09:24:12.914+0000] {taskinstance.py:2076} INFO - Dependencies all met for dep_context=requeueable deps ti=<TaskInstance: market_etl.create_fact_table scheduled__2024-06-30T06:15:00+00:00 [queued]>
[2024-07-10T09:24:12.915+0000] {taskinstance.py:2306} INFO - Starting attempt 1 of 4
[2024-07-10T09:24:12.934+0000] {taskinstance.py:2330} INFO - Executing <Task(_PythonDecoratedOperator): create_fact_table> on 2024-06-30 06:15:00+00:00
[2024-07-10T09:24:12.954+0000] {warnings.py:112} WARNING - /home/airflow/.local/lib/python3.12/site-packages/airflow/task/task_runner/standard_task_runner.py:61: DeprecationWarning: This process (pid=566) is multi-threaded, use of fork() may lead to deadlocks in the child.
  pid = os.fork()

[2024-07-10T09:24:12.957+0000] {standard_task_runner.py:63} INFO - Started process 573 to run task
[2024-07-10T09:24:12.958+0000] {standard_task_runner.py:90} INFO - Running: ['airflow', 'tasks', 'run', 'market_etl', 'create_fact_table', 'scheduled__2024-06-30T06:15:00+00:00', '--job-id', '458', '--raw', '--subdir', 'DAGS_FOLDER/etl.py', '--cfg-path', '/tmp/tmpisxys2nu']
[2024-07-10T09:24:12.964+0000] {standard_task_runner.py:91} INFO - Job 458: Subtask create_fact_table
[2024-07-10T09:24:13.226+0000] {task_command.py:426} INFO - Running <TaskInstance: market_etl.create_fact_table scheduled__2024-06-30T06:15:00+00:00 [running]> on host 514b016b59c3
[2024-07-10T09:24:13.547+0000] {taskinstance.py:2648} INFO - Exporting env vars: AIRFLOW_CTX_DAG_OWNER='airflow' AIRFLOW_CTX_DAG_ID='market_etl' AIRFLOW_CTX_TASK_ID='create_fact_table' AIRFLOW_CTX_EXECUTION_DATE='2024-06-30T06:15:00+00:00' AIRFLOW_CTX_TRY_NUMBER='1' AIRFLOW_CTX_DAG_RUN_ID='scheduled__2024-06-30T06:15:00+00:00'
[2024-07-10T09:24:13.549+0000] {taskinstance.py:430} INFO - ::endgroup::
[2024-07-10T09:24:13.559+0000] {python.py:237} INFO - Done. Returned value was:     SECURITY_ID BUSINESS_DATE  ...          STOCK_ID                   PRICE_ID
0          ADBL    2024-07-09  ...   ADBL_2024-07-09   ADBL_2024-07-09 00:00:00
1           AHL    2024-07-09  ...    AHL_2024-07-09    AHL_2024-07-09 00:00:00
2          AHPC    2024-07-09  ...   AHPC_2024-07-09   AHPC_2024-07-09 00:00:00
3         AKJCL    2024-07-09  ...  AKJCL_2024-07-09  AKJCL_2024-07-09 00:00:00
4          AKPL    2024-07-09  ...   AKPL_2024-07-09   AKPL_2024-07-09 00:00:00
..          ...           ...  ...               ...                        ...
310        USHL    2024-07-09  ...   USHL_2024-07-09   USHL_2024-07-09 00:00:00
311        USLB    2024-07-09  ...   USLB_2024-07-09   USLB_2024-07-09 00:00:00
312        VLBS    2024-07-09  ...   VLBS_2024-07-09   VLBS_2024-07-09 00:00:00
313       VLUCL    2024-07-09  ...  VLUCL_2024-07-09  VLUCL_2024-07-09 00:00:00
314        WNLB    2024-07-09  ...   WNLB_2024-07-09   WNLB_2024-07-09 00:00:00

[315 rows x 9 columns]
[2024-07-10T09:24:13.582+0000] {taskinstance.py:441} INFO - ::group::Post task execution logs
[2024-07-10T09:24:13.647+0000] {taskinstance.py:1206} INFO - Marking task as SUCCESS. dag_id=market_etl, task_id=create_fact_table, run_id=scheduled__2024-06-30T06:15:00+00:00, execution_date=20240630T061500, start_date=20240710T092412, end_date=20240710T092413
[2024-07-10T09:24:13.721+0000] {local_task_job_runner.py:240} INFO - Task exited with return code 0
[2024-07-10T09:24:13.778+0000] {local_task_job_runner.py:222} INFO - ::endgroup::
[2024-07-10T09:53:57.417+0000] {local_task_job_runner.py:120} INFO - ::group::Pre task execution logs
[2024-07-10T09:53:57.434+0000] {taskinstance.py:2076} INFO - Dependencies all met for dep_context=non-requeueable deps ti=<TaskInstance: market_etl.create_fact_table scheduled__2024-06-30T06:15:00+00:00 [queued]>
[2024-07-10T09:53:57.441+0000] {taskinstance.py:2076} INFO - Dependencies all met for dep_context=requeueable deps ti=<TaskInstance: market_etl.create_fact_table scheduled__2024-06-30T06:15:00+00:00 [queued]>
[2024-07-10T09:53:57.441+0000] {taskinstance.py:2306} INFO - Starting attempt 1 of 4
[2024-07-10T09:53:57.452+0000] {taskinstance.py:2330} INFO - Executing <Task(_PythonDecoratedOperator): create_fact_table> on 2024-06-30 06:15:00+00:00
[2024-07-10T09:53:57.474+0000] {warnings.py:112} WARNING - /home/airflow/.local/lib/python3.12/site-packages/airflow/task/task_runner/standard_task_runner.py:61: DeprecationWarning: This process (pid=557) is multi-threaded, use of fork() may lead to deadlocks in the child.
  pid = os.fork()

[2024-07-10T09:53:57.479+0000] {standard_task_runner.py:63} INFO - Started process 565 to run task
[2024-07-10T09:53:57.478+0000] {standard_task_runner.py:90} INFO - Running: ['airflow', 'tasks', 'run', 'market_etl', 'create_fact_table', 'scheduled__2024-06-30T06:15:00+00:00', '--job-id', '584', '--raw', '--subdir', 'DAGS_FOLDER/etl.py', '--cfg-path', '/tmp/tmpb2ak0h_w']
[2024-07-10T09:53:57.483+0000] {standard_task_runner.py:91} INFO - Job 584: Subtask create_fact_table
[2024-07-10T09:53:57.565+0000] {task_command.py:426} INFO - Running <TaskInstance: market_etl.create_fact_table scheduled__2024-06-30T06:15:00+00:00 [running]> on host 514b016b59c3
[2024-07-10T09:53:57.880+0000] {taskinstance.py:2648} INFO - Exporting env vars: AIRFLOW_CTX_DAG_OWNER='airflow' AIRFLOW_CTX_DAG_ID='market_etl' AIRFLOW_CTX_TASK_ID='create_fact_table' AIRFLOW_CTX_EXECUTION_DATE='2024-06-30T06:15:00+00:00' AIRFLOW_CTX_TRY_NUMBER='1' AIRFLOW_CTX_DAG_RUN_ID='scheduled__2024-06-30T06:15:00+00:00'
[2024-07-10T09:53:57.882+0000] {taskinstance.py:430} INFO - ::endgroup::
[2024-07-10T09:53:57.894+0000] {python.py:237} INFO - Done. Returned value was:     SECURITY_ID BUSINESS_DATE  ...          STOCK_ID          PRICE_ID
0          ADBL    2024-07-09  ...   ADBL_2024-07-09   ADBL_2024-07-09
1           AHL    2024-07-09  ...    AHL_2024-07-09    AHL_2024-07-09
2          AHPC    2024-07-09  ...   AHPC_2024-07-09   AHPC_2024-07-09
3         AKJCL    2024-07-09  ...  AKJCL_2024-07-09  AKJCL_2024-07-09
4          AKPL    2024-07-09  ...   AKPL_2024-07-09   AKPL_2024-07-09
..          ...           ...  ...               ...               ...
310        USHL    2024-07-09  ...   USHL_2024-07-09   USHL_2024-07-09
311        USLB    2024-07-09  ...   USLB_2024-07-09   USLB_2024-07-09
312        VLBS    2024-07-09  ...   VLBS_2024-07-09   VLBS_2024-07-09
313       VLUCL    2024-07-09  ...  VLUCL_2024-07-09  VLUCL_2024-07-09
314        WNLB    2024-07-09  ...   WNLB_2024-07-09   WNLB_2024-07-09

[315 rows x 9 columns]
[2024-07-10T09:53:57.905+0000] {taskinstance.py:441} INFO - ::group::Post task execution logs
[2024-07-10T09:53:57.957+0000] {taskinstance.py:1206} INFO - Marking task as SUCCESS. dag_id=market_etl, task_id=create_fact_table, run_id=scheduled__2024-06-30T06:15:00+00:00, execution_date=20240630T061500, start_date=20240710T095357, end_date=20240710T095357
[2024-07-10T09:53:57.990+0000] {local_task_job_runner.py:240} INFO - Task exited with return code 0
[2024-07-10T09:53:58.019+0000] {local_task_job_runner.py:222} INFO - ::endgroup::
[2024-07-10T11:36:00.899+0000] {local_task_job_runner.py:120} INFO - ::group::Pre task execution logs
[2024-07-10T11:36:00.943+0000] {taskinstance.py:2076} INFO - Dependencies all met for dep_context=non-requeueable deps ti=<TaskInstance: market_etl.create_fact_table scheduled__2024-06-30T06:15:00+00:00 [queued]>
[2024-07-10T11:36:00.957+0000] {taskinstance.py:2076} INFO - Dependencies all met for dep_context=requeueable deps ti=<TaskInstance: market_etl.create_fact_table scheduled__2024-06-30T06:15:00+00:00 [queued]>
[2024-07-10T11:36:00.958+0000] {taskinstance.py:2306} INFO - Starting attempt 1 of 4
[2024-07-10T11:36:00.977+0000] {taskinstance.py:2330} INFO - Executing <Task(_PythonDecoratedOperator): create_fact_table> on 2024-06-30 06:15:00+00:00
[2024-07-10T11:36:00.993+0000] {warnings.py:112} WARNING - /home/airflow/.local/lib/python3.12/site-packages/airflow/task/task_runner/standard_task_runner.py:61: DeprecationWarning: This process (pid=678) is multi-threaded, use of fork() may lead to deadlocks in the child.
  pid = os.fork()

[2024-07-10T11:36:00.998+0000] {standard_task_runner.py:63} INFO - Started process 684 to run task
[2024-07-10T11:36:00.997+0000] {standard_task_runner.py:90} INFO - Running: ['airflow', 'tasks', 'run', 'market_etl', 'create_fact_table', 'scheduled__2024-06-30T06:15:00+00:00', '--job-id', '738', '--raw', '--subdir', 'DAGS_FOLDER/etl.py', '--cfg-path', '/tmp/tmpwkpx5z6p']
[2024-07-10T11:36:01.003+0000] {standard_task_runner.py:91} INFO - Job 738: Subtask create_fact_table
[2024-07-10T11:36:01.254+0000] {task_command.py:426} INFO - Running <TaskInstance: market_etl.create_fact_table scheduled__2024-06-30T06:15:00+00:00 [running]> on host 514b016b59c3
[2024-07-10T11:36:01.727+0000] {taskinstance.py:2648} INFO - Exporting env vars: AIRFLOW_CTX_DAG_OWNER='airflow' AIRFLOW_CTX_DAG_ID='market_etl' AIRFLOW_CTX_TASK_ID='create_fact_table' AIRFLOW_CTX_EXECUTION_DATE='2024-06-30T06:15:00+00:00' AIRFLOW_CTX_TRY_NUMBER='1' AIRFLOW_CTX_DAG_RUN_ID='scheduled__2024-06-30T06:15:00+00:00'
[2024-07-10T11:36:01.730+0000] {taskinstance.py:430} INFO - ::endgroup::
[2024-07-10T11:36:01.755+0000] {python.py:237} INFO - Done. Returned value was:     SECURITY_ID  ...                                           PRICE_ID
0          ADBL  ...  ADBL_<bound method Timestamp.date of Timestamp...
1           AHL  ...  AHL_<bound method Timestamp.date of Timestamp(...
2          AHPC  ...  AHPC_<bound method Timestamp.date of Timestamp...
3         AKJCL  ...  AKJCL_<bound method Timestamp.date of Timestam...
4          AKPL  ...  AKPL_<bound method Timestamp.date of Timestamp...
..          ...  ...                                                ...
310        USHL  ...  USHL_<bound method Timestamp.date of Timestamp...
311        USLB  ...  USLB_<bound method Timestamp.date of Timestamp...
312        VLBS  ...  VLBS_<bound method Timestamp.date of Timestamp...
313       VLUCL  ...  VLUCL_<bound method Timestamp.date of Timestam...
314        WNLB  ...  WNLB_<bound method Timestamp.date of Timestamp...

[315 rows x 9 columns]
[2024-07-10T11:36:01.801+0000] {taskinstance.py:441} INFO - ::group::Post task execution logs
[2024-07-10T11:36:01.863+0000] {taskinstance.py:1206} INFO - Marking task as SUCCESS. dag_id=market_etl, task_id=create_fact_table, run_id=scheduled__2024-06-30T06:15:00+00:00, execution_date=20240630T061500, start_date=20240710T113600, end_date=20240710T113601
[2024-07-10T11:36:01.927+0000] {local_task_job_runner.py:240} INFO - Task exited with return code 0
[2024-07-10T11:36:01.958+0000] {local_task_job_runner.py:222} INFO - ::endgroup::
[2024-07-11T08:18:57.644+0000] {local_task_job_runner.py:120} INFO - ::group::Pre task execution logs
[2024-07-11T08:18:57.662+0000] {taskinstance.py:2076} INFO - Dependencies all met for dep_context=non-requeueable deps ti=<TaskInstance: market_etl.create_fact_table scheduled__2024-06-30T06:15:00+00:00 [queued]>
[2024-07-11T08:18:57.668+0000] {taskinstance.py:2076} INFO - Dependencies all met for dep_context=requeueable deps ti=<TaskInstance: market_etl.create_fact_table scheduled__2024-06-30T06:15:00+00:00 [queued]>
[2024-07-11T08:18:57.668+0000] {taskinstance.py:2306} INFO - Starting attempt 1 of 4
[2024-07-11T08:18:57.676+0000] {taskinstance.py:2330} INFO - Executing <Task(_PythonDecoratedOperator): create_fact_table> on 2024-06-30 06:15:00+00:00
[2024-07-11T08:18:57.681+0000] {warnings.py:112} WARNING - /home/airflow/.local/lib/python3.12/site-packages/airflow/task/task_runner/standard_task_runner.py:61: DeprecationWarning: This process (pid=475) is multi-threaded, use of fork() may lead to deadlocks in the child.
  pid = os.fork()

[2024-07-11T08:18:57.683+0000] {standard_task_runner.py:63} INFO - Started process 490 to run task
[2024-07-11T08:18:57.684+0000] {standard_task_runner.py:90} INFO - Running: ['airflow', 'tasks', 'run', 'market_etl', 'create_fact_table', 'scheduled__2024-06-30T06:15:00+00:00', '--job-id', '1125', '--raw', '--subdir', 'DAGS_FOLDER/etl.py', '--cfg-path', '/tmp/tmprv86j79b']
[2024-07-11T08:18:57.686+0000] {standard_task_runner.py:91} INFO - Job 1125: Subtask create_fact_table
[2024-07-11T08:18:57.759+0000] {task_command.py:426} INFO - Running <TaskInstance: market_etl.create_fact_table scheduled__2024-06-30T06:15:00+00:00 [running]> on host aa283b53dd54
[2024-07-11T08:18:57.929+0000] {taskinstance.py:2648} INFO - Exporting env vars: AIRFLOW_CTX_DAG_OWNER='airflow' AIRFLOW_CTX_DAG_ID='market_etl' AIRFLOW_CTX_TASK_ID='create_fact_table' AIRFLOW_CTX_EXECUTION_DATE='2024-06-30T06:15:00+00:00' AIRFLOW_CTX_TRY_NUMBER='1' AIRFLOW_CTX_DAG_RUN_ID='scheduled__2024-06-30T06:15:00+00:00'
[2024-07-11T08:18:57.930+0000] {taskinstance.py:430} INFO - ::endgroup::
[2024-07-11T08:18:57.936+0000] {python.py:237} INFO - Done. Returned value was:     SECURITY_ID BUSINESS_DATE  ...            STOCK_ID            PRICE_ID
0          ADBL    2024-07-10  ...     ADBL_2024-07-10     ADBL_2024-07-10
1       ADBLD83    2024-07-10  ...  ADBLD83_2024-07-10  ADBLD83_2024-07-10
2           AHL    2024-07-10  ...      AHL_2024-07-10      AHL_2024-07-10
3          AHPC    2024-07-10  ...     AHPC_2024-07-10     AHPC_2024-07-10
4         AKJCL    2024-07-10  ...    AKJCL_2024-07-10    AKJCL_2024-07-10
..          ...           ...  ...                 ...                 ...
316        USHL    2024-07-10  ...     USHL_2024-07-10     USHL_2024-07-10
317        USLB    2024-07-10  ...     USLB_2024-07-10     USLB_2024-07-10
318        VLBS    2024-07-10  ...     VLBS_2024-07-10     VLBS_2024-07-10
319       VLUCL    2024-07-10  ...    VLUCL_2024-07-10    VLUCL_2024-07-10
320        WNLB    2024-07-10  ...     WNLB_2024-07-10     WNLB_2024-07-10

[321 rows x 9 columns]
[2024-07-11T08:18:57.943+0000] {taskinstance.py:441} INFO - ::group::Post task execution logs
[2024-07-11T08:18:57.978+0000] {taskinstance.py:1206} INFO - Marking task as SUCCESS. dag_id=market_etl, task_id=create_fact_table, run_id=scheduled__2024-06-30T06:15:00+00:00, execution_date=20240630T061500, start_date=20240711T081857, end_date=20240711T081857
[2024-07-11T08:18:58.029+0000] {local_task_job_runner.py:240} INFO - Task exited with return code 0
[2024-07-11T08:18:58.052+0000] {taskinstance.py:3503} INFO - 0 downstream tasks scheduled from follow-on schedule check
[2024-07-11T08:18:58.053+0000] {local_task_job_runner.py:222} INFO - ::endgroup::
