[2024-06-26T14:56:22.659+0000] {local_task_job_runner.py:120} INFO - ::group::Pre task execution logs
[2024-06-26T14:56:22.673+0000] {taskinstance.py:2076} INFO - Dependencies all met for dep_context=non-requeueable deps ti=<TaskInstance: market_etl.hit_polygon_api manual__2024-06-26T14:56:21.179113+00:00 [queued]>
[2024-06-26T14:56:22.679+0000] {taskinstance.py:2076} INFO - Dependencies all met for dep_context=requeueable deps ti=<TaskInstance: market_etl.hit_polygon_api manual__2024-06-26T14:56:21.179113+00:00 [queued]>
[2024-06-26T14:56:22.679+0000] {taskinstance.py:2306} INFO - Starting attempt 1 of 4
[2024-06-26T14:56:22.687+0000] {taskinstance.py:2330} INFO - Executing <Task(_PythonDecoratedOperator): hit_polygon_api> on 2024-06-26 14:56:21.179113+00:00
[2024-06-26T14:56:22.691+0000] {warnings.py:112} WARNING - /home/airflow/.local/lib/python3.12/site-packages/airflow/task/task_runner/standard_task_runner.py:61: DeprecationWarning: This process (pid=55) is multi-threaded, use of fork() may lead to deadlocks in the child.
  pid = os.fork()

[2024-06-26T14:56:22.692+0000] {standard_task_runner.py:63} INFO - Started process 57 to run task
[2024-06-26T14:56:22.693+0000] {standard_task_runner.py:90} INFO - Running: ['airflow', 'tasks', 'run', 'market_etl', 'hit_polygon_api', 'manual__2024-06-26T14:56:21.179113+00:00', '--job-id', '178', '--raw', '--subdir', 'DAGS_FOLDER/etl.py', '--cfg-path', '/tmp/tmpzznlhpdx']
[2024-06-26T14:56:22.695+0000] {standard_task_runner.py:91} INFO - Job 178: Subtask hit_polygon_api
[2024-06-26T14:56:22.734+0000] {task_command.py:426} INFO - Running <TaskInstance: market_etl.hit_polygon_api manual__2024-06-26T14:56:21.179113+00:00 [running]> on host f3f48f0457b9
[2024-06-26T14:56:22.813+0000] {taskinstance.py:2648} INFO - Exporting env vars: AIRFLOW_CTX_DAG_OWNER='airflow' AIRFLOW_CTX_DAG_ID='market_etl' AIRFLOW_CTX_TASK_ID='hit_polygon_api' AIRFLOW_CTX_EXECUTION_DATE='2024-06-26T14:56:21.179113+00:00' AIRFLOW_CTX_TRY_NUMBER='1' AIRFLOW_CTX_DAG_RUN_ID='manual__2024-06-26T14:56:21.179113+00:00'
[2024-06-26T14:56:22.814+0000] {taskinstance.py:430} INFO - ::endgroup::
[2024-06-26T14:56:22.816+0000] {taskinstance.py:441} INFO - ::group::Post task execution logs
[2024-06-26T14:56:22.816+0000] {taskinstance.py:2905} ERROR - Task failed with exception
Traceback (most recent call last):
  File "/home/airflow/.local/lib/python3.12/site-packages/airflow/models/taskinstance.py", line 465, in _execute_task
    result = _execute_callable(context=context, **execute_callable_kwargs)
             ^^^^^^^^^^^^^^^^^^^^^^^^^^^^^^^^^^^^^^^^^^^^^^^^^^^^^^^^^^^^^
  File "/home/airflow/.local/lib/python3.12/site-packages/airflow/models/taskinstance.py", line 432, in _execute_callable
    return execute_callable(context=context, **execute_callable_kwargs)
           ^^^^^^^^^^^^^^^^^^^^^^^^^^^^^^^^^^^^^^^^^^^^^^^^^^^^^^^^^^^^
  File "/home/airflow/.local/lib/python3.12/site-packages/airflow/models/baseoperator.py", line 401, in wrapper
    return func(self, *args, **kwargs)
           ^^^^^^^^^^^^^^^^^^^^^^^^^^^
  File "/home/airflow/.local/lib/python3.12/site-packages/airflow/decorators/base.py", line 265, in execute
    return_value = super().execute(context)
                   ^^^^^^^^^^^^^^^^^^^^^^^^
  File "/home/airflow/.local/lib/python3.12/site-packages/airflow/models/baseoperator.py", line 401, in wrapper
    return func(self, *args, **kwargs)
           ^^^^^^^^^^^^^^^^^^^^^^^^^^^
  File "/home/airflow/.local/lib/python3.12/site-packages/airflow/operators/python.py", line 235, in execute
    return_value = self.execute_callable()
                   ^^^^^^^^^^^^^^^^^^^^^^^
  File "/home/airflow/.local/lib/python3.12/site-packages/airflow/operators/python.py", line 252, in execute_callable
    return self.python_callable(*self.op_args, **self.op_kwargs)
           ^^^^^^^^^^^^^^^^^^^^^^^^^^^^^^^^^^^^^^^^^^^^^^^^^^^^^
  File "/opt/airflow/dags/etl.py", line 35, in hit_polygon_api
    response = requests.get(url)
               ^^^^^^^^^^^^^^^^^
  File "/home/airflow/.local/lib/python3.12/site-packages/requests/api.py", line 73, in get
    return request("get", url, params=params, **kwargs)
           ^^^^^^^^^^^^^^^^^^^^^^^^^^^^^^^^^^^^^^^^^^^^
  File "/home/airflow/.local/lib/python3.12/site-packages/requests/api.py", line 59, in request
    return session.request(method=method, url=url, **kwargs)
           ^^^^^^^^^^^^^^^^^^^^^^^^^^^^^^^^^^^^^^^^^^^^^^^^^
  File "/home/airflow/.local/lib/python3.12/site-packages/requests/sessions.py", line 589, in request
    resp = self.send(prep, **send_kwargs)
           ^^^^^^^^^^^^^^^^^^^^^^^^^^^^^^
  File "/home/airflow/.local/lib/python3.12/site-packages/requests/sessions.py", line 697, in send
    adapter = self.get_adapter(url=request.url)
              ^^^^^^^^^^^^^^^^^^^^^^^^^^^^^^^^^
  File "/home/airflow/.local/lib/python3.12/site-packages/requests/sessions.py", line 794, in get_adapter
    raise InvalidSchema(f"No connection adapters were found for {url!r}")
requests.exceptions.InvalidSchema: No connection adapters were found for "curl -X 'GET'         'http://0.0.0.0:8000/stocks_data_date?date=2024-06-24&page=1&page_size=5'         -H 'accept: application/json'"
[2024-06-26T14:56:22.829+0000] {taskinstance.py:1206} INFO - Marking task as UP_FOR_RETRY. dag_id=market_etl, task_id=hit_polygon_api, run_id=manual__2024-06-26T14:56:21.179113+00:00, execution_date=20240626T145621, start_date=20240626T145622, end_date=20240626T145622
[2024-06-26T14:56:22.838+0000] {standard_task_runner.py:110} ERROR - Failed to execute job 178 for task hit_polygon_api (No connection adapters were found for "curl -X 'GET'         'http://0.0.0.0:8000/stocks_data_date?date=2024-06-24&page=1&page_size=5'         -H 'accept: application/json'"; 57)
[2024-06-26T14:56:22.875+0000] {local_task_job_runner.py:240} INFO - Task exited with return code 1
[2024-06-26T14:56:22.896+0000] {taskinstance.py:3503} INFO - 0 downstream tasks scheduled from follow-on schedule check
[2024-06-26T14:56:22.897+0000] {local_task_job_runner.py:222} INFO - ::endgroup::
