[2024-07-11T08:17:55.984+0000] {local_task_job_runner.py:120} INFO - ::group::Pre task execution logs
[2024-07-11T08:17:55.999+0000] {taskinstance.py:2076} INFO - Dependencies all met for dep_context=non-requeueable deps ti=<TaskInstance: market_etl.upload_to_s3__1 manual__2024-07-11T08:17:01.030742+00:00 [queued]>
[2024-07-11T08:17:56.006+0000] {taskinstance.py:2076} INFO - Dependencies all met for dep_context=requeueable deps ti=<TaskInstance: market_etl.upload_to_s3__1 manual__2024-07-11T08:17:01.030742+00:00 [queued]>
[2024-07-11T08:17:56.007+0000] {taskinstance.py:2306} INFO - Starting attempt 1 of 4
[2024-07-11T08:17:56.027+0000] {taskinstance.py:2330} INFO - Executing <Task(_PythonDecoratedOperator): upload_to_s3__1> on 2024-07-11 08:17:01.030742+00:00
[2024-07-11T08:17:56.035+0000] {warnings.py:112} WARNING - /home/airflow/.local/lib/python3.12/site-packages/airflow/task/task_runner/standard_task_runner.py:61: DeprecationWarning: This process (pid=270) is multi-threaded, use of fork() may lead to deadlocks in the child.
  pid = os.fork()

[2024-07-11T08:17:56.037+0000] {standard_task_runner.py:63} INFO - Started process 279 to run task
[2024-07-11T08:17:56.038+0000] {standard_task_runner.py:90} INFO - Running: ['airflow', 'tasks', 'run', 'market_etl', 'upload_to_s3__1', 'manual__2024-07-11T08:17:01.030742+00:00', '--job-id', '1106', '--raw', '--subdir', 'DAGS_FOLDER/etl.py', '--cfg-path', '/tmp/tmp3ki24hgt']
[2024-07-11T08:17:56.040+0000] {standard_task_runner.py:91} INFO - Job 1106: Subtask upload_to_s3__1
[2024-07-11T08:17:56.104+0000] {task_command.py:426} INFO - Running <TaskInstance: market_etl.upload_to_s3__1 manual__2024-07-11T08:17:01.030742+00:00 [running]> on host aa283b53dd54
[2024-07-11T08:17:56.308+0000] {taskinstance.py:2648} INFO - Exporting env vars: AIRFLOW_CTX_DAG_OWNER='airflow' AIRFLOW_CTX_DAG_ID='market_etl' AIRFLOW_CTX_TASK_ID='upload_to_s3__1' AIRFLOW_CTX_EXECUTION_DATE='2024-07-11T08:17:01.030742+00:00' AIRFLOW_CTX_TRY_NUMBER='1' AIRFLOW_CTX_DAG_RUN_ID='manual__2024-07-11T08:17:01.030742+00:00'
[2024-07-11T08:17:56.310+0000] {taskinstance.py:430} INFO - ::endgroup::
[2024-07-11T08:17:56.324+0000] {base.py:84} INFO - Using connection ID 'aws_default' for task execution.
[2024-07-11T08:17:56.325+0000] {connection_wrapper.py:384} INFO - AWS Connection (conn_id='aws_default', conn_type='aws') credentials retrieved from login and password.
[2024-07-11T08:17:56.325+0000] {connection_wrapper.py:401} INFO - AWS Connection (conn_id='aws_default', conn_type='aws') session token retrieved from extra, please note you are responsible for renewing these.
[2024-07-11T08:17:58.187+0000] {python.py:237} INFO - Done. Returned value was: nepse_security_dimension_2024-07-11.csv
[2024-07-11T08:17:58.191+0000] {taskinstance.py:441} INFO - ::group::Post task execution logs
[2024-07-11T08:17:58.254+0000] {taskinstance.py:1206} INFO - Marking task as SUCCESS. dag_id=market_etl, task_id=upload_to_s3__1, run_id=manual__2024-07-11T08:17:01.030742+00:00, execution_date=20240711T081701, start_date=20240711T081756, end_date=20240711T081758
[2024-07-11T08:17:58.296+0000] {local_task_job_runner.py:240} INFO - Task exited with return code 0
[2024-07-11T08:17:58.341+0000] {taskinstance.py:3503} INFO - 0 downstream tasks scheduled from follow-on schedule check
[2024-07-11T08:17:58.346+0000] {local_task_job_runner.py:222} INFO - ::endgroup::
