[2024-07-10T09:16:34.082+0000] {local_task_job_runner.py:120} INFO - ::group::Pre task execution logs
[2024-07-10T09:16:34.133+0000] {taskinstance.py:2076} INFO - Dependencies all met for dep_context=non-requeueable deps ti=<TaskInstance: market_etl.create_price_dimension scheduled__2024-07-03T06:15:00+00:00 [queued]>
[2024-07-10T09:16:34.173+0000] {taskinstance.py:2076} INFO - Dependencies all met for dep_context=requeueable deps ti=<TaskInstance: market_etl.create_price_dimension scheduled__2024-07-03T06:15:00+00:00 [queued]>
[2024-07-10T09:16:34.175+0000] {taskinstance.py:2306} INFO - Starting attempt 1 of 4
[2024-07-10T09:16:34.217+0000] {taskinstance.py:2330} INFO - Executing <Task(_PythonDecoratedOperator): create_price_dimension> on 2024-07-03 06:15:00+00:00
[2024-07-10T09:16:34.232+0000] {warnings.py:112} WARNING - /home/airflow/.local/lib/python3.12/site-packages/airflow/task/task_runner/standard_task_runner.py:61: DeprecationWarning: This process (pid=816) is multi-threaded, use of fork() may lead to deadlocks in the child.
  pid = os.fork()

[2024-07-10T09:16:34.244+0000] {standard_task_runner.py:63} INFO - Started process 823 to run task
[2024-07-10T09:16:34.246+0000] {standard_task_runner.py:90} INFO - Running: ['airflow', 'tasks', 'run', 'market_etl', 'create_price_dimension', 'scheduled__2024-07-03T06:15:00+00:00', '--job-id', '360', '--raw', '--subdir', 'DAGS_FOLDER/etl.py', '--cfg-path', '/tmp/tmpuivavdtu']
[2024-07-10T09:16:34.251+0000] {standard_task_runner.py:91} INFO - Job 360: Subtask create_price_dimension
[2024-07-10T09:16:34.398+0000] {task_command.py:426} INFO - Running <TaskInstance: market_etl.create_price_dimension scheduled__2024-07-03T06:15:00+00:00 [running]> on host 514b016b59c3
[2024-07-10T09:16:34.784+0000] {taskinstance.py:2648} INFO - Exporting env vars: AIRFLOW_CTX_DAG_OWNER='airflow' AIRFLOW_CTX_DAG_ID='market_etl' AIRFLOW_CTX_TASK_ID='create_price_dimension' AIRFLOW_CTX_EXECUTION_DATE='2024-07-03T06:15:00+00:00' AIRFLOW_CTX_TRY_NUMBER='1' AIRFLOW_CTX_DAG_RUN_ID='scheduled__2024-07-03T06:15:00+00:00'
[2024-07-10T09:16:34.795+0000] {taskinstance.py:430} INFO - ::endgroup::
[2024-07-10T09:16:34.807+0000] {python.py:237} INFO - Done. Returned value was:     SECURITY_ID  OPEN_PRICE  ...  Close_Date                   PRICE_ID
0          ADBL       286.1  ...  2024-07-09   ADBL_2024-07-09 00:00:00
1           AHL       520.0  ...  2024-07-09    AHL_2024-07-09 00:00:00
2          AHPC       157.2  ...  2024-07-09   AHPC_2024-07-09 00:00:00
3         AKJCL       220.2  ...  2024-07-09  AKJCL_2024-07-09 00:00:00
4          AKPL       162.6  ...  2024-07-09   AKPL_2024-07-09 00:00:00
..          ...         ...  ...         ...                        ...
310        USHL       588.0  ...  2024-07-09   USHL_2024-07-09 00:00:00
311        USLB      1765.0  ...  2024-07-09   USLB_2024-07-09 00:00:00
312        VLBS      1050.0  ...  2024-07-09   VLBS_2024-07-09 00:00:00
313       VLUCL       508.0  ...  2024-07-09  VLUCL_2024-07-09 00:00:00
314        WNLB      1441.0  ...  2024-07-09   WNLB_2024-07-09 00:00:00

[315 rows x 9 columns]
[2024-07-10T09:16:34.819+0000] {taskinstance.py:441} INFO - ::group::Post task execution logs
[2024-07-10T09:16:34.853+0000] {taskinstance.py:1206} INFO - Marking task as SUCCESS. dag_id=market_etl, task_id=create_price_dimension, run_id=scheduled__2024-07-03T06:15:00+00:00, execution_date=20240703T061500, start_date=20240710T091634, end_date=20240710T091634
[2024-07-10T09:16:34.887+0000] {local_task_job_runner.py:240} INFO - Task exited with return code 0
[2024-07-10T09:16:34.940+0000] {taskinstance.py:3503} INFO - 0 downstream tasks scheduled from follow-on schedule check
[2024-07-10T09:16:34.942+0000] {local_task_job_runner.py:222} INFO - ::endgroup::
[2024-07-10T11:37:32.674+0000] {local_task_job_runner.py:120} INFO - ::group::Pre task execution logs
[2024-07-10T11:37:32.716+0000] {taskinstance.py:2076} INFO - Dependencies all met for dep_context=non-requeueable deps ti=<TaskInstance: market_etl.create_price_dimension scheduled__2024-07-03T06:15:00+00:00 [queued]>
[2024-07-10T11:37:32.740+0000] {taskinstance.py:2076} INFO - Dependencies all met for dep_context=requeueable deps ti=<TaskInstance: market_etl.create_price_dimension scheduled__2024-07-03T06:15:00+00:00 [queued]>
[2024-07-10T11:37:32.742+0000] {taskinstance.py:2306} INFO - Starting attempt 1 of 4
[2024-07-10T11:37:32.771+0000] {taskinstance.py:2330} INFO - Executing <Task(_PythonDecoratedOperator): create_price_dimension> on 2024-07-03 06:15:00+00:00
[2024-07-10T11:37:32.819+0000] {warnings.py:112} WARNING - /home/airflow/.local/lib/python3.12/site-packages/airflow/task/task_runner/standard_task_runner.py:61: DeprecationWarning: This process (pid=969) is multi-threaded, use of fork() may lead to deadlocks in the child.
  pid = os.fork()

[2024-07-10T11:37:32.827+0000] {standard_task_runner.py:63} INFO - Started process 973 to run task
[2024-07-10T11:37:32.832+0000] {standard_task_runner.py:90} INFO - Running: ['airflow', 'tasks', 'run', 'market_etl', 'create_price_dimension', 'scheduled__2024-07-03T06:15:00+00:00', '--job-id', '764', '--raw', '--subdir', 'DAGS_FOLDER/etl.py', '--cfg-path', '/tmp/tmpja5wn1dh']
[2024-07-10T11:37:32.844+0000] {standard_task_runner.py:91} INFO - Job 764: Subtask create_price_dimension
[2024-07-10T11:37:32.935+0000] {task_command.py:426} INFO - Running <TaskInstance: market_etl.create_price_dimension scheduled__2024-07-03T06:15:00+00:00 [running]> on host 514b016b59c3
[2024-07-10T11:37:33.291+0000] {taskinstance.py:2648} INFO - Exporting env vars: AIRFLOW_CTX_DAG_OWNER='airflow' AIRFLOW_CTX_DAG_ID='market_etl' AIRFLOW_CTX_TASK_ID='create_price_dimension' AIRFLOW_CTX_EXECUTION_DATE='2024-07-03T06:15:00+00:00' AIRFLOW_CTX_TRY_NUMBER='1' AIRFLOW_CTX_DAG_RUN_ID='scheduled__2024-07-03T06:15:00+00:00'
[2024-07-10T11:37:33.294+0000] {taskinstance.py:430} INFO - ::endgroup::
[2024-07-10T11:37:33.306+0000] {python.py:237} INFO - Done. Returned value was:     SECURITY_ID  OPEN_PRICE  ...  PREVIOUS_DAY_PRICE          PRICE_ID
0          ADBL       286.1  ...               280.5   ADBL_2024-07-09
1           AHL       520.0  ...               517.0    AHL_2024-07-09
2          AHPC       157.2  ...               155.0   AHPC_2024-07-09
3         AKJCL       220.2  ...               224.0  AKJCL_2024-07-09
4          AKPL       162.6  ...               162.5   AKPL_2024-07-09
..          ...         ...  ...                 ...               ...
310        USHL       588.0  ...               582.0   USHL_2024-07-09
311        USLB      1765.0  ...              1731.9   USLB_2024-07-09
312        VLBS      1050.0  ...              1030.0   VLBS_2024-07-09
313       VLUCL       508.0  ...               508.8  VLUCL_2024-07-09
314        WNLB      1441.0  ...              1449.0   WNLB_2024-07-09

[315 rows x 8 columns]
[2024-07-10T11:37:33.330+0000] {taskinstance.py:441} INFO - ::group::Post task execution logs
[2024-07-10T11:37:33.403+0000] {taskinstance.py:1206} INFO - Marking task as SUCCESS. dag_id=market_etl, task_id=create_price_dimension, run_id=scheduled__2024-07-03T06:15:00+00:00, execution_date=20240703T061500, start_date=20240710T113732, end_date=20240710T113733
[2024-07-10T11:37:33.431+0000] {local_task_job_runner.py:240} INFO - Task exited with return code 0
[2024-07-10T11:37:33.445+0000] {local_task_job_runner.py:222} INFO - ::endgroup::
[2024-07-11T08:20:32.047+0000] {local_task_job_runner.py:120} INFO - ::group::Pre task execution logs
[2024-07-11T08:20:32.063+0000] {taskinstance.py:2076} INFO - Dependencies all met for dep_context=non-requeueable deps ti=<TaskInstance: market_etl.create_price_dimension scheduled__2024-07-03T06:15:00+00:00 [queued]>
[2024-07-11T08:20:32.069+0000] {taskinstance.py:2076} INFO - Dependencies all met for dep_context=requeueable deps ti=<TaskInstance: market_etl.create_price_dimension scheduled__2024-07-03T06:15:00+00:00 [queued]>
[2024-07-11T08:20:32.069+0000] {taskinstance.py:2306} INFO - Starting attempt 1 of 4
[2024-07-11T08:20:32.077+0000] {taskinstance.py:2330} INFO - Executing <Task(_PythonDecoratedOperator): create_price_dimension> on 2024-07-03 06:15:00+00:00
[2024-07-11T08:20:32.085+0000] {warnings.py:112} WARNING - /home/airflow/.local/lib/python3.12/site-packages/airflow/task/task_runner/standard_task_runner.py:61: DeprecationWarning: This process (pid=924) is multi-threaded, use of fork() may lead to deadlocks in the child.
  pid = os.fork()

[2024-07-11T08:20:32.088+0000] {standard_task_runner.py:63} INFO - Started process 928 to run task
[2024-07-11T08:20:32.087+0000] {standard_task_runner.py:90} INFO - Running: ['airflow', 'tasks', 'run', 'market_etl', 'create_price_dimension', 'scheduled__2024-07-03T06:15:00+00:00', '--job-id', '1164', '--raw', '--subdir', 'DAGS_FOLDER/etl.py', '--cfg-path', '/tmp/tmpwp55sfm4']
[2024-07-11T08:20:32.089+0000] {standard_task_runner.py:91} INFO - Job 1164: Subtask create_price_dimension
[2024-07-11T08:20:32.159+0000] {task_command.py:426} INFO - Running <TaskInstance: market_etl.create_price_dimension scheduled__2024-07-03T06:15:00+00:00 [running]> on host aa283b53dd54
[2024-07-11T08:20:32.361+0000] {taskinstance.py:2648} INFO - Exporting env vars: AIRFLOW_CTX_DAG_OWNER='airflow' AIRFLOW_CTX_DAG_ID='market_etl' AIRFLOW_CTX_TASK_ID='create_price_dimension' AIRFLOW_CTX_EXECUTION_DATE='2024-07-03T06:15:00+00:00' AIRFLOW_CTX_TRY_NUMBER='1' AIRFLOW_CTX_DAG_RUN_ID='scheduled__2024-07-03T06:15:00+00:00'
[2024-07-11T08:20:32.363+0000] {taskinstance.py:430} INFO - ::endgroup::
[2024-07-11T08:20:32.368+0000] {python.py:237} INFO - Done. Returned value was:     SECURITY_ID  OPEN_PRICE  ...  PREVIOUS_DAY_PRICE            PRICE_ID
0          ADBL       283.0  ...               285.2     ADBL_2024-07-10
1       ADBLD83      1118.0  ...              1138.5  ADBLD83_2024-07-10
2           AHL       530.9  ...               521.3      AHL_2024-07-10
3          AHPC       154.0  ...               154.8     AHPC_2024-07-10
4         AKJCL       224.0  ...               221.0    AKJCL_2024-07-10
..          ...         ...  ...                 ...                 ...
316        USHL       580.0  ...               575.7     USHL_2024-07-10
317        USLB      1833.0  ...              1797.9     USLB_2024-07-10
318        VLBS      1060.0  ...              1050.0     VLBS_2024-07-10
319       VLUCL       520.0  ...               513.0    VLUCL_2024-07-10
320        WNLB      1550.0  ...              1522.0     WNLB_2024-07-10

[321 rows x 8 columns]
[2024-07-11T08:20:32.377+0000] {taskinstance.py:441} INFO - ::group::Post task execution logs
[2024-07-11T08:20:32.415+0000] {taskinstance.py:1206} INFO - Marking task as SUCCESS. dag_id=market_etl, task_id=create_price_dimension, run_id=scheduled__2024-07-03T06:15:00+00:00, execution_date=20240703T061500, start_date=20240711T082032, end_date=20240711T082032
[2024-07-11T08:20:32.439+0000] {local_task_job_runner.py:240} INFO - Task exited with return code 0
[2024-07-11T08:20:32.465+0000] {taskinstance.py:3503} INFO - 1 downstream tasks scheduled from follow-on schedule check
[2024-07-11T08:20:32.466+0000] {local_task_job_runner.py:222} INFO - ::endgroup::
