[2024-07-10T09:19:05.928+0000] {local_task_job_runner.py:120} INFO - ::group::Pre task execution logs
[2024-07-10T09:19:05.955+0000] {taskinstance.py:2076} INFO - Dependencies all met for dep_context=non-requeueable deps ti=<TaskInstance: market_etl.create_security_dimension scheduled__2024-07-07T06:15:00+00:00 [queued]>
[2024-07-10T09:19:05.965+0000] {taskinstance.py:2076} INFO - Dependencies all met for dep_context=requeueable deps ti=<TaskInstance: market_etl.create_security_dimension scheduled__2024-07-07T06:15:00+00:00 [queued]>
[2024-07-10T09:19:05.966+0000] {taskinstance.py:2306} INFO - Starting attempt 1 of 4
[2024-07-10T09:19:05.975+0000] {taskinstance.py:2330} INFO - Executing <Task(_PythonDecoratedOperator): create_security_dimension> on 2024-07-07 06:15:00+00:00
[2024-07-10T09:19:05.986+0000] {warnings.py:112} WARNING - /home/airflow/.local/lib/python3.12/site-packages/airflow/task/task_runner/standard_task_runner.py:61: DeprecationWarning: This process (pid=346) is multi-threaded, use of fork() may lead to deadlocks in the child.
  pid = os.fork()

[2024-07-10T09:19:05.987+0000] {standard_task_runner.py:63} INFO - Started process 355 to run task
[2024-07-10T09:19:05.988+0000] {standard_task_runner.py:90} INFO - Running: ['airflow', 'tasks', 'run', 'market_etl', 'create_security_dimension', 'scheduled__2024-07-07T06:15:00+00:00', '--job-id', '395', '--raw', '--subdir', 'DAGS_FOLDER/etl.py', '--cfg-path', '/tmp/tmpe1o7kmqy']
[2024-07-10T09:19:05.990+0000] {standard_task_runner.py:91} INFO - Job 395: Subtask create_security_dimension
[2024-07-10T09:19:06.060+0000] {task_command.py:426} INFO - Running <TaskInstance: market_etl.create_security_dimension scheduled__2024-07-07T06:15:00+00:00 [running]> on host 514b016b59c3
[2024-07-10T09:19:06.305+0000] {taskinstance.py:2648} INFO - Exporting env vars: AIRFLOW_CTX_DAG_OWNER='airflow' AIRFLOW_CTX_DAG_ID='market_etl' AIRFLOW_CTX_TASK_ID='create_security_dimension' AIRFLOW_CTX_EXECUTION_DATE='2024-07-07T06:15:00+00:00' AIRFLOW_CTX_TRY_NUMBER='1' AIRFLOW_CTX_DAG_RUN_ID='scheduled__2024-07-07T06:15:00+00:00'
[2024-07-10T09:19:06.307+0000] {taskinstance.py:430} INFO - ::endgroup::
[2024-07-10T09:19:06.311+0000] {python.py:237} INFO - Done. Returned value was:    SECURITY_ID  MARKET_CAPITALIZATION  ...  FIFTY_TWO_WEEKS_LOW   SECURITY_STOCK_ID
0         ADBL                    0.0  ...                220.5     ADBL_2024-07-09
1      ADBLD83                    0.0  ...                941.0  ADBLD83_2024-07-09
2          AHL                    0.0  ...                273.1      AHL_2024-07-09
3         AHPC                    0.0  ...                149.0     AHPC_2024-07-09
4        AKJCL                    0.0  ...                141.3    AKJCL_2024-07-09
5         AKPL                    0.0  ...                152.4     AKPL_2024-07-09
6        ALBSL                    0.0  ...                543.0    ALBSL_2024-07-09
7        ALICL                    0.0  ...                523.0    ALICL_2024-07-09
8         ANLB                    0.0  ...               1550.0     ANLB_2024-07-09
9          API                    0.0  ...                154.7      API_2024-07-09
10       AVYAN                    0.0  ...                550.0    AVYAN_2024-07-09
11       BARUN                    0.0  ...                191.1    BARUN_2024-07-09
12         BBC                    0.0  ...               3341.0      BBC_2024-07-09
13        BEDC                    0.0  ...                170.0     BEDC_2024-07-09
14         BFC                    0.0  ...                284.0      BFC_2024-07-09
15        BGWT                    0.0  ...                352.0     BGWT_2024-07-09
16        BHDC                    0.0  ...                286.5     BHDC_2024-07-09
17         BHL                    0.0  ...                192.7      BHL_2024-07-09
18        BHPL                    0.0  ...                304.1     BHPL_2024-07-09

[19 rows x 5 columns]
[2024-07-10T09:19:06.318+0000] {taskinstance.py:441} INFO - ::group::Post task execution logs
[2024-07-10T09:19:06.363+0000] {taskinstance.py:1206} INFO - Marking task as SUCCESS. dag_id=market_etl, task_id=create_security_dimension, run_id=scheduled__2024-07-07T06:15:00+00:00, execution_date=20240707T061500, start_date=20240710T091905, end_date=20240710T091906
[2024-07-10T09:19:06.419+0000] {local_task_job_runner.py:240} INFO - Task exited with return code 0
[2024-07-10T09:19:06.443+0000] {taskinstance.py:3503} INFO - 1 downstream tasks scheduled from follow-on schedule check
[2024-07-10T09:19:06.444+0000] {local_task_job_runner.py:222} INFO - ::endgroup::
[2024-07-10T14:20:42.830+0000] {local_task_job_runner.py:120} INFO - ::group::Pre task execution logs
[2024-07-10T14:20:42.846+0000] {taskinstance.py:2076} INFO - Dependencies all met for dep_context=non-requeueable deps ti=<TaskInstance: market_etl.create_security_dimension scheduled__2024-07-07T06:15:00+00:00 [queued]>
[2024-07-10T14:20:42.852+0000] {taskinstance.py:2076} INFO - Dependencies all met for dep_context=requeueable deps ti=<TaskInstance: market_etl.create_security_dimension scheduled__2024-07-07T06:15:00+00:00 [queued]>
[2024-07-10T14:20:42.852+0000] {taskinstance.py:2306} INFO - Starting attempt 1 of 4
[2024-07-10T14:20:42.860+0000] {taskinstance.py:2330} INFO - Executing <Task(_PythonDecoratedOperator): create_security_dimension> on 2024-07-07 06:15:00+00:00
[2024-07-10T14:20:42.866+0000] {warnings.py:112} WARNING - /home/airflow/.local/lib/python3.12/site-packages/airflow/task/task_runner/standard_task_runner.py:61: DeprecationWarning: This process (pid=407) is multi-threaded, use of fork() may lead to deadlocks in the child.
  pid = os.fork()

[2024-07-10T14:20:42.867+0000] {standard_task_runner.py:63} INFO - Started process 410 to run task
[2024-07-10T14:20:42.868+0000] {standard_task_runner.py:90} INFO - Running: ['airflow', 'tasks', 'run', 'market_etl', 'create_security_dimension', 'scheduled__2024-07-07T06:15:00+00:00', '--job-id', '798', '--raw', '--subdir', 'DAGS_FOLDER/etl.py', '--cfg-path', '/tmp/tmpeumluzji']
[2024-07-10T14:20:42.869+0000] {standard_task_runner.py:91} INFO - Job 798: Subtask create_security_dimension
[2024-07-10T14:20:42.922+0000] {task_command.py:426} INFO - Running <TaskInstance: market_etl.create_security_dimension scheduled__2024-07-07T06:15:00+00:00 [running]> on host 514b016b59c3
[2024-07-10T14:20:43.076+0000] {taskinstance.py:2648} INFO - Exporting env vars: AIRFLOW_CTX_DAG_OWNER='airflow' AIRFLOW_CTX_DAG_ID='market_etl' AIRFLOW_CTX_TASK_ID='create_security_dimension' AIRFLOW_CTX_EXECUTION_DATE='2024-07-07T06:15:00+00:00' AIRFLOW_CTX_TRY_NUMBER='1' AIRFLOW_CTX_DAG_RUN_ID='scheduled__2024-07-07T06:15:00+00:00'
[2024-07-10T14:20:43.077+0000] {taskinstance.py:430} INFO - ::endgroup::
[2024-07-10T14:20:43.080+0000] {python.py:237} INFO - Done. Returned value was:     SECURITY_ID  MARKET_CAPITALIZATION  ...  FIFTY_TWO_WEEKS_LOW  SECURITY_STOCK_ID
0          ADBL               38364.17  ...                220.5    ADBL_2024-07-09
1           AHL                1772.42  ...                273.1     AHL_2024-07-09
2          AHPC                5783.21  ...                149.0    AHPC_2024-07-09
3         AKJCL                1768.00  ...                141.3   AKJCL_2024-07-09
4          AKPL                6389.35  ...                152.4    AKPL_2024-07-09
..          ...                    ...  ...                  ...                ...
310        USHL                1266.54  ...                253.6    USHL_2024-07-09
311        USLB                4438.40  ...                591.1    USLB_2024-07-09
312        VLBS                7822.92  ...                546.1    VLBS_2024-07-09
313       VLUCL                9811.13  ...                365.3   VLUCL_2024-07-09
314        WNLB                1205.60  ...                680.0    WNLB_2024-07-09

[315 rows x 5 columns]
[2024-07-10T14:20:43.087+0000] {taskinstance.py:441} INFO - ::group::Post task execution logs
[2024-07-10T14:20:43.136+0000] {taskinstance.py:1206} INFO - Marking task as SUCCESS. dag_id=market_etl, task_id=create_security_dimension, run_id=scheduled__2024-07-07T06:15:00+00:00, execution_date=20240707T061500, start_date=20240710T142042, end_date=20240710T142043
[2024-07-10T14:20:43.170+0000] {local_task_job_runner.py:240} INFO - Task exited with return code 0
[2024-07-10T14:20:43.180+0000] {local_task_job_runner.py:222} INFO - ::endgroup::
[2024-07-11T08:22:29.644+0000] {local_task_job_runner.py:120} INFO - ::group::Pre task execution logs
[2024-07-11T08:22:29.667+0000] {taskinstance.py:2076} INFO - Dependencies all met for dep_context=non-requeueable deps ti=<TaskInstance: market_etl.create_security_dimension scheduled__2024-07-07T06:15:00+00:00 [queued]>
[2024-07-11T08:22:29.673+0000] {taskinstance.py:2076} INFO - Dependencies all met for dep_context=requeueable deps ti=<TaskInstance: market_etl.create_security_dimension scheduled__2024-07-07T06:15:00+00:00 [queued]>
[2024-07-11T08:22:29.674+0000] {taskinstance.py:2306} INFO - Starting attempt 1 of 4
[2024-07-11T08:22:29.683+0000] {taskinstance.py:2330} INFO - Executing <Task(_PythonDecoratedOperator): create_security_dimension> on 2024-07-07 06:15:00+00:00
[2024-07-11T08:22:29.691+0000] {warnings.py:112} WARNING - /home/airflow/.local/lib/python3.12/site-packages/airflow/task/task_runner/standard_task_runner.py:61: DeprecationWarning: This process (pid=1476) is multi-threaded, use of fork() may lead to deadlocks in the child.
  pid = os.fork()

[2024-07-11T08:22:29.692+0000] {standard_task_runner.py:63} INFO - Started process 1480 to run task
[2024-07-11T08:22:29.693+0000] {standard_task_runner.py:90} INFO - Running: ['airflow', 'tasks', 'run', 'market_etl', 'create_security_dimension', 'scheduled__2024-07-07T06:15:00+00:00', '--job-id', '1212', '--raw', '--subdir', 'DAGS_FOLDER/etl.py', '--cfg-path', '/tmp/tmp96mwxxs0']
[2024-07-11T08:22:29.695+0000] {standard_task_runner.py:91} INFO - Job 1212: Subtask create_security_dimension
[2024-07-11T08:22:29.765+0000] {task_command.py:426} INFO - Running <TaskInstance: market_etl.create_security_dimension scheduled__2024-07-07T06:15:00+00:00 [running]> on host aa283b53dd54
[2024-07-11T08:22:29.960+0000] {taskinstance.py:2648} INFO - Exporting env vars: AIRFLOW_CTX_DAG_OWNER='airflow' AIRFLOW_CTX_DAG_ID='market_etl' AIRFLOW_CTX_TASK_ID='create_security_dimension' AIRFLOW_CTX_EXECUTION_DATE='2024-07-07T06:15:00+00:00' AIRFLOW_CTX_TRY_NUMBER='1' AIRFLOW_CTX_DAG_RUN_ID='scheduled__2024-07-07T06:15:00+00:00'
[2024-07-11T08:22:29.961+0000] {taskinstance.py:430} INFO - ::endgroup::
[2024-07-11T08:22:29.965+0000] {python.py:237} INFO - Done. Returned value was:     SECURITY_ID  MARKET_CAPITALIZATION  ...  FIFTY_TWO_WEEKS_LOW   SECURITY_STOCK_ID
0          ADBL               38539.05  ...                220.5     ADBL_2024-07-10
1       ADBLD83                   0.00  ...                941.0  ADBLD83_2024-07-10
2           AHL                1781.60  ...                273.1      AHL_2024-07-10
3          AHPC                5828.04  ...                149.0     AHPC_2024-07-10
4         AKJCL                1744.80  ...                141.3    AKJCL_2024-07-10
..          ...                    ...  ...                  ...                 ...
316        USHL                1284.80  ...                253.6     USHL_2024-07-10
317        USLB                4394.21  ...                591.1     USLB_2024-07-10
318        VLBS                7979.38  ...                546.1     VLBS_2024-07-10
319       VLUCL               10098.00  ...                365.3    VLUCL_2024-07-10
320        WNLB                1235.70  ...                680.0     WNLB_2024-07-10

[321 rows x 5 columns]
[2024-07-11T08:22:29.971+0000] {taskinstance.py:441} INFO - ::group::Post task execution logs
[2024-07-11T08:22:30.011+0000] {taskinstance.py:1206} INFO - Marking task as SUCCESS. dag_id=market_etl, task_id=create_security_dimension, run_id=scheduled__2024-07-07T06:15:00+00:00, execution_date=20240707T061500, start_date=20240711T082229, end_date=20240711T082230
[2024-07-11T08:22:30.036+0000] {local_task_job_runner.py:240} INFO - Task exited with return code 0
[2024-07-11T08:22:30.050+0000] {local_task_job_runner.py:222} INFO - ::endgroup::
