[2024-07-10T09:18:19.153+0000] {local_task_job_runner.py:120} INFO - ::group::Pre task execution logs
[2024-07-10T09:18:19.169+0000] {taskinstance.py:2076} INFO - Dependencies all met for dep_context=non-requeueable deps ti=<TaskInstance: market_etl.create_security_dimension scheduled__2024-07-05T06:15:00+00:00 [queued]>
[2024-07-10T09:18:19.175+0000] {taskinstance.py:2076} INFO - Dependencies all met for dep_context=requeueable deps ti=<TaskInstance: market_etl.create_security_dimension scheduled__2024-07-05T06:15:00+00:00 [queued]>
[2024-07-10T09:18:19.175+0000] {taskinstance.py:2306} INFO - Starting attempt 1 of 4
[2024-07-10T09:18:19.183+0000] {taskinstance.py:2330} INFO - Executing <Task(_PythonDecoratedOperator): create_security_dimension> on 2024-07-05 06:15:00+00:00
[2024-07-10T09:18:19.191+0000] {warnings.py:112} WARNING - /home/airflow/.local/lib/python3.12/site-packages/airflow/task/task_runner/standard_task_runner.py:61: DeprecationWarning: This process (pid=183) is multi-threaded, use of fork() may lead to deadlocks in the child.
  pid = os.fork()

[2024-07-10T09:18:19.193+0000] {standard_task_runner.py:63} INFO - Started process 185 to run task
[2024-07-10T09:18:19.197+0000] {standard_task_runner.py:90} INFO - Running: ['airflow', 'tasks', 'run', 'market_etl', 'create_security_dimension', 'scheduled__2024-07-05T06:15:00+00:00', '--job-id', '379', '--raw', '--subdir', 'DAGS_FOLDER/etl.py', '--cfg-path', '/tmp/tmpqh7sjh1y']
[2024-07-10T09:18:19.199+0000] {standard_task_runner.py:91} INFO - Job 379: Subtask create_security_dimension
[2024-07-10T09:18:19.273+0000] {task_command.py:426} INFO - Running <TaskInstance: market_etl.create_security_dimension scheduled__2024-07-05T06:15:00+00:00 [running]> on host 514b016b59c3
[2024-07-10T09:18:19.514+0000] {taskinstance.py:2648} INFO - Exporting env vars: AIRFLOW_CTX_DAG_OWNER='airflow' AIRFLOW_CTX_DAG_ID='market_etl' AIRFLOW_CTX_TASK_ID='create_security_dimension' AIRFLOW_CTX_EXECUTION_DATE='2024-07-05T06:15:00+00:00' AIRFLOW_CTX_TRY_NUMBER='1' AIRFLOW_CTX_DAG_RUN_ID='scheduled__2024-07-05T06:15:00+00:00'
[2024-07-10T09:18:19.515+0000] {taskinstance.py:430} INFO - ::endgroup::
[2024-07-10T09:18:19.518+0000] {python.py:237} INFO - Done. Returned value was:     SECURITY_ID  MARKET_CAPITALIZATION  ...  FIFTY_TWO_WEEKS_LOW  SECURITY_STOCK_ID
0          ADBL               38364.17  ...                220.5    ADBL_2024-07-09
1           AHL                1772.42  ...                273.1     AHL_2024-07-09
2          AHPC                5783.21  ...                149.0    AHPC_2024-07-09
3         AKJCL                1768.00  ...                141.3   AKJCL_2024-07-09
4          AKPL                6389.35  ...                152.4    AKPL_2024-07-09
..          ...                    ...  ...                  ...                ...
310        USHL                1266.54  ...                253.6    USHL_2024-07-09
311        USLB                4438.40  ...                591.1    USLB_2024-07-09
312        VLBS                7822.92  ...                546.1    VLBS_2024-07-09
313       VLUCL                9811.13  ...                365.3   VLUCL_2024-07-09
314        WNLB                1205.60  ...                680.0    WNLB_2024-07-09

[315 rows x 5 columns]
[2024-07-10T09:18:19.524+0000] {taskinstance.py:441} INFO - ::group::Post task execution logs
[2024-07-10T09:18:19.554+0000] {taskinstance.py:1206} INFO - Marking task as SUCCESS. dag_id=market_etl, task_id=create_security_dimension, run_id=scheduled__2024-07-05T06:15:00+00:00, execution_date=20240705T061500, start_date=20240710T091819, end_date=20240710T091819
[2024-07-10T09:18:19.583+0000] {local_task_job_runner.py:240} INFO - Task exited with return code 0
[2024-07-10T09:18:19.605+0000] {taskinstance.py:3503} INFO - 1 downstream tasks scheduled from follow-on schedule check
[2024-07-10T09:18:19.607+0000] {local_task_job_runner.py:222} INFO - ::endgroup::
[2024-07-10T14:20:03.948+0000] {local_task_job_runner.py:120} INFO - ::group::Pre task execution logs
[2024-07-10T14:20:03.971+0000] {taskinstance.py:2076} INFO - Dependencies all met for dep_context=non-requeueable deps ti=<TaskInstance: market_etl.create_security_dimension scheduled__2024-07-05T06:15:00+00:00 [queued]>
[2024-07-10T14:20:03.979+0000] {taskinstance.py:2076} INFO - Dependencies all met for dep_context=requeueable deps ti=<TaskInstance: market_etl.create_security_dimension scheduled__2024-07-05T06:15:00+00:00 [queued]>
[2024-07-10T14:20:03.979+0000] {taskinstance.py:2306} INFO - Starting attempt 1 of 4
[2024-07-10T14:20:03.987+0000] {taskinstance.py:2330} INFO - Executing <Task(_PythonDecoratedOperator): create_security_dimension> on 2024-07-05 06:15:00+00:00
[2024-07-10T14:20:03.991+0000] {warnings.py:112} WARNING - /home/airflow/.local/lib/python3.12/site-packages/airflow/task/task_runner/standard_task_runner.py:61: DeprecationWarning: This process (pid=244) is multi-threaded, use of fork() may lead to deadlocks in the child.
  pid = os.fork()

[2024-07-10T14:20:03.992+0000] {standard_task_runner.py:63} INFO - Started process 247 to run task
[2024-07-10T14:20:03.993+0000] {standard_task_runner.py:90} INFO - Running: ['airflow', 'tasks', 'run', 'market_etl', 'create_security_dimension', 'scheduled__2024-07-05T06:15:00+00:00', '--job-id', '782', '--raw', '--subdir', 'DAGS_FOLDER/etl.py', '--cfg-path', '/tmp/tmp2q48g0ob']
[2024-07-10T14:20:03.998+0000] {standard_task_runner.py:91} INFO - Job 782: Subtask create_security_dimension
[2024-07-10T14:20:04.074+0000] {task_command.py:426} INFO - Running <TaskInstance: market_etl.create_security_dimension scheduled__2024-07-05T06:15:00+00:00 [running]> on host 514b016b59c3
[2024-07-10T14:20:04.312+0000] {taskinstance.py:2648} INFO - Exporting env vars: AIRFLOW_CTX_DAG_OWNER='airflow' AIRFLOW_CTX_DAG_ID='market_etl' AIRFLOW_CTX_TASK_ID='create_security_dimension' AIRFLOW_CTX_EXECUTION_DATE='2024-07-05T06:15:00+00:00' AIRFLOW_CTX_TRY_NUMBER='1' AIRFLOW_CTX_DAG_RUN_ID='scheduled__2024-07-05T06:15:00+00:00'
[2024-07-10T14:20:04.313+0000] {taskinstance.py:430} INFO - ::endgroup::
[2024-07-10T14:20:04.316+0000] {python.py:237} INFO - Done. Returned value was:     SECURITY_ID  MARKET_CAPITALIZATION  ...  FIFTY_TWO_WEEKS_LOW  SECURITY_STOCK_ID
0          ADBL               38364.17  ...                220.5    ADBL_2024-07-09
1           AHL                1772.42  ...                273.1     AHL_2024-07-09
2          AHPC                5783.21  ...                149.0    AHPC_2024-07-09
3         AKJCL                1768.00  ...                141.3   AKJCL_2024-07-09
4          AKPL                6389.35  ...                152.4    AKPL_2024-07-09
..          ...                    ...  ...                  ...                ...
310        USHL                1266.54  ...                253.6    USHL_2024-07-09
311        USLB                4438.40  ...                591.1    USLB_2024-07-09
312        VLBS                7822.92  ...                546.1    VLBS_2024-07-09
313       VLUCL                9811.13  ...                365.3   VLUCL_2024-07-09
314        WNLB                1205.60  ...                680.0    WNLB_2024-07-09

[315 rows x 5 columns]
[2024-07-10T14:20:04.322+0000] {taskinstance.py:441} INFO - ::group::Post task execution logs
[2024-07-10T14:20:04.350+0000] {taskinstance.py:1206} INFO - Marking task as SUCCESS. dag_id=market_etl, task_id=create_security_dimension, run_id=scheduled__2024-07-05T06:15:00+00:00, execution_date=20240705T061500, start_date=20240710T142003, end_date=20240710T142004
[2024-07-10T14:20:04.380+0000] {local_task_job_runner.py:240} INFO - Task exited with return code 0
[2024-07-10T14:20:04.402+0000] {taskinstance.py:3503} INFO - 0 downstream tasks scheduled from follow-on schedule check
[2024-07-10T14:20:04.404+0000] {local_task_job_runner.py:222} INFO - ::endgroup::
[2024-07-11T08:21:32.180+0000] {local_task_job_runner.py:120} INFO - ::group::Pre task execution logs
[2024-07-11T08:21:32.209+0000] {taskinstance.py:2076} INFO - Dependencies all met for dep_context=non-requeueable deps ti=<TaskInstance: market_etl.create_security_dimension scheduled__2024-07-05T06:15:00+00:00 [queued]>
[2024-07-11T08:21:32.216+0000] {taskinstance.py:2076} INFO - Dependencies all met for dep_context=requeueable deps ti=<TaskInstance: market_etl.create_security_dimension scheduled__2024-07-05T06:15:00+00:00 [queued]>
[2024-07-11T08:21:32.216+0000] {taskinstance.py:2306} INFO - Starting attempt 1 of 4
[2024-07-11T08:21:32.226+0000] {taskinstance.py:2330} INFO - Executing <Task(_PythonDecoratedOperator): create_security_dimension> on 2024-07-05 06:15:00+00:00
[2024-07-11T08:21:32.231+0000] {warnings.py:112} WARNING - /home/airflow/.local/lib/python3.12/site-packages/airflow/task/task_runner/standard_task_runner.py:61: DeprecationWarning: This process (pid=1200) is multi-threaded, use of fork() may lead to deadlocks in the child.
  pid = os.fork()

[2024-07-11T08:21:32.232+0000] {standard_task_runner.py:63} INFO - Started process 1205 to run task
[2024-07-11T08:21:32.233+0000] {standard_task_runner.py:90} INFO - Running: ['airflow', 'tasks', 'run', 'market_etl', 'create_security_dimension', 'scheduled__2024-07-05T06:15:00+00:00', '--job-id', '1187', '--raw', '--subdir', 'DAGS_FOLDER/etl.py', '--cfg-path', '/tmp/tmp1bn3ispt']
[2024-07-11T08:21:32.235+0000] {standard_task_runner.py:91} INFO - Job 1187: Subtask create_security_dimension
[2024-07-11T08:21:32.282+0000] {task_command.py:426} INFO - Running <TaskInstance: market_etl.create_security_dimension scheduled__2024-07-05T06:15:00+00:00 [running]> on host aa283b53dd54
[2024-07-11T08:21:32.475+0000] {taskinstance.py:2648} INFO - Exporting env vars: AIRFLOW_CTX_DAG_OWNER='airflow' AIRFLOW_CTX_DAG_ID='market_etl' AIRFLOW_CTX_TASK_ID='create_security_dimension' AIRFLOW_CTX_EXECUTION_DATE='2024-07-05T06:15:00+00:00' AIRFLOW_CTX_TRY_NUMBER='1' AIRFLOW_CTX_DAG_RUN_ID='scheduled__2024-07-05T06:15:00+00:00'
[2024-07-11T08:21:32.480+0000] {taskinstance.py:430} INFO - ::endgroup::
[2024-07-11T08:21:32.484+0000] {python.py:237} INFO - Done. Returned value was:     SECURITY_ID  MARKET_CAPITALIZATION  ...  FIFTY_TWO_WEEKS_LOW   SECURITY_STOCK_ID
0          ADBL               38539.05  ...                220.5     ADBL_2024-07-10
1       ADBLD83                   0.00  ...                941.0  ADBLD83_2024-07-10
2           AHL                1781.60  ...                273.1      AHL_2024-07-10
3          AHPC                5828.04  ...                149.0     AHPC_2024-07-10
4         AKJCL                1744.80  ...                141.3    AKJCL_2024-07-10
..          ...                    ...  ...                  ...                 ...
316        USHL                1284.80  ...                253.6     USHL_2024-07-10
317        USLB                4394.21  ...                591.1     USLB_2024-07-10
318        VLBS                7979.38  ...                546.1     VLBS_2024-07-10
319       VLUCL               10098.00  ...                365.3    VLUCL_2024-07-10
320        WNLB                1235.70  ...                680.0     WNLB_2024-07-10

[321 rows x 5 columns]
[2024-07-11T08:21:32.489+0000] {taskinstance.py:441} INFO - ::group::Post task execution logs
[2024-07-11T08:21:32.538+0000] {taskinstance.py:1206} INFO - Marking task as SUCCESS. dag_id=market_etl, task_id=create_security_dimension, run_id=scheduled__2024-07-05T06:15:00+00:00, execution_date=20240705T061500, start_date=20240711T082132, end_date=20240711T082132
[2024-07-11T08:21:32.579+0000] {local_task_job_runner.py:240} INFO - Task exited with return code 0
[2024-07-11T08:21:32.589+0000] {local_task_job_runner.py:222} INFO - ::endgroup::
