[2024-07-09T06:39:16.391+0000] {local_task_job_runner.py:120} INFO - ::group::Pre task execution logs
[2024-07-09T06:39:16.415+0000] {taskinstance.py:2076} INFO - Dependencies all met for dep_context=non-requeueable deps ti=<TaskInstance: market_etl.create_security_dimension scheduled__2024-06-25T00:00:00+00:00 [queued]>
[2024-07-09T06:39:16.423+0000] {taskinstance.py:2076} INFO - Dependencies all met for dep_context=requeueable deps ti=<TaskInstance: market_etl.create_security_dimension scheduled__2024-06-25T00:00:00+00:00 [queued]>
[2024-07-09T06:39:16.423+0000] {taskinstance.py:2306} INFO - Starting attempt 1 of 4
[2024-07-09T06:39:16.459+0000] {taskinstance.py:2330} INFO - Executing <Task(_PythonDecoratedOperator): create_security_dimension> on 2024-06-25 00:00:00+00:00
[2024-07-09T06:39:16.470+0000] {warnings.py:112} WARNING - /home/airflow/.local/lib/python3.12/site-packages/airflow/task/task_runner/standard_task_runner.py:61: DeprecationWarning: This process (pid=76) is multi-threaded, use of fork() may lead to deadlocks in the child.
  pid = os.fork()

[2024-07-09T06:39:16.471+0000] {standard_task_runner.py:63} INFO - Started process 82 to run task
[2024-07-09T06:39:16.471+0000] {standard_task_runner.py:90} INFO - Running: ['airflow', 'tasks', 'run', 'market_etl', 'create_security_dimension', 'scheduled__2024-06-25T00:00:00+00:00', '--job-id', '10', '--raw', '--subdir', 'DAGS_FOLDER/etl.py', '--cfg-path', '/tmp/tmp0be4rf56']
[2024-07-09T06:39:16.474+0000] {standard_task_runner.py:91} INFO - Job 10: Subtask create_security_dimension
[2024-07-09T06:39:16.551+0000] {task_command.py:426} INFO - Running <TaskInstance: market_etl.create_security_dimension scheduled__2024-06-25T00:00:00+00:00 [running]> on host e3bf5389da5f
[2024-07-09T06:39:16.870+0000] {taskinstance.py:2648} INFO - Exporting env vars: AIRFLOW_CTX_DAG_OWNER='airflow' AIRFLOW_CTX_DAG_ID='market_etl' AIRFLOW_CTX_TASK_ID='create_security_dimension' AIRFLOW_CTX_EXECUTION_DATE='2024-06-25T00:00:00+00:00' AIRFLOW_CTX_TRY_NUMBER='1' AIRFLOW_CTX_DAG_RUN_ID='scheduled__2024-06-25T00:00:00+00:00'
[2024-07-09T06:39:16.873+0000] {taskinstance.py:430} INFO - ::endgroup::
[2024-07-09T06:39:16.874+0000] {taskinstance.py:441} INFO - ::group::Post task execution logs
[2024-07-09T06:39:16.875+0000] {taskinstance.py:2905} ERROR - Task failed with exception
Traceback (most recent call last):
  File "/home/airflow/.local/lib/python3.12/site-packages/airflow/models/taskinstance.py", line 465, in _execute_task
    result = _execute_callable(context=context, **execute_callable_kwargs)
             ^^^^^^^^^^^^^^^^^^^^^^^^^^^^^^^^^^^^^^^^^^^^^^^^^^^^^^^^^^^^^
  File "/home/airflow/.local/lib/python3.12/site-packages/airflow/models/taskinstance.py", line 432, in _execute_callable
    return execute_callable(context=context, **execute_callable_kwargs)
           ^^^^^^^^^^^^^^^^^^^^^^^^^^^^^^^^^^^^^^^^^^^^^^^^^^^^^^^^^^^^
  File "/home/airflow/.local/lib/python3.12/site-packages/airflow/models/baseoperator.py", line 401, in wrapper
    return func(self, *args, **kwargs)
           ^^^^^^^^^^^^^^^^^^^^^^^^^^^
  File "/home/airflow/.local/lib/python3.12/site-packages/airflow/decorators/base.py", line 265, in execute
    return_value = super().execute(context)
                   ^^^^^^^^^^^^^^^^^^^^^^^^
  File "/home/airflow/.local/lib/python3.12/site-packages/airflow/models/baseoperator.py", line 401, in wrapper
    return func(self, *args, **kwargs)
           ^^^^^^^^^^^^^^^^^^^^^^^^^^^
  File "/home/airflow/.local/lib/python3.12/site-packages/airflow/operators/python.py", line 235, in execute
    return_value = self.execute_callable()
                   ^^^^^^^^^^^^^^^^^^^^^^^
  File "/home/airflow/.local/lib/python3.12/site-packages/airflow/operators/python.py", line 252, in execute_callable
    return self.python_callable(*self.op_args, **self.op_kwargs)
           ^^^^^^^^^^^^^^^^^^^^^^^^^^^^^^^^^^^^^^^^^^^^^^^^^^^^^
  File "/opt/airflow/dags/etl.py", line 58, in create_security_dimension
    security_dimension = df[['SECURITY_ID', 'SYMBOL', 'SECURITY_NAME', 'MARKET_CAPITALIZATION', 'FIFTY_TWO_WEEKS_HIGH', 'FIFTY_TWO_WEEKS_LOW']].drop_duplicates().copy()
                         ~~^^^^^^^^^^^^^^^^^^^^^^^^^^^^^^^^^^^^^^^^^^^^^^^^^^^^^^^^^^^^^^^^^^^^^^^^^^^^^^^^^^^^^^^^^^^^^^^^^^^^^^^^^^^^^^^^^^^^
  File "/home/airflow/.local/lib/python3.12/site-packages/pandas/core/frame.py", line 3899, in __getitem__
    indexer = self.columns._get_indexer_strict(key, "columns")[1]
              ^^^^^^^^^^^^^^^^^^^^^^^^^^^^^^^^^^^^^^^^^^^^^^^^
  File "/home/airflow/.local/lib/python3.12/site-packages/pandas/core/indexes/base.py", line 6115, in _get_indexer_strict
    self._raise_if_missing(keyarr, indexer, axis_name)
  File "/home/airflow/.local/lib/python3.12/site-packages/pandas/core/indexes/base.py", line 6176, in _raise_if_missing
    raise KeyError(f"None of [{key}] are in the [{axis_name}]")
KeyError: "None of [Index(['SECURITY_ID', 'SYMBOL', 'SECURITY_NAME', 'MARKET_CAPITALIZATION',\n       'FIFTY_TWO_WEEKS_HIGH', 'FIFTY_TWO_WEEKS_LOW'],\n      dtype='object')] are in the [columns]"
[2024-07-09T06:39:16.907+0000] {taskinstance.py:1206} INFO - Marking task as UP_FOR_RETRY. dag_id=market_etl, task_id=create_security_dimension, run_id=scheduled__2024-06-25T00:00:00+00:00, execution_date=20240625T000000, start_date=20240709T063916, end_date=20240709T063916
[2024-07-09T06:39:16.956+0000] {standard_task_runner.py:110} ERROR - Failed to execute job 10 for task create_security_dimension ("None of [Index(['SECURITY_ID', 'SYMBOL', 'SECURITY_NAME', 'MARKET_CAPITALIZATION',\n       'FIFTY_TWO_WEEKS_HIGH', 'FIFTY_TWO_WEEKS_LOW'],\n      dtype='object')] are in the [columns]"; 82)
[2024-07-09T06:39:16.997+0000] {local_task_job_runner.py:240} INFO - Task exited with return code 1
[2024-07-09T06:39:17.039+0000] {taskinstance.py:3503} INFO - 0 downstream tasks scheduled from follow-on schedule check
[2024-07-09T06:39:17.041+0000] {local_task_job_runner.py:222} INFO - ::endgroup::
[2024-07-09T06:50:37.280+0000] {local_task_job_runner.py:120} INFO - ::group::Pre task execution logs
[2024-07-09T06:50:37.305+0000] {taskinstance.py:2076} INFO - Dependencies all met for dep_context=non-requeueable deps ti=<TaskInstance: market_etl.create_security_dimension scheduled__2024-06-25T00:00:00+00:00 [queued]>
[2024-07-09T06:50:37.312+0000] {taskinstance.py:2076} INFO - Dependencies all met for dep_context=requeueable deps ti=<TaskInstance: market_etl.create_security_dimension scheduled__2024-06-25T00:00:00+00:00 [queued]>
[2024-07-09T06:50:37.312+0000] {taskinstance.py:2306} INFO - Starting attempt 1 of 4
[2024-07-09T06:50:37.322+0000] {taskinstance.py:2330} INFO - Executing <Task(_PythonDecoratedOperator): create_security_dimension> on 2024-06-25 00:00:00+00:00
[2024-07-09T06:50:37.334+0000] {warnings.py:112} WARNING - /home/airflow/.local/lib/python3.12/site-packages/airflow/task/task_runner/standard_task_runner.py:61: DeprecationWarning: This process (pid=102) is multi-threaded, use of fork() may lead to deadlocks in the child.
  pid = os.fork()

[2024-07-09T06:50:37.336+0000] {standard_task_runner.py:63} INFO - Started process 126 to run task
[2024-07-09T06:50:37.338+0000] {standard_task_runner.py:90} INFO - Running: ['airflow', 'tasks', 'run', 'market_etl', 'create_security_dimension', 'scheduled__2024-06-25T00:00:00+00:00', '--job-id', '29', '--raw', '--subdir', 'DAGS_FOLDER/etl.py', '--cfg-path', '/tmp/tmp_sn0mjhx']
[2024-07-09T06:50:37.340+0000] {standard_task_runner.py:91} INFO - Job 29: Subtask create_security_dimension
[2024-07-09T06:50:37.411+0000] {task_command.py:426} INFO - Running <TaskInstance: market_etl.create_security_dimension scheduled__2024-06-25T00:00:00+00:00 [running]> on host db136e5a2a84
[2024-07-09T06:50:37.592+0000] {taskinstance.py:2648} INFO - Exporting env vars: AIRFLOW_CTX_DAG_OWNER='airflow' AIRFLOW_CTX_DAG_ID='market_etl' AIRFLOW_CTX_TASK_ID='create_security_dimension' AIRFLOW_CTX_EXECUTION_DATE='2024-06-25T00:00:00+00:00' AIRFLOW_CTX_TRY_NUMBER='1' AIRFLOW_CTX_DAG_RUN_ID='scheduled__2024-06-25T00:00:00+00:00'
[2024-07-09T06:50:37.594+0000] {taskinstance.py:430} INFO - ::endgroup::
[2024-07-09T06:50:37.596+0000] {taskinstance.py:441} INFO - ::group::Post task execution logs
[2024-07-09T06:50:37.597+0000] {taskinstance.py:2905} ERROR - Task failed with exception
Traceback (most recent call last):
  File "/home/airflow/.local/lib/python3.12/site-packages/airflow/models/taskinstance.py", line 465, in _execute_task
    result = _execute_callable(context=context, **execute_callable_kwargs)
             ^^^^^^^^^^^^^^^^^^^^^^^^^^^^^^^^^^^^^^^^^^^^^^^^^^^^^^^^^^^^^
  File "/home/airflow/.local/lib/python3.12/site-packages/airflow/models/taskinstance.py", line 432, in _execute_callable
    return execute_callable(context=context, **execute_callable_kwargs)
           ^^^^^^^^^^^^^^^^^^^^^^^^^^^^^^^^^^^^^^^^^^^^^^^^^^^^^^^^^^^^
  File "/home/airflow/.local/lib/python3.12/site-packages/airflow/models/baseoperator.py", line 401, in wrapper
    return func(self, *args, **kwargs)
           ^^^^^^^^^^^^^^^^^^^^^^^^^^^
  File "/home/airflow/.local/lib/python3.12/site-packages/airflow/decorators/base.py", line 265, in execute
    return_value = super().execute(context)
                   ^^^^^^^^^^^^^^^^^^^^^^^^
  File "/home/airflow/.local/lib/python3.12/site-packages/airflow/models/baseoperator.py", line 401, in wrapper
    return func(self, *args, **kwargs)
           ^^^^^^^^^^^^^^^^^^^^^^^^^^^
  File "/home/airflow/.local/lib/python3.12/site-packages/airflow/operators/python.py", line 235, in execute
    return_value = self.execute_callable()
                   ^^^^^^^^^^^^^^^^^^^^^^^
  File "/home/airflow/.local/lib/python3.12/site-packages/airflow/operators/python.py", line 252, in execute_callable
    return self.python_callable(*self.op_args, **self.op_kwargs)
           ^^^^^^^^^^^^^^^^^^^^^^^^^^^^^^^^^^^^^^^^^^^^^^^^^^^^^
  File "/opt/airflow/dags/etl.py", line 61, in create_security_dimension
    security_dimension = df[['SECURITY_ID', 'SYMBOL', 'SECURITY_NAME', 'MARKET_CAPITALIZATION', 'FIFTY_TWO_WEEKS_HIGH', 'FIFTY_TWO_WEEKS_LOW']].drop_duplicates().copy()
                         ~~^^^^^^^^^^^^^^^^^^^^^^^^^^^^^^^^^^^^^^^^^^^^^^^^^^^^^^^^^^^^^^^^^^^^^^^^^^^^^^^^^^^^^^^^^^^^^^^^^^^^^^^^^^^^^^^^^^^^
  File "/home/airflow/.local/lib/python3.12/site-packages/pandas/core/frame.py", line 3899, in __getitem__
    indexer = self.columns._get_indexer_strict(key, "columns")[1]
              ^^^^^^^^^^^^^^^^^^^^^^^^^^^^^^^^^^^^^^^^^^^^^^^^
  File "/home/airflow/.local/lib/python3.12/site-packages/pandas/core/indexes/base.py", line 6115, in _get_indexer_strict
    self._raise_if_missing(keyarr, indexer, axis_name)
  File "/home/airflow/.local/lib/python3.12/site-packages/pandas/core/indexes/base.py", line 6176, in _raise_if_missing
    raise KeyError(f"None of [{key}] are in the [{axis_name}]")
KeyError: "None of [Index(['SECURITY_ID', 'SYMBOL', 'SECURITY_NAME', 'MARKET_CAPITALIZATION',\n       'FIFTY_TWO_WEEKS_HIGH', 'FIFTY_TWO_WEEKS_LOW'],\n      dtype='object')] are in the [columns]"
[2024-07-09T06:50:37.616+0000] {taskinstance.py:1206} INFO - Marking task as UP_FOR_RETRY. dag_id=market_etl, task_id=create_security_dimension, run_id=scheduled__2024-06-25T00:00:00+00:00, execution_date=20240625T000000, start_date=20240709T065037, end_date=20240709T065037
[2024-07-09T06:50:37.639+0000] {standard_task_runner.py:110} ERROR - Failed to execute job 29 for task create_security_dimension ("None of [Index(['SECURITY_ID', 'SYMBOL', 'SECURITY_NAME', 'MARKET_CAPITALIZATION',\n       'FIFTY_TWO_WEEKS_HIGH', 'FIFTY_TWO_WEEKS_LOW'],\n      dtype='object')] are in the [columns]"; 126)
[2024-07-09T06:50:37.683+0000] {local_task_job_runner.py:240} INFO - Task exited with return code 1
[2024-07-09T06:50:37.750+0000] {taskinstance.py:3503} INFO - 0 downstream tasks scheduled from follow-on schedule check
[2024-07-09T06:50:37.751+0000] {local_task_job_runner.py:222} INFO - ::endgroup::
[2024-07-09T07:04:01.706+0000] {local_task_job_runner.py:120} INFO - ::group::Pre task execution logs
[2024-07-09T07:04:01.738+0000] {taskinstance.py:2076} INFO - Dependencies all met for dep_context=non-requeueable deps ti=<TaskInstance: market_etl.create_security_dimension scheduled__2024-06-25T00:00:00+00:00 [queued]>
[2024-07-09T07:04:01.743+0000] {taskinstance.py:2076} INFO - Dependencies all met for dep_context=requeueable deps ti=<TaskInstance: market_etl.create_security_dimension scheduled__2024-06-25T00:00:00+00:00 [queued]>
[2024-07-09T07:04:01.744+0000] {taskinstance.py:2306} INFO - Starting attempt 1 of 4
[2024-07-09T07:04:01.752+0000] {taskinstance.py:2330} INFO - Executing <Task(_PythonDecoratedOperator): create_security_dimension> on 2024-06-25 00:00:00+00:00
[2024-07-09T07:04:01.757+0000] {warnings.py:112} WARNING - /home/airflow/.local/lib/python3.12/site-packages/airflow/task/task_runner/standard_task_runner.py:61: DeprecationWarning: This process (pid=63) is multi-threaded, use of fork() may lead to deadlocks in the child.
  pid = os.fork()

[2024-07-09T07:04:01.758+0000] {standard_task_runner.py:63} INFO - Started process 69 to run task
[2024-07-09T07:04:01.758+0000] {standard_task_runner.py:90} INFO - Running: ['airflow', 'tasks', 'run', 'market_etl', 'create_security_dimension', 'scheduled__2024-06-25T00:00:00+00:00', '--job-id', '45', '--raw', '--subdir', 'DAGS_FOLDER/etl.py', '--cfg-path', '/tmp/tmpq3t_4iyt']
[2024-07-09T07:04:01.760+0000] {standard_task_runner.py:91} INFO - Job 45: Subtask create_security_dimension
[2024-07-09T07:04:01.818+0000] {task_command.py:426} INFO - Running <TaskInstance: market_etl.create_security_dimension scheduled__2024-06-25T00:00:00+00:00 [running]> on host 2e2a7ed5b072
[2024-07-09T07:04:02.031+0000] {taskinstance.py:2648} INFO - Exporting env vars: AIRFLOW_CTX_DAG_OWNER='airflow' AIRFLOW_CTX_DAG_ID='market_etl' AIRFLOW_CTX_TASK_ID='create_security_dimension' AIRFLOW_CTX_EXECUTION_DATE='2024-06-25T00:00:00+00:00' AIRFLOW_CTX_TRY_NUMBER='1' AIRFLOW_CTX_DAG_RUN_ID='scheduled__2024-06-25T00:00:00+00:00'
[2024-07-09T07:04:02.032+0000] {taskinstance.py:430} INFO - ::endgroup::
[2024-07-09T07:04:02.034+0000] {python.py:237} INFO - Done. Returned value was:     SECURITY_ID  ...  FIFTY_TWO_WEEKS_LOW
0          ADBL  ...                220.5
1       ADBLD83  ...                941.0
2           AHL  ...                273.1
3          AHPC  ...                149.0
4         AKJCL  ...                141.3
..          ...  ...                  ...
318        USHL  ...                253.6
319        USLB  ...                591.1
320        VLBS  ...                546.1
321       VLUCL  ...                365.3
322        WNLB  ...                680.0

[323 rows x 4 columns]
[2024-07-09T07:04:02.043+0000] {taskinstance.py:441} INFO - ::group::Post task execution logs
[2024-07-09T07:04:02.082+0000] {taskinstance.py:1206} INFO - Marking task as SUCCESS. dag_id=market_etl, task_id=create_security_dimension, run_id=scheduled__2024-06-25T00:00:00+00:00, execution_date=20240625T000000, start_date=20240709T070401, end_date=20240709T070402
[2024-07-09T07:04:02.102+0000] {local_task_job_runner.py:240} INFO - Task exited with return code 0
[2024-07-09T07:04:02.136+0000] {taskinstance.py:3503} INFO - 0 downstream tasks scheduled from follow-on schedule check
[2024-07-09T07:04:02.137+0000] {local_task_job_runner.py:222} INFO - ::endgroup::
[2024-07-09T07:07:27.501+0000] {local_task_job_runner.py:120} INFO - ::group::Pre task execution logs
[2024-07-09T07:07:27.525+0000] {taskinstance.py:2076} INFO - Dependencies all met for dep_context=non-requeueable deps ti=<TaskInstance: market_etl.create_security_dimension scheduled__2024-06-25T00:00:00+00:00 [queued]>
[2024-07-09T07:07:27.549+0000] {taskinstance.py:2076} INFO - Dependencies all met for dep_context=requeueable deps ti=<TaskInstance: market_etl.create_security_dimension scheduled__2024-06-25T00:00:00+00:00 [queued]>
[2024-07-09T07:07:27.551+0000] {taskinstance.py:2306} INFO - Starting attempt 1 of 4
[2024-07-09T07:07:27.586+0000] {taskinstance.py:2330} INFO - Executing <Task(_PythonDecoratedOperator): create_security_dimension> on 2024-06-25 00:00:00+00:00
[2024-07-09T07:07:27.609+0000] {warnings.py:112} WARNING - /home/airflow/.local/lib/python3.12/site-packages/airflow/task/task_runner/standard_task_runner.py:61: DeprecationWarning: This process (pid=62) is multi-threaded, use of fork() may lead to deadlocks in the child.
  pid = os.fork()

[2024-07-09T07:07:27.611+0000] {standard_task_runner.py:63} INFO - Started process 70 to run task
[2024-07-09T07:07:27.612+0000] {standard_task_runner.py:90} INFO - Running: ['airflow', 'tasks', 'run', 'market_etl', 'create_security_dimension', 'scheduled__2024-06-25T00:00:00+00:00', '--job-id', '52', '--raw', '--subdir', 'DAGS_FOLDER/etl.py', '--cfg-path', '/tmp/tmp3u5cl5gk']
[2024-07-09T07:07:27.616+0000] {standard_task_runner.py:91} INFO - Job 52: Subtask create_security_dimension
[2024-07-09T07:07:27.711+0000] {task_command.py:426} INFO - Running <TaskInstance: market_etl.create_security_dimension scheduled__2024-06-25T00:00:00+00:00 [running]> on host 476be1a8a233
[2024-07-09T07:07:28.169+0000] {taskinstance.py:2648} INFO - Exporting env vars: AIRFLOW_CTX_DAG_OWNER='airflow' AIRFLOW_CTX_DAG_ID='market_etl' AIRFLOW_CTX_TASK_ID='create_security_dimension' AIRFLOW_CTX_EXECUTION_DATE='2024-06-25T00:00:00+00:00' AIRFLOW_CTX_TRY_NUMBER='1' AIRFLOW_CTX_DAG_RUN_ID='scheduled__2024-06-25T00:00:00+00:00'
[2024-07-09T07:07:28.171+0000] {taskinstance.py:430} INFO - ::endgroup::
[2024-07-09T07:07:28.175+0000] {python.py:237} INFO - Done. Returned value was:     SECURITY_ID  ...  FIFTY_TWO_WEEKS_LOW
0          ADBL  ...                220.5
1       ADBLD83  ...                941.0
2           AHL  ...                273.1
3          AHPC  ...                149.0
4         AKJCL  ...                141.3
..          ...  ...                  ...
318        USHL  ...                253.6
319        USLB  ...                591.1
320        VLBS  ...                546.1
321       VLUCL  ...                365.3
322        WNLB  ...                680.0

[323 rows x 4 columns]
[2024-07-09T07:07:28.181+0000] {taskinstance.py:441} INFO - ::group::Post task execution logs
[2024-07-09T07:07:28.246+0000] {taskinstance.py:1206} INFO - Marking task as SUCCESS. dag_id=market_etl, task_id=create_security_dimension, run_id=scheduled__2024-06-25T00:00:00+00:00, execution_date=20240625T000000, start_date=20240709T070727, end_date=20240709T070728
[2024-07-09T07:07:28.332+0000] {local_task_job_runner.py:240} INFO - Task exited with return code 0
[2024-07-09T07:07:28.385+0000] {taskinstance.py:3503} INFO - 0 downstream tasks scheduled from follow-on schedule check
[2024-07-09T07:07:28.388+0000] {local_task_job_runner.py:222} INFO - ::endgroup::
[2024-07-09T07:51:22.541+0000] {local_task_job_runner.py:120} INFO - ::group::Pre task execution logs
[2024-07-09T07:51:22.558+0000] {taskinstance.py:2076} INFO - Dependencies all met for dep_context=non-requeueable deps ti=<TaskInstance: market_etl.create_security_dimension scheduled__2024-06-25T00:00:00+00:00 [queued]>
[2024-07-09T07:51:22.567+0000] {taskinstance.py:2076} INFO - Dependencies all met for dep_context=requeueable deps ti=<TaskInstance: market_etl.create_security_dimension scheduled__2024-06-25T00:00:00+00:00 [queued]>
[2024-07-09T07:51:22.567+0000] {taskinstance.py:2306} INFO - Starting attempt 1 of 4
[2024-07-09T07:51:22.577+0000] {taskinstance.py:2330} INFO - Executing <Task(_PythonDecoratedOperator): create_security_dimension> on 2024-06-25 00:00:00+00:00
[2024-07-09T07:51:22.582+0000] {warnings.py:112} WARNING - /home/airflow/.local/lib/python3.12/site-packages/airflow/task/task_runner/standard_task_runner.py:61: DeprecationWarning: This process (pid=70) is multi-threaded, use of fork() may lead to deadlocks in the child.
  pid = os.fork()

[2024-07-09T07:51:22.584+0000] {standard_task_runner.py:63} INFO - Started process 76 to run task
[2024-07-09T07:51:22.587+0000] {standard_task_runner.py:90} INFO - Running: ['airflow', 'tasks', 'run', 'market_etl', 'create_security_dimension', 'scheduled__2024-06-25T00:00:00+00:00', '--job-id', '65', '--raw', '--subdir', 'DAGS_FOLDER/etl.py', '--cfg-path', '/tmp/tmpew49n8zj']
[2024-07-09T07:51:22.595+0000] {standard_task_runner.py:91} INFO - Job 65: Subtask create_security_dimension
[2024-07-09T07:51:22.653+0000] {task_command.py:426} INFO - Running <TaskInstance: market_etl.create_security_dimension scheduled__2024-06-25T00:00:00+00:00 [running]> on host c28bfc7b9d3e
[2024-07-09T07:51:22.819+0000] {taskinstance.py:2648} INFO - Exporting env vars: AIRFLOW_CTX_DAG_OWNER='airflow' AIRFLOW_CTX_DAG_ID='market_etl' AIRFLOW_CTX_TASK_ID='create_security_dimension' AIRFLOW_CTX_EXECUTION_DATE='2024-06-25T00:00:00+00:00' AIRFLOW_CTX_TRY_NUMBER='1' AIRFLOW_CTX_DAG_RUN_ID='scheduled__2024-06-25T00:00:00+00:00'
[2024-07-09T07:51:22.821+0000] {taskinstance.py:430} INFO - ::endgroup::
[2024-07-09T07:51:22.823+0000] {python.py:237} INFO - Done. Returned value was:     SECURITY_ID  ...  FIFTY_TWO_WEEKS_LOW
0          ADBL  ...                220.5
1       ADBLD83  ...                941.0
2           AHL  ...                273.1
3          AHPC  ...                149.0
4         AKJCL  ...                141.3
..          ...  ...                  ...
318        USHL  ...                253.6
319        USLB  ...                591.1
320        VLBS  ...                546.1
321       VLUCL  ...                365.3
322        WNLB  ...                680.0

[323 rows x 4 columns]
[2024-07-09T07:51:22.829+0000] {taskinstance.py:441} INFO - ::group::Post task execution logs
[2024-07-09T07:51:22.894+0000] {taskinstance.py:1206} INFO - Marking task as SUCCESS. dag_id=market_etl, task_id=create_security_dimension, run_id=scheduled__2024-06-25T00:00:00+00:00, execution_date=20240625T000000, start_date=20240709T075122, end_date=20240709T075122
[2024-07-09T07:51:22.974+0000] {local_task_job_runner.py:240} INFO - Task exited with return code 0
[2024-07-09T07:51:22.998+0000] {taskinstance.py:3503} INFO - 0 downstream tasks scheduled from follow-on schedule check
[2024-07-09T07:51:22.999+0000] {local_task_job_runner.py:222} INFO - ::endgroup::
[2024-07-09T08:02:28.479+0000] {local_task_job_runner.py:120} INFO - ::group::Pre task execution logs
[2024-07-09T08:02:28.495+0000] {taskinstance.py:2076} INFO - Dependencies all met for dep_context=non-requeueable deps ti=<TaskInstance: market_etl.create_security_dimension scheduled__2024-06-25T00:00:00+00:00 [queued]>
[2024-07-09T08:02:28.500+0000] {taskinstance.py:2076} INFO - Dependencies all met for dep_context=requeueable deps ti=<TaskInstance: market_etl.create_security_dimension scheduled__2024-06-25T00:00:00+00:00 [queued]>
[2024-07-09T08:02:28.500+0000] {taskinstance.py:2306} INFO - Starting attempt 1 of 4
[2024-07-09T08:02:28.516+0000] {taskinstance.py:2330} INFO - Executing <Task(_PythonDecoratedOperator): create_security_dimension> on 2024-06-25 00:00:00+00:00
[2024-07-09T08:02:28.528+0000] {warnings.py:112} WARNING - /home/airflow/.local/lib/python3.12/site-packages/airflow/task/task_runner/standard_task_runner.py:61: DeprecationWarning: This process (pid=62) is multi-threaded, use of fork() may lead to deadlocks in the child.
  pid = os.fork()

[2024-07-09T08:02:28.532+0000] {standard_task_runner.py:63} INFO - Started process 68 to run task
[2024-07-09T08:02:28.532+0000] {standard_task_runner.py:90} INFO - Running: ['airflow', 'tasks', 'run', 'market_etl', 'create_security_dimension', 'scheduled__2024-06-25T00:00:00+00:00', '--job-id', '76', '--raw', '--subdir', 'DAGS_FOLDER/etl.py', '--cfg-path', '/tmp/tmpr7awiofc']
[2024-07-09T08:02:28.535+0000] {standard_task_runner.py:91} INFO - Job 76: Subtask create_security_dimension
[2024-07-09T08:02:28.622+0000] {task_command.py:426} INFO - Running <TaskInstance: market_etl.create_security_dimension scheduled__2024-06-25T00:00:00+00:00 [running]> on host 85b7a2421f63
[2024-07-09T08:02:28.808+0000] {taskinstance.py:2648} INFO - Exporting env vars: AIRFLOW_CTX_DAG_OWNER='airflow' AIRFLOW_CTX_DAG_ID='market_etl' AIRFLOW_CTX_TASK_ID='create_security_dimension' AIRFLOW_CTX_EXECUTION_DATE='2024-06-25T00:00:00+00:00' AIRFLOW_CTX_TRY_NUMBER='1' AIRFLOW_CTX_DAG_RUN_ID='scheduled__2024-06-25T00:00:00+00:00'
[2024-07-09T08:02:28.814+0000] {taskinstance.py:430} INFO - ::endgroup::
[2024-07-09T08:02:28.817+0000] {python.py:237} INFO - Done. Returned value was:     SECURITY_ID  ...  FIFTY_TWO_WEEKS_LOW
0          ADBL  ...                220.5
1       ADBLD83  ...                941.0
2           AHL  ...                273.1
3          AHPC  ...                149.0
4         AKJCL  ...                141.3
..          ...  ...                  ...
318        USHL  ...                253.6
319        USLB  ...                591.1
320        VLBS  ...                546.1
321       VLUCL  ...                365.3
322        WNLB  ...                680.0

[323 rows x 4 columns]
[2024-07-09T08:02:28.823+0000] {taskinstance.py:441} INFO - ::group::Post task execution logs
[2024-07-09T08:02:28.859+0000] {taskinstance.py:1206} INFO - Marking task as SUCCESS. dag_id=market_etl, task_id=create_security_dimension, run_id=scheduled__2024-06-25T00:00:00+00:00, execution_date=20240625T000000, start_date=20240709T080228, end_date=20240709T080228
[2024-07-09T08:02:28.879+0000] {local_task_job_runner.py:240} INFO - Task exited with return code 0
[2024-07-09T08:02:28.899+0000] {taskinstance.py:3503} INFO - 0 downstream tasks scheduled from follow-on schedule check
[2024-07-09T08:02:28.900+0000] {local_task_job_runner.py:222} INFO - ::endgroup::
[2024-07-09T08:36:17.029+0000] {local_task_job_runner.py:120} INFO - ::group::Pre task execution logs
[2024-07-09T08:36:17.049+0000] {taskinstance.py:2076} INFO - Dependencies all met for dep_context=non-requeueable deps ti=<TaskInstance: market_etl.create_security_dimension scheduled__2024-06-25T00:00:00+00:00 [queued]>
[2024-07-09T08:36:17.055+0000] {taskinstance.py:2076} INFO - Dependencies all met for dep_context=requeueable deps ti=<TaskInstance: market_etl.create_security_dimension scheduled__2024-06-25T00:00:00+00:00 [queued]>
[2024-07-09T08:36:17.056+0000] {taskinstance.py:2306} INFO - Starting attempt 1 of 4
[2024-07-09T08:36:17.066+0000] {taskinstance.py:2330} INFO - Executing <Task(_PythonDecoratedOperator): create_security_dimension> on 2024-06-25 00:00:00+00:00
[2024-07-09T08:36:17.072+0000] {warnings.py:112} WARNING - /home/airflow/.local/lib/python3.12/site-packages/airflow/task/task_runner/standard_task_runner.py:61: DeprecationWarning: This process (pid=62) is multi-threaded, use of fork() may lead to deadlocks in the child.
  pid = os.fork()

[2024-07-09T08:36:17.074+0000] {standard_task_runner.py:63} INFO - Started process 68 to run task
[2024-07-09T08:36:17.075+0000] {standard_task_runner.py:90} INFO - Running: ['airflow', 'tasks', 'run', 'market_etl', 'create_security_dimension', 'scheduled__2024-06-25T00:00:00+00:00', '--job-id', '89', '--raw', '--subdir', 'DAGS_FOLDER/etl.py', '--cfg-path', '/tmp/tmp7w59tn8o']
[2024-07-09T08:36:17.077+0000] {standard_task_runner.py:91} INFO - Job 89: Subtask create_security_dimension
[2024-07-09T08:36:17.139+0000] {task_command.py:426} INFO - Running <TaskInstance: market_etl.create_security_dimension scheduled__2024-06-25T00:00:00+00:00 [running]> on host 9d8da6717a55
[2024-07-09T08:36:17.426+0000] {taskinstance.py:2648} INFO - Exporting env vars: AIRFLOW_CTX_DAG_OWNER='airflow' AIRFLOW_CTX_DAG_ID='market_etl' AIRFLOW_CTX_TASK_ID='create_security_dimension' AIRFLOW_CTX_EXECUTION_DATE='2024-06-25T00:00:00+00:00' AIRFLOW_CTX_TRY_NUMBER='1' AIRFLOW_CTX_DAG_RUN_ID='scheduled__2024-06-25T00:00:00+00:00'
[2024-07-09T08:36:17.427+0000] {taskinstance.py:430} INFO - ::endgroup::
[2024-07-09T08:36:17.430+0000] {python.py:237} INFO - Done. Returned value was:     SECURITY_ID  ...  FIFTY_TWO_WEEKS_LOW
0          ADBL  ...                220.5
1       ADBLD83  ...                941.0
2           AHL  ...                273.1
3          AHPC  ...                149.0
4         AKJCL  ...                141.3
..          ...  ...                  ...
318        USHL  ...                253.6
319        USLB  ...                591.1
320        VLBS  ...                546.1
321       VLUCL  ...                365.3
322        WNLB  ...                680.0

[323 rows x 4 columns]
[2024-07-09T08:36:17.435+0000] {taskinstance.py:441} INFO - ::group::Post task execution logs
[2024-07-09T08:36:17.496+0000] {taskinstance.py:1206} INFO - Marking task as SUCCESS. dag_id=market_etl, task_id=create_security_dimension, run_id=scheduled__2024-06-25T00:00:00+00:00, execution_date=20240625T000000, start_date=20240709T083617, end_date=20240709T083617
[2024-07-09T08:36:17.542+0000] {local_task_job_runner.py:240} INFO - Task exited with return code 0
[2024-07-09T08:36:17.578+0000] {taskinstance.py:3503} INFO - 0 downstream tasks scheduled from follow-on schedule check
[2024-07-09T08:36:17.579+0000] {local_task_job_runner.py:222} INFO - ::endgroup::
[2024-07-09T08:41:06.194+0000] {local_task_job_runner.py:120} INFO - ::group::Pre task execution logs
[2024-07-09T08:41:06.213+0000] {taskinstance.py:2076} INFO - Dependencies all met for dep_context=non-requeueable deps ti=<TaskInstance: market_etl.create_security_dimension scheduled__2024-06-25T00:00:00+00:00 [queued]>
[2024-07-09T08:41:06.219+0000] {taskinstance.py:2076} INFO - Dependencies all met for dep_context=requeueable deps ti=<TaskInstance: market_etl.create_security_dimension scheduled__2024-06-25T00:00:00+00:00 [queued]>
[2024-07-09T08:41:06.220+0000] {taskinstance.py:2306} INFO - Starting attempt 1 of 4
[2024-07-09T08:41:06.241+0000] {taskinstance.py:2330} INFO - Executing <Task(_PythonDecoratedOperator): create_security_dimension> on 2024-06-25 00:00:00+00:00
[2024-07-09T08:41:06.249+0000] {warnings.py:112} WARNING - /home/airflow/.local/lib/python3.12/site-packages/airflow/task/task_runner/standard_task_runner.py:61: DeprecationWarning: This process (pid=66) is multi-threaded, use of fork() may lead to deadlocks in the child.
  pid = os.fork()

[2024-07-09T08:41:06.250+0000] {standard_task_runner.py:63} INFO - Started process 90 to run task
[2024-07-09T08:41:06.251+0000] {standard_task_runner.py:90} INFO - Running: ['airflow', 'tasks', 'run', 'market_etl', 'create_security_dimension', 'scheduled__2024-06-25T00:00:00+00:00', '--job-id', '100', '--raw', '--subdir', 'DAGS_FOLDER/etl.py', '--cfg-path', '/tmp/tmpdvn2bbru']
[2024-07-09T08:41:06.252+0000] {standard_task_runner.py:91} INFO - Job 100: Subtask create_security_dimension
[2024-07-09T08:41:06.326+0000] {task_command.py:426} INFO - Running <TaskInstance: market_etl.create_security_dimension scheduled__2024-06-25T00:00:00+00:00 [running]> on host 7aa01bd35230
[2024-07-09T08:41:06.522+0000] {taskinstance.py:2648} INFO - Exporting env vars: AIRFLOW_CTX_DAG_OWNER='airflow' AIRFLOW_CTX_DAG_ID='market_etl' AIRFLOW_CTX_TASK_ID='create_security_dimension' AIRFLOW_CTX_EXECUTION_DATE='2024-06-25T00:00:00+00:00' AIRFLOW_CTX_TRY_NUMBER='1' AIRFLOW_CTX_DAG_RUN_ID='scheduled__2024-06-25T00:00:00+00:00'
[2024-07-09T08:41:06.523+0000] {taskinstance.py:430} INFO - ::endgroup::
[2024-07-09T08:41:06.526+0000] {python.py:237} INFO - Done. Returned value was:     SECURITY_ID  ...  FIFTY_TWO_WEEKS_LOW
0          ADBL  ...                220.5
1       ADBLD83  ...                941.0
2           AHL  ...                273.1
3          AHPC  ...                149.0
4         AKJCL  ...                141.3
..          ...  ...                  ...
318        USHL  ...                253.6
319        USLB  ...                591.1
320        VLBS  ...                546.1
321       VLUCL  ...                365.3
322        WNLB  ...                680.0

[323 rows x 4 columns]
[2024-07-09T08:41:06.531+0000] {taskinstance.py:441} INFO - ::group::Post task execution logs
[2024-07-09T08:41:06.592+0000] {taskinstance.py:1206} INFO - Marking task as SUCCESS. dag_id=market_etl, task_id=create_security_dimension, run_id=scheduled__2024-06-25T00:00:00+00:00, execution_date=20240625T000000, start_date=20240709T084106, end_date=20240709T084106
[2024-07-09T08:41:06.639+0000] {local_task_job_runner.py:240} INFO - Task exited with return code 0
[2024-07-09T08:41:06.676+0000] {taskinstance.py:3503} INFO - 0 downstream tasks scheduled from follow-on schedule check
[2024-07-09T08:41:06.678+0000] {local_task_job_runner.py:222} INFO - ::endgroup::
