[2024-07-09T09:24:10.557+0000] {local_task_job_runner.py:120} INFO - ::group::Pre task execution logs
[2024-07-09T09:24:10.588+0000] {taskinstance.py:2076} INFO - Dependencies all met for dep_context=non-requeueable deps ti=<TaskInstance: market_etl.load_data_to_postgres scheduled__2024-07-08T06:15:00+00:00 [queued]>
[2024-07-09T09:24:10.595+0000] {taskinstance.py:2076} INFO - Dependencies all met for dep_context=requeueable deps ti=<TaskInstance: market_etl.load_data_to_postgres scheduled__2024-07-08T06:15:00+00:00 [queued]>
[2024-07-09T09:24:10.596+0000] {taskinstance.py:2306} INFO - Starting attempt 1 of 4
[2024-07-09T09:24:10.605+0000] {taskinstance.py:2330} INFO - Executing <Task(_PythonDecoratedOperator): load_data_to_postgres> on 2024-07-08 06:15:00+00:00
[2024-07-09T09:24:10.610+0000] {warnings.py:112} WARNING - /home/airflow/.local/lib/python3.12/site-packages/airflow/task/task_runner/standard_task_runner.py:61: DeprecationWarning: This process (pid=237) is multi-threaded, use of fork() may lead to deadlocks in the child.
  pid = os.fork()

[2024-07-09T09:24:10.612+0000] {standard_task_runner.py:63} INFO - Started process 239 to run task
[2024-07-09T09:24:10.613+0000] {standard_task_runner.py:90} INFO - Running: ['airflow', 'tasks', 'run', 'market_etl', 'load_data_to_postgres', 'scheduled__2024-07-08T06:15:00+00:00', '--job-id', '216', '--raw', '--subdir', 'DAGS_FOLDER/etl.py', '--cfg-path', '/tmp/tmp4i6c07el']
[2024-07-09T09:24:10.615+0000] {standard_task_runner.py:91} INFO - Job 216: Subtask load_data_to_postgres
[2024-07-09T09:24:10.669+0000] {task_command.py:426} INFO - Running <TaskInstance: market_etl.load_data_to_postgres scheduled__2024-07-08T06:15:00+00:00 [running]> on host 7aa01bd35230
[2024-07-09T09:24:10.873+0000] {taskinstance.py:2648} INFO - Exporting env vars: AIRFLOW_CTX_DAG_OWNER='airflow' AIRFLOW_CTX_DAG_ID='market_etl' AIRFLOW_CTX_TASK_ID='load_data_to_postgres' AIRFLOW_CTX_EXECUTION_DATE='2024-07-08T06:15:00+00:00' AIRFLOW_CTX_TRY_NUMBER='1' AIRFLOW_CTX_DAG_RUN_ID='scheduled__2024-07-08T06:15:00+00:00'
[2024-07-09T09:24:10.874+0000] {taskinstance.py:430} INFO - ::endgroup::
[2024-07-09T09:24:10.893+0000] {base.py:84} INFO - Using connection ID 'market_database_conn' for task execution.
[2024-07-09T09:24:10.963+0000] {python.py:237} INFO - Done. Returned value was: None
[2024-07-09T09:24:10.964+0000] {taskinstance.py:441} INFO - ::group::Post task execution logs
[2024-07-09T09:24:10.974+0000] {taskinstance.py:1206} INFO - Marking task as SUCCESS. dag_id=market_etl, task_id=load_data_to_postgres, run_id=scheduled__2024-07-08T06:15:00+00:00, execution_date=20240708T061500, start_date=20240709T092410, end_date=20240709T092410
[2024-07-09T09:24:11.004+0000] {local_task_job_runner.py:240} INFO - Task exited with return code 0
[2024-07-09T09:24:11.020+0000] {taskinstance.py:3503} INFO - 0 downstream tasks scheduled from follow-on schedule check
[2024-07-09T09:24:11.021+0000] {local_task_job_runner.py:222} INFO - ::endgroup::
[2024-07-10T14:21:04.654+0000] {local_task_job_runner.py:120} INFO - ::group::Pre task execution logs
[2024-07-10T14:21:04.668+0000] {taskinstance.py:2076} INFO - Dependencies all met for dep_context=non-requeueable deps ti=<TaskInstance: market_etl.load_data_to_postgres scheduled__2024-07-08T06:15:00+00:00 [queued]>
[2024-07-10T14:21:04.675+0000] {taskinstance.py:2076} INFO - Dependencies all met for dep_context=requeueable deps ti=<TaskInstance: market_etl.load_data_to_postgres scheduled__2024-07-08T06:15:00+00:00 [queued]>
[2024-07-10T14:21:04.675+0000] {taskinstance.py:2306} INFO - Starting attempt 1 of 4
[2024-07-10T14:21:04.684+0000] {taskinstance.py:2330} INFO - Executing <Task(_PythonDecoratedOperator): load_data_to_postgres> on 2024-07-08 06:15:00+00:00
[2024-07-10T14:21:04.690+0000] {warnings.py:112} WARNING - /home/airflow/.local/lib/python3.12/site-packages/airflow/task/task_runner/standard_task_runner.py:61: DeprecationWarning: This process (pid=515) is multi-threaded, use of fork() may lead to deadlocks in the child.
  pid = os.fork()

[2024-07-10T14:21:04.691+0000] {standard_task_runner.py:63} INFO - Started process 517 to run task
[2024-07-10T14:21:04.692+0000] {standard_task_runner.py:90} INFO - Running: ['airflow', 'tasks', 'run', 'market_etl', 'load_data_to_postgres', 'scheduled__2024-07-08T06:15:00+00:00', '--job-id', '808', '--raw', '--subdir', 'DAGS_FOLDER/etl.py', '--cfg-path', '/tmp/tmpu1yxw93k']
[2024-07-10T14:21:04.693+0000] {standard_task_runner.py:91} INFO - Job 808: Subtask load_data_to_postgres
[2024-07-10T14:21:04.738+0000] {task_command.py:426} INFO - Running <TaskInstance: market_etl.load_data_to_postgres scheduled__2024-07-08T06:15:00+00:00 [running]> on host 514b016b59c3
[2024-07-10T14:21:04.963+0000] {taskinstance.py:2648} INFO - Exporting env vars: AIRFLOW_CTX_DAG_OWNER='airflow' AIRFLOW_CTX_DAG_ID='market_etl' AIRFLOW_CTX_TASK_ID='load_data_to_postgres' AIRFLOW_CTX_EXECUTION_DATE='2024-07-08T06:15:00+00:00' AIRFLOW_CTX_TRY_NUMBER='1' AIRFLOW_CTX_DAG_RUN_ID='scheduled__2024-07-08T06:15:00+00:00'
[2024-07-10T14:21:04.964+0000] {taskinstance.py:430} INFO - ::endgroup::
[2024-07-10T14:21:04.974+0000] {base.py:84} INFO - Using connection ID 'market_database_conn' for task execution.
[2024-07-10T14:21:05.014+0000] {python.py:237} INFO - Done. Returned value was: None
[2024-07-10T14:21:05.015+0000] {taskinstance.py:441} INFO - ::group::Post task execution logs
[2024-07-10T14:21:05.022+0000] {taskinstance.py:1206} INFO - Marking task as SUCCESS. dag_id=market_etl, task_id=load_data_to_postgres, run_id=scheduled__2024-07-08T06:15:00+00:00, execution_date=20240708T061500, start_date=20240710T142104, end_date=20240710T142105
[2024-07-10T14:21:05.042+0000] {local_task_job_runner.py:240} INFO - Task exited with return code 0
[2024-07-10T14:21:05.059+0000] {taskinstance.py:3503} INFO - 0 downstream tasks scheduled from follow-on schedule check
[2024-07-10T14:21:05.061+0000] {local_task_job_runner.py:222} INFO - ::endgroup::
[2024-07-11T08:22:59.209+0000] {local_task_job_runner.py:120} INFO - ::group::Pre task execution logs
[2024-07-11T08:22:59.225+0000] {taskinstance.py:2076} INFO - Dependencies all met for dep_context=non-requeueable deps ti=<TaskInstance: market_etl.load_data_to_postgres scheduled__2024-07-08T06:15:00+00:00 [queued]>
[2024-07-11T08:22:59.232+0000] {taskinstance.py:2076} INFO - Dependencies all met for dep_context=requeueable deps ti=<TaskInstance: market_etl.load_data_to_postgres scheduled__2024-07-08T06:15:00+00:00 [queued]>
[2024-07-11T08:22:59.232+0000] {taskinstance.py:2306} INFO - Starting attempt 1 of 4
[2024-07-11T08:22:59.241+0000] {taskinstance.py:2330} INFO - Executing <Task(_PythonDecoratedOperator): load_data_to_postgres> on 2024-07-08 06:15:00+00:00
[2024-07-11T08:22:59.249+0000] {warnings.py:112} WARNING - /home/airflow/.local/lib/python3.12/site-packages/airflow/task/task_runner/standard_task_runner.py:61: DeprecationWarning: This process (pid=1638) is multi-threaded, use of fork() may lead to deadlocks in the child.
  pid = os.fork()

[2024-07-11T08:22:59.251+0000] {standard_task_runner.py:63} INFO - Started process 1640 to run task
[2024-07-11T08:22:59.252+0000] {standard_task_runner.py:90} INFO - Running: ['airflow', 'tasks', 'run', 'market_etl', 'load_data_to_postgres', 'scheduled__2024-07-08T06:15:00+00:00', '--job-id', '1225', '--raw', '--subdir', 'DAGS_FOLDER/etl.py', '--cfg-path', '/tmp/tmpbfjx1jyp']
[2024-07-11T08:22:59.262+0000] {standard_task_runner.py:91} INFO - Job 1225: Subtask load_data_to_postgres
[2024-07-11T08:22:59.325+0000] {task_command.py:426} INFO - Running <TaskInstance: market_etl.load_data_to_postgres scheduled__2024-07-08T06:15:00+00:00 [running]> on host aa283b53dd54
[2024-07-11T08:22:59.569+0000] {taskinstance.py:2648} INFO - Exporting env vars: AIRFLOW_CTX_DAG_OWNER='airflow' AIRFLOW_CTX_DAG_ID='market_etl' AIRFLOW_CTX_TASK_ID='load_data_to_postgres' AIRFLOW_CTX_EXECUTION_DATE='2024-07-08T06:15:00+00:00' AIRFLOW_CTX_TRY_NUMBER='1' AIRFLOW_CTX_DAG_RUN_ID='scheduled__2024-07-08T06:15:00+00:00'
[2024-07-11T08:22:59.570+0000] {taskinstance.py:430} INFO - ::endgroup::
[2024-07-11T08:22:59.582+0000] {base.py:84} INFO - Using connection ID 'market_database_conn' for task execution.
[2024-07-11T08:22:59.658+0000] {python.py:237} INFO - Done. Returned value was: None
[2024-07-11T08:22:59.659+0000] {taskinstance.py:441} INFO - ::group::Post task execution logs
[2024-07-11T08:22:59.671+0000] {taskinstance.py:1206} INFO - Marking task as SUCCESS. dag_id=market_etl, task_id=load_data_to_postgres, run_id=scheduled__2024-07-08T06:15:00+00:00, execution_date=20240708T061500, start_date=20240711T082259, end_date=20240711T082259
[2024-07-11T08:22:59.727+0000] {local_task_job_runner.py:240} INFO - Task exited with return code 0
[2024-07-11T08:22:59.753+0000] {taskinstance.py:3503} INFO - 4 downstream tasks scheduled from follow-on schedule check
[2024-07-11T08:22:59.755+0000] {local_task_job_runner.py:222} INFO - ::endgroup::
