[2024-07-10T09:14:42.682+0000] {local_task_job_runner.py:120} INFO - ::group::Pre task execution logs
[2024-07-10T09:14:42.698+0000] {taskinstance.py:2076} INFO - Dependencies all met for dep_context=non-requeueable deps ti=<TaskInstance: market_etl.flatten_market_data scheduled__2024-06-29T06:15:00+00:00 [queued]>
[2024-07-10T09:14:42.704+0000] {taskinstance.py:2076} INFO - Dependencies all met for dep_context=requeueable deps ti=<TaskInstance: market_etl.flatten_market_data scheduled__2024-06-29T06:15:00+00:00 [queued]>
[2024-07-10T09:14:42.704+0000] {taskinstance.py:2306} INFO - Starting attempt 1 of 4
[2024-07-10T09:14:42.725+0000] {taskinstance.py:2330} INFO - Executing <Task(_PythonDecoratedOperator): flatten_market_data> on 2024-06-29 06:15:00+00:00
[2024-07-10T09:14:42.736+0000] {warnings.py:112} WARNING - /home/airflow/.local/lib/python3.12/site-packages/airflow/task/task_runner/standard_task_runner.py:61: DeprecationWarning: This process (pid=477) is multi-threaded, use of fork() may lead to deadlocks in the child.
  pid = os.fork()

[2024-07-10T09:14:42.737+0000] {standard_task_runner.py:63} INFO - Started process 479 to run task
[2024-07-10T09:14:42.738+0000] {standard_task_runner.py:90} INFO - Running: ['airflow', 'tasks', 'run', 'market_etl', 'flatten_market_data', 'scheduled__2024-06-29T06:15:00+00:00', '--job-id', '324', '--raw', '--subdir', 'DAGS_FOLDER/etl.py', '--cfg-path', '/tmp/tmpymwme580']
[2024-07-10T09:14:42.740+0000] {standard_task_runner.py:91} INFO - Job 324: Subtask flatten_market_data
[2024-07-10T09:14:42.855+0000] {task_command.py:426} INFO - Running <TaskInstance: market_etl.flatten_market_data scheduled__2024-06-29T06:15:00+00:00 [running]> on host 514b016b59c3
[2024-07-10T09:14:43.172+0000] {taskinstance.py:2648} INFO - Exporting env vars: AIRFLOW_CTX_DAG_OWNER='airflow' AIRFLOW_CTX_DAG_ID='market_etl' AIRFLOW_CTX_TASK_ID='flatten_market_data' AIRFLOW_CTX_EXECUTION_DATE='2024-06-29T06:15:00+00:00' AIRFLOW_CTX_TRY_NUMBER='1' AIRFLOW_CTX_DAG_RUN_ID='scheduled__2024-06-29T06:15:00+00:00'
[2024-07-10T09:14:43.177+0000] {taskinstance.py:430} INFO - ::endgroup::
[2024-07-10T09:14:43.219+0000] {python.py:237} INFO - Done. Returned value was:     Symbol  ...  Close_Date
0     ADBL  ...  2024-07-09
1      AHL  ...  2024-07-09
2     AHPC  ...  2024-07-09
3    AKJCL  ...  2024-07-09
4     AKPL  ...  2024-07-09
..     ...  ...         ...
310   USHL  ...  2024-07-09
311   USLB  ...  2024-07-09
312   VLBS  ...  2024-07-09
313  VLUCL  ...  2024-07-09
314   WNLB  ...  2024-07-09

[315 rows x 15 columns]
[2024-07-10T09:14:43.243+0000] {taskinstance.py:441} INFO - ::group::Post task execution logs
[2024-07-10T09:14:43.338+0000] {taskinstance.py:1206} INFO - Marking task as SUCCESS. dag_id=market_etl, task_id=flatten_market_data, run_id=scheduled__2024-06-29T06:15:00+00:00, execution_date=20240629T061500, start_date=20240710T091442, end_date=20240710T091443
[2024-07-10T09:14:43.390+0000] {local_task_job_runner.py:240} INFO - Task exited with return code 0
[2024-07-10T09:14:43.436+0000] {taskinstance.py:3503} INFO - 4 downstream tasks scheduled from follow-on schedule check
[2024-07-10T09:14:43.437+0000] {local_task_job_runner.py:222} INFO - ::endgroup::
[2024-07-10T09:23:45.554+0000] {local_task_job_runner.py:120} INFO - ::group::Pre task execution logs
[2024-07-10T09:23:45.570+0000] {taskinstance.py:2076} INFO - Dependencies all met for dep_context=non-requeueable deps ti=<TaskInstance: market_etl.flatten_market_data scheduled__2024-06-29T06:15:00+00:00 [queued]>
[2024-07-10T09:23:45.577+0000] {taskinstance.py:2076} INFO - Dependencies all met for dep_context=requeueable deps ti=<TaskInstance: market_etl.flatten_market_data scheduled__2024-06-29T06:15:00+00:00 [queued]>
[2024-07-10T09:23:45.577+0000] {taskinstance.py:2306} INFO - Starting attempt 1 of 4
[2024-07-10T09:23:45.585+0000] {taskinstance.py:2330} INFO - Executing <Task(_PythonDecoratedOperator): flatten_market_data> on 2024-06-29 06:15:00+00:00
[2024-07-10T09:23:45.594+0000] {warnings.py:112} WARNING - /home/airflow/.local/lib/python3.12/site-packages/airflow/task/task_runner/standard_task_runner.py:61: DeprecationWarning: This process (pid=483) is multi-threaded, use of fork() may lead to deadlocks in the child.
  pid = os.fork()

[2024-07-10T09:23:45.595+0000] {standard_task_runner.py:63} INFO - Started process 485 to run task
[2024-07-10T09:23:45.596+0000] {standard_task_runner.py:90} INFO - Running: ['airflow', 'tasks', 'run', 'market_etl', 'flatten_market_data', 'scheduled__2024-06-29T06:15:00+00:00', '--job-id', '447', '--raw', '--subdir', 'DAGS_FOLDER/etl.py', '--cfg-path', '/tmp/tmp0md7m98u']
[2024-07-10T09:23:45.599+0000] {standard_task_runner.py:91} INFO - Job 447: Subtask flatten_market_data
[2024-07-10T09:23:45.689+0000] {task_command.py:426} INFO - Running <TaskInstance: market_etl.flatten_market_data scheduled__2024-06-29T06:15:00+00:00 [running]> on host 514b016b59c3
[2024-07-10T09:23:45.860+0000] {taskinstance.py:2648} INFO - Exporting env vars: AIRFLOW_CTX_DAG_OWNER='airflow' AIRFLOW_CTX_DAG_ID='market_etl' AIRFLOW_CTX_TASK_ID='flatten_market_data' AIRFLOW_CTX_EXECUTION_DATE='2024-06-29T06:15:00+00:00' AIRFLOW_CTX_TRY_NUMBER='1' AIRFLOW_CTX_DAG_RUN_ID='scheduled__2024-06-29T06:15:00+00:00'
[2024-07-10T09:23:45.861+0000] {taskinstance.py:430} INFO - ::endgroup::
[2024-07-10T09:23:45.874+0000] {python.py:237} INFO - Done. Returned value was:     Symbol  ...  Close_Date
0     ADBL  ...  2024-07-09
1      AHL  ...  2024-07-09
2     AHPC  ...  2024-07-09
3    AKJCL  ...  2024-07-09
4     AKPL  ...  2024-07-09
..     ...  ...         ...
310   USHL  ...  2024-07-09
311   USLB  ...  2024-07-09
312   VLBS  ...  2024-07-09
313  VLUCL  ...  2024-07-09
314   WNLB  ...  2024-07-09

[315 rows x 15 columns]
[2024-07-10T09:23:45.892+0000] {taskinstance.py:441} INFO - ::group::Post task execution logs
[2024-07-10T09:23:45.968+0000] {taskinstance.py:1206} INFO - Marking task as SUCCESS. dag_id=market_etl, task_id=flatten_market_data, run_id=scheduled__2024-06-29T06:15:00+00:00, execution_date=20240629T061500, start_date=20240710T092345, end_date=20240710T092345
[2024-07-10T09:23:45.988+0000] {local_task_job_runner.py:240} INFO - Task exited with return code 0
[2024-07-10T09:23:46.014+0000] {taskinstance.py:3503} INFO - 4 downstream tasks scheduled from follow-on schedule check
[2024-07-10T09:23:46.015+0000] {local_task_job_runner.py:222} INFO - ::endgroup::
[2024-07-10T09:53:31.705+0000] {local_task_job_runner.py:120} INFO - ::group::Pre task execution logs
[2024-07-10T09:53:31.723+0000] {taskinstance.py:2076} INFO - Dependencies all met for dep_context=non-requeueable deps ti=<TaskInstance: market_etl.flatten_market_data scheduled__2024-06-29T06:15:00+00:00 [queued]>
[2024-07-10T09:53:31.730+0000] {taskinstance.py:2076} INFO - Dependencies all met for dep_context=requeueable deps ti=<TaskInstance: market_etl.flatten_market_data scheduled__2024-06-29T06:15:00+00:00 [queued]>
[2024-07-10T09:53:31.730+0000] {taskinstance.py:2306} INFO - Starting attempt 1 of 4
[2024-07-10T09:53:31.739+0000] {taskinstance.py:2330} INFO - Executing <Task(_PythonDecoratedOperator): flatten_market_data> on 2024-06-29 06:15:00+00:00
[2024-07-10T09:53:31.749+0000] {warnings.py:112} WARNING - /home/airflow/.local/lib/python3.12/site-packages/airflow/task/task_runner/standard_task_runner.py:61: DeprecationWarning: This process (pid=476) is multi-threaded, use of fork() may lead to deadlocks in the child.
  pid = os.fork()

[2024-07-10T09:53:31.750+0000] {standard_task_runner.py:63} INFO - Started process 478 to run task
[2024-07-10T09:53:31.752+0000] {standard_task_runner.py:90} INFO - Running: ['airflow', 'tasks', 'run', 'market_etl', 'flatten_market_data', 'scheduled__2024-06-29T06:15:00+00:00', '--job-id', '573', '--raw', '--subdir', 'DAGS_FOLDER/etl.py', '--cfg-path', '/tmp/tmpejis7f7l']
[2024-07-10T09:53:31.753+0000] {standard_task_runner.py:91} INFO - Job 573: Subtask flatten_market_data
[2024-07-10T09:53:31.824+0000] {task_command.py:426} INFO - Running <TaskInstance: market_etl.flatten_market_data scheduled__2024-06-29T06:15:00+00:00 [running]> on host 514b016b59c3
[2024-07-10T09:53:31.984+0000] {taskinstance.py:2648} INFO - Exporting env vars: AIRFLOW_CTX_DAG_OWNER='airflow' AIRFLOW_CTX_DAG_ID='market_etl' AIRFLOW_CTX_TASK_ID='flatten_market_data' AIRFLOW_CTX_EXECUTION_DATE='2024-06-29T06:15:00+00:00' AIRFLOW_CTX_TRY_NUMBER='1' AIRFLOW_CTX_DAG_RUN_ID='scheduled__2024-06-29T06:15:00+00:00'
[2024-07-10T09:53:31.986+0000] {taskinstance.py:430} INFO - ::endgroup::
[2024-07-10T09:53:32.004+0000] {python.py:237} INFO - Done. Returned value was:     Symbol  ...  Close_Date
0     ADBL  ...  2024-07-09
1      AHL  ...  2024-07-09
2     AHPC  ...  2024-07-09
3    AKJCL  ...  2024-07-09
4     AKPL  ...  2024-07-09
..     ...  ...         ...
310   USHL  ...  2024-07-09
311   USLB  ...  2024-07-09
312   VLBS  ...  2024-07-09
313  VLUCL  ...  2024-07-09
314   WNLB  ...  2024-07-09

[315 rows x 15 columns]
[2024-07-10T09:53:32.021+0000] {taskinstance.py:441} INFO - ::group::Post task execution logs
[2024-07-10T09:53:32.088+0000] {taskinstance.py:1206} INFO - Marking task as SUCCESS. dag_id=market_etl, task_id=flatten_market_data, run_id=scheduled__2024-06-29T06:15:00+00:00, execution_date=20240629T061500, start_date=20240710T095331, end_date=20240710T095332
[2024-07-10T09:53:32.107+0000] {local_task_job_runner.py:240} INFO - Task exited with return code 0
[2024-07-10T09:53:32.135+0000] {taskinstance.py:3503} INFO - 3 downstream tasks scheduled from follow-on schedule check
[2024-07-10T09:53:32.136+0000] {local_task_job_runner.py:222} INFO - ::endgroup::
[2024-07-10T10:03:30.255+0000] {local_task_job_runner.py:120} INFO - ::group::Pre task execution logs
[2024-07-10T10:03:30.294+0000] {taskinstance.py:2076} INFO - Dependencies all met for dep_context=non-requeueable deps ti=<TaskInstance: market_etl.flatten_market_data scheduled__2024-06-29T06:15:00+00:00 [queued]>
[2024-07-10T10:03:30.308+0000] {taskinstance.py:2076} INFO - Dependencies all met for dep_context=requeueable deps ti=<TaskInstance: market_etl.flatten_market_data scheduled__2024-06-29T06:15:00+00:00 [queued]>
[2024-07-10T10:03:30.309+0000] {taskinstance.py:2306} INFO - Starting attempt 1 of 4
[2024-07-10T10:03:30.352+0000] {taskinstance.py:2330} INFO - Executing <Task(_PythonDecoratedOperator): flatten_market_data> on 2024-06-29 06:15:00+00:00
[2024-07-10T10:03:30.444+0000] {warnings.py:112} WARNING - /home/airflow/.local/lib/python3.12/site-packages/airflow/task/task_runner/standard_task_runner.py:61: DeprecationWarning: This process (pid=483) is multi-threaded, use of fork() may lead to deadlocks in the child.
  pid = os.fork()

[2024-07-10T10:03:30.458+0000] {standard_task_runner.py:63} INFO - Started process 485 to run task
[2024-07-10T10:03:30.458+0000] {standard_task_runner.py:90} INFO - Running: ['airflow', 'tasks', 'run', 'market_etl', 'flatten_market_data', 'scheduled__2024-06-29T06:15:00+00:00', '--job-id', '659', '--raw', '--subdir', 'DAGS_FOLDER/etl.py', '--cfg-path', '/tmp/tmpq1_7wzd3']
[2024-07-10T10:03:30.468+0000] {standard_task_runner.py:91} INFO - Job 659: Subtask flatten_market_data
[2024-07-10T10:03:30.646+0000] {task_command.py:426} INFO - Running <TaskInstance: market_etl.flatten_market_data scheduled__2024-06-29T06:15:00+00:00 [running]> on host 514b016b59c3
[2024-07-10T10:03:30.949+0000] {taskinstance.py:2648} INFO - Exporting env vars: AIRFLOW_CTX_DAG_OWNER='airflow' AIRFLOW_CTX_DAG_ID='market_etl' AIRFLOW_CTX_TASK_ID='flatten_market_data' AIRFLOW_CTX_EXECUTION_DATE='2024-06-29T06:15:00+00:00' AIRFLOW_CTX_TRY_NUMBER='1' AIRFLOW_CTX_DAG_RUN_ID='scheduled__2024-06-29T06:15:00+00:00'
[2024-07-10T10:03:30.953+0000] {taskinstance.py:430} INFO - ::endgroup::
[2024-07-10T10:03:31.007+0000] {python.py:237} INFO - Done. Returned value was:     Symbol  ...  Close_Date
0     ADBL  ...  2024-07-09
1      AHL  ...  2024-07-09
2     AHPC  ...  2024-07-09
3    AKJCL  ...  2024-07-09
4     AKPL  ...  2024-07-09
..     ...  ...         ...
310   USHL  ...  2024-07-09
311   USLB  ...  2024-07-09
312   VLBS  ...  2024-07-09
313  VLUCL  ...  2024-07-09
314   WNLB  ...  2024-07-09

[315 rows x 15 columns]
[2024-07-10T10:03:31.056+0000] {taskinstance.py:441} INFO - ::group::Post task execution logs
[2024-07-10T10:03:31.152+0000] {taskinstance.py:1206} INFO - Marking task as SUCCESS. dag_id=market_etl, task_id=flatten_market_data, run_id=scheduled__2024-06-29T06:15:00+00:00, execution_date=20240629T061500, start_date=20240710T100330, end_date=20240710T100331
[2024-07-10T10:03:31.236+0000] {local_task_job_runner.py:240} INFO - Task exited with return code 0
[2024-07-10T10:03:31.300+0000] {taskinstance.py:3503} INFO - 3 downstream tasks scheduled from follow-on schedule check
[2024-07-10T10:03:31.302+0000] {local_task_job_runner.py:222} INFO - ::endgroup::
[2024-07-10T11:35:28.967+0000] {local_task_job_runner.py:120} INFO - ::group::Pre task execution logs
[2024-07-10T11:35:28.982+0000] {taskinstance.py:2076} INFO - Dependencies all met for dep_context=non-requeueable deps ti=<TaskInstance: market_etl.flatten_market_data scheduled__2024-06-29T06:15:00+00:00 [queued]>
[2024-07-10T11:35:28.989+0000] {taskinstance.py:2076} INFO - Dependencies all met for dep_context=requeueable deps ti=<TaskInstance: market_etl.flatten_market_data scheduled__2024-06-29T06:15:00+00:00 [queued]>
[2024-07-10T11:35:28.989+0000] {taskinstance.py:2306} INFO - Starting attempt 1 of 4
[2024-07-10T11:35:28.999+0000] {taskinstance.py:2330} INFO - Executing <Task(_PythonDecoratedOperator): flatten_market_data> on 2024-06-29 06:15:00+00:00
[2024-07-10T11:35:29.003+0000] {warnings.py:112} WARNING - /home/airflow/.local/lib/python3.12/site-packages/airflow/task/task_runner/standard_task_runner.py:61: DeprecationWarning: This process (pid=589) is multi-threaded, use of fork() may lead to deadlocks in the child.
  pid = os.fork()

[2024-07-10T11:35:29.003+0000] {standard_task_runner.py:63} INFO - Started process 591 to run task
[2024-07-10T11:35:29.004+0000] {standard_task_runner.py:90} INFO - Running: ['airflow', 'tasks', 'run', 'market_etl', 'flatten_market_data', 'scheduled__2024-06-29T06:15:00+00:00', '--job-id', '727', '--raw', '--subdir', 'DAGS_FOLDER/etl.py', '--cfg-path', '/tmp/tmpl68ksfbg']
[2024-07-10T11:35:29.006+0000] {standard_task_runner.py:91} INFO - Job 727: Subtask flatten_market_data
[2024-07-10T11:35:29.062+0000] {task_command.py:426} INFO - Running <TaskInstance: market_etl.flatten_market_data scheduled__2024-06-29T06:15:00+00:00 [running]> on host 514b016b59c3
[2024-07-10T11:35:29.164+0000] {taskinstance.py:2648} INFO - Exporting env vars: AIRFLOW_CTX_DAG_OWNER='airflow' AIRFLOW_CTX_DAG_ID='market_etl' AIRFLOW_CTX_TASK_ID='flatten_market_data' AIRFLOW_CTX_EXECUTION_DATE='2024-06-29T06:15:00+00:00' AIRFLOW_CTX_TRY_NUMBER='1' AIRFLOW_CTX_DAG_RUN_ID='scheduled__2024-06-29T06:15:00+00:00'
[2024-07-10T11:35:29.165+0000] {taskinstance.py:430} INFO - ::endgroup::
[2024-07-10T11:35:29.175+0000] {python.py:237} INFO - Done. Returned value was:     Symbol  ...  Close_Date
0     ADBL  ...  2024-07-09
1      AHL  ...  2024-07-09
2     AHPC  ...  2024-07-09
3    AKJCL  ...  2024-07-09
4     AKPL  ...  2024-07-09
..     ...  ...         ...
310   USHL  ...  2024-07-09
311   USLB  ...  2024-07-09
312   VLBS  ...  2024-07-09
313  VLUCL  ...  2024-07-09
314   WNLB  ...  2024-07-09

[315 rows x 15 columns]
[2024-07-10T11:35:29.197+0000] {taskinstance.py:441} INFO - ::group::Post task execution logs
[2024-07-10T11:35:29.260+0000] {taskinstance.py:1206} INFO - Marking task as SUCCESS. dag_id=market_etl, task_id=flatten_market_data, run_id=scheduled__2024-06-29T06:15:00+00:00, execution_date=20240629T061500, start_date=20240710T113528, end_date=20240710T113529
[2024-07-10T11:35:29.309+0000] {local_task_job_runner.py:240} INFO - Task exited with return code 0
[2024-07-10T11:35:29.339+0000] {taskinstance.py:3503} INFO - 3 downstream tasks scheduled from follow-on schedule check
[2024-07-10T11:35:29.340+0000] {local_task_job_runner.py:222} INFO - ::endgroup::
[2024-07-11T08:18:27.310+0000] {local_task_job_runner.py:120} INFO - ::group::Pre task execution logs
[2024-07-11T08:18:27.326+0000] {taskinstance.py:2076} INFO - Dependencies all met for dep_context=non-requeueable deps ti=<TaskInstance: market_etl.flatten_market_data scheduled__2024-06-29T06:15:00+00:00 [queued]>
[2024-07-11T08:18:27.332+0000] {taskinstance.py:2076} INFO - Dependencies all met for dep_context=requeueable deps ti=<TaskInstance: market_etl.flatten_market_data scheduled__2024-06-29T06:15:00+00:00 [queued]>
[2024-07-11T08:18:27.332+0000] {taskinstance.py:2306} INFO - Starting attempt 1 of 4
[2024-07-11T08:18:27.361+0000] {taskinstance.py:2330} INFO - Executing <Task(_PythonDecoratedOperator): flatten_market_data> on 2024-06-29 06:15:00+00:00
[2024-07-11T08:18:27.370+0000] {warnings.py:112} WARNING - /home/airflow/.local/lib/python3.12/site-packages/airflow/task/task_runner/standard_task_runner.py:61: DeprecationWarning: This process (pid=333) is multi-threaded, use of fork() may lead to deadlocks in the child.
  pid = os.fork()

[2024-07-11T08:18:27.371+0000] {standard_task_runner.py:63} INFO - Started process 335 to run task
[2024-07-11T08:18:27.372+0000] {standard_task_runner.py:90} INFO - Running: ['airflow', 'tasks', 'run', 'market_etl', 'flatten_market_data', 'scheduled__2024-06-29T06:15:00+00:00', '--job-id', '1111', '--raw', '--subdir', 'DAGS_FOLDER/etl.py', '--cfg-path', '/tmp/tmps7dbq_zp']
[2024-07-11T08:18:27.373+0000] {standard_task_runner.py:91} INFO - Job 1111: Subtask flatten_market_data
[2024-07-11T08:18:27.418+0000] {task_command.py:426} INFO - Running <TaskInstance: market_etl.flatten_market_data scheduled__2024-06-29T06:15:00+00:00 [running]> on host aa283b53dd54
[2024-07-11T08:18:27.521+0000] {taskinstance.py:2648} INFO - Exporting env vars: AIRFLOW_CTX_DAG_OWNER='airflow' AIRFLOW_CTX_DAG_ID='market_etl' AIRFLOW_CTX_TASK_ID='flatten_market_data' AIRFLOW_CTX_EXECUTION_DATE='2024-06-29T06:15:00+00:00' AIRFLOW_CTX_TRY_NUMBER='1' AIRFLOW_CTX_DAG_RUN_ID='scheduled__2024-06-29T06:15:00+00:00'
[2024-07-11T08:18:27.522+0000] {taskinstance.py:430} INFO - ::endgroup::
[2024-07-11T08:18:27.532+0000] {python.py:237} INFO - Done. Returned value was:       Symbol  ...  Close_Date
0       ADBL  ...  2024-07-10
1    ADBLD83  ...  2024-07-10
2        AHL  ...  2024-07-10
3       AHPC  ...  2024-07-10
4      AKJCL  ...  2024-07-10
..       ...  ...         ...
316     USHL  ...  2024-07-10
317     USLB  ...  2024-07-10
318     VLBS  ...  2024-07-10
319    VLUCL  ...  2024-07-10
320     WNLB  ...  2024-07-10

[321 rows x 15 columns]
[2024-07-11T08:18:27.546+0000] {taskinstance.py:441} INFO - ::group::Post task execution logs
[2024-07-11T08:18:27.604+0000] {taskinstance.py:1206} INFO - Marking task as SUCCESS. dag_id=market_etl, task_id=flatten_market_data, run_id=scheduled__2024-06-29T06:15:00+00:00, execution_date=20240629T061500, start_date=20240711T081827, end_date=20240711T081827
[2024-07-11T08:18:27.636+0000] {local_task_job_runner.py:240} INFO - Task exited with return code 0
[2024-07-11T08:18:27.661+0000] {taskinstance.py:3503} INFO - 3 downstream tasks scheduled from follow-on schedule check
[2024-07-11T08:18:27.662+0000] {local_task_job_runner.py:222} INFO - ::endgroup::
