[2024-07-01T05:13:41.204+0000] {local_task_job_runner.py:120} INFO - ::group::Pre task execution logs
[2024-07-01T05:13:41.237+0000] {taskinstance.py:2076} INFO - Dependencies all met for dep_context=non-requeueable deps ti=<TaskInstance: market_etl.flatten_market_data manual__2024-07-01T05:13:37.231157+00:00 [queued]>
[2024-07-01T05:13:41.243+0000] {taskinstance.py:2076} INFO - Dependencies all met for dep_context=requeueable deps ti=<TaskInstance: market_etl.flatten_market_data manual__2024-07-01T05:13:37.231157+00:00 [queued]>
[2024-07-01T05:13:41.243+0000] {taskinstance.py:2306} INFO - Starting attempt 1 of 4
[2024-07-01T05:13:41.251+0000] {taskinstance.py:2330} INFO - Executing <Task(_PythonDecoratedOperator): flatten_market_data> on 2024-07-01 05:13:37.231157+00:00
[2024-07-01T05:13:41.258+0000] {warnings.py:112} WARNING - /home/airflow/.local/lib/python3.12/site-packages/airflow/task/task_runner/standard_task_runner.py:61: DeprecationWarning: This process (pid=51) is multi-threaded, use of fork() may lead to deadlocks in the child.
  pid = os.fork()

[2024-07-01T05:13:41.259+0000] {standard_task_runner.py:63} INFO - Started process 53 to run task
[2024-07-01T05:13:41.259+0000] {standard_task_runner.py:90} INFO - Running: ['airflow', 'tasks', 'run', 'market_etl', 'flatten_market_data', 'manual__2024-07-01T05:13:37.231157+00:00', '--job-id', '348', '--raw', '--subdir', 'DAGS_FOLDER/etl.py', '--cfg-path', '/tmp/tmpe6w2qjha']
[2024-07-01T05:13:41.260+0000] {standard_task_runner.py:91} INFO - Job 348: Subtask flatten_market_data
[2024-07-01T05:13:41.294+0000] {task_command.py:426} INFO - Running <TaskInstance: market_etl.flatten_market_data manual__2024-07-01T05:13:37.231157+00:00 [running]> on host 5eec0a067191
[2024-07-01T05:13:41.372+0000] {taskinstance.py:2648} INFO - Exporting env vars: AIRFLOW_CTX_DAG_OWNER='airflow' AIRFLOW_CTX_DAG_ID='market_etl' AIRFLOW_CTX_TASK_ID='flatten_market_data' AIRFLOW_CTX_EXECUTION_DATE='2024-07-01T05:13:37.231157+00:00' AIRFLOW_CTX_TRY_NUMBER='1' AIRFLOW_CTX_DAG_RUN_ID='manual__2024-07-01T05:13:37.231157+00:00'
[2024-07-01T05:13:41.373+0000] {taskinstance.py:430} INFO - ::endgroup::
[2024-07-01T05:13:41.384+0000] {python.py:237} INFO - Done. Returned value was:    Sn Symbol  ...  Market_Capitalization_Rs__Amt_in_Millions  Close_Date
0   2     KQ  ...                                        1.0  2024-06-30
1   3     KQ  ...                                        1.0  2024-06-30

[2 rows x 16 columns]
[2024-07-01T05:13:41.401+0000] {taskinstance.py:441} INFO - ::group::Post task execution logs
[2024-07-01T05:13:41.451+0000] {taskinstance.py:1206} INFO - Marking task as SUCCESS. dag_id=market_etl, task_id=flatten_market_data, run_id=manual__2024-07-01T05:13:37.231157+00:00, execution_date=20240701T051337, start_date=20240701T051341, end_date=20240701T051341
[2024-07-01T05:13:41.478+0000] {local_task_job_runner.py:240} INFO - Task exited with return code 0
[2024-07-01T05:13:41.501+0000] {taskinstance.py:3503} INFO - 1 downstream tasks scheduled from follow-on schedule check
[2024-07-01T05:13:41.502+0000] {local_task_job_runner.py:222} INFO - ::endgroup::
