[2024-07-10T09:21:52.564+0000] {local_task_job_runner.py:120} INFO - ::group::Pre task execution logs
[2024-07-10T09:21:52.643+0000] {taskinstance.py:2076} INFO - Dependencies all met for dep_context=non-requeueable deps ti=<TaskInstance: market_etl.create_price_dimension manual__2024-07-10T09:21:06.970140+00:00 [queued]>
[2024-07-10T09:21:52.664+0000] {taskinstance.py:2076} INFO - Dependencies all met for dep_context=requeueable deps ti=<TaskInstance: market_etl.create_price_dimension manual__2024-07-10T09:21:06.970140+00:00 [queued]>
[2024-07-10T09:21:52.665+0000] {taskinstance.py:2306} INFO - Starting attempt 1 of 4
[2024-07-10T09:21:52.686+0000] {taskinstance.py:2330} INFO - Executing <Task(_PythonDecoratedOperator): create_price_dimension> on 2024-07-10 09:21:06.970140+00:00
[2024-07-10T09:21:52.694+0000] {warnings.py:112} WARNING - /home/airflow/.local/lib/python3.12/site-packages/airflow/task/task_runner/standard_task_runner.py:61: DeprecationWarning: This process (pid=147) is multi-threaded, use of fork() may lead to deadlocks in the child.
  pid = os.fork()

[2024-07-10T09:21:52.697+0000] {standard_task_runner.py:63} INFO - Started process 156 to run task
[2024-07-10T09:21:52.701+0000] {standard_task_runner.py:90} INFO - Running: ['airflow', 'tasks', 'run', 'market_etl', 'create_price_dimension', 'manual__2024-07-10T09:21:06.970140+00:00', '--job-id', '416', '--raw', '--subdir', 'DAGS_FOLDER/etl.py', '--cfg-path', '/tmp/tmpcp6pzg4h']
[2024-07-10T09:21:52.707+0000] {standard_task_runner.py:91} INFO - Job 416: Subtask create_price_dimension
[2024-07-10T09:21:52.775+0000] {task_command.py:426} INFO - Running <TaskInstance: market_etl.create_price_dimension manual__2024-07-10T09:21:06.970140+00:00 [running]> on host 514b016b59c3
[2024-07-10T09:21:53.089+0000] {taskinstance.py:2648} INFO - Exporting env vars: AIRFLOW_CTX_DAG_OWNER='airflow' AIRFLOW_CTX_DAG_ID='market_etl' AIRFLOW_CTX_TASK_ID='create_price_dimension' AIRFLOW_CTX_EXECUTION_DATE='2024-07-10T09:21:06.970140+00:00' AIRFLOW_CTX_TRY_NUMBER='1' AIRFLOW_CTX_DAG_RUN_ID='manual__2024-07-10T09:21:06.970140+00:00'
[2024-07-10T09:21:53.091+0000] {taskinstance.py:430} INFO - ::endgroup::
[2024-07-10T09:21:53.097+0000] {python.py:237} INFO - Done. Returned value was:     SECURITY_ID  OPEN_PRICE  ...  Close_Date                   PRICE_ID
0          ADBL       286.1  ...  2024-07-09   ADBL_2024-07-09 00:00:00
1           AHL       520.0  ...  2024-07-09    AHL_2024-07-09 00:00:00
2          AHPC       157.2  ...  2024-07-09   AHPC_2024-07-09 00:00:00
3         AKJCL       220.2  ...  2024-07-09  AKJCL_2024-07-09 00:00:00
4          AKPL       162.6  ...  2024-07-09   AKPL_2024-07-09 00:00:00
..          ...         ...  ...         ...                        ...
310        USHL       588.0  ...  2024-07-09   USHL_2024-07-09 00:00:00
311        USLB      1765.0  ...  2024-07-09   USLB_2024-07-09 00:00:00
312        VLBS      1050.0  ...  2024-07-09   VLBS_2024-07-09 00:00:00
313       VLUCL       508.0  ...  2024-07-09  VLUCL_2024-07-09 00:00:00
314        WNLB      1441.0  ...  2024-07-09   WNLB_2024-07-09 00:00:00

[315 rows x 9 columns]
[2024-07-10T09:21:53.106+0000] {taskinstance.py:441} INFO - ::group::Post task execution logs
[2024-07-10T09:21:53.130+0000] {taskinstance.py:1206} INFO - Marking task as SUCCESS. dag_id=market_etl, task_id=create_price_dimension, run_id=manual__2024-07-10T09:21:06.970140+00:00, execution_date=20240710T092106, start_date=20240710T092152, end_date=20240710T092153
[2024-07-10T09:21:53.168+0000] {local_task_job_runner.py:240} INFO - Task exited with return code 0
[2024-07-10T09:21:53.200+0000] {taskinstance.py:3503} INFO - 0 downstream tasks scheduled from follow-on schedule check
[2024-07-10T09:21:53.201+0000] {local_task_job_runner.py:222} INFO - ::endgroup::
