[2024-07-11T08:33:04.725+0000] {local_task_job_runner.py:120} INFO - ::group::Pre task execution logs
[2024-07-11T08:33:04.745+0000] {taskinstance.py:2076} INFO - Dependencies all met for dep_context=non-requeueable deps ti=<TaskInstance: market_etl.upload_to_s3__2 manual__2024-07-11T08:32:39.669865+00:00 [queued]>
[2024-07-11T08:33:04.759+0000] {taskinstance.py:2076} INFO - Dependencies all met for dep_context=requeueable deps ti=<TaskInstance: market_etl.upload_to_s3__2 manual__2024-07-11T08:32:39.669865+00:00 [queued]>
[2024-07-11T08:33:04.760+0000] {taskinstance.py:2306} INFO - Starting attempt 1 of 4
[2024-07-11T08:33:04.787+0000] {taskinstance.py:2330} INFO - Executing <Task(_PythonDecoratedOperator): upload_to_s3__2> on 2024-07-11 08:32:39.669865+00:00
[2024-07-11T08:33:04.795+0000] {warnings.py:112} WARNING - /home/airflow/.local/lib/python3.12/site-packages/airflow/task/task_runner/standard_task_runner.py:61: DeprecationWarning: This process (pid=294) is multi-threaded, use of fork() may lead to deadlocks in the child.
  pid = os.fork()

[2024-07-11T08:33:04.796+0000] {standard_task_runner.py:63} INFO - Started process 302 to run task
[2024-07-11T08:33:04.797+0000] {standard_task_runner.py:90} INFO - Running: ['airflow', 'tasks', 'run', 'market_etl', 'upload_to_s3__2', 'manual__2024-07-11T08:32:39.669865+00:00', '--job-id', '1279', '--raw', '--subdir', 'DAGS_FOLDER/etl.py', '--cfg-path', '/tmp/tmpjon9g1re']
[2024-07-11T08:33:04.800+0000] {standard_task_runner.py:91} INFO - Job 1279: Subtask upload_to_s3__2
[2024-07-11T08:33:04.879+0000] {task_command.py:426} INFO - Running <TaskInstance: market_etl.upload_to_s3__2 manual__2024-07-11T08:32:39.669865+00:00 [running]> on host aa283b53dd54
[2024-07-11T08:33:05.170+0000] {taskinstance.py:2648} INFO - Exporting env vars: AIRFLOW_CTX_DAG_OWNER='airflow' AIRFLOW_CTX_DAG_ID='market_etl' AIRFLOW_CTX_TASK_ID='upload_to_s3__2' AIRFLOW_CTX_EXECUTION_DATE='2024-07-11T08:32:39.669865+00:00' AIRFLOW_CTX_TRY_NUMBER='1' AIRFLOW_CTX_DAG_RUN_ID='manual__2024-07-11T08:32:39.669865+00:00'
[2024-07-11T08:33:05.173+0000] {taskinstance.py:430} INFO - ::endgroup::
[2024-07-11T08:33:05.192+0000] {base.py:84} INFO - Using connection ID 'aws_default' for task execution.
[2024-07-11T08:33:05.193+0000] {connection_wrapper.py:384} INFO - AWS Connection (conn_id='aws_default', conn_type='aws') credentials retrieved from login and password.
[2024-07-11T08:33:05.193+0000] {connection_wrapper.py:401} INFO - AWS Connection (conn_id='aws_default', conn_type='aws') session token retrieved from extra, please note you are responsible for renewing these.
[2024-07-11T08:33:07.075+0000] {python.py:237} INFO - Done. Returned value was: nepse_date_dimension_2024-07-10.csv
[2024-07-11T08:33:07.079+0000] {taskinstance.py:441} INFO - ::group::Post task execution logs
[2024-07-11T08:33:07.146+0000] {taskinstance.py:1206} INFO - Marking task as SUCCESS. dag_id=market_etl, task_id=upload_to_s3__2, run_id=manual__2024-07-11T08:32:39.669865+00:00, execution_date=20240711T083239, start_date=20240711T083304, end_date=20240711T083307
[2024-07-11T08:33:07.197+0000] {local_task_job_runner.py:240} INFO - Task exited with return code 0
[2024-07-11T08:33:07.249+0000] {taskinstance.py:3503} INFO - 0 downstream tasks scheduled from follow-on schedule check
[2024-07-11T08:33:07.251+0000] {local_task_job_runner.py:222} INFO - ::endgroup::
