[2024-07-10T09:19:27.734+0000] {local_task_job_runner.py:120} INFO - ::group::Pre task execution logs
[2024-07-10T09:19:27.752+0000] {taskinstance.py:2076} INFO - Dependencies all met for dep_context=non-requeueable deps ti=<TaskInstance: market_etl.get_business_date scheduled__2024-07-08T06:15:00+00:00 [queued]>
[2024-07-10T09:19:27.770+0000] {taskinstance.py:2076} INFO - Dependencies all met for dep_context=requeueable deps ti=<TaskInstance: market_etl.get_business_date scheduled__2024-07-08T06:15:00+00:00 [queued]>
[2024-07-10T09:19:27.771+0000] {taskinstance.py:2306} INFO - Starting attempt 1 of 4
[2024-07-10T09:19:27.784+0000] {taskinstance.py:2330} INFO - Executing <Task(_PythonDecoratedOperator): get_business_date> on 2024-07-08 06:15:00+00:00
[2024-07-10T09:19:27.791+0000] {warnings.py:112} WARNING - /home/airflow/.local/lib/python3.12/site-packages/airflow/task/task_runner/standard_task_runner.py:61: DeprecationWarning: This process (pid=386) is multi-threaded, use of fork() may lead to deadlocks in the child.
  pid = os.fork()

[2024-07-10T09:19:27.796+0000] {standard_task_runner.py:63} INFO - Started process 394 to run task
[2024-07-10T09:19:27.794+0000] {standard_task_runner.py:90} INFO - Running: ['airflow', 'tasks', 'run', 'market_etl', 'get_business_date', 'scheduled__2024-07-08T06:15:00+00:00', '--job-id', '400', '--raw', '--subdir', 'DAGS_FOLDER/etl.py', '--cfg-path', '/tmp/tmp9m62im8a']
[2024-07-10T09:19:27.797+0000] {standard_task_runner.py:91} INFO - Job 400: Subtask get_business_date
[2024-07-10T09:19:27.886+0000] {task_command.py:426} INFO - Running <TaskInstance: market_etl.get_business_date scheduled__2024-07-08T06:15:00+00:00 [running]> on host 514b016b59c3
[2024-07-10T09:19:28.115+0000] {taskinstance.py:2648} INFO - Exporting env vars: AIRFLOW_CTX_DAG_OWNER='airflow' AIRFLOW_CTX_DAG_ID='market_etl' AIRFLOW_CTX_TASK_ID='get_business_date' AIRFLOW_CTX_EXECUTION_DATE='2024-07-08T06:15:00+00:00' AIRFLOW_CTX_TRY_NUMBER='1' AIRFLOW_CTX_DAG_RUN_ID='scheduled__2024-07-08T06:15:00+00:00'
[2024-07-10T09:19:28.116+0000] {taskinstance.py:430} INFO - ::endgroup::
[2024-07-10T09:19:28.117+0000] {python.py:237} INFO - Done. Returned value was: 2024-07-09
[2024-07-10T09:19:28.118+0000] {taskinstance.py:441} INFO - ::group::Post task execution logs
[2024-07-10T09:19:28.165+0000] {taskinstance.py:1206} INFO - Marking task as SUCCESS. dag_id=market_etl, task_id=get_business_date, run_id=scheduled__2024-07-08T06:15:00+00:00, execution_date=20240708T061500, start_date=20240710T091927, end_date=20240710T091928
[2024-07-10T09:19:28.224+0000] {local_task_job_runner.py:240} INFO - Task exited with return code 0
[2024-07-10T09:19:28.254+0000] {taskinstance.py:3503} INFO - 1 downstream tasks scheduled from follow-on schedule check
[2024-07-10T09:19:28.256+0000] {local_task_job_runner.py:222} INFO - ::endgroup::
[2024-07-10T14:21:01.680+0000] {local_task_job_runner.py:120} INFO - ::group::Pre task execution logs
[2024-07-10T14:21:01.711+0000] {taskinstance.py:2076} INFO - Dependencies all met for dep_context=non-requeueable deps ti=<TaskInstance: market_etl.get_business_date scheduled__2024-07-08T06:15:00+00:00 [queued]>
[2024-07-10T14:21:01.717+0000] {taskinstance.py:2076} INFO - Dependencies all met for dep_context=requeueable deps ti=<TaskInstance: market_etl.get_business_date scheduled__2024-07-08T06:15:00+00:00 [queued]>
[2024-07-10T14:21:01.717+0000] {taskinstance.py:2306} INFO - Starting attempt 1 of 4
[2024-07-10T14:21:01.726+0000] {taskinstance.py:2330} INFO - Executing <Task(_PythonDecoratedOperator): get_business_date> on 2024-07-08 06:15:00+00:00
[2024-07-10T14:21:01.732+0000] {warnings.py:112} WARNING - /home/airflow/.local/lib/python3.12/site-packages/airflow/task/task_runner/standard_task_runner.py:61: DeprecationWarning: This process (pid=456) is multi-threaded, use of fork() may lead to deadlocks in the child.
  pid = os.fork()

[2024-07-10T14:21:01.734+0000] {standard_task_runner.py:63} INFO - Started process 462 to run task
[2024-07-10T14:21:01.735+0000] {standard_task_runner.py:90} INFO - Running: ['airflow', 'tasks', 'run', 'market_etl', 'get_business_date', 'scheduled__2024-07-08T06:15:00+00:00', '--job-id', '804', '--raw', '--subdir', 'DAGS_FOLDER/etl.py', '--cfg-path', '/tmp/tmpuvrjm47o']
[2024-07-10T14:21:01.737+0000] {standard_task_runner.py:91} INFO - Job 804: Subtask get_business_date
[2024-07-10T14:21:01.802+0000] {task_command.py:426} INFO - Running <TaskInstance: market_etl.get_business_date scheduled__2024-07-08T06:15:00+00:00 [running]> on host 514b016b59c3
[2024-07-10T14:21:01.983+0000] {taskinstance.py:2648} INFO - Exporting env vars: AIRFLOW_CTX_DAG_OWNER='airflow' AIRFLOW_CTX_DAG_ID='market_etl' AIRFLOW_CTX_TASK_ID='get_business_date' AIRFLOW_CTX_EXECUTION_DATE='2024-07-08T06:15:00+00:00' AIRFLOW_CTX_TRY_NUMBER='1' AIRFLOW_CTX_DAG_RUN_ID='scheduled__2024-07-08T06:15:00+00:00'
[2024-07-10T14:21:01.984+0000] {taskinstance.py:430} INFO - ::endgroup::
[2024-07-10T14:21:01.985+0000] {python.py:237} INFO - Done. Returned value was: 2024-07-09
[2024-07-10T14:21:01.986+0000] {taskinstance.py:441} INFO - ::group::Post task execution logs
[2024-07-10T14:21:02.005+0000] {taskinstance.py:1206} INFO - Marking task as SUCCESS. dag_id=market_etl, task_id=get_business_date, run_id=scheduled__2024-07-08T06:15:00+00:00, execution_date=20240708T061500, start_date=20240710T142101, end_date=20240710T142102
[2024-07-10T14:21:02.037+0000] {local_task_job_runner.py:240} INFO - Task exited with return code 0
[2024-07-10T14:21:02.061+0000] {taskinstance.py:3503} INFO - 2 downstream tasks scheduled from follow-on schedule check
[2024-07-10T14:21:02.062+0000] {local_task_job_runner.py:222} INFO - ::endgroup::
[2024-07-11T08:22:54.781+0000] {local_task_job_runner.py:120} INFO - ::group::Pre task execution logs
[2024-07-11T08:22:54.801+0000] {taskinstance.py:2076} INFO - Dependencies all met for dep_context=non-requeueable deps ti=<TaskInstance: market_etl.get_business_date scheduled__2024-07-08T06:15:00+00:00 [queued]>
[2024-07-11T08:22:54.810+0000] {taskinstance.py:2076} INFO - Dependencies all met for dep_context=requeueable deps ti=<TaskInstance: market_etl.get_business_date scheduled__2024-07-08T06:15:00+00:00 [queued]>
[2024-07-11T08:22:54.810+0000] {taskinstance.py:2306} INFO - Starting attempt 1 of 4
[2024-07-11T08:22:54.836+0000] {taskinstance.py:2330} INFO - Executing <Task(_PythonDecoratedOperator): get_business_date> on 2024-07-08 06:15:00+00:00
[2024-07-11T08:22:54.846+0000] {warnings.py:112} WARNING - /home/airflow/.local/lib/python3.12/site-packages/airflow/task/task_runner/standard_task_runner.py:61: DeprecationWarning: This process (pid=1578) is multi-threaded, use of fork() may lead to deadlocks in the child.
  pid = os.fork()

[2024-07-11T08:22:54.848+0000] {standard_task_runner.py:63} INFO - Started process 1585 to run task
[2024-07-11T08:22:54.850+0000] {standard_task_runner.py:90} INFO - Running: ['airflow', 'tasks', 'run', 'market_etl', 'get_business_date', 'scheduled__2024-07-08T06:15:00+00:00', '--job-id', '1221', '--raw', '--subdir', 'DAGS_FOLDER/etl.py', '--cfg-path', '/tmp/tmp2kfrf7g8']
[2024-07-11T08:22:54.853+0000] {standard_task_runner.py:91} INFO - Job 1221: Subtask get_business_date
[2024-07-11T08:22:55.008+0000] {task_command.py:426} INFO - Running <TaskInstance: market_etl.get_business_date scheduled__2024-07-08T06:15:00+00:00 [running]> on host aa283b53dd54
[2024-07-11T08:22:55.242+0000] {taskinstance.py:2648} INFO - Exporting env vars: AIRFLOW_CTX_DAG_OWNER='airflow' AIRFLOW_CTX_DAG_ID='market_etl' AIRFLOW_CTX_TASK_ID='get_business_date' AIRFLOW_CTX_EXECUTION_DATE='2024-07-08T06:15:00+00:00' AIRFLOW_CTX_TRY_NUMBER='1' AIRFLOW_CTX_DAG_RUN_ID='scheduled__2024-07-08T06:15:00+00:00'
[2024-07-11T08:22:55.244+0000] {taskinstance.py:430} INFO - ::endgroup::
[2024-07-11T08:22:55.245+0000] {python.py:237} INFO - Done. Returned value was: 2024-07-10
[2024-07-11T08:22:55.246+0000] {taskinstance.py:441} INFO - ::group::Post task execution logs
[2024-07-11T08:22:55.290+0000] {taskinstance.py:1206} INFO - Marking task as SUCCESS. dag_id=market_etl, task_id=get_business_date, run_id=scheduled__2024-07-08T06:15:00+00:00, execution_date=20240708T061500, start_date=20240711T082254, end_date=20240711T082255
[2024-07-11T08:22:55.317+0000] {local_task_job_runner.py:240} INFO - Task exited with return code 0
[2024-07-11T08:22:55.370+0000] {taskinstance.py:3503} INFO - 2 downstream tasks scheduled from follow-on schedule check
[2024-07-11T08:22:55.372+0000] {local_task_job_runner.py:222} INFO - ::endgroup::
