[2024-07-10T09:15:18.489+0000] {local_task_job_runner.py:120} INFO - ::group::Pre task execution logs
[2024-07-10T09:15:18.527+0000] {taskinstance.py:2076} INFO - Dependencies all met for dep_context=non-requeueable deps ti=<TaskInstance: market_etl.create_security_dimension scheduled__2024-06-30T06:15:00+00:00 [queued]>
[2024-07-10T09:15:18.534+0000] {taskinstance.py:2076} INFO - Dependencies all met for dep_context=requeueable deps ti=<TaskInstance: market_etl.create_security_dimension scheduled__2024-06-30T06:15:00+00:00 [queued]>
[2024-07-10T09:15:18.535+0000] {taskinstance.py:2306} INFO - Starting attempt 1 of 4
[2024-07-10T09:15:18.543+0000] {taskinstance.py:2330} INFO - Executing <Task(_PythonDecoratedOperator): create_security_dimension> on 2024-06-30 06:15:00+00:00
[2024-07-10T09:15:18.551+0000] {warnings.py:112} WARNING - /home/airflow/.local/lib/python3.12/site-packages/airflow/task/task_runner/standard_task_runner.py:61: DeprecationWarning: This process (pid=613) is multi-threaded, use of fork() may lead to deadlocks in the child.
  pid = os.fork()

[2024-07-10T09:15:18.552+0000] {standard_task_runner.py:63} INFO - Started process 615 to run task
[2024-07-10T09:15:18.553+0000] {standard_task_runner.py:90} INFO - Running: ['airflow', 'tasks', 'run', 'market_etl', 'create_security_dimension', 'scheduled__2024-06-30T06:15:00+00:00', '--job-id', '337', '--raw', '--subdir', 'DAGS_FOLDER/etl.py', '--cfg-path', '/tmp/tmpxzjnxe4v']
[2024-07-10T09:15:18.555+0000] {standard_task_runner.py:91} INFO - Job 337: Subtask create_security_dimension
[2024-07-10T09:15:18.600+0000] {task_command.py:426} INFO - Running <TaskInstance: market_etl.create_security_dimension scheduled__2024-06-30T06:15:00+00:00 [running]> on host 514b016b59c3
[2024-07-10T09:15:18.807+0000] {taskinstance.py:2648} INFO - Exporting env vars: AIRFLOW_CTX_DAG_OWNER='airflow' AIRFLOW_CTX_DAG_ID='market_etl' AIRFLOW_CTX_TASK_ID='create_security_dimension' AIRFLOW_CTX_EXECUTION_DATE='2024-06-30T06:15:00+00:00' AIRFLOW_CTX_TRY_NUMBER='1' AIRFLOW_CTX_DAG_RUN_ID='scheduled__2024-06-30T06:15:00+00:00'
[2024-07-10T09:15:18.808+0000] {taskinstance.py:430} INFO - ::endgroup::
[2024-07-10T09:15:18.812+0000] {python.py:237} INFO - Done. Returned value was:     SECURITY_ID  MARKET_CAPITALIZATION  ...  FIFTY_TWO_WEEKS_LOW  SECURITY_STOCK_ID
0          ADBL               38364.17  ...                220.5    ADBL_2024-07-09
1           AHL                1772.42  ...                273.1     AHL_2024-07-09
2          AHPC                5783.21  ...                149.0    AHPC_2024-07-09
3         AKJCL                1768.00  ...                141.3   AKJCL_2024-07-09
4          AKPL                6389.35  ...                152.4    AKPL_2024-07-09
..          ...                    ...  ...                  ...                ...
310        USHL                1266.54  ...                253.6    USHL_2024-07-09
311        USLB                4438.40  ...                591.1    USLB_2024-07-09
312        VLBS                7822.92  ...                546.1    VLBS_2024-07-09
313       VLUCL                9811.13  ...                365.3   VLUCL_2024-07-09
314        WNLB                1205.60  ...                680.0    WNLB_2024-07-09

[315 rows x 5 columns]
[2024-07-10T09:15:18.817+0000] {taskinstance.py:441} INFO - ::group::Post task execution logs
[2024-07-10T09:15:18.847+0000] {taskinstance.py:1206} INFO - Marking task as SUCCESS. dag_id=market_etl, task_id=create_security_dimension, run_id=scheduled__2024-06-30T06:15:00+00:00, execution_date=20240630T061500, start_date=20240710T091518, end_date=20240710T091518
[2024-07-10T09:15:18.901+0000] {local_task_job_runner.py:240} INFO - Task exited with return code 0
[2024-07-10T09:15:18.919+0000] {taskinstance.py:3503} INFO - 0 downstream tasks scheduled from follow-on schedule check
[2024-07-10T09:15:18.924+0000] {local_task_job_runner.py:222} INFO - ::endgroup::
[2024-07-10T09:24:15.548+0000] {local_task_job_runner.py:120} INFO - ::group::Pre task execution logs
[2024-07-10T09:24:15.583+0000] {taskinstance.py:2076} INFO - Dependencies all met for dep_context=non-requeueable deps ti=<TaskInstance: market_etl.create_security_dimension scheduled__2024-06-30T06:15:00+00:00 [queued]>
[2024-07-10T09:24:15.593+0000] {taskinstance.py:2076} INFO - Dependencies all met for dep_context=requeueable deps ti=<TaskInstance: market_etl.create_security_dimension scheduled__2024-06-30T06:15:00+00:00 [queued]>
[2024-07-10T09:24:15.593+0000] {taskinstance.py:2306} INFO - Starting attempt 1 of 4
[2024-07-10T09:24:15.605+0000] {taskinstance.py:2330} INFO - Executing <Task(_PythonDecoratedOperator): create_security_dimension> on 2024-06-30 06:15:00+00:00
[2024-07-10T09:24:15.637+0000] {warnings.py:112} WARNING - /home/airflow/.local/lib/python3.12/site-packages/airflow/task/task_runner/standard_task_runner.py:61: DeprecationWarning: This process (pid=619) is multi-threaded, use of fork() may lead to deadlocks in the child.
  pid = os.fork()

[2024-07-10T09:24:15.639+0000] {standard_task_runner.py:63} INFO - Started process 621 to run task
[2024-07-10T09:24:15.641+0000] {standard_task_runner.py:90} INFO - Running: ['airflow', 'tasks', 'run', 'market_etl', 'create_security_dimension', 'scheduled__2024-06-30T06:15:00+00:00', '--job-id', '460', '--raw', '--subdir', 'DAGS_FOLDER/etl.py', '--cfg-path', '/tmp/tmpr_md78zh']
[2024-07-10T09:24:15.643+0000] {standard_task_runner.py:91} INFO - Job 460: Subtask create_security_dimension
[2024-07-10T09:24:15.695+0000] {task_command.py:426} INFO - Running <TaskInstance: market_etl.create_security_dimension scheduled__2024-06-30T06:15:00+00:00 [running]> on host 514b016b59c3
[2024-07-10T09:24:16.103+0000] {taskinstance.py:2648} INFO - Exporting env vars: AIRFLOW_CTX_DAG_OWNER='airflow' AIRFLOW_CTX_DAG_ID='market_etl' AIRFLOW_CTX_TASK_ID='create_security_dimension' AIRFLOW_CTX_EXECUTION_DATE='2024-06-30T06:15:00+00:00' AIRFLOW_CTX_TRY_NUMBER='1' AIRFLOW_CTX_DAG_RUN_ID='scheduled__2024-06-30T06:15:00+00:00'
[2024-07-10T09:24:16.106+0000] {taskinstance.py:430} INFO - ::endgroup::
[2024-07-10T09:24:16.113+0000] {python.py:237} INFO - Done. Returned value was:     SECURITY_ID  MARKET_CAPITALIZATION  ...  FIFTY_TWO_WEEKS_LOW  SECURITY_STOCK_ID
0          ADBL               38364.17  ...                220.5    ADBL_2024-07-09
1           AHL                1772.42  ...                273.1     AHL_2024-07-09
2          AHPC                5783.21  ...                149.0    AHPC_2024-07-09
3         AKJCL                1768.00  ...                141.3   AKJCL_2024-07-09
4          AKPL                6389.35  ...                152.4    AKPL_2024-07-09
..          ...                    ...  ...                  ...                ...
310        USHL                1266.54  ...                253.6    USHL_2024-07-09
311        USLB                4438.40  ...                591.1    USLB_2024-07-09
312        VLBS                7822.92  ...                546.1    VLBS_2024-07-09
313       VLUCL                9811.13  ...                365.3   VLUCL_2024-07-09
314        WNLB                1205.60  ...                680.0    WNLB_2024-07-09

[315 rows x 5 columns]
[2024-07-10T09:24:16.122+0000] {taskinstance.py:441} INFO - ::group::Post task execution logs
[2024-07-10T09:24:16.223+0000] {taskinstance.py:1206} INFO - Marking task as SUCCESS. dag_id=market_etl, task_id=create_security_dimension, run_id=scheduled__2024-06-30T06:15:00+00:00, execution_date=20240630T061500, start_date=20240710T092415, end_date=20240710T092416
[2024-07-10T09:24:16.324+0000] {local_task_job_runner.py:240} INFO - Task exited with return code 0
[2024-07-10T09:24:16.470+0000] {taskinstance.py:3503} INFO - 1 downstream tasks scheduled from follow-on schedule check
[2024-07-10T09:24:16.483+0000] {local_task_job_runner.py:222} INFO - ::endgroup::
[2024-07-10T09:53:59.532+0000] {local_task_job_runner.py:120} INFO - ::group::Pre task execution logs
[2024-07-10T09:53:59.546+0000] {taskinstance.py:2076} INFO - Dependencies all met for dep_context=non-requeueable deps ti=<TaskInstance: market_etl.create_security_dimension scheduled__2024-06-30T06:15:00+00:00 [queued]>
[2024-07-10T09:53:59.554+0000] {taskinstance.py:2076} INFO - Dependencies all met for dep_context=requeueable deps ti=<TaskInstance: market_etl.create_security_dimension scheduled__2024-06-30T06:15:00+00:00 [queued]>
[2024-07-10T09:53:59.555+0000] {taskinstance.py:2306} INFO - Starting attempt 1 of 4
[2024-07-10T09:53:59.564+0000] {taskinstance.py:2330} INFO - Executing <Task(_PythonDecoratedOperator): create_security_dimension> on 2024-06-30 06:15:00+00:00
[2024-07-10T09:53:59.569+0000] {warnings.py:112} WARNING - /home/airflow/.local/lib/python3.12/site-packages/airflow/task/task_runner/standard_task_runner.py:61: DeprecationWarning: This process (pid=594) is multi-threaded, use of fork() may lead to deadlocks in the child.
  pid = os.fork()

[2024-07-10T09:53:59.570+0000] {standard_task_runner.py:63} INFO - Started process 598 to run task
[2024-07-10T09:53:59.571+0000] {standard_task_runner.py:90} INFO - Running: ['airflow', 'tasks', 'run', 'market_etl', 'create_security_dimension', 'scheduled__2024-06-30T06:15:00+00:00', '--job-id', '586', '--raw', '--subdir', 'DAGS_FOLDER/etl.py', '--cfg-path', '/tmp/tmpy9_6didl']
[2024-07-10T09:53:59.573+0000] {standard_task_runner.py:91} INFO - Job 586: Subtask create_security_dimension
[2024-07-10T09:53:59.646+0000] {task_command.py:426} INFO - Running <TaskInstance: market_etl.create_security_dimension scheduled__2024-06-30T06:15:00+00:00 [running]> on host 514b016b59c3
[2024-07-10T09:53:59.868+0000] {taskinstance.py:2648} INFO - Exporting env vars: AIRFLOW_CTX_DAG_OWNER='airflow' AIRFLOW_CTX_DAG_ID='market_etl' AIRFLOW_CTX_TASK_ID='create_security_dimension' AIRFLOW_CTX_EXECUTION_DATE='2024-06-30T06:15:00+00:00' AIRFLOW_CTX_TRY_NUMBER='1' AIRFLOW_CTX_DAG_RUN_ID='scheduled__2024-06-30T06:15:00+00:00'
[2024-07-10T09:53:59.869+0000] {taskinstance.py:430} INFO - ::endgroup::
[2024-07-10T09:53:59.873+0000] {python.py:237} INFO - Done. Returned value was:     SECURITY_ID  MARKET_CAPITALIZATION  ...  FIFTY_TWO_WEEKS_LOW  SECURITY_STOCK_ID
0          ADBL               38364.17  ...                220.5    ADBL_2024-07-09
1           AHL                1772.42  ...                273.1     AHL_2024-07-09
2          AHPC                5783.21  ...                149.0    AHPC_2024-07-09
3         AKJCL                1768.00  ...                141.3   AKJCL_2024-07-09
4          AKPL                6389.35  ...                152.4    AKPL_2024-07-09
..          ...                    ...  ...                  ...                ...
310        USHL                1266.54  ...                253.6    USHL_2024-07-09
311        USLB                4438.40  ...                591.1    USLB_2024-07-09
312        VLBS                7822.92  ...                546.1    VLBS_2024-07-09
313       VLUCL                9811.13  ...                365.3   VLUCL_2024-07-09
314        WNLB                1205.60  ...                680.0    WNLB_2024-07-09

[315 rows x 5 columns]
[2024-07-10T09:53:59.880+0000] {taskinstance.py:441} INFO - ::group::Post task execution logs
[2024-07-10T09:53:59.924+0000] {taskinstance.py:1206} INFO - Marking task as SUCCESS. dag_id=market_etl, task_id=create_security_dimension, run_id=scheduled__2024-06-30T06:15:00+00:00, execution_date=20240630T061500, start_date=20240710T095359, end_date=20240710T095359
[2024-07-10T09:53:59.960+0000] {local_task_job_runner.py:240} INFO - Task exited with return code 0
[2024-07-10T09:53:59.985+0000] {local_task_job_runner.py:222} INFO - ::endgroup::
[2024-07-10T11:36:05.278+0000] {local_task_job_runner.py:120} INFO - ::group::Pre task execution logs
[2024-07-10T11:36:05.309+0000] {taskinstance.py:2076} INFO - Dependencies all met for dep_context=non-requeueable deps ti=<TaskInstance: market_etl.create_security_dimension scheduled__2024-06-30T06:15:00+00:00 [queued]>
[2024-07-10T11:36:05.324+0000] {taskinstance.py:2076} INFO - Dependencies all met for dep_context=requeueable deps ti=<TaskInstance: market_etl.create_security_dimension scheduled__2024-06-30T06:15:00+00:00 [queued]>
[2024-07-10T11:36:05.325+0000] {taskinstance.py:2306} INFO - Starting attempt 1 of 4
[2024-07-10T11:36:05.344+0000] {taskinstance.py:2330} INFO - Executing <Task(_PythonDecoratedOperator): create_security_dimension> on 2024-06-30 06:15:00+00:00
[2024-07-10T11:36:05.368+0000] {warnings.py:112} WARNING - /home/airflow/.local/lib/python3.12/site-packages/airflow/task/task_runner/standard_task_runner.py:61: DeprecationWarning: This process (pid=713) is multi-threaded, use of fork() may lead to deadlocks in the child.
  pid = os.fork()

[2024-07-10T11:36:05.373+0000] {standard_task_runner.py:63} INFO - Started process 717 to run task
[2024-07-10T11:36:05.376+0000] {standard_task_runner.py:90} INFO - Running: ['airflow', 'tasks', 'run', 'market_etl', 'create_security_dimension', 'scheduled__2024-06-30T06:15:00+00:00', '--job-id', '739', '--raw', '--subdir', 'DAGS_FOLDER/etl.py', '--cfg-path', '/tmp/tmpr9png0if']
[2024-07-10T11:36:05.384+0000] {standard_task_runner.py:91} INFO - Job 739: Subtask create_security_dimension
[2024-07-10T11:36:05.518+0000] {task_command.py:426} INFO - Running <TaskInstance: market_etl.create_security_dimension scheduled__2024-06-30T06:15:00+00:00 [running]> on host 514b016b59c3
[2024-07-10T11:36:05.987+0000] {taskinstance.py:2648} INFO - Exporting env vars: AIRFLOW_CTX_DAG_OWNER='airflow' AIRFLOW_CTX_DAG_ID='market_etl' AIRFLOW_CTX_TASK_ID='create_security_dimension' AIRFLOW_CTX_EXECUTION_DATE='2024-06-30T06:15:00+00:00' AIRFLOW_CTX_TRY_NUMBER='1' AIRFLOW_CTX_DAG_RUN_ID='scheduled__2024-06-30T06:15:00+00:00'
[2024-07-10T11:36:05.990+0000] {taskinstance.py:430} INFO - ::endgroup::
[2024-07-10T11:36:06.005+0000] {python.py:237} INFO - Done. Returned value was:     SECURITY_ID  MARKET_CAPITALIZATION  ...  FIFTY_TWO_WEEKS_LOW  SECURITY_STOCK_ID
0          ADBL               38364.17  ...                220.5    ADBL_2024-07-09
1           AHL                1772.42  ...                273.1     AHL_2024-07-09
2          AHPC                5783.21  ...                149.0    AHPC_2024-07-09
3         AKJCL                1768.00  ...                141.3   AKJCL_2024-07-09
4          AKPL                6389.35  ...                152.4    AKPL_2024-07-09
..          ...                    ...  ...                  ...                ...
310        USHL                1266.54  ...                253.6    USHL_2024-07-09
311        USLB                4438.40  ...                591.1    USLB_2024-07-09
312        VLBS                7822.92  ...                546.1    VLBS_2024-07-09
313       VLUCL                9811.13  ...                365.3   VLUCL_2024-07-09
314        WNLB                1205.60  ...                680.0    WNLB_2024-07-09

[315 rows x 5 columns]
[2024-07-10T11:36:06.039+0000] {taskinstance.py:441} INFO - ::group::Post task execution logs
[2024-07-10T11:36:06.112+0000] {taskinstance.py:1206} INFO - Marking task as SUCCESS. dag_id=market_etl, task_id=create_security_dimension, run_id=scheduled__2024-06-30T06:15:00+00:00, execution_date=20240630T061500, start_date=20240710T113605, end_date=20240710T113606
[2024-07-10T11:36:06.181+0000] {local_task_job_runner.py:240} INFO - Task exited with return code 0
[2024-07-10T11:36:06.257+0000] {taskinstance.py:3503} INFO - 1 downstream tasks scheduled from follow-on schedule check
[2024-07-10T11:36:06.259+0000] {local_task_job_runner.py:222} INFO - ::endgroup::
[2024-07-11T08:18:59.171+0000] {local_task_job_runner.py:120} INFO - ::group::Pre task execution logs
[2024-07-11T08:18:59.187+0000] {taskinstance.py:2076} INFO - Dependencies all met for dep_context=non-requeueable deps ti=<TaskInstance: market_etl.create_security_dimension scheduled__2024-06-30T06:15:00+00:00 [queued]>
[2024-07-11T08:18:59.194+0000] {taskinstance.py:2076} INFO - Dependencies all met for dep_context=requeueable deps ti=<TaskInstance: market_etl.create_security_dimension scheduled__2024-06-30T06:15:00+00:00 [queued]>
[2024-07-11T08:18:59.194+0000] {taskinstance.py:2306} INFO - Starting attempt 1 of 4
[2024-07-11T08:18:59.203+0000] {taskinstance.py:2330} INFO - Executing <Task(_PythonDecoratedOperator): create_security_dimension> on 2024-06-30 06:15:00+00:00
[2024-07-11T08:18:59.210+0000] {warnings.py:112} WARNING - /home/airflow/.local/lib/python3.12/site-packages/airflow/task/task_runner/standard_task_runner.py:61: DeprecationWarning: This process (pid=510) is multi-threaded, use of fork() may lead to deadlocks in the child.
  pid = os.fork()

[2024-07-11T08:18:59.212+0000] {standard_task_runner.py:63} INFO - Started process 515 to run task
[2024-07-11T08:18:59.215+0000] {standard_task_runner.py:90} INFO - Running: ['airflow', 'tasks', 'run', 'market_etl', 'create_security_dimension', 'scheduled__2024-06-30T06:15:00+00:00', '--job-id', '1127', '--raw', '--subdir', 'DAGS_FOLDER/etl.py', '--cfg-path', '/tmp/tmpygig6tf9']
[2024-07-11T08:18:59.221+0000] {standard_task_runner.py:91} INFO - Job 1127: Subtask create_security_dimension
[2024-07-11T08:18:59.287+0000] {task_command.py:426} INFO - Running <TaskInstance: market_etl.create_security_dimension scheduled__2024-06-30T06:15:00+00:00 [running]> on host aa283b53dd54
[2024-07-11T08:18:59.524+0000] {taskinstance.py:2648} INFO - Exporting env vars: AIRFLOW_CTX_DAG_OWNER='airflow' AIRFLOW_CTX_DAG_ID='market_etl' AIRFLOW_CTX_TASK_ID='create_security_dimension' AIRFLOW_CTX_EXECUTION_DATE='2024-06-30T06:15:00+00:00' AIRFLOW_CTX_TRY_NUMBER='1' AIRFLOW_CTX_DAG_RUN_ID='scheduled__2024-06-30T06:15:00+00:00'
[2024-07-11T08:18:59.526+0000] {taskinstance.py:430} INFO - ::endgroup::
[2024-07-11T08:18:59.532+0000] {python.py:237} INFO - Done. Returned value was:     SECURITY_ID  MARKET_CAPITALIZATION  ...  FIFTY_TWO_WEEKS_LOW   SECURITY_STOCK_ID
0          ADBL               38539.05  ...                220.5     ADBL_2024-07-10
1       ADBLD83                   0.00  ...                941.0  ADBLD83_2024-07-10
2           AHL                1781.60  ...                273.1      AHL_2024-07-10
3          AHPC                5828.04  ...                149.0     AHPC_2024-07-10
4         AKJCL                1744.80  ...                141.3    AKJCL_2024-07-10
..          ...                    ...  ...                  ...                 ...
316        USHL                1284.80  ...                253.6     USHL_2024-07-10
317        USLB                4394.21  ...                591.1     USLB_2024-07-10
318        VLBS                7979.38  ...                546.1     VLBS_2024-07-10
319       VLUCL               10098.00  ...                365.3    VLUCL_2024-07-10
320        WNLB                1235.70  ...                680.0     WNLB_2024-07-10

[321 rows x 5 columns]
[2024-07-11T08:18:59.540+0000] {taskinstance.py:441} INFO - ::group::Post task execution logs
[2024-07-11T08:18:59.572+0000] {taskinstance.py:1206} INFO - Marking task as SUCCESS. dag_id=market_etl, task_id=create_security_dimension, run_id=scheduled__2024-06-30T06:15:00+00:00, execution_date=20240630T061500, start_date=20240711T081859, end_date=20240711T081859
[2024-07-11T08:18:59.597+0000] {local_task_job_runner.py:240} INFO - Task exited with return code 0
[2024-07-11T08:18:59.630+0000] {taskinstance.py:3503} INFO - 1 downstream tasks scheduled from follow-on schedule check
[2024-07-11T08:18:59.632+0000] {local_task_job_runner.py:222} INFO - ::endgroup::
