[2024-07-10T04:38:08.232+0000] {local_task_job_runner.py:120} INFO - ::group::Pre task execution logs
[2024-07-10T04:38:08.264+0000] {taskinstance.py:2076} INFO - Dependencies all met for dep_context=non-requeueable deps ti=<TaskInstance: market_etl.create_fact_table manual__2024-07-10T04:37:45.734809+00:00 [queued]>
[2024-07-10T04:38:08.305+0000] {taskinstance.py:2076} INFO - Dependencies all met for dep_context=requeueable deps ti=<TaskInstance: market_etl.create_fact_table manual__2024-07-10T04:37:45.734809+00:00 [queued]>
[2024-07-10T04:38:08.314+0000] {taskinstance.py:2306} INFO - Starting attempt 1 of 4
[2024-07-10T04:38:08.367+0000] {taskinstance.py:2330} INFO - Executing <Task(_PythonDecoratedOperator): create_fact_table> on 2024-07-10 04:37:45.734809+00:00
[2024-07-10T04:38:08.379+0000] {warnings.py:112} WARNING - /home/airflow/.local/lib/python3.12/site-packages/airflow/task/task_runner/standard_task_runner.py:61: DeprecationWarning: This process (pid=196) is multi-threaded, use of fork() may lead to deadlocks in the child.
  pid = os.fork()

[2024-07-10T04:38:08.381+0000] {standard_task_runner.py:63} INFO - Started process 209 to run task
[2024-07-10T04:38:08.384+0000] {standard_task_runner.py:90} INFO - Running: ['airflow', 'tasks', 'run', 'market_etl', 'create_fact_table', 'manual__2024-07-10T04:37:45.734809+00:00', '--job-id', '224', '--raw', '--subdir', 'DAGS_FOLDER/etl.py', '--cfg-path', '/tmp/tmppft_l58d']
[2024-07-10T04:38:08.387+0000] {standard_task_runner.py:91} INFO - Job 224: Subtask create_fact_table
[2024-07-10T04:38:08.532+0000] {task_command.py:426} INFO - Running <TaskInstance: market_etl.create_fact_table manual__2024-07-10T04:37:45.734809+00:00 [running]> on host 72ddc95a1902
[2024-07-10T04:38:09.338+0000] {taskinstance.py:2648} INFO - Exporting env vars: AIRFLOW_CTX_DAG_OWNER='airflow' AIRFLOW_CTX_DAG_ID='market_etl' AIRFLOW_CTX_TASK_ID='create_fact_table' AIRFLOW_CTX_EXECUTION_DATE='2024-07-10T04:37:45.734809+00:00' AIRFLOW_CTX_TRY_NUMBER='1' AIRFLOW_CTX_DAG_RUN_ID='manual__2024-07-10T04:37:45.734809+00:00'
[2024-07-10T04:38:09.344+0000] {taskinstance.py:430} INFO - ::endgroup::
[2024-07-10T04:38:09.372+0000] {python.py:237} INFO - Done. Returned value was:     SECURITY_ID BUSINESS_DATE  ...  AVERAGE_TRADED_PRICE                   PRICE_ID
0          ADBL    2024-07-09  ...                285.25   ADBL_2024-07-09 00:00:00
1           AHL    2024-07-09  ...                518.39    AHL_2024-07-09 00:00:00
2          AHPC    2024-07-09  ...                154.33   AHPC_2024-07-09 00:00:00
3         AKJCL    2024-07-09  ...                221.13  AKJCL_2024-07-09 00:00:00
4          AKPL    2024-07-09  ...                163.25   AKPL_2024-07-09 00:00:00
..          ...           ...  ...                   ...                        ...
310        USHL    2024-07-09  ...                580.62   USHL_2024-07-09 00:00:00
311        USLB    2024-07-09  ...               1748.07   USLB_2024-07-09 00:00:00
312        VLBS    2024-07-09  ...               1044.35   VLBS_2024-07-09 00:00:00
313       VLUCL    2024-07-09  ...                511.52  VLUCL_2024-07-09 00:00:00
314        WNLB    2024-07-09  ...               1511.85   WNLB_2024-07-09 00:00:00

[315 rows x 8 columns]
[2024-07-10T04:38:09.394+0000] {taskinstance.py:441} INFO - ::group::Post task execution logs
[2024-07-10T04:38:09.542+0000] {taskinstance.py:1206} INFO - Marking task as SUCCESS. dag_id=market_etl, task_id=create_fact_table, run_id=manual__2024-07-10T04:37:45.734809+00:00, execution_date=20240710T043745, start_date=20240710T043808, end_date=20240710T043809
[2024-07-10T04:38:09.604+0000] {local_task_job_runner.py:240} INFO - Task exited with return code 0
[2024-07-10T04:38:09.755+0000] {taskinstance.py:3503} INFO - 0 downstream tasks scheduled from follow-on schedule check
[2024-07-10T04:38:09.757+0000] {local_task_job_runner.py:222} INFO - ::endgroup::
