[2024-07-10T09:19:04.113+0000] {local_task_job_runner.py:120} INFO - ::group::Pre task execution logs
[2024-07-10T09:19:04.134+0000] {taskinstance.py:2076} INFO - Dependencies all met for dep_context=non-requeueable deps ti=<TaskInstance: market_etl.get_business_date scheduled__2024-07-07T06:15:00+00:00 [queued]>
[2024-07-10T09:19:04.155+0000] {taskinstance.py:2076} INFO - Dependencies all met for dep_context=requeueable deps ti=<TaskInstance: market_etl.get_business_date scheduled__2024-07-07T06:15:00+00:00 [queued]>
[2024-07-10T09:19:04.155+0000] {taskinstance.py:2306} INFO - Starting attempt 1 of 4
[2024-07-10T09:19:04.167+0000] {taskinstance.py:2330} INFO - Executing <Task(_PythonDecoratedOperator): get_business_date> on 2024-07-07 06:15:00+00:00
[2024-07-10T09:19:04.194+0000] {warnings.py:112} WARNING - /home/airflow/.local/lib/python3.12/site-packages/airflow/task/task_runner/standard_task_runner.py:61: DeprecationWarning: This process (pid=298) is multi-threaded, use of fork() may lead to deadlocks in the child.
  pid = os.fork()

[2024-07-10T09:19:04.198+0000] {standard_task_runner.py:63} INFO - Started process 308 to run task
[2024-07-10T09:19:04.198+0000] {standard_task_runner.py:90} INFO - Running: ['airflow', 'tasks', 'run', 'market_etl', 'get_business_date', 'scheduled__2024-07-07T06:15:00+00:00', '--job-id', '392', '--raw', '--subdir', 'DAGS_FOLDER/etl.py', '--cfg-path', '/tmp/tmp00ih2e6u']
[2024-07-10T09:19:04.201+0000] {standard_task_runner.py:91} INFO - Job 392: Subtask get_business_date
[2024-07-10T09:19:04.297+0000] {task_command.py:426} INFO - Running <TaskInstance: market_etl.get_business_date scheduled__2024-07-07T06:15:00+00:00 [running]> on host 514b016b59c3
[2024-07-10T09:19:04.669+0000] {taskinstance.py:2648} INFO - Exporting env vars: AIRFLOW_CTX_DAG_OWNER='airflow' AIRFLOW_CTX_DAG_ID='market_etl' AIRFLOW_CTX_TASK_ID='get_business_date' AIRFLOW_CTX_EXECUTION_DATE='2024-07-07T06:15:00+00:00' AIRFLOW_CTX_TRY_NUMBER='1' AIRFLOW_CTX_DAG_RUN_ID='scheduled__2024-07-07T06:15:00+00:00'
[2024-07-10T09:19:04.670+0000] {taskinstance.py:430} INFO - ::endgroup::
[2024-07-10T09:19:04.672+0000] {python.py:237} INFO - Done. Returned value was: 2024-07-09
[2024-07-10T09:19:04.672+0000] {taskinstance.py:441} INFO - ::group::Post task execution logs
[2024-07-10T09:19:04.713+0000] {taskinstance.py:1206} INFO - Marking task as SUCCESS. dag_id=market_etl, task_id=get_business_date, run_id=scheduled__2024-07-07T06:15:00+00:00, execution_date=20240707T061500, start_date=20240710T091904, end_date=20240710T091904
[2024-07-10T09:19:04.758+0000] {local_task_job_runner.py:240} INFO - Task exited with return code 0
[2024-07-10T09:19:04.792+0000] {local_task_job_runner.py:222} INFO - ::endgroup::
[2024-07-10T14:20:41.473+0000] {local_task_job_runner.py:120} INFO - ::group::Pre task execution logs
[2024-07-10T14:20:41.487+0000] {taskinstance.py:2076} INFO - Dependencies all met for dep_context=non-requeueable deps ti=<TaskInstance: market_etl.get_business_date scheduled__2024-07-07T06:15:00+00:00 [queued]>
[2024-07-10T14:20:41.492+0000] {taskinstance.py:2076} INFO - Dependencies all met for dep_context=requeueable deps ti=<TaskInstance: market_etl.get_business_date scheduled__2024-07-07T06:15:00+00:00 [queued]>
[2024-07-10T14:20:41.493+0000] {taskinstance.py:2306} INFO - Starting attempt 1 of 4
[2024-07-10T14:20:41.500+0000] {taskinstance.py:2330} INFO - Executing <Task(_PythonDecoratedOperator): get_business_date> on 2024-07-07 06:15:00+00:00
[2024-07-10T14:20:41.508+0000] {warnings.py:112} WARNING - /home/airflow/.local/lib/python3.12/site-packages/airflow/task/task_runner/standard_task_runner.py:61: DeprecationWarning: This process (pid=370) is multi-threaded, use of fork() may lead to deadlocks in the child.
  pid = os.fork()

[2024-07-10T14:20:41.509+0000] {standard_task_runner.py:63} INFO - Started process 376 to run task
[2024-07-10T14:20:41.510+0000] {standard_task_runner.py:90} INFO - Running: ['airflow', 'tasks', 'run', 'market_etl', 'get_business_date', 'scheduled__2024-07-07T06:15:00+00:00', '--job-id', '795', '--raw', '--subdir', 'DAGS_FOLDER/etl.py', '--cfg-path', '/tmp/tmpuk3o7d_5']
[2024-07-10T14:20:41.512+0000] {standard_task_runner.py:91} INFO - Job 795: Subtask get_business_date
[2024-07-10T14:20:41.555+0000] {task_command.py:426} INFO - Running <TaskInstance: market_etl.get_business_date scheduled__2024-07-07T06:15:00+00:00 [running]> on host 514b016b59c3
[2024-07-10T14:20:41.749+0000] {taskinstance.py:2648} INFO - Exporting env vars: AIRFLOW_CTX_DAG_OWNER='airflow' AIRFLOW_CTX_DAG_ID='market_etl' AIRFLOW_CTX_TASK_ID='get_business_date' AIRFLOW_CTX_EXECUTION_DATE='2024-07-07T06:15:00+00:00' AIRFLOW_CTX_TRY_NUMBER='1' AIRFLOW_CTX_DAG_RUN_ID='scheduled__2024-07-07T06:15:00+00:00'
[2024-07-10T14:20:41.751+0000] {taskinstance.py:430} INFO - ::endgroup::
[2024-07-10T14:20:41.752+0000] {python.py:237} INFO - Done. Returned value was: 2024-07-09
[2024-07-10T14:20:41.753+0000] {taskinstance.py:441} INFO - ::group::Post task execution logs
[2024-07-10T14:20:41.794+0000] {taskinstance.py:1206} INFO - Marking task as SUCCESS. dag_id=market_etl, task_id=get_business_date, run_id=scheduled__2024-07-07T06:15:00+00:00, execution_date=20240707T061500, start_date=20240710T142041, end_date=20240710T142041
[2024-07-10T14:20:41.815+0000] {local_task_job_runner.py:240} INFO - Task exited with return code 0
[2024-07-10T14:20:41.853+0000] {taskinstance.py:3503} INFO - 2 downstream tasks scheduled from follow-on schedule check
[2024-07-10T14:20:41.858+0000] {local_task_job_runner.py:222} INFO - ::endgroup::
[2024-07-11T08:22:27.925+0000] {local_task_job_runner.py:120} INFO - ::group::Pre task execution logs
[2024-07-11T08:22:27.940+0000] {taskinstance.py:2076} INFO - Dependencies all met for dep_context=non-requeueable deps ti=<TaskInstance: market_etl.get_business_date scheduled__2024-07-07T06:15:00+00:00 [queued]>
[2024-07-11T08:22:27.949+0000] {taskinstance.py:2076} INFO - Dependencies all met for dep_context=requeueable deps ti=<TaskInstance: market_etl.get_business_date scheduled__2024-07-07T06:15:00+00:00 [queued]>
[2024-07-11T08:22:27.949+0000] {taskinstance.py:2306} INFO - Starting attempt 1 of 4
[2024-07-11T08:22:27.960+0000] {taskinstance.py:2330} INFO - Executing <Task(_PythonDecoratedOperator): get_business_date> on 2024-07-07 06:15:00+00:00
[2024-07-11T08:22:27.965+0000] {warnings.py:112} WARNING - /home/airflow/.local/lib/python3.12/site-packages/airflow/task/task_runner/standard_task_runner.py:61: DeprecationWarning: This process (pid=1442) is multi-threaded, use of fork() may lead to deadlocks in the child.
  pid = os.fork()

[2024-07-11T08:22:27.969+0000] {standard_task_runner.py:63} INFO - Started process 1448 to run task
[2024-07-11T08:22:27.971+0000] {standard_task_runner.py:90} INFO - Running: ['airflow', 'tasks', 'run', 'market_etl', 'get_business_date', 'scheduled__2024-07-07T06:15:00+00:00', '--job-id', '1210', '--raw', '--subdir', 'DAGS_FOLDER/etl.py', '--cfg-path', '/tmp/tmpi6hlgnur']
[2024-07-11T08:22:27.977+0000] {standard_task_runner.py:91} INFO - Job 1210: Subtask get_business_date
[2024-07-11T08:22:28.075+0000] {task_command.py:426} INFO - Running <TaskInstance: market_etl.get_business_date scheduled__2024-07-07T06:15:00+00:00 [running]> on host aa283b53dd54
[2024-07-11T08:22:28.277+0000] {taskinstance.py:2648} INFO - Exporting env vars: AIRFLOW_CTX_DAG_OWNER='airflow' AIRFLOW_CTX_DAG_ID='market_etl' AIRFLOW_CTX_TASK_ID='get_business_date' AIRFLOW_CTX_EXECUTION_DATE='2024-07-07T06:15:00+00:00' AIRFLOW_CTX_TRY_NUMBER='1' AIRFLOW_CTX_DAG_RUN_ID='scheduled__2024-07-07T06:15:00+00:00'
[2024-07-11T08:22:28.278+0000] {taskinstance.py:430} INFO - ::endgroup::
[2024-07-11T08:22:28.279+0000] {python.py:237} INFO - Done. Returned value was: 2024-07-10
[2024-07-11T08:22:28.280+0000] {taskinstance.py:441} INFO - ::group::Post task execution logs
[2024-07-11T08:22:28.304+0000] {taskinstance.py:1206} INFO - Marking task as SUCCESS. dag_id=market_etl, task_id=get_business_date, run_id=scheduled__2024-07-07T06:15:00+00:00, execution_date=20240707T061500, start_date=20240711T082227, end_date=20240711T082228
[2024-07-11T08:22:28.316+0000] {local_task_job_runner.py:240} INFO - Task exited with return code 0
[2024-07-11T08:22:28.327+0000] {local_task_job_runner.py:222} INFO - ::endgroup::
