[2024-07-01T02:41:58.102+0000] {local_task_job_runner.py:120} INFO - ::group::Pre task execution logs
[2024-07-01T02:41:58.116+0000] {taskinstance.py:2076} INFO - Dependencies all met for dep_context=non-requeueable deps ti=<TaskInstance: market_etl.flatten_market_data manual__2024-07-01T02:40:22.074767+00:00 [queued]>
[2024-07-01T02:41:58.122+0000] {taskinstance.py:2076} INFO - Dependencies all met for dep_context=requeueable deps ti=<TaskInstance: market_etl.flatten_market_data manual__2024-07-01T02:40:22.074767+00:00 [queued]>
[2024-07-01T02:41:58.123+0000] {taskinstance.py:2306} INFO - Starting attempt 1 of 4
[2024-07-01T02:41:58.130+0000] {taskinstance.py:2330} INFO - Executing <Task(_PythonDecoratedOperator): flatten_market_data> on 2024-07-01 02:40:22.074767+00:00
[2024-07-01T02:41:58.134+0000] {warnings.py:112} WARNING - /home/airflow/.local/lib/python3.12/site-packages/airflow/task/task_runner/standard_task_runner.py:61: DeprecationWarning: This process (pid=104) is multi-threaded, use of fork() may lead to deadlocks in the child.
  pid = os.fork()

[2024-07-01T02:41:58.135+0000] {standard_task_runner.py:63} INFO - Started process 106 to run task
[2024-07-01T02:41:58.135+0000] {standard_task_runner.py:90} INFO - Running: ['airflow', 'tasks', 'run', 'market_etl', 'flatten_market_data', 'manual__2024-07-01T02:40:22.074767+00:00', '--job-id', '296', '--raw', '--subdir', 'DAGS_FOLDER/etl.py', '--cfg-path', '/tmp/tmpp2yws75o']
[2024-07-01T02:41:58.137+0000] {standard_task_runner.py:91} INFO - Job 296: Subtask flatten_market_data
[2024-07-01T02:41:58.179+0000] {task_command.py:426} INFO - Running <TaskInstance: market_etl.flatten_market_data manual__2024-07-01T02:40:22.074767+00:00 [running]> on host 5eec0a067191
[2024-07-01T02:41:58.266+0000] {taskinstance.py:2648} INFO - Exporting env vars: AIRFLOW_CTX_DAG_OWNER='airflow' AIRFLOW_CTX_DAG_ID='market_etl' AIRFLOW_CTX_TASK_ID='flatten_market_data' AIRFLOW_CTX_EXECUTION_DATE='2024-07-01T02:40:22.074767+00:00' AIRFLOW_CTX_TRY_NUMBER='1' AIRFLOW_CTX_DAG_RUN_ID='manual__2024-07-01T02:40:22.074767+00:00'
[2024-07-01T02:41:58.267+0000] {taskinstance.py:430} INFO - ::endgroup::
[2024-07-01T02:41:58.271+0000] {python.py:237} INFO - Done. Returned value was:     Symbol  ...  Close_Date
0     ADBL  ...  2024-03-05
1  ADBLD83  ...  2024-03-05
2      AHL  ...  2024-03-05
3     AHPC  ...  2024-03-05
4    AKJCL  ...  2024-03-05

[5 rows x 15 columns]
[2024-07-01T02:41:58.283+0000] {taskinstance.py:441} INFO - ::group::Post task execution logs
[2024-07-01T02:41:58.337+0000] {taskinstance.py:1206} INFO - Marking task as SUCCESS. dag_id=market_etl, task_id=flatten_market_data, run_id=manual__2024-07-01T02:40:22.074767+00:00, execution_date=20240701T024022, start_date=20240701T024158, end_date=20240701T024158
[2024-07-01T02:41:58.356+0000] {local_task_job_runner.py:240} INFO - Task exited with return code 0
[2024-07-01T02:41:58.379+0000] {taskinstance.py:3503} INFO - 1 downstream tasks scheduled from follow-on schedule check
[2024-07-01T02:41:58.381+0000] {local_task_job_runner.py:222} INFO - ::endgroup::
