[2024-07-10T06:15:22.810+0000] {local_task_job_runner.py:120} INFO - ::group::Pre task execution logs
[2024-07-10T06:15:22.863+0000] {taskinstance.py:2076} INFO - Dependencies all met for dep_context=non-requeueable deps ti=<TaskInstance: market_etl.create_security_dimension scheduled__2024-07-09T06:15:00+00:00 [queued]>
[2024-07-10T06:15:22.882+0000] {taskinstance.py:2076} INFO - Dependencies all met for dep_context=requeueable deps ti=<TaskInstance: market_etl.create_security_dimension scheduled__2024-07-09T06:15:00+00:00 [queued]>
[2024-07-10T06:15:22.882+0000] {taskinstance.py:2306} INFO - Starting attempt 1 of 4
[2024-07-10T06:15:22.923+0000] {taskinstance.py:2330} INFO - Executing <Task(_PythonDecoratedOperator): create_security_dimension> on 2024-07-09 06:15:00+00:00
[2024-07-10T06:15:22.934+0000] {warnings.py:112} WARNING - /home/airflow/.local/lib/python3.12/site-packages/airflow/task/task_runner/standard_task_runner.py:61: DeprecationWarning: This process (pid=1524) is multi-threaded, use of fork() may lead to deadlocks in the child.
  pid = os.fork()

[2024-07-10T06:15:22.940+0000] {standard_task_runner.py:63} INFO - Started process 1540 to run task
[2024-07-10T06:15:22.937+0000] {standard_task_runner.py:90} INFO - Running: ['airflow', 'tasks', 'run', 'market_etl', 'create_security_dimension', 'scheduled__2024-07-09T06:15:00+00:00', '--job-id', '231', '--raw', '--subdir', 'DAGS_FOLDER/etl.py', '--cfg-path', '/tmp/tmpnk6_azcv']
[2024-07-10T06:15:22.941+0000] {standard_task_runner.py:91} INFO - Job 231: Subtask create_security_dimension
[2024-07-10T06:15:23.062+0000] {task_command.py:426} INFO - Running <TaskInstance: market_etl.create_security_dimension scheduled__2024-07-09T06:15:00+00:00 [running]> on host 72ddc95a1902
[2024-07-10T06:15:23.258+0000] {taskinstance.py:2648} INFO - Exporting env vars: AIRFLOW_CTX_DAG_OWNER='airflow' AIRFLOW_CTX_DAG_ID='market_etl' AIRFLOW_CTX_TASK_ID='create_security_dimension' AIRFLOW_CTX_EXECUTION_DATE='2024-07-09T06:15:00+00:00' AIRFLOW_CTX_TRY_NUMBER='1' AIRFLOW_CTX_DAG_RUN_ID='scheduled__2024-07-09T06:15:00+00:00'
[2024-07-10T06:15:23.260+0000] {taskinstance.py:430} INFO - ::endgroup::
[2024-07-10T06:15:23.266+0000] {python.py:237} INFO - Done. Returned value was:     SECURITY_ID  ...  FIFTY_TWO_WEEKS_LOW
0          ADBL  ...                220.5
1           AHL  ...                273.1
2          AHPC  ...                149.0
3         AKJCL  ...                141.3
4          AKPL  ...                152.4
..          ...  ...                  ...
310        USHL  ...                253.6
311        USLB  ...                591.1
312        VLBS  ...                546.1
313       VLUCL  ...                365.3
314        WNLB  ...                680.0

[315 rows x 4 columns]
[2024-07-10T06:15:23.274+0000] {taskinstance.py:441} INFO - ::group::Post task execution logs
[2024-07-10T06:15:23.304+0000] {taskinstance.py:1206} INFO - Marking task as SUCCESS. dag_id=market_etl, task_id=create_security_dimension, run_id=scheduled__2024-07-09T06:15:00+00:00, execution_date=20240709T061500, start_date=20240710T061522, end_date=20240710T061523
[2024-07-10T06:15:23.327+0000] {local_task_job_runner.py:240} INFO - Task exited with return code 0
[2024-07-10T06:15:23.363+0000] {taskinstance.py:3503} INFO - 0 downstream tasks scheduled from follow-on schedule check
[2024-07-10T06:15:23.365+0000] {local_task_job_runner.py:222} INFO - ::endgroup::
[2024-07-10T14:21:32.249+0000] {local_task_job_runner.py:120} INFO - ::group::Pre task execution logs
[2024-07-10T14:21:32.267+0000] {taskinstance.py:2076} INFO - Dependencies all met for dep_context=non-requeueable deps ti=<TaskInstance: market_etl.create_security_dimension scheduled__2024-07-09T06:15:00+00:00 [queued]>
[2024-07-10T14:21:32.289+0000] {taskinstance.py:2076} INFO - Dependencies all met for dep_context=requeueable deps ti=<TaskInstance: market_etl.create_security_dimension scheduled__2024-07-09T06:15:00+00:00 [queued]>
[2024-07-10T14:21:32.289+0000] {taskinstance.py:2306} INFO - Starting attempt 1 of 4
[2024-07-10T14:21:32.299+0000] {taskinstance.py:2330} INFO - Executing <Task(_PythonDecoratedOperator): create_security_dimension> on 2024-07-09 06:15:00+00:00
[2024-07-10T14:21:32.306+0000] {warnings.py:112} WARNING - /home/airflow/.local/lib/python3.12/site-packages/airflow/task/task_runner/standard_task_runner.py:61: DeprecationWarning: This process (pid=577) is multi-threaded, use of fork() may lead to deadlocks in the child.
  pid = os.fork()

[2024-07-10T14:21:32.309+0000] {standard_task_runner.py:63} INFO - Started process 581 to run task
[2024-07-10T14:21:32.309+0000] {standard_task_runner.py:90} INFO - Running: ['airflow', 'tasks', 'run', 'market_etl', 'create_security_dimension', 'scheduled__2024-07-09T06:15:00+00:00', '--job-id', '814', '--raw', '--subdir', 'DAGS_FOLDER/etl.py', '--cfg-path', '/tmp/tmplqjueycd']
[2024-07-10T14:21:32.311+0000] {standard_task_runner.py:91} INFO - Job 814: Subtask create_security_dimension
[2024-07-10T14:21:32.422+0000] {task_command.py:426} INFO - Running <TaskInstance: market_etl.create_security_dimension scheduled__2024-07-09T06:15:00+00:00 [running]> on host 514b016b59c3
[2024-07-10T14:21:32.637+0000] {taskinstance.py:2648} INFO - Exporting env vars: AIRFLOW_CTX_DAG_OWNER='airflow' AIRFLOW_CTX_DAG_ID='market_etl' AIRFLOW_CTX_TASK_ID='create_security_dimension' AIRFLOW_CTX_EXECUTION_DATE='2024-07-09T06:15:00+00:00' AIRFLOW_CTX_TRY_NUMBER='1' AIRFLOW_CTX_DAG_RUN_ID='scheduled__2024-07-09T06:15:00+00:00'
[2024-07-10T14:21:32.639+0000] {taskinstance.py:430} INFO - ::endgroup::
[2024-07-10T14:21:32.642+0000] {python.py:237} INFO - Done. Returned value was:     SECURITY_ID  MARKET_CAPITALIZATION  ...  FIFTY_TWO_WEEKS_LOW  SECURITY_STOCK_ID
0          ADBL               38364.17  ...                220.5    ADBL_2024-07-09
1           AHL                1772.42  ...                273.1     AHL_2024-07-09
2          AHPC                5783.21  ...                149.0    AHPC_2024-07-09
3         AKJCL                1768.00  ...                141.3   AKJCL_2024-07-09
4          AKPL                6389.35  ...                152.4    AKPL_2024-07-09
..          ...                    ...  ...                  ...                ...
310        USHL                1266.54  ...                253.6    USHL_2024-07-09
311        USLB                4438.40  ...                591.1    USLB_2024-07-09
312        VLBS                7822.92  ...                546.1    VLBS_2024-07-09
313       VLUCL                9811.13  ...                365.3   VLUCL_2024-07-09
314        WNLB                1205.60  ...                680.0    WNLB_2024-07-09

[315 rows x 5 columns]
[2024-07-10T14:21:32.649+0000] {taskinstance.py:441} INFO - ::group::Post task execution logs
[2024-07-10T14:21:32.685+0000] {taskinstance.py:1206} INFO - Marking task as SUCCESS. dag_id=market_etl, task_id=create_security_dimension, run_id=scheduled__2024-07-09T06:15:00+00:00, execution_date=20240709T061500, start_date=20240710T142132, end_date=20240710T142132
[2024-07-10T14:21:32.739+0000] {local_task_job_runner.py:240} INFO - Task exited with return code 0
[2024-07-10T14:21:32.752+0000] {local_task_job_runner.py:222} INFO - ::endgroup::
[2024-07-11T08:23:28.988+0000] {local_task_job_runner.py:120} INFO - ::group::Pre task execution logs
[2024-07-11T08:23:29.005+0000] {taskinstance.py:2076} INFO - Dependencies all met for dep_context=non-requeueable deps ti=<TaskInstance: market_etl.create_security_dimension scheduled__2024-07-09T06:15:00+00:00 [queued]>
[2024-07-11T08:23:29.014+0000] {taskinstance.py:2076} INFO - Dependencies all met for dep_context=requeueable deps ti=<TaskInstance: market_etl.create_security_dimension scheduled__2024-07-09T06:15:00+00:00 [queued]>
[2024-07-11T08:23:29.015+0000] {taskinstance.py:2306} INFO - Starting attempt 1 of 4
[2024-07-11T08:23:29.033+0000] {taskinstance.py:2330} INFO - Executing <Task(_PythonDecoratedOperator): create_security_dimension> on 2024-07-09 06:15:00+00:00
[2024-07-11T08:23:29.042+0000] {warnings.py:112} WARNING - /home/airflow/.local/lib/python3.12/site-packages/airflow/task/task_runner/standard_task_runner.py:61: DeprecationWarning: This process (pid=1752) is multi-threaded, use of fork() may lead to deadlocks in the child.
  pid = os.fork()

[2024-07-11T08:23:29.043+0000] {standard_task_runner.py:63} INFO - Started process 1756 to run task
[2024-07-11T08:23:29.045+0000] {standard_task_runner.py:90} INFO - Running: ['airflow', 'tasks', 'run', 'market_etl', 'create_security_dimension', 'scheduled__2024-07-09T06:15:00+00:00', '--job-id', '1236', '--raw', '--subdir', 'DAGS_FOLDER/etl.py', '--cfg-path', '/tmp/tmpl2doczec']
[2024-07-11T08:23:29.048+0000] {standard_task_runner.py:91} INFO - Job 1236: Subtask create_security_dimension
[2024-07-11T08:23:29.120+0000] {task_command.py:426} INFO - Running <TaskInstance: market_etl.create_security_dimension scheduled__2024-07-09T06:15:00+00:00 [running]> on host aa283b53dd54
[2024-07-11T08:23:29.357+0000] {taskinstance.py:2648} INFO - Exporting env vars: AIRFLOW_CTX_DAG_OWNER='airflow' AIRFLOW_CTX_DAG_ID='market_etl' AIRFLOW_CTX_TASK_ID='create_security_dimension' AIRFLOW_CTX_EXECUTION_DATE='2024-07-09T06:15:00+00:00' AIRFLOW_CTX_TRY_NUMBER='1' AIRFLOW_CTX_DAG_RUN_ID='scheduled__2024-07-09T06:15:00+00:00'
[2024-07-11T08:23:29.359+0000] {taskinstance.py:430} INFO - ::endgroup::
[2024-07-11T08:23:29.363+0000] {python.py:237} INFO - Done. Returned value was:     SECURITY_ID  MARKET_CAPITALIZATION  ...  FIFTY_TWO_WEEKS_LOW   SECURITY_STOCK_ID
0          ADBL               38539.05  ...                220.5     ADBL_2024-07-10
1       ADBLD83                   0.00  ...                941.0  ADBLD83_2024-07-10
2           AHL                1781.60  ...                273.1      AHL_2024-07-10
3          AHPC                5828.04  ...                149.0     AHPC_2024-07-10
4         AKJCL                1744.80  ...                141.3    AKJCL_2024-07-10
..          ...                    ...  ...                  ...                 ...
316        USHL                1284.80  ...                253.6     USHL_2024-07-10
317        USLB                4394.21  ...                591.1     USLB_2024-07-10
318        VLBS                7979.38  ...                546.1     VLBS_2024-07-10
319       VLUCL               10098.00  ...                365.3    VLUCL_2024-07-10
320        WNLB                1235.70  ...                680.0     WNLB_2024-07-10

[321 rows x 5 columns]
[2024-07-11T08:23:29.370+0000] {taskinstance.py:441} INFO - ::group::Post task execution logs
[2024-07-11T08:23:29.400+0000] {taskinstance.py:1206} INFO - Marking task as SUCCESS. dag_id=market_etl, task_id=create_security_dimension, run_id=scheduled__2024-07-09T06:15:00+00:00, execution_date=20240709T061500, start_date=20240711T082329, end_date=20240711T082329
[2024-07-11T08:23:29.431+0000] {local_task_job_runner.py:240} INFO - Task exited with return code 0
[2024-07-11T08:23:29.478+0000] {taskinstance.py:3503} INFO - 1 downstream tasks scheduled from follow-on schedule check
[2024-07-11T08:23:29.479+0000] {local_task_job_runner.py:222} INFO - ::endgroup::
