[2024-07-09T09:19:39.504+0000] {local_task_job_runner.py:120} INFO - ::group::Pre task execution logs
[2024-07-09T09:19:39.544+0000] {taskinstance.py:2076} INFO - Dependencies all met for dep_context=non-requeueable deps ti=<TaskInstance: market_etl.create_price_dimension manual__2024-07-09T09:19:19.452179+00:00 [queued]>
[2024-07-09T09:19:39.552+0000] {taskinstance.py:2076} INFO - Dependencies all met for dep_context=requeueable deps ti=<TaskInstance: market_etl.create_price_dimension manual__2024-07-09T09:19:19.452179+00:00 [queued]>
[2024-07-09T09:19:39.554+0000] {taskinstance.py:2306} INFO - Starting attempt 1 of 4
[2024-07-09T09:19:39.564+0000] {taskinstance.py:2330} INFO - Executing <Task(_PythonDecoratedOperator): create_price_dimension> on 2024-07-09 09:19:19.452179+00:00
[2024-07-09T09:19:39.569+0000] {warnings.py:112} WARNING - /home/airflow/.local/lib/python3.12/site-packages/airflow/task/task_runner/standard_task_runner.py:61: DeprecationWarning: This process (pid=69) is multi-threaded, use of fork() may lead to deadlocks in the child.
  pid = os.fork()

[2024-07-09T09:19:39.571+0000] {standard_task_runner.py:63} INFO - Started process 78 to run task
[2024-07-09T09:19:39.571+0000] {standard_task_runner.py:90} INFO - Running: ['airflow', 'tasks', 'run', 'market_etl', 'create_price_dimension', 'manual__2024-07-09T09:19:19.452179+00:00', '--job-id', '208', '--raw', '--subdir', 'DAGS_FOLDER/etl.py', '--cfg-path', '/tmp/tmpt4osujzt']
[2024-07-09T09:19:39.578+0000] {standard_task_runner.py:91} INFO - Job 208: Subtask create_price_dimension
[2024-07-09T09:19:39.649+0000] {task_command.py:426} INFO - Running <TaskInstance: market_etl.create_price_dimension manual__2024-07-09T09:19:19.452179+00:00 [running]> on host 7aa01bd35230
[2024-07-09T09:19:39.990+0000] {taskinstance.py:2648} INFO - Exporting env vars: AIRFLOW_CTX_DAG_OWNER='airflow' AIRFLOW_CTX_DAG_ID='market_etl' AIRFLOW_CTX_TASK_ID='create_price_dimension' AIRFLOW_CTX_EXECUTION_DATE='2024-07-09T09:19:19.452179+00:00' AIRFLOW_CTX_TRY_NUMBER='1' AIRFLOW_CTX_DAG_RUN_ID='manual__2024-07-09T09:19:19.452179+00:00'
[2024-07-09T09:19:39.992+0000] {taskinstance.py:430} INFO - ::endgroup::
[2024-07-09T09:19:39.997+0000] {python.py:237} INFO - Done. Returned value was:     SECURITY_ID  OPEN_PRICE  ...  Close_Date                     PRICE_ID
0          ADBL       282.0  ...  2024-07-08     ADBL_2024-07-08 00:00:00
1       ADBLD83      1138.5  ...  2024-07-08  ADBLD83_2024-07-08 00:00:00
2           AHL       527.3  ...  2024-07-08      AHL_2024-07-08 00:00:00
3          AHPC       159.0  ...  2024-07-08     AHPC_2024-07-08 00:00:00
4         AKJCL       235.0  ...  2024-07-08    AKJCL_2024-07-08 00:00:00
..          ...         ...  ...         ...                          ...
318        USHL       582.0  ...  2024-07-08     USHL_2024-07-08 00:00:00
319        USLB      1695.4  ...  2024-07-08     USLB_2024-07-08 00:00:00
320        VLBS      1048.0  ...  2024-07-08     VLBS_2024-07-08 00:00:00
321       VLUCL       509.0  ...  2024-07-08    VLUCL_2024-07-08 00:00:00
322        WNLB      1450.0  ...  2024-07-08     WNLB_2024-07-08 00:00:00

[323 rows x 9 columns]
[2024-07-09T09:19:40.009+0000] {taskinstance.py:441} INFO - ::group::Post task execution logs
[2024-07-09T09:19:40.029+0000] {taskinstance.py:1206} INFO - Marking task as SUCCESS. dag_id=market_etl, task_id=create_price_dimension, run_id=manual__2024-07-09T09:19:19.452179+00:00, execution_date=20240709T091919, start_date=20240709T091939, end_date=20240709T091940
[2024-07-09T09:19:40.080+0000] {local_task_job_runner.py:240} INFO - Task exited with return code 0
[2024-07-09T09:19:40.107+0000] {taskinstance.py:3503} INFO - 0 downstream tasks scheduled from follow-on schedule check
[2024-07-09T09:19:40.108+0000] {local_task_job_runner.py:222} INFO - ::endgroup::
