[2024-07-01T09:47:51.236+0000] {local_task_job_runner.py:120} INFO - ::group::Pre task execution logs
[2024-07-01T09:47:51.277+0000] {taskinstance.py:2076} INFO - Dependencies all met for dep_context=non-requeueable deps ti=<TaskInstance: market_etl.upload_positive_ltp_records manual__2024-07-01T09:46:35.632253+00:00 [queued]>
[2024-07-01T09:47:51.285+0000] {taskinstance.py:2076} INFO - Dependencies all met for dep_context=requeueable deps ti=<TaskInstance: market_etl.upload_positive_ltp_records manual__2024-07-01T09:46:35.632253+00:00 [queued]>
[2024-07-01T09:47:51.286+0000] {taskinstance.py:2306} INFO - Starting attempt 1 of 4
[2024-07-01T09:47:51.298+0000] {taskinstance.py:2330} INFO - Executing <Task(_PythonDecoratedOperator): upload_positive_ltp_records> on 2024-07-01 09:46:35.632253+00:00
[2024-07-01T09:47:51.327+0000] {warnings.py:112} WARNING - /home/airflow/.local/lib/python3.12/site-packages/airflow/task/task_runner/standard_task_runner.py:61: DeprecationWarning: This process (pid=115) is multi-threaded, use of fork() may lead to deadlocks in the child.
  pid = os.fork()

[2024-07-01T09:47:51.329+0000] {standard_task_runner.py:63} INFO - Started process 118 to run task
[2024-07-01T09:47:51.330+0000] {standard_task_runner.py:90} INFO - Running: ['airflow', 'tasks', 'run', 'market_etl', 'upload_positive_ltp_records', 'manual__2024-07-01T09:46:35.632253+00:00', '--job-id', '388', '--raw', '--subdir', 'DAGS_FOLDER/etl.py', '--cfg-path', '/tmp/tmp0f9s9ah6']
[2024-07-01T09:47:51.333+0000] {standard_task_runner.py:91} INFO - Job 388: Subtask upload_positive_ltp_records
[2024-07-01T09:47:51.399+0000] {task_command.py:426} INFO - Running <TaskInstance: market_etl.upload_positive_ltp_records manual__2024-07-01T09:46:35.632253+00:00 [running]> on host 5eec0a067191
[2024-07-01T09:47:51.541+0000] {taskinstance.py:2648} INFO - Exporting env vars: AIRFLOW_CTX_DAG_OWNER='airflow' AIRFLOW_CTX_DAG_ID='market_etl' AIRFLOW_CTX_TASK_ID='upload_positive_ltp_records' AIRFLOW_CTX_EXECUTION_DATE='2024-07-01T09:46:35.632253+00:00' AIRFLOW_CTX_TRY_NUMBER='1' AIRFLOW_CTX_DAG_RUN_ID='manual__2024-07-01T09:46:35.632253+00:00'
[2024-07-01T09:47:51.543+0000] {taskinstance.py:430} INFO - ::endgroup::
[2024-07-01T09:47:51.559+0000] {base.py:84} INFO - Using connection ID 'aws_default' for task execution.
[2024-07-01T09:47:51.559+0000] {connection_wrapper.py:384} INFO - AWS Connection (conn_id='aws_default', conn_type='aws') credentials retrieved from login and password.
[2024-07-01T09:47:51.560+0000] {connection_wrapper.py:401} INFO - AWS Connection (conn_id='aws_default', conn_type='aws') session token retrieved from extra, please note you are responsible for renewing these.
[2024-07-01T09:48:10.843+0000] {python.py:237} INFO - Done. Returned value was: None
[2024-07-01T09:48:10.848+0000] {taskinstance.py:441} INFO - ::group::Post task execution logs
[2024-07-01T09:48:10.883+0000] {taskinstance.py:1206} INFO - Marking task as SUCCESS. dag_id=market_etl, task_id=upload_positive_ltp_records, run_id=manual__2024-07-01T09:46:35.632253+00:00, execution_date=20240701T094635, start_date=20240701T094751, end_date=20240701T094810
[2024-07-01T09:48:10.960+0000] {local_task_job_runner.py:240} INFO - Task exited with return code 0
[2024-07-01T09:48:11.024+0000] {taskinstance.py:3503} INFO - 0 downstream tasks scheduled from follow-on schedule check
[2024-07-01T09:48:11.029+0000] {local_task_job_runner.py:222} INFO - ::endgroup::
