[2024-07-10T08:52:09.303+0000] {local_task_job_runner.py:120} INFO - ::group::Pre task execution logs
[2024-07-10T08:52:09.322+0000] {taskinstance.py:2076} INFO - Dependencies all met for dep_context=non-requeueable deps ti=<TaskInstance: market_etl.flatten_market_data scheduled__2024-06-25T06:15:00+00:00 [queued]>
[2024-07-10T08:52:09.328+0000] {taskinstance.py:2076} INFO - Dependencies all met for dep_context=requeueable deps ti=<TaskInstance: market_etl.flatten_market_data scheduled__2024-06-25T06:15:00+00:00 [queued]>
[2024-07-10T08:52:09.329+0000] {taskinstance.py:2306} INFO - Starting attempt 1 of 4
[2024-07-10T08:52:09.339+0000] {taskinstance.py:2330} INFO - Executing <Task(_PythonDecoratedOperator): flatten_market_data> on 2024-06-25 06:15:00+00:00
[2024-07-10T08:52:09.355+0000] {warnings.py:112} WARNING - /home/airflow/.local/lib/python3.12/site-packages/airflow/task/task_runner/standard_task_runner.py:61: DeprecationWarning: This process (pid=66) is multi-threaded, use of fork() may lead to deadlocks in the child.
  pid = os.fork()

[2024-07-10T08:52:09.357+0000] {standard_task_runner.py:63} INFO - Started process 68 to run task
[2024-07-10T08:52:09.358+0000] {standard_task_runner.py:90} INFO - Running: ['airflow', 'tasks', 'run', 'market_etl', 'flatten_market_data', 'scheduled__2024-06-25T06:15:00+00:00', '--job-id', '244', '--raw', '--subdir', 'DAGS_FOLDER/etl.py', '--cfg-path', '/tmp/tmpdoyg9oty']
[2024-07-10T08:52:09.364+0000] {standard_task_runner.py:91} INFO - Job 244: Subtask flatten_market_data
[2024-07-10T08:52:09.435+0000] {task_command.py:426} INFO - Running <TaskInstance: market_etl.flatten_market_data scheduled__2024-06-25T06:15:00+00:00 [running]> on host 514b016b59c3
[2024-07-10T08:52:09.548+0000] {taskinstance.py:2648} INFO - Exporting env vars: AIRFLOW_CTX_DAG_OWNER='airflow' AIRFLOW_CTX_DAG_ID='market_etl' AIRFLOW_CTX_TASK_ID='flatten_market_data' AIRFLOW_CTX_EXECUTION_DATE='2024-06-25T06:15:00+00:00' AIRFLOW_CTX_TRY_NUMBER='1' AIRFLOW_CTX_DAG_RUN_ID='scheduled__2024-06-25T06:15:00+00:00'
[2024-07-10T08:52:09.549+0000] {taskinstance.py:430} INFO - ::endgroup::
[2024-07-10T08:52:09.571+0000] {python.py:237} INFO - Done. Returned value was:     Symbol  ...  Close_Date
0     ADBL  ...  2024-07-09
1      AHL  ...  2024-07-09
2     AHPC  ...  2024-07-09
3    AKJCL  ...  2024-07-09
4     AKPL  ...  2024-07-09
..     ...  ...         ...
310   USHL  ...  2024-07-09
311   USLB  ...  2024-07-09
312   VLBS  ...  2024-07-09
313  VLUCL  ...  2024-07-09
314   WNLB  ...  2024-07-09

[315 rows x 15 columns]
[2024-07-10T08:52:09.598+0000] {taskinstance.py:441} INFO - ::group::Post task execution logs
[2024-07-10T08:52:09.695+0000] {taskinstance.py:1206} INFO - Marking task as SUCCESS. dag_id=market_etl, task_id=flatten_market_data, run_id=scheduled__2024-06-25T06:15:00+00:00, execution_date=20240625T061500, start_date=20240710T085209, end_date=20240710T085209
[2024-07-10T08:52:09.706+0000] {local_task_job_runner.py:240} INFO - Task exited with return code 0
[2024-07-10T08:52:09.750+0000] {taskinstance.py:3503} INFO - 4 downstream tasks scheduled from follow-on schedule check
[2024-07-10T08:52:09.752+0000] {local_task_job_runner.py:222} INFO - ::endgroup::
[2024-07-10T08:55:45.202+0000] {local_task_job_runner.py:120} INFO - ::group::Pre task execution logs
[2024-07-10T08:55:45.230+0000] {taskinstance.py:2076} INFO - Dependencies all met for dep_context=non-requeueable deps ti=<TaskInstance: market_etl.flatten_market_data scheduled__2024-06-25T06:15:00+00:00 [queued]>
[2024-07-10T08:55:45.236+0000] {taskinstance.py:2076} INFO - Dependencies all met for dep_context=requeueable deps ti=<TaskInstance: market_etl.flatten_market_data scheduled__2024-06-25T06:15:00+00:00 [queued]>
[2024-07-10T08:55:45.237+0000] {taskinstance.py:2306} INFO - Starting attempt 1 of 4
[2024-07-10T08:55:45.246+0000] {taskinstance.py:2330} INFO - Executing <Task(_PythonDecoratedOperator): flatten_market_data> on 2024-06-25 06:15:00+00:00
[2024-07-10T08:55:45.254+0000] {warnings.py:112} WARNING - /home/airflow/.local/lib/python3.12/site-packages/airflow/task/task_runner/standard_task_runner.py:61: DeprecationWarning: This process (pid=57) is multi-threaded, use of fork() may lead to deadlocks in the child.
  pid = os.fork()

[2024-07-10T08:55:45.255+0000] {standard_task_runner.py:63} INFO - Started process 59 to run task
[2024-07-10T08:55:45.255+0000] {standard_task_runner.py:90} INFO - Running: ['airflow', 'tasks', 'run', 'market_etl', 'flatten_market_data', 'scheduled__2024-06-25T06:15:00+00:00', '--job-id', '253', '--raw', '--subdir', 'DAGS_FOLDER/etl.py', '--cfg-path', '/tmp/tmpvt7b3qnt']
[2024-07-10T08:55:45.257+0000] {standard_task_runner.py:91} INFO - Job 253: Subtask flatten_market_data
[2024-07-10T08:55:45.301+0000] {task_command.py:426} INFO - Running <TaskInstance: market_etl.flatten_market_data scheduled__2024-06-25T06:15:00+00:00 [running]> on host 514b016b59c3
[2024-07-10T08:55:45.426+0000] {taskinstance.py:2648} INFO - Exporting env vars: AIRFLOW_CTX_DAG_OWNER='airflow' AIRFLOW_CTX_DAG_ID='market_etl' AIRFLOW_CTX_TASK_ID='flatten_market_data' AIRFLOW_CTX_EXECUTION_DATE='2024-06-25T06:15:00+00:00' AIRFLOW_CTX_TRY_NUMBER='1' AIRFLOW_CTX_DAG_RUN_ID='scheduled__2024-06-25T06:15:00+00:00'
[2024-07-10T08:55:45.427+0000] {taskinstance.py:430} INFO - ::endgroup::
[2024-07-10T08:55:45.439+0000] {python.py:237} INFO - Done. Returned value was:     Symbol  ...  Close_Date
0     ADBL  ...  2024-07-09
1      AHL  ...  2024-07-09
2     AHPC  ...  2024-07-09
3    AKJCL  ...  2024-07-09
4     AKPL  ...  2024-07-09
..     ...  ...         ...
310   USHL  ...  2024-07-09
311   USLB  ...  2024-07-09
312   VLBS  ...  2024-07-09
313  VLUCL  ...  2024-07-09
314   WNLB  ...  2024-07-09

[315 rows x 15 columns]
[2024-07-10T08:55:45.462+0000] {taskinstance.py:441} INFO - ::group::Post task execution logs
[2024-07-10T08:55:45.539+0000] {taskinstance.py:1206} INFO - Marking task as SUCCESS. dag_id=market_etl, task_id=flatten_market_data, run_id=scheduled__2024-06-25T06:15:00+00:00, execution_date=20240625T061500, start_date=20240710T085545, end_date=20240710T085545
[2024-07-10T08:55:45.560+0000] {local_task_job_runner.py:240} INFO - Task exited with return code 0
[2024-07-10T08:55:45.580+0000] {taskinstance.py:3503} INFO - 4 downstream tasks scheduled from follow-on schedule check
[2024-07-10T08:55:45.581+0000] {local_task_job_runner.py:222} INFO - ::endgroup::
[2024-07-10T09:09:42.548+0000] {local_task_job_runner.py:120} INFO - ::group::Pre task execution logs
[2024-07-10T09:09:42.566+0000] {taskinstance.py:2076} INFO - Dependencies all met for dep_context=non-requeueable deps ti=<TaskInstance: market_etl.flatten_market_data scheduled__2024-06-25T06:15:00+00:00 [queued]>
[2024-07-10T09:09:42.571+0000] {taskinstance.py:2076} INFO - Dependencies all met for dep_context=requeueable deps ti=<TaskInstance: market_etl.flatten_market_data scheduled__2024-06-25T06:15:00+00:00 [queued]>
[2024-07-10T09:09:42.571+0000] {taskinstance.py:2306} INFO - Starting attempt 1 of 4
[2024-07-10T09:09:42.579+0000] {taskinstance.py:2330} INFO - Executing <Task(_PythonDecoratedOperator): flatten_market_data> on 2024-06-25 06:15:00+00:00
[2024-07-10T09:09:42.585+0000] {warnings.py:112} WARNING - /home/airflow/.local/lib/python3.12/site-packages/airflow/task/task_runner/standard_task_runner.py:61: DeprecationWarning: This process (pid=65) is multi-threaded, use of fork() may lead to deadlocks in the child.
  pid = os.fork()

[2024-07-10T09:09:42.587+0000] {standard_task_runner.py:63} INFO - Started process 67 to run task
[2024-07-10T09:09:42.587+0000] {standard_task_runner.py:90} INFO - Running: ['airflow', 'tasks', 'run', 'market_etl', 'flatten_market_data', 'scheduled__2024-06-25T06:15:00+00:00', '--job-id', '274', '--raw', '--subdir', 'DAGS_FOLDER/etl.py', '--cfg-path', '/tmp/tmpy5a63imu']
[2024-07-10T09:09:42.589+0000] {standard_task_runner.py:91} INFO - Job 274: Subtask flatten_market_data
[2024-07-10T09:09:42.650+0000] {task_command.py:426} INFO - Running <TaskInstance: market_etl.flatten_market_data scheduled__2024-06-25T06:15:00+00:00 [running]> on host 514b016b59c3
[2024-07-10T09:09:42.766+0000] {taskinstance.py:2648} INFO - Exporting env vars: AIRFLOW_CTX_DAG_OWNER='airflow' AIRFLOW_CTX_DAG_ID='market_etl' AIRFLOW_CTX_TASK_ID='flatten_market_data' AIRFLOW_CTX_EXECUTION_DATE='2024-06-25T06:15:00+00:00' AIRFLOW_CTX_TRY_NUMBER='1' AIRFLOW_CTX_DAG_RUN_ID='scheduled__2024-06-25T06:15:00+00:00'
[2024-07-10T09:09:42.767+0000] {taskinstance.py:430} INFO - ::endgroup::
[2024-07-10T09:09:42.786+0000] {python.py:237} INFO - Done. Returned value was:     Symbol  ...  Close_Date
0     ADBL  ...  2024-07-09
1      AHL  ...  2024-07-09
2     AHPC  ...  2024-07-09
3    AKJCL  ...  2024-07-09
4     AKPL  ...  2024-07-09
..     ...  ...         ...
310   USHL  ...  2024-07-09
311   USLB  ...  2024-07-09
312   VLBS  ...  2024-07-09
313  VLUCL  ...  2024-07-09
314   WNLB  ...  2024-07-09

[315 rows x 15 columns]
[2024-07-10T09:09:42.804+0000] {taskinstance.py:441} INFO - ::group::Post task execution logs
[2024-07-10T09:09:42.879+0000] {taskinstance.py:1206} INFO - Marking task as SUCCESS. dag_id=market_etl, task_id=flatten_market_data, run_id=scheduled__2024-06-25T06:15:00+00:00, execution_date=20240625T061500, start_date=20240710T090942, end_date=20240710T090942
[2024-07-10T09:09:42.930+0000] {local_task_job_runner.py:240} INFO - Task exited with return code 0
[2024-07-10T09:09:42.969+0000] {taskinstance.py:3503} INFO - 0 downstream tasks scheduled from follow-on schedule check
[2024-07-10T09:09:42.970+0000] {local_task_job_runner.py:222} INFO - ::endgroup::
[2024-07-10T09:12:31.973+0000] {local_task_job_runner.py:120} INFO - ::group::Pre task execution logs
[2024-07-10T09:12:32.002+0000] {taskinstance.py:2076} INFO - Dependencies all met for dep_context=non-requeueable deps ti=<TaskInstance: market_etl.flatten_market_data scheduled__2024-06-25T06:15:00+00:00 [queued]>
[2024-07-10T09:12:32.009+0000] {taskinstance.py:2076} INFO - Dependencies all met for dep_context=requeueable deps ti=<TaskInstance: market_etl.flatten_market_data scheduled__2024-06-25T06:15:00+00:00 [queued]>
[2024-07-10T09:12:32.009+0000] {taskinstance.py:2306} INFO - Starting attempt 1 of 4
[2024-07-10T09:12:32.019+0000] {taskinstance.py:2330} INFO - Executing <Task(_PythonDecoratedOperator): flatten_market_data> on 2024-06-25 06:15:00+00:00
[2024-07-10T09:12:32.026+0000] {warnings.py:112} WARNING - /home/airflow/.local/lib/python3.12/site-packages/airflow/task/task_runner/standard_task_runner.py:61: DeprecationWarning: This process (pid=59) is multi-threaded, use of fork() may lead to deadlocks in the child.
  pid = os.fork()

[2024-07-10T09:12:32.027+0000] {standard_task_runner.py:63} INFO - Started process 61 to run task
[2024-07-10T09:12:32.028+0000] {standard_task_runner.py:90} INFO - Running: ['airflow', 'tasks', 'run', 'market_etl', 'flatten_market_data', 'scheduled__2024-06-25T06:15:00+00:00', '--job-id', '284', '--raw', '--subdir', 'DAGS_FOLDER/etl.py', '--cfg-path', '/tmp/tmpln17nfqa']
[2024-07-10T09:12:32.030+0000] {standard_task_runner.py:91} INFO - Job 284: Subtask flatten_market_data
[2024-07-10T09:12:32.086+0000] {task_command.py:426} INFO - Running <TaskInstance: market_etl.flatten_market_data scheduled__2024-06-25T06:15:00+00:00 [running]> on host 514b016b59c3
[2024-07-10T09:12:32.195+0000] {taskinstance.py:2648} INFO - Exporting env vars: AIRFLOW_CTX_DAG_OWNER='airflow' AIRFLOW_CTX_DAG_ID='market_etl' AIRFLOW_CTX_TASK_ID='flatten_market_data' AIRFLOW_CTX_EXECUTION_DATE='2024-06-25T06:15:00+00:00' AIRFLOW_CTX_TRY_NUMBER='1' AIRFLOW_CTX_DAG_RUN_ID='scheduled__2024-06-25T06:15:00+00:00'
[2024-07-10T09:12:32.196+0000] {taskinstance.py:430} INFO - ::endgroup::
[2024-07-10T09:12:32.206+0000] {python.py:237} INFO - Done. Returned value was:     Symbol  ...  Close_Date
0     ADBL  ...  2024-07-09
1      AHL  ...  2024-07-09
2     AHPC  ...  2024-07-09
3    AKJCL  ...  2024-07-09
4     AKPL  ...  2024-07-09
..     ...  ...         ...
310   USHL  ...  2024-07-09
311   USLB  ...  2024-07-09
312   VLBS  ...  2024-07-09
313  VLUCL  ...  2024-07-09
314   WNLB  ...  2024-07-09

[315 rows x 15 columns]
[2024-07-10T09:12:32.221+0000] {taskinstance.py:441} INFO - ::group::Post task execution logs
[2024-07-10T09:12:32.278+0000] {taskinstance.py:1206} INFO - Marking task as SUCCESS. dag_id=market_etl, task_id=flatten_market_data, run_id=scheduled__2024-06-25T06:15:00+00:00, execution_date=20240625T061500, start_date=20240710T091232, end_date=20240710T091232
[2024-07-10T09:12:32.292+0000] {local_task_job_runner.py:240} INFO - Task exited with return code 0
[2024-07-10T09:12:32.305+0000] {local_task_job_runner.py:222} INFO - ::endgroup::
[2024-07-10T09:21:24.128+0000] {local_task_job_runner.py:120} INFO - ::group::Pre task execution logs
[2024-07-10T09:21:24.143+0000] {taskinstance.py:2076} INFO - Dependencies all met for dep_context=non-requeueable deps ti=<TaskInstance: market_etl.flatten_market_data scheduled__2024-06-25T06:15:00+00:00 [queued]>
[2024-07-10T09:21:24.148+0000] {taskinstance.py:2076} INFO - Dependencies all met for dep_context=requeueable deps ti=<TaskInstance: market_etl.flatten_market_data scheduled__2024-06-25T06:15:00+00:00 [queued]>
[2024-07-10T09:21:24.148+0000] {taskinstance.py:2306} INFO - Starting attempt 1 of 4
[2024-07-10T09:21:24.155+0000] {taskinstance.py:2330} INFO - Executing <Task(_PythonDecoratedOperator): flatten_market_data> on 2024-06-25 06:15:00+00:00
[2024-07-10T09:21:24.160+0000] {warnings.py:112} WARNING - /home/airflow/.local/lib/python3.12/site-packages/airflow/task/task_runner/standard_task_runner.py:61: DeprecationWarning: This process (pid=58) is multi-threaded, use of fork() may lead to deadlocks in the child.
  pid = os.fork()

[2024-07-10T09:21:24.161+0000] {standard_task_runner.py:63} INFO - Started process 60 to run task
[2024-07-10T09:21:24.161+0000] {standard_task_runner.py:90} INFO - Running: ['airflow', 'tasks', 'run', 'market_etl', 'flatten_market_data', 'scheduled__2024-06-25T06:15:00+00:00', '--job-id', '407', '--raw', '--subdir', 'DAGS_FOLDER/etl.py', '--cfg-path', '/tmp/tmp7e5jx5mc']
[2024-07-10T09:21:24.163+0000] {standard_task_runner.py:91} INFO - Job 407: Subtask flatten_market_data
[2024-07-10T09:21:24.205+0000] {task_command.py:426} INFO - Running <TaskInstance: market_etl.flatten_market_data scheduled__2024-06-25T06:15:00+00:00 [running]> on host 514b016b59c3
[2024-07-10T09:21:24.298+0000] {taskinstance.py:2648} INFO - Exporting env vars: AIRFLOW_CTX_DAG_OWNER='airflow' AIRFLOW_CTX_DAG_ID='market_etl' AIRFLOW_CTX_TASK_ID='flatten_market_data' AIRFLOW_CTX_EXECUTION_DATE='2024-06-25T06:15:00+00:00' AIRFLOW_CTX_TRY_NUMBER='1' AIRFLOW_CTX_DAG_RUN_ID='scheduled__2024-06-25T06:15:00+00:00'
[2024-07-10T09:21:24.299+0000] {taskinstance.py:430} INFO - ::endgroup::
[2024-07-10T09:21:24.310+0000] {python.py:237} INFO - Done. Returned value was:     Symbol  ...  Close_Date
0     ADBL  ...  2024-07-09
1      AHL  ...  2024-07-09
2     AHPC  ...  2024-07-09
3    AKJCL  ...  2024-07-09
4     AKPL  ...  2024-07-09
..     ...  ...         ...
310   USHL  ...  2024-07-09
311   USLB  ...  2024-07-09
312   VLBS  ...  2024-07-09
313  VLUCL  ...  2024-07-09
314   WNLB  ...  2024-07-09

[315 rows x 15 columns]
[2024-07-10T09:21:24.325+0000] {taskinstance.py:441} INFO - ::group::Post task execution logs
[2024-07-10T09:21:24.391+0000] {taskinstance.py:1206} INFO - Marking task as SUCCESS. dag_id=market_etl, task_id=flatten_market_data, run_id=scheduled__2024-06-25T06:15:00+00:00, execution_date=20240625T061500, start_date=20240710T092124, end_date=20240710T092124
[2024-07-10T09:21:24.426+0000] {local_task_job_runner.py:240} INFO - Task exited with return code 0
[2024-07-10T09:21:24.449+0000] {taskinstance.py:3503} INFO - 4 downstream tasks scheduled from follow-on schedule check
[2024-07-10T09:21:24.450+0000] {local_task_job_runner.py:222} INFO - ::endgroup::
[2024-07-10T09:26:57.702+0000] {local_task_job_runner.py:120} INFO - ::group::Pre task execution logs
[2024-07-10T09:26:57.724+0000] {taskinstance.py:2076} INFO - Dependencies all met for dep_context=non-requeueable deps ti=<TaskInstance: market_etl.flatten_market_data scheduled__2024-06-25T06:15:00+00:00 [queued]>
[2024-07-10T09:26:57.731+0000] {taskinstance.py:2076} INFO - Dependencies all met for dep_context=requeueable deps ti=<TaskInstance: market_etl.flatten_market_data scheduled__2024-06-25T06:15:00+00:00 [queued]>
[2024-07-10T09:26:57.731+0000] {taskinstance.py:2306} INFO - Starting attempt 1 of 4
[2024-07-10T09:26:57.745+0000] {taskinstance.py:2330} INFO - Executing <Task(_PythonDecoratedOperator): flatten_market_data> on 2024-06-25 06:15:00+00:00
[2024-07-10T09:26:57.750+0000] {warnings.py:112} WARNING - /home/airflow/.local/lib/python3.12/site-packages/airflow/task/task_runner/standard_task_runner.py:61: DeprecationWarning: This process (pid=58) is multi-threaded, use of fork() may lead to deadlocks in the child.
  pid = os.fork()

[2024-07-10T09:26:57.751+0000] {standard_task_runner.py:63} INFO - Started process 60 to run task
[2024-07-10T09:26:57.752+0000] {standard_task_runner.py:90} INFO - Running: ['airflow', 'tasks', 'run', 'market_etl', 'flatten_market_data', 'scheduled__2024-06-25T06:15:00+00:00', '--job-id', '467', '--raw', '--subdir', 'DAGS_FOLDER/etl.py', '--cfg-path', '/tmp/tmpmh03e7b3']
[2024-07-10T09:26:57.754+0000] {standard_task_runner.py:91} INFO - Job 467: Subtask flatten_market_data
[2024-07-10T09:26:57.815+0000] {task_command.py:426} INFO - Running <TaskInstance: market_etl.flatten_market_data scheduled__2024-06-25T06:15:00+00:00 [running]> on host 514b016b59c3
[2024-07-10T09:26:57.921+0000] {taskinstance.py:2648} INFO - Exporting env vars: AIRFLOW_CTX_DAG_OWNER='airflow' AIRFLOW_CTX_DAG_ID='market_etl' AIRFLOW_CTX_TASK_ID='flatten_market_data' AIRFLOW_CTX_EXECUTION_DATE='2024-06-25T06:15:00+00:00' AIRFLOW_CTX_TRY_NUMBER='1' AIRFLOW_CTX_DAG_RUN_ID='scheduled__2024-06-25T06:15:00+00:00'
[2024-07-10T09:26:57.922+0000] {taskinstance.py:430} INFO - ::endgroup::
[2024-07-10T09:26:57.934+0000] {python.py:237} INFO - Done. Returned value was:     Symbol  ...  Close_Date
0     ADBL  ...  2024-07-09
1      AHL  ...  2024-07-09
2     AHPC  ...  2024-07-09
3    AKJCL  ...  2024-07-09
4     AKPL  ...  2024-07-09
..     ...  ...         ...
310   USHL  ...  2024-07-09
311   USLB  ...  2024-07-09
312   VLBS  ...  2024-07-09
313  VLUCL  ...  2024-07-09
314   WNLB  ...  2024-07-09

[315 rows x 15 columns]
[2024-07-10T09:26:57.960+0000] {taskinstance.py:441} INFO - ::group::Post task execution logs
[2024-07-10T09:26:58.076+0000] {taskinstance.py:1206} INFO - Marking task as SUCCESS. dag_id=market_etl, task_id=flatten_market_data, run_id=scheduled__2024-06-25T06:15:00+00:00, execution_date=20240625T061500, start_date=20240710T092657, end_date=20240710T092658
[2024-07-10T09:26:58.099+0000] {local_task_job_runner.py:240} INFO - Task exited with return code 0
[2024-07-10T09:26:58.142+0000] {taskinstance.py:3503} INFO - 4 downstream tasks scheduled from follow-on schedule check
[2024-07-10T09:26:58.144+0000] {local_task_job_runner.py:222} INFO - ::endgroup::
[2024-07-10T09:29:59.226+0000] {local_task_job_runner.py:120} INFO - ::group::Pre task execution logs
[2024-07-10T09:29:59.240+0000] {taskinstance.py:2076} INFO - Dependencies all met for dep_context=non-requeueable deps ti=<TaskInstance: market_etl.flatten_market_data scheduled__2024-06-25T06:15:00+00:00 [queued]>
[2024-07-10T09:29:59.245+0000] {taskinstance.py:2076} INFO - Dependencies all met for dep_context=requeueable deps ti=<TaskInstance: market_etl.flatten_market_data scheduled__2024-06-25T06:15:00+00:00 [queued]>
[2024-07-10T09:29:59.245+0000] {taskinstance.py:2306} INFO - Starting attempt 1 of 4
[2024-07-10T09:29:59.252+0000] {taskinstance.py:2330} INFO - Executing <Task(_PythonDecoratedOperator): flatten_market_data> on 2024-06-25 06:15:00+00:00
[2024-07-10T09:29:59.259+0000] {warnings.py:112} WARNING - /home/airflow/.local/lib/python3.12/site-packages/airflow/task/task_runner/standard_task_runner.py:61: DeprecationWarning: This process (pid=58) is multi-threaded, use of fork() may lead to deadlocks in the child.
  pid = os.fork()

[2024-07-10T09:29:59.260+0000] {standard_task_runner.py:63} INFO - Started process 60 to run task
[2024-07-10T09:29:59.261+0000] {standard_task_runner.py:90} INFO - Running: ['airflow', 'tasks', 'run', 'market_etl', 'flatten_market_data', 'scheduled__2024-06-25T06:15:00+00:00', '--job-id', '476', '--raw', '--subdir', 'DAGS_FOLDER/etl.py', '--cfg-path', '/tmp/tmp9378e43m']
[2024-07-10T09:29:59.262+0000] {standard_task_runner.py:91} INFO - Job 476: Subtask flatten_market_data
[2024-07-10T09:29:59.304+0000] {task_command.py:426} INFO - Running <TaskInstance: market_etl.flatten_market_data scheduled__2024-06-25T06:15:00+00:00 [running]> on host 514b016b59c3
[2024-07-10T09:29:59.414+0000] {taskinstance.py:2648} INFO - Exporting env vars: AIRFLOW_CTX_DAG_OWNER='airflow' AIRFLOW_CTX_DAG_ID='market_etl' AIRFLOW_CTX_TASK_ID='flatten_market_data' AIRFLOW_CTX_EXECUTION_DATE='2024-06-25T06:15:00+00:00' AIRFLOW_CTX_TRY_NUMBER='1' AIRFLOW_CTX_DAG_RUN_ID='scheduled__2024-06-25T06:15:00+00:00'
[2024-07-10T09:29:59.415+0000] {taskinstance.py:430} INFO - ::endgroup::
[2024-07-10T09:29:59.425+0000] {python.py:237} INFO - Done. Returned value was:     Symbol  ...  Close_Date
0     ADBL  ...  2024-07-09
1      AHL  ...  2024-07-09
2     AHPC  ...  2024-07-09
3    AKJCL  ...  2024-07-09
4     AKPL  ...  2024-07-09
..     ...  ...         ...
310   USHL  ...  2024-07-09
311   USLB  ...  2024-07-09
312   VLBS  ...  2024-07-09
313  VLUCL  ...  2024-07-09
314   WNLB  ...  2024-07-09

[315 rows x 15 columns]
[2024-07-10T09:29:59.442+0000] {taskinstance.py:441} INFO - ::group::Post task execution logs
[2024-07-10T09:29:59.516+0000] {taskinstance.py:1206} INFO - Marking task as SUCCESS. dag_id=market_etl, task_id=flatten_market_data, run_id=scheduled__2024-06-25T06:15:00+00:00, execution_date=20240625T061500, start_date=20240710T092959, end_date=20240710T092959
[2024-07-10T09:29:59.573+0000] {local_task_job_runner.py:240} INFO - Task exited with return code 0
[2024-07-10T09:29:59.598+0000] {taskinstance.py:3503} INFO - 4 downstream tasks scheduled from follow-on schedule check
[2024-07-10T09:29:59.599+0000] {local_task_job_runner.py:222} INFO - ::endgroup::
[2024-07-10T09:41:54.276+0000] {local_task_job_runner.py:120} INFO - ::group::Pre task execution logs
[2024-07-10T09:41:54.289+0000] {taskinstance.py:2076} INFO - Dependencies all met for dep_context=non-requeueable deps ti=<TaskInstance: market_etl.flatten_market_data scheduled__2024-06-25T06:15:00+00:00 [queued]>
[2024-07-10T09:41:54.294+0000] {taskinstance.py:2076} INFO - Dependencies all met for dep_context=requeueable deps ti=<TaskInstance: market_etl.flatten_market_data scheduled__2024-06-25T06:15:00+00:00 [queued]>
[2024-07-10T09:41:54.295+0000] {taskinstance.py:2306} INFO - Starting attempt 1 of 4
[2024-07-10T09:41:54.303+0000] {taskinstance.py:2330} INFO - Executing <Task(_PythonDecoratedOperator): flatten_market_data> on 2024-06-25 06:15:00+00:00
[2024-07-10T09:41:54.308+0000] {warnings.py:112} WARNING - /home/airflow/.local/lib/python3.12/site-packages/airflow/task/task_runner/standard_task_runner.py:61: DeprecationWarning: This process (pid=58) is multi-threaded, use of fork() may lead to deadlocks in the child.
  pid = os.fork()

[2024-07-10T09:41:54.309+0000] {standard_task_runner.py:63} INFO - Started process 60 to run task
[2024-07-10T09:41:54.312+0000] {standard_task_runner.py:90} INFO - Running: ['airflow', 'tasks', 'run', 'market_etl', 'flatten_market_data', 'scheduled__2024-06-25T06:15:00+00:00', '--job-id', '513', '--raw', '--subdir', 'DAGS_FOLDER/etl.py', '--cfg-path', '/tmp/tmpxmvy0r2d']
[2024-07-10T09:41:54.317+0000] {standard_task_runner.py:91} INFO - Job 513: Subtask flatten_market_data
[2024-07-10T09:41:54.397+0000] {task_command.py:426} INFO - Running <TaskInstance: market_etl.flatten_market_data scheduled__2024-06-25T06:15:00+00:00 [running]> on host 514b016b59c3
[2024-07-10T09:41:54.523+0000] {taskinstance.py:2648} INFO - Exporting env vars: AIRFLOW_CTX_DAG_OWNER='airflow' AIRFLOW_CTX_DAG_ID='market_etl' AIRFLOW_CTX_TASK_ID='flatten_market_data' AIRFLOW_CTX_EXECUTION_DATE='2024-06-25T06:15:00+00:00' AIRFLOW_CTX_TRY_NUMBER='1' AIRFLOW_CTX_DAG_RUN_ID='scheduled__2024-06-25T06:15:00+00:00'
[2024-07-10T09:41:54.524+0000] {taskinstance.py:430} INFO - ::endgroup::
[2024-07-10T09:41:54.535+0000] {python.py:237} INFO - Done. Returned value was:     Symbol  ...  Close_Date
0     ADBL  ...  2024-07-09
1      AHL  ...  2024-07-09
2     AHPC  ...  2024-07-09
3    AKJCL  ...  2024-07-09
4     AKPL  ...  2024-07-09
..     ...  ...         ...
310   USHL  ...  2024-07-09
311   USLB  ...  2024-07-09
312   VLBS  ...  2024-07-09
313  VLUCL  ...  2024-07-09
314   WNLB  ...  2024-07-09

[315 rows x 15 columns]
[2024-07-10T09:41:54.558+0000] {taskinstance.py:441} INFO - ::group::Post task execution logs
[2024-07-10T09:41:54.644+0000] {taskinstance.py:1206} INFO - Marking task as SUCCESS. dag_id=market_etl, task_id=flatten_market_data, run_id=scheduled__2024-06-25T06:15:00+00:00, execution_date=20240625T061500, start_date=20240710T094154, end_date=20240710T094154
[2024-07-10T09:41:54.703+0000] {local_task_job_runner.py:240} INFO - Task exited with return code 0
[2024-07-10T09:41:54.745+0000] {taskinstance.py:3503} INFO - 3 downstream tasks scheduled from follow-on schedule check
[2024-07-10T09:41:54.746+0000] {local_task_job_runner.py:222} INFO - ::endgroup::
[2024-07-10T09:46:57.103+0000] {local_task_job_runner.py:120} INFO - ::group::Pre task execution logs
[2024-07-10T09:46:57.119+0000] {taskinstance.py:2076} INFO - Dependencies all met for dep_context=non-requeueable deps ti=<TaskInstance: market_etl.flatten_market_data scheduled__2024-06-25T06:15:00+00:00 [queued]>
[2024-07-10T09:46:57.125+0000] {taskinstance.py:2076} INFO - Dependencies all met for dep_context=requeueable deps ti=<TaskInstance: market_etl.flatten_market_data scheduled__2024-06-25T06:15:00+00:00 [queued]>
[2024-07-10T09:46:57.125+0000] {taskinstance.py:2306} INFO - Starting attempt 1 of 4
[2024-07-10T09:46:57.134+0000] {taskinstance.py:2330} INFO - Executing <Task(_PythonDecoratedOperator): flatten_market_data> on 2024-06-25 06:15:00+00:00
[2024-07-10T09:46:57.141+0000] {warnings.py:112} WARNING - /home/airflow/.local/lib/python3.12/site-packages/airflow/task/task_runner/standard_task_runner.py:61: DeprecationWarning: This process (pid=57) is multi-threaded, use of fork() may lead to deadlocks in the child.
  pid = os.fork()

[2024-07-10T09:46:57.142+0000] {standard_task_runner.py:63} INFO - Started process 59 to run task
[2024-07-10T09:46:57.143+0000] {standard_task_runner.py:90} INFO - Running: ['airflow', 'tasks', 'run', 'market_etl', 'flatten_market_data', 'scheduled__2024-06-25T06:15:00+00:00', '--job-id', '522', '--raw', '--subdir', 'DAGS_FOLDER/etl.py', '--cfg-path', '/tmp/tmp5q8qt5ma']
[2024-07-10T09:46:57.144+0000] {standard_task_runner.py:91} INFO - Job 522: Subtask flatten_market_data
[2024-07-10T09:46:57.208+0000] {task_command.py:426} INFO - Running <TaskInstance: market_etl.flatten_market_data scheduled__2024-06-25T06:15:00+00:00 [running]> on host 514b016b59c3
[2024-07-10T09:46:57.330+0000] {taskinstance.py:2648} INFO - Exporting env vars: AIRFLOW_CTX_DAG_OWNER='airflow' AIRFLOW_CTX_DAG_ID='market_etl' AIRFLOW_CTX_TASK_ID='flatten_market_data' AIRFLOW_CTX_EXECUTION_DATE='2024-06-25T06:15:00+00:00' AIRFLOW_CTX_TRY_NUMBER='1' AIRFLOW_CTX_DAG_RUN_ID='scheduled__2024-06-25T06:15:00+00:00'
[2024-07-10T09:46:57.331+0000] {taskinstance.py:430} INFO - ::endgroup::
[2024-07-10T09:46:57.347+0000] {python.py:237} INFO - Done. Returned value was:     Symbol  ...  Close_Date
0     ADBL  ...  2024-07-09
1      AHL  ...  2024-07-09
2     AHPC  ...  2024-07-09
3    AKJCL  ...  2024-07-09
4     AKPL  ...  2024-07-09
..     ...  ...         ...
310   USHL  ...  2024-07-09
311   USLB  ...  2024-07-09
312   VLBS  ...  2024-07-09
313  VLUCL  ...  2024-07-09
314   WNLB  ...  2024-07-09

[315 rows x 15 columns]
[2024-07-10T09:46:57.364+0000] {taskinstance.py:441} INFO - ::group::Post task execution logs
[2024-07-10T09:46:57.444+0000] {taskinstance.py:1206} INFO - Marking task as SUCCESS. dag_id=market_etl, task_id=flatten_market_data, run_id=scheduled__2024-06-25T06:15:00+00:00, execution_date=20240625T061500, start_date=20240710T094657, end_date=20240710T094657
[2024-07-10T09:46:57.489+0000] {local_task_job_runner.py:240} INFO - Task exited with return code 0
[2024-07-10T09:46:57.516+0000] {taskinstance.py:3503} INFO - 3 downstream tasks scheduled from follow-on schedule check
[2024-07-10T09:46:57.517+0000] {local_task_job_runner.py:222} INFO - ::endgroup::
[2024-07-10T09:51:21.591+0000] {local_task_job_runner.py:120} INFO - ::group::Pre task execution logs
[2024-07-10T09:51:21.608+0000] {taskinstance.py:2076} INFO - Dependencies all met for dep_context=non-requeueable deps ti=<TaskInstance: market_etl.flatten_market_data scheduled__2024-06-25T06:15:00+00:00 [queued]>
[2024-07-10T09:51:21.614+0000] {taskinstance.py:2076} INFO - Dependencies all met for dep_context=requeueable deps ti=<TaskInstance: market_etl.flatten_market_data scheduled__2024-06-25T06:15:00+00:00 [queued]>
[2024-07-10T09:51:21.614+0000] {taskinstance.py:2306} INFO - Starting attempt 1 of 4
[2024-07-10T09:51:21.623+0000] {taskinstance.py:2330} INFO - Executing <Task(_PythonDecoratedOperator): flatten_market_data> on 2024-06-25 06:15:00+00:00
[2024-07-10T09:51:21.628+0000] {warnings.py:112} WARNING - /home/airflow/.local/lib/python3.12/site-packages/airflow/task/task_runner/standard_task_runner.py:61: DeprecationWarning: This process (pid=58) is multi-threaded, use of fork() may lead to deadlocks in the child.
  pid = os.fork()

[2024-07-10T09:51:21.629+0000] {standard_task_runner.py:63} INFO - Started process 60 to run task
[2024-07-10T09:51:21.630+0000] {standard_task_runner.py:90} INFO - Running: ['airflow', 'tasks', 'run', 'market_etl', 'flatten_market_data', 'scheduled__2024-06-25T06:15:00+00:00', '--job-id', '533', '--raw', '--subdir', 'DAGS_FOLDER/etl.py', '--cfg-path', '/tmp/tmp7m9t4dn2']
[2024-07-10T09:51:21.632+0000] {standard_task_runner.py:91} INFO - Job 533: Subtask flatten_market_data
[2024-07-10T09:51:21.706+0000] {task_command.py:426} INFO - Running <TaskInstance: market_etl.flatten_market_data scheduled__2024-06-25T06:15:00+00:00 [running]> on host 514b016b59c3
[2024-07-10T09:51:21.811+0000] {taskinstance.py:2648} INFO - Exporting env vars: AIRFLOW_CTX_DAG_OWNER='airflow' AIRFLOW_CTX_DAG_ID='market_etl' AIRFLOW_CTX_TASK_ID='flatten_market_data' AIRFLOW_CTX_EXECUTION_DATE='2024-06-25T06:15:00+00:00' AIRFLOW_CTX_TRY_NUMBER='1' AIRFLOW_CTX_DAG_RUN_ID='scheduled__2024-06-25T06:15:00+00:00'
[2024-07-10T09:51:21.812+0000] {taskinstance.py:430} INFO - ::endgroup::
[2024-07-10T09:51:21.822+0000] {python.py:237} INFO - Done. Returned value was:     Symbol  ...  Close_Date
0     ADBL  ...  2024-07-09
1      AHL  ...  2024-07-09
2     AHPC  ...  2024-07-09
3    AKJCL  ...  2024-07-09
4     AKPL  ...  2024-07-09
..     ...  ...         ...
310   USHL  ...  2024-07-09
311   USLB  ...  2024-07-09
312   VLBS  ...  2024-07-09
313  VLUCL  ...  2024-07-09
314   WNLB  ...  2024-07-09

[315 rows x 15 columns]
[2024-07-10T09:51:21.838+0000] {taskinstance.py:441} INFO - ::group::Post task execution logs
[2024-07-10T09:51:21.911+0000] {taskinstance.py:1206} INFO - Marking task as SUCCESS. dag_id=market_etl, task_id=flatten_market_data, run_id=scheduled__2024-06-25T06:15:00+00:00, execution_date=20240625T061500, start_date=20240710T095121, end_date=20240710T095121
[2024-07-10T09:51:21.937+0000] {local_task_job_runner.py:240} INFO - Task exited with return code 0
[2024-07-10T09:51:21.963+0000] {taskinstance.py:3503} INFO - 0 downstream tasks scheduled from follow-on schedule check
[2024-07-10T09:51:21.965+0000] {local_task_job_runner.py:222} INFO - ::endgroup::
[2024-07-10T09:56:58.731+0000] {local_task_job_runner.py:120} INFO - ::group::Pre task execution logs
[2024-07-10T09:56:58.748+0000] {taskinstance.py:2076} INFO - Dependencies all met for dep_context=non-requeueable deps ti=<TaskInstance: market_etl.flatten_market_data scheduled__2024-06-25T06:15:00+00:00 [queued]>
[2024-07-10T09:56:58.753+0000] {taskinstance.py:2076} INFO - Dependencies all met for dep_context=requeueable deps ti=<TaskInstance: market_etl.flatten_market_data scheduled__2024-06-25T06:15:00+00:00 [queued]>
[2024-07-10T09:56:58.754+0000] {taskinstance.py:2306} INFO - Starting attempt 1 of 4
[2024-07-10T09:56:58.761+0000] {taskinstance.py:2330} INFO - Executing <Task(_PythonDecoratedOperator): flatten_market_data> on 2024-06-25 06:15:00+00:00
[2024-07-10T09:56:58.768+0000] {warnings.py:112} WARNING - /home/airflow/.local/lib/python3.12/site-packages/airflow/task/task_runner/standard_task_runner.py:61: DeprecationWarning: This process (pid=57) is multi-threaded, use of fork() may lead to deadlocks in the child.
  pid = os.fork()

[2024-07-10T09:56:58.770+0000] {standard_task_runner.py:63} INFO - Started process 59 to run task
[2024-07-10T09:56:58.771+0000] {standard_task_runner.py:90} INFO - Running: ['airflow', 'tasks', 'run', 'market_etl', 'flatten_market_data', 'scheduled__2024-06-25T06:15:00+00:00', '--job-id', '612', '--raw', '--subdir', 'DAGS_FOLDER/etl.py', '--cfg-path', '/tmp/tmpohsyezv4']
[2024-07-10T09:56:58.774+0000] {standard_task_runner.py:91} INFO - Job 612: Subtask flatten_market_data
[2024-07-10T09:56:58.837+0000] {task_command.py:426} INFO - Running <TaskInstance: market_etl.flatten_market_data scheduled__2024-06-25T06:15:00+00:00 [running]> on host 514b016b59c3
[2024-07-10T09:56:58.935+0000] {taskinstance.py:2648} INFO - Exporting env vars: AIRFLOW_CTX_DAG_OWNER='airflow' AIRFLOW_CTX_DAG_ID='market_etl' AIRFLOW_CTX_TASK_ID='flatten_market_data' AIRFLOW_CTX_EXECUTION_DATE='2024-06-25T06:15:00+00:00' AIRFLOW_CTX_TRY_NUMBER='1' AIRFLOW_CTX_DAG_RUN_ID='scheduled__2024-06-25T06:15:00+00:00'
[2024-07-10T09:56:58.936+0000] {taskinstance.py:430} INFO - ::endgroup::
[2024-07-10T09:56:58.952+0000] {python.py:237} INFO - Done. Returned value was:     Symbol  ...  Close_Date
0     ADBL  ...  2024-07-09
1      AHL  ...  2024-07-09
2     AHPC  ...  2024-07-09
3    AKJCL  ...  2024-07-09
4     AKPL  ...  2024-07-09
..     ...  ...         ...
310   USHL  ...  2024-07-09
311   USLB  ...  2024-07-09
312   VLBS  ...  2024-07-09
313  VLUCL  ...  2024-07-09
314   WNLB  ...  2024-07-09

[315 rows x 15 columns]
[2024-07-10T09:56:58.968+0000] {taskinstance.py:441} INFO - ::group::Post task execution logs
[2024-07-10T09:56:59.036+0000] {taskinstance.py:1206} INFO - Marking task as SUCCESS. dag_id=market_etl, task_id=flatten_market_data, run_id=scheduled__2024-06-25T06:15:00+00:00, execution_date=20240625T061500, start_date=20240710T095658, end_date=20240710T095659
[2024-07-10T09:56:59.082+0000] {local_task_job_runner.py:240} INFO - Task exited with return code 0
[2024-07-10T09:56:59.105+0000] {taskinstance.py:3503} INFO - 3 downstream tasks scheduled from follow-on schedule check
[2024-07-10T09:56:59.107+0000] {local_task_job_runner.py:222} INFO - ::endgroup::
[2024-07-10T10:00:58.270+0000] {local_task_job_runner.py:120} INFO - ::group::Pre task execution logs
[2024-07-10T10:00:58.290+0000] {taskinstance.py:2076} INFO - Dependencies all met for dep_context=non-requeueable deps ti=<TaskInstance: market_etl.flatten_market_data scheduled__2024-06-25T06:15:00+00:00 [queued]>
[2024-07-10T10:00:58.295+0000] {taskinstance.py:2076} INFO - Dependencies all met for dep_context=requeueable deps ti=<TaskInstance: market_etl.flatten_market_data scheduled__2024-06-25T06:15:00+00:00 [queued]>
[2024-07-10T10:00:58.295+0000] {taskinstance.py:2306} INFO - Starting attempt 1 of 4
[2024-07-10T10:00:58.324+0000] {taskinstance.py:2330} INFO - Executing <Task(_PythonDecoratedOperator): flatten_market_data> on 2024-06-25 06:15:00+00:00
[2024-07-10T10:00:58.336+0000] {warnings.py:112} WARNING - /home/airflow/.local/lib/python3.12/site-packages/airflow/task/task_runner/standard_task_runner.py:61: DeprecationWarning: This process (pid=58) is multi-threaded, use of fork() may lead to deadlocks in the child.
  pid = os.fork()

[2024-07-10T10:00:58.338+0000] {standard_task_runner.py:63} INFO - Started process 60 to run task
[2024-07-10T10:00:58.339+0000] {standard_task_runner.py:90} INFO - Running: ['airflow', 'tasks', 'run', 'market_etl', 'flatten_market_data', 'scheduled__2024-06-25T06:15:00+00:00', '--job-id', '619', '--raw', '--subdir', 'DAGS_FOLDER/etl.py', '--cfg-path', '/tmp/tmpg0mythr1']
[2024-07-10T10:00:58.343+0000] {standard_task_runner.py:91} INFO - Job 619: Subtask flatten_market_data
[2024-07-10T10:00:58.430+0000] {task_command.py:426} INFO - Running <TaskInstance: market_etl.flatten_market_data scheduled__2024-06-25T06:15:00+00:00 [running]> on host 514b016b59c3
[2024-07-10T10:00:58.517+0000] {taskinstance.py:2648} INFO - Exporting env vars: AIRFLOW_CTX_DAG_OWNER='airflow' AIRFLOW_CTX_DAG_ID='market_etl' AIRFLOW_CTX_TASK_ID='flatten_market_data' AIRFLOW_CTX_EXECUTION_DATE='2024-06-25T06:15:00+00:00' AIRFLOW_CTX_TRY_NUMBER='1' AIRFLOW_CTX_DAG_RUN_ID='scheduled__2024-06-25T06:15:00+00:00'
[2024-07-10T10:00:58.518+0000] {taskinstance.py:430} INFO - ::endgroup::
[2024-07-10T10:00:58.536+0000] {python.py:237} INFO - Done. Returned value was:     Symbol  ...  Close_Date
0     ADBL  ...  2024-07-09
1      AHL  ...  2024-07-09
2     AHPC  ...  2024-07-09
3    AKJCL  ...  2024-07-09
4     AKPL  ...  2024-07-09
..     ...  ...         ...
310   USHL  ...  2024-07-09
311   USLB  ...  2024-07-09
312   VLBS  ...  2024-07-09
313  VLUCL  ...  2024-07-09
314   WNLB  ...  2024-07-09

[315 rows x 15 columns]
[2024-07-10T10:00:58.566+0000] {taskinstance.py:441} INFO - ::group::Post task execution logs
[2024-07-10T10:00:58.663+0000] {taskinstance.py:1206} INFO - Marking task as SUCCESS. dag_id=market_etl, task_id=flatten_market_data, run_id=scheduled__2024-06-25T06:15:00+00:00, execution_date=20240625T061500, start_date=20240710T100058, end_date=20240710T100058
[2024-07-10T10:00:58.692+0000] {local_task_job_runner.py:240} INFO - Task exited with return code 0
[2024-07-10T10:00:58.711+0000] {local_task_job_runner.py:222} INFO - ::endgroup::
[2024-07-10T10:04:56.354+0000] {local_task_job_runner.py:120} INFO - ::group::Pre task execution logs
[2024-07-10T10:04:56.368+0000] {taskinstance.py:2076} INFO - Dependencies all met for dep_context=non-requeueable deps ti=<TaskInstance: market_etl.flatten_market_data scheduled__2024-06-25T06:15:00+00:00 [queued]>
[2024-07-10T10:04:56.373+0000] {taskinstance.py:2076} INFO - Dependencies all met for dep_context=requeueable deps ti=<TaskInstance: market_etl.flatten_market_data scheduled__2024-06-25T06:15:00+00:00 [queued]>
[2024-07-10T10:04:56.374+0000] {taskinstance.py:2306} INFO - Starting attempt 1 of 4
[2024-07-10T10:04:56.383+0000] {taskinstance.py:2330} INFO - Executing <Task(_PythonDecoratedOperator): flatten_market_data> on 2024-06-25 06:15:00+00:00
[2024-07-10T10:04:56.388+0000] {warnings.py:112} WARNING - /home/airflow/.local/lib/python3.12/site-packages/airflow/task/task_runner/standard_task_runner.py:61: DeprecationWarning: This process (pid=57) is multi-threaded, use of fork() may lead to deadlocks in the child.
  pid = os.fork()

[2024-07-10T10:04:56.389+0000] {standard_task_runner.py:63} INFO - Started process 59 to run task
[2024-07-10T10:04:56.390+0000] {standard_task_runner.py:90} INFO - Running: ['airflow', 'tasks', 'run', 'market_etl', 'flatten_market_data', 'scheduled__2024-06-25T06:15:00+00:00', '--job-id', '663', '--raw', '--subdir', 'DAGS_FOLDER/etl.py', '--cfg-path', '/tmp/tmpfmbxtq2_']
[2024-07-10T10:04:56.392+0000] {standard_task_runner.py:91} INFO - Job 663: Subtask flatten_market_data
[2024-07-10T10:04:56.454+0000] {task_command.py:426} INFO - Running <TaskInstance: market_etl.flatten_market_data scheduled__2024-06-25T06:15:00+00:00 [running]> on host 514b016b59c3
[2024-07-10T10:04:56.546+0000] {taskinstance.py:2648} INFO - Exporting env vars: AIRFLOW_CTX_DAG_OWNER='airflow' AIRFLOW_CTX_DAG_ID='market_etl' AIRFLOW_CTX_TASK_ID='flatten_market_data' AIRFLOW_CTX_EXECUTION_DATE='2024-06-25T06:15:00+00:00' AIRFLOW_CTX_TRY_NUMBER='1' AIRFLOW_CTX_DAG_RUN_ID='scheduled__2024-06-25T06:15:00+00:00'
[2024-07-10T10:04:56.547+0000] {taskinstance.py:430} INFO - ::endgroup::
[2024-07-10T10:04:56.558+0000] {python.py:237} INFO - Done. Returned value was:     Symbol  ...  Close_Date
0     ADBL  ...  2024-07-09
1      AHL  ...  2024-07-09
2     AHPC  ...  2024-07-09
3    AKJCL  ...  2024-07-09
4     AKPL  ...  2024-07-09
..     ...  ...         ...
310   USHL  ...  2024-07-09
311   USLB  ...  2024-07-09
312   VLBS  ...  2024-07-09
313  VLUCL  ...  2024-07-09
314   WNLB  ...  2024-07-09

[315 rows x 15 columns]
[2024-07-10T10:04:56.600+0000] {taskinstance.py:441} INFO - ::group::Post task execution logs
[2024-07-10T10:04:56.692+0000] {taskinstance.py:1206} INFO - Marking task as SUCCESS. dag_id=market_etl, task_id=flatten_market_data, run_id=scheduled__2024-06-25T06:15:00+00:00, execution_date=20240625T061500, start_date=20240710T100456, end_date=20240710T100456
[2024-07-10T10:04:56.742+0000] {local_task_job_runner.py:240} INFO - Task exited with return code 0
[2024-07-10T10:04:56.783+0000] {taskinstance.py:3503} INFO - 0 downstream tasks scheduled from follow-on schedule check
[2024-07-10T10:04:56.786+0000] {local_task_job_runner.py:222} INFO - ::endgroup::
[2024-07-10T10:07:01.299+0000] {local_task_job_runner.py:120} INFO - ::group::Pre task execution logs
[2024-07-10T10:07:01.327+0000] {taskinstance.py:2076} INFO - Dependencies all met for dep_context=non-requeueable deps ti=<TaskInstance: market_etl.flatten_market_data scheduled__2024-06-25T06:15:00+00:00 [queued]>
[2024-07-10T10:07:01.333+0000] {taskinstance.py:2076} INFO - Dependencies all met for dep_context=requeueable deps ti=<TaskInstance: market_etl.flatten_market_data scheduled__2024-06-25T06:15:00+00:00 [queued]>
[2024-07-10T10:07:01.334+0000] {taskinstance.py:2306} INFO - Starting attempt 1 of 4
[2024-07-10T10:07:01.342+0000] {taskinstance.py:2330} INFO - Executing <Task(_PythonDecoratedOperator): flatten_market_data> on 2024-06-25 06:15:00+00:00
[2024-07-10T10:07:01.349+0000] {warnings.py:112} WARNING - /home/airflow/.local/lib/python3.12/site-packages/airflow/task/task_runner/standard_task_runner.py:61: DeprecationWarning: This process (pid=58) is multi-threaded, use of fork() may lead to deadlocks in the child.
  pid = os.fork()

[2024-07-10T10:07:01.350+0000] {standard_task_runner.py:63} INFO - Started process 60 to run task
[2024-07-10T10:07:01.351+0000] {standard_task_runner.py:90} INFO - Running: ['airflow', 'tasks', 'run', 'market_etl', 'flatten_market_data', 'scheduled__2024-06-25T06:15:00+00:00', '--job-id', '682', '--raw', '--subdir', 'DAGS_FOLDER/etl.py', '--cfg-path', '/tmp/tmpq04cp33c']
[2024-07-10T10:07:01.353+0000] {standard_task_runner.py:91} INFO - Job 682: Subtask flatten_market_data
[2024-07-10T10:07:01.395+0000] {task_command.py:426} INFO - Running <TaskInstance: market_etl.flatten_market_data scheduled__2024-06-25T06:15:00+00:00 [running]> on host 514b016b59c3
[2024-07-10T10:07:01.508+0000] {taskinstance.py:2648} INFO - Exporting env vars: AIRFLOW_CTX_DAG_OWNER='airflow' AIRFLOW_CTX_DAG_ID='market_etl' AIRFLOW_CTX_TASK_ID='flatten_market_data' AIRFLOW_CTX_EXECUTION_DATE='2024-06-25T06:15:00+00:00' AIRFLOW_CTX_TRY_NUMBER='1' AIRFLOW_CTX_DAG_RUN_ID='scheduled__2024-06-25T06:15:00+00:00'
[2024-07-10T10:07:01.509+0000] {taskinstance.py:430} INFO - ::endgroup::
[2024-07-10T10:07:01.518+0000] {python.py:237} INFO - Done. Returned value was:     Symbol  ...  Close_Date
0     ADBL  ...  2024-07-09
1      AHL  ...  2024-07-09
2     AHPC  ...  2024-07-09
3    AKJCL  ...  2024-07-09
4     AKPL  ...  2024-07-09
..     ...  ...         ...
310   USHL  ...  2024-07-09
311   USLB  ...  2024-07-09
312   VLBS  ...  2024-07-09
313  VLUCL  ...  2024-07-09
314   WNLB  ...  2024-07-09

[315 rows x 15 columns]
[2024-07-10T10:07:01.532+0000] {taskinstance.py:441} INFO - ::group::Post task execution logs
[2024-07-10T10:07:01.582+0000] {taskinstance.py:1206} INFO - Marking task as SUCCESS. dag_id=market_etl, task_id=flatten_market_data, run_id=scheduled__2024-06-25T06:15:00+00:00, execution_date=20240625T061500, start_date=20240710T100701, end_date=20240710T100701
[2024-07-10T10:07:01.618+0000] {local_task_job_runner.py:240} INFO - Task exited with return code 0
[2024-07-10T10:07:01.643+0000] {taskinstance.py:3503} INFO - 3 downstream tasks scheduled from follow-on schedule check
[2024-07-10T10:07:01.644+0000] {local_task_job_runner.py:222} INFO - ::endgroup::
[2024-07-11T06:38:12.010+0000] {local_task_job_runner.py:120} INFO - ::group::Pre task execution logs
[2024-07-11T06:38:12.025+0000] {taskinstance.py:2076} INFO - Dependencies all met for dep_context=non-requeueable deps ti=<TaskInstance: market_etl.flatten_market_data scheduled__2024-06-25T06:15:00+00:00 [queued]>
[2024-07-11T06:38:12.031+0000] {taskinstance.py:2076} INFO - Dependencies all met for dep_context=requeueable deps ti=<TaskInstance: market_etl.flatten_market_data scheduled__2024-06-25T06:15:00+00:00 [queued]>
[2024-07-11T06:38:12.032+0000] {taskinstance.py:2306} INFO - Starting attempt 1 of 4
[2024-07-11T06:38:12.039+0000] {taskinstance.py:2330} INFO - Executing <Task(_PythonDecoratedOperator): flatten_market_data> on 2024-06-25 06:15:00+00:00
[2024-07-11T06:38:12.045+0000] {warnings.py:112} WARNING - /home/airflow/.local/lib/python3.12/site-packages/airflow/task/task_runner/standard_task_runner.py:61: DeprecationWarning: This process (pid=58) is multi-threaded, use of fork() may lead to deadlocks in the child.
  pid = os.fork()

[2024-07-11T06:38:12.046+0000] {standard_task_runner.py:63} INFO - Started process 60 to run task
[2024-07-11T06:38:12.049+0000] {standard_task_runner.py:90} INFO - Running: ['airflow', 'tasks', 'run', 'market_etl', 'flatten_market_data', 'scheduled__2024-06-25T06:15:00+00:00', '--job-id', '891', '--raw', '--subdir', 'DAGS_FOLDER/etl.py', '--cfg-path', '/tmp/tmpbo0cvleq']
[2024-07-11T06:38:12.058+0000] {standard_task_runner.py:91} INFO - Job 891: Subtask flatten_market_data
[2024-07-11T06:38:12.116+0000] {task_command.py:426} INFO - Running <TaskInstance: market_etl.flatten_market_data scheduled__2024-06-25T06:15:00+00:00 [running]> on host aa283b53dd54
[2024-07-11T06:38:12.247+0000] {taskinstance.py:2648} INFO - Exporting env vars: AIRFLOW_CTX_DAG_OWNER='airflow' AIRFLOW_CTX_DAG_ID='market_etl' AIRFLOW_CTX_TASK_ID='flatten_market_data' AIRFLOW_CTX_EXECUTION_DATE='2024-06-25T06:15:00+00:00' AIRFLOW_CTX_TRY_NUMBER='1' AIRFLOW_CTX_DAG_RUN_ID='scheduled__2024-06-25T06:15:00+00:00'
[2024-07-11T06:38:12.248+0000] {taskinstance.py:430} INFO - ::endgroup::
[2024-07-11T06:38:12.269+0000] {python.py:237} INFO - Done. Returned value was:       Symbol  ...  Close_Date
0       ADBL  ...  2024-07-10
1    ADBLD83  ...  2024-07-10
2        AHL  ...  2024-07-10
3       AHPC  ...  2024-07-10
4      AKJCL  ...  2024-07-10
..       ...  ...         ...
316     USHL  ...  2024-07-10
317     USLB  ...  2024-07-10
318     VLBS  ...  2024-07-10
319    VLUCL  ...  2024-07-10
320     WNLB  ...  2024-07-10

[321 rows x 15 columns]
[2024-07-11T06:38:12.286+0000] {taskinstance.py:441} INFO - ::group::Post task execution logs
[2024-07-11T06:38:12.355+0000] {taskinstance.py:1206} INFO - Marking task as SUCCESS. dag_id=market_etl, task_id=flatten_market_data, run_id=scheduled__2024-06-25T06:15:00+00:00, execution_date=20240625T061500, start_date=20240711T063812, end_date=20240711T063812
[2024-07-11T06:38:12.402+0000] {local_task_job_runner.py:240} INFO - Task exited with return code 0
[2024-07-11T06:38:12.427+0000] {taskinstance.py:3503} INFO - 3 downstream tasks scheduled from follow-on schedule check
[2024-07-11T06:38:12.429+0000] {local_task_job_runner.py:222} INFO - ::endgroup::
[2024-07-11T07:10:43.302+0000] {local_task_job_runner.py:120} INFO - ::group::Pre task execution logs
[2024-07-11T07:10:43.321+0000] {taskinstance.py:2076} INFO - Dependencies all met for dep_context=non-requeueable deps ti=<TaskInstance: market_etl.flatten_market_data scheduled__2024-06-25T06:15:00+00:00 [queued]>
[2024-07-11T07:10:43.328+0000] {taskinstance.py:2076} INFO - Dependencies all met for dep_context=requeueable deps ti=<TaskInstance: market_etl.flatten_market_data scheduled__2024-06-25T06:15:00+00:00 [queued]>
[2024-07-11T07:10:43.329+0000] {taskinstance.py:2306} INFO - Starting attempt 1 of 4
[2024-07-11T07:10:43.336+0000] {taskinstance.py:2330} INFO - Executing <Task(_PythonDecoratedOperator): flatten_market_data> on 2024-06-25 06:15:00+00:00
[2024-07-11T07:10:43.348+0000] {warnings.py:112} WARNING - /home/airflow/.local/lib/python3.12/site-packages/airflow/task/task_runner/standard_task_runner.py:61: DeprecationWarning: This process (pid=93) is multi-threaded, use of fork() may lead to deadlocks in the child.
  pid = os.fork()

[2024-07-11T07:10:43.349+0000] {standard_task_runner.py:63} INFO - Started process 95 to run task
[2024-07-11T07:10:43.350+0000] {standard_task_runner.py:90} INFO - Running: ['airflow', 'tasks', 'run', 'market_etl', 'flatten_market_data', 'scheduled__2024-06-25T06:15:00+00:00', '--job-id', '955', '--raw', '--subdir', 'DAGS_FOLDER/etl.py', '--cfg-path', '/tmp/tmp1sw91vg5']
[2024-07-11T07:10:43.352+0000] {standard_task_runner.py:91} INFO - Job 955: Subtask flatten_market_data
[2024-07-11T07:10:43.404+0000] {task_command.py:426} INFO - Running <TaskInstance: market_etl.flatten_market_data scheduled__2024-06-25T06:15:00+00:00 [running]> on host aa283b53dd54
[2024-07-11T07:10:43.493+0000] {taskinstance.py:2648} INFO - Exporting env vars: AIRFLOW_CTX_DAG_OWNER='airflow' AIRFLOW_CTX_DAG_ID='market_etl' AIRFLOW_CTX_TASK_ID='flatten_market_data' AIRFLOW_CTX_EXECUTION_DATE='2024-06-25T06:15:00+00:00' AIRFLOW_CTX_TRY_NUMBER='1' AIRFLOW_CTX_DAG_RUN_ID='scheduled__2024-06-25T06:15:00+00:00'
[2024-07-11T07:10:43.494+0000] {taskinstance.py:430} INFO - ::endgroup::
[2024-07-11T07:10:43.511+0000] {python.py:237} INFO - Done. Returned value was:       Symbol  ...  Close_Date
0       ADBL  ...  2024-07-10
1    ADBLD83  ...  2024-07-10
2        AHL  ...  2024-07-10
3       AHPC  ...  2024-07-10
4      AKJCL  ...  2024-07-10
..       ...  ...         ...
316     USHL  ...  2024-07-10
317     USLB  ...  2024-07-10
318     VLBS  ...  2024-07-10
319    VLUCL  ...  2024-07-10
320     WNLB  ...  2024-07-10

[321 rows x 15 columns]
[2024-07-11T07:10:43.540+0000] {taskinstance.py:441} INFO - ::group::Post task execution logs
[2024-07-11T07:10:43.624+0000] {taskinstance.py:1206} INFO - Marking task as SUCCESS. dag_id=market_etl, task_id=flatten_market_data, run_id=scheduled__2024-06-25T06:15:00+00:00, execution_date=20240625T061500, start_date=20240711T071043, end_date=20240711T071043
[2024-07-11T07:10:43.660+0000] {local_task_job_runner.py:240} INFO - Task exited with return code 0
[2024-07-11T07:10:43.683+0000] {taskinstance.py:3503} INFO - 3 downstream tasks scheduled from follow-on schedule check
[2024-07-11T07:10:43.684+0000] {local_task_job_runner.py:222} INFO - ::endgroup::
[2024-07-11T07:34:00.325+0000] {local_task_job_runner.py:120} INFO - ::group::Pre task execution logs
[2024-07-11T07:34:00.341+0000] {taskinstance.py:2076} INFO - Dependencies all met for dep_context=non-requeueable deps ti=<TaskInstance: market_etl.flatten_market_data scheduled__2024-06-25T06:15:00+00:00 [queued]>
[2024-07-11T07:34:00.347+0000] {taskinstance.py:2076} INFO - Dependencies all met for dep_context=requeueable deps ti=<TaskInstance: market_etl.flatten_market_data scheduled__2024-06-25T06:15:00+00:00 [queued]>
[2024-07-11T07:34:00.347+0000] {taskinstance.py:2306} INFO - Starting attempt 1 of 4
[2024-07-11T07:34:00.354+0000] {taskinstance.py:2330} INFO - Executing <Task(_PythonDecoratedOperator): flatten_market_data> on 2024-06-25 06:15:00+00:00
[2024-07-11T07:34:00.359+0000] {warnings.py:112} WARNING - /home/airflow/.local/lib/python3.12/site-packages/airflow/task/task_runner/standard_task_runner.py:61: DeprecationWarning: This process (pid=58) is multi-threaded, use of fork() may lead to deadlocks in the child.
  pid = os.fork()

[2024-07-11T07:34:00.360+0000] {standard_task_runner.py:63} INFO - Started process 60 to run task
[2024-07-11T07:34:00.361+0000] {standard_task_runner.py:90} INFO - Running: ['airflow', 'tasks', 'run', 'market_etl', 'flatten_market_data', 'scheduled__2024-06-25T06:15:00+00:00', '--job-id', '997', '--raw', '--subdir', 'DAGS_FOLDER/etl.py', '--cfg-path', '/tmp/tmpc4fa7mnz']
[2024-07-11T07:34:00.363+0000] {standard_task_runner.py:91} INFO - Job 997: Subtask flatten_market_data
[2024-07-11T07:34:00.405+0000] {task_command.py:426} INFO - Running <TaskInstance: market_etl.flatten_market_data scheduled__2024-06-25T06:15:00+00:00 [running]> on host aa283b53dd54
[2024-07-11T07:34:00.506+0000] {taskinstance.py:2648} INFO - Exporting env vars: AIRFLOW_CTX_DAG_OWNER='airflow' AIRFLOW_CTX_DAG_ID='market_etl' AIRFLOW_CTX_TASK_ID='flatten_market_data' AIRFLOW_CTX_EXECUTION_DATE='2024-06-25T06:15:00+00:00' AIRFLOW_CTX_TRY_NUMBER='1' AIRFLOW_CTX_DAG_RUN_ID='scheduled__2024-06-25T06:15:00+00:00'
[2024-07-11T07:34:00.506+0000] {taskinstance.py:430} INFO - ::endgroup::
[2024-07-11T07:34:00.519+0000] {python.py:237} INFO - Done. Returned value was:       Symbol  ...  Close_Date
0       ADBL  ...  2024-07-10
1    ADBLD83  ...  2024-07-10
2        AHL  ...  2024-07-10
3       AHPC  ...  2024-07-10
4      AKJCL  ...  2024-07-10
..       ...  ...         ...
316     USHL  ...  2024-07-10
317     USLB  ...  2024-07-10
318     VLBS  ...  2024-07-10
319    VLUCL  ...  2024-07-10
320     WNLB  ...  2024-07-10

[321 rows x 15 columns]
[2024-07-11T07:34:00.534+0000] {taskinstance.py:441} INFO - ::group::Post task execution logs
[2024-07-11T07:34:00.606+0000] {taskinstance.py:1206} INFO - Marking task as SUCCESS. dag_id=market_etl, task_id=flatten_market_data, run_id=scheduled__2024-06-25T06:15:00+00:00, execution_date=20240625T061500, start_date=20240711T073400, end_date=20240711T073400
[2024-07-11T07:34:00.624+0000] {local_task_job_runner.py:240} INFO - Task exited with return code 0
[2024-07-11T07:34:00.650+0000] {taskinstance.py:3503} INFO - 3 downstream tasks scheduled from follow-on schedule check
[2024-07-11T07:34:00.651+0000] {local_task_job_runner.py:222} INFO - ::endgroup::
