[2024-07-10T09:13:51.570+0000] {local_task_job_runner.py:120} INFO - ::group::Pre task execution logs
[2024-07-10T09:13:51.655+0000] {taskinstance.py:2076} INFO - Dependencies all met for dep_context=non-requeueable deps ti=<TaskInstance: market_etl.get_business_date scheduled__2024-06-27T06:15:00+00:00 [queued]>
[2024-07-10T09:13:51.661+0000] {taskinstance.py:2076} INFO - Dependencies all met for dep_context=requeueable deps ti=<TaskInstance: market_etl.get_business_date scheduled__2024-06-27T06:15:00+00:00 [queued]>
[2024-07-10T09:13:51.662+0000] {taskinstance.py:2306} INFO - Starting attempt 1 of 4
[2024-07-10T09:13:51.674+0000] {taskinstance.py:2330} INFO - Executing <Task(_PythonDecoratedOperator): get_business_date> on 2024-06-27 06:15:00+00:00
[2024-07-10T09:13:51.680+0000] {warnings.py:112} WARNING - /home/airflow/.local/lib/python3.12/site-packages/airflow/task/task_runner/standard_task_runner.py:61: DeprecationWarning: This process (pid=312) is multi-threaded, use of fork() may lead to deadlocks in the child.
  pid = os.fork()

[2024-07-10T09:13:51.685+0000] {standard_task_runner.py:63} INFO - Started process 319 to run task
[2024-07-10T09:13:51.685+0000] {standard_task_runner.py:90} INFO - Running: ['airflow', 'tasks', 'run', 'market_etl', 'get_business_date', 'scheduled__2024-06-27T06:15:00+00:00', '--job-id', '312', '--raw', '--subdir', 'DAGS_FOLDER/etl.py', '--cfg-path', '/tmp/tmprlx8mc3v']
[2024-07-10T09:13:51.688+0000] {standard_task_runner.py:91} INFO - Job 312: Subtask get_business_date
[2024-07-10T09:13:51.760+0000] {task_command.py:426} INFO - Running <TaskInstance: market_etl.get_business_date scheduled__2024-06-27T06:15:00+00:00 [running]> on host 514b016b59c3
[2024-07-10T09:13:52.185+0000] {taskinstance.py:2648} INFO - Exporting env vars: AIRFLOW_CTX_DAG_OWNER='airflow' AIRFLOW_CTX_DAG_ID='market_etl' AIRFLOW_CTX_TASK_ID='get_business_date' AIRFLOW_CTX_EXECUTION_DATE='2024-06-27T06:15:00+00:00' AIRFLOW_CTX_TRY_NUMBER='1' AIRFLOW_CTX_DAG_RUN_ID='scheduled__2024-06-27T06:15:00+00:00'
[2024-07-10T09:13:52.193+0000] {taskinstance.py:430} INFO - ::endgroup::
[2024-07-10T09:13:52.198+0000] {python.py:237} INFO - Done. Returned value was: 2024-07-09
[2024-07-10T09:13:52.199+0000] {taskinstance.py:441} INFO - ::group::Post task execution logs
[2024-07-10T09:13:52.250+0000] {taskinstance.py:1206} INFO - Marking task as SUCCESS. dag_id=market_etl, task_id=get_business_date, run_id=scheduled__2024-06-27T06:15:00+00:00, execution_date=20240627T061500, start_date=20240710T091351, end_date=20240710T091352
[2024-07-10T09:13:52.278+0000] {local_task_job_runner.py:240} INFO - Task exited with return code 0
[2024-07-10T09:13:52.310+0000] {taskinstance.py:3503} INFO - 1 downstream tasks scheduled from follow-on schedule check
[2024-07-10T09:13:52.312+0000] {local_task_job_runner.py:222} INFO - ::endgroup::
[2024-07-10T09:23:00.421+0000] {local_task_job_runner.py:120} INFO - ::group::Pre task execution logs
[2024-07-10T09:23:00.442+0000] {taskinstance.py:2076} INFO - Dependencies all met for dep_context=non-requeueable deps ti=<TaskInstance: market_etl.get_business_date scheduled__2024-06-27T06:15:00+00:00 [queued]>
[2024-07-10T09:23:00.451+0000] {taskinstance.py:2076} INFO - Dependencies all met for dep_context=requeueable deps ti=<TaskInstance: market_etl.get_business_date scheduled__2024-06-27T06:15:00+00:00 [queued]>
[2024-07-10T09:23:00.451+0000] {taskinstance.py:2306} INFO - Starting attempt 1 of 4
[2024-07-10T09:23:00.483+0000] {taskinstance.py:2330} INFO - Executing <Task(_PythonDecoratedOperator): get_business_date> on 2024-06-27 06:15:00+00:00
[2024-07-10T09:23:00.496+0000] {warnings.py:112} WARNING - /home/airflow/.local/lib/python3.12/site-packages/airflow/task/task_runner/standard_task_runner.py:61: DeprecationWarning: This process (pid=319) is multi-threaded, use of fork() may lead to deadlocks in the child.
  pid = os.fork()

[2024-07-10T09:23:00.498+0000] {standard_task_runner.py:63} INFO - Started process 325 to run task
[2024-07-10T09:23:00.500+0000] {standard_task_runner.py:90} INFO - Running: ['airflow', 'tasks', 'run', 'market_etl', 'get_business_date', 'scheduled__2024-06-27T06:15:00+00:00', '--job-id', '432', '--raw', '--subdir', 'DAGS_FOLDER/etl.py', '--cfg-path', '/tmp/tmp1lb4yqbo']
[2024-07-10T09:23:00.505+0000] {standard_task_runner.py:91} INFO - Job 432: Subtask get_business_date
[2024-07-10T09:23:00.581+0000] {task_command.py:426} INFO - Running <TaskInstance: market_etl.get_business_date scheduled__2024-06-27T06:15:00+00:00 [running]> on host 514b016b59c3
[2024-07-10T09:23:00.891+0000] {taskinstance.py:2648} INFO - Exporting env vars: AIRFLOW_CTX_DAG_OWNER='airflow' AIRFLOW_CTX_DAG_ID='market_etl' AIRFLOW_CTX_TASK_ID='get_business_date' AIRFLOW_CTX_EXECUTION_DATE='2024-06-27T06:15:00+00:00' AIRFLOW_CTX_TRY_NUMBER='1' AIRFLOW_CTX_DAG_RUN_ID='scheduled__2024-06-27T06:15:00+00:00'
[2024-07-10T09:23:00.894+0000] {taskinstance.py:430} INFO - ::endgroup::
[2024-07-10T09:23:00.899+0000] {python.py:237} INFO - Done. Returned value was: 2024-07-09
[2024-07-10T09:23:00.900+0000] {taskinstance.py:441} INFO - ::group::Post task execution logs
[2024-07-10T09:23:00.938+0000] {taskinstance.py:1206} INFO - Marking task as SUCCESS. dag_id=market_etl, task_id=get_business_date, run_id=scheduled__2024-06-27T06:15:00+00:00, execution_date=20240627T061500, start_date=20240710T092300, end_date=20240710T092300
[2024-07-10T09:23:01.011+0000] {local_task_job_runner.py:240} INFO - Task exited with return code 0
[2024-07-10T09:23:01.041+0000] {local_task_job_runner.py:222} INFO - ::endgroup::
[2024-07-10T09:31:20.160+0000] {local_task_job_runner.py:120} INFO - ::group::Pre task execution logs
[2024-07-10T09:31:20.214+0000] {taskinstance.py:2076} INFO - Dependencies all met for dep_context=non-requeueable deps ti=<TaskInstance: market_etl.get_business_date scheduled__2024-06-27T06:15:00+00:00 [queued]>
[2024-07-10T09:31:20.223+0000] {taskinstance.py:2076} INFO - Dependencies all met for dep_context=requeueable deps ti=<TaskInstance: market_etl.get_business_date scheduled__2024-06-27T06:15:00+00:00 [queued]>
[2024-07-10T09:31:20.223+0000] {taskinstance.py:2306} INFO - Starting attempt 1 of 4
[2024-07-10T09:31:20.249+0000] {taskinstance.py:2330} INFO - Executing <Task(_PythonDecoratedOperator): get_business_date> on 2024-06-27 06:15:00+00:00
[2024-07-10T09:31:20.284+0000] {warnings.py:112} WARNING - /home/airflow/.local/lib/python3.12/site-packages/airflow/task/task_runner/standard_task_runner.py:61: DeprecationWarning: This process (pid=311) is multi-threaded, use of fork() may lead to deadlocks in the child.
  pid = os.fork()

[2024-07-10T09:31:20.291+0000] {standard_task_runner.py:63} INFO - Started process 318 to run task
[2024-07-10T09:31:20.285+0000] {standard_task_runner.py:90} INFO - Running: ['airflow', 'tasks', 'run', 'market_etl', 'get_business_date', 'scheduled__2024-06-27T06:15:00+00:00', '--job-id', '503', '--raw', '--subdir', 'DAGS_FOLDER/etl.py', '--cfg-path', '/tmp/tmpkbbkv32v']
[2024-07-10T09:31:20.297+0000] {standard_task_runner.py:91} INFO - Job 503: Subtask get_business_date
[2024-07-10T09:31:20.518+0000] {task_command.py:426} INFO - Running <TaskInstance: market_etl.get_business_date scheduled__2024-06-27T06:15:00+00:00 [running]> on host 514b016b59c3
[2024-07-10T09:31:20.887+0000] {taskinstance.py:2648} INFO - Exporting env vars: AIRFLOW_CTX_DAG_OWNER='airflow' AIRFLOW_CTX_DAG_ID='market_etl' AIRFLOW_CTX_TASK_ID='get_business_date' AIRFLOW_CTX_EXECUTION_DATE='2024-06-27T06:15:00+00:00' AIRFLOW_CTX_TRY_NUMBER='1' AIRFLOW_CTX_DAG_RUN_ID='scheduled__2024-06-27T06:15:00+00:00'
[2024-07-10T09:31:20.889+0000] {taskinstance.py:430} INFO - ::endgroup::
[2024-07-10T09:31:20.892+0000] {python.py:237} INFO - Done. Returned value was: 2024-07-09
[2024-07-10T09:31:20.893+0000] {taskinstance.py:441} INFO - ::group::Post task execution logs
[2024-07-10T09:31:20.925+0000] {taskinstance.py:1206} INFO - Marking task as SUCCESS. dag_id=market_etl, task_id=get_business_date, run_id=scheduled__2024-06-27T06:15:00+00:00, execution_date=20240627T061500, start_date=20240710T093120, end_date=20240710T093120
[2024-07-10T09:31:20.970+0000] {local_task_job_runner.py:240} INFO - Task exited with return code 0
[2024-07-10T09:31:20.991+0000] {local_task_job_runner.py:222} INFO - ::endgroup::
[2024-07-10T09:52:41.584+0000] {local_task_job_runner.py:120} INFO - ::group::Pre task execution logs
[2024-07-10T09:52:41.599+0000] {taskinstance.py:2076} INFO - Dependencies all met for dep_context=non-requeueable deps ti=<TaskInstance: market_etl.get_business_date scheduled__2024-06-27T06:15:00+00:00 [queued]>
[2024-07-10T09:52:41.624+0000] {taskinstance.py:2076} INFO - Dependencies all met for dep_context=requeueable deps ti=<TaskInstance: market_etl.get_business_date scheduled__2024-06-27T06:15:00+00:00 [queued]>
[2024-07-10T09:52:41.625+0000] {taskinstance.py:2306} INFO - Starting attempt 1 of 4
[2024-07-10T09:52:41.642+0000] {taskinstance.py:2330} INFO - Executing <Task(_PythonDecoratedOperator): get_business_date> on 2024-06-27 06:15:00+00:00
[2024-07-10T09:52:41.652+0000] {warnings.py:112} WARNING - /home/airflow/.local/lib/python3.12/site-packages/airflow/task/task_runner/standard_task_runner.py:61: DeprecationWarning: This process (pid=309) is multi-threaded, use of fork() may lead to deadlocks in the child.
  pid = os.fork()

[2024-07-10T09:52:41.654+0000] {standard_task_runner.py:63} INFO - Started process 315 to run task
[2024-07-10T09:52:41.654+0000] {standard_task_runner.py:90} INFO - Running: ['airflow', 'tasks', 'run', 'market_etl', 'get_business_date', 'scheduled__2024-06-27T06:15:00+00:00', '--job-id', '558', '--raw', '--subdir', 'DAGS_FOLDER/etl.py', '--cfg-path', '/tmp/tmpeg57v5kv']
[2024-07-10T09:52:41.657+0000] {standard_task_runner.py:91} INFO - Job 558: Subtask get_business_date
[2024-07-10T09:52:41.712+0000] {task_command.py:426} INFO - Running <TaskInstance: market_etl.get_business_date scheduled__2024-06-27T06:15:00+00:00 [running]> on host 514b016b59c3
[2024-07-10T09:52:41.910+0000] {taskinstance.py:2648} INFO - Exporting env vars: AIRFLOW_CTX_DAG_OWNER='airflow' AIRFLOW_CTX_DAG_ID='market_etl' AIRFLOW_CTX_TASK_ID='get_business_date' AIRFLOW_CTX_EXECUTION_DATE='2024-06-27T06:15:00+00:00' AIRFLOW_CTX_TRY_NUMBER='1' AIRFLOW_CTX_DAG_RUN_ID='scheduled__2024-06-27T06:15:00+00:00'
[2024-07-10T09:52:41.911+0000] {taskinstance.py:430} INFO - ::endgroup::
[2024-07-10T09:52:41.912+0000] {python.py:237} INFO - Done. Returned value was: 2024-07-09
[2024-07-10T09:52:41.912+0000] {taskinstance.py:441} INFO - ::group::Post task execution logs
[2024-07-10T09:52:41.951+0000] {taskinstance.py:1206} INFO - Marking task as SUCCESS. dag_id=market_etl, task_id=get_business_date, run_id=scheduled__2024-06-27T06:15:00+00:00, execution_date=20240627T061500, start_date=20240710T095241, end_date=20240710T095241
[2024-07-10T09:52:41.998+0000] {local_task_job_runner.py:240} INFO - Task exited with return code 0
[2024-07-10T09:52:42.010+0000] {local_task_job_runner.py:222} INFO - ::endgroup::
[2024-07-10T10:02:38.686+0000] {local_task_job_runner.py:120} INFO - ::group::Pre task execution logs
[2024-07-10T10:02:38.925+0000] {taskinstance.py:2076} INFO - Dependencies all met for dep_context=non-requeueable deps ti=<TaskInstance: market_etl.get_business_date scheduled__2024-06-27T06:15:00+00:00 [queued]>
[2024-07-10T10:02:38.984+0000] {taskinstance.py:2076} INFO - Dependencies all met for dep_context=requeueable deps ti=<TaskInstance: market_etl.get_business_date scheduled__2024-06-27T06:15:00+00:00 [queued]>
[2024-07-10T10:02:38.990+0000] {taskinstance.py:2306} INFO - Starting attempt 1 of 4
[2024-07-10T10:02:39.145+0000] {taskinstance.py:2330} INFO - Executing <Task(_PythonDecoratedOperator): get_business_date> on 2024-06-27 06:15:00+00:00
[2024-07-10T10:02:39.206+0000] {warnings.py:112} WARNING - /home/airflow/.local/lib/python3.12/site-packages/airflow/task/task_runner/standard_task_runner.py:61: DeprecationWarning: This process (pid=317) is multi-threaded, use of fork() may lead to deadlocks in the child.
  pid = os.fork()

[2024-07-10T10:02:39.212+0000] {standard_task_runner.py:63} INFO - Started process 323 to run task
[2024-07-10T10:02:39.211+0000] {standard_task_runner.py:90} INFO - Running: ['airflow', 'tasks', 'run', 'market_etl', 'get_business_date', 'scheduled__2024-06-27T06:15:00+00:00', '--job-id', '645', '--raw', '--subdir', 'DAGS_FOLDER/etl.py', '--cfg-path', '/tmp/tmpie6_kanp']
[2024-07-10T10:02:39.218+0000] {standard_task_runner.py:91} INFO - Job 645: Subtask get_business_date
[2024-07-10T10:02:39.381+0000] {task_command.py:426} INFO - Running <TaskInstance: market_etl.get_business_date scheduled__2024-06-27T06:15:00+00:00 [running]> on host 514b016b59c3
[2024-07-10T10:02:39.669+0000] {taskinstance.py:2648} INFO - Exporting env vars: AIRFLOW_CTX_DAG_OWNER='airflow' AIRFLOW_CTX_DAG_ID='market_etl' AIRFLOW_CTX_TASK_ID='get_business_date' AIRFLOW_CTX_EXECUTION_DATE='2024-06-27T06:15:00+00:00' AIRFLOW_CTX_TRY_NUMBER='1' AIRFLOW_CTX_DAG_RUN_ID='scheduled__2024-06-27T06:15:00+00:00'
[2024-07-10T10:02:39.672+0000] {taskinstance.py:430} INFO - ::endgroup::
[2024-07-10T10:02:39.673+0000] {python.py:237} INFO - Done. Returned value was: 2024-07-09
[2024-07-10T10:02:39.674+0000] {taskinstance.py:441} INFO - ::group::Post task execution logs
[2024-07-10T10:02:39.728+0000] {taskinstance.py:1206} INFO - Marking task as SUCCESS. dag_id=market_etl, task_id=get_business_date, run_id=scheduled__2024-06-27T06:15:00+00:00, execution_date=20240627T061500, start_date=20240710T100238, end_date=20240710T100239
[2024-07-10T10:02:39.772+0000] {local_task_job_runner.py:240} INFO - Task exited with return code 0
[2024-07-10T10:02:39.827+0000] {taskinstance.py:3503} INFO - 2 downstream tasks scheduled from follow-on schedule check
[2024-07-10T10:02:39.829+0000] {local_task_job_runner.py:222} INFO - ::endgroup::
[2024-07-10T11:02:18.401+0000] {local_task_job_runner.py:120} INFO - ::group::Pre task execution logs
[2024-07-10T11:02:18.420+0000] {taskinstance.py:2076} INFO - Dependencies all met for dep_context=non-requeueable deps ti=<TaskInstance: market_etl.get_business_date scheduled__2024-06-27T06:15:00+00:00 [queued]>
[2024-07-10T11:02:18.427+0000] {taskinstance.py:2076} INFO - Dependencies all met for dep_context=requeueable deps ti=<TaskInstance: market_etl.get_business_date scheduled__2024-06-27T06:15:00+00:00 [queued]>
[2024-07-10T11:02:18.427+0000] {taskinstance.py:2306} INFO - Starting attempt 1 of 4
[2024-07-10T11:02:18.448+0000] {taskinstance.py:2330} INFO - Executing <Task(_PythonDecoratedOperator): get_business_date> on 2024-06-27 06:15:00+00:00
[2024-07-10T11:02:18.460+0000] {warnings.py:112} WARNING - /home/airflow/.local/lib/python3.12/site-packages/airflow/task/task_runner/standard_task_runner.py:61: DeprecationWarning: This process (pid=347) is multi-threaded, use of fork() may lead to deadlocks in the child.
  pid = os.fork()

[2024-07-10T11:02:18.462+0000] {standard_task_runner.py:63} INFO - Started process 354 to run task
[2024-07-10T11:02:18.462+0000] {standard_task_runner.py:90} INFO - Running: ['airflow', 'tasks', 'run', 'market_etl', 'get_business_date', 'scheduled__2024-06-27T06:15:00+00:00', '--job-id', '711', '--raw', '--subdir', 'DAGS_FOLDER/etl.py', '--cfg-path', '/tmp/tmpf79ukcbe']
[2024-07-10T11:02:18.468+0000] {standard_task_runner.py:91} INFO - Job 711: Subtask get_business_date
[2024-07-10T11:02:18.566+0000] {task_command.py:426} INFO - Running <TaskInstance: market_etl.get_business_date scheduled__2024-06-27T06:15:00+00:00 [running]> on host 514b016b59c3
[2024-07-10T11:02:18.815+0000] {taskinstance.py:2648} INFO - Exporting env vars: AIRFLOW_CTX_DAG_OWNER='airflow' AIRFLOW_CTX_DAG_ID='market_etl' AIRFLOW_CTX_TASK_ID='get_business_date' AIRFLOW_CTX_EXECUTION_DATE='2024-06-27T06:15:00+00:00' AIRFLOW_CTX_TRY_NUMBER='1' AIRFLOW_CTX_DAG_RUN_ID='scheduled__2024-06-27T06:15:00+00:00'
[2024-07-10T11:02:18.817+0000] {taskinstance.py:430} INFO - ::endgroup::
[2024-07-10T11:02:18.820+0000] {python.py:237} INFO - Done. Returned value was: 2024-07-09
[2024-07-10T11:02:18.821+0000] {taskinstance.py:441} INFO - ::group::Post task execution logs
[2024-07-10T11:02:18.851+0000] {taskinstance.py:1206} INFO - Marking task as SUCCESS. dag_id=market_etl, task_id=get_business_date, run_id=scheduled__2024-06-27T06:15:00+00:00, execution_date=20240627T061500, start_date=20240710T110218, end_date=20240710T110218
[2024-07-10T11:02:18.888+0000] {local_task_job_runner.py:240} INFO - Task exited with return code 0
[2024-07-10T11:02:18.934+0000] {taskinstance.py:3503} INFO - 2 downstream tasks scheduled from follow-on schedule check
[2024-07-10T11:02:18.937+0000] {local_task_job_runner.py:222} INFO - ::endgroup::
[2024-07-11T06:59:28.831+0000] {local_task_job_runner.py:120} INFO - ::group::Pre task execution logs
[2024-07-11T06:59:28.845+0000] {taskinstance.py:2076} INFO - Dependencies all met for dep_context=non-requeueable deps ti=<TaskInstance: market_etl.get_business_date scheduled__2024-06-27T06:15:00+00:00 [queued]>
[2024-07-11T06:59:28.852+0000] {taskinstance.py:2076} INFO - Dependencies all met for dep_context=requeueable deps ti=<TaskInstance: market_etl.get_business_date scheduled__2024-06-27T06:15:00+00:00 [queued]>
[2024-07-11T06:59:28.853+0000] {taskinstance.py:2306} INFO - Starting attempt 1 of 4
[2024-07-11T06:59:28.861+0000] {taskinstance.py:2330} INFO - Executing <Task(_PythonDecoratedOperator): get_business_date> on 2024-06-27 06:15:00+00:00
[2024-07-11T06:59:28.868+0000] {warnings.py:112} WARNING - /home/airflow/.local/lib/python3.12/site-packages/airflow/task/task_runner/standard_task_runner.py:61: DeprecationWarning: This process (pid=352) is multi-threaded, use of fork() may lead to deadlocks in the child.
  pid = os.fork()

[2024-07-11T06:59:28.869+0000] {standard_task_runner.py:63} INFO - Started process 356 to run task
[2024-07-11T06:59:28.870+0000] {standard_task_runner.py:90} INFO - Running: ['airflow', 'tasks', 'run', 'market_etl', 'get_business_date', 'scheduled__2024-06-27T06:15:00+00:00', '--job-id', '938', '--raw', '--subdir', 'DAGS_FOLDER/etl.py', '--cfg-path', '/tmp/tmpxovd44j7']
[2024-07-11T06:59:28.872+0000] {standard_task_runner.py:91} INFO - Job 938: Subtask get_business_date
[2024-07-11T06:59:28.941+0000] {task_command.py:426} INFO - Running <TaskInstance: market_etl.get_business_date scheduled__2024-06-27T06:15:00+00:00 [running]> on host aa283b53dd54
[2024-07-11T06:59:29.228+0000] {taskinstance.py:2648} INFO - Exporting env vars: AIRFLOW_CTX_DAG_OWNER='airflow' AIRFLOW_CTX_DAG_ID='market_etl' AIRFLOW_CTX_TASK_ID='get_business_date' AIRFLOW_CTX_EXECUTION_DATE='2024-06-27T06:15:00+00:00' AIRFLOW_CTX_TRY_NUMBER='1' AIRFLOW_CTX_DAG_RUN_ID='scheduled__2024-06-27T06:15:00+00:00'
[2024-07-11T06:59:29.230+0000] {taskinstance.py:430} INFO - ::endgroup::
[2024-07-11T06:59:29.231+0000] {python.py:237} INFO - Done. Returned value was: 2024-07-10
[2024-07-11T06:59:29.232+0000] {taskinstance.py:441} INFO - ::group::Post task execution logs
[2024-07-11T06:59:29.256+0000] {taskinstance.py:1206} INFO - Marking task as SUCCESS. dag_id=market_etl, task_id=get_business_date, run_id=scheduled__2024-06-27T06:15:00+00:00, execution_date=20240627T061500, start_date=20240711T065928, end_date=20240711T065929
[2024-07-11T06:59:29.298+0000] {local_task_job_runner.py:240} INFO - Task exited with return code 0
[2024-07-11T06:59:29.335+0000] {taskinstance.py:3503} INFO - 2 downstream tasks scheduled from follow-on schedule check
[2024-07-11T06:59:29.337+0000] {local_task_job_runner.py:222} INFO - ::endgroup::
[2024-07-11T08:14:45.045+0000] {local_task_job_runner.py:120} INFO - ::group::Pre task execution logs
[2024-07-11T08:14:45.088+0000] {taskinstance.py:2076} INFO - Dependencies all met for dep_context=non-requeueable deps ti=<TaskInstance: market_etl.get_business_date scheduled__2024-06-27T06:15:00+00:00 [queued]>
[2024-07-11T08:14:45.127+0000] {taskinstance.py:2076} INFO - Dependencies all met for dep_context=requeueable deps ti=<TaskInstance: market_etl.get_business_date scheduled__2024-06-27T06:15:00+00:00 [queued]>
[2024-07-11T08:14:45.128+0000] {taskinstance.py:2306} INFO - Starting attempt 1 of 4
[2024-07-11T08:14:45.151+0000] {taskinstance.py:2330} INFO - Executing <Task(_PythonDecoratedOperator): get_business_date> on 2024-06-27 06:15:00+00:00
[2024-07-11T08:14:45.170+0000] {warnings.py:112} WARNING - /home/airflow/.local/lib/python3.12/site-packages/airflow/task/task_runner/standard_task_runner.py:61: DeprecationWarning: This process (pid=1496) is multi-threaded, use of fork() may lead to deadlocks in the child.
  pid = os.fork()

[2024-07-11T08:14:45.186+0000] {standard_task_runner.py:63} INFO - Started process 1502 to run task
[2024-07-11T08:14:45.186+0000] {standard_task_runner.py:90} INFO - Running: ['airflow', 'tasks', 'run', 'market_etl', 'get_business_date', 'scheduled__2024-06-27T06:15:00+00:00', '--job-id', '1076', '--raw', '--subdir', 'DAGS_FOLDER/etl.py', '--cfg-path', '/tmp/tmpaq9hime_']
[2024-07-11T08:14:45.192+0000] {standard_task_runner.py:91} INFO - Job 1076: Subtask get_business_date
[2024-07-11T08:14:45.363+0000] {task_command.py:426} INFO - Running <TaskInstance: market_etl.get_business_date scheduled__2024-06-27T06:15:00+00:00 [running]> on host aa283b53dd54
[2024-07-11T08:14:45.810+0000] {taskinstance.py:2648} INFO - Exporting env vars: AIRFLOW_CTX_DAG_OWNER='airflow' AIRFLOW_CTX_DAG_ID='market_etl' AIRFLOW_CTX_TASK_ID='get_business_date' AIRFLOW_CTX_EXECUTION_DATE='2024-06-27T06:15:00+00:00' AIRFLOW_CTX_TRY_NUMBER='1' AIRFLOW_CTX_DAG_RUN_ID='scheduled__2024-06-27T06:15:00+00:00'
[2024-07-11T08:14:45.814+0000] {taskinstance.py:430} INFO - ::endgroup::
[2024-07-11T08:14:45.815+0000] {python.py:237} INFO - Done. Returned value was: 2024-07-10
[2024-07-11T08:14:45.816+0000] {taskinstance.py:441} INFO - ::group::Post task execution logs
[2024-07-11T08:14:46.016+0000] {taskinstance.py:1206} INFO - Marking task as SUCCESS. dag_id=market_etl, task_id=get_business_date, run_id=scheduled__2024-06-27T06:15:00+00:00, execution_date=20240627T061500, start_date=20240711T081445, end_date=20240711T081446
[2024-07-11T08:14:46.085+0000] {local_task_job_runner.py:240} INFO - Task exited with return code 0
[2024-07-11T08:14:46.154+0000] {local_task_job_runner.py:222} INFO - ::endgroup::
