[2024-07-11T08:19:03.119+0000] {local_task_job_runner.py:120} INFO - ::group::Pre task execution logs
[2024-07-11T08:19:03.136+0000] {taskinstance.py:2076} INFO - Dependencies all met for dep_context=non-requeueable deps ti=<TaskInstance: market_etl.upload_to_s3__2 scheduled__2024-06-30T06:15:00+00:00 [queued]>
[2024-07-11T08:19:03.144+0000] {taskinstance.py:2076} INFO - Dependencies all met for dep_context=requeueable deps ti=<TaskInstance: market_etl.upload_to_s3__2 scheduled__2024-06-30T06:15:00+00:00 [queued]>
[2024-07-11T08:19:03.144+0000] {taskinstance.py:2306} INFO - Starting attempt 1 of 4
[2024-07-11T08:19:03.157+0000] {taskinstance.py:2330} INFO - Executing <Task(_PythonDecoratedOperator): upload_to_s3__2> on 2024-06-30 06:15:00+00:00
[2024-07-11T08:19:03.173+0000] {warnings.py:112} WARNING - /home/airflow/.local/lib/python3.12/site-packages/airflow/task/task_runner/standard_task_runner.py:61: DeprecationWarning: This process (pid=547) is multi-threaded, use of fork() may lead to deadlocks in the child.
  pid = os.fork()

[2024-07-11T08:19:03.179+0000] {standard_task_runner.py:63} INFO - Started process 556 to run task
[2024-07-11T08:19:03.179+0000] {standard_task_runner.py:90} INFO - Running: ['airflow', 'tasks', 'run', 'market_etl', 'upload_to_s3__2', 'scheduled__2024-06-30T06:15:00+00:00', '--job-id', '1131', '--raw', '--subdir', 'DAGS_FOLDER/etl.py', '--cfg-path', '/tmp/tmp6cjd3dgb']
[2024-07-11T08:19:03.186+0000] {standard_task_runner.py:91} INFO - Job 1131: Subtask upload_to_s3__2
[2024-07-11T08:19:03.247+0000] {task_command.py:426} INFO - Running <TaskInstance: market_etl.upload_to_s3__2 scheduled__2024-06-30T06:15:00+00:00 [running]> on host aa283b53dd54
[2024-07-11T08:19:03.439+0000] {taskinstance.py:2648} INFO - Exporting env vars: AIRFLOW_CTX_DAG_OWNER='airflow' AIRFLOW_CTX_DAG_ID='market_etl' AIRFLOW_CTX_TASK_ID='upload_to_s3__2' AIRFLOW_CTX_EXECUTION_DATE='2024-06-30T06:15:00+00:00' AIRFLOW_CTX_TRY_NUMBER='1' AIRFLOW_CTX_DAG_RUN_ID='scheduled__2024-06-30T06:15:00+00:00'
[2024-07-11T08:19:03.443+0000] {taskinstance.py:430} INFO - ::endgroup::
[2024-07-11T08:19:03.460+0000] {base.py:84} INFO - Using connection ID 'aws_default' for task execution.
[2024-07-11T08:19:03.460+0000] {connection_wrapper.py:384} INFO - AWS Connection (conn_id='aws_default', conn_type='aws') credentials retrieved from login and password.
[2024-07-11T08:19:03.461+0000] {connection_wrapper.py:401} INFO - AWS Connection (conn_id='aws_default', conn_type='aws') session token retrieved from extra, please note you are responsible for renewing these.
[2024-07-11T08:19:05.330+0000] {python.py:237} INFO - Done. Returned value was: nepse_date_dimension_2024-06-30.csv
[2024-07-11T08:19:05.333+0000] {taskinstance.py:441} INFO - ::group::Post task execution logs
[2024-07-11T08:19:05.395+0000] {taskinstance.py:1206} INFO - Marking task as SUCCESS. dag_id=market_etl, task_id=upload_to_s3__2, run_id=scheduled__2024-06-30T06:15:00+00:00, execution_date=20240630T061500, start_date=20240711T081903, end_date=20240711T081905
[2024-07-11T08:19:05.454+0000] {local_task_job_runner.py:240} INFO - Task exited with return code 0
[2024-07-11T08:19:05.497+0000] {taskinstance.py:3503} INFO - 0 downstream tasks scheduled from follow-on schedule check
[2024-07-11T08:19:05.498+0000] {local_task_job_runner.py:222} INFO - ::endgroup::
