[2024-07-06T12:51:56.287+0000] {local_task_job_runner.py:120} INFO - ::group::Pre task execution logs
[2024-07-06T12:51:56.294+0000] {taskinstance.py:2076} INFO - Dependencies all met for dep_context=non-requeueable deps ti=<TaskInstance: market_etl.flatten_market_data scheduled__2024-07-03T00:00:00+00:00 [queued]>
[2024-07-06T12:51:56.298+0000] {taskinstance.py:2076} INFO - Dependencies all met for dep_context=requeueable deps ti=<TaskInstance: market_etl.flatten_market_data scheduled__2024-07-03T00:00:00+00:00 [queued]>
[2024-07-06T12:51:56.298+0000] {taskinstance.py:2306} INFO - Starting attempt 1 of 4
[2024-07-06T12:51:56.322+0000] {taskinstance.py:2330} INFO - Executing <Task(_PythonDecoratedOperator): flatten_market_data> on 2024-07-03 00:00:00+00:00
[2024-07-06T12:51:56.326+0000] {warnings.py:112} WARNING - /home/***/.local/lib/python3.12/site-packages/***/task/task_runner/standard_task_runner.py:61: DeprecationWarning: This process (pid=383) is multi-threaded, use of fork() may lead to deadlocks in the child.
  pid = os.fork()

[2024-07-06T12:51:56.327+0000] {standard_task_runner.py:63} INFO - Started process 385 to run task
[2024-07-06T12:51:56.327+0000] {standard_task_runner.py:90} INFO - Running: ['***', 'tasks', 'run', 'market_etl', 'flatten_market_data', 'scheduled__2024-07-03T00:00:00+00:00', '--job-id', '33', '--raw', '--subdir', 'DAGS_FOLDER/etl.py', '--cfg-path', '/tmp/tmp7pjpnkq2']
[2024-07-06T12:51:56.329+0000] {standard_task_runner.py:91} INFO - Job 33: Subtask flatten_market_data
[2024-07-06T12:51:56.382+0000] {task_command.py:426} INFO - Running <TaskInstance: market_etl.flatten_market_data scheduled__2024-07-03T00:00:00+00:00 [running]> on host 03e268ada1a3
[2024-07-06T12:51:56.447+0000] {taskinstance.py:2648} INFO - Exporting env vars: AIRFLOW_CTX_DAG_OWNER='***' AIRFLOW_CTX_DAG_ID='market_etl' AIRFLOW_CTX_TASK_ID='flatten_market_data' AIRFLOW_CTX_EXECUTION_DATE='2024-07-03T00:00:00+00:00' AIRFLOW_CTX_TRY_NUMBER='1' AIRFLOW_CTX_DAG_RUN_ID='scheduled__2024-07-03T00:00:00+00:00'
[2024-07-06T12:51:56.448+0000] {taskinstance.py:430} INFO - ::endgroup::
[2024-07-06T12:51:56.454+0000] {python.py:237} INFO - Done. Returned value was:    Symbol  Close_Price_Rs  ...  Market_Capitalization_Rs__Amt_in_Millions  Close_Date
0    ADBL           272.9  ...                                   36709.62  2024-07-05
1     AHL           516.6  ...                                    1756.44  2024-07-05
2    AHPC           155.0  ...                                    5790.68  2024-07-05
3   AKJCL           227.7  ...                                    1821.60  2024-07-05
4    AKPL           163.0  ...                                    6350.39  2024-07-05
5   ALBSL           975.0  ...                                    6255.76  2024-07-05
6   ALICL           588.0  ...                                   19991.04  2024-07-05
7    ANLB          2400.0  ...                                    1645.72  2024-07-05
8     API           171.0  ...                                    9895.08  2024-07-05
9   AVYAN           949.9  ...                                    2374.75  2024-07-05
10  BARUN           296.9  ...                                    1590.83  2024-07-05
11    BBC          4050.0  ...                                    1990.17  2024-07-05
12   BEDC           431.0  ...                                    2344.87  2024-07-05
13    BFC           503.4  ...                                    4303.15  2024-07-05
14   BGWT           898.0  ...                                    5137.14  2024-07-05
15   BHDC           582.9  ...                                    6120.45  2024-07-05
16    BHL           360.0  ...                                    6580.69  2024-07-05
17   BHPL           620.0  ...                                    1550.00  2024-07-05
18   BNHC           640.4  ...                                    2561.60  2024-07-05

[19 rows x 15 columns]
[2024-07-06T12:51:56.479+0000] {taskinstance.py:441} INFO - ::group::Post task execution logs
[2024-07-06T12:51:56.504+0000] {taskinstance.py:1206} INFO - Marking task as SUCCESS. dag_id=market_etl, task_id=flatten_market_data, run_id=scheduled__2024-07-03T00:00:00+00:00, execution_date=20240703T000000, start_date=20240706T125156, end_date=20240706T125156
[2024-07-06T12:51:56.550+0000] {local_task_job_runner.py:240} INFO - Task exited with return code 0
[2024-07-06T12:51:56.561+0000] {taskinstance.py:3503} INFO - 1 downstream tasks scheduled from follow-on schedule check
[2024-07-06T12:51:56.562+0000] {local_task_job_runner.py:222} INFO - ::endgroup::
[2024-07-09T08:44:43.263+0000] {local_task_job_runner.py:120} INFO - ::group::Pre task execution logs
[2024-07-09T08:44:43.277+0000] {taskinstance.py:2076} INFO - Dependencies all met for dep_context=non-requeueable deps ti=<TaskInstance: market_etl.flatten_market_data scheduled__2024-07-03T00:00:00+00:00 [queued]>
[2024-07-09T08:44:43.283+0000] {taskinstance.py:2076} INFO - Dependencies all met for dep_context=requeueable deps ti=<TaskInstance: market_etl.flatten_market_data scheduled__2024-07-03T00:00:00+00:00 [queued]>
[2024-07-09T08:44:43.283+0000] {taskinstance.py:2306} INFO - Starting attempt 1 of 4
[2024-07-09T08:44:43.291+0000] {taskinstance.py:2330} INFO - Executing <Task(_PythonDecoratedOperator): flatten_market_data> on 2024-07-03 00:00:00+00:00
[2024-07-09T08:44:43.296+0000] {warnings.py:112} WARNING - /home/airflow/.local/lib/python3.12/site-packages/airflow/task/task_runner/standard_task_runner.py:61: DeprecationWarning: This process (pid=702) is multi-threaded, use of fork() may lead to deadlocks in the child.
  pid = os.fork()

[2024-07-09T08:44:43.296+0000] {standard_task_runner.py:63} INFO - Started process 704 to run task
[2024-07-09T08:44:43.297+0000] {standard_task_runner.py:90} INFO - Running: ['airflow', 'tasks', 'run', 'market_etl', 'flatten_market_data', 'scheduled__2024-07-03T00:00:00+00:00', '--job-id', '160', '--raw', '--subdir', 'DAGS_FOLDER/etl.py', '--cfg-path', '/tmp/tmp33_dilzz']
[2024-07-09T08:44:43.299+0000] {standard_task_runner.py:91} INFO - Job 160: Subtask flatten_market_data
[2024-07-09T08:44:43.351+0000] {task_command.py:426} INFO - Running <TaskInstance: market_etl.flatten_market_data scheduled__2024-07-03T00:00:00+00:00 [running]> on host 7aa01bd35230
[2024-07-09T08:44:43.460+0000] {taskinstance.py:2648} INFO - Exporting env vars: AIRFLOW_CTX_DAG_OWNER='airflow' AIRFLOW_CTX_DAG_ID='market_etl' AIRFLOW_CTX_TASK_ID='flatten_market_data' AIRFLOW_CTX_EXECUTION_DATE='2024-07-03T00:00:00+00:00' AIRFLOW_CTX_TRY_NUMBER='1' AIRFLOW_CTX_DAG_RUN_ID='scheduled__2024-07-03T00:00:00+00:00'
[2024-07-09T08:44:43.461+0000] {taskinstance.py:430} INFO - ::endgroup::
[2024-07-09T08:44:43.469+0000] {logging_mixin.py:188} INFO - Index(['Symbol', 'Close_Price_Rs', 'Open_Price_Rs', 'High_Price_Rs',
       'Low_Price_Rs', 'Total_Traded_Quantity', 'Total_Traded_Value',
       'Total_Trades', 'LTP', 'Previous_Day_Close_Price_Rs',
       'Average_Traded_Price_Rs', 'Fifty_Two_Week_High_Rs',
       'Fifty_Two_Week_Low_Rs', 'Market_Capitalization_Rs__Amt_in_Millions',
       'Close_Date'],
      dtype='object')
[2024-07-09T08:44:43.477+0000] {logging_mixin.py:188} INFO -     Symbol  ...  Close_Date
0     ADBL  ...  2024-07-08
1  ADBLD83  ...  2024-07-08
2      AHL  ...  2024-07-08
3     AHPC  ...  2024-07-08
4    AKJCL  ...  2024-07-08

[5 rows x 15 columns]
[2024-07-09T08:44:43.477+0000] {python.py:237} INFO - Done. Returned value was:       Symbol  ...  Close_Date
0       ADBL  ...  2024-07-08
1    ADBLD83  ...  2024-07-08
2        AHL  ...  2024-07-08
3       AHPC  ...  2024-07-08
4      AKJCL  ...  2024-07-08
..       ...  ...         ...
318     USHL  ...  2024-07-08
319     USLB  ...  2024-07-08
320     VLBS  ...  2024-07-08
321    VLUCL  ...  2024-07-08
322     WNLB  ...  2024-07-08

[323 rows x 15 columns]
[2024-07-09T08:44:43.488+0000] {taskinstance.py:441} INFO - ::group::Post task execution logs
[2024-07-09T08:44:43.556+0000] {taskinstance.py:1206} INFO - Marking task as SUCCESS. dag_id=market_etl, task_id=flatten_market_data, run_id=scheduled__2024-07-03T00:00:00+00:00, execution_date=20240703T000000, start_date=20240709T084443, end_date=20240709T084443
[2024-07-09T08:44:43.601+0000] {local_task_job_runner.py:240} INFO - Task exited with return code 0
[2024-07-09T08:44:43.674+0000] {taskinstance.py:3503} INFO - 0 downstream tasks scheduled from follow-on schedule check
[2024-07-09T08:44:43.693+0000] {local_task_job_runner.py:222} INFO - ::endgroup::
