[2024-07-10T09:18:40.373+0000] {local_task_job_runner.py:120} INFO - ::group::Pre task execution logs
[2024-07-10T09:18:40.385+0000] {taskinstance.py:2076} INFO - Dependencies all met for dep_context=non-requeueable deps ti=<TaskInstance: market_etl.get_business_date scheduled__2024-07-06T06:15:00+00:00 [queued]>
[2024-07-10T09:18:40.392+0000] {taskinstance.py:2076} INFO - Dependencies all met for dep_context=requeueable deps ti=<TaskInstance: market_etl.get_business_date scheduled__2024-07-06T06:15:00+00:00 [queued]>
[2024-07-10T09:18:40.392+0000] {taskinstance.py:2306} INFO - Starting attempt 1 of 4
[2024-07-10T09:18:40.409+0000] {taskinstance.py:2330} INFO - Executing <Task(_PythonDecoratedOperator): get_business_date> on 2024-07-06 06:15:00+00:00
[2024-07-10T09:18:40.430+0000] {warnings.py:112} WARNING - /home/airflow/.local/lib/python3.12/site-packages/airflow/task/task_runner/standard_task_runner.py:61: DeprecationWarning: This process (pid=223) is multi-threaded, use of fork() may lead to deadlocks in the child.
  pid = os.fork()

[2024-07-10T09:18:40.432+0000] {standard_task_runner.py:63} INFO - Started process 228 to run task
[2024-07-10T09:18:40.435+0000] {standard_task_runner.py:90} INFO - Running: ['airflow', 'tasks', 'run', 'market_etl', 'get_business_date', 'scheduled__2024-07-06T06:15:00+00:00', '--job-id', '383', '--raw', '--subdir', 'DAGS_FOLDER/etl.py', '--cfg-path', '/tmp/tmpf3wam9cl']
[2024-07-10T09:18:40.438+0000] {standard_task_runner.py:91} INFO - Job 383: Subtask get_business_date
[2024-07-10T09:18:40.517+0000] {task_command.py:426} INFO - Running <TaskInstance: market_etl.get_business_date scheduled__2024-07-06T06:15:00+00:00 [running]> on host 514b016b59c3
[2024-07-10T09:18:40.786+0000] {taskinstance.py:2648} INFO - Exporting env vars: AIRFLOW_CTX_DAG_OWNER='airflow' AIRFLOW_CTX_DAG_ID='market_etl' AIRFLOW_CTX_TASK_ID='get_business_date' AIRFLOW_CTX_EXECUTION_DATE='2024-07-06T06:15:00+00:00' AIRFLOW_CTX_TRY_NUMBER='1' AIRFLOW_CTX_DAG_RUN_ID='scheduled__2024-07-06T06:15:00+00:00'
[2024-07-10T09:18:40.789+0000] {taskinstance.py:430} INFO - ::endgroup::
[2024-07-10T09:18:40.790+0000] {python.py:237} INFO - Done. Returned value was: 2024-07-09
[2024-07-10T09:18:40.790+0000] {taskinstance.py:441} INFO - ::group::Post task execution logs
[2024-07-10T09:18:40.833+0000] {taskinstance.py:1206} INFO - Marking task as SUCCESS. dag_id=market_etl, task_id=get_business_date, run_id=scheduled__2024-07-06T06:15:00+00:00, execution_date=20240706T061500, start_date=20240710T091840, end_date=20240710T091840
[2024-07-10T09:18:40.860+0000] {local_task_job_runner.py:240} INFO - Task exited with return code 0
[2024-07-10T09:18:40.905+0000] {taskinstance.py:3503} INFO - 1 downstream tasks scheduled from follow-on schedule check
[2024-07-10T09:18:40.906+0000] {local_task_job_runner.py:222} INFO - ::endgroup::
[2024-07-10T14:20:22.324+0000] {local_task_job_runner.py:120} INFO - ::group::Pre task execution logs
[2024-07-10T14:20:22.346+0000] {taskinstance.py:2076} INFO - Dependencies all met for dep_context=non-requeueable deps ti=<TaskInstance: market_etl.get_business_date scheduled__2024-07-06T06:15:00+00:00 [queued]>
[2024-07-10T14:20:22.354+0000] {taskinstance.py:2076} INFO - Dependencies all met for dep_context=requeueable deps ti=<TaskInstance: market_etl.get_business_date scheduled__2024-07-06T06:15:00+00:00 [queued]>
[2024-07-10T14:20:22.354+0000] {taskinstance.py:2306} INFO - Starting attempt 1 of 4
[2024-07-10T14:20:22.367+0000] {taskinstance.py:2330} INFO - Executing <Task(_PythonDecoratedOperator): get_business_date> on 2024-07-06 06:15:00+00:00
[2024-07-10T14:20:22.371+0000] {warnings.py:112} WARNING - /home/airflow/.local/lib/python3.12/site-packages/airflow/task/task_runner/standard_task_runner.py:61: DeprecationWarning: This process (pid=294) is multi-threaded, use of fork() may lead to deadlocks in the child.
  pid = os.fork()

[2024-07-10T14:20:22.372+0000] {standard_task_runner.py:63} INFO - Started process 300 to run task
[2024-07-10T14:20:22.373+0000] {standard_task_runner.py:90} INFO - Running: ['airflow', 'tasks', 'run', 'market_etl', 'get_business_date', 'scheduled__2024-07-06T06:15:00+00:00', '--job-id', '789', '--raw', '--subdir', 'DAGS_FOLDER/etl.py', '--cfg-path', '/tmp/tmpe_1w58hy']
[2024-07-10T14:20:22.374+0000] {standard_task_runner.py:91} INFO - Job 789: Subtask get_business_date
[2024-07-10T14:20:22.436+0000] {task_command.py:426} INFO - Running <TaskInstance: market_etl.get_business_date scheduled__2024-07-06T06:15:00+00:00 [running]> on host 514b016b59c3
[2024-07-10T14:20:22.643+0000] {taskinstance.py:2648} INFO - Exporting env vars: AIRFLOW_CTX_DAG_OWNER='airflow' AIRFLOW_CTX_DAG_ID='market_etl' AIRFLOW_CTX_TASK_ID='get_business_date' AIRFLOW_CTX_EXECUTION_DATE='2024-07-06T06:15:00+00:00' AIRFLOW_CTX_TRY_NUMBER='1' AIRFLOW_CTX_DAG_RUN_ID='scheduled__2024-07-06T06:15:00+00:00'
[2024-07-10T14:20:22.644+0000] {taskinstance.py:430} INFO - ::endgroup::
[2024-07-10T14:20:22.645+0000] {python.py:237} INFO - Done. Returned value was: 2024-07-09
[2024-07-10T14:20:22.645+0000] {taskinstance.py:441} INFO - ::group::Post task execution logs
[2024-07-10T14:20:22.664+0000] {taskinstance.py:1206} INFO - Marking task as SUCCESS. dag_id=market_etl, task_id=get_business_date, run_id=scheduled__2024-07-06T06:15:00+00:00, execution_date=20240706T061500, start_date=20240710T142022, end_date=20240710T142022
[2024-07-10T14:20:22.718+0000] {local_task_job_runner.py:240} INFO - Task exited with return code 0
[2024-07-10T14:20:22.744+0000] {taskinstance.py:3503} INFO - 2 downstream tasks scheduled from follow-on schedule check
[2024-07-10T14:20:22.745+0000] {local_task_job_runner.py:222} INFO - ::endgroup::
[2024-07-11T08:21:58.969+0000] {local_task_job_runner.py:120} INFO - ::group::Pre task execution logs
[2024-07-11T08:21:59.018+0000] {taskinstance.py:2076} INFO - Dependencies all met for dep_context=non-requeueable deps ti=<TaskInstance: market_etl.get_business_date scheduled__2024-07-06T06:15:00+00:00 [queued]>
[2024-07-11T08:21:59.028+0000] {taskinstance.py:2076} INFO - Dependencies all met for dep_context=requeueable deps ti=<TaskInstance: market_etl.get_business_date scheduled__2024-07-06T06:15:00+00:00 [queued]>
[2024-07-11T08:21:59.029+0000] {taskinstance.py:2306} INFO - Starting attempt 1 of 4
[2024-07-11T08:21:59.053+0000] {taskinstance.py:2330} INFO - Executing <Task(_PythonDecoratedOperator): get_business_date> on 2024-07-06 06:15:00+00:00
[2024-07-11T08:21:59.070+0000] {warnings.py:112} WARNING - /home/airflow/.local/lib/python3.12/site-packages/airflow/task/task_runner/standard_task_runner.py:61: DeprecationWarning: This process (pid=1302) is multi-threaded, use of fork() may lead to deadlocks in the child.
  pid = os.fork()

[2024-07-11T08:21:59.072+0000] {standard_task_runner.py:63} INFO - Started process 1310 to run task
[2024-07-11T08:21:59.073+0000] {standard_task_runner.py:90} INFO - Running: ['airflow', 'tasks', 'run', 'market_etl', 'get_business_date', 'scheduled__2024-07-06T06:15:00+00:00', '--job-id', '1196', '--raw', '--subdir', 'DAGS_FOLDER/etl.py', '--cfg-path', '/tmp/tmpq2mf1lno']
[2024-07-11T08:21:59.078+0000] {standard_task_runner.py:91} INFO - Job 1196: Subtask get_business_date
[2024-07-11T08:21:59.195+0000] {task_command.py:426} INFO - Running <TaskInstance: market_etl.get_business_date scheduled__2024-07-06T06:15:00+00:00 [running]> on host aa283b53dd54
[2024-07-11T08:21:59.423+0000] {taskinstance.py:2648} INFO - Exporting env vars: AIRFLOW_CTX_DAG_OWNER='airflow' AIRFLOW_CTX_DAG_ID='market_etl' AIRFLOW_CTX_TASK_ID='get_business_date' AIRFLOW_CTX_EXECUTION_DATE='2024-07-06T06:15:00+00:00' AIRFLOW_CTX_TRY_NUMBER='1' AIRFLOW_CTX_DAG_RUN_ID='scheduled__2024-07-06T06:15:00+00:00'
[2024-07-11T08:21:59.425+0000] {taskinstance.py:430} INFO - ::endgroup::
[2024-07-11T08:21:59.426+0000] {python.py:237} INFO - Done. Returned value was: 2024-07-10
[2024-07-11T08:21:59.427+0000] {taskinstance.py:441} INFO - ::group::Post task execution logs
[2024-07-11T08:21:59.450+0000] {taskinstance.py:1206} INFO - Marking task as SUCCESS. dag_id=market_etl, task_id=get_business_date, run_id=scheduled__2024-07-06T06:15:00+00:00, execution_date=20240706T061500, start_date=20240711T082159, end_date=20240711T082159
[2024-07-11T08:21:59.500+0000] {local_task_job_runner.py:240} INFO - Task exited with return code 0
[2024-07-11T08:21:59.556+0000] {taskinstance.py:3503} INFO - 2 downstream tasks scheduled from follow-on schedule check
[2024-07-11T08:21:59.558+0000] {local_task_job_runner.py:222} INFO - ::endgroup::
