[2024-07-09T09:24:08.429+0000] {local_task_job_runner.py:120} INFO - ::group::Pre task execution logs
[2024-07-09T09:24:08.483+0000] {taskinstance.py:2076} INFO - Dependencies all met for dep_context=non-requeueable deps ti=<TaskInstance: market_etl.create_price_dimension scheduled__2024-07-08T06:15:00+00:00 [queued]>
[2024-07-09T09:24:08.509+0000] {taskinstance.py:2076} INFO - Dependencies all met for dep_context=requeueable deps ti=<TaskInstance: market_etl.create_price_dimension scheduled__2024-07-08T06:15:00+00:00 [queued]>
[2024-07-09T09:24:08.516+0000] {taskinstance.py:2306} INFO - Starting attempt 1 of 4
[2024-07-09T09:24:08.547+0000] {taskinstance.py:2330} INFO - Executing <Task(_PythonDecoratedOperator): create_price_dimension> on 2024-07-08 06:15:00+00:00
[2024-07-09T09:24:08.556+0000] {warnings.py:112} WARNING - /home/airflow/.local/lib/python3.12/site-packages/airflow/task/task_runner/standard_task_runner.py:61: DeprecationWarning: This process (pid=190) is multi-threaded, use of fork() may lead to deadlocks in the child.
  pid = os.fork()

[2024-07-09T09:24:08.561+0000] {standard_task_runner.py:63} INFO - Started process 200 to run task
[2024-07-09T09:24:08.559+0000] {standard_task_runner.py:90} INFO - Running: ['airflow', 'tasks', 'run', 'market_etl', 'create_price_dimension', 'scheduled__2024-07-08T06:15:00+00:00', '--job-id', '215', '--raw', '--subdir', 'DAGS_FOLDER/etl.py', '--cfg-path', '/tmp/tmpzzgx1sgc']
[2024-07-09T09:24:08.564+0000] {standard_task_runner.py:91} INFO - Job 215: Subtask create_price_dimension
[2024-07-09T09:24:08.643+0000] {task_command.py:426} INFO - Running <TaskInstance: market_etl.create_price_dimension scheduled__2024-07-08T06:15:00+00:00 [running]> on host 7aa01bd35230
[2024-07-09T09:24:09.018+0000] {taskinstance.py:2648} INFO - Exporting env vars: AIRFLOW_CTX_DAG_OWNER='airflow' AIRFLOW_CTX_DAG_ID='market_etl' AIRFLOW_CTX_TASK_ID='create_price_dimension' AIRFLOW_CTX_EXECUTION_DATE='2024-07-08T06:15:00+00:00' AIRFLOW_CTX_TRY_NUMBER='1' AIRFLOW_CTX_DAG_RUN_ID='scheduled__2024-07-08T06:15:00+00:00'
[2024-07-09T09:24:09.022+0000] {taskinstance.py:430} INFO - ::endgroup::
[2024-07-09T09:24:09.043+0000] {python.py:237} INFO - Done. Returned value was:     SECURITY_ID  OPEN_PRICE  ...  Close_Date                     PRICE_ID
0          ADBL       282.0  ...  2024-07-08     ADBL_2024-07-08 00:00:00
1       ADBLD83      1138.5  ...  2024-07-08  ADBLD83_2024-07-08 00:00:00
2           AHL       527.3  ...  2024-07-08      AHL_2024-07-08 00:00:00
3          AHPC       159.0  ...  2024-07-08     AHPC_2024-07-08 00:00:00
4         AKJCL       235.0  ...  2024-07-08    AKJCL_2024-07-08 00:00:00
..          ...         ...  ...         ...                          ...
318        USHL       582.0  ...  2024-07-08     USHL_2024-07-08 00:00:00
319        USLB      1695.4  ...  2024-07-08     USLB_2024-07-08 00:00:00
320        VLBS      1048.0  ...  2024-07-08     VLBS_2024-07-08 00:00:00
321       VLUCL       509.0  ...  2024-07-08    VLUCL_2024-07-08 00:00:00
322        WNLB      1450.0  ...  2024-07-08     WNLB_2024-07-08 00:00:00

[323 rows x 9 columns]
[2024-07-09T09:24:09.059+0000] {taskinstance.py:441} INFO - ::group::Post task execution logs
[2024-07-09T09:24:09.121+0000] {taskinstance.py:1206} INFO - Marking task as SUCCESS. dag_id=market_etl, task_id=create_price_dimension, run_id=scheduled__2024-07-08T06:15:00+00:00, execution_date=20240708T061500, start_date=20240709T092408, end_date=20240709T092409
[2024-07-09T09:24:09.153+0000] {local_task_job_runner.py:240} INFO - Task exited with return code 0
[2024-07-09T09:24:09.199+0000] {taskinstance.py:3503} INFO - 0 downstream tasks scheduled from follow-on schedule check
[2024-07-09T09:24:09.200+0000] {local_task_job_runner.py:222} INFO - ::endgroup::
[2024-07-10T09:19:27.733+0000] {local_task_job_runner.py:120} INFO - ::group::Pre task execution logs
[2024-07-10T09:19:27.752+0000] {taskinstance.py:2076} INFO - Dependencies all met for dep_context=non-requeueable deps ti=<TaskInstance: market_etl.create_price_dimension scheduled__2024-07-08T06:15:00+00:00 [queued]>
[2024-07-10T09:19:27.759+0000] {taskinstance.py:2076} INFO - Dependencies all met for dep_context=requeueable deps ti=<TaskInstance: market_etl.create_price_dimension scheduled__2024-07-08T06:15:00+00:00 [queued]>
[2024-07-10T09:19:27.760+0000] {taskinstance.py:2306} INFO - Starting attempt 1 of 4
[2024-07-10T09:19:27.776+0000] {taskinstance.py:2330} INFO - Executing <Task(_PythonDecoratedOperator): create_price_dimension> on 2024-07-08 06:15:00+00:00
[2024-07-10T09:19:27.790+0000] {warnings.py:112} WARNING - /home/airflow/.local/lib/python3.12/site-packages/airflow/task/task_runner/standard_task_runner.py:61: DeprecationWarning: This process (pid=384) is multi-threaded, use of fork() may lead to deadlocks in the child.
  pid = os.fork()

[2024-07-10T09:19:27.793+0000] {standard_task_runner.py:90} INFO - Running: ['airflow', 'tasks', 'run', 'market_etl', 'create_price_dimension', 'scheduled__2024-07-08T06:15:00+00:00', '--job-id', '402', '--raw', '--subdir', 'DAGS_FOLDER/etl.py', '--cfg-path', '/tmp/tmpu7yp9lg3']
[2024-07-10T09:19:27.796+0000] {standard_task_runner.py:63} INFO - Started process 391 to run task
[2024-07-10T09:19:27.796+0000] {standard_task_runner.py:91} INFO - Job 402: Subtask create_price_dimension
[2024-07-10T09:19:27.887+0000] {task_command.py:426} INFO - Running <TaskInstance: market_etl.create_price_dimension scheduled__2024-07-08T06:15:00+00:00 [running]> on host 514b016b59c3
[2024-07-10T09:19:28.117+0000] {taskinstance.py:2648} INFO - Exporting env vars: AIRFLOW_CTX_DAG_OWNER='airflow' AIRFLOW_CTX_DAG_ID='market_etl' AIRFLOW_CTX_TASK_ID='create_price_dimension' AIRFLOW_CTX_EXECUTION_DATE='2024-07-08T06:15:00+00:00' AIRFLOW_CTX_TRY_NUMBER='1' AIRFLOW_CTX_DAG_RUN_ID='scheduled__2024-07-08T06:15:00+00:00'
[2024-07-10T09:19:28.119+0000] {taskinstance.py:430} INFO - ::endgroup::
[2024-07-10T09:19:28.124+0000] {python.py:237} INFO - Done. Returned value was:     SECURITY_ID  OPEN_PRICE  ...  Close_Date                   PRICE_ID
0          ADBL       286.1  ...  2024-07-09   ADBL_2024-07-09 00:00:00
1           AHL       520.0  ...  2024-07-09    AHL_2024-07-09 00:00:00
2          AHPC       157.2  ...  2024-07-09   AHPC_2024-07-09 00:00:00
3         AKJCL       220.2  ...  2024-07-09  AKJCL_2024-07-09 00:00:00
4          AKPL       162.6  ...  2024-07-09   AKPL_2024-07-09 00:00:00
..          ...         ...  ...         ...                        ...
310        USHL       588.0  ...  2024-07-09   USHL_2024-07-09 00:00:00
311        USLB      1765.0  ...  2024-07-09   USLB_2024-07-09 00:00:00
312        VLBS      1050.0  ...  2024-07-09   VLBS_2024-07-09 00:00:00
313       VLUCL       508.0  ...  2024-07-09  VLUCL_2024-07-09 00:00:00
314        WNLB      1441.0  ...  2024-07-09   WNLB_2024-07-09 00:00:00

[315 rows x 9 columns]
[2024-07-10T09:19:28.140+0000] {taskinstance.py:441} INFO - ::group::Post task execution logs
[2024-07-10T09:19:28.227+0000] {taskinstance.py:1206} INFO - Marking task as SUCCESS. dag_id=market_etl, task_id=create_price_dimension, run_id=scheduled__2024-07-08T06:15:00+00:00, execution_date=20240708T061500, start_date=20240710T091927, end_date=20240710T091928
[2024-07-10T09:19:28.263+0000] {local_task_job_runner.py:240} INFO - Task exited with return code 0
[2024-07-10T09:19:28.300+0000] {taskinstance.py:3503} INFO - 0 downstream tasks scheduled from follow-on schedule check
[2024-07-10T09:19:28.302+0000] {local_task_job_runner.py:222} INFO - ::endgroup::
[2024-07-10T14:21:03.009+0000] {local_task_job_runner.py:120} INFO - ::group::Pre task execution logs
[2024-07-10T14:21:03.025+0000] {taskinstance.py:2076} INFO - Dependencies all met for dep_context=non-requeueable deps ti=<TaskInstance: market_etl.create_price_dimension scheduled__2024-07-08T06:15:00+00:00 [queued]>
[2024-07-10T14:21:03.031+0000] {taskinstance.py:2076} INFO - Dependencies all met for dep_context=requeueable deps ti=<TaskInstance: market_etl.create_price_dimension scheduled__2024-07-08T06:15:00+00:00 [queued]>
[2024-07-10T14:21:03.031+0000] {taskinstance.py:2306} INFO - Starting attempt 1 of 4
[2024-07-10T14:21:03.039+0000] {taskinstance.py:2330} INFO - Executing <Task(_PythonDecoratedOperator): create_price_dimension> on 2024-07-08 06:15:00+00:00
[2024-07-10T14:21:03.046+0000] {warnings.py:112} WARNING - /home/airflow/.local/lib/python3.12/site-packages/airflow/task/task_runner/standard_task_runner.py:61: DeprecationWarning: This process (pid=491) is multi-threaded, use of fork() may lead to deadlocks in the child.
  pid = os.fork()

[2024-07-10T14:21:03.049+0000] {standard_task_runner.py:63} INFO - Started process 496 to run task
[2024-07-10T14:21:03.048+0000] {standard_task_runner.py:90} INFO - Running: ['airflow', 'tasks', 'run', 'market_etl', 'create_price_dimension', 'scheduled__2024-07-08T06:15:00+00:00', '--job-id', '807', '--raw', '--subdir', 'DAGS_FOLDER/etl.py', '--cfg-path', '/tmp/tmpr43oankt']
[2024-07-10T14:21:03.050+0000] {standard_task_runner.py:91} INFO - Job 807: Subtask create_price_dimension
[2024-07-10T14:21:03.107+0000] {task_command.py:426} INFO - Running <TaskInstance: market_etl.create_price_dimension scheduled__2024-07-08T06:15:00+00:00 [running]> on host 514b016b59c3
[2024-07-10T14:21:03.284+0000] {taskinstance.py:2648} INFO - Exporting env vars: AIRFLOW_CTX_DAG_OWNER='airflow' AIRFLOW_CTX_DAG_ID='market_etl' AIRFLOW_CTX_TASK_ID='create_price_dimension' AIRFLOW_CTX_EXECUTION_DATE='2024-07-08T06:15:00+00:00' AIRFLOW_CTX_TRY_NUMBER='1' AIRFLOW_CTX_DAG_RUN_ID='scheduled__2024-07-08T06:15:00+00:00'
[2024-07-10T14:21:03.285+0000] {taskinstance.py:430} INFO - ::endgroup::
[2024-07-10T14:21:03.289+0000] {python.py:237} INFO - Done. Returned value was:     SECURITY_ID  OPEN_PRICE  ...  PREVIOUS_DAY_PRICE          PRICE_ID
0          ADBL       286.1  ...               280.5   ADBL_2024-07-09
1           AHL       520.0  ...               517.0    AHL_2024-07-09
2          AHPC       157.2  ...               155.0   AHPC_2024-07-09
3         AKJCL       220.2  ...               224.0  AKJCL_2024-07-09
4          AKPL       162.6  ...               162.5   AKPL_2024-07-09
..          ...         ...  ...                 ...               ...
310        USHL       588.0  ...               582.0   USHL_2024-07-09
311        USLB      1765.0  ...              1731.9   USLB_2024-07-09
312        VLBS      1050.0  ...              1030.0   VLBS_2024-07-09
313       VLUCL       508.0  ...               508.8  VLUCL_2024-07-09
314        WNLB      1441.0  ...              1449.0   WNLB_2024-07-09

[315 rows x 8 columns]
[2024-07-10T14:21:03.297+0000] {taskinstance.py:441} INFO - ::group::Post task execution logs
[2024-07-10T14:21:03.323+0000] {taskinstance.py:1206} INFO - Marking task as SUCCESS. dag_id=market_etl, task_id=create_price_dimension, run_id=scheduled__2024-07-08T06:15:00+00:00, execution_date=20240708T061500, start_date=20240710T142103, end_date=20240710T142103
[2024-07-10T14:21:03.355+0000] {local_task_job_runner.py:240} INFO - Task exited with return code 0
[2024-07-10T14:21:03.386+0000] {taskinstance.py:3503} INFO - 1 downstream tasks scheduled from follow-on schedule check
[2024-07-10T14:21:03.387+0000] {local_task_job_runner.py:222} INFO - ::endgroup::
[2024-07-11T08:22:57.040+0000] {local_task_job_runner.py:120} INFO - ::group::Pre task execution logs
[2024-07-11T08:22:57.079+0000] {taskinstance.py:2076} INFO - Dependencies all met for dep_context=non-requeueable deps ti=<TaskInstance: market_etl.create_price_dimension scheduled__2024-07-08T06:15:00+00:00 [queued]>
[2024-07-11T08:22:57.089+0000] {taskinstance.py:2076} INFO - Dependencies all met for dep_context=requeueable deps ti=<TaskInstance: market_etl.create_price_dimension scheduled__2024-07-08T06:15:00+00:00 [queued]>
[2024-07-11T08:22:57.091+0000] {taskinstance.py:2306} INFO - Starting attempt 1 of 4
[2024-07-11T08:22:57.117+0000] {taskinstance.py:2330} INFO - Executing <Task(_PythonDecoratedOperator): create_price_dimension> on 2024-07-08 06:15:00+00:00
[2024-07-11T08:22:57.126+0000] {warnings.py:112} WARNING - /home/airflow/.local/lib/python3.12/site-packages/airflow/task/task_runner/standard_task_runner.py:61: DeprecationWarning: This process (pid=1614) is multi-threaded, use of fork() may lead to deadlocks in the child.
  pid = os.fork()

[2024-07-11T08:22:57.127+0000] {standard_task_runner.py:63} INFO - Started process 1618 to run task
[2024-07-11T08:22:57.128+0000] {standard_task_runner.py:90} INFO - Running: ['airflow', 'tasks', 'run', 'market_etl', 'create_price_dimension', 'scheduled__2024-07-08T06:15:00+00:00', '--job-id', '1223', '--raw', '--subdir', 'DAGS_FOLDER/etl.py', '--cfg-path', '/tmp/tmpu5pzqgu8']
[2024-07-11T08:22:57.130+0000] {standard_task_runner.py:91} INFO - Job 1223: Subtask create_price_dimension
[2024-07-11T08:22:57.195+0000] {task_command.py:426} INFO - Running <TaskInstance: market_etl.create_price_dimension scheduled__2024-07-08T06:15:00+00:00 [running]> on host aa283b53dd54
[2024-07-11T08:22:57.395+0000] {taskinstance.py:2648} INFO - Exporting env vars: AIRFLOW_CTX_DAG_OWNER='airflow' AIRFLOW_CTX_DAG_ID='market_etl' AIRFLOW_CTX_TASK_ID='create_price_dimension' AIRFLOW_CTX_EXECUTION_DATE='2024-07-08T06:15:00+00:00' AIRFLOW_CTX_TRY_NUMBER='1' AIRFLOW_CTX_DAG_RUN_ID='scheduled__2024-07-08T06:15:00+00:00'
[2024-07-11T08:22:57.397+0000] {taskinstance.py:430} INFO - ::endgroup::
[2024-07-11T08:22:57.401+0000] {python.py:237} INFO - Done. Returned value was:     SECURITY_ID  OPEN_PRICE  ...  PREVIOUS_DAY_PRICE            PRICE_ID
0          ADBL       283.0  ...               285.2     ADBL_2024-07-10
1       ADBLD83      1118.0  ...              1138.5  ADBLD83_2024-07-10
2           AHL       530.9  ...               521.3      AHL_2024-07-10
3          AHPC       154.0  ...               154.8     AHPC_2024-07-10
4         AKJCL       224.0  ...               221.0    AKJCL_2024-07-10
..          ...         ...  ...                 ...                 ...
316        USHL       580.0  ...               575.7     USHL_2024-07-10
317        USLB      1833.0  ...              1797.9     USLB_2024-07-10
318        VLBS      1060.0  ...              1050.0     VLBS_2024-07-10
319       VLUCL       520.0  ...               513.0    VLUCL_2024-07-10
320        WNLB      1550.0  ...              1522.0     WNLB_2024-07-10

[321 rows x 8 columns]
[2024-07-11T08:22:57.409+0000] {taskinstance.py:441} INFO - ::group::Post task execution logs
[2024-07-11T08:22:57.450+0000] {taskinstance.py:1206} INFO - Marking task as SUCCESS. dag_id=market_etl, task_id=create_price_dimension, run_id=scheduled__2024-07-08T06:15:00+00:00, execution_date=20240708T061500, start_date=20240711T082257, end_date=20240711T082257
[2024-07-11T08:22:57.475+0000] {local_task_job_runner.py:240} INFO - Task exited with return code 0
[2024-07-11T08:22:57.484+0000] {local_task_job_runner.py:222} INFO - ::endgroup::
