[2024-06-27T06:31:02.597+0000] {local_task_job_runner.py:120} INFO - ::group::Pre task execution logs
[2024-06-27T06:31:02.614+0000] {taskinstance.py:2076} INFO - Dependencies all met for dep_context=non-requeueable deps ti=<TaskInstance: market_etl.flatten_market_data manual__2024-06-27T06:30:35.958086+00:00 [queued]>
[2024-06-27T06:31:02.621+0000] {taskinstance.py:2076} INFO - Dependencies all met for dep_context=requeueable deps ti=<TaskInstance: market_etl.flatten_market_data manual__2024-06-27T06:30:35.958086+00:00 [queued]>
[2024-06-27T06:31:02.621+0000] {taskinstance.py:2306} INFO - Starting attempt 1 of 4
[2024-06-27T06:31:02.654+0000] {taskinstance.py:2330} INFO - Executing <Task(_PythonDecoratedOperator): flatten_market_data> on 2024-06-27 06:30:35.958086+00:00
[2024-06-27T06:31:02.664+0000] {warnings.py:112} WARNING - /home/airflow/.local/lib/python3.12/site-packages/airflow/task/task_runner/standard_task_runner.py:61: DeprecationWarning: This process (pid=80) is multi-threaded, use of fork() may lead to deadlocks in the child.
  pid = os.fork()

[2024-06-27T06:31:02.665+0000] {standard_task_runner.py:63} INFO - Started process 82 to run task
[2024-06-27T06:31:02.665+0000] {standard_task_runner.py:90} INFO - Running: ['airflow', 'tasks', 'run', 'market_etl', 'flatten_market_data', 'manual__2024-06-27T06:30:35.958086+00:00', '--job-id', '257', '--raw', '--subdir', 'DAGS_FOLDER/etl.py', '--cfg-path', '/tmp/tmpjivqyahj']
[2024-06-27T06:31:02.668+0000] {standard_task_runner.py:91} INFO - Job 257: Subtask flatten_market_data
[2024-06-27T06:31:02.729+0000] {task_command.py:426} INFO - Running <TaskInstance: market_etl.flatten_market_data manual__2024-06-27T06:30:35.958086+00:00 [running]> on host eeb1ef932232
[2024-06-27T06:31:02.832+0000] {taskinstance.py:2648} INFO - Exporting env vars: AIRFLOW_CTX_DAG_OWNER='airflow' AIRFLOW_CTX_DAG_ID='market_etl' AIRFLOW_CTX_TASK_ID='flatten_market_data' AIRFLOW_CTX_EXECUTION_DATE='2024-06-27T06:30:35.958086+00:00' AIRFLOW_CTX_TRY_NUMBER='1' AIRFLOW_CTX_DAG_RUN_ID='manual__2024-06-27T06:30:35.958086+00:00'
[2024-06-27T06:31:02.835+0000] {taskinstance.py:430} INFO - ::endgroup::
[2024-06-27T06:31:02.855+0000] {python.py:237} INFO - Done. Returned value was:   Symbol  Close_Price_Rs  ...  Market_Capitalization_Rs__Amt_in_Millions  Close_Date
0   ADBL           263.0  ...                                   35377.90  2024-06-26
1    AHL           513.1  ...                                    1744.54  2024-06-26
2   AHPC           152.0  ...                                    5678.61  2024-06-26
3  AKJCL           207.0  ...                                    1656.00  2024-06-26
4   AKPL           161.1  ...                                    6276.36  2024-06-26

[5 rows x 15 columns]
[2024-06-27T06:31:02.915+0000] {taskinstance.py:441} INFO - ::group::Post task execution logs
[2024-06-27T06:31:03.261+0000] {taskinstance.py:1206} INFO - Marking task as SUCCESS. dag_id=market_etl, task_id=flatten_market_data, run_id=manual__2024-06-27T06:30:35.958086+00:00, execution_date=20240627T063035, start_date=20240627T063102, end_date=20240627T063103
[2024-06-27T06:31:03.314+0000] {local_task_job_runner.py:240} INFO - Task exited with return code 0
[2024-06-27T06:31:03.336+0000] {taskinstance.py:3503} INFO - 1 downstream tasks scheduled from follow-on schedule check
[2024-06-27T06:31:03.337+0000] {local_task_job_runner.py:222} INFO - ::endgroup::
