[2024-07-01T05:48:37.594+0000] {local_task_job_runner.py:120} INFO - ::group::Pre task execution logs
[2024-07-01T05:48:37.608+0000] {taskinstance.py:2076} INFO - Dependencies all met for dep_context=non-requeueable deps ti=<TaskInstance: market_etl.load_market_data manual__2024-07-01T05:48:14.439679+00:00 [queued]>
[2024-07-01T05:48:37.614+0000] {taskinstance.py:2076} INFO - Dependencies all met for dep_context=requeueable deps ti=<TaskInstance: market_etl.load_market_data manual__2024-07-01T05:48:14.439679+00:00 [queued]>
[2024-07-01T05:48:37.614+0000] {taskinstance.py:2306} INFO - Starting attempt 1 of 4
[2024-07-01T05:48:37.621+0000] {taskinstance.py:2330} INFO - Executing <Task(_PythonDecoratedOperator): load_market_data> on 2024-07-01 05:48:14.439679+00:00
[2024-07-01T05:48:37.625+0000] {warnings.py:112} WARNING - /home/airflow/.local/lib/python3.12/site-packages/airflow/task/task_runner/standard_task_runner.py:61: DeprecationWarning: This process (pid=379) is multi-threaded, use of fork() may lead to deadlocks in the child.
  pid = os.fork()

[2024-07-01T05:48:37.626+0000] {standard_task_runner.py:63} INFO - Started process 381 to run task
[2024-07-01T05:48:37.627+0000] {standard_task_runner.py:90} INFO - Running: ['airflow', 'tasks', 'run', 'market_etl', 'load_market_data', 'manual__2024-07-01T05:48:14.439679+00:00', '--job-id', '362', '--raw', '--subdir', 'DAGS_FOLDER/etl.py', '--cfg-path', '/tmp/tmpyblhd4o8']
[2024-07-01T05:48:37.628+0000] {standard_task_runner.py:91} INFO - Job 362: Subtask load_market_data
[2024-07-01T05:48:37.666+0000] {task_command.py:426} INFO - Running <TaskInstance: market_etl.load_market_data manual__2024-07-01T05:48:14.439679+00:00 [running]> on host 5eec0a067191
[2024-07-01T05:48:37.869+0000] {taskinstance.py:2648} INFO - Exporting env vars: AIRFLOW_CTX_DAG_OWNER='airflow' AIRFLOW_CTX_DAG_ID='market_etl' AIRFLOW_CTX_TASK_ID='load_market_data' AIRFLOW_CTX_EXECUTION_DATE='2024-07-01T05:48:14.439679+00:00' AIRFLOW_CTX_TRY_NUMBER='1' AIRFLOW_CTX_DAG_RUN_ID='manual__2024-07-01T05:48:14.439679+00:00'
[2024-07-01T05:48:37.870+0000] {taskinstance.py:430} INFO - ::endgroup::
[2024-07-01T05:48:37.878+0000] {base.py:84} INFO - Using connection ID 'market_database_conn' for task execution.
[2024-07-01T05:48:37.900+0000] {python.py:237} INFO - Done. Returned value was:     Symbol  ...  Close_Date
0     ADBL  ...  2024-06-30
1  ADBLD83  ...  2024-06-30
2      AHL  ...  2024-06-30
3     AHPC  ...  2024-06-30
4    AKJCL  ...  2024-06-30

[5 rows x 15 columns]
[2024-07-01T05:48:37.910+0000] {taskinstance.py:441} INFO - ::group::Post task execution logs
[2024-07-01T05:48:37.946+0000] {taskinstance.py:1206} INFO - Marking task as SUCCESS. dag_id=market_etl, task_id=load_market_data, run_id=manual__2024-07-01T05:48:14.439679+00:00, execution_date=20240701T054814, start_date=20240701T054837, end_date=20240701T054837
[2024-07-01T05:48:37.975+0000] {local_task_job_runner.py:240} INFO - Task exited with return code 0
[2024-07-01T05:48:37.997+0000] {taskinstance.py:3503} INFO - 1 downstream tasks scheduled from follow-on schedule check
[2024-07-01T05:48:37.998+0000] {local_task_job_runner.py:222} INFO - ::endgroup::
