[2024-06-26T09:36:30.899+0000] {local_task_job_runner.py:120} INFO - ::group::Pre task execution logs
[2024-06-26T09:36:30.936+0000] {taskinstance.py:2076} INFO - Dependencies all met for dep_context=non-requeueable deps ti=<TaskInstance: market_etl.flatten_market_data manual__2024-06-26T09:30:32.478075+00:00 [queued]>
[2024-06-26T09:36:30.942+0000] {taskinstance.py:2076} INFO - Dependencies all met for dep_context=requeueable deps ti=<TaskInstance: market_etl.flatten_market_data manual__2024-06-26T09:30:32.478075+00:00 [queued]>
[2024-06-26T09:36:30.943+0000] {taskinstance.py:2306} INFO - Starting attempt 2 of 4
[2024-06-26T09:36:30.953+0000] {taskinstance.py:2330} INFO - Executing <Task(_PythonDecoratedOperator): flatten_market_data> on 2024-06-26 09:30:32.478075+00:00
[2024-06-26T09:36:30.971+0000] {warnings.py:112} WARNING - /home/airflow/.local/lib/python3.12/site-packages/airflow/task/task_runner/standard_task_runner.py:61: DeprecationWarning: This process (pid=48) is multi-threaded, use of fork() may lead to deadlocks in the child.
  pid = os.fork()

[2024-06-26T09:36:30.973+0000] {standard_task_runner.py:63} INFO - Started process 50 to run task
[2024-06-26T09:36:30.974+0000] {standard_task_runner.py:90} INFO - Running: ['airflow', 'tasks', 'run', 'market_etl', 'flatten_market_data', 'manual__2024-06-26T09:30:32.478075+00:00', '--job-id', '159', '--raw', '--subdir', 'DAGS_FOLDER/etl.py', '--cfg-path', '/tmp/tmpcoa__xky']
[2024-06-26T09:36:30.978+0000] {standard_task_runner.py:91} INFO - Job 159: Subtask flatten_market_data
[2024-06-26T09:36:31.043+0000] {task_command.py:426} INFO - Running <TaskInstance: market_etl.flatten_market_data manual__2024-06-26T09:30:32.478075+00:00 [running]> on host f3f48f0457b9
[2024-06-26T09:36:31.204+0000] {taskinstance.py:2648} INFO - Exporting env vars: AIRFLOW_CTX_DAG_OWNER='airflow' AIRFLOW_CTX_DAG_ID='market_etl' AIRFLOW_CTX_TASK_ID='flatten_market_data' AIRFLOW_CTX_EXECUTION_DATE='2024-06-26T09:30:32.478075+00:00' AIRFLOW_CTX_TRY_NUMBER='2' AIRFLOW_CTX_DAG_RUN_ID='manual__2024-06-26T09:30:32.478075+00:00'
[2024-06-26T09:36:31.205+0000] {taskinstance.py:430} INFO - ::endgroup::
[2024-06-26T09:36:31.224+0000] {python.py:237} INFO - Done. Returned value was:     Symbol  ...  Close_Date
0     ADBL  ...  2024-06-24
1  ADBLD83  ...  2024-06-24
2      AHL  ...  2024-06-24
3     AHPC  ...  2024-06-24
4    AKJCL  ...  2024-06-24

[5 rows x 15 columns]
[2024-06-26T09:36:31.245+0000] {taskinstance.py:441} INFO - ::group::Post task execution logs
[2024-06-26T09:36:31.329+0000] {taskinstance.py:1206} INFO - Marking task as SUCCESS. dag_id=market_etl, task_id=flatten_market_data, run_id=manual__2024-06-26T09:30:32.478075+00:00, execution_date=20240626T093032, start_date=20240626T093630, end_date=20240626T093631
[2024-06-26T09:36:31.360+0000] {local_task_job_runner.py:240} INFO - Task exited with return code 0
[2024-06-26T09:36:31.381+0000] {taskinstance.py:3503} INFO - 1 downstream tasks scheduled from follow-on schedule check
[2024-06-26T09:36:31.382+0000] {local_task_job_runner.py:222} INFO - ::endgroup::
