[2024-07-01T04:59:04.512+0000] {local_task_job_runner.py:120} INFO - ::group::Pre task execution logs
[2024-07-01T04:59:04.528+0000] {taskinstance.py:2076} INFO - Dependencies all met for dep_context=non-requeueable deps ti=<TaskInstance: market_etl.load_market_data manual__2024-07-01T04:58:15.239019+00:00 [queued]>
[2024-07-01T04:59:04.534+0000] {taskinstance.py:2076} INFO - Dependencies all met for dep_context=requeueable deps ti=<TaskInstance: market_etl.load_market_data manual__2024-07-01T04:58:15.239019+00:00 [queued]>
[2024-07-01T04:59:04.535+0000] {taskinstance.py:2306} INFO - Starting attempt 1 of 4
[2024-07-01T04:59:04.554+0000] {taskinstance.py:2330} INFO - Executing <Task(_PythonDecoratedOperator): load_market_data> on 2024-07-01 04:58:15.239019+00:00
[2024-07-01T04:59:04.559+0000] {warnings.py:112} WARNING - /home/airflow/.local/lib/python3.12/site-packages/airflow/task/task_runner/standard_task_runner.py:61: DeprecationWarning: This process (pid=99) is multi-threaded, use of fork() may lead to deadlocks in the child.
  pid = os.fork()

[2024-07-01T04:59:04.560+0000] {standard_task_runner.py:63} INFO - Started process 101 to run task
[2024-07-01T04:59:04.561+0000] {standard_task_runner.py:90} INFO - Running: ['airflow', 'tasks', 'run', 'market_etl', 'load_market_data', 'manual__2024-07-01T04:58:15.239019+00:00', '--job-id', '323', '--raw', '--subdir', 'DAGS_FOLDER/etl.py', '--cfg-path', '/tmp/tmpx4ai5j8n']
[2024-07-01T04:59:04.562+0000] {standard_task_runner.py:91} INFO - Job 323: Subtask load_market_data
[2024-07-01T04:59:04.606+0000] {task_command.py:426} INFO - Running <TaskInstance: market_etl.load_market_data manual__2024-07-01T04:58:15.239019+00:00 [running]> on host 5eec0a067191
[2024-07-01T04:59:04.768+0000] {taskinstance.py:2648} INFO - Exporting env vars: AIRFLOW_CTX_DAG_OWNER='airflow' AIRFLOW_CTX_DAG_ID='market_etl' AIRFLOW_CTX_TASK_ID='load_market_data' AIRFLOW_CTX_EXECUTION_DATE='2024-07-01T04:58:15.239019+00:00' AIRFLOW_CTX_TRY_NUMBER='1' AIRFLOW_CTX_DAG_RUN_ID='manual__2024-07-01T04:58:15.239019+00:00'
[2024-07-01T04:59:04.769+0000] {taskinstance.py:430} INFO - ::endgroup::
[2024-07-01T04:59:04.781+0000] {base.py:84} INFO - Using connection ID 'market_database_conn' for task execution.
[2024-07-01T04:59:04.801+0000] {python.py:237} INFO - Done. Returned value was:   Symbol  Close_Price_Rs  ...  Market_Capitalization_Rs__Amt_in_Millions  Close_Date
0   ADBL           239.0  ...                                   32149.50  2024-05-05
1    AHL           441.0  ...                                    1499.40  2024-05-05
2   AHPC           162.0  ...                                    6052.20  2024-05-05
3  AKJCL           208.0  ...                                    1664.00  2024-05-05
4   AKPL           165.6  ...                                    6451.68  2024-05-05

[5 rows x 15 columns]
[2024-07-01T04:59:04.811+0000] {taskinstance.py:441} INFO - ::group::Post task execution logs
[2024-07-01T04:59:04.837+0000] {taskinstance.py:1206} INFO - Marking task as SUCCESS. dag_id=market_etl, task_id=load_market_data, run_id=manual__2024-07-01T04:58:15.239019+00:00, execution_date=20240701T045815, start_date=20240701T045904, end_date=20240701T045904
[2024-07-01T04:59:04.864+0000] {local_task_job_runner.py:240} INFO - Task exited with return code 0
[2024-07-01T04:59:04.887+0000] {taskinstance.py:3503} INFO - 1 downstream tasks scheduled from follow-on schedule check
[2024-07-01T04:59:04.888+0000] {local_task_job_runner.py:222} INFO - ::endgroup::
