[2024-07-10T08:52:12.002+0000] {local_task_job_runner.py:120} INFO - ::group::Pre task execution logs
[2024-07-10T08:52:12.039+0000] {taskinstance.py:2076} INFO - Dependencies all met for dep_context=non-requeueable deps ti=<TaskInstance: market_etl.create_price_dimension scheduled__2024-06-25T06:15:00+00:00 [queued]>
[2024-07-10T08:52:12.045+0000] {taskinstance.py:2076} INFO - Dependencies all met for dep_context=requeueable deps ti=<TaskInstance: market_etl.create_price_dimension scheduled__2024-06-25T06:15:00+00:00 [queued]>
[2024-07-10T08:52:12.045+0000] {taskinstance.py:2306} INFO - Starting attempt 1 of 4
[2024-07-10T08:52:12.054+0000] {taskinstance.py:2330} INFO - Executing <Task(_PythonDecoratedOperator): create_price_dimension> on 2024-06-25 06:15:00+00:00
[2024-07-10T08:52:12.059+0000] {warnings.py:112} WARNING - /home/airflow/.local/lib/python3.12/site-packages/airflow/task/task_runner/standard_task_runner.py:61: DeprecationWarning: This process (pid=70) is multi-threaded, use of fork() may lead to deadlocks in the child.
  pid = os.fork()

[2024-07-10T08:52:12.060+0000] {standard_task_runner.py:63} INFO - Started process 76 to run task
[2024-07-10T08:52:12.061+0000] {standard_task_runner.py:90} INFO - Running: ['airflow', 'tasks', 'run', 'market_etl', 'create_price_dimension', 'scheduled__2024-06-25T06:15:00+00:00', '--job-id', '246', '--raw', '--subdir', 'DAGS_FOLDER/etl.py', '--cfg-path', '/tmp/tmpj3j48g3z']
[2024-07-10T08:52:12.062+0000] {standard_task_runner.py:91} INFO - Job 246: Subtask create_price_dimension
[2024-07-10T08:52:12.131+0000] {task_command.py:426} INFO - Running <TaskInstance: market_etl.create_price_dimension scheduled__2024-06-25T06:15:00+00:00 [running]> on host 514b016b59c3
[2024-07-10T08:52:12.553+0000] {taskinstance.py:2648} INFO - Exporting env vars: AIRFLOW_CTX_DAG_OWNER='airflow' AIRFLOW_CTX_DAG_ID='market_etl' AIRFLOW_CTX_TASK_ID='create_price_dimension' AIRFLOW_CTX_EXECUTION_DATE='2024-06-25T06:15:00+00:00' AIRFLOW_CTX_TRY_NUMBER='1' AIRFLOW_CTX_DAG_RUN_ID='scheduled__2024-06-25T06:15:00+00:00'
[2024-07-10T08:52:12.556+0000] {taskinstance.py:430} INFO - ::endgroup::
[2024-07-10T08:52:12.563+0000] {python.py:237} INFO - Done. Returned value was:     SECURITY_ID  OPEN_PRICE  ...  Close_Date                   PRICE_ID
0          ADBL       286.1  ...  2024-07-09   ADBL_2024-07-09 00:00:00
1           AHL       520.0  ...  2024-07-09    AHL_2024-07-09 00:00:00
2          AHPC       157.2  ...  2024-07-09   AHPC_2024-07-09 00:00:00
3         AKJCL       220.2  ...  2024-07-09  AKJCL_2024-07-09 00:00:00
4          AKPL       162.6  ...  2024-07-09   AKPL_2024-07-09 00:00:00
..          ...         ...  ...         ...                        ...
310        USHL       588.0  ...  2024-07-09   USHL_2024-07-09 00:00:00
311        USLB      1765.0  ...  2024-07-09   USLB_2024-07-09 00:00:00
312        VLBS      1050.0  ...  2024-07-09   VLBS_2024-07-09 00:00:00
313       VLUCL       508.0  ...  2024-07-09  VLUCL_2024-07-09 00:00:00
314        WNLB      1441.0  ...  2024-07-09   WNLB_2024-07-09 00:00:00

[315 rows x 9 columns]
[2024-07-10T08:52:12.573+0000] {taskinstance.py:441} INFO - ::group::Post task execution logs
[2024-07-10T08:52:12.708+0000] {taskinstance.py:1206} INFO - Marking task as SUCCESS. dag_id=market_etl, task_id=create_price_dimension, run_id=scheduled__2024-06-25T06:15:00+00:00, execution_date=20240625T061500, start_date=20240710T085212, end_date=20240710T085212
[2024-07-10T08:52:12.788+0000] {local_task_job_runner.py:240} INFO - Task exited with return code 0
[2024-07-10T08:52:12.876+0000] {taskinstance.py:3503} INFO - 0 downstream tasks scheduled from follow-on schedule check
[2024-07-10T08:52:12.881+0000] {local_task_job_runner.py:222} INFO - ::endgroup::
[2024-07-10T08:55:47.575+0000] {local_task_job_runner.py:120} INFO - ::group::Pre task execution logs
[2024-07-10T08:55:47.601+0000] {taskinstance.py:2076} INFO - Dependencies all met for dep_context=non-requeueable deps ti=<TaskInstance: market_etl.create_price_dimension scheduled__2024-06-25T06:15:00+00:00 [queued]>
[2024-07-10T08:55:47.610+0000] {taskinstance.py:2076} INFO - Dependencies all met for dep_context=requeueable deps ti=<TaskInstance: market_etl.create_price_dimension scheduled__2024-06-25T06:15:00+00:00 [queued]>
[2024-07-10T08:55:47.611+0000] {taskinstance.py:2306} INFO - Starting attempt 1 of 4
[2024-07-10T08:55:47.620+0000] {taskinstance.py:2330} INFO - Executing <Task(_PythonDecoratedOperator): create_price_dimension> on 2024-06-25 06:15:00+00:00
[2024-07-10T08:55:47.630+0000] {warnings.py:112} WARNING - /home/airflow/.local/lib/python3.12/site-packages/airflow/task/task_runner/standard_task_runner.py:61: DeprecationWarning: This process (pid=62) is multi-threaded, use of fork() may lead to deadlocks in the child.
  pid = os.fork()

[2024-07-10T08:55:47.632+0000] {standard_task_runner.py:63} INFO - Started process 68 to run task
[2024-07-10T08:55:47.632+0000] {standard_task_runner.py:90} INFO - Running: ['airflow', 'tasks', 'run', 'market_etl', 'create_price_dimension', 'scheduled__2024-06-25T06:15:00+00:00', '--job-id', '256', '--raw', '--subdir', 'DAGS_FOLDER/etl.py', '--cfg-path', '/tmp/tmpzctf_4r1']
[2024-07-10T08:55:47.635+0000] {standard_task_runner.py:91} INFO - Job 256: Subtask create_price_dimension
[2024-07-10T08:55:47.725+0000] {task_command.py:426} INFO - Running <TaskInstance: market_etl.create_price_dimension scheduled__2024-06-25T06:15:00+00:00 [running]> on host 514b016b59c3
[2024-07-10T08:55:48.344+0000] {taskinstance.py:2648} INFO - Exporting env vars: AIRFLOW_CTX_DAG_OWNER='airflow' AIRFLOW_CTX_DAG_ID='market_etl' AIRFLOW_CTX_TASK_ID='create_price_dimension' AIRFLOW_CTX_EXECUTION_DATE='2024-06-25T06:15:00+00:00' AIRFLOW_CTX_TRY_NUMBER='1' AIRFLOW_CTX_DAG_RUN_ID='scheduled__2024-06-25T06:15:00+00:00'
[2024-07-10T08:55:48.353+0000] {taskinstance.py:430} INFO - ::endgroup::
[2024-07-10T08:55:48.377+0000] {python.py:237} INFO - Done. Returned value was:     SECURITY_ID  OPEN_PRICE  ...  Close_Date                   PRICE_ID
0          ADBL       286.1  ...  2024-07-09   ADBL_2024-07-09 00:00:00
1           AHL       520.0  ...  2024-07-09    AHL_2024-07-09 00:00:00
2          AHPC       157.2  ...  2024-07-09   AHPC_2024-07-09 00:00:00
3         AKJCL       220.2  ...  2024-07-09  AKJCL_2024-07-09 00:00:00
4          AKPL       162.6  ...  2024-07-09   AKPL_2024-07-09 00:00:00
..          ...         ...  ...         ...                        ...
310        USHL       588.0  ...  2024-07-09   USHL_2024-07-09 00:00:00
311        USLB      1765.0  ...  2024-07-09   USLB_2024-07-09 00:00:00
312        VLBS      1050.0  ...  2024-07-09   VLBS_2024-07-09 00:00:00
313       VLUCL       508.0  ...  2024-07-09  VLUCL_2024-07-09 00:00:00
314        WNLB      1441.0  ...  2024-07-09   WNLB_2024-07-09 00:00:00

[315 rows x 9 columns]
[2024-07-10T08:55:48.386+0000] {taskinstance.py:441} INFO - ::group::Post task execution logs
[2024-07-10T08:55:48.448+0000] {taskinstance.py:1206} INFO - Marking task as SUCCESS. dag_id=market_etl, task_id=create_price_dimension, run_id=scheduled__2024-06-25T06:15:00+00:00, execution_date=20240625T061500, start_date=20240710T085547, end_date=20240710T085548
[2024-07-10T08:55:48.499+0000] {local_task_job_runner.py:240} INFO - Task exited with return code 0
[2024-07-10T08:55:48.521+0000] {local_task_job_runner.py:222} INFO - ::endgroup::
[2024-07-10T09:09:44.239+0000] {local_task_job_runner.py:120} INFO - ::group::Pre task execution logs
[2024-07-10T09:09:44.258+0000] {taskinstance.py:2076} INFO - Dependencies all met for dep_context=non-requeueable deps ti=<TaskInstance: market_etl.create_price_dimension scheduled__2024-06-25T06:15:00+00:00 [queued]>
[2024-07-10T09:09:44.267+0000] {taskinstance.py:2076} INFO - Dependencies all met for dep_context=requeueable deps ti=<TaskInstance: market_etl.create_price_dimension scheduled__2024-06-25T06:15:00+00:00 [queued]>
[2024-07-10T09:09:44.267+0000] {taskinstance.py:2306} INFO - Starting attempt 1 of 4
[2024-07-10T09:09:44.276+0000] {taskinstance.py:2330} INFO - Executing <Task(_PythonDecoratedOperator): create_price_dimension> on 2024-06-25 06:15:00+00:00
[2024-07-10T09:09:44.287+0000] {warnings.py:112} WARNING - /home/airflow/.local/lib/python3.12/site-packages/airflow/task/task_runner/standard_task_runner.py:61: DeprecationWarning: This process (pid=68) is multi-threaded, use of fork() may lead to deadlocks in the child.
  pid = os.fork()

[2024-07-10T09:09:44.289+0000] {standard_task_runner.py:63} INFO - Started process 76 to run task
[2024-07-10T09:09:44.289+0000] {standard_task_runner.py:90} INFO - Running: ['airflow', 'tasks', 'run', 'market_etl', 'create_price_dimension', 'scheduled__2024-06-25T06:15:00+00:00', '--job-id', '278', '--raw', '--subdir', 'DAGS_FOLDER/etl.py', '--cfg-path', '/tmp/tmp7oslb2gz']
[2024-07-10T09:09:44.291+0000] {standard_task_runner.py:91} INFO - Job 278: Subtask create_price_dimension
[2024-07-10T09:09:44.355+0000] {task_command.py:426} INFO - Running <TaskInstance: market_etl.create_price_dimension scheduled__2024-06-25T06:15:00+00:00 [running]> on host 514b016b59c3
[2024-07-10T09:09:44.688+0000] {taskinstance.py:2648} INFO - Exporting env vars: AIRFLOW_CTX_DAG_OWNER='airflow' AIRFLOW_CTX_DAG_ID='market_etl' AIRFLOW_CTX_TASK_ID='create_price_dimension' AIRFLOW_CTX_EXECUTION_DATE='2024-06-25T06:15:00+00:00' AIRFLOW_CTX_TRY_NUMBER='1' AIRFLOW_CTX_DAG_RUN_ID='scheduled__2024-06-25T06:15:00+00:00'
[2024-07-10T09:09:44.689+0000] {taskinstance.py:430} INFO - ::endgroup::
[2024-07-10T09:09:44.698+0000] {python.py:237} INFO - Done. Returned value was:     SECURITY_ID  OPEN_PRICE  ...  Close_Date                   PRICE_ID
0          ADBL       286.1  ...  2024-07-09   ADBL_2024-07-09 00:00:00
1           AHL       520.0  ...  2024-07-09    AHL_2024-07-09 00:00:00
2          AHPC       157.2  ...  2024-07-09   AHPC_2024-07-09 00:00:00
3         AKJCL       220.2  ...  2024-07-09  AKJCL_2024-07-09 00:00:00
4          AKPL       162.6  ...  2024-07-09   AKPL_2024-07-09 00:00:00
..          ...         ...  ...         ...                        ...
310        USHL       588.0  ...  2024-07-09   USHL_2024-07-09 00:00:00
311        USLB      1765.0  ...  2024-07-09   USLB_2024-07-09 00:00:00
312        VLBS      1050.0  ...  2024-07-09   VLBS_2024-07-09 00:00:00
313       VLUCL       508.0  ...  2024-07-09  VLUCL_2024-07-09 00:00:00
314        WNLB      1441.0  ...  2024-07-09   WNLB_2024-07-09 00:00:00

[315 rows x 9 columns]
[2024-07-10T09:09:44.708+0000] {taskinstance.py:441} INFO - ::group::Post task execution logs
[2024-07-10T09:09:44.744+0000] {taskinstance.py:1206} INFO - Marking task as SUCCESS. dag_id=market_etl, task_id=create_price_dimension, run_id=scheduled__2024-06-25T06:15:00+00:00, execution_date=20240625T061500, start_date=20240710T090944, end_date=20240710T090944
[2024-07-10T09:09:44.759+0000] {local_task_job_runner.py:240} INFO - Task exited with return code 0
[2024-07-10T09:09:44.802+0000] {taskinstance.py:3503} INFO - 0 downstream tasks scheduled from follow-on schedule check
[2024-07-10T09:09:44.805+0000] {local_task_job_runner.py:222} INFO - ::endgroup::
[2024-07-10T09:12:33.705+0000] {local_task_job_runner.py:120} INFO - ::group::Pre task execution logs
[2024-07-10T09:12:33.722+0000] {taskinstance.py:2076} INFO - Dependencies all met for dep_context=non-requeueable deps ti=<TaskInstance: market_etl.create_price_dimension scheduled__2024-06-25T06:15:00+00:00 [queued]>
[2024-07-10T09:12:33.729+0000] {taskinstance.py:2076} INFO - Dependencies all met for dep_context=requeueable deps ti=<TaskInstance: market_etl.create_price_dimension scheduled__2024-06-25T06:15:00+00:00 [queued]>
[2024-07-10T09:12:33.730+0000] {taskinstance.py:2306} INFO - Starting attempt 1 of 4
[2024-07-10T09:12:33.739+0000] {taskinstance.py:2330} INFO - Executing <Task(_PythonDecoratedOperator): create_price_dimension> on 2024-06-25 06:15:00+00:00
[2024-07-10T09:12:33.762+0000] {warnings.py:112} WARNING - /home/airflow/.local/lib/python3.12/site-packages/airflow/task/task_runner/standard_task_runner.py:61: DeprecationWarning: This process (pid=64) is multi-threaded, use of fork() may lead to deadlocks in the child.
  pid = os.fork()

[2024-07-10T09:12:33.769+0000] {standard_task_runner.py:90} INFO - Running: ['airflow', 'tasks', 'run', 'market_etl', 'create_price_dimension', 'scheduled__2024-06-25T06:15:00+00:00', '--job-id', '288', '--raw', '--subdir', 'DAGS_FOLDER/etl.py', '--cfg-path', '/tmp/tmpcqqkpi5v']
[2024-07-10T09:12:33.772+0000] {standard_task_runner.py:63} INFO - Started process 71 to run task
[2024-07-10T09:12:33.773+0000] {standard_task_runner.py:91} INFO - Job 288: Subtask create_price_dimension
[2024-07-10T09:12:33.861+0000] {task_command.py:426} INFO - Running <TaskInstance: market_etl.create_price_dimension scheduled__2024-06-25T06:15:00+00:00 [running]> on host 514b016b59c3
[2024-07-10T09:12:34.163+0000] {taskinstance.py:2648} INFO - Exporting env vars: AIRFLOW_CTX_DAG_OWNER='airflow' AIRFLOW_CTX_DAG_ID='market_etl' AIRFLOW_CTX_TASK_ID='create_price_dimension' AIRFLOW_CTX_EXECUTION_DATE='2024-06-25T06:15:00+00:00' AIRFLOW_CTX_TRY_NUMBER='1' AIRFLOW_CTX_DAG_RUN_ID='scheduled__2024-06-25T06:15:00+00:00'
[2024-07-10T09:12:34.165+0000] {taskinstance.py:430} INFO - ::endgroup::
[2024-07-10T09:12:34.172+0000] {python.py:237} INFO - Done. Returned value was:     SECURITY_ID  OPEN_PRICE  ...  Close_Date                   PRICE_ID
0          ADBL       286.1  ...  2024-07-09   ADBL_2024-07-09 00:00:00
1           AHL       520.0  ...  2024-07-09    AHL_2024-07-09 00:00:00
2          AHPC       157.2  ...  2024-07-09   AHPC_2024-07-09 00:00:00
3         AKJCL       220.2  ...  2024-07-09  AKJCL_2024-07-09 00:00:00
4          AKPL       162.6  ...  2024-07-09   AKPL_2024-07-09 00:00:00
..          ...         ...  ...         ...                        ...
310        USHL       588.0  ...  2024-07-09   USHL_2024-07-09 00:00:00
311        USLB      1765.0  ...  2024-07-09   USLB_2024-07-09 00:00:00
312        VLBS      1050.0  ...  2024-07-09   VLBS_2024-07-09 00:00:00
313       VLUCL       508.0  ...  2024-07-09  VLUCL_2024-07-09 00:00:00
314        WNLB      1441.0  ...  2024-07-09   WNLB_2024-07-09 00:00:00

[315 rows x 9 columns]
[2024-07-10T09:12:34.186+0000] {taskinstance.py:441} INFO - ::group::Post task execution logs
[2024-07-10T09:12:34.237+0000] {taskinstance.py:1206} INFO - Marking task as SUCCESS. dag_id=market_etl, task_id=create_price_dimension, run_id=scheduled__2024-06-25T06:15:00+00:00, execution_date=20240625T061500, start_date=20240710T091233, end_date=20240710T091234
[2024-07-10T09:12:34.257+0000] {local_task_job_runner.py:240} INFO - Task exited with return code 0
[2024-07-10T09:12:34.269+0000] {local_task_job_runner.py:222} INFO - ::endgroup::
[2024-07-10T09:21:26.194+0000] {local_task_job_runner.py:120} INFO - ::group::Pre task execution logs
[2024-07-10T09:21:26.213+0000] {taskinstance.py:2076} INFO - Dependencies all met for dep_context=non-requeueable deps ti=<TaskInstance: market_etl.create_price_dimension scheduled__2024-06-25T06:15:00+00:00 [queued]>
[2024-07-10T09:21:26.230+0000] {taskinstance.py:2076} INFO - Dependencies all met for dep_context=requeueable deps ti=<TaskInstance: market_etl.create_price_dimension scheduled__2024-06-25T06:15:00+00:00 [queued]>
[2024-07-10T09:21:26.231+0000] {taskinstance.py:2306} INFO - Starting attempt 1 of 4
[2024-07-10T09:21:26.245+0000] {taskinstance.py:2330} INFO - Executing <Task(_PythonDecoratedOperator): create_price_dimension> on 2024-06-25 06:15:00+00:00
[2024-07-10T09:21:26.277+0000] {warnings.py:112} WARNING - /home/airflow/.local/lib/python3.12/site-packages/airflow/task/task_runner/standard_task_runner.py:61: DeprecationWarning: This process (pid=62) is multi-threaded, use of fork() may lead to deadlocks in the child.
  pid = os.fork()

[2024-07-10T09:21:26.282+0000] {standard_task_runner.py:90} INFO - Running: ['airflow', 'tasks', 'run', 'market_etl', 'create_price_dimension', 'scheduled__2024-06-25T06:15:00+00:00', '--job-id', '409', '--raw', '--subdir', 'DAGS_FOLDER/etl.py', '--cfg-path', '/tmp/tmpdylw12jj']
[2024-07-10T09:21:26.285+0000] {standard_task_runner.py:63} INFO - Started process 72 to run task
[2024-07-10T09:21:26.286+0000] {standard_task_runner.py:91} INFO - Job 409: Subtask create_price_dimension
[2024-07-10T09:21:26.409+0000] {task_command.py:426} INFO - Running <TaskInstance: market_etl.create_price_dimension scheduled__2024-06-25T06:15:00+00:00 [running]> on host 514b016b59c3
[2024-07-10T09:21:26.762+0000] {taskinstance.py:2648} INFO - Exporting env vars: AIRFLOW_CTX_DAG_OWNER='airflow' AIRFLOW_CTX_DAG_ID='market_etl' AIRFLOW_CTX_TASK_ID='create_price_dimension' AIRFLOW_CTX_EXECUTION_DATE='2024-06-25T06:15:00+00:00' AIRFLOW_CTX_TRY_NUMBER='1' AIRFLOW_CTX_DAG_RUN_ID='scheduled__2024-06-25T06:15:00+00:00'
[2024-07-10T09:21:26.770+0000] {taskinstance.py:430} INFO - ::endgroup::
[2024-07-10T09:21:26.784+0000] {python.py:237} INFO - Done. Returned value was:     SECURITY_ID  OPEN_PRICE  ...  Close_Date                   PRICE_ID
0          ADBL       286.1  ...  2024-07-09   ADBL_2024-07-09 00:00:00
1           AHL       520.0  ...  2024-07-09    AHL_2024-07-09 00:00:00
2          AHPC       157.2  ...  2024-07-09   AHPC_2024-07-09 00:00:00
3         AKJCL       220.2  ...  2024-07-09  AKJCL_2024-07-09 00:00:00
4          AKPL       162.6  ...  2024-07-09   AKPL_2024-07-09 00:00:00
..          ...         ...  ...         ...                        ...
310        USHL       588.0  ...  2024-07-09   USHL_2024-07-09 00:00:00
311        USLB      1765.0  ...  2024-07-09   USLB_2024-07-09 00:00:00
312        VLBS      1050.0  ...  2024-07-09   VLBS_2024-07-09 00:00:00
313       VLUCL       508.0  ...  2024-07-09  VLUCL_2024-07-09 00:00:00
314        WNLB      1441.0  ...  2024-07-09   WNLB_2024-07-09 00:00:00

[315 rows x 9 columns]
[2024-07-10T09:21:26.800+0000] {taskinstance.py:441} INFO - ::group::Post task execution logs
[2024-07-10T09:21:26.864+0000] {taskinstance.py:1206} INFO - Marking task as SUCCESS. dag_id=market_etl, task_id=create_price_dimension, run_id=scheduled__2024-06-25T06:15:00+00:00, execution_date=20240625T061500, start_date=20240710T092126, end_date=20240710T092126
[2024-07-10T09:21:26.929+0000] {local_task_job_runner.py:240} INFO - Task exited with return code 0
[2024-07-10T09:21:26.966+0000] {local_task_job_runner.py:222} INFO - ::endgroup::
[2024-07-10T09:27:00.654+0000] {local_task_job_runner.py:120} INFO - ::group::Pre task execution logs
[2024-07-10T09:27:00.698+0000] {taskinstance.py:2076} INFO - Dependencies all met for dep_context=non-requeueable deps ti=<TaskInstance: market_etl.create_price_dimension scheduled__2024-06-25T06:15:00+00:00 [queued]>
[2024-07-10T09:27:00.705+0000] {taskinstance.py:2076} INFO - Dependencies all met for dep_context=requeueable deps ti=<TaskInstance: market_etl.create_price_dimension scheduled__2024-06-25T06:15:00+00:00 [queued]>
[2024-07-10T09:27:00.706+0000] {taskinstance.py:2306} INFO - Starting attempt 1 of 4
[2024-07-10T09:27:00.727+0000] {taskinstance.py:2330} INFO - Executing <Task(_PythonDecoratedOperator): create_price_dimension> on 2024-06-25 06:15:00+00:00
[2024-07-10T09:27:00.754+0000] {warnings.py:112} WARNING - /home/airflow/.local/lib/python3.12/site-packages/airflow/task/task_runner/standard_task_runner.py:61: DeprecationWarning: This process (pid=64) is multi-threaded, use of fork() may lead to deadlocks in the child.
  pid = os.fork()

[2024-07-10T09:27:00.758+0000] {standard_task_runner.py:63} INFO - Started process 69 to run task
[2024-07-10T09:27:00.757+0000] {standard_task_runner.py:90} INFO - Running: ['airflow', 'tasks', 'run', 'market_etl', 'create_price_dimension', 'scheduled__2024-06-25T06:15:00+00:00', '--job-id', '471', '--raw', '--subdir', 'DAGS_FOLDER/etl.py', '--cfg-path', '/tmp/tmpc4tbnkaw']
[2024-07-10T09:27:00.760+0000] {standard_task_runner.py:91} INFO - Job 471: Subtask create_price_dimension
[2024-07-10T09:27:00.906+0000] {task_command.py:426} INFO - Running <TaskInstance: market_etl.create_price_dimension scheduled__2024-06-25T06:15:00+00:00 [running]> on host 514b016b59c3
[2024-07-10T09:27:01.211+0000] {taskinstance.py:2648} INFO - Exporting env vars: AIRFLOW_CTX_DAG_OWNER='airflow' AIRFLOW_CTX_DAG_ID='market_etl' AIRFLOW_CTX_TASK_ID='create_price_dimension' AIRFLOW_CTX_EXECUTION_DATE='2024-06-25T06:15:00+00:00' AIRFLOW_CTX_TRY_NUMBER='1' AIRFLOW_CTX_DAG_RUN_ID='scheduled__2024-06-25T06:15:00+00:00'
[2024-07-10T09:27:01.214+0000] {taskinstance.py:430} INFO - ::endgroup::
[2024-07-10T09:27:01.221+0000] {python.py:237} INFO - Done. Returned value was:     SECURITY_ID  OPEN_PRICE  ...  Close_Date          PRICE_ID
0          ADBL       286.1  ...  2024-07-09   ADBL_2024-07-09
1           AHL       520.0  ...  2024-07-09    AHL_2024-07-09
2          AHPC       157.2  ...  2024-07-09   AHPC_2024-07-09
3         AKJCL       220.2  ...  2024-07-09  AKJCL_2024-07-09
4          AKPL       162.6  ...  2024-07-09   AKPL_2024-07-09
..          ...         ...  ...         ...               ...
310        USHL       588.0  ...  2024-07-09   USHL_2024-07-09
311        USLB      1765.0  ...  2024-07-09   USLB_2024-07-09
312        VLBS      1050.0  ...  2024-07-09   VLBS_2024-07-09
313       VLUCL       508.0  ...  2024-07-09  VLUCL_2024-07-09
314        WNLB      1441.0  ...  2024-07-09   WNLB_2024-07-09

[315 rows x 9 columns]
[2024-07-10T09:27:01.230+0000] {taskinstance.py:441} INFO - ::group::Post task execution logs
[2024-07-10T09:27:01.315+0000] {taskinstance.py:1206} INFO - Marking task as SUCCESS. dag_id=market_etl, task_id=create_price_dimension, run_id=scheduled__2024-06-25T06:15:00+00:00, execution_date=20240625T061500, start_date=20240710T092700, end_date=20240710T092701
[2024-07-10T09:27:01.354+0000] {local_task_job_runner.py:240} INFO - Task exited with return code 0
[2024-07-10T09:27:01.398+0000] {taskinstance.py:3503} INFO - 0 downstream tasks scheduled from follow-on schedule check
[2024-07-10T09:27:01.400+0000] {local_task_job_runner.py:222} INFO - ::endgroup::
[2024-07-10T09:30:00.859+0000] {local_task_job_runner.py:120} INFO - ::group::Pre task execution logs
[2024-07-10T09:30:00.902+0000] {taskinstance.py:2076} INFO - Dependencies all met for dep_context=non-requeueable deps ti=<TaskInstance: market_etl.create_price_dimension scheduled__2024-06-25T06:15:00+00:00 [queued]>
[2024-07-10T09:30:00.908+0000] {taskinstance.py:2076} INFO - Dependencies all met for dep_context=requeueable deps ti=<TaskInstance: market_etl.create_price_dimension scheduled__2024-06-25T06:15:00+00:00 [queued]>
[2024-07-10T09:30:00.908+0000] {taskinstance.py:2306} INFO - Starting attempt 1 of 4
[2024-07-10T09:30:00.917+0000] {taskinstance.py:2330} INFO - Executing <Task(_PythonDecoratedOperator): create_price_dimension> on 2024-06-25 06:15:00+00:00
[2024-07-10T09:30:00.927+0000] {warnings.py:112} WARNING - /home/airflow/.local/lib/python3.12/site-packages/airflow/task/task_runner/standard_task_runner.py:61: DeprecationWarning: This process (pid=64) is multi-threaded, use of fork() may lead to deadlocks in the child.
  pid = os.fork()

[2024-07-10T09:30:00.929+0000] {standard_task_runner.py:63} INFO - Started process 69 to run task
[2024-07-10T09:30:00.929+0000] {standard_task_runner.py:90} INFO - Running: ['airflow', 'tasks', 'run', 'market_etl', 'create_price_dimension', 'scheduled__2024-06-25T06:15:00+00:00', '--job-id', '477', '--raw', '--subdir', 'DAGS_FOLDER/etl.py', '--cfg-path', '/tmp/tmpr5h8ce9w']
[2024-07-10T09:30:00.933+0000] {standard_task_runner.py:91} INFO - Job 477: Subtask create_price_dimension
[2024-07-10T09:30:01.024+0000] {task_command.py:426} INFO - Running <TaskInstance: market_etl.create_price_dimension scheduled__2024-06-25T06:15:00+00:00 [running]> on host 514b016b59c3
[2024-07-10T09:30:01.506+0000] {taskinstance.py:2648} INFO - Exporting env vars: AIRFLOW_CTX_DAG_OWNER='airflow' AIRFLOW_CTX_DAG_ID='market_etl' AIRFLOW_CTX_TASK_ID='create_price_dimension' AIRFLOW_CTX_EXECUTION_DATE='2024-06-25T06:15:00+00:00' AIRFLOW_CTX_TRY_NUMBER='1' AIRFLOW_CTX_DAG_RUN_ID='scheduled__2024-06-25T06:15:00+00:00'
[2024-07-10T09:30:01.508+0000] {taskinstance.py:430} INFO - ::endgroup::
[2024-07-10T09:30:01.518+0000] {python.py:237} INFO - Done. Returned value was:     SECURITY_ID  OPEN_PRICE  ...  Close_Date          PRICE_ID
0          ADBL       286.1  ...  2024-07-09   ADBL_2024-07-09
1           AHL       520.0  ...  2024-07-09    AHL_2024-07-09
2          AHPC       157.2  ...  2024-07-09   AHPC_2024-07-09
3         AKJCL       220.2  ...  2024-07-09  AKJCL_2024-07-09
4          AKPL       162.6  ...  2024-07-09   AKPL_2024-07-09
..          ...         ...  ...         ...               ...
310        USHL       588.0  ...  2024-07-09   USHL_2024-07-09
311        USLB      1765.0  ...  2024-07-09   USLB_2024-07-09
312        VLBS      1050.0  ...  2024-07-09   VLBS_2024-07-09
313       VLUCL       508.0  ...  2024-07-09  VLUCL_2024-07-09
314        WNLB      1441.0  ...  2024-07-09   WNLB_2024-07-09

[315 rows x 9 columns]
[2024-07-10T09:30:01.537+0000] {taskinstance.py:441} INFO - ::group::Post task execution logs
[2024-07-10T09:30:01.606+0000] {taskinstance.py:1206} INFO - Marking task as SUCCESS. dag_id=market_etl, task_id=create_price_dimension, run_id=scheduled__2024-06-25T06:15:00+00:00, execution_date=20240625T061500, start_date=20240710T093000, end_date=20240710T093001
[2024-07-10T09:30:01.652+0000] {local_task_job_runner.py:240} INFO - Task exited with return code 0
[2024-07-10T09:30:01.678+0000] {local_task_job_runner.py:222} INFO - ::endgroup::
[2024-07-10T09:41:59.151+0000] {local_task_job_runner.py:120} INFO - ::group::Pre task execution logs
[2024-07-10T09:41:59.184+0000] {taskinstance.py:2076} INFO - Dependencies all met for dep_context=non-requeueable deps ti=<TaskInstance: market_etl.create_price_dimension scheduled__2024-06-25T06:15:00+00:00 [queued]>
[2024-07-10T09:41:59.190+0000] {taskinstance.py:2076} INFO - Dependencies all met for dep_context=requeueable deps ti=<TaskInstance: market_etl.create_price_dimension scheduled__2024-06-25T06:15:00+00:00 [queued]>
[2024-07-10T09:41:59.191+0000] {taskinstance.py:2306} INFO - Starting attempt 1 of 4
[2024-07-10T09:41:59.199+0000] {taskinstance.py:2330} INFO - Executing <Task(_PythonDecoratedOperator): create_price_dimension> on 2024-06-25 06:15:00+00:00
[2024-07-10T09:41:59.208+0000] {warnings.py:112} WARNING - /home/airflow/.local/lib/python3.12/site-packages/airflow/task/task_runner/standard_task_runner.py:61: DeprecationWarning: This process (pid=98) is multi-threaded, use of fork() may lead to deadlocks in the child.
  pid = os.fork()

[2024-07-10T09:41:59.209+0000] {standard_task_runner.py:63} INFO - Started process 101 to run task
[2024-07-10T09:41:59.210+0000] {standard_task_runner.py:90} INFO - Running: ['airflow', 'tasks', 'run', 'market_etl', 'create_price_dimension', 'scheduled__2024-06-25T06:15:00+00:00', '--job-id', '518', '--raw', '--subdir', 'DAGS_FOLDER/etl.py', '--cfg-path', '/tmp/tmpywb91lqx']
[2024-07-10T09:41:59.212+0000] {standard_task_runner.py:91} INFO - Job 518: Subtask create_price_dimension
[2024-07-10T09:41:59.257+0000] {task_command.py:426} INFO - Running <TaskInstance: market_etl.create_price_dimension scheduled__2024-06-25T06:15:00+00:00 [running]> on host 514b016b59c3
[2024-07-10T09:41:59.482+0000] {taskinstance.py:2648} INFO - Exporting env vars: AIRFLOW_CTX_DAG_OWNER='airflow' AIRFLOW_CTX_DAG_ID='market_etl' AIRFLOW_CTX_TASK_ID='create_price_dimension' AIRFLOW_CTX_EXECUTION_DATE='2024-06-25T06:15:00+00:00' AIRFLOW_CTX_TRY_NUMBER='1' AIRFLOW_CTX_DAG_RUN_ID='scheduled__2024-06-25T06:15:00+00:00'
[2024-07-10T09:41:59.484+0000] {taskinstance.py:430} INFO - ::endgroup::
[2024-07-10T09:41:59.489+0000] {python.py:237} INFO - Done. Returned value was:     SECURITY_ID  OPEN_PRICE  ...  PREVIOUS_DAY_PRICE          PRICE_ID
0          ADBL       286.1  ...               280.5   ADBL_2024-07-09
1           AHL       520.0  ...               517.0    AHL_2024-07-09
2          AHPC       157.2  ...               155.0   AHPC_2024-07-09
3         AKJCL       220.2  ...               224.0  AKJCL_2024-07-09
4          AKPL       162.6  ...               162.5   AKPL_2024-07-09
..          ...         ...  ...                 ...               ...
310        USHL       588.0  ...               582.0   USHL_2024-07-09
311        USLB      1765.0  ...              1731.9   USLB_2024-07-09
312        VLBS      1050.0  ...              1030.0   VLBS_2024-07-09
313       VLUCL       508.0  ...               508.8  VLUCL_2024-07-09
314        WNLB      1441.0  ...              1449.0   WNLB_2024-07-09

[315 rows x 8 columns]
[2024-07-10T09:41:59.498+0000] {taskinstance.py:441} INFO - ::group::Post task execution logs
[2024-07-10T09:41:59.540+0000] {taskinstance.py:1206} INFO - Marking task as SUCCESS. dag_id=market_etl, task_id=create_price_dimension, run_id=scheduled__2024-06-25T06:15:00+00:00, execution_date=20240625T061500, start_date=20240710T094159, end_date=20240710T094159
[2024-07-10T09:41:59.597+0000] {local_task_job_runner.py:240} INFO - Task exited with return code 0
[2024-07-10T09:41:59.622+0000] {local_task_job_runner.py:222} INFO - ::endgroup::
[2024-07-10T09:47:00.820+0000] {local_task_job_runner.py:120} INFO - ::group::Pre task execution logs
[2024-07-10T09:47:00.850+0000] {taskinstance.py:2076} INFO - Dependencies all met for dep_context=non-requeueable deps ti=<TaskInstance: market_etl.create_price_dimension scheduled__2024-06-25T06:15:00+00:00 [queued]>
[2024-07-10T09:47:00.857+0000] {taskinstance.py:2076} INFO - Dependencies all met for dep_context=requeueable deps ti=<TaskInstance: market_etl.create_price_dimension scheduled__2024-06-25T06:15:00+00:00 [queued]>
[2024-07-10T09:47:00.857+0000] {taskinstance.py:2306} INFO - Starting attempt 1 of 4
[2024-07-10T09:47:00.865+0000] {taskinstance.py:2330} INFO - Executing <Task(_PythonDecoratedOperator): create_price_dimension> on 2024-06-25 06:15:00+00:00
[2024-07-10T09:47:00.873+0000] {warnings.py:112} WARNING - /home/airflow/.local/lib/python3.12/site-packages/airflow/task/task_runner/standard_task_runner.py:61: DeprecationWarning: This process (pid=96) is multi-threaded, use of fork() may lead to deadlocks in the child.
  pid = os.fork()

[2024-07-10T09:47:00.874+0000] {standard_task_runner.py:63} INFO - Started process 101 to run task
[2024-07-10T09:47:00.875+0000] {standard_task_runner.py:90} INFO - Running: ['airflow', 'tasks', 'run', 'market_etl', 'create_price_dimension', 'scheduled__2024-06-25T06:15:00+00:00', '--job-id', '527', '--raw', '--subdir', 'DAGS_FOLDER/etl.py', '--cfg-path', '/tmp/tmprfrjkupu']
[2024-07-10T09:47:00.877+0000] {standard_task_runner.py:91} INFO - Job 527: Subtask create_price_dimension
[2024-07-10T09:47:00.941+0000] {task_command.py:426} INFO - Running <TaskInstance: market_etl.create_price_dimension scheduled__2024-06-25T06:15:00+00:00 [running]> on host 514b016b59c3
[2024-07-10T09:47:01.182+0000] {taskinstance.py:2648} INFO - Exporting env vars: AIRFLOW_CTX_DAG_OWNER='airflow' AIRFLOW_CTX_DAG_ID='market_etl' AIRFLOW_CTX_TASK_ID='create_price_dimension' AIRFLOW_CTX_EXECUTION_DATE='2024-06-25T06:15:00+00:00' AIRFLOW_CTX_TRY_NUMBER='1' AIRFLOW_CTX_DAG_RUN_ID='scheduled__2024-06-25T06:15:00+00:00'
[2024-07-10T09:47:01.184+0000] {taskinstance.py:430} INFO - ::endgroup::
[2024-07-10T09:47:01.189+0000] {python.py:237} INFO - Done. Returned value was:     SECURITY_ID  OPEN_PRICE  ...  PREVIOUS_DAY_PRICE          PRICE_ID
0          ADBL       286.1  ...               280.5   ADBL_2024-07-09
1           AHL       520.0  ...               517.0    AHL_2024-07-09
2          AHPC       157.2  ...               155.0   AHPC_2024-07-09
3         AKJCL       220.2  ...               224.0  AKJCL_2024-07-09
4          AKPL       162.6  ...               162.5   AKPL_2024-07-09
..          ...         ...  ...                 ...               ...
310        USHL       588.0  ...               582.0   USHL_2024-07-09
311        USLB      1765.0  ...              1731.9   USLB_2024-07-09
312        VLBS      1050.0  ...              1030.0   VLBS_2024-07-09
313       VLUCL       508.0  ...               508.8  VLUCL_2024-07-09
314        WNLB      1441.0  ...              1449.0   WNLB_2024-07-09

[315 rows x 8 columns]
[2024-07-10T09:47:01.200+0000] {taskinstance.py:441} INFO - ::group::Post task execution logs
[2024-07-10T09:47:01.248+0000] {taskinstance.py:1206} INFO - Marking task as SUCCESS. dag_id=market_etl, task_id=create_price_dimension, run_id=scheduled__2024-06-25T06:15:00+00:00, execution_date=20240625T061500, start_date=20240710T094700, end_date=20240710T094701
[2024-07-10T09:47:01.306+0000] {local_task_job_runner.py:240} INFO - Task exited with return code 0
[2024-07-10T09:47:01.333+0000] {local_task_job_runner.py:222} INFO - ::endgroup::
[2024-07-10T09:51:24.289+0000] {local_task_job_runner.py:120} INFO - ::group::Pre task execution logs
[2024-07-10T09:51:24.305+0000] {taskinstance.py:2076} INFO - Dependencies all met for dep_context=non-requeueable deps ti=<TaskInstance: market_etl.create_price_dimension scheduled__2024-06-25T06:15:00+00:00 [queued]>
[2024-07-10T09:51:24.311+0000] {taskinstance.py:2076} INFO - Dependencies all met for dep_context=requeueable deps ti=<TaskInstance: market_etl.create_price_dimension scheduled__2024-06-25T06:15:00+00:00 [queued]>
[2024-07-10T09:51:24.311+0000] {taskinstance.py:2306} INFO - Starting attempt 1 of 4
[2024-07-10T09:51:24.319+0000] {taskinstance.py:2330} INFO - Executing <Task(_PythonDecoratedOperator): create_price_dimension> on 2024-06-25 06:15:00+00:00
[2024-07-10T09:51:24.338+0000] {warnings.py:112} WARNING - /home/airflow/.local/lib/python3.12/site-packages/airflow/task/task_runner/standard_task_runner.py:61: DeprecationWarning: This process (pid=98) is multi-threaded, use of fork() may lead to deadlocks in the child.
  pid = os.fork()

[2024-07-10T09:51:24.339+0000] {standard_task_runner.py:63} INFO - Started process 101 to run task
[2024-07-10T09:51:24.340+0000] {standard_task_runner.py:90} INFO - Running: ['airflow', 'tasks', 'run', 'market_etl', 'create_price_dimension', 'scheduled__2024-06-25T06:15:00+00:00', '--job-id', '538', '--raw', '--subdir', 'DAGS_FOLDER/etl.py', '--cfg-path', '/tmp/tmpit8yhuo3']
[2024-07-10T09:51:24.342+0000] {standard_task_runner.py:91} INFO - Job 538: Subtask create_price_dimension
[2024-07-10T09:51:24.401+0000] {task_command.py:426} INFO - Running <TaskInstance: market_etl.create_price_dimension scheduled__2024-06-25T06:15:00+00:00 [running]> on host 514b016b59c3
[2024-07-10T09:51:24.594+0000] {taskinstance.py:2648} INFO - Exporting env vars: AIRFLOW_CTX_DAG_OWNER='airflow' AIRFLOW_CTX_DAG_ID='market_etl' AIRFLOW_CTX_TASK_ID='create_price_dimension' AIRFLOW_CTX_EXECUTION_DATE='2024-06-25T06:15:00+00:00' AIRFLOW_CTX_TRY_NUMBER='1' AIRFLOW_CTX_DAG_RUN_ID='scheduled__2024-06-25T06:15:00+00:00'
[2024-07-10T09:51:24.595+0000] {taskinstance.py:430} INFO - ::endgroup::
[2024-07-10T09:51:24.598+0000] {python.py:237} INFO - Done. Returned value was:     SECURITY_ID  OPEN_PRICE  ...  PREVIOUS_DAY_PRICE          PRICE_ID
0          ADBL       286.1  ...               280.5   ADBL_2024-07-09
1           AHL       520.0  ...               517.0    AHL_2024-07-09
2          AHPC       157.2  ...               155.0   AHPC_2024-07-09
3         AKJCL       220.2  ...               224.0  AKJCL_2024-07-09
4          AKPL       162.6  ...               162.5   AKPL_2024-07-09
..          ...         ...  ...                 ...               ...
310        USHL       588.0  ...               582.0   USHL_2024-07-09
311        USLB      1765.0  ...              1731.9   USLB_2024-07-09
312        VLBS      1050.0  ...              1030.0   VLBS_2024-07-09
313       VLUCL       508.0  ...               508.8  VLUCL_2024-07-09
314        WNLB      1441.0  ...              1449.0   WNLB_2024-07-09

[315 rows x 8 columns]
[2024-07-10T09:51:24.612+0000] {taskinstance.py:441} INFO - ::group::Post task execution logs
[2024-07-10T09:51:24.738+0000] {taskinstance.py:1206} INFO - Marking task as SUCCESS. dag_id=market_etl, task_id=create_price_dimension, run_id=scheduled__2024-06-25T06:15:00+00:00, execution_date=20240625T061500, start_date=20240710T095124, end_date=20240710T095124
[2024-07-10T09:51:24.811+0000] {local_task_job_runner.py:240} INFO - Task exited with return code 0
[2024-07-10T09:51:24.856+0000] {taskinstance.py:3503} INFO - 1 downstream tasks scheduled from follow-on schedule check
[2024-07-10T09:51:24.857+0000] {local_task_job_runner.py:222} INFO - ::endgroup::
[2024-07-10T10:01:01.440+0000] {local_task_job_runner.py:120} INFO - ::group::Pre task execution logs
[2024-07-10T10:01:01.456+0000] {taskinstance.py:2076} INFO - Dependencies all met for dep_context=non-requeueable deps ti=<TaskInstance: market_etl.create_price_dimension scheduled__2024-06-25T06:15:00+00:00 [queued]>
[2024-07-10T10:01:01.463+0000] {taskinstance.py:2076} INFO - Dependencies all met for dep_context=requeueable deps ti=<TaskInstance: market_etl.create_price_dimension scheduled__2024-06-25T06:15:00+00:00 [queued]>
[2024-07-10T10:01:01.463+0000] {taskinstance.py:2306} INFO - Starting attempt 1 of 4
[2024-07-10T10:01:01.475+0000] {taskinstance.py:2330} INFO - Executing <Task(_PythonDecoratedOperator): create_price_dimension> on 2024-06-25 06:15:00+00:00
[2024-07-10T10:01:01.483+0000] {warnings.py:112} WARNING - /home/airflow/.local/lib/python3.12/site-packages/airflow/task/task_runner/standard_task_runner.py:61: DeprecationWarning: This process (pid=98) is multi-threaded, use of fork() may lead to deadlocks in the child.
  pid = os.fork()

[2024-07-10T10:01:01.484+0000] {standard_task_runner.py:63} INFO - Started process 102 to run task
[2024-07-10T10:01:01.485+0000] {standard_task_runner.py:90} INFO - Running: ['airflow', 'tasks', 'run', 'market_etl', 'create_price_dimension', 'scheduled__2024-06-25T06:15:00+00:00', '--job-id', '624', '--raw', '--subdir', 'DAGS_FOLDER/etl.py', '--cfg-path', '/tmp/tmp2pyznud_']
[2024-07-10T10:01:01.487+0000] {standard_task_runner.py:91} INFO - Job 624: Subtask create_price_dimension
[2024-07-10T10:01:01.555+0000] {task_command.py:426} INFO - Running <TaskInstance: market_etl.create_price_dimension scheduled__2024-06-25T06:15:00+00:00 [running]> on host 514b016b59c3
[2024-07-10T10:01:01.753+0000] {taskinstance.py:2648} INFO - Exporting env vars: AIRFLOW_CTX_DAG_OWNER='airflow' AIRFLOW_CTX_DAG_ID='market_etl' AIRFLOW_CTX_TASK_ID='create_price_dimension' AIRFLOW_CTX_EXECUTION_DATE='2024-06-25T06:15:00+00:00' AIRFLOW_CTX_TRY_NUMBER='1' AIRFLOW_CTX_DAG_RUN_ID='scheduled__2024-06-25T06:15:00+00:00'
[2024-07-10T10:01:01.754+0000] {taskinstance.py:430} INFO - ::endgroup::
[2024-07-10T10:01:01.758+0000] {python.py:237} INFO - Done. Returned value was:     SECURITY_ID  OPEN_PRICE  ...  PREVIOUS_DAY_PRICE          PRICE_ID
0          ADBL       286.1  ...               280.5   ADBL_2024-07-09
1           AHL       520.0  ...               517.0    AHL_2024-07-09
2          AHPC       157.2  ...               155.0   AHPC_2024-07-09
3         AKJCL       220.2  ...               224.0  AKJCL_2024-07-09
4          AKPL       162.6  ...               162.5   AKPL_2024-07-09
..          ...         ...  ...                 ...               ...
310        USHL       588.0  ...               582.0   USHL_2024-07-09
311        USLB      1765.0  ...              1731.9   USLB_2024-07-09
312        VLBS      1050.0  ...              1030.0   VLBS_2024-07-09
313       VLUCL       508.0  ...               508.8  VLUCL_2024-07-09
314        WNLB      1441.0  ...              1449.0   WNLB_2024-07-09

[315 rows x 8 columns]
[2024-07-10T10:01:01.767+0000] {taskinstance.py:441} INFO - ::group::Post task execution logs
[2024-07-10T10:01:01.814+0000] {taskinstance.py:1206} INFO - Marking task as SUCCESS. dag_id=market_etl, task_id=create_price_dimension, run_id=scheduled__2024-06-25T06:15:00+00:00, execution_date=20240625T061500, start_date=20240710T100101, end_date=20240710T100101
[2024-07-10T10:01:01.832+0000] {local_task_job_runner.py:240} INFO - Task exited with return code 0
[2024-07-10T10:01:01.861+0000] {local_task_job_runner.py:222} INFO - ::endgroup::
[2024-07-10T10:05:00.366+0000] {local_task_job_runner.py:120} INFO - ::group::Pre task execution logs
[2024-07-10T10:05:00.384+0000] {taskinstance.py:2076} INFO - Dependencies all met for dep_context=non-requeueable deps ti=<TaskInstance: market_etl.create_price_dimension scheduled__2024-06-25T06:15:00+00:00 [queued]>
[2024-07-10T10:05:00.390+0000] {taskinstance.py:2076} INFO - Dependencies all met for dep_context=requeueable deps ti=<TaskInstance: market_etl.create_price_dimension scheduled__2024-06-25T06:15:00+00:00 [queued]>
[2024-07-10T10:05:00.391+0000] {taskinstance.py:2306} INFO - Starting attempt 1 of 4
[2024-07-10T10:05:00.399+0000] {taskinstance.py:2330} INFO - Executing <Task(_PythonDecoratedOperator): create_price_dimension> on 2024-06-25 06:15:00+00:00
[2024-07-10T10:05:00.420+0000] {warnings.py:112} WARNING - /home/airflow/.local/lib/python3.12/site-packages/airflow/task/task_runner/standard_task_runner.py:61: DeprecationWarning: This process (pid=96) is multi-threaded, use of fork() may lead to deadlocks in the child.
  pid = os.fork()

[2024-07-10T10:05:00.422+0000] {standard_task_runner.py:63} INFO - Started process 100 to run task
[2024-07-10T10:05:00.424+0000] {standard_task_runner.py:90} INFO - Running: ['airflow', 'tasks', 'run', 'market_etl', 'create_price_dimension', 'scheduled__2024-06-25T06:15:00+00:00', '--job-id', '667', '--raw', '--subdir', 'DAGS_FOLDER/etl.py', '--cfg-path', '/tmp/tmphfg14yt2']
[2024-07-10T10:05:00.426+0000] {standard_task_runner.py:91} INFO - Job 667: Subtask create_price_dimension
[2024-07-10T10:05:00.473+0000] {task_command.py:426} INFO - Running <TaskInstance: market_etl.create_price_dimension scheduled__2024-06-25T06:15:00+00:00 [running]> on host 514b016b59c3
[2024-07-10T10:05:00.761+0000] {taskinstance.py:2648} INFO - Exporting env vars: AIRFLOW_CTX_DAG_OWNER='airflow' AIRFLOW_CTX_DAG_ID='market_etl' AIRFLOW_CTX_TASK_ID='create_price_dimension' AIRFLOW_CTX_EXECUTION_DATE='2024-06-25T06:15:00+00:00' AIRFLOW_CTX_TRY_NUMBER='1' AIRFLOW_CTX_DAG_RUN_ID='scheduled__2024-06-25T06:15:00+00:00'
[2024-07-10T10:05:00.764+0000] {taskinstance.py:430} INFO - ::endgroup::
[2024-07-10T10:05:00.781+0000] {python.py:237} INFO - Done. Returned value was:     SECURITY_ID  OPEN_PRICE  ...  PREVIOUS_DAY_PRICE          PRICE_ID
0          ADBL       286.1  ...               280.5   ADBL_2024-07-09
1           AHL       520.0  ...               517.0    AHL_2024-07-09
2          AHPC       157.2  ...               155.0   AHPC_2024-07-09
3         AKJCL       220.2  ...               224.0  AKJCL_2024-07-09
4          AKPL       162.6  ...               162.5   AKPL_2024-07-09
..          ...         ...  ...                 ...               ...
310        USHL       588.0  ...               582.0   USHL_2024-07-09
311        USLB      1765.0  ...              1731.9   USLB_2024-07-09
312        VLBS      1050.0  ...              1030.0   VLBS_2024-07-09
313       VLUCL       508.0  ...               508.8  VLUCL_2024-07-09
314        WNLB      1441.0  ...              1449.0   WNLB_2024-07-09

[315 rows x 8 columns]
[2024-07-10T10:05:00.795+0000] {taskinstance.py:441} INFO - ::group::Post task execution logs
[2024-07-10T10:05:00.837+0000] {taskinstance.py:1206} INFO - Marking task as SUCCESS. dag_id=market_etl, task_id=create_price_dimension, run_id=scheduled__2024-06-25T06:15:00+00:00, execution_date=20240625T061500, start_date=20240710T100500, end_date=20240710T100500
[2024-07-10T10:05:00.894+0000] {local_task_job_runner.py:240} INFO - Task exited with return code 0
[2024-07-10T10:05:00.920+0000] {local_task_job_runner.py:222} INFO - ::endgroup::
[2024-07-10T10:07:04.141+0000] {local_task_job_runner.py:120} INFO - ::group::Pre task execution logs
[2024-07-10T10:07:04.159+0000] {taskinstance.py:2076} INFO - Dependencies all met for dep_context=non-requeueable deps ti=<TaskInstance: market_etl.create_price_dimension scheduled__2024-06-25T06:15:00+00:00 [queued]>
[2024-07-10T10:07:04.165+0000] {taskinstance.py:2076} INFO - Dependencies all met for dep_context=requeueable deps ti=<TaskInstance: market_etl.create_price_dimension scheduled__2024-06-25T06:15:00+00:00 [queued]>
[2024-07-10T10:07:04.165+0000] {taskinstance.py:2306} INFO - Starting attempt 1 of 4
[2024-07-10T10:07:04.174+0000] {taskinstance.py:2330} INFO - Executing <Task(_PythonDecoratedOperator): create_price_dimension> on 2024-06-25 06:15:00+00:00
[2024-07-10T10:07:04.183+0000] {warnings.py:112} WARNING - /home/airflow/.local/lib/python3.12/site-packages/airflow/task/task_runner/standard_task_runner.py:61: DeprecationWarning: This process (pid=98) is multi-threaded, use of fork() may lead to deadlocks in the child.
  pid = os.fork()

[2024-07-10T10:07:04.184+0000] {standard_task_runner.py:63} INFO - Started process 102 to run task
[2024-07-10T10:07:04.185+0000] {standard_task_runner.py:90} INFO - Running: ['airflow', 'tasks', 'run', 'market_etl', 'create_price_dimension', 'scheduled__2024-06-25T06:15:00+00:00', '--job-id', '686', '--raw', '--subdir', 'DAGS_FOLDER/etl.py', '--cfg-path', '/tmp/tmpjjkna0up']
[2024-07-10T10:07:04.187+0000] {standard_task_runner.py:91} INFO - Job 686: Subtask create_price_dimension
[2024-07-10T10:07:04.261+0000] {task_command.py:426} INFO - Running <TaskInstance: market_etl.create_price_dimension scheduled__2024-06-25T06:15:00+00:00 [running]> on host 514b016b59c3
[2024-07-10T10:07:04.543+0000] {taskinstance.py:2648} INFO - Exporting env vars: AIRFLOW_CTX_DAG_OWNER='airflow' AIRFLOW_CTX_DAG_ID='market_etl' AIRFLOW_CTX_TASK_ID='create_price_dimension' AIRFLOW_CTX_EXECUTION_DATE='2024-06-25T06:15:00+00:00' AIRFLOW_CTX_TRY_NUMBER='1' AIRFLOW_CTX_DAG_RUN_ID='scheduled__2024-06-25T06:15:00+00:00'
[2024-07-10T10:07:04.545+0000] {taskinstance.py:430} INFO - ::endgroup::
[2024-07-10T10:07:04.550+0000] {python.py:237} INFO - Done. Returned value was:     SECURITY_ID  OPEN_PRICE  ...  PREVIOUS_DAY_PRICE          PRICE_ID
0          ADBL       286.1  ...               280.5   ADBL_2024-07-09
1           AHL       520.0  ...               517.0    AHL_2024-07-09
2          AHPC       157.2  ...               155.0   AHPC_2024-07-09
3         AKJCL       220.2  ...               224.0  AKJCL_2024-07-09
4          AKPL       162.6  ...               162.5   AKPL_2024-07-09
..          ...         ...  ...                 ...               ...
310        USHL       588.0  ...               582.0   USHL_2024-07-09
311        USLB      1765.0  ...              1731.9   USLB_2024-07-09
312        VLBS      1050.0  ...              1030.0   VLBS_2024-07-09
313       VLUCL       508.0  ...               508.8  VLUCL_2024-07-09
314        WNLB      1441.0  ...              1449.0   WNLB_2024-07-09

[315 rows x 8 columns]
[2024-07-10T10:07:04.558+0000] {taskinstance.py:441} INFO - ::group::Post task execution logs
[2024-07-10T10:07:04.586+0000] {taskinstance.py:1206} INFO - Marking task as SUCCESS. dag_id=market_etl, task_id=create_price_dimension, run_id=scheduled__2024-06-25T06:15:00+00:00, execution_date=20240625T061500, start_date=20240710T100704, end_date=20240710T100704
[2024-07-10T10:07:04.613+0000] {local_task_job_runner.py:240} INFO - Task exited with return code 0
[2024-07-10T10:07:04.628+0000] {local_task_job_runner.py:222} INFO - ::endgroup::
[2024-07-11T06:38:16.582+0000] {local_task_job_runner.py:120} INFO - ::group::Pre task execution logs
[2024-07-11T06:38:16.604+0000] {taskinstance.py:2076} INFO - Dependencies all met for dep_context=non-requeueable deps ti=<TaskInstance: market_etl.create_price_dimension scheduled__2024-06-25T06:15:00+00:00 [queued]>
[2024-07-11T06:38:16.619+0000] {taskinstance.py:2076} INFO - Dependencies all met for dep_context=requeueable deps ti=<TaskInstance: market_etl.create_price_dimension scheduled__2024-06-25T06:15:00+00:00 [queued]>
[2024-07-11T06:38:16.620+0000] {taskinstance.py:2306} INFO - Starting attempt 1 of 4
[2024-07-11T06:38:16.628+0000] {taskinstance.py:2330} INFO - Executing <Task(_PythonDecoratedOperator): create_price_dimension> on 2024-06-25 06:15:00+00:00
[2024-07-11T06:38:16.651+0000] {warnings.py:112} WARNING - /home/airflow/.local/lib/python3.12/site-packages/airflow/task/task_runner/standard_task_runner.py:61: DeprecationWarning: This process (pid=98) is multi-threaded, use of fork() may lead to deadlocks in the child.
  pid = os.fork()

[2024-07-11T06:38:16.654+0000] {standard_task_runner.py:63} INFO - Started process 102 to run task
[2024-07-11T06:38:16.658+0000] {standard_task_runner.py:90} INFO - Running: ['airflow', 'tasks', 'run', 'market_etl', 'create_price_dimension', 'scheduled__2024-06-25T06:15:00+00:00', '--job-id', '895', '--raw', '--subdir', 'DAGS_FOLDER/etl.py', '--cfg-path', '/tmp/tmplca0_o0u']
[2024-07-11T06:38:16.661+0000] {standard_task_runner.py:91} INFO - Job 895: Subtask create_price_dimension
[2024-07-11T06:38:16.728+0000] {task_command.py:426} INFO - Running <TaskInstance: market_etl.create_price_dimension scheduled__2024-06-25T06:15:00+00:00 [running]> on host aa283b53dd54
[2024-07-11T06:38:16.954+0000] {taskinstance.py:2648} INFO - Exporting env vars: AIRFLOW_CTX_DAG_OWNER='airflow' AIRFLOW_CTX_DAG_ID='market_etl' AIRFLOW_CTX_TASK_ID='create_price_dimension' AIRFLOW_CTX_EXECUTION_DATE='2024-06-25T06:15:00+00:00' AIRFLOW_CTX_TRY_NUMBER='1' AIRFLOW_CTX_DAG_RUN_ID='scheduled__2024-06-25T06:15:00+00:00'
[2024-07-11T06:38:16.955+0000] {taskinstance.py:430} INFO - ::endgroup::
[2024-07-11T06:38:16.959+0000] {python.py:237} INFO - Done. Returned value was:     SECURITY_ID  OPEN_PRICE  ...  PREVIOUS_DAY_PRICE            PRICE_ID
0          ADBL       283.0  ...               285.2     ADBL_2024-07-10
1       ADBLD83      1118.0  ...              1138.5  ADBLD83_2024-07-10
2           AHL       530.9  ...               521.3      AHL_2024-07-10
3          AHPC       154.0  ...               154.8     AHPC_2024-07-10
4         AKJCL       224.0  ...               221.0    AKJCL_2024-07-10
..          ...         ...  ...                 ...                 ...
316        USHL       580.0  ...               575.7     USHL_2024-07-10
317        USLB      1833.0  ...              1797.9     USLB_2024-07-10
318        VLBS      1060.0  ...              1050.0     VLBS_2024-07-10
319       VLUCL       520.0  ...               513.0    VLUCL_2024-07-10
320        WNLB      1550.0  ...              1522.0     WNLB_2024-07-10

[321 rows x 8 columns]
[2024-07-11T06:38:16.966+0000] {taskinstance.py:441} INFO - ::group::Post task execution logs
[2024-07-11T06:38:17.104+0000] {taskinstance.py:1206} INFO - Marking task as SUCCESS. dag_id=market_etl, task_id=create_price_dimension, run_id=scheduled__2024-06-25T06:15:00+00:00, execution_date=20240625T061500, start_date=20240711T063816, end_date=20240711T063817
[2024-07-11T06:38:17.166+0000] {local_task_job_runner.py:240} INFO - Task exited with return code 0
[2024-07-11T06:38:17.251+0000] {taskinstance.py:3503} INFO - 1 downstream tasks scheduled from follow-on schedule check
[2024-07-11T06:38:17.253+0000] {local_task_job_runner.py:222} INFO - ::endgroup::
[2024-07-11T07:10:49.961+0000] {local_task_job_runner.py:120} INFO - ::group::Pre task execution logs
[2024-07-11T07:10:50.011+0000] {taskinstance.py:2076} INFO - Dependencies all met for dep_context=non-requeueable deps ti=<TaskInstance: market_etl.create_price_dimension scheduled__2024-06-25T06:15:00+00:00 [queued]>
[2024-07-11T07:10:50.024+0000] {taskinstance.py:2076} INFO - Dependencies all met for dep_context=requeueable deps ti=<TaskInstance: market_etl.create_price_dimension scheduled__2024-06-25T06:15:00+00:00 [queued]>
[2024-07-11T07:10:50.025+0000] {taskinstance.py:2306} INFO - Starting attempt 1 of 4
[2024-07-11T07:10:50.037+0000] {taskinstance.py:2330} INFO - Executing <Task(_PythonDecoratedOperator): create_price_dimension> on 2024-06-25 06:15:00+00:00
[2024-07-11T07:10:50.113+0000] {warnings.py:112} WARNING - /home/airflow/.local/lib/python3.12/site-packages/airflow/task/task_runner/standard_task_runner.py:61: DeprecationWarning: This process (pid=133) is multi-threaded, use of fork() may lead to deadlocks in the child.
  pid = os.fork()

[2024-07-11T07:10:50.122+0000] {standard_task_runner.py:63} INFO - Started process 137 to run task
[2024-07-11T07:10:50.138+0000] {standard_task_runner.py:90} INFO - Running: ['airflow', 'tasks', 'run', 'market_etl', 'create_price_dimension', 'scheduled__2024-06-25T06:15:00+00:00', '--job-id', '959', '--raw', '--subdir', 'DAGS_FOLDER/etl.py', '--cfg-path', '/tmp/tmpu34bn4qa']
[2024-07-11T07:10:50.155+0000] {standard_task_runner.py:91} INFO - Job 959: Subtask create_price_dimension
[2024-07-11T07:10:50.365+0000] {task_command.py:426} INFO - Running <TaskInstance: market_etl.create_price_dimension scheduled__2024-06-25T06:15:00+00:00 [running]> on host aa283b53dd54
[2024-07-11T07:10:50.742+0000] {taskinstance.py:2648} INFO - Exporting env vars: AIRFLOW_CTX_DAG_OWNER='airflow' AIRFLOW_CTX_DAG_ID='market_etl' AIRFLOW_CTX_TASK_ID='create_price_dimension' AIRFLOW_CTX_EXECUTION_DATE='2024-06-25T06:15:00+00:00' AIRFLOW_CTX_TRY_NUMBER='1' AIRFLOW_CTX_DAG_RUN_ID='scheduled__2024-06-25T06:15:00+00:00'
[2024-07-11T07:10:50.744+0000] {taskinstance.py:430} INFO - ::endgroup::
[2024-07-11T07:10:50.751+0000] {python.py:237} INFO - Done. Returned value was:     SECURITY_ID  OPEN_PRICE  ...  PREVIOUS_DAY_PRICE            PRICE_ID
0          ADBL       283.0  ...               285.2     ADBL_2024-07-10
1       ADBLD83      1118.0  ...              1138.5  ADBLD83_2024-07-10
2           AHL       530.9  ...               521.3      AHL_2024-07-10
3          AHPC       154.0  ...               154.8     AHPC_2024-07-10
4         AKJCL       224.0  ...               221.0    AKJCL_2024-07-10
..          ...         ...  ...                 ...                 ...
316        USHL       580.0  ...               575.7     USHL_2024-07-10
317        USLB      1833.0  ...              1797.9     USLB_2024-07-10
318        VLBS      1060.0  ...              1050.0     VLBS_2024-07-10
319       VLUCL       520.0  ...               513.0    VLUCL_2024-07-10
320        WNLB      1550.0  ...              1522.0     WNLB_2024-07-10

[321 rows x 8 columns]
[2024-07-11T07:10:50.761+0000] {taskinstance.py:441} INFO - ::group::Post task execution logs
[2024-07-11T07:10:50.801+0000] {taskinstance.py:1206} INFO - Marking task as SUCCESS. dag_id=market_etl, task_id=create_price_dimension, run_id=scheduled__2024-06-25T06:15:00+00:00, execution_date=20240625T061500, start_date=20240711T071050, end_date=20240711T071050
[2024-07-11T07:10:50.850+0000] {local_task_job_runner.py:240} INFO - Task exited with return code 0
[2024-07-11T07:10:50.909+0000] {local_task_job_runner.py:222} INFO - ::endgroup::
[2024-07-11T07:34:04.598+0000] {local_task_job_runner.py:120} INFO - ::group::Pre task execution logs
[2024-07-11T07:34:04.614+0000] {taskinstance.py:2076} INFO - Dependencies all met for dep_context=non-requeueable deps ti=<TaskInstance: market_etl.create_price_dimension scheduled__2024-06-25T06:15:00+00:00 [queued]>
[2024-07-11T07:34:04.621+0000] {taskinstance.py:2076} INFO - Dependencies all met for dep_context=requeueable deps ti=<TaskInstance: market_etl.create_price_dimension scheduled__2024-06-25T06:15:00+00:00 [queued]>
[2024-07-11T07:34:04.621+0000] {taskinstance.py:2306} INFO - Starting attempt 1 of 4
[2024-07-11T07:34:04.629+0000] {taskinstance.py:2330} INFO - Executing <Task(_PythonDecoratedOperator): create_price_dimension> on 2024-06-25 06:15:00+00:00
[2024-07-11T07:34:04.638+0000] {warnings.py:112} WARNING - /home/airflow/.local/lib/python3.12/site-packages/airflow/task/task_runner/standard_task_runner.py:61: DeprecationWarning: This process (pid=97) is multi-threaded, use of fork() may lead to deadlocks in the child.
  pid = os.fork()

[2024-07-11T07:34:04.640+0000] {standard_task_runner.py:63} INFO - Started process 101 to run task
[2024-07-11T07:34:04.640+0000] {standard_task_runner.py:90} INFO - Running: ['airflow', 'tasks', 'run', 'market_etl', 'create_price_dimension', 'scheduled__2024-06-25T06:15:00+00:00', '--job-id', '1001', '--raw', '--subdir', 'DAGS_FOLDER/etl.py', '--cfg-path', '/tmp/tmp2c5y7y4t']
[2024-07-11T07:34:04.643+0000] {standard_task_runner.py:91} INFO - Job 1001: Subtask create_price_dimension
[2024-07-11T07:34:04.751+0000] {task_command.py:426} INFO - Running <TaskInstance: market_etl.create_price_dimension scheduled__2024-06-25T06:15:00+00:00 [running]> on host aa283b53dd54
[2024-07-11T07:34:04.978+0000] {taskinstance.py:2648} INFO - Exporting env vars: AIRFLOW_CTX_DAG_OWNER='airflow' AIRFLOW_CTX_DAG_ID='market_etl' AIRFLOW_CTX_TASK_ID='create_price_dimension' AIRFLOW_CTX_EXECUTION_DATE='2024-06-25T06:15:00+00:00' AIRFLOW_CTX_TRY_NUMBER='1' AIRFLOW_CTX_DAG_RUN_ID='scheduled__2024-06-25T06:15:00+00:00'
[2024-07-11T07:34:04.980+0000] {taskinstance.py:430} INFO - ::endgroup::
[2024-07-11T07:34:04.984+0000] {python.py:237} INFO - Done. Returned value was:     SECURITY_ID  OPEN_PRICE  ...  PREVIOUS_DAY_PRICE            PRICE_ID
0          ADBL       283.0  ...               285.2     ADBL_2024-07-10
1       ADBLD83      1118.0  ...              1138.5  ADBLD83_2024-07-10
2           AHL       530.9  ...               521.3      AHL_2024-07-10
3          AHPC       154.0  ...               154.8     AHPC_2024-07-10
4         AKJCL       224.0  ...               221.0    AKJCL_2024-07-10
..          ...         ...  ...                 ...                 ...
316        USHL       580.0  ...               575.7     USHL_2024-07-10
317        USLB      1833.0  ...              1797.9     USLB_2024-07-10
318        VLBS      1060.0  ...              1050.0     VLBS_2024-07-10
319       VLUCL       520.0  ...               513.0    VLUCL_2024-07-10
320        WNLB      1550.0  ...              1522.0     WNLB_2024-07-10

[321 rows x 8 columns]
[2024-07-11T07:34:04.991+0000] {taskinstance.py:441} INFO - ::group::Post task execution logs
[2024-07-11T07:34:05.019+0000] {taskinstance.py:1206} INFO - Marking task as SUCCESS. dag_id=market_etl, task_id=create_price_dimension, run_id=scheduled__2024-06-25T06:15:00+00:00, execution_date=20240625T061500, start_date=20240711T073404, end_date=20240711T073405
[2024-07-11T07:34:05.072+0000] {local_task_job_runner.py:240} INFO - Task exited with return code 0
[2024-07-11T07:34:05.113+0000] {taskinstance.py:3503} INFO - 1 downstream tasks scheduled from follow-on schedule check
[2024-07-11T07:34:05.114+0000] {local_task_job_runner.py:222} INFO - ::endgroup::
