[2024-07-10T10:07:23.773+0000] {local_task_job_runner.py:120} INFO - ::group::Pre task execution logs
[2024-07-10T10:07:23.789+0000] {taskinstance.py:2076} INFO - Dependencies all met for dep_context=non-requeueable deps ti=<TaskInstance: market_etl.create_date_dimension manual__2024-07-10T10:06:44.581370+00:00 [queued]>
[2024-07-10T10:07:23.795+0000] {taskinstance.py:2076} INFO - Dependencies all met for dep_context=requeueable deps ti=<TaskInstance: market_etl.create_date_dimension manual__2024-07-10T10:06:44.581370+00:00 [queued]>
[2024-07-10T10:07:23.796+0000] {taskinstance.py:2306} INFO - Starting attempt 1 of 4
[2024-07-10T10:07:23.805+0000] {taskinstance.py:2330} INFO - Executing <Task(_PythonDecoratedOperator): create_date_dimension> on 2024-07-10 10:06:44.581370+00:00
[2024-07-10T10:07:23.811+0000] {warnings.py:112} WARNING - /home/airflow/.local/lib/python3.12/site-packages/airflow/task/task_runner/standard_task_runner.py:61: DeprecationWarning: This process (pid=140) is multi-threaded, use of fork() may lead to deadlocks in the child.
  pid = os.fork()

[2024-07-10T10:07:23.813+0000] {standard_task_runner.py:63} INFO - Started process 147 to run task
[2024-07-10T10:07:23.813+0000] {standard_task_runner.py:90} INFO - Running: ['airflow', 'tasks', 'run', 'market_etl', 'create_date_dimension', 'manual__2024-07-10T10:06:44.581370+00:00', '--job-id', '693', '--raw', '--subdir', 'DAGS_FOLDER/etl.py', '--cfg-path', '/tmp/tmpth7efwcn']
[2024-07-10T10:07:23.816+0000] {standard_task_runner.py:91} INFO - Job 693: Subtask create_date_dimension
[2024-07-10T10:07:23.875+0000] {task_command.py:426} INFO - Running <TaskInstance: market_etl.create_date_dimension manual__2024-07-10T10:06:44.581370+00:00 [running]> on host 514b016b59c3
[2024-07-10T10:07:24.160+0000] {taskinstance.py:2648} INFO - Exporting env vars: AIRFLOW_CTX_DAG_OWNER='airflow' AIRFLOW_CTX_DAG_ID='market_etl' AIRFLOW_CTX_TASK_ID='create_date_dimension' AIRFLOW_CTX_EXECUTION_DATE='2024-07-10T10:06:44.581370+00:00' AIRFLOW_CTX_TRY_NUMBER='1' AIRFLOW_CTX_DAG_RUN_ID='manual__2024-07-10T10:06:44.581370+00:00'
[2024-07-10T10:07:24.161+0000] {taskinstance.py:430} INFO - ::endgroup::
[2024-07-10T10:07:24.166+0000] {python.py:237} INFO - Done. Returned value was:   BUSINESS_DATE  YEAR  MONTH  WEEK  DAY
0    2024-07-09  2024      7    28    9
[2024-07-10T10:07:24.171+0000] {taskinstance.py:441} INFO - ::group::Post task execution logs
[2024-07-10T10:07:24.210+0000] {taskinstance.py:1206} INFO - Marking task as SUCCESS. dag_id=market_etl, task_id=create_date_dimension, run_id=manual__2024-07-10T10:06:44.581370+00:00, execution_date=20240710T100644, start_date=20240710T100723, end_date=20240710T100724
[2024-07-10T10:07:24.241+0000] {local_task_job_runner.py:240} INFO - Task exited with return code 0
[2024-07-10T10:07:24.265+0000] {taskinstance.py:3503} INFO - 0 downstream tasks scheduled from follow-on schedule check
[2024-07-10T10:07:24.266+0000] {local_task_job_runner.py:222} INFO - ::endgroup::
