[2024-07-06T12:59:59.532+0000] {local_task_job_runner.py:120} INFO - ::group::Pre task execution logs
[2024-07-06T12:59:59.540+0000] {taskinstance.py:2076} INFO - Dependencies all met for dep_context=non-requeueable deps ti=<TaskInstance: market_etl.flatten_market_data manual__2024-07-06T12:59:43.775138+00:00 [queued]>
[2024-07-06T12:59:59.543+0000] {taskinstance.py:2076} INFO - Dependencies all met for dep_context=requeueable deps ti=<TaskInstance: market_etl.flatten_market_data manual__2024-07-06T12:59:43.775138+00:00 [queued]>
[2024-07-06T12:59:59.543+0000] {taskinstance.py:2306} INFO - Starting attempt 1 of 4
[2024-07-06T12:59:59.549+0000] {taskinstance.py:2330} INFO - Executing <Task(_PythonDecoratedOperator): flatten_market_data> on 2024-07-06 12:59:43.775138+00:00
[2024-07-06T12:59:59.554+0000] {warnings.py:112} WARNING - /home/***/.local/lib/python3.12/site-packages/***/task/task_runner/standard_task_runner.py:61: DeprecationWarning: This process (pid=58) is multi-threaded, use of fork() may lead to deadlocks in the child.
  pid = os.fork()

[2024-07-06T12:59:59.555+0000] {standard_task_runner.py:63} INFO - Started process 60 to run task
[2024-07-06T12:59:59.555+0000] {standard_task_runner.py:90} INFO - Running: ['***', 'tasks', 'run', 'market_etl', 'flatten_market_data', 'manual__2024-07-06T12:59:43.775138+00:00', '--job-id', '44', '--raw', '--subdir', 'DAGS_FOLDER/etl.py', '--cfg-path', '/tmp/tmpy_svj5lf']
[2024-07-06T12:59:59.557+0000] {standard_task_runner.py:91} INFO - Job 44: Subtask flatten_market_data
[2024-07-06T12:59:59.579+0000] {task_command.py:426} INFO - Running <TaskInstance: market_etl.flatten_market_data manual__2024-07-06T12:59:43.775138+00:00 [running]> on host 03e268ada1a3
[2024-07-06T12:59:59.640+0000] {taskinstance.py:2648} INFO - Exporting env vars: AIRFLOW_CTX_DAG_OWNER='***' AIRFLOW_CTX_DAG_ID='market_etl' AIRFLOW_CTX_TASK_ID='flatten_market_data' AIRFLOW_CTX_EXECUTION_DATE='2024-07-06T12:59:43.775138+00:00' AIRFLOW_CTX_TRY_NUMBER='1' AIRFLOW_CTX_DAG_RUN_ID='manual__2024-07-06T12:59:43.775138+00:00'
[2024-07-06T12:59:59.641+0000] {taskinstance.py:430} INFO - ::endgroup::
[2024-07-06T12:59:59.651+0000] {python.py:237} INFO - Done. Returned value was:     Symbol  ...  Close_Date
0     ADBL  ...  2024-07-04
1      AHL  ...  2024-07-04
2     AHPC  ...  2024-07-04
3    AKJCL  ...  2024-07-04
4     AKPL  ...  2024-07-04
..     ...  ...         ...
307   USHL  ...  2024-07-04
308   USLB  ...  2024-07-04
309   VLBS  ...  2024-07-04
310  VLUCL  ...  2024-07-04
311   WNLB  ...  2024-07-04

[312 rows x 15 columns]
[2024-07-06T12:59:59.664+0000] {taskinstance.py:441} INFO - ::group::Post task execution logs
[2024-07-06T12:59:59.706+0000] {taskinstance.py:1206} INFO - Marking task as SUCCESS. dag_id=market_etl, task_id=flatten_market_data, run_id=manual__2024-07-06T12:59:43.775138+00:00, execution_date=20240706T125943, start_date=20240706T125959, end_date=20240706T125959
[2024-07-06T12:59:59.744+0000] {local_task_job_runner.py:240} INFO - Task exited with return code 0
[2024-07-06T12:59:59.757+0000] {taskinstance.py:3503} INFO - 1 downstream tasks scheduled from follow-on schedule check
[2024-07-06T12:59:59.758+0000] {local_task_job_runner.py:222} INFO - ::endgroup::
