[2024-07-10T09:18:17.040+0000] {local_task_job_runner.py:120} INFO - ::group::Pre task execution logs
[2024-07-10T09:18:17.086+0000] {taskinstance.py:2076} INFO - Dependencies all met for dep_context=non-requeueable deps ti=<TaskInstance: market_etl.create_fact_table scheduled__2024-07-05T06:15:00+00:00 [queued]>
[2024-07-10T09:18:17.094+0000] {taskinstance.py:2076} INFO - Dependencies all met for dep_context=requeueable deps ti=<TaskInstance: market_etl.create_fact_table scheduled__2024-07-05T06:15:00+00:00 [queued]>
[2024-07-10T09:18:17.095+0000] {taskinstance.py:2306} INFO - Starting attempt 1 of 4
[2024-07-10T09:18:17.106+0000] {taskinstance.py:2330} INFO - Executing <Task(_PythonDecoratedOperator): create_fact_table> on 2024-07-05 06:15:00+00:00
[2024-07-10T09:18:17.115+0000] {warnings.py:112} WARNING - /home/airflow/.local/lib/python3.12/site-packages/airflow/task/task_runner/standard_task_runner.py:61: DeprecationWarning: This process (pid=136) is multi-threaded, use of fork() may lead to deadlocks in the child.
  pid = os.fork()

[2024-07-10T09:18:17.117+0000] {standard_task_runner.py:63} INFO - Started process 143 to run task
[2024-07-10T09:18:17.123+0000] {standard_task_runner.py:90} INFO - Running: ['airflow', 'tasks', 'run', 'market_etl', 'create_fact_table', 'scheduled__2024-07-05T06:15:00+00:00', '--job-id', '376', '--raw', '--subdir', 'DAGS_FOLDER/etl.py', '--cfg-path', '/tmp/tmpkssjkq91']
[2024-07-10T09:18:17.130+0000] {standard_task_runner.py:91} INFO - Job 376: Subtask create_fact_table
[2024-07-10T09:18:17.214+0000] {task_command.py:426} INFO - Running <TaskInstance: market_etl.create_fact_table scheduled__2024-07-05T06:15:00+00:00 [running]> on host 514b016b59c3
[2024-07-10T09:18:17.551+0000] {taskinstance.py:2648} INFO - Exporting env vars: AIRFLOW_CTX_DAG_OWNER='airflow' AIRFLOW_CTX_DAG_ID='market_etl' AIRFLOW_CTX_TASK_ID='create_fact_table' AIRFLOW_CTX_EXECUTION_DATE='2024-07-05T06:15:00+00:00' AIRFLOW_CTX_TRY_NUMBER='1' AIRFLOW_CTX_DAG_RUN_ID='scheduled__2024-07-05T06:15:00+00:00'
[2024-07-10T09:18:17.555+0000] {taskinstance.py:430} INFO - ::endgroup::
[2024-07-10T09:18:17.589+0000] {python.py:237} INFO - Done. Returned value was:     SECURITY_ID BUSINESS_DATE  ...          STOCK_ID                   PRICE_ID
0          ADBL    2024-07-09  ...   ADBL_2024-07-09   ADBL_2024-07-09 00:00:00
1           AHL    2024-07-09  ...    AHL_2024-07-09    AHL_2024-07-09 00:00:00
2          AHPC    2024-07-09  ...   AHPC_2024-07-09   AHPC_2024-07-09 00:00:00
3         AKJCL    2024-07-09  ...  AKJCL_2024-07-09  AKJCL_2024-07-09 00:00:00
4          AKPL    2024-07-09  ...   AKPL_2024-07-09   AKPL_2024-07-09 00:00:00
..          ...           ...  ...               ...                        ...
310        USHL    2024-07-09  ...   USHL_2024-07-09   USHL_2024-07-09 00:00:00
311        USLB    2024-07-09  ...   USLB_2024-07-09   USLB_2024-07-09 00:00:00
312        VLBS    2024-07-09  ...   VLBS_2024-07-09   VLBS_2024-07-09 00:00:00
313       VLUCL    2024-07-09  ...  VLUCL_2024-07-09  VLUCL_2024-07-09 00:00:00
314        WNLB    2024-07-09  ...   WNLB_2024-07-09   WNLB_2024-07-09 00:00:00

[315 rows x 9 columns]
[2024-07-10T09:18:17.616+0000] {taskinstance.py:441} INFO - ::group::Post task execution logs
[2024-07-10T09:18:17.723+0000] {taskinstance.py:1206} INFO - Marking task as SUCCESS. dag_id=market_etl, task_id=create_fact_table, run_id=scheduled__2024-07-05T06:15:00+00:00, execution_date=20240705T061500, start_date=20240710T091817, end_date=20240710T091817
[2024-07-10T09:18:17.764+0000] {local_task_job_runner.py:240} INFO - Task exited with return code 0
[2024-07-10T09:18:17.833+0000] {taskinstance.py:3503} INFO - 0 downstream tasks scheduled from follow-on schedule check
[2024-07-10T09:18:17.837+0000] {local_task_job_runner.py:222} INFO - ::endgroup::
[2024-07-10T14:20:01.532+0000] {local_task_job_runner.py:120} INFO - ::group::Pre task execution logs
[2024-07-10T14:20:01.556+0000] {taskinstance.py:2076} INFO - Dependencies all met for dep_context=non-requeueable deps ti=<TaskInstance: market_etl.create_fact_table scheduled__2024-07-05T06:15:00+00:00 [queued]>
[2024-07-10T14:20:01.563+0000] {taskinstance.py:2076} INFO - Dependencies all met for dep_context=requeueable deps ti=<TaskInstance: market_etl.create_fact_table scheduled__2024-07-05T06:15:00+00:00 [queued]>
[2024-07-10T14:20:01.564+0000] {taskinstance.py:2306} INFO - Starting attempt 1 of 4
[2024-07-10T14:20:01.574+0000] {taskinstance.py:2330} INFO - Executing <Task(_PythonDecoratedOperator): create_fact_table> on 2024-07-05 06:15:00+00:00
[2024-07-10T14:20:01.579+0000] {warnings.py:112} WARNING - /home/airflow/.local/lib/python3.12/site-packages/airflow/task/task_runner/standard_task_runner.py:61: DeprecationWarning: This process (pid=207) is multi-threaded, use of fork() may lead to deadlocks in the child.
  pid = os.fork()

[2024-07-10T14:20:01.580+0000] {standard_task_runner.py:63} INFO - Started process 213 to run task
[2024-07-10T14:20:01.581+0000] {standard_task_runner.py:90} INFO - Running: ['airflow', 'tasks', 'run', 'market_etl', 'create_fact_table', 'scheduled__2024-07-05T06:15:00+00:00', '--job-id', '779', '--raw', '--subdir', 'DAGS_FOLDER/etl.py', '--cfg-path', '/tmp/tmpypleduxw']
[2024-07-10T14:20:01.584+0000] {standard_task_runner.py:91} INFO - Job 779: Subtask create_fact_table
[2024-07-10T14:20:01.651+0000] {task_command.py:426} INFO - Running <TaskInstance: market_etl.create_fact_table scheduled__2024-07-05T06:15:00+00:00 [running]> on host 514b016b59c3
[2024-07-10T14:20:01.886+0000] {taskinstance.py:2648} INFO - Exporting env vars: AIRFLOW_CTX_DAG_OWNER='airflow' AIRFLOW_CTX_DAG_ID='market_etl' AIRFLOW_CTX_TASK_ID='create_fact_table' AIRFLOW_CTX_EXECUTION_DATE='2024-07-05T06:15:00+00:00' AIRFLOW_CTX_TRY_NUMBER='1' AIRFLOW_CTX_DAG_RUN_ID='scheduled__2024-07-05T06:15:00+00:00'
[2024-07-10T14:20:01.887+0000] {taskinstance.py:430} INFO - ::endgroup::
[2024-07-10T14:20:01.893+0000] {python.py:237} INFO - Done. Returned value was:     SECURITY_ID  ...                                           PRICE_ID
0          ADBL  ...  ADBL_<bound method Timestamp.date of Timestamp...
1           AHL  ...  AHL_<bound method Timestamp.date of Timestamp(...
2          AHPC  ...  AHPC_<bound method Timestamp.date of Timestamp...
3         AKJCL  ...  AKJCL_<bound method Timestamp.date of Timestam...
4          AKPL  ...  AKPL_<bound method Timestamp.date of Timestamp...
..          ...  ...                                                ...
310        USHL  ...  USHL_<bound method Timestamp.date of Timestamp...
311        USLB  ...  USLB_<bound method Timestamp.date of Timestamp...
312        VLBS  ...  VLBS_<bound method Timestamp.date of Timestamp...
313       VLUCL  ...  VLUCL_<bound method Timestamp.date of Timestam...
314        WNLB  ...  WNLB_<bound method Timestamp.date of Timestamp...

[315 rows x 9 columns]
[2024-07-10T14:20:01.901+0000] {taskinstance.py:441} INFO - ::group::Post task execution logs
[2024-07-10T14:20:01.934+0000] {taskinstance.py:1206} INFO - Marking task as SUCCESS. dag_id=market_etl, task_id=create_fact_table, run_id=scheduled__2024-07-05T06:15:00+00:00, execution_date=20240705T061500, start_date=20240710T142001, end_date=20240710T142001
[2024-07-10T14:20:01.967+0000] {local_task_job_runner.py:240} INFO - Task exited with return code 0
[2024-07-10T14:20:02.010+0000] {taskinstance.py:3503} INFO - 0 downstream tasks scheduled from follow-on schedule check
[2024-07-10T14:20:02.011+0000] {local_task_job_runner.py:222} INFO - ::endgroup::
[2024-07-11T08:21:29.705+0000] {local_task_job_runner.py:120} INFO - ::group::Pre task execution logs
[2024-07-11T08:21:29.734+0000] {taskinstance.py:2076} INFO - Dependencies all met for dep_context=non-requeueable deps ti=<TaskInstance: market_etl.create_fact_table scheduled__2024-07-05T06:15:00+00:00 [queued]>
[2024-07-11T08:21:29.740+0000] {taskinstance.py:2076} INFO - Dependencies all met for dep_context=requeueable deps ti=<TaskInstance: market_etl.create_fact_table scheduled__2024-07-05T06:15:00+00:00 [queued]>
[2024-07-11T08:21:29.740+0000] {taskinstance.py:2306} INFO - Starting attempt 1 of 4
[2024-07-11T08:21:29.748+0000] {taskinstance.py:2330} INFO - Executing <Task(_PythonDecoratedOperator): create_fact_table> on 2024-07-05 06:15:00+00:00
[2024-07-11T08:21:29.759+0000] {warnings.py:112} WARNING - /home/airflow/.local/lib/python3.12/site-packages/airflow/task/task_runner/standard_task_runner.py:61: DeprecationWarning: This process (pid=1166) is multi-threaded, use of fork() may lead to deadlocks in the child.
  pid = os.fork()

[2024-07-11T08:21:29.760+0000] {standard_task_runner.py:63} INFO - Started process 1170 to run task
[2024-07-11T08:21:29.761+0000] {standard_task_runner.py:90} INFO - Running: ['airflow', 'tasks', 'run', 'market_etl', 'create_fact_table', 'scheduled__2024-07-05T06:15:00+00:00', '--job-id', '1185', '--raw', '--subdir', 'DAGS_FOLDER/etl.py', '--cfg-path', '/tmp/tmpuwr19bz5']
[2024-07-11T08:21:29.763+0000] {standard_task_runner.py:91} INFO - Job 1185: Subtask create_fact_table
[2024-07-11T08:21:29.833+0000] {task_command.py:426} INFO - Running <TaskInstance: market_etl.create_fact_table scheduled__2024-07-05T06:15:00+00:00 [running]> on host aa283b53dd54
[2024-07-11T08:21:30.125+0000] {taskinstance.py:2648} INFO - Exporting env vars: AIRFLOW_CTX_DAG_OWNER='airflow' AIRFLOW_CTX_DAG_ID='market_etl' AIRFLOW_CTX_TASK_ID='create_fact_table' AIRFLOW_CTX_EXECUTION_DATE='2024-07-05T06:15:00+00:00' AIRFLOW_CTX_TRY_NUMBER='1' AIRFLOW_CTX_DAG_RUN_ID='scheduled__2024-07-05T06:15:00+00:00'
[2024-07-11T08:21:30.127+0000] {taskinstance.py:430} INFO - ::endgroup::
[2024-07-11T08:21:30.134+0000] {python.py:237} INFO - Done. Returned value was:     SECURITY_ID BUSINESS_DATE  ...            STOCK_ID            PRICE_ID
0          ADBL    2024-07-10  ...     ADBL_2024-07-10     ADBL_2024-07-10
1       ADBLD83    2024-07-10  ...  ADBLD83_2024-07-10  ADBLD83_2024-07-10
2           AHL    2024-07-10  ...      AHL_2024-07-10      AHL_2024-07-10
3          AHPC    2024-07-10  ...     AHPC_2024-07-10     AHPC_2024-07-10
4         AKJCL    2024-07-10  ...    AKJCL_2024-07-10    AKJCL_2024-07-10
..          ...           ...  ...                 ...                 ...
316        USHL    2024-07-10  ...     USHL_2024-07-10     USHL_2024-07-10
317        USLB    2024-07-10  ...     USLB_2024-07-10     USLB_2024-07-10
318        VLBS    2024-07-10  ...     VLBS_2024-07-10     VLBS_2024-07-10
319       VLUCL    2024-07-10  ...    VLUCL_2024-07-10    VLUCL_2024-07-10
320        WNLB    2024-07-10  ...     WNLB_2024-07-10     WNLB_2024-07-10

[321 rows x 9 columns]
[2024-07-11T08:21:30.142+0000] {taskinstance.py:441} INFO - ::group::Post task execution logs
[2024-07-11T08:21:30.173+0000] {taskinstance.py:1206} INFO - Marking task as SUCCESS. dag_id=market_etl, task_id=create_fact_table, run_id=scheduled__2024-07-05T06:15:00+00:00, execution_date=20240705T061500, start_date=20240711T082129, end_date=20240711T082130
[2024-07-11T08:21:30.190+0000] {local_task_job_runner.py:240} INFO - Task exited with return code 0
[2024-07-11T08:21:30.219+0000] {taskinstance.py:3503} INFO - 0 downstream tasks scheduled from follow-on schedule check
[2024-07-11T08:21:30.220+0000] {local_task_job_runner.py:222} INFO - ::endgroup::
