[2024-07-10T09:13:31.446+0000] {local_task_job_runner.py:120} INFO - ::group::Pre task execution logs
[2024-07-10T09:13:31.484+0000] {taskinstance.py:2076} INFO - Dependencies all met for dep_context=non-requeueable deps ti=<TaskInstance: market_etl.load_data_to_postgres scheduled__2024-06-26T06:15:00+00:00 [queued]>
[2024-07-10T09:13:31.493+0000] {taskinstance.py:2076} INFO - Dependencies all met for dep_context=requeueable deps ti=<TaskInstance: market_etl.load_data_to_postgres scheduled__2024-06-26T06:15:00+00:00 [queued]>
[2024-07-10T09:13:31.493+0000] {taskinstance.py:2306} INFO - Starting attempt 1 of 4
[2024-07-10T09:13:31.503+0000] {taskinstance.py:2330} INFO - Executing <Task(_PythonDecoratedOperator): load_data_to_postgres> on 2024-06-26 06:15:00+00:00
[2024-07-10T09:13:31.513+0000] {warnings.py:112} WARNING - /home/airflow/.local/lib/python3.12/site-packages/airflow/task/task_runner/standard_task_runner.py:61: DeprecationWarning: This process (pid=292) is multi-threaded, use of fork() may lead to deadlocks in the child.
  pid = os.fork()

[2024-07-10T09:13:31.514+0000] {standard_task_runner.py:63} INFO - Started process 294 to run task
[2024-07-10T09:13:31.517+0000] {standard_task_runner.py:90} INFO - Running: ['airflow', 'tasks', 'run', 'market_etl', 'load_data_to_postgres', 'scheduled__2024-06-26T06:15:00+00:00', '--job-id', '306', '--raw', '--subdir', 'DAGS_FOLDER/etl.py', '--cfg-path', '/tmp/tmppwvyjbc9']
[2024-07-10T09:13:31.520+0000] {standard_task_runner.py:91} INFO - Job 306: Subtask load_data_to_postgres
[2024-07-10T09:13:31.592+0000] {task_command.py:426} INFO - Running <TaskInstance: market_etl.load_data_to_postgres scheduled__2024-06-26T06:15:00+00:00 [running]> on host 514b016b59c3
[2024-07-10T09:13:31.897+0000] {taskinstance.py:2648} INFO - Exporting env vars: AIRFLOW_CTX_DAG_OWNER='airflow' AIRFLOW_CTX_DAG_ID='market_etl' AIRFLOW_CTX_TASK_ID='load_data_to_postgres' AIRFLOW_CTX_EXECUTION_DATE='2024-06-26T06:15:00+00:00' AIRFLOW_CTX_TRY_NUMBER='1' AIRFLOW_CTX_DAG_RUN_ID='scheduled__2024-06-26T06:15:00+00:00'
[2024-07-10T09:13:31.899+0000] {taskinstance.py:430} INFO - ::endgroup::
[2024-07-10T09:13:31.912+0000] {base.py:84} INFO - Using connection ID 'market_database_conn' for task execution.
[2024-07-10T09:13:31.991+0000] {python.py:237} INFO - Done. Returned value was: None
[2024-07-10T09:13:31.993+0000] {taskinstance.py:441} INFO - ::group::Post task execution logs
[2024-07-10T09:13:32.008+0000] {taskinstance.py:1206} INFO - Marking task as SUCCESS. dag_id=market_etl, task_id=load_data_to_postgres, run_id=scheduled__2024-06-26T06:15:00+00:00, execution_date=20240626T061500, start_date=20240710T091331, end_date=20240710T091332
[2024-07-10T09:13:32.069+0000] {local_task_job_runner.py:240} INFO - Task exited with return code 0
[2024-07-10T09:13:32.120+0000] {taskinstance.py:3503} INFO - 0 downstream tasks scheduled from follow-on schedule check
[2024-07-10T09:13:32.122+0000] {local_task_job_runner.py:222} INFO - ::endgroup::
[2024-07-10T09:22:40.587+0000] {local_task_job_runner.py:120} INFO - ::group::Pre task execution logs
[2024-07-10T09:22:40.618+0000] {taskinstance.py:2076} INFO - Dependencies all met for dep_context=non-requeueable deps ti=<TaskInstance: market_etl.load_data_to_postgres scheduled__2024-06-26T06:15:00+00:00 [queued]>
[2024-07-10T09:22:40.626+0000] {taskinstance.py:2076} INFO - Dependencies all met for dep_context=requeueable deps ti=<TaskInstance: market_etl.load_data_to_postgres scheduled__2024-06-26T06:15:00+00:00 [queued]>
[2024-07-10T09:22:40.626+0000] {taskinstance.py:2306} INFO - Starting attempt 1 of 4
[2024-07-10T09:22:40.635+0000] {taskinstance.py:2330} INFO - Executing <Task(_PythonDecoratedOperator): load_data_to_postgres> on 2024-06-26 06:15:00+00:00
[2024-07-10T09:22:40.650+0000] {warnings.py:112} WARNING - /home/airflow/.local/lib/python3.12/site-packages/airflow/task/task_runner/standard_task_runner.py:61: DeprecationWarning: This process (pid=298) is multi-threaded, use of fork() may lead to deadlocks in the child.
  pid = os.fork()

[2024-07-10T09:22:40.652+0000] {standard_task_runner.py:63} INFO - Started process 300 to run task
[2024-07-10T09:22:40.653+0000] {standard_task_runner.py:90} INFO - Running: ['airflow', 'tasks', 'run', 'market_etl', 'load_data_to_postgres', 'scheduled__2024-06-26T06:15:00+00:00', '--job-id', '429', '--raw', '--subdir', 'DAGS_FOLDER/etl.py', '--cfg-path', '/tmp/tmp2y9n2lri']
[2024-07-10T09:22:40.656+0000] {standard_task_runner.py:91} INFO - Job 429: Subtask load_data_to_postgres
[2024-07-10T09:22:40.719+0000] {task_command.py:426} INFO - Running <TaskInstance: market_etl.load_data_to_postgres scheduled__2024-06-26T06:15:00+00:00 [running]> on host 514b016b59c3
[2024-07-10T09:22:40.972+0000] {taskinstance.py:2648} INFO - Exporting env vars: AIRFLOW_CTX_DAG_OWNER='airflow' AIRFLOW_CTX_DAG_ID='market_etl' AIRFLOW_CTX_TASK_ID='load_data_to_postgres' AIRFLOW_CTX_EXECUTION_DATE='2024-06-26T06:15:00+00:00' AIRFLOW_CTX_TRY_NUMBER='1' AIRFLOW_CTX_DAG_RUN_ID='scheduled__2024-06-26T06:15:00+00:00'
[2024-07-10T09:22:40.973+0000] {taskinstance.py:430} INFO - ::endgroup::
[2024-07-10T09:22:40.982+0000] {base.py:84} INFO - Using connection ID 'market_database_conn' for task execution.
[2024-07-10T09:22:41.082+0000] {python.py:237} INFO - Done. Returned value was: None
[2024-07-10T09:22:41.084+0000] {taskinstance.py:441} INFO - ::group::Post task execution logs
[2024-07-10T09:22:41.097+0000] {taskinstance.py:1206} INFO - Marking task as SUCCESS. dag_id=market_etl, task_id=load_data_to_postgres, run_id=scheduled__2024-06-26T06:15:00+00:00, execution_date=20240626T061500, start_date=20240710T092240, end_date=20240710T092241
[2024-07-10T09:22:41.127+0000] {local_task_job_runner.py:240} INFO - Task exited with return code 0
[2024-07-10T09:22:41.193+0000] {taskinstance.py:3503} INFO - 0 downstream tasks scheduled from follow-on schedule check
[2024-07-10T09:22:41.206+0000] {local_task_job_runner.py:222} INFO - ::endgroup::
[2024-07-10T09:30:56.442+0000] {local_task_job_runner.py:120} INFO - ::group::Pre task execution logs
[2024-07-10T09:30:56.469+0000] {taskinstance.py:2076} INFO - Dependencies all met for dep_context=non-requeueable deps ti=<TaskInstance: market_etl.load_data_to_postgres scheduled__2024-06-26T06:15:00+00:00 [queued]>
[2024-07-10T09:30:56.475+0000] {taskinstance.py:2076} INFO - Dependencies all met for dep_context=requeueable deps ti=<TaskInstance: market_etl.load_data_to_postgres scheduled__2024-06-26T06:15:00+00:00 [queued]>
[2024-07-10T09:30:56.475+0000] {taskinstance.py:2306} INFO - Starting attempt 1 of 4
[2024-07-10T09:30:56.482+0000] {taskinstance.py:2330} INFO - Executing <Task(_PythonDecoratedOperator): load_data_to_postgres> on 2024-06-26 06:15:00+00:00
[2024-07-10T09:30:56.490+0000] {warnings.py:112} WARNING - /home/airflow/.local/lib/python3.12/site-packages/airflow/task/task_runner/standard_task_runner.py:61: DeprecationWarning: This process (pid=284) is multi-threaded, use of fork() may lead to deadlocks in the child.
  pid = os.fork()

[2024-07-10T09:30:56.491+0000] {standard_task_runner.py:63} INFO - Started process 286 to run task
[2024-07-10T09:30:56.492+0000] {standard_task_runner.py:90} INFO - Running: ['airflow', 'tasks', 'run', 'market_etl', 'load_data_to_postgres', 'scheduled__2024-06-26T06:15:00+00:00', '--job-id', '498', '--raw', '--subdir', 'DAGS_FOLDER/etl.py', '--cfg-path', '/tmp/tmp0av4lpxe']
[2024-07-10T09:30:56.494+0000] {standard_task_runner.py:91} INFO - Job 498: Subtask load_data_to_postgres
[2024-07-10T09:30:56.534+0000] {task_command.py:426} INFO - Running <TaskInstance: market_etl.load_data_to_postgres scheduled__2024-06-26T06:15:00+00:00 [running]> on host 514b016b59c3
[2024-07-10T09:30:56.772+0000] {taskinstance.py:2648} INFO - Exporting env vars: AIRFLOW_CTX_DAG_OWNER='airflow' AIRFLOW_CTX_DAG_ID='market_etl' AIRFLOW_CTX_TASK_ID='load_data_to_postgres' AIRFLOW_CTX_EXECUTION_DATE='2024-06-26T06:15:00+00:00' AIRFLOW_CTX_TRY_NUMBER='1' AIRFLOW_CTX_DAG_RUN_ID='scheduled__2024-06-26T06:15:00+00:00'
[2024-07-10T09:30:56.774+0000] {taskinstance.py:430} INFO - ::endgroup::
[2024-07-10T09:30:56.783+0000] {base.py:84} INFO - Using connection ID 'market_database_conn' for task execution.
[2024-07-10T09:30:56.843+0000] {python.py:237} INFO - Done. Returned value was: None
[2024-07-10T09:30:56.844+0000] {taskinstance.py:441} INFO - ::group::Post task execution logs
[2024-07-10T09:30:56.854+0000] {taskinstance.py:1206} INFO - Marking task as SUCCESS. dag_id=market_etl, task_id=load_data_to_postgres, run_id=scheduled__2024-06-26T06:15:00+00:00, execution_date=20240626T061500, start_date=20240710T093056, end_date=20240710T093056
[2024-07-10T09:30:56.877+0000] {local_task_job_runner.py:240} INFO - Task exited with return code 0
[2024-07-10T09:30:56.898+0000] {taskinstance.py:3503} INFO - 0 downstream tasks scheduled from follow-on schedule check
[2024-07-10T09:30:56.899+0000] {local_task_job_runner.py:222} INFO - ::endgroup::
[2024-07-10T09:52:22.049+0000] {local_task_job_runner.py:120} INFO - ::group::Pre task execution logs
[2024-07-10T09:52:22.065+0000] {taskinstance.py:2076} INFO - Dependencies all met for dep_context=non-requeueable deps ti=<TaskInstance: market_etl.load_data_to_postgres scheduled__2024-06-26T06:15:00+00:00 [queued]>
[2024-07-10T09:52:22.071+0000] {taskinstance.py:2076} INFO - Dependencies all met for dep_context=requeueable deps ti=<TaskInstance: market_etl.load_data_to_postgres scheduled__2024-06-26T06:15:00+00:00 [queued]>
[2024-07-10T09:52:22.071+0000] {taskinstance.py:2306} INFO - Starting attempt 1 of 4
[2024-07-10T09:52:22.079+0000] {taskinstance.py:2330} INFO - Executing <Task(_PythonDecoratedOperator): load_data_to_postgres> on 2024-06-26 06:15:00+00:00
[2024-07-10T09:52:22.090+0000] {warnings.py:112} WARNING - /home/airflow/.local/lib/python3.12/site-packages/airflow/task/task_runner/standard_task_runner.py:61: DeprecationWarning: This process (pid=284) is multi-threaded, use of fork() may lead to deadlocks in the child.
  pid = os.fork()

[2024-07-10T09:52:22.091+0000] {standard_task_runner.py:63} INFO - Started process 293 to run task
[2024-07-10T09:52:22.094+0000] {standard_task_runner.py:90} INFO - Running: ['airflow', 'tasks', 'run', 'market_etl', 'load_data_to_postgres', 'scheduled__2024-06-26T06:15:00+00:00', '--job-id', '555', '--raw', '--subdir', 'DAGS_FOLDER/etl.py', '--cfg-path', '/tmp/tmp67qbmbul']
[2024-07-10T09:52:22.102+0000] {standard_task_runner.py:91} INFO - Job 555: Subtask load_data_to_postgres
[2024-07-10T09:52:22.177+0000] {task_command.py:426} INFO - Running <TaskInstance: market_etl.load_data_to_postgres scheduled__2024-06-26T06:15:00+00:00 [running]> on host 514b016b59c3
[2024-07-10T09:52:22.460+0000] {taskinstance.py:2648} INFO - Exporting env vars: AIRFLOW_CTX_DAG_OWNER='airflow' AIRFLOW_CTX_DAG_ID='market_etl' AIRFLOW_CTX_TASK_ID='load_data_to_postgres' AIRFLOW_CTX_EXECUTION_DATE='2024-06-26T06:15:00+00:00' AIRFLOW_CTX_TRY_NUMBER='1' AIRFLOW_CTX_DAG_RUN_ID='scheduled__2024-06-26T06:15:00+00:00'
[2024-07-10T09:52:22.461+0000] {taskinstance.py:430} INFO - ::endgroup::
[2024-07-10T09:52:22.477+0000] {base.py:84} INFO - Using connection ID 'market_database_conn' for task execution.
[2024-07-10T09:52:22.551+0000] {python.py:237} INFO - Done. Returned value was: None
[2024-07-10T09:52:22.552+0000] {taskinstance.py:441} INFO - ::group::Post task execution logs
[2024-07-10T09:52:22.563+0000] {taskinstance.py:1206} INFO - Marking task as SUCCESS. dag_id=market_etl, task_id=load_data_to_postgres, run_id=scheduled__2024-06-26T06:15:00+00:00, execution_date=20240626T061500, start_date=20240710T095222, end_date=20240710T095222
[2024-07-10T09:52:22.609+0000] {local_task_job_runner.py:240} INFO - Task exited with return code 0
[2024-07-10T09:52:22.643+0000] {taskinstance.py:3503} INFO - 0 downstream tasks scheduled from follow-on schedule check
[2024-07-10T09:52:22.644+0000] {local_task_job_runner.py:222} INFO - ::endgroup::
[2024-07-10T10:02:19.248+0000] {local_task_job_runner.py:120} INFO - ::group::Pre task execution logs
[2024-07-10T10:02:19.265+0000] {taskinstance.py:2076} INFO - Dependencies all met for dep_context=non-requeueable deps ti=<TaskInstance: market_etl.load_data_to_postgres scheduled__2024-06-26T06:15:00+00:00 [queued]>
[2024-07-10T10:02:19.272+0000] {taskinstance.py:2076} INFO - Dependencies all met for dep_context=requeueable deps ti=<TaskInstance: market_etl.load_data_to_postgres scheduled__2024-06-26T06:15:00+00:00 [queued]>
[2024-07-10T10:02:19.272+0000] {taskinstance.py:2306} INFO - Starting attempt 1 of 4
[2024-07-10T10:02:19.282+0000] {taskinstance.py:2330} INFO - Executing <Task(_PythonDecoratedOperator): load_data_to_postgres> on 2024-06-26 06:15:00+00:00
[2024-07-10T10:02:19.289+0000] {warnings.py:112} WARNING - /home/airflow/.local/lib/python3.12/site-packages/airflow/task/task_runner/standard_task_runner.py:61: DeprecationWarning: This process (pid=298) is multi-threaded, use of fork() may lead to deadlocks in the child.
  pid = os.fork()

[2024-07-10T10:02:19.290+0000] {standard_task_runner.py:63} INFO - Started process 300 to run task
[2024-07-10T10:02:19.291+0000] {standard_task_runner.py:90} INFO - Running: ['airflow', 'tasks', 'run', 'market_etl', 'load_data_to_postgres', 'scheduled__2024-06-26T06:15:00+00:00', '--job-id', '641', '--raw', '--subdir', 'DAGS_FOLDER/etl.py', '--cfg-path', '/tmp/tmpacufjks7']
[2024-07-10T10:02:19.293+0000] {standard_task_runner.py:91} INFO - Job 641: Subtask load_data_to_postgres
[2024-07-10T10:02:19.339+0000] {task_command.py:426} INFO - Running <TaskInstance: market_etl.load_data_to_postgres scheduled__2024-06-26T06:15:00+00:00 [running]> on host 514b016b59c3
[2024-07-10T10:02:19.565+0000] {taskinstance.py:2648} INFO - Exporting env vars: AIRFLOW_CTX_DAG_OWNER='airflow' AIRFLOW_CTX_DAG_ID='market_etl' AIRFLOW_CTX_TASK_ID='load_data_to_postgres' AIRFLOW_CTX_EXECUTION_DATE='2024-06-26T06:15:00+00:00' AIRFLOW_CTX_TRY_NUMBER='1' AIRFLOW_CTX_DAG_RUN_ID='scheduled__2024-06-26T06:15:00+00:00'
[2024-07-10T10:02:19.566+0000] {taskinstance.py:430} INFO - ::endgroup::
[2024-07-10T10:02:19.576+0000] {base.py:84} INFO - Using connection ID 'market_database_conn' for task execution.
[2024-07-10T10:02:19.633+0000] {python.py:237} INFO - Done. Returned value was: None
[2024-07-10T10:02:19.633+0000] {taskinstance.py:441} INFO - ::group::Post task execution logs
[2024-07-10T10:02:19.655+0000] {taskinstance.py:1206} INFO - Marking task as SUCCESS. dag_id=market_etl, task_id=load_data_to_postgres, run_id=scheduled__2024-06-26T06:15:00+00:00, execution_date=20240626T061500, start_date=20240710T100219, end_date=20240710T100219
[2024-07-10T10:02:19.683+0000] {local_task_job_runner.py:240} INFO - Task exited with return code 0
[2024-07-10T10:02:19.699+0000] {taskinstance.py:3503} INFO - 0 downstream tasks scheduled from follow-on schedule check
[2024-07-10T10:02:19.700+0000] {local_task_job_runner.py:222} INFO - ::endgroup::
[2024-07-10T10:08:01.680+0000] {local_task_job_runner.py:120} INFO - ::group::Pre task execution logs
[2024-07-10T10:08:01.711+0000] {taskinstance.py:2076} INFO - Dependencies all met for dep_context=non-requeueable deps ti=<TaskInstance: market_etl.load_data_to_postgres scheduled__2024-06-26T06:15:00+00:00 [queued]>
[2024-07-10T10:08:01.737+0000] {taskinstance.py:2076} INFO - Dependencies all met for dep_context=requeueable deps ti=<TaskInstance: market_etl.load_data_to_postgres scheduled__2024-06-26T06:15:00+00:00 [queued]>
[2024-07-10T10:08:01.737+0000] {taskinstance.py:2306} INFO - Starting attempt 1 of 4
[2024-07-10T10:08:01.748+0000] {taskinstance.py:2330} INFO - Executing <Task(_PythonDecoratedOperator): load_data_to_postgres> on 2024-06-26 06:15:00+00:00
[2024-07-10T10:08:01.770+0000] {warnings.py:112} WARNING - /home/airflow/.local/lib/python3.12/site-packages/airflow/task/task_runner/standard_task_runner.py:61: DeprecationWarning: This process (pid=284) is multi-threaded, use of fork() may lead to deadlocks in the child.
  pid = os.fork()

[2024-07-10T10:08:01.773+0000] {standard_task_runner.py:63} INFO - Started process 293 to run task
[2024-07-10T10:08:01.774+0000] {standard_task_runner.py:90} INFO - Running: ['airflow', 'tasks', 'run', 'market_etl', 'load_data_to_postgres', 'scheduled__2024-06-26T06:15:00+00:00', '--job-id', '704', '--raw', '--subdir', 'DAGS_FOLDER/etl.py', '--cfg-path', '/tmp/tmpei1tju09']
[2024-07-10T10:08:01.780+0000] {standard_task_runner.py:91} INFO - Job 704: Subtask load_data_to_postgres
[2024-07-10T10:08:01.999+0000] {task_command.py:426} INFO - Running <TaskInstance: market_etl.load_data_to_postgres scheduled__2024-06-26T06:15:00+00:00 [running]> on host 514b016b59c3
[2024-07-10T10:08:02.673+0000] {taskinstance.py:2648} INFO - Exporting env vars: AIRFLOW_CTX_DAG_OWNER='airflow' AIRFLOW_CTX_DAG_ID='market_etl' AIRFLOW_CTX_TASK_ID='load_data_to_postgres' AIRFLOW_CTX_EXECUTION_DATE='2024-06-26T06:15:00+00:00' AIRFLOW_CTX_TRY_NUMBER='1' AIRFLOW_CTX_DAG_RUN_ID='scheduled__2024-06-26T06:15:00+00:00'
[2024-07-10T10:08:02.676+0000] {taskinstance.py:430} INFO - ::endgroup::
[2024-07-10T10:08:02.708+0000] {base.py:84} INFO - Using connection ID 'market_database_conn' for task execution.
[2024-07-10T10:08:02.917+0000] {python.py:237} INFO - Done. Returned value was: None
[2024-07-10T10:08:02.919+0000] {taskinstance.py:441} INFO - ::group::Post task execution logs
[2024-07-10T10:08:02.952+0000] {taskinstance.py:1206} INFO - Marking task as SUCCESS. dag_id=market_etl, task_id=load_data_to_postgres, run_id=scheduled__2024-06-26T06:15:00+00:00, execution_date=20240626T061500, start_date=20240710T100801, end_date=20240710T100802
[2024-07-10T10:08:03.053+0000] {local_task_job_runner.py:240} INFO - Task exited with return code 0
[2024-07-10T10:08:03.191+0000] {taskinstance.py:3503} INFO - 0 downstream tasks scheduled from follow-on schedule check
[2024-07-10T10:08:03.193+0000] {local_task_job_runner.py:222} INFO - ::endgroup::
[2024-07-11T06:52:29.805+0000] {local_task_job_runner.py:120} INFO - ::group::Pre task execution logs
[2024-07-11T06:52:29.837+0000] {taskinstance.py:2076} INFO - Dependencies all met for dep_context=non-requeueable deps ti=<TaskInstance: market_etl.load_data_to_postgres scheduled__2024-06-26T06:15:00+00:00 [queued]>
[2024-07-11T06:52:29.845+0000] {taskinstance.py:2076} INFO - Dependencies all met for dep_context=requeueable deps ti=<TaskInstance: market_etl.load_data_to_postgres scheduled__2024-06-26T06:15:00+00:00 [queued]>
[2024-07-11T06:52:29.845+0000] {taskinstance.py:2306} INFO - Starting attempt 1 of 4
[2024-07-11T06:52:29.856+0000] {taskinstance.py:2330} INFO - Executing <Task(_PythonDecoratedOperator): load_data_to_postgres> on 2024-06-26 06:15:00+00:00
[2024-07-11T06:52:29.871+0000] {warnings.py:112} WARNING - /home/airflow/.local/lib/python3.12/site-packages/airflow/task/task_runner/standard_task_runner.py:61: DeprecationWarning: This process (pid=136) is multi-threaded, use of fork() may lead to deadlocks in the child.
  pid = os.fork()

[2024-07-11T06:52:29.872+0000] {standard_task_runner.py:63} INFO - Started process 138 to run task
[2024-07-11T06:52:29.873+0000] {standard_task_runner.py:90} INFO - Running: ['airflow', 'tasks', 'run', 'market_etl', 'load_data_to_postgres', 'scheduled__2024-06-26T06:15:00+00:00', '--job-id', '927', '--raw', '--subdir', 'DAGS_FOLDER/etl.py', '--cfg-path', '/tmp/tmpyndk4ynm']
[2024-07-11T06:52:29.876+0000] {standard_task_runner.py:91} INFO - Job 927: Subtask load_data_to_postgres
[2024-07-11T06:52:29.930+0000] {task_command.py:426} INFO - Running <TaskInstance: market_etl.load_data_to_postgres scheduled__2024-06-26T06:15:00+00:00 [running]> on host aa283b53dd54
[2024-07-11T06:52:30.237+0000] {taskinstance.py:2648} INFO - Exporting env vars: AIRFLOW_CTX_DAG_OWNER='airflow' AIRFLOW_CTX_DAG_ID='market_etl' AIRFLOW_CTX_TASK_ID='load_data_to_postgres' AIRFLOW_CTX_EXECUTION_DATE='2024-06-26T06:15:00+00:00' AIRFLOW_CTX_TRY_NUMBER='1' AIRFLOW_CTX_DAG_RUN_ID='scheduled__2024-06-26T06:15:00+00:00'
[2024-07-11T06:52:30.239+0000] {taskinstance.py:430} INFO - ::endgroup::
[2024-07-11T06:52:30.251+0000] {base.py:84} INFO - Using connection ID 'market_database_conn' for task execution.
[2024-07-11T06:52:30.325+0000] {python.py:237} INFO - Done. Returned value was: None
[2024-07-11T06:52:30.326+0000] {taskinstance.py:441} INFO - ::group::Post task execution logs
[2024-07-11T06:52:30.336+0000] {taskinstance.py:1206} INFO - Marking task as SUCCESS. dag_id=market_etl, task_id=load_data_to_postgres, run_id=scheduled__2024-06-26T06:15:00+00:00, execution_date=20240626T061500, start_date=20240711T065229, end_date=20240711T065230
[2024-07-11T06:52:30.388+0000] {local_task_job_runner.py:240} INFO - Task exited with return code 0
[2024-07-11T06:52:30.409+0000] {taskinstance.py:3503} INFO - 4 downstream tasks scheduled from follow-on schedule check
[2024-07-11T06:52:30.410+0000] {local_task_job_runner.py:222} INFO - ::endgroup::
[2024-07-11T07:58:58.916+0000] {local_task_job_runner.py:120} INFO - ::group::Pre task execution logs
[2024-07-11T07:58:58.932+0000] {taskinstance.py:2076} INFO - Dependencies all met for dep_context=non-requeueable deps ti=<TaskInstance: market_etl.load_data_to_postgres scheduled__2024-06-26T06:15:00+00:00 [queued]>
[2024-07-11T07:58:58.939+0000] {taskinstance.py:2076} INFO - Dependencies all met for dep_context=requeueable deps ti=<TaskInstance: market_etl.load_data_to_postgres scheduled__2024-06-26T06:15:00+00:00 [queued]>
[2024-07-11T07:58:58.939+0000] {taskinstance.py:2306} INFO - Starting attempt 1 of 4
[2024-07-11T07:58:58.947+0000] {taskinstance.py:2330} INFO - Executing <Task(_PythonDecoratedOperator): load_data_to_postgres> on 2024-06-26 06:15:00+00:00
[2024-07-11T07:58:58.954+0000] {warnings.py:112} WARNING - /home/airflow/.local/lib/python3.12/site-packages/airflow/task/task_runner/standard_task_runner.py:61: DeprecationWarning: This process (pid=1054) is multi-threaded, use of fork() may lead to deadlocks in the child.
  pid = os.fork()

[2024-07-11T07:58:58.955+0000] {standard_task_runner.py:63} INFO - Started process 1056 to run task
[2024-07-11T07:58:58.956+0000] {standard_task_runner.py:90} INFO - Running: ['airflow', 'tasks', 'run', 'market_etl', 'load_data_to_postgres', 'scheduled__2024-06-26T06:15:00+00:00', '--job-id', '1055', '--raw', '--subdir', 'DAGS_FOLDER/etl.py', '--cfg-path', '/tmp/tmpbgq7oif5']
[2024-07-11T07:58:58.958+0000] {standard_task_runner.py:91} INFO - Job 1055: Subtask load_data_to_postgres
[2024-07-11T07:58:59.031+0000] {task_command.py:426} INFO - Running <TaskInstance: market_etl.load_data_to_postgres scheduled__2024-06-26T06:15:00+00:00 [running]> on host aa283b53dd54
[2024-07-11T07:58:59.236+0000] {taskinstance.py:2648} INFO - Exporting env vars: AIRFLOW_CTX_DAG_OWNER='airflow' AIRFLOW_CTX_DAG_ID='market_etl' AIRFLOW_CTX_TASK_ID='load_data_to_postgres' AIRFLOW_CTX_EXECUTION_DATE='2024-06-26T06:15:00+00:00' AIRFLOW_CTX_TRY_NUMBER='1' AIRFLOW_CTX_DAG_RUN_ID='scheduled__2024-06-26T06:15:00+00:00'
[2024-07-11T07:58:59.237+0000] {taskinstance.py:430} INFO - ::endgroup::
[2024-07-11T07:58:59.248+0000] {base.py:84} INFO - Using connection ID 'market_database_conn' for task execution.
[2024-07-11T07:58:59.318+0000] {python.py:237} INFO - Done. Returned value was: None
[2024-07-11T07:58:59.319+0000] {taskinstance.py:441} INFO - ::group::Post task execution logs
[2024-07-11T07:58:59.332+0000] {taskinstance.py:1206} INFO - Marking task as SUCCESS. dag_id=market_etl, task_id=load_data_to_postgres, run_id=scheduled__2024-06-26T06:15:00+00:00, execution_date=20240626T061500, start_date=20240711T075858, end_date=20240711T075859
[2024-07-11T07:58:59.382+0000] {local_task_job_runner.py:240} INFO - Task exited with return code 0
[2024-07-11T07:58:59.416+0000] {taskinstance.py:3503} INFO - 4 downstream tasks scheduled from follow-on schedule check
[2024-07-11T07:58:59.418+0000] {local_task_job_runner.py:222} INFO - ::endgroup::
