[2024-07-09T08:45:55.492+0000] {local_task_job_runner.py:120} INFO - ::group::Pre task execution logs
[2024-07-09T08:45:55.507+0000] {taskinstance.py:2076} INFO - Dependencies all met for dep_context=non-requeueable deps ti=<TaskInstance: market_etl.load_data_to_postgres scheduled__2024-07-06T00:00:00+00:00 [queued]>
[2024-07-09T08:45:55.512+0000] {taskinstance.py:2076} INFO - Dependencies all met for dep_context=requeueable deps ti=<TaskInstance: market_etl.load_data_to_postgres scheduled__2024-07-06T00:00:00+00:00 [queued]>
[2024-07-09T08:45:55.512+0000] {taskinstance.py:2306} INFO - Starting attempt 1 of 4
[2024-07-09T08:45:55.520+0000] {taskinstance.py:2330} INFO - Executing <Task(_PythonDecoratedOperator): load_data_to_postgres> on 2024-07-06 00:00:00+00:00
[2024-07-09T08:45:55.525+0000] {warnings.py:112} WARNING - /home/airflow/.local/lib/python3.12/site-packages/airflow/task/task_runner/standard_task_runner.py:61: DeprecationWarning: This process (pid=965) is multi-threaded, use of fork() may lead to deadlocks in the child.
  pid = os.fork()

[2024-07-09T08:45:55.526+0000] {standard_task_runner.py:63} INFO - Started process 967 to run task
[2024-07-09T08:45:55.527+0000] {standard_task_runner.py:90} INFO - Running: ['airflow', 'tasks', 'run', 'market_etl', 'load_data_to_postgres', 'scheduled__2024-07-06T00:00:00+00:00', '--job-id', '186', '--raw', '--subdir', 'DAGS_FOLDER/etl.py', '--cfg-path', '/tmp/tmpe4eupxkq']
[2024-07-09T08:45:55.529+0000] {standard_task_runner.py:91} INFO - Job 186: Subtask load_data_to_postgres
[2024-07-09T08:45:55.596+0000] {task_command.py:426} INFO - Running <TaskInstance: market_etl.load_data_to_postgres scheduled__2024-07-06T00:00:00+00:00 [running]> on host 7aa01bd35230
[2024-07-09T08:45:55.853+0000] {taskinstance.py:2648} INFO - Exporting env vars: AIRFLOW_CTX_DAG_OWNER='airflow' AIRFLOW_CTX_DAG_ID='market_etl' AIRFLOW_CTX_TASK_ID='load_data_to_postgres' AIRFLOW_CTX_EXECUTION_DATE='2024-07-06T00:00:00+00:00' AIRFLOW_CTX_TRY_NUMBER='1' AIRFLOW_CTX_DAG_RUN_ID='scheduled__2024-07-06T00:00:00+00:00'
[2024-07-09T08:45:55.854+0000] {taskinstance.py:430} INFO - ::endgroup::
[2024-07-09T08:45:55.864+0000] {base.py:84} INFO - Using connection ID 'market_database_conn' for task execution.
[2024-07-09T08:45:55.930+0000] {python.py:237} INFO - Done. Returned value was: None
[2024-07-09T08:45:55.931+0000] {taskinstance.py:441} INFO - ::group::Post task execution logs
[2024-07-09T08:45:55.939+0000] {taskinstance.py:1206} INFO - Marking task as SUCCESS. dag_id=market_etl, task_id=load_data_to_postgres, run_id=scheduled__2024-07-06T00:00:00+00:00, execution_date=20240706T000000, start_date=20240709T084555, end_date=20240709T084555
[2024-07-09T08:45:55.963+0000] {local_task_job_runner.py:240} INFO - Task exited with return code 0
[2024-07-09T08:45:55.991+0000] {taskinstance.py:3503} INFO - 0 downstream tasks scheduled from follow-on schedule check
[2024-07-09T08:45:55.992+0000] {local_task_job_runner.py:222} INFO - ::endgroup::
