[2024-07-10T06:15:24.959+0000] {local_task_job_runner.py:120} INFO - ::group::Pre task execution logs
[2024-07-10T06:15:24.972+0000] {taskinstance.py:2076} INFO - Dependencies all met for dep_context=non-requeueable deps ti=<TaskInstance: market_etl.load_data_to_postgres scheduled__2024-07-09T06:15:00+00:00 [queued]>
[2024-07-10T06:15:24.977+0000] {taskinstance.py:2076} INFO - Dependencies all met for dep_context=requeueable deps ti=<TaskInstance: market_etl.load_data_to_postgres scheduled__2024-07-09T06:15:00+00:00 [queued]>
[2024-07-10T06:15:24.978+0000] {taskinstance.py:2306} INFO - Starting attempt 1 of 4
[2024-07-10T06:15:24.985+0000] {taskinstance.py:2330} INFO - Executing <Task(_PythonDecoratedOperator): load_data_to_postgres> on 2024-07-09 06:15:00+00:00
[2024-07-10T06:15:24.992+0000] {warnings.py:112} WARNING - /home/airflow/.local/lib/python3.12/site-packages/airflow/task/task_runner/standard_task_runner.py:61: DeprecationWarning: This process (pid=1570) is multi-threaded, use of fork() may lead to deadlocks in the child.
  pid = os.fork()

[2024-07-10T06:15:24.993+0000] {standard_task_runner.py:63} INFO - Started process 1572 to run task
[2024-07-10T06:15:24.993+0000] {standard_task_runner.py:90} INFO - Running: ['airflow', 'tasks', 'run', 'market_etl', 'load_data_to_postgres', 'scheduled__2024-07-09T06:15:00+00:00', '--job-id', '234', '--raw', '--subdir', 'DAGS_FOLDER/etl.py', '--cfg-path', '/tmp/tmpimb9qyk8']
[2024-07-10T06:15:24.995+0000] {standard_task_runner.py:91} INFO - Job 234: Subtask load_data_to_postgres
[2024-07-10T06:15:25.037+0000] {task_command.py:426} INFO - Running <TaskInstance: market_etl.load_data_to_postgres scheduled__2024-07-09T06:15:00+00:00 [running]> on host 72ddc95a1902
[2024-07-10T06:15:25.243+0000] {taskinstance.py:2648} INFO - Exporting env vars: AIRFLOW_CTX_DAG_OWNER='airflow' AIRFLOW_CTX_DAG_ID='market_etl' AIRFLOW_CTX_TASK_ID='load_data_to_postgres' AIRFLOW_CTX_EXECUTION_DATE='2024-07-09T06:15:00+00:00' AIRFLOW_CTX_TRY_NUMBER='1' AIRFLOW_CTX_DAG_RUN_ID='scheduled__2024-07-09T06:15:00+00:00'
[2024-07-10T06:15:25.245+0000] {taskinstance.py:430} INFO - ::endgroup::
[2024-07-10T06:15:25.259+0000] {base.py:84} INFO - Using connection ID 'market_database_conn' for task execution.
[2024-07-10T06:15:25.330+0000] {python.py:237} INFO - Done. Returned value was: None
[2024-07-10T06:15:25.331+0000] {taskinstance.py:441} INFO - ::group::Post task execution logs
[2024-07-10T06:15:25.354+0000] {taskinstance.py:1206} INFO - Marking task as SUCCESS. dag_id=market_etl, task_id=load_data_to_postgres, run_id=scheduled__2024-07-09T06:15:00+00:00, execution_date=20240709T061500, start_date=20240710T061524, end_date=20240710T061525
[2024-07-10T06:15:25.386+0000] {local_task_job_runner.py:240} INFO - Task exited with return code 0
[2024-07-10T06:15:25.402+0000] {taskinstance.py:3503} INFO - 0 downstream tasks scheduled from follow-on schedule check
[2024-07-10T06:15:25.403+0000] {local_task_job_runner.py:222} INFO - ::endgroup::
[2024-07-10T14:21:33.902+0000] {local_task_job_runner.py:120} INFO - ::group::Pre task execution logs
[2024-07-10T14:21:33.918+0000] {taskinstance.py:2076} INFO - Dependencies all met for dep_context=non-requeueable deps ti=<TaskInstance: market_etl.load_data_to_postgres scheduled__2024-07-09T06:15:00+00:00 [queued]>
[2024-07-10T14:21:33.925+0000] {taskinstance.py:2076} INFO - Dependencies all met for dep_context=requeueable deps ti=<TaskInstance: market_etl.load_data_to_postgres scheduled__2024-07-09T06:15:00+00:00 [queued]>
[2024-07-10T14:21:33.925+0000] {taskinstance.py:2306} INFO - Starting attempt 1 of 4
[2024-07-10T14:21:33.933+0000] {taskinstance.py:2330} INFO - Executing <Task(_PythonDecoratedOperator): load_data_to_postgres> on 2024-07-09 06:15:00+00:00
[2024-07-10T14:21:33.937+0000] {warnings.py:112} WARNING - /home/airflow/.local/lib/python3.12/site-packages/airflow/task/task_runner/standard_task_runner.py:61: DeprecationWarning: This process (pid=600) is multi-threaded, use of fork() may lead to deadlocks in the child.
  pid = os.fork()

[2024-07-10T14:21:33.938+0000] {standard_task_runner.py:63} INFO - Started process 602 to run task
[2024-07-10T14:21:33.939+0000] {standard_task_runner.py:90} INFO - Running: ['airflow', 'tasks', 'run', 'market_etl', 'load_data_to_postgres', 'scheduled__2024-07-09T06:15:00+00:00', '--job-id', '816', '--raw', '--subdir', 'DAGS_FOLDER/etl.py', '--cfg-path', '/tmp/tmpfc2krq46']
[2024-07-10T14:21:33.941+0000] {standard_task_runner.py:91} INFO - Job 816: Subtask load_data_to_postgres
[2024-07-10T14:21:34.001+0000] {task_command.py:426} INFO - Running <TaskInstance: market_etl.load_data_to_postgres scheduled__2024-07-09T06:15:00+00:00 [running]> on host 514b016b59c3
[2024-07-10T14:21:34.205+0000] {taskinstance.py:2648} INFO - Exporting env vars: AIRFLOW_CTX_DAG_OWNER='airflow' AIRFLOW_CTX_DAG_ID='market_etl' AIRFLOW_CTX_TASK_ID='load_data_to_postgres' AIRFLOW_CTX_EXECUTION_DATE='2024-07-09T06:15:00+00:00' AIRFLOW_CTX_TRY_NUMBER='1' AIRFLOW_CTX_DAG_RUN_ID='scheduled__2024-07-09T06:15:00+00:00'
[2024-07-10T14:21:34.206+0000] {taskinstance.py:430} INFO - ::endgroup::
[2024-07-10T14:21:34.216+0000] {base.py:84} INFO - Using connection ID 'market_database_conn' for task execution.
[2024-07-10T14:21:34.281+0000] {python.py:237} INFO - Done. Returned value was: None
[2024-07-10T14:21:34.282+0000] {taskinstance.py:441} INFO - ::group::Post task execution logs
[2024-07-10T14:21:34.291+0000] {taskinstance.py:1206} INFO - Marking task as SUCCESS. dag_id=market_etl, task_id=load_data_to_postgres, run_id=scheduled__2024-07-09T06:15:00+00:00, execution_date=20240709T061500, start_date=20240710T142133, end_date=20240710T142134
[2024-07-10T14:21:34.332+0000] {local_task_job_runner.py:240} INFO - Task exited with return code 0
[2024-07-10T14:21:34.346+0000] {taskinstance.py:3503} INFO - 0 downstream tasks scheduled from follow-on schedule check
[2024-07-10T14:21:34.347+0000] {local_task_job_runner.py:222} INFO - ::endgroup::
[2024-07-11T08:23:30.679+0000] {local_task_job_runner.py:120} INFO - ::group::Pre task execution logs
[2024-07-11T08:23:30.695+0000] {taskinstance.py:2076} INFO - Dependencies all met for dep_context=non-requeueable deps ti=<TaskInstance: market_etl.load_data_to_postgres scheduled__2024-07-09T06:15:00+00:00 [queued]>
[2024-07-11T08:23:30.701+0000] {taskinstance.py:2076} INFO - Dependencies all met for dep_context=requeueable deps ti=<TaskInstance: market_etl.load_data_to_postgres scheduled__2024-07-09T06:15:00+00:00 [queued]>
[2024-07-11T08:23:30.701+0000] {taskinstance.py:2306} INFO - Starting attempt 1 of 4
[2024-07-11T08:23:30.709+0000] {taskinstance.py:2330} INFO - Executing <Task(_PythonDecoratedOperator): load_data_to_postgres> on 2024-07-09 06:15:00+00:00
[2024-07-11T08:23:30.716+0000] {warnings.py:112} WARNING - /home/airflow/.local/lib/python3.12/site-packages/airflow/task/task_runner/standard_task_runner.py:61: DeprecationWarning: This process (pid=1776) is multi-threaded, use of fork() may lead to deadlocks in the child.
  pid = os.fork()

[2024-07-11T08:23:30.717+0000] {standard_task_runner.py:63} INFO - Started process 1778 to run task
[2024-07-11T08:23:30.718+0000] {standard_task_runner.py:90} INFO - Running: ['airflow', 'tasks', 'run', 'market_etl', 'load_data_to_postgres', 'scheduled__2024-07-09T06:15:00+00:00', '--job-id', '1237', '--raw', '--subdir', 'DAGS_FOLDER/etl.py', '--cfg-path', '/tmp/tmpp96ev549']
[2024-07-11T08:23:30.720+0000] {standard_task_runner.py:91} INFO - Job 1237: Subtask load_data_to_postgres
[2024-07-11T08:23:30.796+0000] {task_command.py:426} INFO - Running <TaskInstance: market_etl.load_data_to_postgres scheduled__2024-07-09T06:15:00+00:00 [running]> on host aa283b53dd54
[2024-07-11T08:23:31.027+0000] {taskinstance.py:2648} INFO - Exporting env vars: AIRFLOW_CTX_DAG_OWNER='airflow' AIRFLOW_CTX_DAG_ID='market_etl' AIRFLOW_CTX_TASK_ID='load_data_to_postgres' AIRFLOW_CTX_EXECUTION_DATE='2024-07-09T06:15:00+00:00' AIRFLOW_CTX_TRY_NUMBER='1' AIRFLOW_CTX_DAG_RUN_ID='scheduled__2024-07-09T06:15:00+00:00'
[2024-07-11T08:23:31.028+0000] {taskinstance.py:430} INFO - ::endgroup::
[2024-07-11T08:23:31.063+0000] {base.py:84} INFO - Using connection ID 'market_database_conn' for task execution.
[2024-07-11T08:23:31.127+0000] {python.py:237} INFO - Done. Returned value was: None
[2024-07-11T08:23:31.128+0000] {taskinstance.py:441} INFO - ::group::Post task execution logs
[2024-07-11T08:23:31.138+0000] {taskinstance.py:1206} INFO - Marking task as SUCCESS. dag_id=market_etl, task_id=load_data_to_postgres, run_id=scheduled__2024-07-09T06:15:00+00:00, execution_date=20240709T061500, start_date=20240711T082330, end_date=20240711T082331
[2024-07-11T08:23:31.198+0000] {local_task_job_runner.py:240} INFO - Task exited with return code 0
[2024-07-11T08:23:31.237+0000] {taskinstance.py:3503} INFO - 4 downstream tasks scheduled from follow-on schedule check
[2024-07-11T08:23:31.238+0000] {local_task_job_runner.py:222} INFO - ::endgroup::
